<?xml version="1.0" encoding="utf-8"?>
<TestRun id="a01c99b8-1d7b-45c8-a8cb-a58fd0dbcf4b" name="@mac 2025-09-11 20:01:42" xmlns="http://microsoft.com/schemas/VisualStudio/TeamTest/2010">
  <Times creation="2025-09-11T20:01:42.1749250-05:00" queuing="2025-09-11T20:01:42.1749250-05:00" start="2025-09-11T20:01:40.8894700-05:00" finish="2025-09-11T20:01:42.1778300-05:00" />
  <TestSettings name="default" id="bc03c6fd-01be-4053-9f8e-0c776a48e40c">
    <Deployment runDeploymentRoot="_mac_2025-09-11_20_01_42" />
  </TestSettings>
  <Results>
    <UnitTestResult executionId="98002c82-9888-4d48-b578-15caa4fed29c" testId="03cb9965-4934-50d0-65d4-2c790e264e80" testName="Appostolic.Api.Tests.E2E.AgentTasksE2E_List.Inbox_List_Orders_By_CreatedAt_Desc_And_Pages" computerName="mac" duration="00:00:00.8470436" startTime="2025-09-11T20:01:42.1174900-05:00" endTime="2025-09-11T20:01:42.1175020-05:00" testType="13cdc9d9-ddb5-4fa4-a97d-d965ccfc6d4b" outcome="Passed" testListId="8c84fa94-04c1-424b-9868-57a2d4851a1d" relativeResultsDirectory="98002c82-9888-4d48-b578-15caa4fed29c" />
  </Results>
  <TestDefinitions>
    <UnitTest name="Appostolic.Api.Tests.E2E.AgentTasksE2E_List.Inbox_List_Orders_By_CreatedAt_Desc_And_Pages" storage="/users/kevinmccreary/appostolic/apps/api.tests/bin/debug/net8.0/appostolic.api.tests.dll" id="03cb9965-4934-50d0-65d4-2c790e264e80">
      <Execution id="98002c82-9888-4d48-b578-15caa4fed29c" />
      <TestMethod codeBase="/Users/kevinmccreary/appostolic/apps/api.tests/bin/Debug/net8.0/Appostolic.Api.Tests.dll" adapterTypeName="executor://xunit/VsTestRunner2/netcoreapp" className="Appostolic.Api.Tests.E2E.AgentTasksE2E_List" name="Inbox_List_Orders_By_CreatedAt_Desc_And_Pages" />
    </UnitTest>
  </TestDefinitions>
  <TestEntries>
    <TestEntry testId="03cb9965-4934-50d0-65d4-2c790e264e80" executionId="98002c82-9888-4d48-b578-15caa4fed29c" testListId="8c84fa94-04c1-424b-9868-57a2d4851a1d" />
  </TestEntries>
  <TestLists>
    <TestList name="Results Not in a List" id="8c84fa94-04c1-424b-9868-57a2d4851a1d" />
    <TestList name="All Loaded Results" id="19431567-8539-422a-85d7-44ee4e166bda" />
  </TestLists>
  <ResultSummary outcome="Completed">
    <Counters total="1" executed="1" passed="1" failed="0" error="0" timeout="0" aborted="0" inconclusive="0" passedButRunAborted="0" notRunnable="0" notExecuted="0" disconnected="0" warning="0" completed="0" inProgress="0" pending="0" />
    <Output>
      <StdOut>[xUnit.net 00:00:00.00] xUnit.net VSTest Adapter v2.8.1+ce9211e970 (64-bit .NET 8.0.1)
[xUnit.net 00:00:00.04]   Discovering: Appostolic.Api.Tests
[xUnit.net 00:00:00.07]   Discovered:  Appostolic.Api.Tests
[xUnit.net 00:00:00.07]   Starting:    Appostolic.Api.Tests
[xUnit.net 00:00:00.94]   Finished:    Appostolic.Api.Tests
</StdOut>
    </Output>
  </ResultSummary>
</TestRun>