<?xml version="1.0" encoding="utf-8"?>
<TestRun id="c8ef60c2-b579-4a8c-a353-552157f60621" name="@mac 2025-09-11 20:03:27" xmlns="http://microsoft.com/schemas/VisualStudio/TeamTest/2010">
  <Times creation="2025-09-11T20:03:27.2597500-05:00" queuing="2025-09-11T20:03:27.2597500-05:00" start="2025-09-11T20:03:26.0540820-05:00" finish="2025-09-11T20:03:27.2630820-05:00" />
  <TestSettings name="default" id="8dfb1640-4c66-4086-8734-7d2dad19b25f">
    <Deployment runDeploymentRoot="_mac_2025-09-11_20_03_27" />
  </TestSettings>
  <Results>
    <UnitTestResult executionId="61827702-70d9-4dc3-ad69-4833983de933" testId="c64a9991-8173-cdf8-9198-d5935257f1a8" testName="Appostolic.Api.Tests.E2E.AgentTasksE2E_Concurrency.Worker_Processes_Many_Tasks_Reliably" computerName="mac" duration="00:00:00.8142215" startTime="2025-09-11T20:03:27.2033510-05:00" endTime="2025-09-11T20:03:27.2033640-05:00" testType="13cdc9d9-ddb5-4fa4-a97d-d965ccfc6d4b" outcome="Passed" testListId="8c84fa94-04c1-424b-9868-57a2d4851a1d" relativeResultsDirectory="61827702-70d9-4dc3-ad69-4833983de933" />
  </Results>
  <TestDefinitions>
    <UnitTest name="Appostolic.Api.Tests.E2E.AgentTasksE2E_Concurrency.Worker_Processes_Many_Tasks_Reliably" storage="/users/kevinmccreary/appostolic/apps/api.tests/bin/debug/net8.0/appostolic.api.tests.dll" id="c64a9991-8173-cdf8-9198-d5935257f1a8">
      <Execution id="61827702-70d9-4dc3-ad69-4833983de933" />
      <TestMethod codeBase="/Users/kevinmccreary/appostolic/apps/api.tests/bin/Debug/net8.0/Appostolic.Api.Tests.dll" adapterTypeName="executor://xunit/VsTestRunner2/netcoreapp" className="Appostolic.Api.Tests.E2E.AgentTasksE2E_Concurrency" name="Worker_Processes_Many_Tasks_Reliably" />
    </UnitTest>
  </TestDefinitions>
  <TestEntries>
    <TestEntry testId="c64a9991-8173-cdf8-9198-d5935257f1a8" executionId="61827702-70d9-4dc3-ad69-4833983de933" testListId="8c84fa94-04c1-424b-9868-57a2d4851a1d" />
  </TestEntries>
  <TestLists>
    <TestList name="Results Not in a List" id="8c84fa94-04c1-424b-9868-57a2d4851a1d" />
    <TestList name="All Loaded Results" id="19431567-8539-422a-85d7-44ee4e166bda" />
  </TestLists>
  <ResultSummary outcome="Completed">
    <Counters total="1" executed="1" passed="1" failed="0" error="0" timeout="0" aborted="0" inconclusive="0" passedButRunAborted="0" notRunnable="0" notExecuted="0" disconnected="0" warning="0" completed="0" inProgress="0" pending="0" />
    <Output>
      <StdOut>[xUnit.net 00:00:00.00] xUnit.net VSTest Adapter v2.8.1+ce9211e970 (64-bit .NET 8.0.1)
[xUnit.net 00:00:00.04]   Discovering: Appostolic.Api.Tests
[xUnit.net 00:00:00.07]   Discovered:  Appostolic.Api.Tests
[xUnit.net 00:00:00.07]   Starting:    Appostolic.Api.Tests
[xUnit.net 00:00:00.91]   Finished:    Appostolic.Api.Tests
</StdOut>
    </Output>
  </ResultSummary>
</TestRun>