<?xml version="1.0" encoding="utf-8"?>
<TestRun id="f471929a-e0be-43bc-a093-6906441a5ee6" name="@mac 2025-09-11 19:50:33" xmlns="http://microsoft.com/schemas/VisualStudio/TeamTest/2010">
  <Times creation="2025-09-11T19:50:33.9451490-05:00" queuing="2025-09-11T19:50:33.9451490-05:00" start="2025-09-11T19:50:32.7704510-05:00" finish="2025-09-11T19:50:33.9482720-05:00" />
  <TestSettings name="default" id="237f776a-f3c0-4df4-a2e6-ce3ccf8d8b28">
    <Deployment runDeploymentRoot="_mac_2025-09-11_19_50_33" />
  </TestSettings>
  <Results>
    <UnitTestResult executionId="3504731c-0982-4295-ad12-78f0b932aad4" testId="9b729b7e-a306-20a1-7040-eda547fe8bec" testName="Appostolic.Api.Tests.E2E.AgentTasksE2E_HappyPath.EndToEnd_CreatesTask_RunsToSuccess_TracesAndTokensPresent" computerName="mac" duration="00:00:00.8228612" startTime="2025-09-11T19:50:33.8910950-05:00" endTime="2025-09-11T19:50:33.8911040-05:00" testType="13cdc9d9-ddb5-4fa4-a97d-d965ccfc6d4b" outcome="Passed" testListId="8c84fa94-04c1-424b-9868-57a2d4851a1d" relativeResultsDirectory="3504731c-0982-4295-ad12-78f0b932aad4" />
  </Results>
  <TestDefinitions>
    <UnitTest name="Appostolic.Api.Tests.E2E.AgentTasksE2E_HappyPath.EndToEnd_CreatesTask_RunsToSuccess_TracesAndTokensPresent" storage="/users/kevinmccreary/appostolic/apps/api.tests/bin/debug/net8.0/appostolic.api.tests.dll" id="9b729b7e-a306-20a1-7040-eda547fe8bec">
      <Execution id="3504731c-0982-4295-ad12-78f0b932aad4" />
      <TestMethod codeBase="/Users/kevinmccreary/appostolic/apps/api.tests/bin/Debug/net8.0/Appostolic.Api.Tests.dll" adapterTypeName="executor://xunit/VsTestRunner2/netcoreapp" className="Appostolic.Api.Tests.E2E.AgentTasksE2E_HappyPath" name="EndToEnd_CreatesTask_RunsToSuccess_TracesAndTokensPresent" />
    </UnitTest>
  </TestDefinitions>
  <TestEntries>
    <TestEntry testId="9b729b7e-a306-20a1-7040-eda547fe8bec" executionId="3504731c-0982-4295-ad12-78f0b932aad4" testListId="8c84fa94-04c1-424b-9868-57a2d4851a1d" />
  </TestEntries>
  <TestLists>
    <TestList name="Results Not in a List" id="8c84fa94-04c1-424b-9868-57a2d4851a1d" />
    <TestList name="All Loaded Results" id="19431567-8539-422a-85d7-44ee4e166bda" />
  </TestLists>
  <ResultSummary outcome="Completed">
    <Counters total="1" executed="1" passed="1" failed="0" error="0" timeout="0" aborted="0" inconclusive="0" passedButRunAborted="0" notRunnable="0" notExecuted="0" disconnected="0" warning="0" completed="0" inProgress="0" pending="0" />
    <Output>
      <StdOut>[xUnit.net 00:00:00.00] xUnit.net VSTest Adapter v2.8.1+ce9211e970 (64-bit .NET 8.0.1)
[xUnit.net 00:00:00.04]   Discovering: Appostolic.Api.Tests
[xUnit.net 00:00:00.07]   Discovered:  Appostolic.Api.Tests
[xUnit.net 00:00:00.07]   Starting:    Appostolic.Api.Tests
[xUnit.net 00:00:00.91]   Finished:    Appostolic.Api.Tests
</StdOut>
    </Output>
  </ResultSummary>
</TestRun>