<?xml version="1.0" encoding="utf-8"?>
<TestRun id="ccbc06d1-4738-4f91-a0a6-817efca006fc" name="@MacBook-Pro-2 2025-09-22 13:18:08" xmlns="http://microsoft.com/schemas/VisualStudio/TeamTest/2010">
  <Times creation="2025-09-22T13:18:08.1340690-05:00" queuing="2025-09-22T13:18:08.1340690-05:00" start="2025-09-22T13:18:06.4353820-05:00" finish="2025-09-22T13:18:36.0584800-05:00" />
  <TestSettings name="default" id="c399d014-308a-4576-9464-59804884c30f">
    <Deployment runDeploymentRoot="_MacBook-Pro-2_2025-09-22_13_18_08" />
  </TestSettings>
  <Results>
    <UnitTestResult executionId="4930b3e9-fe13-439f-8483-49ddc2a9cf37" testId="cce5835b-2056-6d46-0527-d09fc0f9f6fc" testName="Appostolic.Api.Tests.Api.TenantSettingsEndpointsTests.Upload_Logo_Rejects_Payload_Too_Large" computerName="MacBook-Pro-2" duration="00:00:00.0074248" startTime="2025-09-22T13:18:27.2670970-05:00" endTime="2025-09-22T13:18:27.2670970-05:00" testType="13cdc9d9-ddb5-4fa4-a97d-d965ccfc6d4b" outcome="Passed" testListId="8c84fa94-04c1-424b-9868-57a2d4851a1d" relativeResultsDirectory="4930b3e9-fe13-439f-8483-49ddc2a9cf37" />
    <UnitTestResult executionId="d9114be5-4b75-423a-b99a-d786de9b56b8" testId="21127838-ea89-b283-653a-0b46d8acc590" testName="Appostolic.Api.Tests.EmailDedupeTests.Dedupe_suppresses_duplicate_messages" computerName="MacBook-Pro-2" duration="00:00:00.3024779" startTime="2025-09-22T13:18:29.3542860-05:00" endTime="2025-09-22T13:18:29.3542860-05:00" testType="13cdc9d9-ddb5-4fa4-a97d-d965ccfc6d4b" outcome="Passed" testListId="8c84fa94-04c1-424b-9868-57a2d4851a1d" relativeResultsDirectory="d9114be5-4b75-423a-b99a-d786de9b56b8" />
    <UnitTestResult executionId="0c2132d0-9213-49fd-af77-c14593182d5e" testId="1a80fecc-6ef5-c4ed-4650-dbe09ce92e46" testName="Appostolic.Api.Tests.Api.UserProfileEndpointsTests.Put_me_rejects_non_object_body" computerName="MacBook-Pro-2" duration="00:00:00.0030705" startTime="2025-09-22T13:18:11.3448200-05:00" endTime="2025-09-22T13:18:11.3448200-05:00" testType="13cdc9d9-ddb5-4fa4-a97d-d965ccfc6d4b" outcome="Passed" testListId="8c84fa94-04c1-424b-9868-57a2d4851a1d" relativeResultsDirectory="0c2132d0-9213-49fd-af77-c14593182d5e" />
    <UnitTestResult executionId="36bf70ed-6468-466c-9e8b-59a3a496c128" testId="90d1f61e-9ba1-ff1a-f0a6-e17acbda2dee" testName="Appostolic.Api.Tests.Security.RoleAuthorizationTests.CreatorPolicy_Allows_WhenMembershipHasCreator" computerName="MacBook-Pro-2" duration="00:00:00.0006407" startTime="2025-09-22T13:18:25.2407130-05:00" endTime="2025-09-22T13:18:25.2407130-05:00" testType="13cdc9d9-ddb5-4fa4-a97d-d965ccfc6d4b" outcome="Passed" testListId="8c84fa94-04c1-424b-9868-57a2d4851a1d" relativeResultsDirectory="36bf70ed-6468-466c-9e8b-59a3a496c128" />
    <UnitTestResult executionId="28624cb3-8033-40f4-8e59-bccb764ced50" testId="80249d75-0754-365e-161d-4f69eb53fd73" testName="Appostolic.Api.Tests.Privacy.LoggingPIIScopeTests.EmailScope_OnlyRedacted_WhenHashingDisabled" computerName="MacBook-Pro-2" duration="00:00:00.0001484" startTime="2025-09-22T13:18:09.2871860-05:00" endTime="2025-09-22T13:18:09.2871860-05:00" testType="13cdc9d9-ddb5-4fa4-a97d-d965ccfc6d4b" outcome="Passed" testListId="8c84fa94-04c1-424b-9868-57a2d4851a1d" relativeResultsDirectory="28624cb3-8033-40f4-8e59-bccb764ced50" />
    <UnitTestResult executionId="2042b142-5ee5-411f-b699-85afc94fe9a9" testId="22ad276e-c73f-4ebf-8729-b5903439e2d9" testName="WebSearchToolTests.Query_intro_returns_expected" computerName="MacBook-Pro-2" duration="00:00:00.0036364" startTime="2025-09-22T13:18:29.3618010-05:00" endTime="2025-09-22T13:18:29.3618010-05:00" testType="13cdc9d9-ddb5-4fa4-a97d-d965ccfc6d4b" outcome="Passed" testListId="8c84fa94-04c1-424b-9868-57a2d4851a1d" relativeResultsDirectory="2042b142-5ee5-411f-b699-85afc94fe9a9" />
    <UnitTestResult executionId="d06863e1-57da-4bc3-a77e-9ac074458906" testId="39114ef2-4a94-0d20-df91-881c10164c3c" testName="Appostolic.Api.Tests.Model.TokenEstimatorTests.EstimateTokens_Heuristic_CeilPer4Chars(text: &quot;abcd&quot;, expected: 1)" computerName="MacBook-Pro-2" duration="00:00:00.0000008" startTime="2025-09-22T13:18:27.8601240-05:00" endTime="2025-09-22T13:18:27.8601240-05:00" testType="13cdc9d9-ddb5-4fa4-a97d-d965ccfc6d4b" outcome="Passed" testListId="8c84fa94-04c1-424b-9868-57a2d4851a1d" relativeResultsDirectory="d06863e1-57da-4bc3-a77e-9ac074458906" />
    <UnitTestResult executionId="8d46a75c-b471-4f33-a495-5b2f6bb1209c" testId="2c0e3ce9-5829-44ef-fbae-e96e2c0f5de9" testName="Appostolic.Api.Tests.Model.TokenEstimatorTests.EstimateTokens_Heuristic_CeilPer4Chars(text: &quot;abcdefgh&quot;, expected: 2)" computerName="MacBook-Pro-2" duration="00:00:00.0000745" startTime="2025-09-22T13:18:27.8601010-05:00" endTime="2025-09-22T13:18:27.8601010-05:00" testType="13cdc9d9-ddb5-4fa4-a97d-d965ccfc6d4b" outcome="Passed" testListId="8c84fa94-04c1-424b-9868-57a2d4851a1d" relativeResultsDirectory="8d46a75c-b471-4f33-a495-5b2f6bb1209c" />
    <UnitTestResult executionId="22bd1c82-bb55-49e1-ac87-06fc591b0b99" testId="c35bbf40-7110-f612-4b6b-649678070e6a" testName="Appostolic.Api.Tests.Storage.S3ObjectStorageServiceTests.UploadAsync_FallbacksToBucketRegionUrl_WhenNoPublicBaseUrl" computerName="MacBook-Pro-2" duration="00:00:00.0019730" startTime="2025-09-22T13:18:27.4091200-05:00" endTime="2025-09-22T13:18:27.4091200-05:00" testType="13cdc9d9-ddb5-4fa4-a97d-d965ccfc6d4b" outcome="Passed" testListId="8c84fa94-04c1-424b-9868-57a2d4851a1d" relativeResultsDirectory="22bd1c82-bb55-49e1-ac87-06fc591b0b99" />
    <UnitTestResult executionId="bbfee202-8eb9-4c64-b044-558021c0cc69" testId="e8c4a7c6-1768-b5a4-13dd-f7ecf6e1f6d0" testName="Appostolic.Api.Tests.Api.NotificationsAdminEndpointsTests.Resend_manual_endpoint_creates_and_throttles" computerName="MacBook-Pro-2" duration="00:00:00.1632799" startTime="2025-09-22T13:18:18.2972030-05:00" endTime="2025-09-22T13:18:18.2972030-05:00" testType="13cdc9d9-ddb5-4fa4-a97d-d965ccfc6d4b" outcome="Passed" testListId="8c84fa94-04c1-424b-9868-57a2d4851a1d" relativeResultsDirectory="bbfee202-8eb9-4c64-b044-558021c0cc69" />
    <UnitTestResult executionId="ff379de4-874f-40b4-b6fc-b9cc0f34755a" testId="99e95904-b1cc-e8af-b41d-62aea87d238b" testName="Appostolic.Api.Tests.Auth.RefreshEndpointTests.Refresh_Fails_When_Token_Revoked_Reused" computerName="MacBook-Pro-2" duration="00:00:00.3677074" startTime="2025-09-22T13:18:33.4993720-05:00" endTime="2025-09-22T13:18:33.4993720-05:00" testType="13cdc9d9-ddb5-4fa4-a97d-d965ccfc6d4b" outcome="Passed" testListId="8c84fa94-04c1-424b-9868-57a2d4851a1d" relativeResultsDirectory="ff379de4-874f-40b4-b6fc-b9cc0f34755a" />
    <UnitTestResult executionId="782e2d55-46c9-46b5-b445-6b627b9fcafe" testId="1cfc69b2-92d0-7e18-c868-129765966147" testName="Appostolic.Api.Tests.Auth.SignupTests.Signup_SelfServe_CreatesUserAndPersonalTenant" computerName="MacBook-Pro-2" duration="00:00:00.2819547" startTime="2025-09-22T13:18:12.8024320-05:00" endTime="2025-09-22T13:18:12.8024330-05:00" testType="13cdc9d9-ddb5-4fa4-a97d-d965ccfc6d4b" outcome="Passed" testListId="8c84fa94-04c1-424b-9868-57a2d4851a1d" relativeResultsDirectory="782e2d55-46c9-46b5-b445-6b627b9fcafe" />
    <UnitTestResult executionId="2cc722af-6ee8-4af8-9bef-655ebf20a2be" testId="7831f103-663f-8d24-4a8b-6bbe466d0837" testName="Appostolic.Api.Tests.Api.AuthPasswordFlowsTests.ChangePassword_WithAuth_UpdatesPassword" computerName="MacBook-Pro-2" duration="00:00:00.3870797" startTime="2025-09-22T13:18:09.8599920-05:00" endTime="2025-09-22T13:18:09.8599920-05:00" testType="13cdc9d9-ddb5-4fa4-a97d-d965ccfc6d4b" outcome="Passed" testListId="8c84fa94-04c1-424b-9868-57a2d4851a1d" relativeResultsDirectory="2cc722af-6ee8-4af8-9bef-655ebf20a2be" />
    <UnitTestResult executionId="ffcd4823-d083-4353-9238-ecfc02e72ffc" testId="5ad39d2c-d77f-b72d-621d-dc03058b3c06" testName="Appostolic.Api.Tests.Notifications.MagicLinkEmailTests.Renders_MagicLink_Snapshots_With_Link" computerName="MacBook-Pro-2" duration="00:00:00.0048724" startTime="2025-09-22T13:18:16.3850730-05:00" endTime="2025-09-22T13:18:16.3850730-05:00" testType="13cdc9d9-ddb5-4fa4-a97d-d965ccfc6d4b" outcome="Passed" testListId="8c84fa94-04c1-424b-9868-57a2d4851a1d" relativeResultsDirectory="ffcd4823-d083-4353-9238-ecfc02e72ffc" />
    <UnitTestResult executionId="a22fc202-9c86-445e-b9c5-c36ce9316684" testId="adb4d425-e330-40e4-2ea6-b182e56ebe7d" testName="Appostolic.Api.Tests.Api.UserProfileEndpointsTests.Put_me_merges_profile_and_trims_and_validates_social_urls" computerName="MacBook-Pro-2" duration="00:00:00.1952871" startTime="2025-09-22T13:18:11.3347110-05:00" endTime="2025-09-22T13:18:11.3347110-05:00" testType="13cdc9d9-ddb5-4fa4-a97d-d965ccfc6d4b" outcome="Passed" testListId="8c84fa94-04c1-424b-9868-57a2d4851a1d" relativeResultsDirectory="a22fc202-9c86-445e-b9c5-c36ce9316684" />
    <UnitTestResult executionId="4fadd160-8370-439a-ade9-a163d42d677a" testId="7b4d03a5-c5c2-9d47-3b72-108b3108a4ac" testName="Appostolic.Api.Tests.Api.UserAvatarEndpointsTests.UploadAvatar_Downscales_LargeImage_To512Webp" computerName="MacBook-Pro-2" duration="00:00:00.1233632" startTime="2025-09-22T13:18:16.3285810-05:00" endTime="2025-09-22T13:18:16.3285810-05:00" testType="13cdc9d9-ddb5-4fa4-a97d-d965ccfc6d4b" outcome="Passed" testListId="8c84fa94-04c1-424b-9868-57a2d4851a1d" relativeResultsDirectory="4fadd160-8370-439a-ade9-a163d42d677a" />
    <UnitTestResult executionId="4f9bf73d-4238-42af-8308-6d42261b6782" testId="f7e247f1-8de7-594b-e638-b4ec989d69be" testName="Appostolic.Api.Tests.AgentTasks.AgentTasksCancelRetryTests.Cancel_Pending_Task_IsCanceledImmediately" computerName="MacBook-Pro-2" duration="00:00:00.1458480" startTime="2025-09-22T13:18:23.8118120-05:00" endTime="2025-09-22T13:18:23.8118120-05:00" testType="13cdc9d9-ddb5-4fa4-a97d-d965ccfc6d4b" outcome="Failed" testListId="8c84fa94-04c1-424b-9868-57a2d4851a1d" relativeResultsDirectory="4f9bf73d-4238-42af-8308-6d42261b6782">
      <Output>
        <ErrorInfo>
          <Message>System.Net.Http.HttpRequestException : Response status code does not indicate success: 401 (Unauthorized).</Message>
          <StackTrace>   at System.Net.Http.HttpResponseMessage.EnsureSuccessStatusCode()
   at Appostolic.Api.Tests.AgentTasks.AgentTasksTestBase.CreateTaskAsync(Guid agentId, Object input, Nullable`1 enqueueDelayMs, Boolean suppressEnqueue) in /Users/kevinmccreary/appostolic/apps/api.tests/AgentTasks/AgentTasksTestBase.cs:line 89
   at Appostolic.Api.Tests.AgentTasks.AgentTasksCancelRetryTests.Cancel_Pending_Task_IsCanceledImmediately() in /Users/kevinmccreary/appostolic/apps/api.tests/AgentTasks/AgentTasksCancelRetryTests.cs:line 16
--- End of stack trace from previous location ---</StackTrace>
        </ErrorInfo>
      </Output>
    </UnitTestResult>
    <UnitTestResult executionId="72170a73-1616-4a37-a7c1-331e12908090" testId="b672c70e-eca2-f979-b482-5169b705a205" testName="Appostolic.Api.Tests.Api.AgentsEndpointsTests.Agents_CRUD_HappyPath" computerName="MacBook-Pro-2" duration="00:00:00.0211225" startTime="2025-09-22T13:18:27.5852800-05:00" endTime="2025-09-22T13:18:27.5852800-05:00" testType="13cdc9d9-ddb5-4fa4-a97d-d965ccfc6d4b" outcome="Passed" testListId="8c84fa94-04c1-424b-9868-57a2d4851a1d" relativeResultsDirectory="72170a73-1616-4a37-a7c1-331e12908090" />
    <UnitTestResult executionId="543e201b-e4b8-496b-8a75-958ec2cf45fc" testId="ae52c100-f2a8-a5be-ad09-0052606abe6b" testName="Appostolic.Api.AuthTests.TestTokenFactoryTests.MintTenantToken_SingleMembership_AutoTenantYieldsTenantToken" computerName="MacBook-Pro-2" duration="00:00:00.0037147" startTime="2025-09-22T13:18:25.1784490-05:00" endTime="2025-09-22T13:18:25.1784490-05:00" testType="13cdc9d9-ddb5-4fa4-a97d-d965ccfc6d4b" outcome="Passed" testListId="8c84fa94-04c1-424b-9868-57a2d4851a1d" relativeResultsDirectory="543e201b-e4b8-496b-8a75-958ec2cf45fc" />
    <UnitTestResult executionId="9e0b50b8-f23a-4c48-aac7-44928b87c096" testId="5f9c27d4-50bb-efe1-e416-35702c9fd2c6" testName="Appostolic.Api.AuthTests.SelectTenantTests.SelectTenant_ForbiddenTenant_Returns403" computerName="MacBook-Pro-2" duration="00:00:00.2189206" startTime="2025-09-22T13:18:26.8794420-05:00" endTime="2025-09-22T13:18:26.8794420-05:00" testType="13cdc9d9-ddb5-4fa4-a97d-d965ccfc6d4b" outcome="Passed" testListId="8c84fa94-04c1-424b-9868-57a2d4851a1d" relativeResultsDirectory="9e0b50b8-f23a-4c48-aac7-44928b87c096" />
    <UnitTestResult executionId="05085734-ab97-4ce4-904b-fe0f43048e98" testId="c608eb38-09c4-17b8-a16b-ae9b91798432" testName="Appostolic.Api.Tests.Api.NotificationsWebhookTests.SendGridWebhook_updates_provider_status_when_token_matches" computerName="MacBook-Pro-2" duration="00:00:00.0236853" startTime="2025-09-22T13:18:11.6125960-05:00" endTime="2025-09-22T13:18:11.6125960-05:00" testType="13cdc9d9-ddb5-4fa4-a97d-d965ccfc6d4b" outcome="Passed" testListId="8c84fa94-04c1-424b-9868-57a2d4851a1d" relativeResultsDirectory="05085734-ab97-4ce4-904b-fe0f43048e98" />
    <UnitTestResult executionId="331f4f95-8fe5-4f3a-9e28-5fd90df2d0ac" testId="f3e5a7ef-e593-cb9e-e437-d0f4fab69d89" testName="Appostolic.Api.Tests.Api.AuthJwtSmokeTests.AuthSmoke_Ping_WithIssuedToken_Succeeds" computerName="MacBook-Pro-2" duration="00:00:00.1900445" startTime="2025-09-22T13:18:12.0589220-05:00" endTime="2025-09-22T13:18:12.0589220-05:00" testType="13cdc9d9-ddb5-4fa4-a97d-d965ccfc6d4b" outcome="Passed" testListId="8c84fa94-04c1-424b-9868-57a2d4851a1d" relativeResultsDirectory="331f4f95-8fe5-4f3a-9e28-5fd90df2d0ac" />
    <UnitTestResult executionId="d3353b45-7102-413d-95f6-ee4cc4a1e39a" testId="c2441ddc-565a-93d7-0c28-f73ca97b9486" testName="Appostolic.Api.Tests.Orchestrator.TokenAggregationTests.AggregatesTokens_And_ComputesCost_WhenPricingEnabled" computerName="MacBook-Pro-2" duration="00:00:00.0081279" startTime="2025-09-22T13:18:25.2368220-05:00" endTime="2025-09-22T13:18:25.2368220-05:00" testType="13cdc9d9-ddb5-4fa4-a97d-d965ccfc6d4b" outcome="Passed" testListId="8c84fa94-04c1-424b-9868-57a2d4851a1d" relativeResultsDirectory="d3353b45-7102-413d-95f6-ee4cc4a1e39a" />
    <UnitTestResult executionId="f19231e4-7f9a-407b-b113-031099a32097" testId="66fffdff-2dff-cbe5-8750-30f31bf1db7c" testName="Appostolic.Api.Tests.Api.AuditsListingEndpointTests.Lists_audits_with_paging_and_total_count" computerName="MacBook-Pro-2" duration="00:00:00.1775657" startTime="2025-09-22T13:18:13.1159750-05:00" endTime="2025-09-22T13:18:13.1159750-05:00" testType="13cdc9d9-ddb5-4fa4-a97d-d965ccfc6d4b" outcome="Passed" testListId="8c84fa94-04c1-424b-9868-57a2d4851a1d" relativeResultsDirectory="f19231e4-7f9a-407b-b113-031099a32097" />
    <UnitTestResult executionId="491b0704-869d-41b3-a370-af053d3d619c" testId="3ff15350-3cc9-12ef-e4db-8ff403fcec20" testName="Appostolic.Api.Tests.Privacy.PIIRedactorTests.RedactPhone_Works(input: &quot;5551234567&quot;, expected: &quot;***4567&quot;)" computerName="MacBook-Pro-2" duration="00:00:00.0000326" startTime="2025-09-22T13:18:29.0514510-05:00" endTime="2025-09-22T13:18:29.0514510-05:00" testType="13cdc9d9-ddb5-4fa4-a97d-d965ccfc6d4b" outcome="Passed" testListId="8c84fa94-04c1-424b-9868-57a2d4851a1d" relativeResultsDirectory="491b0704-869d-41b3-a370-af053d3d619c" />
    <UnitTestResult executionId="ebb34d3c-4218-4a2b-8d02-ff4237f7dd76" testId="02f4c01b-4d57-cea6-940b-91f660d6b3a5" testName="Appostolic.Api.Tests.SendGridEmailSenderTests.Sends_on_202_Accepted" computerName="MacBook-Pro-2" duration="00:00:00.0002725" startTime="2025-09-22T13:18:12.9256460-05:00" endTime="2025-09-22T13:18:12.9256460-05:00" testType="13cdc9d9-ddb5-4fa4-a97d-d965ccfc6d4b" outcome="Passed" testListId="8c84fa94-04c1-424b-9868-57a2d4851a1d" relativeResultsDirectory="ebb34d3c-4218-4a2b-8d02-ff4237f7dd76" />
    <UnitTestResult executionId="e3ccb68d-c4f7-4764-8d23-71ad351aad83" testId="f29c304c-de8d-5b22-7419-b529648ccc86" testName="Appostolic.Api.Tests.Auth.RefreshEndpointTests.Refresh_Succeeds_With_Cookie_Rotation" computerName="MacBook-Pro-2" duration="00:00:00.2310238" startTime="2025-09-22T13:18:33.9479660-05:00" endTime="2025-09-22T13:18:33.9479660-05:00" testType="13cdc9d9-ddb5-4fa4-a97d-d965ccfc6d4b" outcome="Passed" testListId="8c84fa94-04c1-424b-9868-57a2d4851a1d" relativeResultsDirectory="e3ccb68d-c4f7-4764-8d23-71ad351aad83" />
    <UnitTestResult executionId="e1e6e83a-1cdd-4423-81b5-ce4cf6e125a5" testId="a2b0d89c-f17d-2c60-2870-72017089ab94" testName="Appostolic.Api.Tests.Api.NotificationsAdminEndpointsTests.Bulk_resend_creates_with_limit_and_counts_throttled" computerName="MacBook-Pro-2" duration="00:00:00.1720762" startTime="2025-09-22T13:18:18.4695540-05:00" endTime="2025-09-22T13:18:18.4695540-05:00" testType="13cdc9d9-ddb5-4fa4-a97d-d965ccfc6d4b" outcome="Passed" testListId="8c84fa94-04c1-424b-9868-57a2d4851a1d" relativeResultsDirectory="e1e6e83a-1cdd-4423-81b5-ce4cf6e125a5" />
    <UnitTestResult executionId="6ecbe20d-bb14-4d45-939c-1d47670155c0" testId="3ffc4814-431f-dd81-00b0-abbedd27b7ad" testName="Appostolic.Api.Tests.Api.MembersManagementTests.Non_admin_cannot_change_roles" computerName="MacBook-Pro-2" duration="00:00:00.0046432" startTime="2025-09-22T13:18:12.5199480-05:00" endTime="2025-09-22T13:18:12.5199480-05:00" testType="13cdc9d9-ddb5-4fa4-a97d-d965ccfc6d4b" outcome="Passed" testListId="8c84fa94-04c1-424b-9868-57a2d4851a1d" relativeResultsDirectory="6ecbe20d-bb14-4d45-939c-1d47670155c0" />
    <UnitTestResult executionId="60cc8cea-ddfa-4a83-945c-a87b270d9334" testId="dfdd94d6-4157-31a9-a81a-18fee28467d5" testName="Appostolic.Api.Tests.AgentOrchestratorTests.HappyPath_ModelPlansToolThenFinal_SucceedsWithTwoTraces" computerName="MacBook-Pro-2" duration="00:00:00.0024809" startTime="2025-09-22T13:18:25.5382750-05:00" endTime="2025-09-22T13:18:25.5382750-05:00" testType="13cdc9d9-ddb5-4fa4-a97d-d965ccfc6d4b" outcome="Passed" testListId="8c84fa94-04c1-424b-9868-57a2d4851a1d" relativeResultsDirectory="60cc8cea-ddfa-4a83-945c-a87b270d9334" />
    <UnitTestResult executionId="3c5d09a9-7c50-47cb-ac82-5cbe6f644947" testId="d3eea64b-9431-a4f4-6e46-77927988bd60" testName="Appostolic.Api.AuthTests.SelectTenantTests.SelectTenant_ExpiredRefresh_Returns401" computerName="MacBook-Pro-2" duration="00:00:00.6258700" startTime="2025-09-22T13:18:26.6602790-05:00" endTime="2025-09-22T13:18:26.6602790-05:00" testType="13cdc9d9-ddb5-4fa4-a97d-d965ccfc6d4b" outcome="Passed" testListId="8c84fa94-04c1-424b-9868-57a2d4851a1d" relativeResultsDirectory="3c5d09a9-7c50-47cb-ac82-5cbe6f644947" />
    <UnitTestResult executionId="4d0ba909-ddb6-4eb4-aabb-b435ae49bb96" testId="29cdf802-09fa-4c20-1649-a919d0e03e4d" testName="Appostolic.Api.Tests.Api.AssignmentsApiTests.Set_roles_replaces_flags_and_allows_noop" computerName="MacBook-Pro-2" duration="00:00:00.0052561" startTime="2025-09-22T13:18:14.0531810-05:00" endTime="2025-09-22T13:18:14.0531810-05:00" testType="13cdc9d9-ddb5-4fa4-a97d-d965ccfc6d4b" outcome="Passed" testListId="8c84fa94-04c1-424b-9868-57a2d4851a1d" relativeResultsDirectory="4d0ba909-ddb6-4eb4-aabb-b435ae49bb96" />
    <UnitTestResult executionId="309dda45-1582-422d-b3aa-4e33ca0fcccb" testId="94524c04-7158-8472-e876-43b26f76e4f4" testName="Appostolic.Api.Tests.AgentTasks.AgentTasksListFilterPaginationTests.FreeText_Q_Search_On_Input_And_User" computerName="MacBook-Pro-2" duration="00:00:00.0020951" startTime="2025-09-22T13:18:12.2883970-05:00" endTime="2025-09-22T13:18:12.2883970-05:00" testType="13cdc9d9-ddb5-4fa4-a97d-d965ccfc6d4b" outcome="Failed" testListId="8c84fa94-04c1-424b-9868-57a2d4851a1d" relativeResultsDirectory="309dda45-1582-422d-b3aa-4e33ca0fcccb">
      <Output>
        <ErrorInfo>
          <Message>System.Net.Http.HttpRequestException : Response status code does not indicate success: 401 (Unauthorized).</Message>
          <StackTrace>   at System.Net.Http.HttpResponseMessage.EnsureSuccessStatusCode()
   at Appostolic.Api.Tests.AgentTasks.AgentTasksTestBase.CreateTaskAsync(Guid agentId, Object input, Nullable`1 enqueueDelayMs, Boolean suppressEnqueue) in /Users/kevinmccreary/appostolic/apps/api.tests/AgentTasks/AgentTasksTestBase.cs:line 89
   at Appostolic.Api.Tests.AgentTasks.AgentTasksListFilterPaginationTests.FreeText_Q_Search_On_Input_And_User() in /Users/kevinmccreary/appostolic/apps/api.tests/AgentTasks/AgentTasksListFilterPaginationTests.cs:line 105
--- End of stack trace from previous location ---</StackTrace>
        </ErrorInfo>
      </Output>
    </UnitTestResult>
    <UnitTestResult executionId="557db7b5-1867-46bd-9aaf-3265ff472f80" testId="bc29c184-0770-c9df-63be-2a52d76ad503" testName="Appostolic.Api.Tests.Notifications.NotificationEnqueuerMagicLinkTests.QueueMagicLink_HashesToken_And_Publishes" computerName="MacBook-Pro-2" duration="00:00:00.0065985" startTime="2025-09-22T13:18:29.7333140-05:00" endTime="2025-09-22T13:18:29.7333140-05:00" testType="13cdc9d9-ddb5-4fa4-a97d-d965ccfc6d4b" outcome="Passed" testListId="8c84fa94-04c1-424b-9868-57a2d4851a1d" relativeResultsDirectory="557db7b5-1867-46bd-9aaf-3265ff472f80" />
    <UnitTestResult executionId="ce1e28cc-51d8-4aa1-8259-7f56faa4a580" testId="ec039bf7-f831-a8e3-834c-89707ff2f6d2" testName="Appostolic.Api.Tests.NotificationEnqueuerTests.QueueVerification_uses_relative_when_base_missing" computerName="MacBook-Pro-2" duration="00:00:00.0028811" startTime="2025-09-22T13:18:11.4190320-05:00" endTime="2025-09-22T13:18:11.4190320-05:00" testType="13cdc9d9-ddb5-4fa4-a97d-d965ccfc6d4b" outcome="Passed" testListId="8c84fa94-04c1-424b-9868-57a2d4851a1d" relativeResultsDirectory="ce1e28cc-51d8-4aa1-8259-7f56faa4a580" />
    <UnitTestResult executionId="1622ebfb-ca3b-41e2-acf9-a04740fa58f3" testId="1beb15ab-fe09-2511-98ef-cddbeaaa10ed" testName="Appostolic.Api.Tests.Api.LegacyRoleWritePathDeprecationTests.Invite_with_legacy_role_only_is_rejected_with_NO_FLAGS" computerName="MacBook-Pro-2" duration="00:00:00.1638103" startTime="2025-09-22T13:18:19.1788930-05:00" endTime="2025-09-22T13:18:19.1788930-05:00" testType="13cdc9d9-ddb5-4fa4-a97d-d965ccfc6d4b" outcome="Passed" testListId="8c84fa94-04c1-424b-9868-57a2d4851a1d" relativeResultsDirectory="1622ebfb-ca3b-41e2-acf9-a04740fa58f3" />
    <UnitTestResult executionId="584afa4a-da02-4727-8616-ba706c60f498" testId="71d5d180-2d36-ecb9-e4eb-71ca09e46ec4" testName="Appostolic.Api.Tests.AgentConstraintTests.Agent_Temperature_out_of_range_throws_in_domain_constructor" computerName="MacBook-Pro-2" duration="00:00:00.0012685" startTime="2025-09-22T13:18:23.8265720-05:00" endTime="2025-09-22T13:18:23.8265720-05:00" testType="13cdc9d9-ddb5-4fa4-a97d-d965ccfc6d4b" outcome="Passed" testListId="8c84fa94-04c1-424b-9868-57a2d4851a1d" relativeResultsDirectory="584afa4a-da02-4727-8616-ba706c60f498" />
    <UnitTestResult executionId="11a7fdae-d4c6-4255-8ecc-f47c7a9cda27" testId="da0da417-eb80-7ca8-c2a7-2b93c4d78528" testName="Appostolic.Api.Tests.Api.InvitesRolesFlagsTests.Accept_Invite_Sets_Membership_Roles_Flags" computerName="MacBook-Pro-2" duration="00:00:00.0051941" startTime="2025-09-22T13:18:27.0439330-05:00" endTime="2025-09-22T13:18:27.0439330-05:00" testType="13cdc9d9-ddb5-4fa4-a97d-d965ccfc6d4b" outcome="Failed" testListId="8c84fa94-04c1-424b-9868-57a2d4851a1d" relativeResultsDirectory="11a7fdae-d4c6-4255-8ecc-f47c7a9cda27">
      <Output>
        <ErrorInfo>
          <Message>System.InvalidOperationException : Expected tenant token for slug 'kevin-personal' but helper returned null.</Message>
          <StackTrace>   at Appostolic.Api.AuthTests.AuthTestClient.UseTenantAsync(HttpClient client, String email, String tenantSlug, Nullable`1 forceAllRoles) in /Users/kevinmccreary/appostolic/apps/api.tests/Auth/AuthTestClient.cs:line 36
   at Appostolic.Api.Tests.Api.InvitesRolesFlagsTests.Accept_Invite_Sets_Membership_Roles_Flags() in /Users/kevinmccreary/appostolic/apps/api.tests/Api/InvitesRolesFlagsTests.cs:line 81
--- End of stack trace from previous location ---</StackTrace>
        </ErrorInfo>
      </Output>
    </UnitTestResult>
    <UnitTestResult executionId="d8d635d4-50f2-4180-86c0-d26cc7d83c22" testId="0d8e7961-edc8-5f2f-d398-1131ab5c1262" testName="Appostolic.Api.Tests.Auth.RefreshEndpointTests.Refresh_Can_Issue_TenantToken" computerName="MacBook-Pro-2" duration="00:00:00.2346334" startTime="2025-09-22T13:18:34.1827580-05:00" endTime="2025-09-22T13:18:34.1827580-05:00" testType="13cdc9d9-ddb5-4fa4-a97d-d965ccfc6d4b" outcome="Passed" testListId="8c84fa94-04c1-424b-9868-57a2d4851a1d" relativeResultsDirectory="d8d635d4-50f2-4180-86c0-d26cc7d83c22" />
    <UnitTestResult executionId="0bd0c22e-77e1-4c70-acfd-25c03c9cd9a6" testId="df92ad96-32d4-9c44-0398-97a52600538f" testName="Appostolic.Api.Tests.Model.TokenEstimatorTests.EstimateTokens_Heuristic_CeilPer4Chars(text: &quot;abcdefghi&quot;, expected: 3)" computerName="MacBook-Pro-2" duration="00:00:00.0000013" startTime="2025-09-22T13:18:27.8601140-05:00" endTime="2025-09-22T13:18:27.8601140-05:00" testType="13cdc9d9-ddb5-4fa4-a97d-d965ccfc6d4b" outcome="Passed" testListId="8c84fa94-04c1-424b-9868-57a2d4851a1d" relativeResultsDirectory="0bd0c22e-77e1-4c70-acfd-25c03c9cd9a6" />
    <UnitTestResult executionId="0d26cbff-a733-4513-b4bb-3240a20473dc" testId="3494b3d5-98dd-209c-c4b4-d8d0bff712f0" testName="FsWriteToolTests.Writes_file_under_root_and_returns_sha" computerName="MacBook-Pro-2" duration="00:00:00.0047913" startTime="2025-09-22T13:18:19.5735340-05:00" endTime="2025-09-22T13:18:19.5735340-05:00" testType="13cdc9d9-ddb5-4fa4-a97d-d965ccfc6d4b" outcome="Passed" testListId="8c84fa94-04c1-424b-9868-57a2d4851a1d" relativeResultsDirectory="0d26cbff-a733-4513-b4bb-3240a20473dc" />
    <UnitTestResult executionId="7ffafad7-f0de-4e8b-a816-4f18d0719369" testId="08f6a7e9-7601-1519-2953-5bafd6576a90" testName="Appostolic.Api.AuthTests.LoginTenantSelectionTests.Login_MultiMembership_TenantSlug_EmitsTenantToken" computerName="MacBook-Pro-2" duration="00:00:00.4588908" startTime="2025-09-22T13:18:21.2715720-05:00" endTime="2025-09-22T13:18:21.2715720-05:00" testType="13cdc9d9-ddb5-4fa4-a97d-d965ccfc6d4b" outcome="Passed" testListId="8c84fa94-04c1-424b-9868-57a2d4851a1d" relativeResultsDirectory="7ffafad7-f0de-4e8b-a816-4f18d0719369" />
    <UnitTestResult executionId="efbfa4cc-3a1b-44f6-b179-2f9cfd915866" testId="5aebb0bd-a461-dea6-b51f-abbdbf65c34a" testName="Appostolic.Api.Tests.Api.AuditsListingEndpointTests.Supports_optional_filters_user_actor_and_date_range" computerName="MacBook-Pro-2" duration="00:00:00.0223677" startTime="2025-09-22T13:18:13.1385300-05:00" endTime="2025-09-22T13:18:13.1385300-05:00" testType="13cdc9d9-ddb5-4fa4-a97d-d965ccfc6d4b" outcome="Passed" testListId="8c84fa94-04c1-424b-9868-57a2d4851a1d" relativeResultsDirectory="efbfa4cc-3a1b-44f6-b179-2f9cfd915866" />
    <UnitTestResult executionId="c60dc0bb-69b8-4d89-ba55-26b0a83385bb" testId="3c6aaba6-8a28-5651-a334-5a8347c8e9db" testName="Appostolic.Api.Tests.Security.RoleAuthorizationTests.ApplyRoleChange_NoAudit_WhenSame" computerName="MacBook-Pro-2" duration="00:00:00.0000710" startTime="2025-09-22T13:18:25.2408000-05:00" endTime="2025-09-22T13:18:25.2408000-05:00" testType="13cdc9d9-ddb5-4fa4-a97d-d965ccfc6d4b" outcome="Passed" testListId="8c84fa94-04c1-424b-9868-57a2d4851a1d" relativeResultsDirectory="c60dc0bb-69b8-4d89-ba55-26b0a83385bb" />
    <UnitTestResult executionId="3141d012-b8d2-44ed-9a65-8ca69b27af87" testId="9e2bc8ee-63e7-247f-c2c7-e16759561a39" testName="Appostolic.Api.Tests.Api.TenantSettingsEndpointsTests.Upload_Logo_Rejects_Unsupported_Media_Type" computerName="MacBook-Pro-2" duration="00:00:00.0139434" startTime="2025-09-22T13:18:27.2971410-05:00" endTime="2025-09-22T13:18:27.2971410-05:00" testType="13cdc9d9-ddb5-4fa4-a97d-d965ccfc6d4b" outcome="Passed" testListId="8c84fa94-04c1-424b-9868-57a2d4851a1d" relativeResultsDirectory="3141d012-b8d2-44ed-9a65-8ca69b27af87" />
    <UnitTestResult executionId="7a352e12-6a9b-4343-9f6c-5a86e8a25be5" testId="303a8ec4-1283-c55c-ceff-908085b877fe" testName="Appostolic.Api.Tests.Auth.AuthMetricsTests.Story9_NewCountersAndDurations" computerName="MacBook-Pro-2" duration="00:00:00.0005421" startTime="2025-09-22T13:18:10.2891890-05:00" endTime="2025-09-22T13:18:10.2891890-05:00" testType="13cdc9d9-ddb5-4fa4-a97d-d965ccfc6d4b" outcome="Passed" testListId="8c84fa94-04c1-424b-9868-57a2d4851a1d" relativeResultsDirectory="7a352e12-6a9b-4343-9f6c-5a86e8a25be5" />
    <UnitTestResult executionId="0921a351-a6ea-4f9d-a7ca-fb95803cf52d" testId="691bf80d-9ec7-7de8-ad81-702e4cdb8bfd" testName="WebSearchToolTests.Take_limits_results" computerName="MacBook-Pro-2" duration="00:00:00.0023024" startTime="2025-09-22T13:18:29.3567810-05:00" endTime="2025-09-22T13:18:29.3567810-05:00" testType="13cdc9d9-ddb5-4fa4-a97d-d965ccfc6d4b" outcome="Passed" testListId="8c84fa94-04c1-424b-9868-57a2d4851a1d" relativeResultsDirectory="0921a351-a6ea-4f9d-a7ca-fb95803cf52d" />
    <UnitTestResult executionId="92187666-c3da-4aa3-9533-90135b49d3ca" testId="d8682838-1d38-dd8e-6c89-ae1bda81fecb" testName="Appostolic.Api.Tests.Api.MembersListTests.Owner_can_list_members" computerName="MacBook-Pro-2" duration="00:00:00.0106600" startTime="2025-09-22T13:18:36.0050330-05:00" endTime="2025-09-22T13:18:36.0050330-05:00" testType="13cdc9d9-ddb5-4fa4-a97d-d965ccfc6d4b" outcome="Passed" testListId="8c84fa94-04c1-424b-9868-57a2d4851a1d" relativeResultsDirectory="92187666-c3da-4aa3-9533-90135b49d3ca" />
    <UnitTestResult executionId="c566875f-5c4c-4a8a-b495-1eaa5b47adae" testId="4a92a767-460d-55d3-4f0a-171bb9bfa6db" testName="Appostolic.Api.Tests.Auth.LogoutTests.MissingRefreshToken_OnSingleLogout_Returns400" computerName="MacBook-Pro-2" duration="00:00:00.6727818" startTime="2025-09-22T13:18:31.9346040-05:00" endTime="2025-09-22T13:18:31.9346040-05:00" testType="13cdc9d9-ddb5-4fa4-a97d-d965ccfc6d4b" outcome="Passed" testListId="8c84fa94-04c1-424b-9868-57a2d4851a1d" relativeResultsDirectory="c566875f-5c4c-4a8a-b495-1eaa5b47adae" />
    <UnitTestResult executionId="6d855a59-18bb-4aba-9bbb-31032a9b78a3" testId="fc170f06-7a65-44e3-9780-d428f13f33ad" testName="Appostolic.Api.Tests.SmokeTests.Health_ReturnsOk" computerName="MacBook-Pro-2" duration="00:00:00.2916017" startTime="2025-09-22T13:18:14.3624710-05:00" endTime="2025-09-22T13:18:14.3624710-05:00" testType="13cdc9d9-ddb5-4fa4-a97d-d965ccfc6d4b" outcome="Passed" testListId="8c84fa94-04c1-424b-9868-57a2d4851a1d" relativeResultsDirectory="6d855a59-18bb-4aba-9bbb-31032a9b78a3" />
    <UnitTestResult executionId="779706f1-61fd-42d0-8b3e-8e57be95a1b4" testId="67c9746f-1f57-937b-6598-3968df73012b" testName="Appostolic.Api.Tests.Api.DevGrantRolesEndpointTests.Updates_existing_membership_roles" computerName="MacBook-Pro-2" duration="00:00:00.0064082" startTime="2025-09-22T13:18:35.3085900-05:00" endTime="2025-09-22T13:18:35.3085900-05:00" testType="13cdc9d9-ddb5-4fa4-a97d-d965ccfc6d4b" outcome="Passed" testListId="8c84fa94-04c1-424b-9868-57a2d4851a1d" relativeResultsDirectory="779706f1-61fd-42d0-8b3e-8e57be95a1b4" />
    <UnitTestResult executionId="cad53f96-5533-41cf-accb-c2c15e232def" testId="c5bff5b6-ebf0-af02-169d-7b3aa82f66ca" testName="Appostolic.Api.AuthTests.AuthTestClientTests.UseNeutralAsync_SetsBearerHeader" computerName="MacBook-Pro-2" duration="00:00:00.0038509" startTime="2025-09-22T13:18:14.7592130-05:00" endTime="2025-09-22T13:18:14.7592130-05:00" testType="13cdc9d9-ddb5-4fa4-a97d-d965ccfc6d4b" outcome="Passed" testListId="8c84fa94-04c1-424b-9868-57a2d4851a1d" relativeResultsDirectory="cad53f96-5533-41cf-accb-c2c15e232def" />
    <UnitTestResult executionId="a318e1ee-55cf-414f-aa40-a49a8a3a3cd1" testId="e1e10047-9c95-2461-ef88-42d3da0fbb82" testName="Appostolic.Api.Tests.E2E.AgentTasksE2E_Golden.HappyPath_projection_matches_golden_fixture" computerName="MacBook-Pro-2" duration="00:00:00.2669392" startTime="2025-09-22T13:18:24.0943490-05:00" endTime="2025-09-22T13:18:24.0943490-05:00" testType="13cdc9d9-ddb5-4fa4-a97d-d965ccfc6d4b" outcome="Passed" testListId="8c84fa94-04c1-424b-9868-57a2d4851a1d" relativeResultsDirectory="a318e1ee-55cf-414f-aa40-a49a8a3a3cd1" />
    <UnitTestResult executionId="1f9c6250-5034-4017-8aa0-c5469dfa2206" testId="a11d6311-0314-291e-6c87-0745cc1eace8" testName="Appostolic.Api.Tests.Observability.TelemetrySmokeTests.HappyPath_Emits_Spans_And_Metrics" computerName="MacBook-Pro-2" duration="00:00:00.0081629" startTime="2025-09-22T13:18:13.1560470-05:00" endTime="2025-09-22T13:18:13.1560470-05:00" testType="13cdc9d9-ddb5-4fa4-a97d-d965ccfc6d4b" outcome="Passed" testListId="8c84fa94-04c1-424b-9868-57a2d4851a1d" relativeResultsDirectory="1f9c6250-5034-4017-8aa0-c5469dfa2206" />
    <UnitTestResult executionId="fb956852-cd88-481a-89bb-b8e1ecaa01ab" testId="9c020064-9cbb-7975-d5c0-9dc48d581775" testName="Appostolic.Api.Tests.Api.AgentTasksEndpointsTests.CreateTask_Returns201AndSummary" computerName="MacBook-Pro-2" duration="00:00:00.2232797" startTime="2025-09-22T13:18:11.8364620-05:00" endTime="2025-09-22T13:18:11.8364620-05:00" testType="13cdc9d9-ddb5-4fa4-a97d-d965ccfc6d4b" outcome="Passed" testListId="8c84fa94-04c1-424b-9868-57a2d4851a1d" relativeResultsDirectory="fb956852-cd88-481a-89bb-b8e1ecaa01ab" />
    <UnitTestResult executionId="2032ff7d-0a59-4406-baaa-91dbdb3c724e" testId="90c7a127-2be9-b6e7-ec52-19cb51de49c0" testName="Appostolic.Api.Tests.Notifications.AutoResendScannerTests.Creates_resend_for_old_sent_without_children" computerName="MacBook-Pro-2" duration="00:00:00.0123717" startTime="2025-09-22T13:18:22.6352810-05:00" endTime="2025-09-22T13:18:22.6352810-05:00" testType="13cdc9d9-ddb5-4fa4-a97d-d965ccfc6d4b" outcome="Passed" testListId="8c84fa94-04c1-424b-9868-57a2d4851a1d" relativeResultsDirectory="2032ff7d-0a59-4406-baaa-91dbdb3c724e" />
    <UnitTestResult executionId="52d1f582-61d9-4531-8216-5c815e262e1c" testId="86173073-5618-a9d2-83eb-7647e3c4115b" testName="Appostolic.Api.Tests.Auth.DevHeadersDisabledTests.JwtLogin_Flow_Works_When_DevHeaders_Disabled" computerName="MacBook-Pro-2" duration="00:00:00.1498877" startTime="2025-09-22T13:18:25.5326500-05:00" endTime="2025-09-22T13:18:25.5326500-05:00" testType="13cdc9d9-ddb5-4fa4-a97d-d965ccfc6d4b" outcome="Failed" testListId="8c84fa94-04c1-424b-9868-57a2d4851a1d" relativeResultsDirectory="52d1f582-61d9-4531-8216-5c815e262e1c">
      <Output>
        <ErrorInfo>
          <Message>System.Net.Http.HttpRequestException : Response status code does not indicate success: 404 (Not Found).</Message>
          <StackTrace>   at System.Net.Http.HttpResponseMessage.EnsureSuccessStatusCode()
   at Appostolic.Api.Tests.Auth.DevHeadersDisabledTests.JwtLogin_Flow_Works_When_DevHeaders_Disabled() in /Users/kevinmccreary/appostolic/apps/api.tests/Auth/DevHeadersDisabledTests.cs:line 65
--- End of stack trace from previous location ---</StackTrace>
        </ErrorInfo>
      </Output>
    </UnitTestResult>
    <UnitTestResult executionId="a27ef828-0d24-4148-8825-f1178e5bd7b7" testId="051a87a0-4947-acab-5222-3cc970dba0ba" testName="Appostolic.Api.Tests.Notifications.NotificationsResendTests.Can_insert_child_with_resend_of_fk" computerName="MacBook-Pro-2" duration="00:00:00.0060457" startTime="2025-09-22T13:18:12.0653330-05:00" endTime="2025-09-22T13:18:12.0653330-05:00" testType="13cdc9d9-ddb5-4fa4-a97d-d965ccfc6d4b" outcome="Passed" testListId="8c84fa94-04c1-424b-9868-57a2d4851a1d" relativeResultsDirectory="a27ef828-0d24-4148-8825-f1178e5bd7b7" />
    <UnitTestResult executionId="2dd141fa-8826-4344-86c0-985ff42a360d" testId="03348e85-c745-1baa-1fc9-a6f767c68de7" testName="Appostolic.Api.Tests.Auth.LogoutTests.Logout_IdempotentSecondCall" computerName="MacBook-Pro-2" duration="00:00:00.2365501" startTime="2025-09-22T13:18:31.2616270-05:00" endTime="2025-09-22T13:18:31.2616270-05:00" testType="13cdc9d9-ddb5-4fa4-a97d-d965ccfc6d4b" outcome="Passed" testListId="8c84fa94-04c1-424b-9868-57a2d4851a1d" relativeResultsDirectory="2dd141fa-8826-4344-86c0-985ff42a360d" />
    <UnitTestResult executionId="62406335-c449-4345-8e01-ec46f93eed1d" testId="12c3c514-0e1a-a711-90d4-344685873f0e" testName="Appostolic.Api.AuthTests.LoginTests.Login_InvalidCredentials_Returns401" computerName="MacBook-Pro-2" duration="00:00:00.3078291" startTime="2025-09-22T13:18:18.7777460-05:00" endTime="2025-09-22T13:18:18.7777460-05:00" testType="13cdc9d9-ddb5-4fa4-a97d-d965ccfc6d4b" outcome="Passed" testListId="8c84fa94-04c1-424b-9868-57a2d4851a1d" relativeResultsDirectory="62406335-c449-4345-8e01-ec46f93eed1d" />
    <UnitTestResult executionId="6d57ed07-6aca-41ed-b95e-6e24e61a918a" testId="cb90a4b6-5413-6334-a88c-d9e37624202c" testName="Appostolic.Api.Tests.Api.InvitesRolesFlagsTests.Create_Invite_With_Invalid_Role_Flag_Is_400" computerName="MacBook-Pro-2" duration="00:00:00.0029711" startTime="2025-09-22T13:18:27.0467870-05:00" endTime="2025-09-22T13:18:27.0467870-05:00" testType="13cdc9d9-ddb5-4fa4-a97d-d965ccfc6d4b" outcome="Passed" testListId="8c84fa94-04c1-424b-9868-57a2d4851a1d" relativeResultsDirectory="6d57ed07-6aca-41ed-b95e-6e24e61a918a" />
    <UnitTestResult executionId="a819d4e2-4c05-43c2-8860-79292d7edf01" testId="b973efc5-dbc0-83fe-9a29-a83b6705f73f" testName="Appostolic.Api.AuthTests.AuthTestClientTests.UseTenantAsync_AttachesTenantToken" computerName="MacBook-Pro-2" duration="00:00:00.0029313" startTime="2025-09-22T13:18:14.7555910-05:00" endTime="2025-09-22T13:18:14.7555910-05:00" testType="13cdc9d9-ddb5-4fa4-a97d-d965ccfc6d4b" outcome="Failed" testListId="8c84fa94-04c1-424b-9868-57a2d4851a1d" relativeResultsDirectory="a819d4e2-4c05-43c2-8860-79292d7edf01">
      <Output>
        <ErrorInfo>
          <Message>System.InvalidOperationException : Expected tenant token for slug 'kevin-personal' but helper returned null.</Message>
          <StackTrace>   at Appostolic.Api.AuthTests.AuthTestClient.UseTenantAsync(HttpClient client, String email, String tenantSlug, Nullable`1 forceAllRoles) in /Users/kevinmccreary/appostolic/apps/api.tests/Auth/AuthTestClient.cs:line 36
   at Appostolic.Api.AuthTests.AuthTestClientTests.UseTenantAsync_AttachesTenantToken() in /Users/kevinmccreary/appostolic/apps/api.tests/Auth/AuthTestClientTests.cs:line 30
--- End of stack trace from previous location ---</StackTrace>
        </ErrorInfo>
      </Output>
    </UnitTestResult>
    <UnitTestResult executionId="8b864132-4105-47c6-a838-ccf42cd79976" testId="8e86fe7c-6239-7009-e550-a3b2b1493955" testName="Appostolic.Api.Tests.Api.MembersListTests.Viewer_gets_403_for_members_list" computerName="MacBook-Pro-2" duration="00:00:00.6754840" startTime="2025-09-22T13:18:35.9942210-05:00" endTime="2025-09-22T13:18:35.9942210-05:00" testType="13cdc9d9-ddb5-4fa4-a97d-d965ccfc6d4b" outcome="Passed" testListId="8c84fa94-04c1-424b-9868-57a2d4851a1d" relativeResultsDirectory="8b864132-4105-47c6-a838-ccf42cd79976" />
    <UnitTestResult executionId="ef2b828b-c726-4220-8525-a3f2b681c6c7" testId="7c574249-6de4-087c-ac92-00dedf541e78" testName="Appostolic.Api.Tests.Api.NotificationsProdEndpointsTests.Tenant_owner_can_list_and_retry_within_tenant" computerName="MacBook-Pro-2" duration="00:00:00.1950844" startTime="2025-09-22T13:18:13.7045470-05:00" endTime="2025-09-22T13:18:13.7045470-05:00" testType="13cdc9d9-ddb5-4fa4-a97d-d965ccfc6d4b" outcome="Passed" testListId="8c84fa94-04c1-424b-9868-57a2d4851a1d" relativeResultsDirectory="ef2b828b-c726-4220-8525-a3f2b681c6c7" />
    <UnitTestResult executionId="5e7e52b0-d5ae-4a16-8998-1ae6f7dca67f" testId="593e7065-7319-4b4c-29e4-d65d9f7c6c8e" testName="Appostolic.Api.Tests.Auth.DevHeadersDisabledTests.DevHeaders_Request_Fails_When_Flag_Disabled" computerName="MacBook-Pro-2" duration="00:00:00.1411653" startTime="2025-09-22T13:18:25.3821430-05:00" endTime="2025-09-22T13:18:25.3821430-05:00" testType="13cdc9d9-ddb5-4fa4-a97d-d965ccfc6d4b" outcome="Passed" testListId="8c84fa94-04c1-424b-9868-57a2d4851a1d" relativeResultsDirectory="5e7e52b0-d5ae-4a16-8998-1ae6f7dca67f" />
    <UnitTestResult executionId="c9f91354-f231-47ab-8f6e-725882eb33a9" testId="8c322062-c901-cc6c-6cc7-399543893d6b" testName="Appostolic.Api.Tests.Privacy.PIIHasherTests.HashEmail_Differs_WithDifferentPepper" computerName="MacBook-Pro-2" duration="00:00:00.0000463" startTime="2025-09-22T13:18:29.7343660-05:00" endTime="2025-09-22T13:18:29.7343660-05:00" testType="13cdc9d9-ddb5-4fa4-a97d-d965ccfc6d4b" outcome="Passed" testListId="8c84fa94-04c1-424b-9868-57a2d4851a1d" relativeResultsDirectory="c9f91354-f231-47ab-8f6e-725882eb33a9" />
    <UnitTestResult executionId="79727603-dcd6-4169-922e-1d019082272b" testId="fdf88970-87c6-f740-810f-e878127ff782" testName="Appostolic.Api.Tests.Api.NotificationsProdEndpointsTests.Resend_returns_404_when_missing" computerName="MacBook-Pro-2" duration="00:00:00.1692020" startTime="2025-09-22T13:18:13.3255640-05:00" endTime="2025-09-22T13:18:13.3255640-05:00" testType="13cdc9d9-ddb5-4fa4-a97d-d965ccfc6d4b" outcome="Passed" testListId="8c84fa94-04c1-424b-9868-57a2d4851a1d" relativeResultsDirectory="79727603-dcd6-4169-922e-1d019082272b" />
    <UnitTestResult executionId="e7765ba5-586e-41c2-9b82-087ad80e42bc" testId="eba2e046-3c6c-f48b-f85f-b23828d8319b" testName="Appostolic.Api.Tests.AgentOrchestratorTests.ToolNotAllowed_FailsAndTracesFailure" computerName="MacBook-Pro-2" duration="00:00:00.0021362" startTime="2025-09-22T13:18:25.5345600-05:00" endTime="2025-09-22T13:18:25.5345600-05:00" testType="13cdc9d9-ddb5-4fa4-a97d-d965ccfc6d4b" outcome="Passed" testListId="8c84fa94-04c1-424b-9868-57a2d4851a1d" relativeResultsDirectory="e7765ba5-586e-41c2-9b82-087ad80e42bc" />
    <UnitTestResult executionId="4b7ab919-1529-4665-a213-82de61bed9ba" testId="e507a4d5-4aa9-7d32-05a9-ecfa3f03323d" testName="Appostolic.Api.Tests.Security.AgentTasksAuthContractTests.ListEndpoint_RequiresDevHeaders" computerName="MacBook-Pro-2" duration="00:00:00.1464853" startTime="2025-09-22T13:18:33.1302220-05:00" endTime="2025-09-22T13:18:33.1302220-05:00" testType="13cdc9d9-ddb5-4fa4-a97d-d965ccfc6d4b" outcome="Failed" testListId="8c84fa94-04c1-424b-9868-57a2d4851a1d" relativeResultsDirectory="4b7ab919-1529-4665-a213-82de61bed9ba">
      <Output>
        <ErrorInfo>
          <Message>Expected ok.StatusCode to be HttpStatusCode.OK {value: 200}, but found HttpStatusCode.Unauthorized {value: 401}.</Message>
          <StackTrace>   at FluentAssertions.Execution.XUnit2TestFramework.Throw(String message)
   at FluentAssertions.Execution.TestFrameworkProvider.Throw(String message)
   at FluentAssertions.Execution.AssertionScope.FailWith(Func`1 failReasonFunc)
   at FluentAssertions.Primitives.EnumAssertions`2.Be(TEnum expected, String because, Object[] becauseArgs)
   at Appostolic.Api.Tests.Security.AgentTasksAuthContractTests.ListEndpoint_RequiresDevHeaders() in /Users/kevinmccreary/appostolic/apps/api.tests/Security/AgentTasksAuthContractTests.cs:line 39
--- End of stack trace from previous location ---</StackTrace>
        </ErrorInfo>
      </Output>
    </UnitTestResult>
    <UnitTestResult executionId="7689e019-33fa-455b-8e54-6d9140584d6a" testId="860122fa-e148-3b20-fdb5-225e5e6bb171" testName="Appostolic.Api.AuthTests.LoginJwtNeutralTests.Login_ReturnsNeutralAccessAndRefreshToken" computerName="MacBook-Pro-2" duration="00:00:00.3835723" startTime="2025-09-22T13:18:19.9587350-05:00" endTime="2025-09-22T13:18:19.9587350-05:00" testType="13cdc9d9-ddb5-4fa4-a97d-d965ccfc6d4b" outcome="Passed" testListId="8c84fa94-04c1-424b-9868-57a2d4851a1d" relativeResultsDirectory="7689e019-33fa-455b-8e54-6d9140584d6a" />
    <UnitTestResult executionId="8c1ee2e3-f1c3-40f4-a037-3e554f4f6be3" testId="0f9fb5dc-590e-2722-6210-f13d9619e38f" testName="Appostolic.Api.Tests.Auth.LogoutTests.AccessToken_AllowsMeEndpoint_BeforeLogout" computerName="MacBook-Pro-2" duration="00:00:00.2171672" startTime="2025-09-22T13:18:32.1519460-05:00" endTime="2025-09-22T13:18:32.1519460-05:00" testType="13cdc9d9-ddb5-4fa4-a97d-d965ccfc6d4b" outcome="Passed" testListId="8c84fa94-04c1-424b-9868-57a2d4851a1d" relativeResultsDirectory="8c1ee2e3-f1c3-40f4-a037-3e554f4f6be3" />
    <UnitTestResult executionId="ec403daf-1626-4ccd-bbe2-8dfd10fa9873" testId="d9d051a9-d261-1011-dbde-e42b30d539a9" testName="Appostolic.Api.Tests.Orchestrator.AgentOrchestratorTests.ToolMissing_FailsWithToolNotFound" computerName="MacBook-Pro-2" duration="00:00:00.0011911" startTime="2025-09-22T13:18:11.4129660-05:00" endTime="2025-09-22T13:18:11.4129660-05:00" testType="13cdc9d9-ddb5-4fa4-a97d-d965ccfc6d4b" outcome="Passed" testListId="8c84fa94-04c1-424b-9868-57a2d4851a1d" relativeResultsDirectory="ec403daf-1626-4ccd-bbe2-8dfd10fa9873" />
    <UnitTestResult executionId="de942fe5-f21f-4fff-8ad6-b67db9a3e9fe" testId="04a8bdbc-fefc-28fe-9d41-eb27166daebb" testName="Appostolic.Api.Tests.Api.InvitesRolesFlagsTests.Create_Invite_With_Roles_Flags_Persists_And_Lists" computerName="MacBook-Pro-2" duration="00:00:00.1547605" startTime="2025-09-22T13:18:27.0380860-05:00" endTime="2025-09-22T13:18:27.0380860-05:00" testType="13cdc9d9-ddb5-4fa4-a97d-d965ccfc6d4b" outcome="Passed" testListId="8c84fa94-04c1-424b-9868-57a2d4851a1d" relativeResultsDirectory="de942fe5-f21f-4fff-8ad6-b67db9a3e9fe" />
    <UnitTestResult executionId="13ea7bef-d9a4-499d-a1df-b6b232836c08" testId="5fb7223b-5714-aaac-abea-c5cb06e52929" testName="Appostolic.Api.Tests.Auth.LogoutTests.SingleLogout_FollowedByRefresh_ReturnsReuse" computerName="MacBook-Pro-2" duration="00:00:00.5665763" startTime="2025-09-22T13:18:32.7186980-05:00" endTime="2025-09-22T13:18:32.7186980-05:00" testType="13cdc9d9-ddb5-4fa4-a97d-d965ccfc6d4b" outcome="Passed" testListId="8c84fa94-04c1-424b-9868-57a2d4851a1d" relativeResultsDirectory="13ea7bef-d9a4-499d-a1df-b6b232836c08" />
    <UnitTestResult executionId="8fc195c8-70fc-49cd-969f-7307e174bef9" testId="8499e5e2-c09d-d64e-ab91-715c51a15d3b" testName="Appostolic.Api.Tests.ModelMappingTests.Agent_ToolAllowlist_has_column_type_jsonb" computerName="MacBook-Pro-2" duration="00:00:00.0001731" startTime="2025-09-22T13:18:27.8490570-05:00" endTime="2025-09-22T13:18:27.8490570-05:00" testType="13cdc9d9-ddb5-4fa4-a97d-d965ccfc6d4b" outcome="Passed" testListId="8c84fa94-04c1-424b-9868-57a2d4851a1d" relativeResultsDirectory="8fc195c8-70fc-49cd-969f-7307e174bef9" />
    <UnitTestResult executionId="7b2c504d-ccb5-4e50-8b4f-0e4eb824923d" testId="15cbfaf6-f281-76a3-247c-7837115e23b9" testName="Appostolic.Api.Tests.Auth.LogoutTests.LogoutAll_RevokesAccessTokenVersion" computerName="MacBook-Pro-2" duration="00:00:00.9033446" startTime="2025-09-22T13:18:31.0249200-05:00" endTime="2025-09-22T13:18:31.0249200-05:00" testType="13cdc9d9-ddb5-4fa4-a97d-d965ccfc6d4b" outcome="Passed" testListId="8c84fa94-04c1-424b-9868-57a2d4851a1d" relativeResultsDirectory="7b2c504d-ccb5-4e50-8b4f-0e4eb824923d" />
    <UnitTestResult executionId="aebedc07-973d-4fca-b979-64cbc78e0ec5" testId="4019b427-1ede-c217-da18-40ffe6d2092f" testName="Appostolic.Api.Tests.Api.MembersManagementTests.Remove_TenantAdmin_flag_when_another_admin_exists" computerName="MacBook-Pro-2" duration="00:00:00.0050838" startTime="2025-09-22T13:18:12.5150800-05:00" endTime="2025-09-22T13:18:12.5150800-05:00" testType="13cdc9d9-ddb5-4fa4-a97d-d965ccfc6d4b" outcome="Passed" testListId="8c84fa94-04c1-424b-9868-57a2d4851a1d" relativeResultsDirectory="aebedc07-973d-4fca-b979-64cbc78e0ec5" />
    <UnitTestResult executionId="346dd668-5a58-4dcd-9aa4-82274f9b4c9c" testId="0f0c7731-d28a-bcbe-054f-641f024437ac" testName="Appostolic.Api.Tests.ModelMappingTests.AgentTask_Status_is_converted_as_string" computerName="MacBook-Pro-2" duration="00:00:00.0019481" startTime="2025-09-22T13:18:27.8092180-05:00" endTime="2025-09-22T13:18:27.8092180-05:00" testType="13cdc9d9-ddb5-4fa4-a97d-d965ccfc6d4b" outcome="Passed" testListId="8c84fa94-04c1-424b-9868-57a2d4851a1d" relativeResultsDirectory="346dd668-5a58-4dcd-9aa4-82274f9b4c9c" />
    <UnitTestResult executionId="5b18a192-3ad3-45d0-972c-890ce7914b69" testId="82433354-13b4-cc2d-0a49-7402e6830aee" testName="Appostolic.Api.Tests.Auth.RefreshPlaintextExposedFlagTests.Refresh_Omits_Plaintext_When_Flag_Disabled_Even_During_Grace" computerName="MacBook-Pro-2" duration="00:00:01.2358502" startTime="2025-09-22T13:18:07.9694780-05:00" endTime="2025-09-22T13:18:07.9694900-05:00" testType="13cdc9d9-ddb5-4fa4-a97d-d965ccfc6d4b" outcome="Passed" testListId="8c84fa94-04c1-424b-9868-57a2d4851a1d" relativeResultsDirectory="5b18a192-3ad3-45d0-972c-890ce7914b69" />
    <UnitTestResult executionId="c21980b0-3ed0-4fe4-a069-cb4ccb8f35a3" testId="a4d15e3f-72fa-7dbe-1271-22c29f57d731" testName="Appostolic.Api.Tests.Auth.RefreshCookieTests.Login_Sets_Refresh_Cookie_When_Flag_Enabled" computerName="MacBook-Pro-2" duration="00:00:00.3936540" startTime="2025-09-22T13:18:16.7790590-05:00" endTime="2025-09-22T13:18:16.7790590-05:00" testType="13cdc9d9-ddb5-4fa4-a97d-d965ccfc6d4b" outcome="Passed" testListId="8c84fa94-04c1-424b-9868-57a2d4851a1d" relativeResultsDirectory="c21980b0-3ed0-4fe4-a069-cb4ccb8f35a3" />
    <UnitTestResult executionId="8b30aec7-3c67-4ef5-82cc-d417eb7af4da" testId="6af85923-8d05-0c62-0cc5-a5120df2d8e5" testName="Appostolic.Api.Tests.Api.AgentTasksEndpointsTests.List_Pending_ReturnsCreatedFirst" computerName="MacBook-Pro-2" duration="00:00:00.0157980" startTime="2025-09-22T13:18:11.8682760-05:00" endTime="2025-09-22T13:18:11.8682760-05:00" testType="13cdc9d9-ddb5-4fa4-a97d-d965ccfc6d4b" outcome="Passed" testListId="8c84fa94-04c1-424b-9868-57a2d4851a1d" relativeResultsDirectory="8b30aec7-3c67-4ef5-82cc-d417eb7af4da" />
    <UnitTestResult executionId="e4af7424-ede5-4110-a16f-304c1452b81b" testId="545ffb6d-3098-01fc-1bfd-d18b0f6ea861" testName="Appostolic.Api.AuthTests.LoginRolesSerializationTests.Login_IncludesRolesBitmaskOnMembership" computerName="MacBook-Pro-2" duration="00:00:00.3613365" startTime="2025-09-22T13:18:29.0509000-05:00" endTime="2025-09-22T13:18:29.0509000-05:00" testType="13cdc9d9-ddb5-4fa4-a97d-d965ccfc6d4b" outcome="Passed" testListId="8c84fa94-04c1-424b-9868-57a2d4851a1d" relativeResultsDirectory="e4af7424-ede5-4110-a16f-304c1452b81b" />
    <UnitTestResult executionId="371dd201-50f5-4843-8aea-fab97a38ce5c" testId="ee7b51d2-d8a7-715d-70ab-159c7293568a" testName="Appostolic.Api.Tests.Api.NotificationsProdEndpointsTests.Tenant_owner_can_resend_within_tenant_and_is_forbidden_cross_tenant" computerName="MacBook-Pro-2" duration="00:00:00.1835066" startTime="2025-09-22T13:18:13.5092810-05:00" endTime="2025-09-22T13:18:13.5092810-05:00" testType="13cdc9d9-ddb5-4fa4-a97d-d965ccfc6d4b" outcome="Passed" testListId="8c84fa94-04c1-424b-9868-57a2d4851a1d" relativeResultsDirectory="371dd201-50f5-4843-8aea-fab97a38ce5c" />
    <UnitTestResult executionId="aa098b44-a04f-4ea8-9919-90d56cb263f2" testId="eeaccddf-52e1-1db7-6606-fc19c2721862" testName="Appostolic.Api.Tests.Api.AuthPasswordFlowsTests.ResetPassword_WithValidToken_UpdatesHashAndConsumesToken" computerName="MacBook-Pro-2" duration="00:00:00.1217989" startTime="2025-09-22T13:18:10.0600110-05:00" endTime="2025-09-22T13:18:10.0600110-05:00" testType="13cdc9d9-ddb5-4fa4-a97d-d965ccfc6d4b" outcome="Passed" testListId="8c84fa94-04c1-424b-9868-57a2d4851a1d" relativeResultsDirectory="aa098b44-a04f-4ea8-9919-90d56cb263f2" />
    <UnitTestResult executionId="89ff9dac-80b6-40c4-bf66-89693e6406e6" testId="137392e3-997c-8532-6b57-65c75651b55b" testName="Appostolic.Api.Tests.Api.DenominationsMetadataTests.ReturnsPresetList" computerName="MacBook-Pro-2" duration="00:00:00.1955793" startTime="2025-09-22T13:18:09.1566890-05:00" endTime="2025-09-22T13:18:09.1566890-05:00" testType="13cdc9d9-ddb5-4fa4-a97d-d965ccfc6d4b" outcome="Passed" testListId="8c84fa94-04c1-424b-9868-57a2d4851a1d" relativeResultsDirectory="89ff9dac-80b6-40c4-bf66-89693e6406e6" />
    <UnitTestResult executionId="f6838325-762a-4bf2-8244-5abd59ba4221" testId="eb812c29-73b3-e923-42de-8821a188e94a" testName="Appostolic.Api.Tests.Notifications.NotificationsPiiScrubTests.Scrubs_before_delete_windows_and_deletes_at_cutoff" computerName="MacBook-Pro-2" duration="00:00:00.0061777" startTime="2025-09-22T13:18:23.8252330-05:00" endTime="2025-09-22T13:18:23.8252330-05:00" testType="13cdc9d9-ddb5-4fa4-a97d-d965ccfc6d4b" outcome="Passed" testListId="8c84fa94-04c1-424b-9868-57a2d4851a1d" relativeResultsDirectory="f6838325-762a-4bf2-8244-5abd59ba4221" />
    <UnitTestResult executionId="5be4e595-4b61-480e-b6c3-26d047baa1dd" testId="1aa96e1c-162f-87b8-360d-29c19b3b2c73" testName="DbQueryToolTests.Unknown_table_fails" computerName="MacBook-Pro-2" duration="00:00:00.0087281" startTime="2025-09-22T13:18:32.9771540-05:00" endTime="2025-09-22T13:18:32.9771540-05:00" testType="13cdc9d9-ddb5-4fa4-a97d-d965ccfc6d4b" outcome="Passed" testListId="8c84fa94-04c1-424b-9868-57a2d4851a1d" relativeResultsDirectory="5be4e595-4b61-480e-b6c3-26d047baa1dd" />
    <UnitTestResult executionId="a7b8e865-153b-4684-9c4d-48e23418e0d2" testId="caeaccb8-00ea-302b-441d-17caf5fd9b5d" testName="Appostolic.Api.Tests.ModelMappingTests.Notification_resend_fields_are_mapped_with_indexes" computerName="MacBook-Pro-2" duration="00:00:00.0006981" startTime="2025-09-22T13:18:27.8488750-05:00" endTime="2025-09-22T13:18:27.8488750-05:00" testType="13cdc9d9-ddb5-4fa4-a97d-d965ccfc6d4b" outcome="Passed" testListId="8c84fa94-04c1-424b-9868-57a2d4851a1d" relativeResultsDirectory="a7b8e865-153b-4684-9c4d-48e23418e0d2" />
    <UnitTestResult executionId="18363726-5f5b-4acb-9bf9-f06c14d6c88e" testId="5404549b-a3b0-871f-9a8d-c5b5f387dff4" testName="Appostolic.Api.Tests.Api.UserProfileEndpointsTests.Get_me_returns_user_with_profile" computerName="MacBook-Pro-2" duration="00:00:00.0066772" startTime="2025-09-22T13:18:11.3415580-05:00" endTime="2025-09-22T13:18:11.3415580-05:00" testType="13cdc9d9-ddb5-4fa4-a97d-d965ccfc6d4b" outcome="Passed" testListId="8c84fa94-04c1-424b-9868-57a2d4851a1d" relativeResultsDirectory="18363726-5f5b-4acb-9bf9-f06c14d6c88e" />
    <UnitTestResult executionId="1917ea74-cd7e-4fff-92f6-150fabece5b0" testId="7e0d251c-aca1-3165-2651-f2996ab661b8" testName="DbQueryToolTests.Select_users_all_rows" computerName="MacBook-Pro-2" duration="00:00:00.0022390" startTime="2025-09-22T13:18:32.9794300-05:00" endTime="2025-09-22T13:18:32.9794300-05:00" testType="13cdc9d9-ddb5-4fa4-a97d-d965ccfc6d4b" outcome="Passed" testListId="8c84fa94-04c1-424b-9868-57a2d4851a1d" relativeResultsDirectory="1917ea74-cd7e-4fff-92f6-150fabece5b0" />
    <UnitTestResult executionId="7845ab5d-a848-4bbb-8473-0604306df813" testId="95c167d1-a09f-1a4f-5f8b-bfed1919a8c0" testName="Appostolic.Api.Tests.Api.TenantSettingsEndpointsTests.Put_Settings_Deep_Merges" computerName="MacBook-Pro-2" duration="00:00:00.0060219" startTime="2025-09-22T13:18:27.3051260-05:00" endTime="2025-09-22T13:18:27.3051260-05:00" testType="13cdc9d9-ddb5-4fa4-a97d-d965ccfc6d4b" outcome="Passed" testListId="8c84fa94-04c1-424b-9868-57a2d4851a1d" relativeResultsDirectory="7845ab5d-a848-4bbb-8473-0604306df813" />
    <UnitTestResult executionId="ae412b67-cd91-4d0a-84a5-92078b85b65e" testId="12982ac4-b6b0-e458-3676-ece493490c27" testName="Appostolic.Api.Tests.Storage.S3ObjectStorageServiceTests.UploadAsync_UploadsWithPublicReadAndCacheControl_ReturnsPublicBaseUrl" computerName="MacBook-Pro-2" duration="00:00:00.0022395" startTime="2025-09-22T13:18:27.4113790-05:00" endTime="2025-09-22T13:18:27.4113790-05:00" testType="13cdc9d9-ddb5-4fa4-a97d-d965ccfc6d4b" outcome="Passed" testListId="8c84fa94-04c1-424b-9868-57a2d4851a1d" relativeResultsDirectory="ae412b67-cd91-4d0a-84a5-92078b85b65e" />
    <UnitTestResult executionId="fd68b3c8-3e01-4648-be49-bd9f88dccd80" testId="c64a9991-8173-cdf8-9198-d5935257f1a8" testName="Appostolic.Api.Tests.E2E.AgentTasksE2E_Concurrency.Worker_Processes_Many_Tasks_Reliably" computerName="MacBook-Pro-2" duration="00:00:00.4726927" startTime="2025-09-22T13:18:15.9091570-05:00" endTime="2025-09-22T13:18:15.9091570-05:00" testType="13cdc9d9-ddb5-4fa4-a97d-d965ccfc6d4b" outcome="Passed" testListId="8c84fa94-04c1-424b-9868-57a2d4851a1d" relativeResultsDirectory="fd68b3c8-3e01-4648-be49-bd9f88dccd80" />
    <UnitTestResult executionId="1721c3e6-e9ca-465f-99d9-3fec8d2a1135" testId="15c612de-362f-873c-6b3e-94b2c6bfd929" testName="Appostolic.Api.AuthTests.LoginTenantSelectionTests.Login_MultiMembership_NoTenantParam_HasNoTenantToken" computerName="MacBook-Pro-2" duration="00:00:00.2191841" startTime="2025-09-22T13:18:20.8124630-05:00" endTime="2025-09-22T13:18:20.8124630-05:00" testType="13cdc9d9-ddb5-4fa4-a97d-d965ccfc6d4b" outcome="Passed" testListId="8c84fa94-04c1-424b-9868-57a2d4851a1d" relativeResultsDirectory="1721c3e6-e9ca-465f-99d9-3fec8d2a1135" />
    <UnitTestResult executionId="4854d1be-61dc-4d26-ae43-3e994dae4b1f" testId="d651406b-2d52-45a1-6b81-e5bff5b77f68" testName="Appostolic.Api.Tests.Api.UserAvatarEndpointsTests.UploadAvatar_Rejects_TooRectangular" computerName="MacBook-Pro-2" duration="00:00:00.1051854" startTime="2025-09-22T13:18:16.1951980-05:00" endTime="2025-09-22T13:18:16.1951980-05:00" testType="13cdc9d9-ddb5-4fa4-a97d-d965ccfc6d4b" outcome="Passed" testListId="8c84fa94-04c1-424b-9868-57a2d4851a1d" relativeResultsDirectory="4854d1be-61dc-4d26-ae43-3e994dae4b1f" />
    <UnitTestResult executionId="15948e53-5c6f-4f51-a409-7b198642a722" testId="5385030b-1302-b289-00d9-288b4f75839d" testName="Appostolic.Api.Tests.Privacy.PIIRedactorTests.RedactEmail_Works(input: &quot;user@example.com&quot;, expected: &quot;u***@example.com&quot;)" computerName="MacBook-Pro-2" duration="00:00:00.0000697" startTime="2025-09-22T13:18:29.0513220-05:00" endTime="2025-09-22T13:18:29.0513220-05:00" testType="13cdc9d9-ddb5-4fa4-a97d-d965ccfc6d4b" outcome="Passed" testListId="8c84fa94-04c1-424b-9868-57a2d4851a1d" relativeResultsDirectory="15948e53-5c6f-4f51-a409-7b198642a722" />
    <UnitTestResult executionId="d55bc533-6b5b-418c-ba9b-ebe1e46bb8a1" testId="4ee5f350-b89d-edd8-c84d-cd5d40909f15" testName="Appostolic.Api.Tests.SmtpEmailSenderTests.Sends_with_both_text_and_html" computerName="MacBook-Pro-2" duration="00:00:00.0041384" startTime="2025-09-22T13:18:09.2824650-05:00" endTime="2025-09-22T13:18:09.2824650-05:00" testType="13cdc9d9-ddb5-4fa4-a97d-d965ccfc6d4b" outcome="Passed" testListId="8c84fa94-04c1-424b-9868-57a2d4851a1d" relativeResultsDirectory="d55bc533-6b5b-418c-ba9b-ebe1e46bb8a1" />
    <UnitTestResult executionId="57de720b-9c12-4905-9f91-09995a71ab17" testId="e6dca875-c7cc-8760-96b7-d841ef24dda8" testName="Appostolic.Api.Tests.Schema.RolesBitmaskConstraintTests.Insert_membership_with_invalid_bitmask_fails" computerName="MacBook-Pro-2" duration="00:00:00.1175843" startTime="2025-09-22T13:18:09.2778960-05:00" endTime="2025-09-22T13:18:09.2778960-05:00" testType="13cdc9d9-ddb5-4fa4-a97d-d965ccfc6d4b" outcome="Passed" testListId="8c84fa94-04c1-424b-9868-57a2d4851a1d" relativeResultsDirectory="57de720b-9c12-4905-9f91-09995a71ab17" />
    <UnitTestResult executionId="05667d3f-88ac-4418-b087-02c9d5779ebe" testId="9a27b4fd-a56b-4b8b-8cae-d2972183237d" testName="Appostolic.Api.Tests.Auth.RefreshEndpointTests.Refresh_Allows_Body_Token_During_Grace" computerName="MacBook-Pro-2" duration="00:00:00.2161601" startTime="2025-09-22T13:18:33.7157460-05:00" endTime="2025-09-22T13:18:33.7157460-05:00" testType="13cdc9d9-ddb5-4fa4-a97d-d965ccfc6d4b" outcome="Passed" testListId="8c84fa94-04c1-424b-9868-57a2d4851a1d" relativeResultsDirectory="05667d3f-88ac-4418-b087-02c9d5779ebe" />
    <UnitTestResult executionId="0f8505d6-e418-461c-8386-180cc53efaee" testId="1c8df7f1-aa05-88d6-f922-5ecb50d1b5d9" testName="Appostolic.Api.Tests.ModelMappingTests.Agent_ToolAllowlist_is_jsonb_and_roundtrips_like_array" computerName="MacBook-Pro-2" duration="00:00:00.0029416" startTime="2025-09-22T13:18:27.8072450-05:00" endTime="2025-09-22T13:18:27.8072450-05:00" testType="13cdc9d9-ddb5-4fa4-a97d-d965ccfc6d4b" outcome="Passed" testListId="8c84fa94-04c1-424b-9868-57a2d4851a1d" relativeResultsDirectory="0f8505d6-e418-461c-8386-180cc53efaee" />
    <UnitTestResult executionId="8bab6343-156d-4f30-b420-311f7a4e0af4" testId="6e2b7510-d3ae-c174-2b57-710f63c82ad0" testName="TemplateRendererTests.Verification_template_renders_link_and_subject" computerName="MacBook-Pro-2" duration="00:00:00.0006328" startTime="2025-09-22T13:18:14.5957880-05:00" endTime="2025-09-22T13:18:14.5957880-05:00" testType="13cdc9d9-ddb5-4fa4-a97d-d965ccfc6d4b" outcome="Passed" testListId="8c84fa94-04c1-424b-9868-57a2d4851a1d" relativeResultsDirectory="8bab6343-156d-4f30-b420-311f7a4e0af4" />
    <UnitTestResult executionId="76d6ab05-8850-435c-bb1b-6271b7122c75" testId="9b729b7e-a306-20a1-7040-eda547fe8bec" testName="Appostolic.Api.Tests.E2E.AgentTasksE2E_HappyPath.EndToEnd_CreatesTask_RunsToSuccess_TracesAndTokensPresent" computerName="MacBook-Pro-2" duration="00:00:00.2738341" startTime="2025-09-22T13:18:19.4583520-05:00" endTime="2025-09-22T13:18:19.4583520-05:00" testType="13cdc9d9-ddb5-4fa4-a97d-d965ccfc6d4b" outcome="Passed" testListId="8c84fa94-04c1-424b-9868-57a2d4851a1d" relativeResultsDirectory="76d6ab05-8850-435c-bb1b-6271b7122c75" />
    <UnitTestResult executionId="ca259030-6731-4e68-863c-d04b547a0f5c" testId="471ada29-d1b9-b714-f87d-61c9b416c255" testName="Appostolic.Api.Tests.Privacy.PIIRedactorTests.RedactPhone_Works(input: &quot;+1 (555) 123-4567&quot;, expected: &quot;***4567&quot;)" computerName="MacBook-Pro-2" duration="00:00:00.0000020" startTime="2025-09-22T13:18:29.0515270-05:00" endTime="2025-09-22T13:18:29.0515270-05:00" testType="13cdc9d9-ddb5-4fa4-a97d-d965ccfc6d4b" outcome="Passed" testListId="8c84fa94-04c1-424b-9868-57a2d4851a1d" relativeResultsDirectory="ca259030-6731-4e68-863c-d04b547a0f5c" />
    <UnitTestResult executionId="23bf1271-4eda-46d0-afa2-2f207b52de57" testId="fc6317ac-4f9e-d443-bb9c-db2ea41d1b6d" testName="Appostolic.Api.Tests.Api.AssignmentsApiTests.Non_admin_cannot_set_roles" computerName="MacBook-Pro-2" duration="00:00:00.0031942" startTime="2025-09-22T13:18:14.0703610-05:00" endTime="2025-09-22T13:18:14.0703610-05:00" testType="13cdc9d9-ddb5-4fa4-a97d-d965ccfc6d4b" outcome="Passed" testListId="8c84fa94-04c1-424b-9868-57a2d4851a1d" relativeResultsDirectory="23bf1271-4eda-46d0-afa2-2f207b52de57" />
    <UnitTestResult executionId="b1697e91-85b2-4e0a-bb35-44ce5e8fd2dc" testId="aba3fbd3-bcbc-9249-c5c5-7eefeb58f8d5" testName="Appostolic.Api.Tests.Api.TenantSettingsEndpointsTests.Delete_Logo_Removes_Metadata" computerName="MacBook-Pro-2" duration="00:00:00.0158097" startTime="2025-09-22T13:18:27.2830400-05:00" endTime="2025-09-22T13:18:27.2830400-05:00" testType="13cdc9d9-ddb5-4fa4-a97d-d965ccfc6d4b" outcome="Passed" testListId="8c84fa94-04c1-424b-9868-57a2d4851a1d" relativeResultsDirectory="b1697e91-85b2-4e0a-bb35-44ce5e8fd2dc" />
    <UnitTestResult executionId="1d3d887f-00d1-469f-9f11-1a372634cfd2" testId="f0e4d307-078d-a4e0-f168-b961578cd197" testName="Appostolic.Api.Tests.Security.RoleAuthorizationTests.CreatorPolicy_Denies_WhenNoMembership" computerName="MacBook-Pro-2" duration="00:00:00.0013977" startTime="2025-09-22T13:18:25.2383150-05:00" endTime="2025-09-22T13:18:25.2383150-05:00" testType="13cdc9d9-ddb5-4fa4-a97d-d965ccfc6d4b" outcome="Passed" testListId="8c84fa94-04c1-424b-9868-57a2d4851a1d" relativeResultsDirectory="1d3d887f-00d1-469f-9f11-1a372634cfd2" />
    <UnitTestResult executionId="6a327390-a0df-489a-9fe6-28d3fdde7d16" testId="6a6d73d7-7d30-455c-71a4-79ea460d8c8c" testName="Appostolic.Api.Tests.Notifications.RedisTransportPrivacyTests.EnqueueFailure_LogsErrorWithoutPayloadContents" computerName="MacBook-Pro-2" duration="00:00:00.0330055" startTime="2025-09-22T13:18:25.2120900-05:00" endTime="2025-09-22T13:18:25.2120900-05:00" testType="13cdc9d9-ddb5-4fa4-a97d-d965ccfc6d4b" outcome="Passed" testListId="8c84fa94-04c1-424b-9868-57a2d4851a1d" relativeResultsDirectory="6a327390-a0df-489a-9fe6-28d3fdde7d16" />
    <UnitTestResult executionId="a7244a4c-6d79-4253-abf9-6edf1d1516eb" testId="eac43a08-1201-428f-7efa-904ba4876682" testName="Appostolic.Api.Tests.Api.UserAvatarEndpointsTests.UploadAvatar_Rejects_TooLarge" computerName="MacBook-Pro-2" duration="00:00:00.1803892" startTime="2025-09-22T13:18:16.0898550-05:00" endTime="2025-09-22T13:18:16.0898550-05:00" testType="13cdc9d9-ddb5-4fa4-a97d-d965ccfc6d4b" outcome="Passed" testListId="8c84fa94-04c1-424b-9868-57a2d4851a1d" relativeResultsDirectory="a7244a4c-6d79-4253-abf9-6edf1d1516eb" />
    <UnitTestResult executionId="dc6c22ba-2b2b-4a23-9061-7d83cfe0bd8a" testId="f0724dde-c441-a83f-2f8e-78db9d6adb66" testName="Appostolic.Api.Tests.AgentTasks.AgentTasksListFilterPaginationTests.Status_Filter_Is_CaseInsensitive" computerName="MacBook-Pro-2" duration="00:00:00.0034947" startTime="2025-09-22T13:18:12.2708930-05:00" endTime="2025-09-22T13:18:12.2708930-05:00" testType="13cdc9d9-ddb5-4fa4-a97d-d965ccfc6d4b" outcome="Failed" testListId="8c84fa94-04c1-424b-9868-57a2d4851a1d" relativeResultsDirectory="dc6c22ba-2b2b-4a23-9061-7d83cfe0bd8a">
      <Output>
        <ErrorInfo>
          <Message>System.Net.Http.HttpRequestException : Response status code does not indicate success: 401 (Unauthorized).</Message>
          <StackTrace>   at System.Net.Http.HttpResponseMessage.EnsureSuccessStatusCode()
   at Appostolic.Api.Tests.AgentTasks.AgentTasksTestBase.CreateTaskAsync(Guid agentId, Object input, Nullable`1 enqueueDelayMs, Boolean suppressEnqueue) in /Users/kevinmccreary/appostolic/apps/api.tests/AgentTasks/AgentTasksTestBase.cs:line 89
   at Appostolic.Api.Tests.AgentTasks.AgentTasksListFilterPaginationTests.Status_Filter_Is_CaseInsensitive() in /Users/kevinmccreary/appostolic/apps/api.tests/AgentTasks/AgentTasksListFilterPaginationTests.cs:line 48
--- End of stack trace from previous location ---</StackTrace>
        </ErrorInfo>
      </Output>
    </UnitTestResult>
    <UnitTestResult executionId="c78e47a7-9c80-4db0-89bf-dfd4449cee1a" testId="897896ab-cee9-9ca5-ec01-253d0f0d6b3c" testName="Appostolic.Api.Tests.Api.DevGrantRolesEndpointTests.Grants_roles_to_new_user_and_membership" computerName="MacBook-Pro-2" duration="00:00:00.1644019" startTime="2025-09-22T13:18:35.2930750-05:00" endTime="2025-09-22T13:18:35.2930750-05:00" testType="13cdc9d9-ddb5-4fa4-a97d-d965ccfc6d4b" outcome="Passed" testListId="8c84fa94-04c1-424b-9868-57a2d4851a1d" relativeResultsDirectory="c78e47a7-9c80-4db0-89bf-dfd4449cee1a" />
    <UnitTestResult executionId="6e7abb59-ab1e-4568-8d7a-8684debc6ac6" testId="efe354b5-5489-bbb2-88ee-c8f998cb6176" testName="Appostolic.Api.Tests.AgentTasks.AgentTasksListFilterPaginationTests.Agent_Filter_Returns_Only_Matching" computerName="MacBook-Pro-2" duration="00:00:00.0024856" startTime="2025-09-22T13:18:12.2735560-05:00" endTime="2025-09-22T13:18:12.2735570-05:00" testType="13cdc9d9-ddb5-4fa4-a97d-d965ccfc6d4b" outcome="Failed" testListId="8c84fa94-04c1-424b-9868-57a2d4851a1d" relativeResultsDirectory="6e7abb59-ab1e-4568-8d7a-8684debc6ac6">
      <Output>
        <ErrorInfo>
          <Message>System.Net.Http.HttpRequestException : Response status code does not indicate success: 401 (Unauthorized).</Message>
          <StackTrace>   at System.Net.Http.HttpResponseMessage.EnsureSuccessStatusCode()
   at Appostolic.Api.Tests.AgentTasks.AgentTasksTestBase.CreateTaskAsync(Guid agentId, Object input, Nullable`1 enqueueDelayMs, Boolean suppressEnqueue) in /Users/kevinmccreary/appostolic/apps/api.tests/AgentTasks/AgentTasksTestBase.cs:line 89
   at Appostolic.Api.Tests.AgentTasks.AgentTasksListFilterPaginationTests.Agent_Filter_Returns_Only_Matching() in /Users/kevinmccreary/appostolic/apps/api.tests/AgentTasks/AgentTasksListFilterPaginationTests.cs:line 66
--- End of stack trace from previous location ---</StackTrace>
        </ErrorInfo>
      </Output>
    </UnitTestResult>
    <UnitTestResult executionId="0b745d15-9a75-4294-b20b-ee7c46538eb0" testId="54bfc83b-71cd-70be-2e17-0d354a18b25a" testName="Appostolic.Api.Tests.Notifications.NotificationsRetentionTests.Purger_removes_expired_dedupes_and_old_notifications" computerName="MacBook-Pro-2" duration="00:00:00.0039941" startTime="2025-09-22T13:18:35.3184520-05:00" endTime="2025-09-22T13:18:35.3184520-05:00" testType="13cdc9d9-ddb5-4fa4-a97d-d965ccfc6d4b" outcome="Passed" testListId="8c84fa94-04c1-424b-9868-57a2d4851a1d" relativeResultsDirectory="0b745d15-9a75-4294-b20b-ee7c46538eb0" />
    <UnitTestResult executionId="776780b7-5c23-45c3-abe0-08d082085530" testId="6b0df781-2303-2b77-2cc6-dbbd4c3e9e73" testName="Appostolic.Api.Tests.Api.AuditTrailTests.Set_roles_writes_audit_row_with_old_and_new_roles" computerName="MacBook-Pro-2" duration="00:00:00.0076757" startTime="2025-09-22T13:18:14.5615660-05:00" endTime="2025-09-22T13:18:14.5615660-05:00" testType="13cdc9d9-ddb5-4fa4-a97d-d965ccfc6d4b" outcome="Passed" testListId="8c84fa94-04c1-424b-9868-57a2d4851a1d" relativeResultsDirectory="776780b7-5c23-45c3-abe0-08d082085530" />
    <UnitTestResult executionId="75710b47-9305-4e77-9cbf-2db0e043b1f6" testId="40ebd0cf-bbbb-fdf7-f5ea-fbe8917da8c5" testName="Appostolic.Api.Tests.Auth.RefreshCookieHttpsTests.RefreshCookie_NotSecure_OverHttp" computerName="MacBook-Pro-2" duration="00:00:00.8286329" startTime="2025-09-22T13:18:28.6890470-05:00" endTime="2025-09-22T13:18:28.6890470-05:00" testType="13cdc9d9-ddb5-4fa4-a97d-d965ccfc6d4b" outcome="Passed" testListId="8c84fa94-04c1-424b-9868-57a2d4851a1d" relativeResultsDirectory="75710b47-9305-4e77-9cbf-2db0e043b1f6" />
    <UnitTestResult executionId="4fad3812-1fd9-44fd-b5e1-5d7a25736f0e" testId="50bfa641-c9bd-abef-802c-d66f9615bab2" testName="Appostolic.Api.AuthTests.MagicConsumeJwtTests.MagicConsume_IssuesNeutralAndTenantTokens" computerName="MacBook-Pro-2" duration="00:00:00.0053316" startTime="2025-09-22T13:18:08.9604870-05:00" endTime="2025-09-22T13:18:08.9604870-05:00" testType="13cdc9d9-ddb5-4fa4-a97d-d965ccfc6d4b" outcome="Passed" testListId="8c84fa94-04c1-424b-9868-57a2d4851a1d" relativeResultsDirectory="4fad3812-1fd9-44fd-b5e1-5d7a25736f0e" />
    <UnitTestResult executionId="ee039a68-722b-4f47-be23-5fbaa09f067a" testId="1cbf8040-fb9a-a69f-ea84-9d0fb171e9ce" testName="Appostolic.Api.Tests.Api.DenominationsMetadataTests.RequiresAuth" computerName="MacBook-Pro-2" duration="00:00:00.0028627" startTime="2025-09-22T13:18:09.1597210-05:00" endTime="2025-09-22T13:18:09.1597210-05:00" testType="13cdc9d9-ddb5-4fa4-a97d-d965ccfc6d4b" outcome="Passed" testListId="8c84fa94-04c1-424b-9868-57a2d4851a1d" relativeResultsDirectory="ee039a68-722b-4f47-be23-5fbaa09f067a" />
    <UnitTestResult executionId="2ade3a57-49a8-441e-a484-53f1ab83b1c5" testId="044b435e-ad6a-4304-9059-6c418c0c4c86" testName="Appostolic.Api.AuthTests.SelectTenantTests.SelectTenant_Succeeds_RotatesRefreshToken" computerName="MacBook-Pro-2" duration="00:00:00.2257189" startTime="2025-09-22T13:18:26.0342160-05:00" endTime="2025-09-22T13:18:26.0342160-05:00" testType="13cdc9d9-ddb5-4fa4-a97d-d965ccfc6d4b" outcome="Passed" testListId="8c84fa94-04c1-424b-9868-57a2d4851a1d" relativeResultsDirectory="2ade3a57-49a8-441e-a484-53f1ab83b1c5" />
    <UnitTestResult executionId="86a0fb67-04b8-4a49-bb90-3a61cb24fd28" testId="d23daa8f-5725-d1c6-7d7a-83c05e893d1b" testName="Appostolic.Api.Tests.Api.NotificationsProdEndpointsTests.Superadmin_can_list_cross_tenant" computerName="MacBook-Pro-2" duration="00:00:00.1738904" startTime="2025-09-22T13:18:13.8786570-05:00" endTime="2025-09-22T13:18:13.8786570-05:00" testType="13cdc9d9-ddb5-4fa4-a97d-d965ccfc6d4b" outcome="Passed" testListId="8c84fa94-04c1-424b-9868-57a2d4851a1d" relativeResultsDirectory="86a0fb67-04b8-4a49-bb90-3a61cb24fd28" />
    <UnitTestResult executionId="7907f45c-6df2-47b1-8ec7-8e810c6a3cc7" testId="92516c71-7710-d814-eb04-be7d523d5356" testName="Appostolic.Api.AuthTests.SelectTenantTests.SelectTenant_InvalidRefresh_Returns401" computerName="MacBook-Pro-2" duration="00:00:00.2554873" startTime="2025-09-22T13:18:25.8083470-05:00" endTime="2025-09-22T13:18:25.8083470-05:00" testType="13cdc9d9-ddb5-4fa4-a97d-d965ccfc6d4b" outcome="Passed" testListId="8c84fa94-04c1-424b-9868-57a2d4851a1d" relativeResultsDirectory="7907f45c-6df2-47b1-8ec7-8e810c6a3cc7" />
    <UnitTestResult executionId="356ba7a3-74ed-4a45-ac78-0be07d1efb2b" testId="6305e689-cee9-6a31-93d8-755b6c5fc935" testName="Appostolic.Api.Tests.Notifications.FieldEncryptionTests.Encrypts_And_Decrypts_On_Lease" computerName="MacBook-Pro-2" duration="00:00:00.0104134" startTime="2025-09-22T13:18:27.8598030-05:00" endTime="2025-09-22T13:18:27.8598030-05:00" testType="13cdc9d9-ddb5-4fa4-a97d-d965ccfc6d4b" outcome="Passed" testListId="8c84fa94-04c1-424b-9868-57a2d4851a1d" relativeResultsDirectory="356ba7a3-74ed-4a45-ac78-0be07d1efb2b" />
    <UnitTestResult executionId="2cc67cb6-f4fc-41fe-a80e-ceca15a6e775" testId="b946127e-e0db-c283-d88c-1557545efae6" testName="Appostolic.Api.Tests.Schema.LegacyRoleColumnRemovalTests.Membership_entity_legacy_Role_property_is_removed" computerName="MacBook-Pro-2" duration="00:00:00.0976665" startTime="2025-09-22T13:18:27.6833280-05:00" endTime="2025-09-22T13:18:27.6833280-05:00" testType="13cdc9d9-ddb5-4fa4-a97d-d965ccfc6d4b" outcome="Passed" testListId="8c84fa94-04c1-424b-9868-57a2d4851a1d" relativeResultsDirectory="2cc67cb6-f4fc-41fe-a80e-ceca15a6e775" />
    <UnitTestResult executionId="1f7da120-ea1b-4c12-8fb0-e6d2c611c305" testId="d59725be-2270-85f4-1a24-f28884383b83" testName="Appostolic.Api.Tests.Api.NotificationsAdminEndpointsTests.Resend_history_lists_children_with_paging_and_scoping" computerName="MacBook-Pro-2" duration="00:00:00.1657032" startTime="2025-09-22T13:18:17.7886460-05:00" endTime="2025-09-22T13:18:17.7886460-05:00" testType="13cdc9d9-ddb5-4fa4-a97d-d965ccfc6d4b" outcome="Passed" testListId="8c84fa94-04c1-424b-9868-57a2d4851a1d" relativeResultsDirectory="1f7da120-ea1b-4c12-8fb0-e6d2c611c305" />
    <UnitTestResult executionId="0da82817-8a56-4992-ba0b-bdde196a7a9b" testId="515d6282-fd19-872e-c191-d3eda2049a23" testName="Appostolic.Api.Tests.Api.AuthPasswordFlowsTests.ForgotPassword_AcceptsAndStoresToken_SendsEmail" computerName="MacBook-Pro-2" duration="00:00:00.0778127" startTime="2025-09-22T13:18:09.9380220-05:00" endTime="2025-09-22T13:18:09.9380220-05:00" testType="13cdc9d9-ddb5-4fa4-a97d-d965ccfc6d4b" outcome="Passed" testListId="8c84fa94-04c1-424b-9868-57a2d4851a1d" relativeResultsDirectory="0da82817-8a56-4992-ba0b-bdde196a7a9b" />
    <UnitTestResult executionId="47d13443-59a0-4ebf-8819-8dc1944b43d0" testId="cb3a79b8-8a20-d72b-fe66-3be39a479486" testName="Appostolic.Api.Tests.AgentOrchestratorTests.Cancellation_StopsMidRun" computerName="MacBook-Pro-2" duration="00:00:00.0133075" startTime="2025-09-22T13:18:25.5525390-05:00" endTime="2025-09-22T13:18:25.5525390-05:00" testType="13cdc9d9-ddb5-4fa4-a97d-d965ccfc6d4b" outcome="Passed" testListId="8c84fa94-04c1-424b-9868-57a2d4851a1d" relativeResultsDirectory="47d13443-59a0-4ebf-8819-8dc1944b43d0" />
    <UnitTestResult executionId="5a7e3e80-efda-435f-b76a-4675cc5916ed" testId="46709c0e-39a7-32eb-a6b2-6f7ada21050d" testName="Appostolic.Api.Tests.Api.TenantSettingsEndpointsTests.Upload_Logo_Succeeds_And_Stores_Metadata" computerName="MacBook-Pro-2" duration="00:00:00.2122200" startTime="2025-09-22T13:18:27.2595030-05:00" endTime="2025-09-22T13:18:27.2595030-05:00" testType="13cdc9d9-ddb5-4fa4-a97d-d965ccfc6d4b" outcome="Passed" testListId="8c84fa94-04c1-424b-9868-57a2d4851a1d" relativeResultsDirectory="5a7e3e80-efda-435f-b76a-4675cc5916ed" />
    <UnitTestResult executionId="e78de090-4d3f-4fe6-89e5-94ebb0e622d8" testId="019214c2-5ff4-3fed-608d-44f050052b40" testName="Appostolic.Api.Tests.Api.AssignmentsApiTests.List_memberships_requires_admin_and_returns_roles" computerName="MacBook-Pro-2" duration="00:00:00.0136507" startTime="2025-09-22T13:18:14.0669890-05:00" endTime="2025-09-22T13:18:14.0669890-05:00" testType="13cdc9d9-ddb5-4fa4-a97d-d965ccfc6d4b" outcome="Passed" testListId="8c84fa94-04c1-424b-9868-57a2d4851a1d" relativeResultsDirectory="e78de090-4d3f-4fe6-89e5-94ebb0e622d8" />
    <UnitTestResult executionId="5b0ca52e-7b58-4a44-a2cd-070ca7892a6e" testId="f53587d7-cc90-0182-8a77-44034bb01e5e" testName="Appostolic.Api.Tests.ModelMappingTests.Agent_indexes_are_configured_in_model" computerName="MacBook-Pro-2" duration="00:00:00.0002272" startTime="2025-09-22T13:18:27.8492970-05:00" endTime="2025-09-22T13:18:27.8492970-05:00" testType="13cdc9d9-ddb5-4fa4-a97d-d965ccfc6d4b" outcome="Passed" testListId="8c84fa94-04c1-424b-9868-57a2d4851a1d" relativeResultsDirectory="5b0ca52e-7b58-4a44-a2cd-070ca7892a6e" />
    <UnitTestResult executionId="6a426a40-c0ca-495b-9539-17f4f5bea6ba" testId="0210a45e-88de-5f73-c8f5-588d89c200fa" testName="Appostolic.Api.Tests.Api.UserPasswordEndpointsTests.Change_password_rejects_weak_password" computerName="MacBook-Pro-2" duration="00:00:00.1218720" startTime="2025-09-22T13:18:21.7594160-05:00" endTime="2025-09-22T13:18:21.7594160-05:00" testType="13cdc9d9-ddb5-4fa4-a97d-d965ccfc6d4b" outcome="Passed" testListId="8c84fa94-04c1-424b-9868-57a2d4851a1d" relativeResultsDirectory="6a426a40-c0ca-495b-9539-17f4f5bea6ba" />
    <UnitTestResult executionId="6c7f160a-4aae-4c40-b76c-3e690c186b7d" testId="8e56ee2d-296c-f180-2ad1-a3abd5b19292" testName="Appostolic.Api.Tests.AgentOrchestratorTests.ToolMissing_FailsWithToolNotFound" computerName="MacBook-Pro-2" duration="00:00:00.0007931" startTime="2025-09-22T13:18:25.5390880-05:00" endTime="2025-09-22T13:18:25.5390880-05:00" testType="13cdc9d9-ddb5-4fa4-a97d-d965ccfc6d4b" outcome="Passed" testListId="8c84fa94-04c1-424b-9868-57a2d4851a1d" relativeResultsDirectory="6c7f160a-4aae-4c40-b76c-3e690c186b7d" />
    <UnitTestResult executionId="28598194-4376-427f-b7f1-2018a1396348" testId="66792d28-b742-2184-22b7-0db1029dfc14" testName="Appostolic.Api.AuthTests.TestTokenFactoryTests.MintTenantToken_FlagDisabled_ReturnsNotFound" computerName="MacBook-Pro-2" duration="00:00:00.1604920" startTime="2025-09-22T13:18:24.7693750-05:00" endTime="2025-09-22T13:18:24.7693750-05:00" testType="13cdc9d9-ddb5-4fa4-a97d-d965ccfc6d4b" outcome="Passed" testListId="8c84fa94-04c1-424b-9868-57a2d4851a1d" relativeResultsDirectory="28598194-4376-427f-b7f1-2018a1396348" />
    <UnitTestResult executionId="9df53696-fff6-4ab7-9c99-fd705b548524" testId="30aa5bc1-9211-739f-532d-176c6c3c3a30" testName="Appostolic.Api.Tests.Orchestrator.AgentOrchestratorTests.MaxStepsExceeded_FailsAfterCap" computerName="MacBook-Pro-2" duration="00:00:00.0021077" startTime="2025-09-22T13:18:11.4067330-05:00" endTime="2025-09-22T13:18:11.4067330-05:00" testType="13cdc9d9-ddb5-4fa4-a97d-d965ccfc6d4b" outcome="Passed" testListId="8c84fa94-04c1-424b-9868-57a2d4851a1d" relativeResultsDirectory="9df53696-fff6-4ab7-9c99-fd705b548524" />
    <UnitTestResult executionId="bc0dc030-9127-4653-bd8c-55748b9e6a86" testId="03cb9965-4934-50d0-65d4-2c790e264e80" testName="Appostolic.Api.Tests.E2E.AgentTasksE2E_List.Inbox_List_Orders_By_CreatedAt_Desc_And_Pages" computerName="MacBook-Pro-2" duration="00:00:00.3644792" startTime="2025-09-22T13:18:29.7265910-05:00" endTime="2025-09-22T13:18:29.7265910-05:00" testType="13cdc9d9-ddb5-4fa4-a97d-d965ccfc6d4b" outcome="Passed" testListId="8c84fa94-04c1-424b-9868-57a2d4851a1d" relativeResultsDirectory="bc0dc030-9127-4653-bd8c-55748b9e6a86" />
    <UnitTestResult executionId="36142a13-bb36-482a-b291-6659adb96111" testId="1cdc3975-db1c-58f2-7286-fa267b0aafb8" testName="Appostolic.Api.Tests.Auth.RefreshEndpointTests.Refresh_Fails_On_Reusing_Rotated_Token" computerName="MacBook-Pro-2" duration="00:00:00.7213245" startTime="2025-09-22T13:18:34.9042690-05:00" endTime="2025-09-22T13:18:34.9042690-05:00" testType="13cdc9d9-ddb5-4fa4-a97d-d965ccfc6d4b" outcome="Passed" testListId="8c84fa94-04c1-424b-9868-57a2d4851a1d" relativeResultsDirectory="36142a13-bb36-482a-b291-6659adb96111" />
    <UnitTestResult executionId="71b66dd0-84b9-48dc-9f09-aa7330f878e2" testId="e9aa22ea-bb1f-2db1-1f5f-4cc83d5fa1bd" testName="Appostolic.Api.Tests.Api.MembersManagementTests.TenantAdmin_can_add_TenantAdmin_flag_to_member" computerName="MacBook-Pro-2" duration="00:00:00.0159326" startTime="2025-09-22T13:18:12.5098370-05:00" endTime="2025-09-22T13:18:12.5098370-05:00" testType="13cdc9d9-ddb5-4fa4-a97d-d965ccfc6d4b" outcome="Passed" testListId="8c84fa94-04c1-424b-9868-57a2d4851a1d" relativeResultsDirectory="71b66dd0-84b9-48dc-9f09-aa7330f878e2" />
    <UnitTestResult executionId="3fd22978-c063-4553-8a9a-537a49404c2a" testId="de1a3f8c-fdc8-053c-df76-ab275a18af97" testName="Appostolic.Api.Tests.Security.RoleAuthorizationTests.ApplyRoleChange_Audits_WhenFlagsActuallyChange" computerName="MacBook-Pro-2" duration="00:00:00.0017121" startTime="2025-09-22T13:18:25.2400530-05:00" endTime="2025-09-22T13:18:25.2400530-05:00" testType="13cdc9d9-ddb5-4fa4-a97d-d965ccfc6d4b" outcome="Passed" testListId="8c84fa94-04c1-424b-9868-57a2d4851a1d" relativeResultsDirectory="3fd22978-c063-4553-8a9a-537a49404c2a" />
    <UnitTestResult executionId="63068c4c-e16d-47bd-8c2a-e8732a831703" testId="57eb4321-b137-5017-063e-e3e669ff6aa8" testName="Appostolic.Api.Tests.E2E.NotificationsE2E_Mailhog.VerificationEmail_reaches_Mailhog_and_outbox_marks_Sent" computerName="MacBook-Pro-2" duration="00:00:00.0184682" startTime="2025-09-22T13:18:19.9787670-05:00" endTime="2025-09-22T13:18:19.9787670-05:00" testType="13cdc9d9-ddb5-4fa4-a97d-d965ccfc6d4b" outcome="Passed" testListId="8c84fa94-04c1-424b-9868-57a2d4851a1d" relativeResultsDirectory="63068c4c-e16d-47bd-8c2a-e8732a831703" />
    <UnitTestResult executionId="51f84952-56c1-4e14-97dc-af08bce7e4bf" testId="cc013720-f8b7-b972-40e8-34c7328bfdae" testName="Appostolic.Api.Tests.Orchestrator.AgentOrchestratorTests.ToolNotAllowed_FailsAndTracesFailure" computerName="MacBook-Pro-2" duration="00:00:00.0049636" startTime="2025-09-22T13:18:11.4117480-05:00" endTime="2025-09-22T13:18:11.4117480-05:00" testType="13cdc9d9-ddb5-4fa4-a97d-d965ccfc6d4b" outcome="Passed" testListId="8c84fa94-04c1-424b-9868-57a2d4851a1d" relativeResultsDirectory="51f84952-56c1-4e14-97dc-af08bce7e4bf" />
    <UnitTestResult executionId="5aaeace0-7ecb-4e28-acf7-efa823d6924e" testId="be1de379-3abe-1f02-3816-c02bcfed7529" testName="Appostolic.Api.Tests.Api.UserPasswordEndpointsTests.Change_password_succeeds_with_valid_current" computerName="MacBook-Pro-2" duration="00:00:00.6652903" startTime="2025-09-22T13:18:22.4249020-05:00" endTime="2025-09-22T13:18:22.4249020-05:00" testType="13cdc9d9-ddb5-4fa4-a97d-d965ccfc6d4b" outcome="Passed" testListId="8c84fa94-04c1-424b-9868-57a2d4851a1d" relativeResultsDirectory="5aaeace0-7ecb-4e28-acf7-efa823d6924e" />
    <UnitTestResult executionId="0963b5fd-dfc3-4c91-a6cb-d319d23939ee" testId="e4ef9dda-68e5-63b6-ccb6-0b8c602aab58" testName="Appostolic.Api.Tests.Notifications.AutoResendScannerTests.Skips_when_disabled" computerName="MacBook-Pro-2" duration="00:00:00.0015067" startTime="2025-09-22T13:18:22.6368300-05:00" endTime="2025-09-22T13:18:22.6368300-05:00" testType="13cdc9d9-ddb5-4fa4-a97d-d965ccfc6d4b" outcome="Passed" testListId="8c84fa94-04c1-424b-9868-57a2d4851a1d" relativeResultsDirectory="0963b5fd-dfc3-4c91-a6cb-d319d23939ee" />
    <UnitTestResult executionId="a6056fcb-308f-4885-9684-b5ac959b4f45" testId="fc8062f2-c6b8-9311-dc63-8d39d262fd14" testName="Appostolic.Api.AuthTests.LoginRolesConvergenceTests.Login_DoesNotMutate_MismatchedRolesBitmask_AfterLegacyConvergenceRemoval" computerName="MacBook-Pro-2" duration="00:00:00.3695557" startTime="2025-09-22T13:18:24.6083670-05:00" endTime="2025-09-22T13:18:24.6083670-05:00" testType="13cdc9d9-ddb5-4fa4-a97d-d965ccfc6d4b" outcome="Passed" testListId="8c84fa94-04c1-424b-9868-57a2d4851a1d" relativeResultsDirectory="a6056fcb-308f-4885-9684-b5ac959b4f45" />
    <UnitTestResult executionId="5554a1a7-5954-46e1-ba01-1685fa83ffee" testId="94ec43a1-8d1a-e493-b213-b33a5a6877b2" testName="FsWriteToolTests.Rejects_path_traversal" computerName="MacBook-Pro-2" duration="00:00:00.0006835" startTime="2025-09-22T13:18:19.5742500-05:00" endTime="2025-09-22T13:18:19.5742500-05:00" testType="13cdc9d9-ddb5-4fa4-a97d-d965ccfc6d4b" outcome="Passed" testListId="8c84fa94-04c1-424b-9868-57a2d4851a1d" relativeResultsDirectory="5554a1a7-5954-46e1-ba01-1685fa83ffee" />
    <UnitTestResult executionId="bc532541-dff5-413a-b6d8-ba0113f41b27" testId="5818c4b0-5040-ff57-2a21-3715c31b378e" testName="Appostolic.Api.Tests.NotificationEnqueuerTests.QueueInvite_uses_relative_when_base_missing" computerName="MacBook-Pro-2" duration="00:00:00.0010818" startTime="2025-09-22T13:18:11.4286560-05:00" endTime="2025-09-22T13:18:11.4286560-05:00" testType="13cdc9d9-ddb5-4fa4-a97d-d965ccfc6d4b" outcome="Passed" testListId="8c84fa94-04c1-424b-9868-57a2d4851a1d" relativeResultsDirectory="bc532541-dff5-413a-b6d8-ba0113f41b27" />
    <UnitTestResult executionId="16ae7266-4115-4c37-92c0-f255213bb65d" testId="e654c6ff-e79b-0f0d-7ecf-a4648dc0cf91" testName="Appostolic.Api.Tests.Orchestrator.AgentOrchestratorTests.HappyPath_ModelPlansToolThenFinal_SucceedsWithTwoTraces" computerName="MacBook-Pro-2" duration="00:00:00.0027949" startTime="2025-09-22T13:18:11.4158660-05:00" endTime="2025-09-22T13:18:11.4158660-05:00" testType="13cdc9d9-ddb5-4fa4-a97d-d965ccfc6d4b" outcome="Passed" testListId="8c84fa94-04c1-424b-9868-57a2d4851a1d" relativeResultsDirectory="16ae7266-4115-4c37-92c0-f255213bb65d" />
    <UnitTestResult executionId="8be7b588-459e-4919-b48c-5681890eee30" testId="42302051-1625-6136-82c7-cb8536b0fb08" testName="Appostolic.Api.Tests.Schema.SchemaAbsenceTests.SchemaDoesNotIncludeLegacyRoleColumn" computerName="MacBook-Pro-2" duration="00:00:00.1140279" startTime="2025-09-22T13:18:15.2140080-05:00" endTime="2025-09-22T13:18:15.2140080-05:00" testType="13cdc9d9-ddb5-4fa4-a97d-d965ccfc6d4b" outcome="Passed" testListId="8c84fa94-04c1-424b-9868-57a2d4851a1d" relativeResultsDirectory="8be7b588-459e-4919-b48c-5681890eee30" />
    <UnitTestResult executionId="665f21c9-1517-42af-9241-ea0636ce98ab" testId="4f93dd2b-351a-bca6-2b8b-95fc20f20ddd" testName="Appostolic.Api.Tests.AgentTasks.AgentTasksListFilterPaginationTests.Paging_Returns_XTotalCount_And_DescOrdering" computerName="MacBook-Pro-2" duration="00:00:00.0119957" startTime="2025-09-22T13:18:12.2860400-05:00" endTime="2025-09-22T13:18:12.2860400-05:00" testType="13cdc9d9-ddb5-4fa4-a97d-d965ccfc6d4b" outcome="Failed" testListId="8c84fa94-04c1-424b-9868-57a2d4851a1d" relativeResultsDirectory="665f21c9-1517-42af-9241-ea0636ce98ab">
      <Output>
        <ErrorInfo>
          <Message>System.Net.Http.HttpRequestException : Response status code does not indicate success: 401 (Unauthorized).</Message>
          <StackTrace>   at System.Net.Http.HttpResponseMessage.EnsureSuccessStatusCode()
   at Appostolic.Api.Tests.AgentTasks.AgentTasksTestBase.CreateTaskAsync(Guid agentId, Object input, Nullable`1 enqueueDelayMs, Boolean suppressEnqueue) in /Users/kevinmccreary/appostolic/apps/api.tests/AgentTasks/AgentTasksTestBase.cs:line 89
   at Appostolic.Api.Tests.AgentTasks.AgentTasksListFilterPaginationTests.Paging_Returns_XTotalCount_And_DescOrdering() in /Users/kevinmccreary/appostolic/apps/api.tests/AgentTasks/AgentTasksListFilterPaginationTests.cs:line 16
--- End of stack trace from previous location ---</StackTrace>
        </ErrorInfo>
      </Output>
    </UnitTestResult>
    <UnitTestResult executionId="ef054be0-d521-4971-9d22-b835b9033e89" testId="10869424-9c0a-3745-5234-aab9897a3cf9" testName="Appostolic.Api.Tests.Api.LegacyRoleWritePathDeprecationTests.Member_role_change_with_legacy_role_is_rejected" computerName="MacBook-Pro-2" duration="00:00:00.0049046" startTime="2025-09-22T13:18:19.1840160-05:00" endTime="2025-09-22T13:18:19.1840160-05:00" testType="13cdc9d9-ddb5-4fa4-a97d-d965ccfc6d4b" outcome="Passed" testListId="8c84fa94-04c1-424b-9868-57a2d4851a1d" relativeResultsDirectory="ef054be0-d521-4971-9d22-b835b9033e89" />
    <UnitTestResult executionId="d7b89531-a53b-4226-b982-c809b7b9d48f" testId="5e1526f9-c3e0-51f3-abc4-2ebcbe37e4d8" testName="Appostolic.Api.Tests.Api.MembersManagementTests.Remove_non_admin_member" computerName="MacBook-Pro-2" duration="00:00:00.0091553" startTime="2025-09-22T13:18:12.4937090-05:00" endTime="2025-09-22T13:18:12.4937090-05:00" testType="13cdc9d9-ddb5-4fa4-a97d-d965ccfc6d4b" outcome="Passed" testListId="8c84fa94-04c1-424b-9868-57a2d4851a1d" relativeResultsDirectory="d7b89531-a53b-4226-b982-c809b7b9d48f" />
    <UnitTestResult executionId="daed5f77-7b5a-40c2-b9bb-bf7b17085772" testId="f397170a-390b-6658-7a65-2034c30cf829" testName="Appostolic.Api.Tests.Auth.AuthMetricsTests.PlaintextCountersIncrement" computerName="MacBook-Pro-2" duration="00:00:00.0018390" startTime="2025-09-22T13:18:10.2866440-05:00" endTime="2025-09-22T13:18:10.2866440-05:00" testType="13cdc9d9-ddb5-4fa4-a97d-d965ccfc6d4b" outcome="Passed" testListId="8c84fa94-04c1-424b-9868-57a2d4851a1d" relativeResultsDirectory="daed5f77-7b5a-40c2-b9bb-bf7b17085772" />
    <UnitTestResult executionId="9ad82f69-6ef4-4a9f-ae21-8a9a694a7d71" testId="b9af0f84-0079-b683-0d77-346a6542b5b4" testName="Appostolic.Api.Tests.NotificationEnqueuerTests.QueueInvite_enqueues_correct_message" computerName="MacBook-Pro-2" duration="00:00:00.0082421" startTime="2025-09-22T13:18:11.4274440-05:00" endTime="2025-09-22T13:18:11.4274440-05:00" testType="13cdc9d9-ddb5-4fa4-a97d-d965ccfc6d4b" outcome="Passed" testListId="8c84fa94-04c1-424b-9868-57a2d4851a1d" relativeResultsDirectory="9ad82f69-6ef4-4a9f-ae21-8a9a694a7d71" />
    <UnitTestResult executionId="b9f5e87e-d322-45d5-836e-33591c425e83" testId="e7581818-0663-f767-821c-25fbea112d88" testName="Appostolic.Api.Tests.Privacy.PIIHasherTests.HashPhone_Differs_WithDifferentPepper" computerName="MacBook-Pro-2" duration="00:00:00.0008020" startTime="2025-09-22T13:18:29.7343090-05:00" endTime="2025-09-22T13:18:29.7343090-05:00" testType="13cdc9d9-ddb5-4fa4-a97d-d965ccfc6d4b" outcome="Passed" testListId="8c84fa94-04c1-424b-9868-57a2d4851a1d" relativeResultsDirectory="b9f5e87e-d322-45d5-836e-33591c425e83" />
    <UnitTestResult executionId="24ee46a0-b9c2-43b3-8d55-e6b26e5e73c4" testId="4f12e680-b238-5f1e-d786-32a29acea93b" testName="Appostolic.Api.Tests.EmailProviderSelectionTests.Resolves_SendGrid_sender_when_provider_sendgrid" computerName="MacBook-Pro-2" duration="00:00:00.1123903" startTime="2025-09-22T13:18:11.1391090-05:00" endTime="2025-09-22T13:18:11.1391090-05:00" testType="13cdc9d9-ddb5-4fa4-a97d-d965ccfc6d4b" outcome="Passed" testListId="8c84fa94-04c1-424b-9868-57a2d4851a1d" relativeResultsDirectory="24ee46a0-b9c2-43b3-8d55-e6b26e5e73c4" />
    <UnitTestResult executionId="b81d5cd9-6c0d-463b-823a-b04c34e1d2d0" testId="e0490bb8-aa59-1f9f-bf54-68d5345c1ea9" testName="Appostolic.Api.Tests.Api._GenerateValid1x1PngBase64Tests.Print_Base64_For_Valid_1x1_Png" computerName="MacBook-Pro-2" duration="00:00:00.0007642" startTime="2025-09-22T13:18:35.1284190-05:00" endTime="2025-09-22T13:18:35.1284190-05:00" testType="13cdc9d9-ddb5-4fa4-a97d-d965ccfc6d4b" outcome="Passed" testListId="8c84fa94-04c1-424b-9868-57a2d4851a1d" relativeResultsDirectory="b81d5cd9-6c0d-463b-823a-b04c34e1d2d0" />
    <UnitTestResult executionId="9f699d05-c990-451d-abc1-332a116b5da1" testId="79403e37-7823-d8d7-7290-f467456876fa" testName="Appostolic.Api.Tests.Model.TokenEstimatorTests.EstimateTokens_Heuristic_CeilPer4Chars(text: &quot;a&quot;, expected: 1)" computerName="MacBook-Pro-2" duration="00:00:00.0000020" startTime="2025-09-22T13:18:27.8601330-05:00" endTime="2025-09-22T13:18:27.8601330-05:00" testType="13cdc9d9-ddb5-4fa4-a97d-d965ccfc6d4b" outcome="Passed" testListId="8c84fa94-04c1-424b-9868-57a2d4851a1d" relativeResultsDirectory="9f699d05-c990-451d-abc1-332a116b5da1" />
    <UnitTestResult executionId="441e2dbb-00e3-4899-870a-089e97b4df1e" testId="b1a86b7e-f06f-d34f-562a-cebd2aadc4a9" testName="Appostolic.Api.Tests.Auth.AccessTokenVersionTests.AccessToken_BecomesInvalid_AfterPasswordChange_IncrementsTokenVersion" computerName="MacBook-Pro-2" duration="00:00:00.6240776" startTime="2025-09-22T13:18:10.9155800-05:00" endTime="2025-09-22T13:18:10.9155800-05:00" testType="13cdc9d9-ddb5-4fa4-a97d-d965ccfc6d4b" outcome="Passed" testListId="8c84fa94-04c1-424b-9868-57a2d4851a1d" relativeResultsDirectory="441e2dbb-00e3-4899-870a-089e97b4df1e" />
    <UnitTestResult executionId="ca05655f-1ca8-42de-b08b-7f5fd248b653" testId="6447b752-ca58-5092-2c5d-d1f5fe58b5dc" testName="WebSearchToolTests.Empty_query_returns_empty" computerName="MacBook-Pro-2" duration="00:00:00.0013162" startTime="2025-09-22T13:18:29.3581750-05:00" endTime="2025-09-22T13:18:29.3581750-05:00" testType="13cdc9d9-ddb5-4fa4-a97d-d965ccfc6d4b" outcome="Passed" testListId="8c84fa94-04c1-424b-9868-57a2d4851a1d" relativeResultsDirectory="ca05655f-1ca8-42de-b08b-7f5fd248b653" />
    <UnitTestResult executionId="5f7306a9-bead-4bce-a8a6-799a05f614ef" testId="4557fdb8-1797-8b2f-35d3-3d9ce64f7b6b" testName="Appostolic.Api.Tests.Api.MembersManagementTests.Cannot_remove_last_TenantAdmin" computerName="MacBook-Pro-2" duration="00:00:00.1924919" startTime="2025-09-22T13:18:12.4843460-05:00" endTime="2025-09-22T13:18:12.4843460-05:00" testType="13cdc9d9-ddb5-4fa4-a97d-d965ccfc6d4b" outcome="Passed" testListId="8c84fa94-04c1-424b-9868-57a2d4851a1d" relativeResultsDirectory="5f7306a9-bead-4bce-a8a6-799a05f614ef" />
    <UnitTestResult executionId="7d5ed5bd-a869-42ab-965c-54e33276248c" testId="9c1c1d38-5e04-c1b2-1a0f-96d8d4d8348a" testName="Appostolic.Api.Tests.Api.AssignmentsApiTests.Set_roles_returns_404_when_membership_missing_and_400_for_invalid_flag" computerName="MacBook-Pro-2" duration="00:00:00.0067733" startTime="2025-09-22T13:18:14.0477570-05:00" endTime="2025-09-22T13:18:14.0477570-05:00" testType="13cdc9d9-ddb5-4fa4-a97d-d965ccfc6d4b" outcome="Passed" testListId="8c84fa94-04c1-424b-9868-57a2d4851a1d" relativeResultsDirectory="7d5ed5bd-a869-42ab-965c-54e33276248c" />
    <UnitTestResult executionId="209c4054-84a5-4e07-891a-5d28d4c37857" testId="bde04400-fb2a-d1b4-e9d5-727f1b9bbed1" testName="Appostolic.Api.Tests.EmailDispatcherTests.Dispatcher_redacts_email_in_log_scope" computerName="MacBook-Pro-2" duration="00:00:00.0015894" startTime="2025-09-22T13:18:12.9367980-05:00" endTime="2025-09-22T13:18:12.9367980-05:00" testType="13cdc9d9-ddb5-4fa4-a97d-d965ccfc6d4b" outcome="Passed" testListId="8c84fa94-04c1-424b-9868-57a2d4851a1d" relativeResultsDirectory="209c4054-84a5-4e07-891a-5d28d4c37857" />
    <UnitTestResult executionId="41e0a256-255f-4926-bfe4-bcdf04611b3b" testId="87a5b8a9-e5bd-8c6e-5a6c-5815a0bd8c39" testName="Appostolic.Api.Tests.Worker.AgentTaskWorkerTests.Pending_To_Running_To_Succeeded_With_Traces" computerName="MacBook-Pro-2" duration="00:00:00.1100659" startTime="2025-09-22T13:18:19.5685770-05:00" endTime="2025-09-22T13:18:19.5685770-05:00" testType="13cdc9d9-ddb5-4fa4-a97d-d965ccfc6d4b" outcome="Passed" testListId="8c84fa94-04c1-424b-9868-57a2d4851a1d" relativeResultsDirectory="41e0a256-255f-4926-bfe4-bcdf04611b3b" />
    <UnitTestResult executionId="b92af9b4-0b9b-474e-bbe9-5f98c740f6e7" testId="a8bb0fab-56c6-938a-460b-3d46baedbbb6" testName="Appostolic.Api.Tests.Storage.ObjectStorageDeleteTests.Local_DeleteAsync_RemovesFile_WhenPresent" computerName="MacBook-Pro-2" duration="00:00:00.0009054" startTime="2025-09-22T13:18:16.3351960-05:00" endTime="2025-09-22T13:18:16.3351960-05:00" testType="13cdc9d9-ddb5-4fa4-a97d-d965ccfc6d4b" outcome="Passed" testListId="8c84fa94-04c1-424b-9868-57a2d4851a1d" relativeResultsDirectory="b92af9b4-0b9b-474e-bbe9-5f98c740f6e7" />
    <UnitTestResult executionId="81b7a46d-4d4a-4f06-b8d0-496eac1893b2" testId="c8cdac31-ad32-9a02-508c-02a988e5e017" testName="DbQueryToolTests.Reject_non_select" computerName="MacBook-Pro-2" duration="00:00:00.0004182" startTime="2025-09-22T13:18:32.9830230-05:00" endTime="2025-09-22T13:18:32.9830230-05:00" testType="13cdc9d9-ddb5-4fa4-a97d-d965ccfc6d4b" outcome="Passed" testListId="8c84fa94-04c1-424b-9868-57a2d4851a1d" relativeResultsDirectory="81b7a46d-4d4a-4f06-b8d0-496eac1893b2" />
    <UnitTestResult executionId="7613a506-49c2-4e89-8fb3-938890f14be8" testId="33c114dd-901b-348b-cb07-4ff32816218d" testName="Appostolic.Api.Tests.AgentConstraintTests.Agent_MaxSteps_out_of_range_throws_in_domain_constructor" computerName="MacBook-Pro-2" duration="00:00:00.0005934" startTime="2025-09-22T13:18:23.8271820-05:00" endTime="2025-09-22T13:18:23.8271820-05:00" testType="13cdc9d9-ddb5-4fa4-a97d-d965ccfc6d4b" outcome="Passed" testListId="8c84fa94-04c1-424b-9868-57a2d4851a1d" relativeResultsDirectory="7613a506-49c2-4e89-8fb3-938890f14be8" />
    <UnitTestResult executionId="3e540c07-5ef4-47e1-a35b-f7d406c3cbd6" testId="14d738f3-d455-8460-7967-9bdaa9faefb8" testName="Appostolic.Api.AuthTests.AuthTestClientTests.UseAutoTenantAsync_AttachesTenantWhenAvailable" computerName="MacBook-Pro-2" duration="00:00:00.1559196" startTime="2025-09-22T13:18:14.7519760-05:00" endTime="2025-09-22T13:18:14.7519770-05:00" testType="13cdc9d9-ddb5-4fa4-a97d-d965ccfc6d4b" outcome="Passed" testListId="8c84fa94-04c1-424b-9868-57a2d4851a1d" relativeResultsDirectory="3e540c07-5ef4-47e1-a35b-f7d406c3cbd6" />
    <UnitTestResult executionId="9d926e89-0378-43db-a305-c992101db208" testId="7bfc22d7-9c12-bb6d-b1ad-6ad8a8f51b4d" testName="Appostolic.Api.Tests.Api.InvitesAcceptTests.Accept_SignedIn_User_Matches_Invite_Creates_Membership" computerName="MacBook-Pro-2" duration="00:00:00.1677057" startTime="2025-09-22T13:18:22.5938120-05:00" endTime="2025-09-22T13:18:22.5938120-05:00" testType="13cdc9d9-ddb5-4fa4-a97d-d965ccfc6d4b" outcome="Failed" testListId="8c84fa94-04c1-424b-9868-57a2d4851a1d" relativeResultsDirectory="9d926e89-0378-43db-a305-c992101db208">
      <Output>
        <ErrorInfo>
          <Message>System.InvalidOperationException : Expected tenant token for slug 'kevin-personal' but helper returned null.</Message>
          <StackTrace>   at Appostolic.Api.AuthTests.AuthTestClient.UseTenantAsync(HttpClient client, String email, String tenantSlug, Nullable`1 forceAllRoles) in /Users/kevinmccreary/appostolic/apps/api.tests/Auth/AuthTestClient.cs:line 36
   at Appostolic.Api.Tests.Api.InvitesAcceptTests.CreateTenantAuthedClientAsync(WebAppFactory f, String email, String tenantSlug) in /Users/kevinmccreary/appostolic/apps/api.tests/Api/InvitesAcceptTests.cs:line 21
   at Appostolic.Api.Tests.Api.InvitesAcceptTests.Accept_SignedIn_User_Matches_Invite_Creates_Membership() in /Users/kevinmccreary/appostolic/apps/api.tests/Api/InvitesAcceptTests.cs:line 66
--- End of stack trace from previous location ---</StackTrace>
        </ErrorInfo>
      </Output>
    </UnitTestResult>
    <UnitTestResult executionId="4df4517c-da68-4e60-b6e4-b11a33e9b759" testId="db7d0680-48d1-c1f1-4778-34baf73efb75" testName="Appostolic.Api.Tests.Api.AuditTrailTests.Set_roles_noop_second_call_does_not_duplicate_audit" computerName="MacBook-Pro-2" duration="00:00:00.1896767" startTime="2025-09-22T13:18:14.5536900-05:00" endTime="2025-09-22T13:18:14.5536900-05:00" testType="13cdc9d9-ddb5-4fa4-a97d-d965ccfc6d4b" outcome="Passed" testListId="8c84fa94-04c1-424b-9868-57a2d4851a1d" relativeResultsDirectory="4df4517c-da68-4e60-b6e4-b11a33e9b759" />
    <UnitTestResult executionId="6db39ef7-0712-4da1-b471-e724b5a1deef" testId="2e294ae5-fc9b-2692-1d65-f4ebb89ab5ef" testName="Appostolic.Api.Tests.Api.NotificationsAdminEndpointsTests.Dlq_replay_requeues_and_publishes_ids" computerName="MacBook-Pro-2" duration="00:00:00.1835320" startTime="2025-09-22T13:18:17.2164320-05:00" endTime="2025-09-22T13:18:17.2164320-05:00" testType="13cdc9d9-ddb5-4fa4-a97d-d965ccfc6d4b" outcome="Passed" testListId="8c84fa94-04c1-424b-9868-57a2d4851a1d" relativeResultsDirectory="6db39ef7-0712-4da1-b471-e724b5a1deef" />
    <UnitTestResult executionId="2f5e0982-89d5-41b2-8dca-01a539c785ce" testId="0d699ea2-79e9-9f01-d2d5-fca82a358bb0" testName="Appostolic.Api.Tests.Api.NotificationsAdminEndpointsTests.List_and_retry_notifications_work" computerName="MacBook-Pro-2" duration="00:00:00.4060380" startTime="2025-09-22T13:18:17.6227170-05:00" endTime="2025-09-22T13:18:17.6227170-05:00" testType="13cdc9d9-ddb5-4fa4-a97d-d965ccfc6d4b" outcome="Passed" testListId="8c84fa94-04c1-424b-9868-57a2d4851a1d" relativeResultsDirectory="2f5e0982-89d5-41b2-8dca-01a539c785ce" />
    <UnitTestResult executionId="c32a748c-539f-4c23-8253-412f8165a8ff" testId="f36e146c-5e84-0e67-2982-f20e16e0dd68" testName="Appostolic.Api.Tests.ModelMappingTests.Agent_check_constraints_are_configured_in_model" computerName="MacBook-Pro-2" duration="00:00:00.0389043" startTime="2025-09-22T13:18:27.8481640-05:00" endTime="2025-09-22T13:18:27.8481640-05:00" testType="13cdc9d9-ddb5-4fa4-a97d-d965ccfc6d4b" outcome="Passed" testListId="8c84fa94-04c1-424b-9868-57a2d4851a1d" relativeResultsDirectory="c32a748c-539f-4c23-8253-412f8165a8ff" />
    <UnitTestResult executionId="78189599-960b-4efa-a944-e80d457bbec4" testId="b0d19a9b-4021-9eed-3094-0cb81617cae0" testName="Appostolic.Api.Tests.Api.TenantSettingsEndpointsTests.Get_Settings_Returns_Empty_Object_When_Null" computerName="MacBook-Pro-2" duration="00:00:00.0016861" startTime="2025-09-22T13:18:27.2989750-05:00" endTime="2025-09-22T13:18:27.2989750-05:00" testType="13cdc9d9-ddb5-4fa4-a97d-d965ccfc6d4b" outcome="Passed" testListId="8c84fa94-04c1-424b-9868-57a2d4851a1d" relativeResultsDirectory="78189599-960b-4efa-a944-e80d457bbec4" />
    <UnitTestResult executionId="c9a15c26-9038-4c42-a89b-fd62e88d8c74" testId="68b95691-6ef6-716d-545d-ee6cf04d94e7" testName="Appostolic.Api.Tests.Api.NotificationsAdminEndpointsTests.Dlq_list_returns_failed_and_deadletter_with_paging" computerName="MacBook-Pro-2" duration="00:00:00.1693873" startTime="2025-09-22T13:18:18.1336610-05:00" endTime="2025-09-22T13:18:18.1336610-05:00" testType="13cdc9d9-ddb5-4fa4-a97d-d965ccfc6d4b" outcome="Passed" testListId="8c84fa94-04c1-424b-9868-57a2d4851a1d" relativeResultsDirectory="c9a15c26-9038-4c42-a89b-fd62e88d8c74" />
    <UnitTestResult executionId="e6e582b0-cd07-495a-9b15-09623b1beda2" testId="8de6077c-5e1e-7144-f76f-09a36a8fcab6" testName="Appostolic.Api.Tests.Privacy.UserProfileLoggingTests.GetMe_EmitsRedactedAndHash_NoRawEmail" computerName="MacBook-Pro-2" duration="00:00:00.1705671" startTime="2025-09-22T13:18:15.0996610-05:00" endTime="2025-09-22T13:18:15.0996610-05:00" testType="13cdc9d9-ddb5-4fa4-a97d-d965ccfc6d4b" outcome="Failed" testListId="8c84fa94-04c1-424b-9868-57a2d4851a1d" relativeResultsDirectory="e6e582b0-cd07-495a-9b15-09623b1beda2">
      <Output>
        <ErrorInfo>
          <Message>System.Net.Http.HttpRequestException : Response status code does not indicate success: 401 (Unauthorized).</Message>
          <StackTrace>   at System.Net.Http.HttpResponseMessage.EnsureSuccessStatusCode()
   at Appostolic.Api.Tests.Privacy.UserProfileLoggingTests.GetMe_EmitsRedactedAndHash_NoRawEmail() in /Users/kevinmccreary/appostolic/apps/api.tests/Privacy/UserProfileLoggingTests.cs:line 44
--- End of stack trace from previous location ---</StackTrace>
        </ErrorInfo>
      </Output>
    </UnitTestResult>
    <UnitTestResult executionId="be6db7c6-c319-4de0-8e5f-c1e624ec3bc7" testId="d4f44d27-452c-a77e-5891-0807797b42c9" testName="Appostolic.Api.Tests.SwaggerEndpointTests.SwaggerUI_ReturnsHtml" computerName="MacBook-Pro-2" duration="00:00:00.1715220" startTime="2025-09-22T13:18:15.3861410-05:00" endTime="2025-09-22T13:18:15.3861410-05:00" testType="13cdc9d9-ddb5-4fa4-a97d-d965ccfc6d4b" outcome="Passed" testListId="8c84fa94-04c1-424b-9868-57a2d4851a1d" relativeResultsDirectory="be6db7c6-c319-4de0-8e5f-c1e624ec3bc7" />
    <UnitTestResult executionId="74a84794-91b6-4386-a262-42cc6c33250c" testId="c643053b-60cb-940b-5d09-78107183b82f" testName="Appostolic.Api.Tests.Api.UserAvatarEndpointsTests.UploadAvatar_TransparentLogo_PreservesDimensions_Webp" computerName="MacBook-Pro-2" duration="00:00:00.0051656" startTime="2025-09-22T13:18:16.3339080-05:00" endTime="2025-09-22T13:18:16.3339080-05:00" testType="13cdc9d9-ddb5-4fa4-a97d-d965ccfc6d4b" outcome="Passed" testListId="8c84fa94-04c1-424b-9868-57a2d4851a1d" relativeResultsDirectory="74a84794-91b6-4386-a262-42cc6c33250c" />
    <UnitTestResult executionId="2480ec8d-9eaf-49c5-965b-e2948305c4f0" testId="f3139bd5-165e-b0d0-2da0-a0210810049e" testName="Appostolic.Api.Tests.Api.AuthPasswordFlowsTests.ResetPassword_WithInvalidToken_ReturnsBadRequest" computerName="MacBook-Pro-2" duration="00:00:00.1852672" startTime="2025-09-22T13:18:09.4727080-05:00" endTime="2025-09-22T13:18:09.4727080-05:00" testType="13cdc9d9-ddb5-4fa4-a97d-d965ccfc6d4b" outcome="Passed" testListId="8c84fa94-04c1-424b-9868-57a2d4851a1d" relativeResultsDirectory="2480ec8d-9eaf-49c5-965b-e2948305c4f0" />
    <UnitTestResult executionId="6e7c4354-d9cf-4818-bb33-20ef0410c8b4" testId="8f2edffb-b43d-5750-46cc-f6c9051abba5" testName="Appostolic.Api.AuthTests.LoginTests.Login_ValidCredentials_Returns200" computerName="MacBook-Pro-2" duration="00:00:00.2315074" startTime="2025-09-22T13:18:19.0094410-05:00" endTime="2025-09-22T13:18:19.0094410-05:00" testType="13cdc9d9-ddb5-4fa4-a97d-d965ccfc6d4b" outcome="Passed" testListId="8c84fa94-04c1-424b-9868-57a2d4851a1d" relativeResultsDirectory="6e7c4354-d9cf-4818-bb33-20ef0410c8b4" />
    <UnitTestResult executionId="0fb269a3-8f65-42f4-a033-af2f22f32788" testId="c17747a3-eb4e-63bf-0bc9-279a4928ed40" testName="Appostolic.Api.Tests.EmailDispatcherTests.Enqueue_sends_via_sender" computerName="MacBook-Pro-2" duration="00:00:00.0011483" startTime="2025-09-22T13:18:12.9380760-05:00" endTime="2025-09-22T13:18:12.9380760-05:00" testType="13cdc9d9-ddb5-4fa4-a97d-d965ccfc6d4b" outcome="Passed" testListId="8c84fa94-04c1-424b-9868-57a2d4851a1d" relativeResultsDirectory="0fb269a3-8f65-42f4-a033-af2f22f32788" />
    <UnitTestResult executionId="5a3fd885-77b1-4557-bcf6-f2863f91cee3" testId="ac2e27d5-261b-d9bd-fc37-ae04ffd02243" testName="Appostolic.Api.Tests.Auth.RefreshEndpointTests.Refresh_Fails_When_Missing_Token" computerName="MacBook-Pro-2" duration="00:00:00.0008589" startTime="2025-09-22T13:18:33.7167420-05:00" endTime="2025-09-22T13:18:33.7167420-05:00" testType="13cdc9d9-ddb5-4fa4-a97d-d965ccfc6d4b" outcome="Passed" testListId="8c84fa94-04c1-424b-9868-57a2d4851a1d" relativeResultsDirectory="5a3fd885-77b1-4557-bcf6-f2863f91cee3" />
    <UnitTestResult executionId="d252e97e-6f9e-4918-a70f-eee176e52ba9" testId="a00d92b0-35aa-1e7c-b5ff-79738a042c12" testName="Appostolic.Api.Tests.SendGridEmailSenderTests.Throws_on_400" computerName="MacBook-Pro-2" duration="00:00:00.0027671" startTime="2025-09-22T13:18:12.9252960-05:00" endTime="2025-09-22T13:18:12.9252960-05:00" testType="13cdc9d9-ddb5-4fa4-a97d-d965ccfc6d4b" outcome="Passed" testListId="8c84fa94-04c1-424b-9868-57a2d4851a1d" relativeResultsDirectory="d252e97e-6f9e-4918-a70f-eee176e52ba9" />
    <UnitTestResult executionId="aff24c90-9baa-4f37-80ff-40f6894d6252" testId="d5afdedc-771c-29a3-fa0a-9ebd023dd2c6" testName="Appostolic.Api.Tests.Api.InvitesEndpointsTests.Invites_Full_Lifecycle_Create_Resend_Accept_Revoke" computerName="MacBook-Pro-2" duration="00:00:00.2885590" startTime="2025-09-22T13:18:23.6655210-05:00" endTime="2025-09-22T13:18:23.6655210-05:00" testType="13cdc9d9-ddb5-4fa4-a97d-d965ccfc6d4b" outcome="Failed" testListId="8c84fa94-04c1-424b-9868-57a2d4851a1d" relativeResultsDirectory="aff24c90-9baa-4f37-80ff-40f6894d6252">
      <Output>
        <ErrorInfo>
          <Message>Expected delResp.StatusCode to be HttpStatusCode.NoContent {value: 204}, but found HttpStatusCode.BadRequest {value: 400}.</Message>
          <StackTrace>   at FluentAssertions.Execution.XUnit2TestFramework.Throw(String message)
   at FluentAssertions.Execution.TestFrameworkProvider.Throw(String message)
   at FluentAssertions.Execution.AssertionScope.FailWith(Func`1 failReasonFunc)
   at FluentAssertions.Primitives.EnumAssertions`2.Be(TEnum expected, String because, Object[] becauseArgs)
   at Appostolic.Api.Tests.Api.InvitesEndpointsTests.Invites_Full_Lifecycle_Create_Resend_Accept_Revoke() in /Users/kevinmccreary/appostolic/apps/api.tests/Api/InvitesEndpointsTests.cs:line 131
--- End of stack trace from previous location ---</StackTrace>
        </ErrorInfo>
      </Output>
    </UnitTestResult>
    <UnitTestResult executionId="7248f5cd-57c7-4b5c-a0ce-f526e25067fc" testId="8f26075f-925c-4688-bf33-abe324c4e160" testName="Appostolic.Api.Tests.Api.ToolCatalogTests.Tools_Catalog_Lists_Registered_Tools_With_Categories" computerName="MacBook-Pro-2" duration="00:00:00.1437035" startTime="2025-09-22T13:18:24.2383380-05:00" endTime="2025-09-22T13:18:24.2383380-05:00" testType="13cdc9d9-ddb5-4fa4-a97d-d965ccfc6d4b" outcome="Passed" testListId="8c84fa94-04c1-424b-9868-57a2d4851a1d" relativeResultsDirectory="7248f5cd-57c7-4b5c-a0ce-f526e25067fc" />
    <UnitTestResult executionId="2edb8d9d-760d-459f-9de7-85952671bcb8" testId="7c805908-7267-f4aa-63a0-03f3e0715abc" testName="Appostolic.Api.Tests.Api.AssignmentsApiTests.Cannot_remove_last_admin_via_flags_returns_409" computerName="MacBook-Pro-2" duration="00:00:00.1617663" startTime="2025-09-22T13:18:14.0408130-05:00" endTime="2025-09-22T13:18:14.0408130-05:00" testType="13cdc9d9-ddb5-4fa4-a97d-d965ccfc6d4b" outcome="Passed" testListId="8c84fa94-04c1-424b-9868-57a2d4851a1d" relativeResultsDirectory="2edb8d9d-760d-459f-9de7-85952671bcb8" />
    <UnitTestResult executionId="96155ae2-1bd7-45f5-8c32-ab23d21b3dd9" testId="50c609b5-3f14-814d-a1e7-5260305a9b12" testName="Appostolic.Api.Tests.AgentTasks.AgentTasksCancelRetryTests.Cancel_Terminal_Task_Returns409" computerName="MacBook-Pro-2" duration="00:00:00.0030580" startTime="2025-09-22T13:18:23.8150060-05:00" endTime="2025-09-22T13:18:23.8150060-05:00" testType="13cdc9d9-ddb5-4fa4-a97d-d965ccfc6d4b" outcome="Failed" testListId="8c84fa94-04c1-424b-9868-57a2d4851a1d" relativeResultsDirectory="96155ae2-1bd7-45f5-8c32-ab23d21b3dd9">
      <Output>
        <ErrorInfo>
          <Message>System.Net.Http.HttpRequestException : Response status code does not indicate success: 401 (Unauthorized).</Message>
          <StackTrace>   at System.Net.Http.HttpResponseMessage.EnsureSuccessStatusCode()
   at Appostolic.Api.Tests.AgentTasks.AgentTasksTestBase.CreateTaskAsync(Guid agentId, Object input, Nullable`1 enqueueDelayMs, Boolean suppressEnqueue) in /Users/kevinmccreary/appostolic/apps/api.tests/AgentTasks/AgentTasksTestBase.cs:line 89
   at Appostolic.Api.Tests.AgentTasks.AgentTasksCancelRetryTests.Cancel_Terminal_Task_Returns409() in /Users/kevinmccreary/appostolic/apps/api.tests/AgentTasks/AgentTasksCancelRetryTests.cs:line 41
--- End of stack trace from previous location ---</StackTrace>
        </ErrorInfo>
      </Output>
    </UnitTestResult>
    <UnitTestResult executionId="4c37b1d9-f95a-46e5-9f80-821ae1143197" testId="689d43e4-6cb5-4009-1ac6-7e50bf4ccc94" testName="Appostolic.Api.Tests.Api.UserAvatarEndpointsTests.UploadAvatar_Succeeds_WithPngUnder2MB" computerName="MacBook-Pro-2" duration="00:00:00.0071742" startTime="2025-09-22T13:18:16.2025220-05:00" endTime="2025-09-22T13:18:16.2025220-05:00" testType="13cdc9d9-ddb5-4fa4-a97d-d965ccfc6d4b" outcome="Passed" testListId="8c84fa94-04c1-424b-9868-57a2d4851a1d" relativeResultsDirectory="4c37b1d9-f95a-46e5-9f80-821ae1143197" />
    <UnitTestResult executionId="caa9da44-3d29-481b-b1bd-c5b61dbd53b2" testId="5ec8c6f8-601d-9718-1802-a15c88bb4987" testName="Appostolic.Api.Tests.AgentTasks.AgentTasksCancelRetryTests.Retry_From_Succeeded_Creates_New_Task_And_Runs" computerName="MacBook-Pro-2" duration="00:00:00.0022288" startTime="2025-09-22T13:18:23.8175060-05:00" endTime="2025-09-22T13:18:23.8175060-05:00" testType="13cdc9d9-ddb5-4fa4-a97d-d965ccfc6d4b" outcome="Failed" testListId="8c84fa94-04c1-424b-9868-57a2d4851a1d" relativeResultsDirectory="caa9da44-3d29-481b-b1bd-c5b61dbd53b2">
      <Output>
        <ErrorInfo>
          <Message>System.Net.Http.HttpRequestException : Response status code does not indicate success: 401 (Unauthorized).</Message>
          <StackTrace>   at System.Net.Http.HttpResponseMessage.EnsureSuccessStatusCode()
   at Appostolic.Api.Tests.AgentTasks.AgentTasksTestBase.CreateTaskAsync(Guid agentId, Object input, Nullable`1 enqueueDelayMs, Boolean suppressEnqueue) in /Users/kevinmccreary/appostolic/apps/api.tests/AgentTasks/AgentTasksTestBase.cs:line 89
   at Appostolic.Api.Tests.AgentTasks.AgentTasksCancelRetryTests.Retry_From_Succeeded_Creates_New_Task_And_Runs() in /Users/kevinmccreary/appostolic/apps/api.tests/AgentTasks/AgentTasksCancelRetryTests.cs:line 54
--- End of stack trace from previous location ---</StackTrace>
        </ErrorInfo>
      </Output>
    </UnitTestResult>
    <UnitTestResult executionId="0cdbd47c-5598-48f5-b6e4-14ca723377df" testId="cae1921b-1ff8-8185-1634-73062e14bb95" testName="Appostolic.Api.Tests.Auth.RefreshCookieTests.SelectTenant_Rotates_Refresh_Cookie" computerName="MacBook-Pro-2" duration="00:00:00.2529906" startTime="2025-09-22T13:18:17.0322660-05:00" endTime="2025-09-22T13:18:17.0322660-05:00" testType="13cdc9d9-ddb5-4fa4-a97d-d965ccfc6d4b" outcome="Passed" testListId="8c84fa94-04c1-424b-9868-57a2d4851a1d" relativeResultsDirectory="0cdbd47c-5598-48f5-b6e4-14ca723377df" />
    <UnitTestResult executionId="8f2baae2-6b50-4df5-96a5-2955613cdc93" testId="b3de0f6b-2ac2-0bee-ef58-144a8741a412" testName="Appostolic.Api.Tests.Privacy.PIIHasherTests.HashPhone_NormalizesDigits" computerName="MacBook-Pro-2" duration="00:00:00.0001154" startTime="2025-09-22T13:18:29.7334950-05:00" endTime="2025-09-22T13:18:29.7334950-05:00" testType="13cdc9d9-ddb5-4fa4-a97d-d965ccfc6d4b" outcome="Passed" testListId="8c84fa94-04c1-424b-9868-57a2d4851a1d" relativeResultsDirectory="8f2baae2-6b50-4df5-96a5-2955613cdc93" />
    <UnitTestResult executionId="85e4648e-9fe0-4ded-bee2-0fbb8cc635aa" testId="c62ff6f8-900b-a165-229e-1d83d314982c" testName="Appostolic.Api.Tests.Storage.ObjectStorageDeleteTests.S3_DeleteAsync_CallsDeleteObject" computerName="MacBook-Pro-2" duration="00:00:00.0448524" startTime="2025-09-22T13:18:16.3800940-05:00" endTime="2025-09-22T13:18:16.3800940-05:00" testType="13cdc9d9-ddb5-4fa4-a97d-d965ccfc6d4b" outcome="Passed" testListId="8c84fa94-04c1-424b-9868-57a2d4851a1d" relativeResultsDirectory="85e4648e-9fe0-4ded-bee2-0fbb8cc635aa" />
    <UnitTestResult executionId="294fe56d-7e84-457c-a1dc-9006fb8017aa" testId="031a88f1-01c2-dd0e-3bdd-f14ee053d9ba" testName="Appostolic.Api.AuthTests.MagicConsumeJwtTests.MagicConsume_LegacyMode_ReturnsLegacyShape" computerName="MacBook-Pro-2" duration="00:00:00.1798561" startTime="2025-09-22T13:18:08.9550070-05:00" endTime="2025-09-22T13:18:08.9550070-05:00" testType="13cdc9d9-ddb5-4fa4-a97d-d965ccfc6d4b" outcome="Passed" testListId="8c84fa94-04c1-424b-9868-57a2d4851a1d" relativeResultsDirectory="294fe56d-7e84-457c-a1dc-9006fb8017aa" />
    <UnitTestResult executionId="59f665dd-382a-4fb3-aca4-0f7127f2f82b" testId="c0347afe-0c6b-b0a7-12e1-3aa76a4722fc" testName="Appostolic.Api.Tests.Api.AgentTasksEndpointsTests.GetDetails_WithTracesInitiallyEmpty" computerName="MacBook-Pro-2" duration="00:00:00.0156482" startTime="2025-09-22T13:18:11.8522950-05:00" endTime="2025-09-22T13:18:11.8522950-05:00" testType="13cdc9d9-ddb5-4fa4-a97d-d965ccfc6d4b" outcome="Passed" testListId="8c84fa94-04c1-424b-9868-57a2d4851a1d" relativeResultsDirectory="59f665dd-382a-4fb3-aca4-0f7127f2f82b" />
    <UnitTestResult executionId="956c0943-f325-4ee2-8f85-e218fc57ef5d" testId="9a71281b-30b0-67b5-7395-398aae4c1d76" testName="Appostolic.Api.Tests.Privacy.PIIRedactorTests.RedactEmail_Works(input: &quot;U@ex.com&quot;, expected: &quot;***U@ex.com&quot;)" computerName="MacBook-Pro-2" duration="00:00:00.0000676" startTime="2025-09-22T13:18:29.0514030-05:00" endTime="2025-09-22T13:18:29.0514030-05:00" testType="13cdc9d9-ddb5-4fa4-a97d-d965ccfc6d4b" outcome="Passed" testListId="8c84fa94-04c1-424b-9868-57a2d4851a1d" relativeResultsDirectory="956c0943-f325-4ee2-8f85-e218fc57ef5d" />
    <UnitTestResult executionId="e9db78d0-eb67-45ba-b45d-7375511c8675" testId="e7a0570b-32c5-3b4e-7767-9ca541c22b6e" testName="Appostolic.Api.Tests.Privacy.LoggingPIIScopeTests.PhoneScope_OnlyRedacted_WhenDisabled" computerName="MacBook-Pro-2" duration="00:00:00.0033863" startTime="2025-09-22T13:18:09.2859400-05:00" endTime="2025-09-22T13:18:09.2859400-05:00" testType="13cdc9d9-ddb5-4fa4-a97d-d965ccfc6d4b" outcome="Passed" testListId="8c84fa94-04c1-424b-9868-57a2d4851a1d" relativeResultsDirectory="e9db78d0-eb67-45ba-b45d-7375511c8675" />
    <UnitTestResult executionId="c3b214e3-98b0-4e69-93c9-82c6ba403c8f" testId="5d199f9b-a8b6-4b52-e7c0-a2aebf4c6a58" testName="Appostolic.Api.Tests.Auth.RefreshCookieHttpsTests.RefreshCookie_Secure_OverHttps" computerName="MacBook-Pro-2" duration="00:00:00.0010000" startTime="2025-09-22T13:18:27.8609630-05:00" endTime="2025-09-22T13:18:27.8609630-05:00" testType="13cdc9d9-ddb5-4fa4-a97d-d965ccfc6d4b" outcome="NotExecuted" testListId="8c84fa94-04c1-424b-9868-57a2d4851a1d" relativeResultsDirectory="c3b214e3-98b0-4e69-93c9-82c6ba403c8f">
      <Output>
        <ErrorInfo>
          <Message>TestServer (in-memory) does not preserve Secure attribute even when Request.IsHttps=true via middleware. Will be validated in future Kestrel HTTPS integration/E2E layer.</Message>
        </ErrorInfo>
      </Output>
    </UnitTestResult>
    <UnitTestResult executionId="d0a1c5a0-6696-4f4e-bf59-b54c0bba0e5e" testId="214b8407-591b-5f7a-aa16-7961a8df13e5" testName="Appostolic.Api.Tests.Api.MembersListTests.Unauthenticated_request_returns_401_or_403" computerName="MacBook-Pro-2" duration="00:00:00.0012422" startTime="2025-09-22T13:18:36.0064010-05:00" endTime="2025-09-22T13:18:36.0064010-05:00" testType="13cdc9d9-ddb5-4fa4-a97d-d965ccfc6d4b" outcome="Passed" testListId="8c84fa94-04c1-424b-9868-57a2d4851a1d" relativeResultsDirectory="d0a1c5a0-6696-4f4e-bf59-b54c0bba0e5e" />
    <UnitTestResult executionId="e8348773-7164-4038-950f-867d40aae387" testId="65bd3a03-5d21-067f-5d94-19d0f92f350a" testName="Appostolic.Api.Tests.Api.UserAvatarEndpointsTests.UploadAvatar_Rejects_UnsupportedMediaType" computerName="MacBook-Pro-2" duration="00:00:00.0023750" startTime="2025-09-22T13:18:16.2050520-05:00" endTime="2025-09-22T13:18:16.2050520-05:00" testType="13cdc9d9-ddb5-4fa4-a97d-d965ccfc6d4b" outcome="Passed" testListId="8c84fa94-04c1-424b-9868-57a2d4851a1d" relativeResultsDirectory="e8348773-7164-4038-950f-867d40aae387" />
    <UnitTestResult executionId="c3e6cc7f-75f6-419b-9184-48c572c9e00f" testId="f7ebc4d6-d0ec-6ad3-fd73-f4c53b67f8a0" testName="Appostolic.Api.AuthTests.MagicConsumeRolesSerializationTests.MagicConsume_IncludesRolesBitmaskOnMembership" computerName="MacBook-Pro-2" duration="00:00:00.3863600" startTime="2025-09-22T13:18:30.1209970-05:00" endTime="2025-09-22T13:18:30.1209980-05:00" testType="13cdc9d9-ddb5-4fa4-a97d-d965ccfc6d4b" outcome="Passed" testListId="8c84fa94-04c1-424b-9868-57a2d4851a1d" relativeResultsDirectory="c3e6cc7f-75f6-419b-9184-48c572c9e00f" />
    <UnitTestResult executionId="286f321d-166d-403a-8476-949fec7fa65d" testId="21ae461c-c70e-da1d-6ae3-1fc6937d571a" testName="Appostolic.Api.Tests.Privacy.LoggingPIIScopeTests.PhoneScope_IncludesRedactedAndHash_WhenEnabled" computerName="MacBook-Pro-2" duration="00:00:00.0003951" startTime="2025-09-22T13:18:09.2869150-05:00" endTime="2025-09-22T13:18:09.2869150-05:00" testType="13cdc9d9-ddb5-4fa4-a97d-d965ccfc6d4b" outcome="Passed" testListId="8c84fa94-04c1-424b-9868-57a2d4851a1d" relativeResultsDirectory="286f321d-166d-403a-8476-949fec7fa65d" />
    <UnitTestResult executionId="646bf6bf-099b-4fe1-beb2-75cf847ee458" testId="f03cc5c5-1609-8527-f708-7a0678904e86" testName="Appostolic.Api.Tests.Auth.RefreshPlaintextExposedFlagTests.Login_Hides_Plaintext_When_Flag_Disabled" computerName="MacBook-Pro-2" duration="00:00:00.3891152" startTime="2025-09-22T13:18:08.7624550-05:00" endTime="2025-09-22T13:18:08.7624550-05:00" testType="13cdc9d9-ddb5-4fa4-a97d-d965ccfc6d4b" outcome="Passed" testListId="8c84fa94-04c1-424b-9868-57a2d4851a1d" relativeResultsDirectory="646bf6bf-099b-4fe1-beb2-75cf847ee458" />
    <UnitTestResult executionId="2c018a14-0d1b-4ec0-872a-c813358d9251" testId="46ad1244-cbdb-dca6-f007-7e8a232754cc" testName="Appostolic.Api.Tests.Notifications.RedisTransportPrivacyTests.NonGuidPayload_DoesNotLogPayloadContents" computerName="MacBook-Pro-2" duration="00:00:00.0133044" startTime="2025-09-22T13:18:25.2255510-05:00" endTime="2025-09-22T13:18:25.2255510-05:00" testType="13cdc9d9-ddb5-4fa4-a97d-d965ccfc6d4b" outcome="Passed" testListId="8c84fa94-04c1-424b-9868-57a2d4851a1d" relativeResultsDirectory="2c018a14-0d1b-4ec0-872a-c813358d9251" />
    <UnitTestResult executionId="9899abbc-dc53-442a-9669-ac7cddf93e99" testId="811026c2-41ce-4e18-121d-862774cd6272" testName="DbQueryToolTests.Select_lessons_where_id_param_object" computerName="MacBook-Pro-2" duration="00:00:00.0031170" startTime="2025-09-22T13:18:32.9825700-05:00" endTime="2025-09-22T13:18:32.9825700-05:00" testType="13cdc9d9-ddb5-4fa4-a97d-d965ccfc6d4b" outcome="Passed" testListId="8c84fa94-04c1-424b-9868-57a2d4851a1d" relativeResultsDirectory="9899abbc-dc53-442a-9669-ac7cddf93e99" />
    <UnitTestResult executionId="9fea3b2c-da26-4caf-84f7-4c34fae3e1ab" testId="ad4c69db-d5c6-f4c3-9052-619bff8dd14e" testName="Appostolic.Api.Tests.Privacy.PIIRedactorTests.RedactPhone_Works(input: &quot;1234&quot;, expected: &quot;***1234&quot;)" computerName="MacBook-Pro-2" duration="00:00:00.0000557" startTime="2025-09-22T13:18:29.0515140-05:00" endTime="2025-09-22T13:18:29.0515140-05:00" testType="13cdc9d9-ddb5-4fa4-a97d-d965ccfc6d4b" outcome="Passed" testListId="8c84fa94-04c1-424b-9868-57a2d4851a1d" relativeResultsDirectory="9fea3b2c-da26-4caf-84f7-4c34fae3e1ab" />
    <UnitTestResult executionId="56a0abae-d68c-47c2-9cb3-8565a1c87d66" testId="40e767b4-314a-d8ef-34b1-5c49d7ef55c4" testName="Appostolic.Api.Tests.Model.TokenEstimatorTests.EstimateTokens_Heuristic_CeilPer4Chars(text: &quot;&quot;, expected: 0)" computerName="MacBook-Pro-2" duration="00:00:00.0001038" startTime="2025-09-22T13:18:27.8600210-05:00" endTime="2025-09-22T13:18:27.8600210-05:00" testType="13cdc9d9-ddb5-4fa4-a97d-d965ccfc6d4b" outcome="Passed" testListId="8c84fa94-04c1-424b-9868-57a2d4851a1d" relativeResultsDirectory="56a0abae-d68c-47c2-9cb3-8565a1c87d66" />
    <UnitTestResult executionId="56ef1c5a-5dc7-476a-8ac6-a056be426692" testId="4f2f4974-af75-8563-a5df-aa0a73b303b0" testName="Appostolic.Api.Tests.Privacy.UserProfileLoggingTests.GetMe_HashingDisabled_OmitsHash" computerName="MacBook-Pro-2" duration="00:00:00.1685963" startTime="2025-09-22T13:18:14.9286810-05:00" endTime="2025-09-22T13:18:14.9286810-05:00" testType="13cdc9d9-ddb5-4fa4-a97d-d965ccfc6d4b" outcome="Failed" testListId="8c84fa94-04c1-424b-9868-57a2d4851a1d" relativeResultsDirectory="56ef1c5a-5dc7-476a-8ac6-a056be426692">
      <Output>
        <ErrorInfo>
          <Message>System.Net.Http.HttpRequestException : Response status code does not indicate success: 401 (Unauthorized).</Message>
          <StackTrace>   at System.Net.Http.HttpResponseMessage.EnsureSuccessStatusCode()
   at Appostolic.Api.Tests.Privacy.UserProfileLoggingTests.GetMe_HashingDisabled_OmitsHash() in /Users/kevinmccreary/appostolic/apps/api.tests/Privacy/UserProfileLoggingTests.cs:line 78
--- End of stack trace from previous location ---</StackTrace>
        </ErrorInfo>
      </Output>
    </UnitTestResult>
    <UnitTestResult executionId="0e231ea7-3439-4730-90d3-df16f2f223a4" testId="81f70a90-5f17-3107-1751-37f6a5b41791" testName="Appostolic.Api.Tests.Api.InvitesAcceptTests.Accept_With_Invalid_Token_Fails" computerName="MacBook-Pro-2" duration="00:00:00.0288027" startTime="2025-09-22T13:18:22.6227710-05:00" endTime="2025-09-22T13:18:22.6227710-05:00" testType="13cdc9d9-ddb5-4fa4-a97d-d965ccfc6d4b" outcome="Failed" testListId="8c84fa94-04c1-424b-9868-57a2d4851a1d" relativeResultsDirectory="0e231ea7-3439-4730-90d3-df16f2f223a4">
      <Output>
        <ErrorInfo>
          <Message>Expected resp.StatusCode to be HttpStatusCode.BadRequest {value: 400}, but found HttpStatusCode.Unauthorized {value: 401}.</Message>
          <StackTrace>   at FluentAssertions.Execution.XUnit2TestFramework.Throw(String message)
   at FluentAssertions.Execution.TestFrameworkProvider.Throw(String message)
   at FluentAssertions.Execution.DefaultAssertionStrategy.HandleFailure(String message)
   at FluentAssertions.Execution.AssertionScope.FailWith(Func`1 failReasonFunc)
   at FluentAssertions.Execution.AssertionScope.FailWith(Func`1 failReasonFunc)
   at FluentAssertions.Execution.AssertionScope.FailWith(String message, Object[] args)
   at FluentAssertions.Primitives.EnumAssertions`2.Be(TEnum expected, String because, Object[] becauseArgs)
   at Appostolic.Api.Tests.Api.InvitesAcceptTests.Accept_With_Invalid_Token_Fails() in /Users/kevinmccreary/appostolic/apps/api.tests/Api/InvitesAcceptTests.cs:line 94
--- End of stack trace from previous location ---</StackTrace>
        </ErrorInfo>
      </Output>
    </UnitTestResult>
    <UnitTestResult executionId="46564ba9-fb74-4157-9aa0-63c010c56ede" testId="2f6106d4-2d27-0ec0-388a-a0a0d64b80ea" testName="Appostolic.Api.Tests.Model.TokenEstimatorTests.EstimateTokens_Heuristic_CeilPer4Chars(text: &quot;abcde&quot;, expected: 2)" computerName="MacBook-Pro-2" duration="00:00:00.0000005" startTime="2025-09-22T13:18:27.8601430-05:00" endTime="2025-09-22T13:18:27.8601430-05:00" testType="13cdc9d9-ddb5-4fa4-a97d-d965ccfc6d4b" outcome="Passed" testListId="8c84fa94-04c1-424b-9868-57a2d4851a1d" relativeResultsDirectory="46564ba9-fb74-4157-9aa0-63c010c56ede" />
    <UnitTestResult executionId="c0af2e3f-97e7-4b8e-bb50-ddd2a73dcebf" testId="61b122ca-f3a1-21e8-0492-e3c660390b05" testName="Appostolic.Api.Tests.EmailProviderSelectionTests.Resolves_Smtp_sender_when_provider_smtp" computerName="MacBook-Pro-2" duration="00:00:00.1105367" startTime="2025-09-22T13:18:11.0266500-05:00" endTime="2025-09-22T13:18:11.0266500-05:00" testType="13cdc9d9-ddb5-4fa4-a97d-d965ccfc6d4b" outcome="Passed" testListId="8c84fa94-04c1-424b-9868-57a2d4851a1d" relativeResultsDirectory="c0af2e3f-97e7-4b8e-bb50-ddd2a73dcebf" />
    <UnitTestResult executionId="f6726480-92a5-4a23-8142-2fadf0533696" testId="c14df636-a969-3c53-ec76-0aeb4c5b250c" testName="Appostolic.Api.Tests.Api.DevGrantRolesEndpointTests.Returns_400_for_invalid_role_name" computerName="MacBook-Pro-2" duration="00:00:00.0087547" startTime="2025-09-22T13:18:35.3020180-05:00" endTime="2025-09-22T13:18:35.3020180-05:00" testType="13cdc9d9-ddb5-4fa4-a97d-d965ccfc6d4b" outcome="Passed" testListId="8c84fa94-04c1-424b-9868-57a2d4851a1d" relativeResultsDirectory="f6726480-92a5-4a23-8142-2fadf0533696" />
    <UnitTestResult executionId="dd1de50f-f28e-45e1-b0b0-912c4f1e3e80" testId="d3e47fb0-198c-5eff-c3a7-e584b9e9130b" testName="Appostolic.Api.Tests.Api.AuditsListingEndpointTests.Returns_400_on_invalid_guid_filters" computerName="MacBook-Pro-2" duration="00:00:00.0087706" startTime="2025-09-22T13:18:13.1475100-05:00" endTime="2025-09-22T13:18:13.1475100-05:00" testType="13cdc9d9-ddb5-4fa4-a97d-d965ccfc6d4b" outcome="Passed" testListId="8c84fa94-04c1-424b-9868-57a2d4851a1d" relativeResultsDirectory="dd1de50f-f28e-45e1-b0b0-912c4f1e3e80" />
    <UnitTestResult executionId="a2123ab3-1a21-4eb6-addf-8b6ae840ee96" testId="11acc57e-e7b4-9c88-543d-dd88434937c6" testName="Appostolic.Api.Tests.Api.AuthPasswordFlowsTests.ChangePassword_WithWrongCurrent_ReturnsUnauthorized" computerName="MacBook-Pro-2" duration="00:00:00.2240388" startTime="2025-09-22T13:18:10.2843180-05:00" endTime="2025-09-22T13:18:10.2843180-05:00" testType="13cdc9d9-ddb5-4fa4-a97d-d965ccfc6d4b" outcome="Passed" testListId="8c84fa94-04c1-424b-9868-57a2d4851a1d" relativeResultsDirectory="a2123ab3-1a21-4eb6-addf-8b6ae840ee96" />
    <UnitTestResult executionId="e3c4051a-065e-4754-9580-a02dc8caa665" testId="43ab37ac-8f01-34cd-35d3-1bda726822d7" testName="Appostolic.Api.Tests.Notifications.NotificationDedupeTests.CreateQueuedAsync_blocks_duplicate_within_ttl" computerName="MacBook-Pro-2" duration="00:00:00.0038799" startTime="2025-09-22T13:18:19.0148380-05:00" endTime="2025-09-22T13:18:19.0148380-05:00" testType="13cdc9d9-ddb5-4fa4-a97d-d965ccfc6d4b" outcome="Passed" testListId="8c84fa94-04c1-424b-9868-57a2d4851a1d" relativeResultsDirectory="e3c4051a-065e-4754-9580-a02dc8caa665" />
    <UnitTestResult executionId="d0d05550-d757-44ba-bd84-664cf8cb8fcf" testId="1f65e069-4a6f-ccd5-bb6b-41fba0e75604" testName="Appostolic.Api.Tests.Api.NotificationsAdminEndpointsTests.Resend_metrics_emitted_for_manual_and_bulk" computerName="MacBook-Pro-2" duration="00:00:00.1752022" startTime="2025-09-22T13:18:17.9640430-05:00" endTime="2025-09-22T13:18:17.9640430-05:00" testType="13cdc9d9-ddb5-4fa4-a97d-d965ccfc6d4b" outcome="Passed" testListId="8c84fa94-04c1-424b-9868-57a2d4851a1d" relativeResultsDirectory="d0d05550-d757-44ba-bd84-664cf8cb8fcf" />
    <UnitTestResult executionId="d33c5579-d09f-4ba1-8be1-7a8be6e49aeb" testId="4e1ca1b4-b9b1-5960-9cb6-b80a113ec54d" testName="Appostolic.Api.Tests.Auth.RefreshEndpointTests.Refresh_Fails_When_Token_Expired" computerName="MacBook-Pro-2" duration="00:00:00.2227686" startTime="2025-09-22T13:18:35.1272930-05:00" endTime="2025-09-22T13:18:35.1272930-05:00" testType="13cdc9d9-ddb5-4fa4-a97d-d965ccfc6d4b" outcome="Passed" testListId="8c84fa94-04c1-424b-9868-57a2d4851a1d" relativeResultsDirectory="d33c5579-d09f-4ba1-8be1-7a8be6e49aeb" />
    <UnitTestResult executionId="c8e4a760-22bb-4135-a9bb-a8804a3a4544" testId="b10f1150-1593-6330-afd8-9e2dab16d270" testName="Appostolic.Api.AuthTests.LoginRolesConvergenceDisabledFlagTests.Login_DoesNotMutate_MismatchedRolesBitmask_WhenFlagEnabled" computerName="MacBook-Pro-2" duration="00:00:00.7376895" startTime="2025-09-22T13:18:23.3758800-05:00" endTime="2025-09-22T13:18:23.3758800-05:00" testType="13cdc9d9-ddb5-4fa4-a97d-d965ccfc6d4b" outcome="Passed" testListId="8c84fa94-04c1-424b-9868-57a2d4851a1d" relativeResultsDirectory="c8e4a760-22bb-4135-a9bb-a8804a3a4544" />
    <UnitTestResult executionId="02e44167-fca0-4292-b4bd-add4ede4f1e5" testId="2a9f6824-8a17-a193-b18b-3e78fa1bbbd5" testName="Appostolic.Api.Tests.Orchestrator.AgentOrchestratorTests.Cancellation_StopsMidRun" computerName="MacBook-Pro-2" duration="00:00:00.0593193" startTime="2025-09-22T13:18:11.4045840-05:00" endTime="2025-09-22T13:18:11.4045840-05:00" testType="13cdc9d9-ddb5-4fa4-a97d-d965ccfc6d4b" outcome="Passed" testListId="8c84fa94-04c1-424b-9868-57a2d4851a1d" relativeResultsDirectory="02e44167-fca0-4292-b4bd-add4ede4f1e5" />
    <UnitTestResult executionId="d037b902-ff1b-4b91-89ab-c822df450dc8" testId="e74b4a4d-4fe0-004f-1c01-e9508924afd9" testName="Appostolic.Api.Tests.Api.AgentsEndpointsTests.Agents_Validation_Errors" computerName="MacBook-Pro-2" duration="00:00:00.1523752" startTime="2025-09-22T13:18:27.5640020-05:00" endTime="2025-09-22T13:18:27.5640020-05:00" testType="13cdc9d9-ddb5-4fa4-a97d-d965ccfc6d4b" outcome="Passed" testListId="8c84fa94-04c1-424b-9868-57a2d4851a1d" relativeResultsDirectory="d037b902-ff1b-4b91-89ab-c822df450dc8" />
    <UnitTestResult executionId="ffb54ad0-3973-484a-9836-7b1fb1503203" testId="c3e1478d-2cae-8f80-3a89-04eb9dac0acb" testName="Appostolic.Api.Tests.Api.NotificationsWebhookTests.SendGridWebhook_forbidden_when_token_mismatch" computerName="MacBook-Pro-2" duration="00:00:00.1572286" startTime="2025-09-22T13:18:11.5887330-05:00" endTime="2025-09-22T13:18:11.5887330-05:00" testType="13cdc9d9-ddb5-4fa4-a97d-d965ccfc6d4b" outcome="Passed" testListId="8c84fa94-04c1-424b-9868-57a2d4851a1d" relativeResultsDirectory="ffb54ad0-3973-484a-9836-7b1fb1503203" />
    <UnitTestResult executionId="9c0fbc12-6b4f-4b0c-aa1d-8058c0022b63" testId="3b3a68c1-1138-770e-4b05-0d7fb6b68738" testName="Appostolic.Api.Tests.Orchestrator.TokenAggregationTests.CostIsNull_WhenPricingDisabled" computerName="MacBook-Pro-2" duration="00:00:00.0028984" startTime="2025-09-22T13:18:25.2285750-05:00" endTime="2025-09-22T13:18:25.2285750-05:00" testType="13cdc9d9-ddb5-4fa4-a97d-d965ccfc6d4b" outcome="Passed" testListId="8c84fa94-04c1-424b-9868-57a2d4851a1d" relativeResultsDirectory="9c0fbc12-6b4f-4b0c-aa1d-8058c0022b63" />
    <UnitTestResult executionId="cb371018-8ab8-41e5-90e6-f362e966f9a5" testId="ad304976-430a-8b69-e0d9-931ece855b31" testName="Appostolic.Api.Tests.AgentTasks.AgentTasksListFilterPaginationTests.Date_Range_Filter_On_CreatedAt" computerName="MacBook-Pro-2" duration="00:00:00.1995534" startTime="2025-09-22T13:18:12.2689740-05:00" endTime="2025-09-22T13:18:12.2689740-05:00" testType="13cdc9d9-ddb5-4fa4-a97d-d965ccfc6d4b" outcome="Failed" testListId="8c84fa94-04c1-424b-9868-57a2d4851a1d" relativeResultsDirectory="cb371018-8ab8-41e5-90e6-f362e966f9a5">
      <Output>
        <ErrorInfo>
          <Message>System.Net.Http.HttpRequestException : Response status code does not indicate success: 401 (Unauthorized).</Message>
          <StackTrace>   at System.Net.Http.HttpResponseMessage.EnsureSuccessStatusCode()
   at Appostolic.Api.Tests.AgentTasks.AgentTasksTestBase.CreateTaskAsync(Guid agentId, Object input, Nullable`1 enqueueDelayMs, Boolean suppressEnqueue) in /Users/kevinmccreary/appostolic/apps/api.tests/AgentTasks/AgentTasksTestBase.cs:line 89
   at Appostolic.Api.Tests.AgentTasks.AgentTasksListFilterPaginationTests.Date_Range_Filter_On_CreatedAt() in /Users/kevinmccreary/appostolic/apps/api.tests/AgentTasks/AgentTasksListFilterPaginationTests.cs:line 83
--- End of stack trace from previous location ---</StackTrace>
        </ErrorInfo>
      </Output>
    </UnitTestResult>
    <UnitTestResult executionId="7b1f146a-ef71-4d5a-8e67-20f83397c2a7" testId="e8b4dc71-a5d7-b1f7-a555-6150128fc2af" testName="Appostolic.Api.Tests.Privacy.PIIHasherTests.HashEmail_IsDeterministic_ForSamePepper" computerName="MacBook-Pro-2" duration="00:00:00.0000296" startTime="2025-09-22T13:18:29.7344060-05:00" endTime="2025-09-22T13:18:29.7344060-05:00" testType="13cdc9d9-ddb5-4fa4-a97d-d965ccfc6d4b" outcome="Passed" testListId="8c84fa94-04c1-424b-9868-57a2d4851a1d" relativeResultsDirectory="7b1f146a-ef71-4d5a-8e67-20f83397c2a7" />
    <UnitTestResult executionId="a4b664d9-71e4-4745-ab49-0530b4058d2c" testId="d079b60f-9bd9-c7a1-855f-178e519346dc" testName="Appostolic.Api.Tests.EmailDispatcherTests.Dispatcher_logs_correlation_fields_when_present" computerName="MacBook-Pro-2" duration="00:00:00.0093153" startTime="2025-09-22T13:18:12.9350830-05:00" endTime="2025-09-22T13:18:12.9350830-05:00" testType="13cdc9d9-ddb5-4fa4-a97d-d965ccfc6d4b" outcome="Passed" testListId="8c84fa94-04c1-424b-9868-57a2d4851a1d" relativeResultsDirectory="a4b664d9-71e4-4745-ab49-0530b4058d2c" />
    <UnitTestResult executionId="0f3a503a-748a-4ecd-9f47-a3a7d1ec2b10" testId="37b7f024-73bb-98ae-d17f-d1c0ce9f17e8" testName="Appostolic.Api.Tests.ModelMappingTests.AgentTrace_Kind_is_mapped_as_int" computerName="MacBook-Pro-2" duration="00:00:00.1206509" startTime="2025-09-22T13:18:27.8042870-05:00" endTime="2025-09-22T13:18:27.8042870-05:00" testType="13cdc9d9-ddb5-4fa4-a97d-d965ccfc6d4b" outcome="Passed" testListId="8c84fa94-04c1-424b-9868-57a2d4851a1d" relativeResultsDirectory="0f3a503a-748a-4ecd-9f47-a3a7d1ec2b10" />
    <UnitTestResult executionId="f1483001-3e14-4c0e-a878-1da8d4c09b65" testId="7c0f601f-632e-a9b2-aeb3-eee73bd7742c" testName="Appostolic.Api.Tests.Auth.SignupTests.Signup_WithInvalidInviteToken_ReturnsBadRequest" computerName="MacBook-Pro-2" duration="00:00:00.1194995" startTime="2025-09-22T13:18:12.9221140-05:00" endTime="2025-09-22T13:18:12.9221140-05:00" testType="13cdc9d9-ddb5-4fa4-a97d-d965ccfc6d4b" outcome="Passed" testListId="8c84fa94-04c1-424b-9868-57a2d4851a1d" relativeResultsDirectory="f1483001-3e14-4c0e-a878-1da8d4c09b65" />
    <UnitTestResult executionId="0e39873e-8611-4085-a1b6-51c4b25cc511" testId="ba2eb800-eb24-7df5-1df2-54952a0268c0" testName="Appostolic.Api.AuthTests.LoginTenantSelectionTests.Login_MultiMembership_TenantAuto_Returns409" computerName="MacBook-Pro-2" duration="00:00:00.6139605" startTime="2025-09-22T13:18:20.5931170-05:00" endTime="2025-09-22T13:18:20.5931170-05:00" testType="13cdc9d9-ddb5-4fa4-a97d-d965ccfc6d4b" outcome="Passed" testListId="8c84fa94-04c1-424b-9868-57a2d4851a1d" relativeResultsDirectory="0e39873e-8611-4085-a1b6-51c4b25cc511" />
    <UnitTestResult executionId="0700b407-e213-47da-bfd4-3e0914d5c1ae" testId="f40065b9-7c11-5cb0-fc3c-72a39c2af769" testName="Appostolic.Api.Tests.SwaggerEndpointTests.SwaggerJson_ReturnsOpenApiDocument" computerName="MacBook-Pro-2" duration="00:00:00.0496317" startTime="2025-09-22T13:18:15.4359340-05:00" endTime="2025-09-22T13:18:15.4359340-05:00" testType="13cdc9d9-ddb5-4fa4-a97d-d965ccfc6d4b" outcome="Passed" testListId="8c84fa94-04c1-424b-9868-57a2d4851a1d" relativeResultsDirectory="0700b407-e213-47da-bfd4-3e0914d5c1ae" />
    <UnitTestResult executionId="0b05db36-6e16-4178-adfa-2a5428dbca48" testId="4f65136b-b885-5c0a-1650-385c2d5ff86d" testName="Appostolic.Api.Tests.Privacy.LoggingPIIScopeTests.EmailScope_IncludesRedactedAndHash_WhenEnabled" computerName="MacBook-Pro-2" duration="00:00:00.0006138" startTime="2025-09-22T13:18:09.2869900-05:00" endTime="2025-09-22T13:18:09.2869900-05:00" testType="13cdc9d9-ddb5-4fa4-a97d-d965ccfc6d4b" outcome="Passed" testListId="8c84fa94-04c1-424b-9868-57a2d4851a1d" relativeResultsDirectory="0b05db36-6e16-4178-adfa-2a5428dbca48" />
    <UnitTestResult executionId="693654f7-9081-42fa-89d3-b929418622e0" testId="c561c2f6-8efd-4095-cbad-20238816bd9c" testName="Appostolic.Api.Tests.NotificationEnqueuerTests.QueueVerification_enqueues_correct_message" computerName="MacBook-Pro-2" duration="00:00:00.0023724" startTime="2025-09-22T13:18:11.4311420-05:00" endTime="2025-09-22T13:18:11.4311420-05:00" testType="13cdc9d9-ddb5-4fa4-a97d-d965ccfc6d4b" outcome="Passed" testListId="8c84fa94-04c1-424b-9868-57a2d4851a1d" relativeResultsDirectory="693654f7-9081-42fa-89d3-b929418622e0" />
    <UnitTestResult executionId="fb220e0c-75f2-4418-87bc-9b1567a1d854" testId="598c0784-1cd9-c9b4-915a-4a09f637e246" testName="Appostolic.Api.Tests.Api.MinimalPngDecodeTests.MinimalPng_1x1_Decodes_With_ImageSharp" computerName="MacBook-Pro-2" duration="00:00:00.0330415" startTime="2025-09-22T13:18:14.5950450-05:00" endTime="2025-09-22T13:18:14.5950450-05:00" testType="13cdc9d9-ddb5-4fa4-a97d-d965ccfc6d4b" outcome="Passed" testListId="8c84fa94-04c1-424b-9868-57a2d4851a1d" relativeResultsDirectory="fb220e0c-75f2-4418-87bc-9b1567a1d854" />
    <UnitTestResult executionId="f47e6cd9-971f-4c3e-8eca-1853a593c429" testId="f4bc2eaf-f4d3-c189-d9cc-2eeedd1fbf5a" testName="Appostolic.Api.Tests.Auth.RefreshPlaintextExposedFlagTests.Login_Includes_Plaintext_When_Flag_Defaults_True" computerName="MacBook-Pro-2" duration="00:00:00.4031730" startTime="2025-09-22T13:18:08.3731300-05:00" endTime="2025-09-22T13:18:08.3731300-05:00" testType="13cdc9d9-ddb5-4fa4-a97d-d965ccfc6d4b" outcome="Passed" testListId="8c84fa94-04c1-424b-9868-57a2d4851a1d" relativeResultsDirectory="f47e6cd9-971f-4c3e-8eca-1853a593c429" />
    <UnitTestResult executionId="5e66f250-4c90-4ab7-9dfe-151330fe6f7b" testId="ed8d7d20-a6f1-0500-d78a-14c17a721b87" testName="Appostolic.Api.Tests.AgentOrchestratorTests.MaxStepsExceeded_FailsAfterCap" computerName="MacBook-Pro-2" duration="00:00:00.0012030" startTime="2025-09-22T13:18:25.5357840-05:00" endTime="2025-09-22T13:18:25.5357840-05:00" testType="13cdc9d9-ddb5-4fa4-a97d-d965ccfc6d4b" outcome="Passed" testListId="8c84fa94-04c1-424b-9868-57a2d4851a1d" relativeResultsDirectory="5e66f250-4c90-4ab7-9dfe-151330fe6f7b" />
    <UnitTestResult executionId="9f95e43e-1beb-45ba-b7f5-a85f338749a4" testId="f6f9c7c7-2034-4809-9600-0c0282164e3f" testName="Appostolic.Api.Tests.Api.UserPasswordEndpointsTests.Change_password_rejects_invalid_current" computerName="MacBook-Pro-2" duration="00:00:00.3651176" startTime="2025-09-22T13:18:21.6373170-05:00" endTime="2025-09-22T13:18:21.6373170-05:00" testType="13cdc9d9-ddb5-4fa4-a97d-d965ccfc6d4b" outcome="Passed" testListId="8c84fa94-04c1-424b-9868-57a2d4851a1d" relativeResultsDirectory="9f95e43e-1beb-45ba-b7f5-a85f338749a4" />
    <UnitTestResult executionId="3031f13a-076b-4fac-8264-f452c29cbc02" testId="6ac2577f-abec-ce9e-a92b-34035bd744e0" testName="FsWriteToolTests.Rejects_when_content_exceeds_max" computerName="MacBook-Pro-2" duration="00:00:00.0005940" startTime="2025-09-22T13:18:19.5748730-05:00" endTime="2025-09-22T13:18:19.5748740-05:00" testType="13cdc9d9-ddb5-4fa4-a97d-d965ccfc6d4b" outcome="Passed" testListId="8c84fa94-04c1-424b-9868-57a2d4851a1d" relativeResultsDirectory="3031f13a-076b-4fac-8264-f452c29cbc02" />
    <UnitTestResult executionId="4068f23a-a6e0-4964-bae5-103237ea9e4f" testId="1cde006b-fa5b-9bb3-7b8a-0a89c0448d58" testName="Appostolic.Api.Tests.Api.DevGrantRolesEndpointTests.Updates_existing_membership_roles_writes_audit" computerName="MacBook-Pro-2" duration="00:00:00.0054318" startTime="2025-09-22T13:18:35.3141690-05:00" endTime="2025-09-22T13:18:35.3141690-05:00" testType="13cdc9d9-ddb5-4fa4-a97d-d965ccfc6d4b" outcome="Passed" testListId="8c84fa94-04c1-424b-9868-57a2d4851a1d" relativeResultsDirectory="4068f23a-a6e0-4964-bae5-103237ea9e4f" />
    <UnitTestResult executionId="5d9c7b04-be3c-4559-a98b-de745f2bd40c" testId="784ad7dc-5a89-a731-4a54-d985f0ba330c" testName="Appostolic.Api.Tests.Notifications.AutoResendScannerTests.Respects_throttle_window" computerName="MacBook-Pro-2" duration="00:00:00.0010422" startTime="2025-09-22T13:18:22.6379120-05:00" endTime="2025-09-22T13:18:22.6379120-05:00" testType="13cdc9d9-ddb5-4fa4-a97d-d965ccfc6d4b" outcome="Passed" testListId="8c84fa94-04c1-424b-9868-57a2d4851a1d" relativeResultsDirectory="5d9c7b04-be3c-4559-a98b-de745f2bd40c" />
    <UnitTestResult executionId="901fe43f-b274-4073-b820-290eaa05702d" testId="8a436d67-15f2-8a6f-b3c8-3df7d72a7066" testName="Appostolic.Api.Tests.E2E.AgentTasksE2E_Allowlist.Allowlist_Denied_Tool_Produces_Failed_Task_With_Error_Trace" computerName="MacBook-Pro-2" duration="00:00:00.2490559" startTime="2025-09-22T13:18:32.9683040-05:00" endTime="2025-09-22T13:18:32.9683040-05:00" testType="13cdc9d9-ddb5-4fa4-a97d-d965ccfc6d4b" outcome="Passed" testListId="8c84fa94-04c1-424b-9868-57a2d4851a1d" relativeResultsDirectory="901fe43f-b274-4073-b820-290eaa05702d" />
    <UnitTestResult executionId="777a6e46-8f73-4293-8a37-056faf78405e" testId="c12613af-99b7-439d-c6df-131aa1e08ae7" testName="Appostolic.Api.AuthTests.TestTokenFactoryTests.MintTenantToken_MultiMembership_ExplicitTenantSelection" computerName="MacBook-Pro-2" duration="00:00:00.4049719" startTime="2025-09-22T13:18:25.1746170-05:00" endTime="2025-09-22T13:18:25.1746170-05:00" testType="13cdc9d9-ddb5-4fa4-a97d-d965ccfc6d4b" outcome="Passed" testListId="8c84fa94-04c1-424b-9868-57a2d4851a1d" relativeResultsDirectory="777a6e46-8f73-4293-8a37-056faf78405e" />
    <UnitTestResult executionId="9dc09e28-1186-46f7-8309-37313da40cd4" testId="3946d5e6-354d-0b10-e6eb-595cda5f42bd" testName="Appostolic.Api.Tests.Api.FlagsIntegrityTests.No_membership_has_zero_roles_bitmask" computerName="MacBook-Pro-2" duration="00:00:00.1013140" startTime="2025-09-22T13:18:27.4068450-05:00" endTime="2025-09-22T13:18:27.4068450-05:00" testType="13cdc9d9-ddb5-4fa4-a97d-d965ccfc6d4b" outcome="Passed" testListId="8c84fa94-04c1-424b-9868-57a2d4851a1d" relativeResultsDirectory="9dc09e28-1186-46f7-8309-37313da40cd4" />
  </Results>
  <TestDefinitions>
    <UnitTest name="Appostolic.Api.Tests.Api.UserProfileEndpointsTests.Put_me_merges_profile_and_trims_and_validates_social_urls" storage="/users/kevinmccreary/appostolic/apps/api.tests/bin/debug/net8.0/appostolic.api.tests.dll" id="adb4d425-e330-40e4-2ea6-b182e56ebe7d">
      <Execution id="a22fc202-9c86-445e-b9c5-c36ce9316684" />
      <TestMethod codeBase="/Users/kevinmccreary/appostolic/apps/api.tests/bin/Debug/net8.0/Appostolic.Api.Tests.dll" adapterTypeName="executor://xunit/VsTestRunner2/netcoreapp" className="Appostolic.Api.Tests.Api.UserProfileEndpointsTests" name="Put_me_merges_profile_and_trims_and_validates_social_urls" />
    </UnitTest>
    <UnitTest name="Appostolic.Api.Tests.Api.TenantSettingsEndpointsTests.Put_Settings_Deep_Merges" storage="/users/kevinmccreary/appostolic/apps/api.tests/bin/debug/net8.0/appostolic.api.tests.dll" id="95c167d1-a09f-1a4f-5f8b-bfed1919a8c0">
      <Execution id="7845ab5d-a848-4bbb-8473-0604306df813" />
      <TestMethod codeBase="/Users/kevinmccreary/appostolic/apps/api.tests/bin/Debug/net8.0/Appostolic.Api.Tests.dll" adapterTypeName="executor://xunit/VsTestRunner2/netcoreapp" className="Appostolic.Api.Tests.Api.TenantSettingsEndpointsTests" name="Put_Settings_Deep_Merges" />
    </UnitTest>
    <UnitTest name="Appostolic.Api.Tests.Api.InvitesEndpointsTests.Invites_Full_Lifecycle_Create_Resend_Accept_Revoke" storage="/users/kevinmccreary/appostolic/apps/api.tests/bin/debug/net8.0/appostolic.api.tests.dll" id="d5afdedc-771c-29a3-fa0a-9ebd023dd2c6">
      <Execution id="aff24c90-9baa-4f37-80ff-40f6894d6252" />
      <TestMethod codeBase="/Users/kevinmccreary/appostolic/apps/api.tests/bin/Debug/net8.0/Appostolic.Api.Tests.dll" adapterTypeName="executor://xunit/VsTestRunner2/netcoreapp" className="Appostolic.Api.Tests.Api.InvitesEndpointsTests" name="Invites_Full_Lifecycle_Create_Resend_Accept_Revoke" />
    </UnitTest>
    <UnitTest name="Appostolic.Api.Tests.Notifications.NotificationEnqueuerMagicLinkTests.QueueMagicLink_HashesToken_And_Publishes" storage="/users/kevinmccreary/appostolic/apps/api.tests/bin/debug/net8.0/appostolic.api.tests.dll" id="bc29c184-0770-c9df-63be-2a52d76ad503">
      <Execution id="557db7b5-1867-46bd-9aaf-3265ff472f80" />
      <TestMethod codeBase="/Users/kevinmccreary/appostolic/apps/api.tests/bin/Debug/net8.0/Appostolic.Api.Tests.dll" adapterTypeName="executor://xunit/VsTestRunner2/netcoreapp" className="Appostolic.Api.Tests.Notifications.NotificationEnqueuerMagicLinkTests" name="QueueMagicLink_HashesToken_And_Publishes" />
    </UnitTest>
    <UnitTest name="Appostolic.Api.Tests.Notifications.FieldEncryptionTests.Encrypts_And_Decrypts_On_Lease" storage="/users/kevinmccreary/appostolic/apps/api.tests/bin/debug/net8.0/appostolic.api.tests.dll" id="6305e689-cee9-6a31-93d8-755b6c5fc935">
      <Execution id="356ba7a3-74ed-4a45-ac78-0be07d1efb2b" />
      <TestMethod codeBase="/Users/kevinmccreary/appostolic/apps/api.tests/bin/Debug/net8.0/Appostolic.Api.Tests.dll" adapterTypeName="executor://xunit/VsTestRunner2/netcoreapp" className="Appostolic.Api.Tests.Notifications.FieldEncryptionTests" name="Encrypts_And_Decrypts_On_Lease" />
    </UnitTest>
    <UnitTest name="Appostolic.Api.Tests.Api.NotificationsAdminEndpointsTests.Dlq_replay_requeues_and_publishes_ids" storage="/users/kevinmccreary/appostolic/apps/api.tests/bin/debug/net8.0/appostolic.api.tests.dll" id="2e294ae5-fc9b-2692-1d65-f4ebb89ab5ef">
      <Execution id="6db39ef7-0712-4da1-b471-e724b5a1deef" />
      <TestMethod codeBase="/Users/kevinmccreary/appostolic/apps/api.tests/bin/Debug/net8.0/Appostolic.Api.Tests.dll" adapterTypeName="executor://xunit/VsTestRunner2/netcoreapp" className="Appostolic.Api.Tests.Api.NotificationsAdminEndpointsTests" name="Dlq_replay_requeues_and_publishes_ids" />
    </UnitTest>
    <UnitTest name="Appostolic.Api.Tests.SmokeTests.Health_ReturnsOk" storage="/users/kevinmccreary/appostolic/apps/api.tests/bin/debug/net8.0/appostolic.api.tests.dll" id="fc170f06-7a65-44e3-9780-d428f13f33ad">
      <Execution id="6d855a59-18bb-4aba-9bbb-31032a9b78a3" />
      <TestMethod codeBase="/Users/kevinmccreary/appostolic/apps/api.tests/bin/Debug/net8.0/Appostolic.Api.Tests.dll" adapterTypeName="executor://xunit/VsTestRunner2/netcoreapp" className="Appostolic.Api.Tests.SmokeTests" name="Health_ReturnsOk" />
    </UnitTest>
    <UnitTest name="Appostolic.Api.Tests.AgentConstraintTests.Agent_Temperature_out_of_range_throws_in_domain_constructor" storage="/users/kevinmccreary/appostolic/apps/api.tests/bin/debug/net8.0/appostolic.api.tests.dll" id="71d5d180-2d36-ecb9-e4eb-71ca09e46ec4">
      <Execution id="584afa4a-da02-4727-8616-ba706c60f498" />
      <TestMethod codeBase="/Users/kevinmccreary/appostolic/apps/api.tests/bin/Debug/net8.0/Appostolic.Api.Tests.dll" adapterTypeName="executor://xunit/VsTestRunner2/netcoreapp" className="Appostolic.Api.Tests.AgentConstraintTests" name="Agent_Temperature_out_of_range_throws_in_domain_constructor" />
    </UnitTest>
    <UnitTest name="Appostolic.Api.Tests.NotificationEnqueuerTests.QueueInvite_uses_relative_when_base_missing" storage="/users/kevinmccreary/appostolic/apps/api.tests/bin/debug/net8.0/appostolic.api.tests.dll" id="5818c4b0-5040-ff57-2a21-3715c31b378e">
      <Execution id="bc532541-dff5-413a-b6d8-ba0113f41b27" />
      <TestMethod codeBase="/Users/kevinmccreary/appostolic/apps/api.tests/bin/Debug/net8.0/Appostolic.Api.Tests.dll" adapterTypeName="executor://xunit/VsTestRunner2/netcoreapp" className="Appostolic.Api.Tests.NotificationEnqueuerTests" name="QueueInvite_uses_relative_when_base_missing" />
    </UnitTest>
    <UnitTest name="Appostolic.Api.Tests.Orchestrator.TokenAggregationTests.CostIsNull_WhenPricingDisabled" storage="/users/kevinmccreary/appostolic/apps/api.tests/bin/debug/net8.0/appostolic.api.tests.dll" id="3b3a68c1-1138-770e-4b05-0d7fb6b68738">
      <Execution id="9c0fbc12-6b4f-4b0c-aa1d-8058c0022b63" />
      <TestMethod codeBase="/Users/kevinmccreary/appostolic/apps/api.tests/bin/Debug/net8.0/Appostolic.Api.Tests.dll" adapterTypeName="executor://xunit/VsTestRunner2/netcoreapp" className="Appostolic.Api.Tests.Orchestrator.TokenAggregationTests" name="CostIsNull_WhenPricingDisabled" />
    </UnitTest>
    <UnitTest name="Appostolic.Api.Tests.Auth.AuthMetricsTests.Story9_NewCountersAndDurations" storage="/users/kevinmccreary/appostolic/apps/api.tests/bin/debug/net8.0/appostolic.api.tests.dll" id="303a8ec4-1283-c55c-ceff-908085b877fe">
      <Execution id="7a352e12-6a9b-4343-9f6c-5a86e8a25be5" />
      <TestMethod codeBase="/Users/kevinmccreary/appostolic/apps/api.tests/bin/Debug/net8.0/Appostolic.Api.Tests.dll" adapterTypeName="executor://xunit/VsTestRunner2/netcoreapp" className="Appostolic.Api.Tests.Auth.AuthMetricsTests" name="Story9_NewCountersAndDurations" />
    </UnitTest>
    <UnitTest name="Appostolic.Api.AuthTests.TestTokenFactoryTests.MintTenantToken_FlagDisabled_ReturnsNotFound" storage="/users/kevinmccreary/appostolic/apps/api.tests/bin/debug/net8.0/appostolic.api.tests.dll" id="66792d28-b742-2184-22b7-0db1029dfc14">
      <Execution id="28598194-4376-427f-b7f1-2018a1396348" />
      <TestMethod codeBase="/Users/kevinmccreary/appostolic/apps/api.tests/bin/Debug/net8.0/Appostolic.Api.Tests.dll" adapterTypeName="executor://xunit/VsTestRunner2/netcoreapp" className="Appostolic.Api.AuthTests.TestTokenFactoryTests" name="MintTenantToken_FlagDisabled_ReturnsNotFound" />
    </UnitTest>
    <UnitTest name="Appostolic.Api.Tests.Auth.RefreshEndpointTests.Refresh_Can_Issue_TenantToken" storage="/users/kevinmccreary/appostolic/apps/api.tests/bin/debug/net8.0/appostolic.api.tests.dll" id="0d8e7961-edc8-5f2f-d398-1131ab5c1262">
      <Execution id="d8d635d4-50f2-4180-86c0-d26cc7d83c22" />
      <TestMethod codeBase="/Users/kevinmccreary/appostolic/apps/api.tests/bin/Debug/net8.0/Appostolic.Api.Tests.dll" adapterTypeName="executor://xunit/VsTestRunner2/netcoreapp" className="Appostolic.Api.Tests.Auth.RefreshEndpointTests" name="Refresh_Can_Issue_TenantToken" />
    </UnitTest>
    <UnitTest name="Appostolic.Api.Tests.Notifications.NotificationsPiiScrubTests.Scrubs_before_delete_windows_and_deletes_at_cutoff" storage="/users/kevinmccreary/appostolic/apps/api.tests/bin/debug/net8.0/appostolic.api.tests.dll" id="eb812c29-73b3-e923-42de-8821a188e94a">
      <Execution id="f6838325-762a-4bf2-8244-5abd59ba4221" />
      <TestMethod codeBase="/Users/kevinmccreary/appostolic/apps/api.tests/bin/Debug/net8.0/Appostolic.Api.Tests.dll" adapterTypeName="executor://xunit/VsTestRunner2/netcoreapp" className="Appostolic.Api.Tests.Notifications.NotificationsPiiScrubTests" name="Scrubs_before_delete_windows_and_deletes_at_cutoff" />
    </UnitTest>
    <UnitTest name="Appostolic.Api.Tests.Auth.AuthMetricsTests.PlaintextCountersIncrement" storage="/users/kevinmccreary/appostolic/apps/api.tests/bin/debug/net8.0/appostolic.api.tests.dll" id="f397170a-390b-6658-7a65-2034c30cf829">
      <Execution id="daed5f77-7b5a-40c2-b9bb-bf7b17085772" />
      <TestMethod codeBase="/Users/kevinmccreary/appostolic/apps/api.tests/bin/Debug/net8.0/Appostolic.Api.Tests.dll" adapterTypeName="executor://xunit/VsTestRunner2/netcoreapp" className="Appostolic.Api.Tests.Auth.AuthMetricsTests" name="PlaintextCountersIncrement" />
    </UnitTest>
    <UnitTest name="Appostolic.Api.Tests.Api.TenantSettingsEndpointsTests.Upload_Logo_Rejects_Unsupported_Media_Type" storage="/users/kevinmccreary/appostolic/apps/api.tests/bin/debug/net8.0/appostolic.api.tests.dll" id="9e2bc8ee-63e7-247f-c2c7-e16759561a39">
      <Execution id="3141d012-b8d2-44ed-9a65-8ca69b27af87" />
      <TestMethod codeBase="/Users/kevinmccreary/appostolic/apps/api.tests/bin/Debug/net8.0/Appostolic.Api.Tests.dll" adapterTypeName="executor://xunit/VsTestRunner2/netcoreapp" className="Appostolic.Api.Tests.Api.TenantSettingsEndpointsTests" name="Upload_Logo_Rejects_Unsupported_Media_Type" />
    </UnitTest>
    <UnitTest name="Appostolic.Api.AuthTests.LoginJwtNeutralTests.Login_ReturnsNeutralAccessAndRefreshToken" storage="/users/kevinmccreary/appostolic/apps/api.tests/bin/debug/net8.0/appostolic.api.tests.dll" id="860122fa-e148-3b20-fdb5-225e5e6bb171">
      <Execution id="7689e019-33fa-455b-8e54-6d9140584d6a" />
      <TestMethod codeBase="/Users/kevinmccreary/appostolic/apps/api.tests/bin/Debug/net8.0/Appostolic.Api.Tests.dll" adapterTypeName="executor://xunit/VsTestRunner2/netcoreapp" className="Appostolic.Api.AuthTests.LoginJwtNeutralTests" name="Login_ReturnsNeutralAccessAndRefreshToken" />
    </UnitTest>
    <UnitTest name="Appostolic.Api.Tests.Auth.LogoutTests.SingleLogout_FollowedByRefresh_ReturnsReuse" storage="/users/kevinmccreary/appostolic/apps/api.tests/bin/debug/net8.0/appostolic.api.tests.dll" id="5fb7223b-5714-aaac-abea-c5cb06e52929">
      <Execution id="13ea7bef-d9a4-499d-a1df-b6b232836c08" />
      <TestMethod codeBase="/Users/kevinmccreary/appostolic/apps/api.tests/bin/Debug/net8.0/Appostolic.Api.Tests.dll" adapterTypeName="executor://xunit/VsTestRunner2/netcoreapp" className="Appostolic.Api.Tests.Auth.LogoutTests" name="SingleLogout_FollowedByRefresh_ReturnsReuse" />
    </UnitTest>
    <UnitTest name="Appostolic.Api.Tests.Privacy.PIIRedactorTests.RedactPhone_Works(input: &quot;1234&quot;, expected: &quot;***1234&quot;)" storage="/users/kevinmccreary/appostolic/apps/api.tests/bin/debug/net8.0/appostolic.api.tests.dll" id="ad4c69db-d5c6-f4c3-9052-619bff8dd14e">
      <Execution id="9fea3b2c-da26-4caf-84f7-4c34fae3e1ab" />
      <TestMethod codeBase="/Users/kevinmccreary/appostolic/apps/api.tests/bin/Debug/net8.0/Appostolic.Api.Tests.dll" adapterTypeName="executor://xunit/VsTestRunner2/netcoreapp" className="Appostolic.Api.Tests.Privacy.PIIRedactorTests" name="RedactPhone_Works" />
    </UnitTest>
    <UnitTest name="Appostolic.Api.Tests.E2E.NotificationsE2E_Mailhog.VerificationEmail_reaches_Mailhog_and_outbox_marks_Sent" storage="/users/kevinmccreary/appostolic/apps/api.tests/bin/debug/net8.0/appostolic.api.tests.dll" id="57eb4321-b137-5017-063e-e3e669ff6aa8">
      <Execution id="63068c4c-e16d-47bd-8c2a-e8732a831703" />
      <TestMethod codeBase="/Users/kevinmccreary/appostolic/apps/api.tests/bin/Debug/net8.0/Appostolic.Api.Tests.dll" adapterTypeName="executor://xunit/VsTestRunner2/netcoreapp" className="Appostolic.Api.Tests.E2E.NotificationsE2E_Mailhog" name="VerificationEmail_reaches_Mailhog_and_outbox_marks_Sent" />
    </UnitTest>
    <UnitTest name="Appostolic.Api.Tests.EmailProviderSelectionTests.Resolves_SendGrid_sender_when_provider_sendgrid" storage="/users/kevinmccreary/appostolic/apps/api.tests/bin/debug/net8.0/appostolic.api.tests.dll" id="4f12e680-b238-5f1e-d786-32a29acea93b">
      <Execution id="24ee46a0-b9c2-43b3-8d55-e6b26e5e73c4" />
      <TestMethod codeBase="/Users/kevinmccreary/appostolic/apps/api.tests/bin/Debug/net8.0/Appostolic.Api.Tests.dll" adapterTypeName="executor://xunit/VsTestRunner2/netcoreapp" className="Appostolic.Api.Tests.EmailProviderSelectionTests" name="Resolves_SendGrid_sender_when_provider_sendgrid" />
    </UnitTest>
    <UnitTest name="Appostolic.Api.Tests.Api.NotificationsAdminEndpointsTests.Dlq_list_returns_failed_and_deadletter_with_paging" storage="/users/kevinmccreary/appostolic/apps/api.tests/bin/debug/net8.0/appostolic.api.tests.dll" id="68b95691-6ef6-716d-545d-ee6cf04d94e7">
      <Execution id="c9a15c26-9038-4c42-a89b-fd62e88d8c74" />
      <TestMethod codeBase="/Users/kevinmccreary/appostolic/apps/api.tests/bin/Debug/net8.0/Appostolic.Api.Tests.dll" adapterTypeName="executor://xunit/VsTestRunner2/netcoreapp" className="Appostolic.Api.Tests.Api.NotificationsAdminEndpointsTests" name="Dlq_list_returns_failed_and_deadletter_with_paging" />
    </UnitTest>
    <UnitTest name="Appostolic.Api.Tests.Observability.TelemetrySmokeTests.HappyPath_Emits_Spans_And_Metrics" storage="/users/kevinmccreary/appostolic/apps/api.tests/bin/debug/net8.0/appostolic.api.tests.dll" id="a11d6311-0314-291e-6c87-0745cc1eace8">
      <Execution id="1f9c6250-5034-4017-8aa0-c5469dfa2206" />
      <TestMethod codeBase="/Users/kevinmccreary/appostolic/apps/api.tests/bin/Debug/net8.0/Appostolic.Api.Tests.dll" adapterTypeName="executor://xunit/VsTestRunner2/netcoreapp" className="Appostolic.Api.Tests.Observability.TelemetrySmokeTests" name="HappyPath_Emits_Spans_And_Metrics" />
    </UnitTest>
    <UnitTest name="Appostolic.Api.Tests.Schema.RolesBitmaskConstraintTests.Insert_membership_with_invalid_bitmask_fails" storage="/users/kevinmccreary/appostolic/apps/api.tests/bin/debug/net8.0/appostolic.api.tests.dll" id="e6dca875-c7cc-8760-96b7-d841ef24dda8">
      <Execution id="57de720b-9c12-4905-9f91-09995a71ab17" />
      <TestMethod codeBase="/Users/kevinmccreary/appostolic/apps/api.tests/bin/Debug/net8.0/Appostolic.Api.Tests.dll" adapterTypeName="executor://xunit/VsTestRunner2/netcoreapp" className="Appostolic.Api.Tests.Schema.RolesBitmaskConstraintTests" name="Insert_membership_with_invalid_bitmask_fails" />
    </UnitTest>
    <UnitTest name="Appostolic.Api.Tests.Api.UserAvatarEndpointsTests.UploadAvatar_Rejects_TooRectangular" storage="/users/kevinmccreary/appostolic/apps/api.tests/bin/debug/net8.0/appostolic.api.tests.dll" id="d651406b-2d52-45a1-6b81-e5bff5b77f68">
      <Execution id="4854d1be-61dc-4d26-ae43-3e994dae4b1f" />
      <TestMethod codeBase="/Users/kevinmccreary/appostolic/apps/api.tests/bin/Debug/net8.0/Appostolic.Api.Tests.dll" adapterTypeName="executor://xunit/VsTestRunner2/netcoreapp" className="Appostolic.Api.Tests.Api.UserAvatarEndpointsTests" name="UploadAvatar_Rejects_TooRectangular" />
    </UnitTest>
    <UnitTest name="Appostolic.Api.Tests.SwaggerEndpointTests.SwaggerUI_ReturnsHtml" storage="/users/kevinmccreary/appostolic/apps/api.tests/bin/debug/net8.0/appostolic.api.tests.dll" id="d4f44d27-452c-a77e-5891-0807797b42c9">
      <Execution id="be6db7c6-c319-4de0-8e5f-c1e624ec3bc7" />
      <TestMethod codeBase="/Users/kevinmccreary/appostolic/apps/api.tests/bin/Debug/net8.0/Appostolic.Api.Tests.dll" adapterTypeName="executor://xunit/VsTestRunner2/netcoreapp" className="Appostolic.Api.Tests.SwaggerEndpointTests" name="SwaggerUI_ReturnsHtml" />
    </UnitTest>
    <UnitTest name="Appostolic.Api.Tests.Schema.SchemaAbsenceTests.SchemaDoesNotIncludeLegacyRoleColumn" storage="/users/kevinmccreary/appostolic/apps/api.tests/bin/debug/net8.0/appostolic.api.tests.dll" id="42302051-1625-6136-82c7-cb8536b0fb08">
      <Execution id="8be7b588-459e-4919-b48c-5681890eee30" />
      <TestMethod codeBase="/Users/kevinmccreary/appostolic/apps/api.tests/bin/Debug/net8.0/Appostolic.Api.Tests.dll" adapterTypeName="executor://xunit/VsTestRunner2/netcoreapp" className="Appostolic.Api.Tests.Schema.SchemaAbsenceTests" name="SchemaDoesNotIncludeLegacyRoleColumn" />
    </UnitTest>
    <UnitTest name="Appostolic.Api.Tests.Api.UserAvatarEndpointsTests.UploadAvatar_Rejects_UnsupportedMediaType" storage="/users/kevinmccreary/appostolic/apps/api.tests/bin/debug/net8.0/appostolic.api.tests.dll" id="65bd3a03-5d21-067f-5d94-19d0f92f350a">
      <Execution id="e8348773-7164-4038-950f-867d40aae387" />
      <TestMethod codeBase="/Users/kevinmccreary/appostolic/apps/api.tests/bin/Debug/net8.0/Appostolic.Api.Tests.dll" adapterTypeName="executor://xunit/VsTestRunner2/netcoreapp" className="Appostolic.Api.Tests.Api.UserAvatarEndpointsTests" name="UploadAvatar_Rejects_UnsupportedMediaType" />
    </UnitTest>
    <UnitTest name="Appostolic.Api.Tests.AgentTasks.AgentTasksCancelRetryTests.Cancel_Pending_Task_IsCanceledImmediately" storage="/users/kevinmccreary/appostolic/apps/api.tests/bin/debug/net8.0/appostolic.api.tests.dll" id="f7e247f1-8de7-594b-e638-b4ec989d69be">
      <Execution id="4f9bf73d-4238-42af-8308-6d42261b6782" />
      <TestMethod codeBase="/Users/kevinmccreary/appostolic/apps/api.tests/bin/Debug/net8.0/Appostolic.Api.Tests.dll" adapterTypeName="executor://xunit/VsTestRunner2/netcoreapp" className="Appostolic.Api.Tests.AgentTasks.AgentTasksCancelRetryTests" name="Cancel_Pending_Task_IsCanceledImmediately" />
    </UnitTest>
    <UnitTest name="Appostolic.Api.Tests.Api.UserPasswordEndpointsTests.Change_password_succeeds_with_valid_current" storage="/users/kevinmccreary/appostolic/apps/api.tests/bin/debug/net8.0/appostolic.api.tests.dll" id="be1de379-3abe-1f02-3816-c02bcfed7529">
      <Execution id="5aaeace0-7ecb-4e28-acf7-efa823d6924e" />
      <TestMethod codeBase="/Users/kevinmccreary/appostolic/apps/api.tests/bin/Debug/net8.0/Appostolic.Api.Tests.dll" adapterTypeName="executor://xunit/VsTestRunner2/netcoreapp" className="Appostolic.Api.Tests.Api.UserPasswordEndpointsTests" name="Change_password_succeeds_with_valid_current" />
    </UnitTest>
    <UnitTest name="Appostolic.Api.AuthTests.SelectTenantTests.SelectTenant_InvalidRefresh_Returns401" storage="/users/kevinmccreary/appostolic/apps/api.tests/bin/debug/net8.0/appostolic.api.tests.dll" id="92516c71-7710-d814-eb04-be7d523d5356">
      <Execution id="7907f45c-6df2-47b1-8ec7-8e810c6a3cc7" />
      <TestMethod codeBase="/Users/kevinmccreary/appostolic/apps/api.tests/bin/Debug/net8.0/Appostolic.Api.Tests.dll" adapterTypeName="executor://xunit/VsTestRunner2/netcoreapp" className="Appostolic.Api.AuthTests.SelectTenantTests" name="SelectTenant_InvalidRefresh_Returns401" />
    </UnitTest>
    <UnitTest name="Appostolic.Api.AuthTests.AuthTestClientTests.UseNeutralAsync_SetsBearerHeader" storage="/users/kevinmccreary/appostolic/apps/api.tests/bin/debug/net8.0/appostolic.api.tests.dll" id="c5bff5b6-ebf0-af02-169d-7b3aa82f66ca">
      <Execution id="cad53f96-5533-41cf-accb-c2c15e232def" />
      <TestMethod codeBase="/Users/kevinmccreary/appostolic/apps/api.tests/bin/Debug/net8.0/Appostolic.Api.Tests.dll" adapterTypeName="executor://xunit/VsTestRunner2/netcoreapp" className="Appostolic.Api.AuthTests.AuthTestClientTests" name="UseNeutralAsync_SetsBearerHeader" />
    </UnitTest>
    <UnitTest name="Appostolic.Api.AuthTests.SelectTenantTests.SelectTenant_Succeeds_RotatesRefreshToken" storage="/users/kevinmccreary/appostolic/apps/api.tests/bin/debug/net8.0/appostolic.api.tests.dll" id="044b435e-ad6a-4304-9059-6c418c0c4c86">
      <Execution id="2ade3a57-49a8-441e-a484-53f1ab83b1c5" />
      <TestMethod codeBase="/Users/kevinmccreary/appostolic/apps/api.tests/bin/Debug/net8.0/Appostolic.Api.Tests.dll" adapterTypeName="executor://xunit/VsTestRunner2/netcoreapp" className="Appostolic.Api.AuthTests.SelectTenantTests" name="SelectTenant_Succeeds_RotatesRefreshToken" />
    </UnitTest>
    <UnitTest name="Appostolic.Api.Tests.Auth.RefreshPlaintextExposedFlagTests.Login_Includes_Plaintext_When_Flag_Defaults_True" storage="/users/kevinmccreary/appostolic/apps/api.tests/bin/debug/net8.0/appostolic.api.tests.dll" id="f4bc2eaf-f4d3-c189-d9cc-2eeedd1fbf5a">
      <Execution id="f47e6cd9-971f-4c3e-8eca-1853a593c429" />
      <TestMethod codeBase="/Users/kevinmccreary/appostolic/apps/api.tests/bin/Debug/net8.0/Appostolic.Api.Tests.dll" adapterTypeName="executor://xunit/VsTestRunner2/netcoreapp" className="Appostolic.Api.Tests.Auth.RefreshPlaintextExposedFlagTests" name="Login_Includes_Plaintext_When_Flag_Defaults_True" />
    </UnitTest>
    <UnitTest name="Appostolic.Api.Tests.Api.AssignmentsApiTests.Set_roles_replaces_flags_and_allows_noop" storage="/users/kevinmccreary/appostolic/apps/api.tests/bin/debug/net8.0/appostolic.api.tests.dll" id="29cdf802-09fa-4c20-1649-a919d0e03e4d">
      <Execution id="4d0ba909-ddb6-4eb4-aabb-b435ae49bb96" />
      <TestMethod codeBase="/Users/kevinmccreary/appostolic/apps/api.tests/bin/Debug/net8.0/Appostolic.Api.Tests.dll" adapterTypeName="executor://xunit/VsTestRunner2/netcoreapp" className="Appostolic.Api.Tests.Api.AssignmentsApiTests" name="Set_roles_replaces_flags_and_allows_noop" />
    </UnitTest>
    <UnitTest name="Appostolic.Api.Tests.Api.AuditsListingEndpointTests.Returns_400_on_invalid_guid_filters" storage="/users/kevinmccreary/appostolic/apps/api.tests/bin/debug/net8.0/appostolic.api.tests.dll" id="d3e47fb0-198c-5eff-c3a7-e584b9e9130b">
      <Execution id="dd1de50f-f28e-45e1-b0b0-912c4f1e3e80" />
      <TestMethod codeBase="/Users/kevinmccreary/appostolic/apps/api.tests/bin/Debug/net8.0/Appostolic.Api.Tests.dll" adapterTypeName="executor://xunit/VsTestRunner2/netcoreapp" className="Appostolic.Api.Tests.Api.AuditsListingEndpointTests" name="Returns_400_on_invalid_guid_filters" />
    </UnitTest>
    <UnitTest name="Appostolic.Api.Tests.Orchestrator.AgentOrchestratorTests.HappyPath_ModelPlansToolThenFinal_SucceedsWithTwoTraces" storage="/users/kevinmccreary/appostolic/apps/api.tests/bin/debug/net8.0/appostolic.api.tests.dll" id="e654c6ff-e79b-0f0d-7ecf-a4648dc0cf91">
      <Execution id="16ae7266-4115-4c37-92c0-f255213bb65d" />
      <TestMethod codeBase="/Users/kevinmccreary/appostolic/apps/api.tests/bin/Debug/net8.0/Appostolic.Api.Tests.dll" adapterTypeName="executor://xunit/VsTestRunner2/netcoreapp" className="Appostolic.Api.Tests.Orchestrator.AgentOrchestratorTests" name="HappyPath_ModelPlansToolThenFinal_SucceedsWithTwoTraces" />
    </UnitTest>
    <UnitTest name="Appostolic.Api.Tests.Api.UserPasswordEndpointsTests.Change_password_rejects_invalid_current" storage="/users/kevinmccreary/appostolic/apps/api.tests/bin/debug/net8.0/appostolic.api.tests.dll" id="f6f9c7c7-2034-4809-9600-0c0282164e3f">
      <Execution id="9f95e43e-1beb-45ba-b7f5-a85f338749a4" />
      <TestMethod codeBase="/Users/kevinmccreary/appostolic/apps/api.tests/bin/Debug/net8.0/Appostolic.Api.Tests.dll" adapterTypeName="executor://xunit/VsTestRunner2/netcoreapp" className="Appostolic.Api.Tests.Api.UserPasswordEndpointsTests" name="Change_password_rejects_invalid_current" />
    </UnitTest>
    <UnitTest name="Appostolic.Api.Tests.Api.AuditsListingEndpointTests.Lists_audits_with_paging_and_total_count" storage="/users/kevinmccreary/appostolic/apps/api.tests/bin/debug/net8.0/appostolic.api.tests.dll" id="66fffdff-2dff-cbe5-8750-30f31bf1db7c">
      <Execution id="f19231e4-7f9a-407b-b113-031099a32097" />
      <TestMethod codeBase="/Users/kevinmccreary/appostolic/apps/api.tests/bin/Debug/net8.0/Appostolic.Api.Tests.dll" adapterTypeName="executor://xunit/VsTestRunner2/netcoreapp" className="Appostolic.Api.Tests.Api.AuditsListingEndpointTests" name="Lists_audits_with_paging_and_total_count" />
    </UnitTest>
    <UnitTest name="FsWriteToolTests.Rejects_when_content_exceeds_max" storage="/users/kevinmccreary/appostolic/apps/api.tests/bin/debug/net8.0/appostolic.api.tests.dll" id="6ac2577f-abec-ce9e-a92b-34035bd744e0">
      <Execution id="3031f13a-076b-4fac-8264-f452c29cbc02" />
      <TestMethod codeBase="/Users/kevinmccreary/appostolic/apps/api.tests/bin/Debug/net8.0/Appostolic.Api.Tests.dll" adapterTypeName="executor://xunit/VsTestRunner2/netcoreapp" className="FsWriteToolTests" name="Rejects_when_content_exceeds_max" />
    </UnitTest>
    <UnitTest name="Appostolic.Api.Tests.Model.TokenEstimatorTests.EstimateTokens_Heuristic_CeilPer4Chars(text: &quot;abcd&quot;, expected: 1)" storage="/users/kevinmccreary/appostolic/apps/api.tests/bin/debug/net8.0/appostolic.api.tests.dll" id="39114ef2-4a94-0d20-df91-881c10164c3c">
      <Execution id="d06863e1-57da-4bc3-a77e-9ac074458906" />
      <TestMethod codeBase="/Users/kevinmccreary/appostolic/apps/api.tests/bin/Debug/net8.0/Appostolic.Api.Tests.dll" adapterTypeName="executor://xunit/VsTestRunner2/netcoreapp" className="Appostolic.Api.Tests.Model.TokenEstimatorTests" name="EstimateTokens_Heuristic_CeilPer4Chars" />
    </UnitTest>
    <UnitTest name="Appostolic.Api.Tests.Notifications.RedisTransportPrivacyTests.EnqueueFailure_LogsErrorWithoutPayloadContents" storage="/users/kevinmccreary/appostolic/apps/api.tests/bin/debug/net8.0/appostolic.api.tests.dll" id="6a6d73d7-7d30-455c-71a4-79ea460d8c8c">
      <Execution id="6a327390-a0df-489a-9fe6-28d3fdde7d16" />
      <TestMethod codeBase="/Users/kevinmccreary/appostolic/apps/api.tests/bin/Debug/net8.0/Appostolic.Api.Tests.dll" adapterTypeName="executor://xunit/VsTestRunner2/netcoreapp" className="Appostolic.Api.Tests.Notifications.RedisTransportPrivacyTests" name="EnqueueFailure_LogsErrorWithoutPayloadContents" />
    </UnitTest>
    <UnitTest name="Appostolic.Api.Tests.ModelMappingTests.Agent_check_constraints_are_configured_in_model" storage="/users/kevinmccreary/appostolic/apps/api.tests/bin/debug/net8.0/appostolic.api.tests.dll" id="f36e146c-5e84-0e67-2982-f20e16e0dd68">
      <Execution id="c32a748c-539f-4c23-8253-412f8165a8ff" />
      <TestMethod codeBase="/Users/kevinmccreary/appostolic/apps/api.tests/bin/Debug/net8.0/Appostolic.Api.Tests.dll" adapterTypeName="executor://xunit/VsTestRunner2/netcoreapp" className="Appostolic.Api.Tests.ModelMappingTests" name="Agent_check_constraints_are_configured_in_model" />
    </UnitTest>
    <UnitTest name="Appostolic.Api.Tests.Security.RoleAuthorizationTests.ApplyRoleChange_Audits_WhenFlagsActuallyChange" storage="/users/kevinmccreary/appostolic/apps/api.tests/bin/debug/net8.0/appostolic.api.tests.dll" id="de1a3f8c-fdc8-053c-df76-ab275a18af97">
      <Execution id="3fd22978-c063-4553-8a9a-537a49404c2a" />
      <TestMethod codeBase="/Users/kevinmccreary/appostolic/apps/api.tests/bin/Debug/net8.0/Appostolic.Api.Tests.dll" adapterTypeName="executor://xunit/VsTestRunner2/netcoreapp" className="Appostolic.Api.Tests.Security.RoleAuthorizationTests" name="ApplyRoleChange_Audits_WhenFlagsActuallyChange" />
    </UnitTest>
    <UnitTest name="Appostolic.Api.Tests.SendGridEmailSenderTests.Sends_on_202_Accepted" storage="/users/kevinmccreary/appostolic/apps/api.tests/bin/debug/net8.0/appostolic.api.tests.dll" id="02f4c01b-4d57-cea6-940b-91f660d6b3a5">
      <Execution id="ebb34d3c-4218-4a2b-8d02-ff4237f7dd76" />
      <TestMethod codeBase="/Users/kevinmccreary/appostolic/apps/api.tests/bin/Debug/net8.0/Appostolic.Api.Tests.dll" adapterTypeName="executor://xunit/VsTestRunner2/netcoreapp" className="Appostolic.Api.Tests.SendGridEmailSenderTests" name="Sends_on_202_Accepted" />
    </UnitTest>
    <UnitTest name="Appostolic.Api.Tests.Api.AuthPasswordFlowsTests.ResetPassword_WithValidToken_UpdatesHashAndConsumesToken" storage="/users/kevinmccreary/appostolic/apps/api.tests/bin/debug/net8.0/appostolic.api.tests.dll" id="eeaccddf-52e1-1db7-6606-fc19c2721862">
      <Execution id="aa098b44-a04f-4ea8-9919-90d56cb263f2" />
      <TestMethod codeBase="/Users/kevinmccreary/appostolic/apps/api.tests/bin/Debug/net8.0/Appostolic.Api.Tests.dll" adapterTypeName="executor://xunit/VsTestRunner2/netcoreapp" className="Appostolic.Api.Tests.Api.AuthPasswordFlowsTests" name="ResetPassword_WithValidToken_UpdatesHashAndConsumesToken" />
    </UnitTest>
    <UnitTest name="Appostolic.Api.Tests.Api.AuthPasswordFlowsTests.ResetPassword_WithInvalidToken_ReturnsBadRequest" storage="/users/kevinmccreary/appostolic/apps/api.tests/bin/debug/net8.0/appostolic.api.tests.dll" id="f3139bd5-165e-b0d0-2da0-a0210810049e">
      <Execution id="2480ec8d-9eaf-49c5-965b-e2948305c4f0" />
      <TestMethod codeBase="/Users/kevinmccreary/appostolic/apps/api.tests/bin/Debug/net8.0/Appostolic.Api.Tests.dll" adapterTypeName="executor://xunit/VsTestRunner2/netcoreapp" className="Appostolic.Api.Tests.Api.AuthPasswordFlowsTests" name="ResetPassword_WithInvalidToken_ReturnsBadRequest" />
    </UnitTest>
    <UnitTest name="Appostolic.Api.Tests.EmailDedupeTests.Dedupe_suppresses_duplicate_messages" storage="/users/kevinmccreary/appostolic/apps/api.tests/bin/debug/net8.0/appostolic.api.tests.dll" id="21127838-ea89-b283-653a-0b46d8acc590">
      <Execution id="d9114be5-4b75-423a-b99a-d786de9b56b8" />
      <TestMethod codeBase="/Users/kevinmccreary/appostolic/apps/api.tests/bin/Debug/net8.0/Appostolic.Api.Tests.dll" adapterTypeName="executor://xunit/VsTestRunner2/netcoreapp" className="Appostolic.Api.Tests.EmailDedupeTests" name="Dedupe_suppresses_duplicate_messages" />
    </UnitTest>
    <UnitTest name="Appostolic.Api.Tests.Privacy.PIIHasherTests.HashPhone_NormalizesDigits" storage="/users/kevinmccreary/appostolic/apps/api.tests/bin/debug/net8.0/appostolic.api.tests.dll" id="b3de0f6b-2ac2-0bee-ef58-144a8741a412">
      <Execution id="8f2baae2-6b50-4df5-96a5-2955613cdc93" />
      <TestMethod codeBase="/Users/kevinmccreary/appostolic/apps/api.tests/bin/Debug/net8.0/Appostolic.Api.Tests.dll" adapterTypeName="executor://xunit/VsTestRunner2/netcoreapp" className="Appostolic.Api.Tests.Privacy.PIIHasherTests" name="HashPhone_NormalizesDigits" />
    </UnitTest>
    <UnitTest name="Appostolic.Api.Tests.Model.TokenEstimatorTests.EstimateTokens_Heuristic_CeilPer4Chars(text: &quot;abcdefghi&quot;, expected: 3)" storage="/users/kevinmccreary/appostolic/apps/api.tests/bin/debug/net8.0/appostolic.api.tests.dll" id="df92ad96-32d4-9c44-0398-97a52600538f">
      <Execution id="0bd0c22e-77e1-4c70-acfd-25c03c9cd9a6" />
      <TestMethod codeBase="/Users/kevinmccreary/appostolic/apps/api.tests/bin/Debug/net8.0/Appostolic.Api.Tests.dll" adapterTypeName="executor://xunit/VsTestRunner2/netcoreapp" className="Appostolic.Api.Tests.Model.TokenEstimatorTests" name="EstimateTokens_Heuristic_CeilPer4Chars" />
    </UnitTest>
    <UnitTest name="Appostolic.Api.Tests.Notifications.NotificationsResendTests.Can_insert_child_with_resend_of_fk" storage="/users/kevinmccreary/appostolic/apps/api.tests/bin/debug/net8.0/appostolic.api.tests.dll" id="051a87a0-4947-acab-5222-3cc970dba0ba">
      <Execution id="a27ef828-0d24-4148-8825-f1178e5bd7b7" />
      <TestMethod codeBase="/Users/kevinmccreary/appostolic/apps/api.tests/bin/Debug/net8.0/Appostolic.Api.Tests.dll" adapterTypeName="executor://xunit/VsTestRunner2/netcoreapp" className="Appostolic.Api.Tests.Notifications.NotificationsResendTests" name="Can_insert_child_with_resend_of_fk" />
    </UnitTest>
    <UnitTest name="Appostolic.Api.Tests.AgentOrchestratorTests.ToolMissing_FailsWithToolNotFound" storage="/users/kevinmccreary/appostolic/apps/api.tests/bin/debug/net8.0/appostolic.api.tests.dll" id="8e56ee2d-296c-f180-2ad1-a3abd5b19292">
      <Execution id="6c7f160a-4aae-4c40-b76c-3e690c186b7d" />
      <TestMethod codeBase="/Users/kevinmccreary/appostolic/apps/api.tests/bin/Debug/net8.0/Appostolic.Api.Tests.dll" adapterTypeName="executor://xunit/VsTestRunner2/netcoreapp" className="Appostolic.Api.Tests.AgentOrchestratorTests" name="ToolMissing_FailsWithToolNotFound" />
    </UnitTest>
    <UnitTest name="Appostolic.Api.Tests.Api.DevGrantRolesEndpointTests.Updates_existing_membership_roles_writes_audit" storage="/users/kevinmccreary/appostolic/apps/api.tests/bin/debug/net8.0/appostolic.api.tests.dll" id="1cde006b-fa5b-9bb3-7b8a-0a89c0448d58">
      <Execution id="4068f23a-a6e0-4964-bae5-103237ea9e4f" />
      <TestMethod codeBase="/Users/kevinmccreary/appostolic/apps/api.tests/bin/Debug/net8.0/Appostolic.Api.Tests.dll" adapterTypeName="executor://xunit/VsTestRunner2/netcoreapp" className="Appostolic.Api.Tests.Api.DevGrantRolesEndpointTests" name="Updates_existing_membership_roles_writes_audit" />
    </UnitTest>
    <UnitTest name="Appostolic.Api.Tests.Privacy.PIIRedactorTests.RedactPhone_Works(input: &quot;5551234567&quot;, expected: &quot;***4567&quot;)" storage="/users/kevinmccreary/appostolic/apps/api.tests/bin/debug/net8.0/appostolic.api.tests.dll" id="3ff15350-3cc9-12ef-e4db-8ff403fcec20">
      <Execution id="491b0704-869d-41b3-a370-af053d3d619c" />
      <TestMethod codeBase="/Users/kevinmccreary/appostolic/apps/api.tests/bin/Debug/net8.0/Appostolic.Api.Tests.dll" adapterTypeName="executor://xunit/VsTestRunner2/netcoreapp" className="Appostolic.Api.Tests.Privacy.PIIRedactorTests" name="RedactPhone_Works" />
    </UnitTest>
    <UnitTest name="Appostolic.Api.Tests.Api.UserProfileEndpointsTests.Get_me_returns_user_with_profile" storage="/users/kevinmccreary/appostolic/apps/api.tests/bin/debug/net8.0/appostolic.api.tests.dll" id="5404549b-a3b0-871f-9a8d-c5b5f387dff4">
      <Execution id="18363726-5f5b-4acb-9bf9-f06c14d6c88e" />
      <TestMethod codeBase="/Users/kevinmccreary/appostolic/apps/api.tests/bin/Debug/net8.0/Appostolic.Api.Tests.dll" adapterTypeName="executor://xunit/VsTestRunner2/netcoreapp" className="Appostolic.Api.Tests.Api.UserProfileEndpointsTests" name="Get_me_returns_user_with_profile" />
    </UnitTest>
    <UnitTest name="Appostolic.Api.Tests.Privacy.LoggingPIIScopeTests.PhoneScope_IncludesRedactedAndHash_WhenEnabled" storage="/users/kevinmccreary/appostolic/apps/api.tests/bin/debug/net8.0/appostolic.api.tests.dll" id="21ae461c-c70e-da1d-6ae3-1fc6937d571a">
      <Execution id="286f321d-166d-403a-8476-949fec7fa65d" />
      <TestMethod codeBase="/Users/kevinmccreary/appostolic/apps/api.tests/bin/Debug/net8.0/Appostolic.Api.Tests.dll" adapterTypeName="executor://xunit/VsTestRunner2/netcoreapp" className="Appostolic.Api.Tests.Privacy.LoggingPIIScopeTests" name="PhoneScope_IncludesRedactedAndHash_WhenEnabled" />
    </UnitTest>
    <UnitTest name="Appostolic.Api.Tests.SmtpEmailSenderTests.Sends_with_both_text_and_html" storage="/users/kevinmccreary/appostolic/apps/api.tests/bin/debug/net8.0/appostolic.api.tests.dll" id="4ee5f350-b89d-edd8-c84d-cd5d40909f15">
      <Execution id="d55bc533-6b5b-418c-ba9b-ebe1e46bb8a1" />
      <TestMethod codeBase="/Users/kevinmccreary/appostolic/apps/api.tests/bin/Debug/net8.0/Appostolic.Api.Tests.dll" adapterTypeName="executor://xunit/VsTestRunner2/netcoreapp" className="Appostolic.Api.Tests.SmtpEmailSenderTests" name="Sends_with_both_text_and_html" />
    </UnitTest>
    <UnitTest name="Appostolic.Api.Tests.Api.MinimalPngDecodeTests.MinimalPng_1x1_Decodes_With_ImageSharp" storage="/users/kevinmccreary/appostolic/apps/api.tests/bin/debug/net8.0/appostolic.api.tests.dll" id="598c0784-1cd9-c9b4-915a-4a09f637e246">
      <Execution id="fb220e0c-75f2-4418-87bc-9b1567a1d854" />
      <TestMethod codeBase="/Users/kevinmccreary/appostolic/apps/api.tests/bin/Debug/net8.0/Appostolic.Api.Tests.dll" adapterTypeName="executor://xunit/VsTestRunner2/netcoreapp" className="Appostolic.Api.Tests.Api.MinimalPngDecodeTests" name="MinimalPng_1x1_Decodes_With_ImageSharp" />
    </UnitTest>
    <UnitTest name="Appostolic.Api.Tests.AgentOrchestratorTests.HappyPath_ModelPlansToolThenFinal_SucceedsWithTwoTraces" storage="/users/kevinmccreary/appostolic/apps/api.tests/bin/debug/net8.0/appostolic.api.tests.dll" id="dfdd94d6-4157-31a9-a81a-18fee28467d5">
      <Execution id="60cc8cea-ddfa-4a83-945c-a87b270d9334" />
      <TestMethod codeBase="/Users/kevinmccreary/appostolic/apps/api.tests/bin/Debug/net8.0/Appostolic.Api.Tests.dll" adapterTypeName="executor://xunit/VsTestRunner2/netcoreapp" className="Appostolic.Api.Tests.AgentOrchestratorTests" name="HappyPath_ModelPlansToolThenFinal_SucceedsWithTwoTraces" />
    </UnitTest>
    <UnitTest name="Appostolic.Api.Tests.Notifications.RedisTransportPrivacyTests.NonGuidPayload_DoesNotLogPayloadContents" storage="/users/kevinmccreary/appostolic/apps/api.tests/bin/debug/net8.0/appostolic.api.tests.dll" id="46ad1244-cbdb-dca6-f007-7e8a232754cc">
      <Execution id="2c018a14-0d1b-4ec0-872a-c813358d9251" />
      <TestMethod codeBase="/Users/kevinmccreary/appostolic/apps/api.tests/bin/Debug/net8.0/Appostolic.Api.Tests.dll" adapterTypeName="executor://xunit/VsTestRunner2/netcoreapp" className="Appostolic.Api.Tests.Notifications.RedisTransportPrivacyTests" name="NonGuidPayload_DoesNotLogPayloadContents" />
    </UnitTest>
    <UnitTest name="Appostolic.Api.Tests.SendGridEmailSenderTests.Throws_on_400" storage="/users/kevinmccreary/appostolic/apps/api.tests/bin/debug/net8.0/appostolic.api.tests.dll" id="a00d92b0-35aa-1e7c-b5ff-79738a042c12">
      <Execution id="d252e97e-6f9e-4918-a70f-eee176e52ba9" />
      <TestMethod codeBase="/Users/kevinmccreary/appostolic/apps/api.tests/bin/Debug/net8.0/Appostolic.Api.Tests.dll" adapterTypeName="executor://xunit/VsTestRunner2/netcoreapp" className="Appostolic.Api.Tests.SendGridEmailSenderTests" name="Throws_on_400" />
    </UnitTest>
    <UnitTest name="Appostolic.Api.Tests.E2E.AgentTasksE2E_Concurrency.Worker_Processes_Many_Tasks_Reliably" storage="/users/kevinmccreary/appostolic/apps/api.tests/bin/debug/net8.0/appostolic.api.tests.dll" id="c64a9991-8173-cdf8-9198-d5935257f1a8">
      <Execution id="fd68b3c8-3e01-4648-be49-bd9f88dccd80" />
      <TestMethod codeBase="/Users/kevinmccreary/appostolic/apps/api.tests/bin/Debug/net8.0/Appostolic.Api.Tests.dll" adapterTypeName="executor://xunit/VsTestRunner2/netcoreapp" className="Appostolic.Api.Tests.E2E.AgentTasksE2E_Concurrency" name="Worker_Processes_Many_Tasks_Reliably" />
    </UnitTest>
    <UnitTest name="Appostolic.Api.Tests.NotificationEnqueuerTests.QueueVerification_uses_relative_when_base_missing" storage="/users/kevinmccreary/appostolic/apps/api.tests/bin/debug/net8.0/appostolic.api.tests.dll" id="ec039bf7-f831-a8e3-834c-89707ff2f6d2">
      <Execution id="ce1e28cc-51d8-4aa1-8259-7f56faa4a580" />
      <TestMethod codeBase="/Users/kevinmccreary/appostolic/apps/api.tests/bin/Debug/net8.0/Appostolic.Api.Tests.dll" adapterTypeName="executor://xunit/VsTestRunner2/netcoreapp" className="Appostolic.Api.Tests.NotificationEnqueuerTests" name="QueueVerification_uses_relative_when_base_missing" />
    </UnitTest>
    <UnitTest name="Appostolic.Api.Tests.Api.AuditTrailTests.Set_roles_noop_second_call_does_not_duplicate_audit" storage="/users/kevinmccreary/appostolic/apps/api.tests/bin/debug/net8.0/appostolic.api.tests.dll" id="db7d0680-48d1-c1f1-4778-34baf73efb75">
      <Execution id="4df4517c-da68-4e60-b6e4-b11a33e9b759" />
      <TestMethod codeBase="/Users/kevinmccreary/appostolic/apps/api.tests/bin/Debug/net8.0/Appostolic.Api.Tests.dll" adapterTypeName="executor://xunit/VsTestRunner2/netcoreapp" className="Appostolic.Api.Tests.Api.AuditTrailTests" name="Set_roles_noop_second_call_does_not_duplicate_audit" />
    </UnitTest>
    <UnitTest name="Appostolic.Api.Tests.Auth.DevHeadersDisabledTests.JwtLogin_Flow_Works_When_DevHeaders_Disabled" storage="/users/kevinmccreary/appostolic/apps/api.tests/bin/debug/net8.0/appostolic.api.tests.dll" id="86173073-5618-a9d2-83eb-7647e3c4115b">
      <Execution id="52d1f582-61d9-4531-8216-5c815e262e1c" />
      <TestMethod codeBase="/Users/kevinmccreary/appostolic/apps/api.tests/bin/Debug/net8.0/Appostolic.Api.Tests.dll" adapterTypeName="executor://xunit/VsTestRunner2/netcoreapp" className="Appostolic.Api.Tests.Auth.DevHeadersDisabledTests" name="JwtLogin_Flow_Works_When_DevHeaders_Disabled" />
    </UnitTest>
    <UnitTest name="Appostolic.Api.Tests.Notifications.NotificationsRetentionTests.Purger_removes_expired_dedupes_and_old_notifications" storage="/users/kevinmccreary/appostolic/apps/api.tests/bin/debug/net8.0/appostolic.api.tests.dll" id="54bfc83b-71cd-70be-2e17-0d354a18b25a">
      <Execution id="0b745d15-9a75-4294-b20b-ee7c46538eb0" />
      <TestMethod codeBase="/Users/kevinmccreary/appostolic/apps/api.tests/bin/Debug/net8.0/Appostolic.Api.Tests.dll" adapterTypeName="executor://xunit/VsTestRunner2/netcoreapp" className="Appostolic.Api.Tests.Notifications.NotificationsRetentionTests" name="Purger_removes_expired_dedupes_and_old_notifications" />
    </UnitTest>
    <UnitTest name="Appostolic.Api.Tests.Api.MembersManagementTests.Remove_non_admin_member" storage="/users/kevinmccreary/appostolic/apps/api.tests/bin/debug/net8.0/appostolic.api.tests.dll" id="5e1526f9-c3e0-51f3-abc4-2ebcbe37e4d8">
      <Execution id="d7b89531-a53b-4226-b982-c809b7b9d48f" />
      <TestMethod codeBase="/Users/kevinmccreary/appostolic/apps/api.tests/bin/Debug/net8.0/Appostolic.Api.Tests.dll" adapterTypeName="executor://xunit/VsTestRunner2/netcoreapp" className="Appostolic.Api.Tests.Api.MembersManagementTests" name="Remove_non_admin_member" />
    </UnitTest>
    <UnitTest name="Appostolic.Api.Tests.E2E.AgentTasksE2E_HappyPath.EndToEnd_CreatesTask_RunsToSuccess_TracesAndTokensPresent" storage="/users/kevinmccreary/appostolic/apps/api.tests/bin/debug/net8.0/appostolic.api.tests.dll" id="9b729b7e-a306-20a1-7040-eda547fe8bec">
      <Execution id="76d6ab05-8850-435c-bb1b-6271b7122c75" />
      <TestMethod codeBase="/Users/kevinmccreary/appostolic/apps/api.tests/bin/Debug/net8.0/Appostolic.Api.Tests.dll" adapterTypeName="executor://xunit/VsTestRunner2/netcoreapp" className="Appostolic.Api.Tests.E2E.AgentTasksE2E_HappyPath" name="EndToEnd_CreatesTask_RunsToSuccess_TracesAndTokensPresent" />
    </UnitTest>
    <UnitTest name="Appostolic.Api.AuthTests.AuthTestClientTests.UseTenantAsync_AttachesTenantToken" storage="/users/kevinmccreary/appostolic/apps/api.tests/bin/debug/net8.0/appostolic.api.tests.dll" id="b973efc5-dbc0-83fe-9a29-a83b6705f73f">
      <Execution id="a819d4e2-4c05-43c2-8860-79292d7edf01" />
      <TestMethod codeBase="/Users/kevinmccreary/appostolic/apps/api.tests/bin/Debug/net8.0/Appostolic.Api.Tests.dll" adapterTypeName="executor://xunit/VsTestRunner2/netcoreapp" className="Appostolic.Api.AuthTests.AuthTestClientTests" name="UseTenantAsync_AttachesTenantToken" />
    </UnitTest>
    <UnitTest name="Appostolic.Api.Tests.Orchestrator.AgentOrchestratorTests.MaxStepsExceeded_FailsAfterCap" storage="/users/kevinmccreary/appostolic/apps/api.tests/bin/debug/net8.0/appostolic.api.tests.dll" id="30aa5bc1-9211-739f-532d-176c6c3c3a30">
      <Execution id="9df53696-fff6-4ab7-9c99-fd705b548524" />
      <TestMethod codeBase="/Users/kevinmccreary/appostolic/apps/api.tests/bin/Debug/net8.0/Appostolic.Api.Tests.dll" adapterTypeName="executor://xunit/VsTestRunner2/netcoreapp" className="Appostolic.Api.Tests.Orchestrator.AgentOrchestratorTests" name="MaxStepsExceeded_FailsAfterCap" />
    </UnitTest>
    <UnitTest name="Appostolic.Api.Tests.Api.NotificationsAdminEndpointsTests.Resend_manual_endpoint_creates_and_throttles" storage="/users/kevinmccreary/appostolic/apps/api.tests/bin/debug/net8.0/appostolic.api.tests.dll" id="e8c4a7c6-1768-b5a4-13dd-f7ecf6e1f6d0">
      <Execution id="bbfee202-8eb9-4c64-b044-558021c0cc69" />
      <TestMethod codeBase="/Users/kevinmccreary/appostolic/apps/api.tests/bin/Debug/net8.0/Appostolic.Api.Tests.dll" adapterTypeName="executor://xunit/VsTestRunner2/netcoreapp" className="Appostolic.Api.Tests.Api.NotificationsAdminEndpointsTests" name="Resend_manual_endpoint_creates_and_throttles" />
    </UnitTest>
    <UnitTest name="Appostolic.Api.Tests.ModelMappingTests.AgentTrace_Kind_is_mapped_as_int" storage="/users/kevinmccreary/appostolic/apps/api.tests/bin/debug/net8.0/appostolic.api.tests.dll" id="37b7f024-73bb-98ae-d17f-d1c0ce9f17e8">
      <Execution id="0f3a503a-748a-4ecd-9f47-a3a7d1ec2b10" />
      <TestMethod codeBase="/Users/kevinmccreary/appostolic/apps/api.tests/bin/Debug/net8.0/Appostolic.Api.Tests.dll" adapterTypeName="executor://xunit/VsTestRunner2/netcoreapp" className="Appostolic.Api.Tests.ModelMappingTests" name="AgentTrace_Kind_is_mapped_as_int" />
    </UnitTest>
    <UnitTest name="Appostolic.Api.Tests.Api.InvitesRolesFlagsTests.Create_Invite_With_Invalid_Role_Flag_Is_400" storage="/users/kevinmccreary/appostolic/apps/api.tests/bin/debug/net8.0/appostolic.api.tests.dll" id="cb90a4b6-5413-6334-a88c-d9e37624202c">
      <Execution id="6d57ed07-6aca-41ed-b95e-6e24e61a918a" />
      <TestMethod codeBase="/Users/kevinmccreary/appostolic/apps/api.tests/bin/Debug/net8.0/Appostolic.Api.Tests.dll" adapterTypeName="executor://xunit/VsTestRunner2/netcoreapp" className="Appostolic.Api.Tests.Api.InvitesRolesFlagsTests" name="Create_Invite_With_Invalid_Role_Flag_Is_400" />
    </UnitTest>
    <UnitTest name="Appostolic.Api.Tests.AgentTasks.AgentTasksCancelRetryTests.Retry_From_Succeeded_Creates_New_Task_And_Runs" storage="/users/kevinmccreary/appostolic/apps/api.tests/bin/debug/net8.0/appostolic.api.tests.dll" id="5ec8c6f8-601d-9718-1802-a15c88bb4987">
      <Execution id="caa9da44-3d29-481b-b1bd-c5b61dbd53b2" />
      <TestMethod codeBase="/Users/kevinmccreary/appostolic/apps/api.tests/bin/Debug/net8.0/Appostolic.Api.Tests.dll" adapterTypeName="executor://xunit/VsTestRunner2/netcoreapp" className="Appostolic.Api.Tests.AgentTasks.AgentTasksCancelRetryTests" name="Retry_From_Succeeded_Creates_New_Task_And_Runs" />
    </UnitTest>
    <UnitTest name="Appostolic.Api.Tests.Api.NotificationsProdEndpointsTests.Superadmin_can_list_cross_tenant" storage="/users/kevinmccreary/appostolic/apps/api.tests/bin/debug/net8.0/appostolic.api.tests.dll" id="d23daa8f-5725-d1c6-7d7a-83c05e893d1b">
      <Execution id="86a0fb67-04b8-4a49-bb90-3a61cb24fd28" />
      <TestMethod codeBase="/Users/kevinmccreary/appostolic/apps/api.tests/bin/Debug/net8.0/Appostolic.Api.Tests.dll" adapterTypeName="executor://xunit/VsTestRunner2/netcoreapp" className="Appostolic.Api.Tests.Api.NotificationsProdEndpointsTests" name="Superadmin_can_list_cross_tenant" />
    </UnitTest>
    <UnitTest name="Appostolic.Api.Tests.Api._GenerateValid1x1PngBase64Tests.Print_Base64_For_Valid_1x1_Png" storage="/users/kevinmccreary/appostolic/apps/api.tests/bin/debug/net8.0/appostolic.api.tests.dll" id="e0490bb8-aa59-1f9f-bf54-68d5345c1ea9">
      <Execution id="b81d5cd9-6c0d-463b-823a-b04c34e1d2d0" />
      <TestMethod codeBase="/Users/kevinmccreary/appostolic/apps/api.tests/bin/Debug/net8.0/Appostolic.Api.Tests.dll" adapterTypeName="executor://xunit/VsTestRunner2/netcoreapp" className="Appostolic.Api.Tests.Api._GenerateValid1x1PngBase64Tests" name="Print_Base64_For_Valid_1x1_Png" />
    </UnitTest>
    <UnitTest name="Appostolic.Api.Tests.Privacy.PIIHasherTests.HashPhone_Differs_WithDifferentPepper" storage="/users/kevinmccreary/appostolic/apps/api.tests/bin/debug/net8.0/appostolic.api.tests.dll" id="e7581818-0663-f767-821c-25fbea112d88">
      <Execution id="b9f5e87e-d322-45d5-836e-33591c425e83" />
      <TestMethod codeBase="/Users/kevinmccreary/appostolic/apps/api.tests/bin/Debug/net8.0/Appostolic.Api.Tests.dll" adapterTypeName="executor://xunit/VsTestRunner2/netcoreapp" className="Appostolic.Api.Tests.Privacy.PIIHasherTests" name="HashPhone_Differs_WithDifferentPepper" />
    </UnitTest>
    <UnitTest name="Appostolic.Api.AuthTests.LoginTests.Login_ValidCredentials_Returns200" storage="/users/kevinmccreary/appostolic/apps/api.tests/bin/debug/net8.0/appostolic.api.tests.dll" id="8f2edffb-b43d-5750-46cc-f6c9051abba5">
      <Execution id="6e7c4354-d9cf-4818-bb33-20ef0410c8b4" />
      <TestMethod codeBase="/Users/kevinmccreary/appostolic/apps/api.tests/bin/Debug/net8.0/Appostolic.Api.Tests.dll" adapterTypeName="executor://xunit/VsTestRunner2/netcoreapp" className="Appostolic.Api.AuthTests.LoginTests" name="Login_ValidCredentials_Returns200" />
    </UnitTest>
    <UnitTest name="Appostolic.Api.Tests.Api.MembersListTests.Viewer_gets_403_for_members_list" storage="/users/kevinmccreary/appostolic/apps/api.tests/bin/debug/net8.0/appostolic.api.tests.dll" id="8e86fe7c-6239-7009-e550-a3b2b1493955">
      <Execution id="8b864132-4105-47c6-a838-ccf42cd79976" />
      <TestMethod codeBase="/Users/kevinmccreary/appostolic/apps/api.tests/bin/Debug/net8.0/Appostolic.Api.Tests.dll" adapterTypeName="executor://xunit/VsTestRunner2/netcoreapp" className="Appostolic.Api.Tests.Api.MembersListTests" name="Viewer_gets_403_for_members_list" />
    </UnitTest>
    <UnitTest name="Appostolic.Api.Tests.Auth.LogoutTests.LogoutAll_RevokesAccessTokenVersion" storage="/users/kevinmccreary/appostolic/apps/api.tests/bin/debug/net8.0/appostolic.api.tests.dll" id="15cbfaf6-f281-76a3-247c-7837115e23b9">
      <Execution id="7b2c504d-ccb5-4e50-8b4f-0e4eb824923d" />
      <TestMethod codeBase="/Users/kevinmccreary/appostolic/apps/api.tests/bin/Debug/net8.0/Appostolic.Api.Tests.dll" adapterTypeName="executor://xunit/VsTestRunner2/netcoreapp" className="Appostolic.Api.Tests.Auth.LogoutTests" name="LogoutAll_RevokesAccessTokenVersion" />
    </UnitTest>
    <UnitTest name="Appostolic.Api.Tests.Auth.RefreshEndpointTests.Refresh_Succeeds_With_Cookie_Rotation" storage="/users/kevinmccreary/appostolic/apps/api.tests/bin/debug/net8.0/appostolic.api.tests.dll" id="f29c304c-de8d-5b22-7419-b529648ccc86">
      <Execution id="e3ccb68d-c4f7-4764-8d23-71ad351aad83" />
      <TestMethod codeBase="/Users/kevinmccreary/appostolic/apps/api.tests/bin/Debug/net8.0/Appostolic.Api.Tests.dll" adapterTypeName="executor://xunit/VsTestRunner2/netcoreapp" className="Appostolic.Api.Tests.Auth.RefreshEndpointTests" name="Refresh_Succeeds_With_Cookie_Rotation" />
    </UnitTest>
    <UnitTest name="Appostolic.Api.AuthTests.SelectTenantTests.SelectTenant_ExpiredRefresh_Returns401" storage="/users/kevinmccreary/appostolic/apps/api.tests/bin/debug/net8.0/appostolic.api.tests.dll" id="d3eea64b-9431-a4f4-6e46-77927988bd60">
      <Execution id="3c5d09a9-7c50-47cb-ac82-5cbe6f644947" />
      <TestMethod codeBase="/Users/kevinmccreary/appostolic/apps/api.tests/bin/Debug/net8.0/Appostolic.Api.Tests.dll" adapterTypeName="executor://xunit/VsTestRunner2/netcoreapp" className="Appostolic.Api.AuthTests.SelectTenantTests" name="SelectTenant_ExpiredRefresh_Returns401" />
    </UnitTest>
    <UnitTest name="Appostolic.Api.Tests.ModelMappingTests.Agent_indexes_are_configured_in_model" storage="/users/kevinmccreary/appostolic/apps/api.tests/bin/debug/net8.0/appostolic.api.tests.dll" id="f53587d7-cc90-0182-8a77-44034bb01e5e">
      <Execution id="5b0ca52e-7b58-4a44-a2cd-070ca7892a6e" />
      <TestMethod codeBase="/Users/kevinmccreary/appostolic/apps/api.tests/bin/Debug/net8.0/Appostolic.Api.Tests.dll" adapterTypeName="executor://xunit/VsTestRunner2/netcoreapp" className="Appostolic.Api.Tests.ModelMappingTests" name="Agent_indexes_are_configured_in_model" />
    </UnitTest>
    <UnitTest name="Appostolic.Api.Tests.Api.DevGrantRolesEndpointTests.Updates_existing_membership_roles" storage="/users/kevinmccreary/appostolic/apps/api.tests/bin/debug/net8.0/appostolic.api.tests.dll" id="67c9746f-1f57-937b-6598-3968df73012b">
      <Execution id="779706f1-61fd-42d0-8b3e-8e57be95a1b4" />
      <TestMethod codeBase="/Users/kevinmccreary/appostolic/apps/api.tests/bin/Debug/net8.0/Appostolic.Api.Tests.dll" adapterTypeName="executor://xunit/VsTestRunner2/netcoreapp" className="Appostolic.Api.Tests.Api.DevGrantRolesEndpointTests" name="Updates_existing_membership_roles" />
    </UnitTest>
    <UnitTest name="Appostolic.Api.Tests.Privacy.UserProfileLoggingTests.GetMe_HashingDisabled_OmitsHash" storage="/users/kevinmccreary/appostolic/apps/api.tests/bin/debug/net8.0/appostolic.api.tests.dll" id="4f2f4974-af75-8563-a5df-aa0a73b303b0">
      <Execution id="56ef1c5a-5dc7-476a-8ac6-a056be426692" />
      <TestMethod codeBase="/Users/kevinmccreary/appostolic/apps/api.tests/bin/Debug/net8.0/Appostolic.Api.Tests.dll" adapterTypeName="executor://xunit/VsTestRunner2/netcoreapp" className="Appostolic.Api.Tests.Privacy.UserProfileLoggingTests" name="GetMe_HashingDisabled_OmitsHash" />
    </UnitTest>
    <UnitTest name="Appostolic.Api.Tests.Api.AuthPasswordFlowsTests.ChangePassword_WithWrongCurrent_ReturnsUnauthorized" storage="/users/kevinmccreary/appostolic/apps/api.tests/bin/debug/net8.0/appostolic.api.tests.dll" id="11acc57e-e7b4-9c88-543d-dd88434937c6">
      <Execution id="a2123ab3-1a21-4eb6-addf-8b6ae840ee96" />
      <TestMethod codeBase="/Users/kevinmccreary/appostolic/apps/api.tests/bin/Debug/net8.0/Appostolic.Api.Tests.dll" adapterTypeName="executor://xunit/VsTestRunner2/netcoreapp" className="Appostolic.Api.Tests.Api.AuthPasswordFlowsTests" name="ChangePassword_WithWrongCurrent_ReturnsUnauthorized" />
    </UnitTest>
    <UnitTest name="Appostolic.Api.Tests.Privacy.LoggingPIIScopeTests.PhoneScope_OnlyRedacted_WhenDisabled" storage="/users/kevinmccreary/appostolic/apps/api.tests/bin/debug/net8.0/appostolic.api.tests.dll" id="e7a0570b-32c5-3b4e-7767-9ca541c22b6e">
      <Execution id="e9db78d0-eb67-45ba-b45d-7375511c8675" />
      <TestMethod codeBase="/Users/kevinmccreary/appostolic/apps/api.tests/bin/Debug/net8.0/Appostolic.Api.Tests.dll" adapterTypeName="executor://xunit/VsTestRunner2/netcoreapp" className="Appostolic.Api.Tests.Privacy.LoggingPIIScopeTests" name="PhoneScope_OnlyRedacted_WhenDisabled" />
    </UnitTest>
    <UnitTest name="Appostolic.Api.Tests.Auth.RefreshEndpointTests.Refresh_Fails_When_Missing_Token" storage="/users/kevinmccreary/appostolic/apps/api.tests/bin/debug/net8.0/appostolic.api.tests.dll" id="ac2e27d5-261b-d9bd-fc37-ae04ffd02243">
      <Execution id="5a3fd885-77b1-4557-bcf6-f2863f91cee3" />
      <TestMethod codeBase="/Users/kevinmccreary/appostolic/apps/api.tests/bin/Debug/net8.0/Appostolic.Api.Tests.dll" adapterTypeName="executor://xunit/VsTestRunner2/netcoreapp" className="Appostolic.Api.Tests.Auth.RefreshEndpointTests" name="Refresh_Fails_When_Missing_Token" />
    </UnitTest>
    <UnitTest name="Appostolic.Api.Tests.Api.AgentTasksEndpointsTests.GetDetails_WithTracesInitiallyEmpty" storage="/users/kevinmccreary/appostolic/apps/api.tests/bin/debug/net8.0/appostolic.api.tests.dll" id="c0347afe-0c6b-b0a7-12e1-3aa76a4722fc">
      <Execution id="59f665dd-382a-4fb3-aca4-0f7127f2f82b" />
      <TestMethod codeBase="/Users/kevinmccreary/appostolic/apps/api.tests/bin/Debug/net8.0/Appostolic.Api.Tests.dll" adapterTypeName="executor://xunit/VsTestRunner2/netcoreapp" className="Appostolic.Api.Tests.Api.AgentTasksEndpointsTests" name="GetDetails_WithTracesInitiallyEmpty" />
    </UnitTest>
    <UnitTest name="Appostolic.Api.Tests.Auth.RefreshCookieHttpsTests.RefreshCookie_NotSecure_OverHttp" storage="/users/kevinmccreary/appostolic/apps/api.tests/bin/debug/net8.0/appostolic.api.tests.dll" id="40ebd0cf-bbbb-fdf7-f5ea-fbe8917da8c5">
      <Execution id="75710b47-9305-4e77-9cbf-2db0e043b1f6" />
      <TestMethod codeBase="/Users/kevinmccreary/appostolic/apps/api.tests/bin/Debug/net8.0/Appostolic.Api.Tests.dll" adapterTypeName="executor://xunit/VsTestRunner2/netcoreapp" className="Appostolic.Api.Tests.Auth.RefreshCookieHttpsTests" name="RefreshCookie_NotSecure_OverHttp" />
    </UnitTest>
    <UnitTest name="Appostolic.Api.Tests.AgentTasks.AgentTasksListFilterPaginationTests.Agent_Filter_Returns_Only_Matching" storage="/users/kevinmccreary/appostolic/apps/api.tests/bin/debug/net8.0/appostolic.api.tests.dll" id="efe354b5-5489-bbb2-88ee-c8f998cb6176">
      <Execution id="6e7abb59-ab1e-4568-8d7a-8684debc6ac6" />
      <TestMethod codeBase="/Users/kevinmccreary/appostolic/apps/api.tests/bin/Debug/net8.0/Appostolic.Api.Tests.dll" adapterTypeName="executor://xunit/VsTestRunner2/netcoreapp" className="Appostolic.Api.Tests.AgentTasks.AgentTasksListFilterPaginationTests" name="Agent_Filter_Returns_Only_Matching" />
    </UnitTest>
    <UnitTest name="Appostolic.Api.Tests.Privacy.PIIRedactorTests.RedactPhone_Works(input: &quot;+1 (555) 123-4567&quot;, expected: &quot;***4567&quot;)" storage="/users/kevinmccreary/appostolic/apps/api.tests/bin/debug/net8.0/appostolic.api.tests.dll" id="471ada29-d1b9-b714-f87d-61c9b416c255">
      <Execution id="ca259030-6731-4e68-863c-d04b547a0f5c" />
      <TestMethod codeBase="/Users/kevinmccreary/appostolic/apps/api.tests/bin/Debug/net8.0/Appostolic.Api.Tests.dll" adapterTypeName="executor://xunit/VsTestRunner2/netcoreapp" className="Appostolic.Api.Tests.Privacy.PIIRedactorTests" name="RedactPhone_Works" />
    </UnitTest>
    <UnitTest name="Appostolic.Api.Tests.Api.TenantSettingsEndpointsTests.Delete_Logo_Removes_Metadata" storage="/users/kevinmccreary/appostolic/apps/api.tests/bin/debug/net8.0/appostolic.api.tests.dll" id="aba3fbd3-bcbc-9249-c5c5-7eefeb58f8d5">
      <Execution id="b1697e91-85b2-4e0a-bb35-44ce5e8fd2dc" />
      <TestMethod codeBase="/Users/kevinmccreary/appostolic/apps/api.tests/bin/Debug/net8.0/Appostolic.Api.Tests.dll" adapterTypeName="executor://xunit/VsTestRunner2/netcoreapp" className="Appostolic.Api.Tests.Api.TenantSettingsEndpointsTests" name="Delete_Logo_Removes_Metadata" />
    </UnitTest>
    <UnitTest name="Appostolic.Api.Tests.Api.TenantSettingsEndpointsTests.Upload_Logo_Succeeds_And_Stores_Metadata" storage="/users/kevinmccreary/appostolic/apps/api.tests/bin/debug/net8.0/appostolic.api.tests.dll" id="46709c0e-39a7-32eb-a6b2-6f7ada21050d">
      <Execution id="5a7e3e80-efda-435f-b76a-4675cc5916ed" />
      <TestMethod codeBase="/Users/kevinmccreary/appostolic/apps/api.tests/bin/Debug/net8.0/Appostolic.Api.Tests.dll" adapterTypeName="executor://xunit/VsTestRunner2/netcoreapp" className="Appostolic.Api.Tests.Api.TenantSettingsEndpointsTests" name="Upload_Logo_Succeeds_And_Stores_Metadata" />
    </UnitTest>
    <UnitTest name="Appostolic.Api.Tests.Notifications.NotificationDedupeTests.CreateQueuedAsync_blocks_duplicate_within_ttl" storage="/users/kevinmccreary/appostolic/apps/api.tests/bin/debug/net8.0/appostolic.api.tests.dll" id="43ab37ac-8f01-34cd-35d3-1bda726822d7">
      <Execution id="e3c4051a-065e-4754-9580-a02dc8caa665" />
      <TestMethod codeBase="/Users/kevinmccreary/appostolic/apps/api.tests/bin/Debug/net8.0/Appostolic.Api.Tests.dll" adapterTypeName="executor://xunit/VsTestRunner2/netcoreapp" className="Appostolic.Api.Tests.Notifications.NotificationDedupeTests" name="CreateQueuedAsync_blocks_duplicate_within_ttl" />
    </UnitTest>
    <UnitTest name="Appostolic.Api.Tests.Model.TokenEstimatorTests.EstimateTokens_Heuristic_CeilPer4Chars(text: &quot;a&quot;, expected: 1)" storage="/users/kevinmccreary/appostolic/apps/api.tests/bin/debug/net8.0/appostolic.api.tests.dll" id="79403e37-7823-d8d7-7290-f467456876fa">
      <Execution id="9f699d05-c990-451d-abc1-332a116b5da1" />
      <TestMethod codeBase="/Users/kevinmccreary/appostolic/apps/api.tests/bin/Debug/net8.0/Appostolic.Api.Tests.dll" adapterTypeName="executor://xunit/VsTestRunner2/netcoreapp" className="Appostolic.Api.Tests.Model.TokenEstimatorTests" name="EstimateTokens_Heuristic_CeilPer4Chars" />
    </UnitTest>
    <UnitTest name="Appostolic.Api.AuthTests.TestTokenFactoryTests.MintTenantToken_SingleMembership_AutoTenantYieldsTenantToken" storage="/users/kevinmccreary/appostolic/apps/api.tests/bin/debug/net8.0/appostolic.api.tests.dll" id="ae52c100-f2a8-a5be-ad09-0052606abe6b">
      <Execution id="543e201b-e4b8-496b-8a75-958ec2cf45fc" />
      <TestMethod codeBase="/Users/kevinmccreary/appostolic/apps/api.tests/bin/Debug/net8.0/Appostolic.Api.Tests.dll" adapterTypeName="executor://xunit/VsTestRunner2/netcoreapp" className="Appostolic.Api.AuthTests.TestTokenFactoryTests" name="MintTenantToken_SingleMembership_AutoTenantYieldsTenantToken" />
    </UnitTest>
    <UnitTest name="Appostolic.Api.Tests.Api.MembersManagementTests.Non_admin_cannot_change_roles" storage="/users/kevinmccreary/appostolic/apps/api.tests/bin/debug/net8.0/appostolic.api.tests.dll" id="3ffc4814-431f-dd81-00b0-abbedd27b7ad">
      <Execution id="6ecbe20d-bb14-4d45-939c-1d47670155c0" />
      <TestMethod codeBase="/Users/kevinmccreary/appostolic/apps/api.tests/bin/Debug/net8.0/Appostolic.Api.Tests.dll" adapterTypeName="executor://xunit/VsTestRunner2/netcoreapp" className="Appostolic.Api.Tests.Api.MembersManagementTests" name="Non_admin_cannot_change_roles" />
    </UnitTest>
    <UnitTest name="Appostolic.Api.Tests.Auth.RefreshEndpointTests.Refresh_Fails_When_Token_Expired" storage="/users/kevinmccreary/appostolic/apps/api.tests/bin/debug/net8.0/appostolic.api.tests.dll" id="4e1ca1b4-b9b1-5960-9cb6-b80a113ec54d">
      <Execution id="d33c5579-d09f-4ba1-8be1-7a8be6e49aeb" />
      <TestMethod codeBase="/Users/kevinmccreary/appostolic/apps/api.tests/bin/Debug/net8.0/Appostolic.Api.Tests.dll" adapterTypeName="executor://xunit/VsTestRunner2/netcoreapp" className="Appostolic.Api.Tests.Auth.RefreshEndpointTests" name="Refresh_Fails_When_Token_Expired" />
    </UnitTest>
    <UnitTest name="Appostolic.Api.Tests.AgentOrchestratorTests.MaxStepsExceeded_FailsAfterCap" storage="/users/kevinmccreary/appostolic/apps/api.tests/bin/debug/net8.0/appostolic.api.tests.dll" id="ed8d7d20-a6f1-0500-d78a-14c17a721b87">
      <Execution id="5e66f250-4c90-4ab7-9dfe-151330fe6f7b" />
      <TestMethod codeBase="/Users/kevinmccreary/appostolic/apps/api.tests/bin/Debug/net8.0/Appostolic.Api.Tests.dll" adapterTypeName="executor://xunit/VsTestRunner2/netcoreapp" className="Appostolic.Api.Tests.AgentOrchestratorTests" name="MaxStepsExceeded_FailsAfterCap" />
    </UnitTest>
    <UnitTest name="Appostolic.Api.Tests.Orchestrator.TokenAggregationTests.AggregatesTokens_And_ComputesCost_WhenPricingEnabled" storage="/users/kevinmccreary/appostolic/apps/api.tests/bin/debug/net8.0/appostolic.api.tests.dll" id="c2441ddc-565a-93d7-0c28-f73ca97b9486">
      <Execution id="d3353b45-7102-413d-95f6-ee4cc4a1e39a" />
      <TestMethod codeBase="/Users/kevinmccreary/appostolic/apps/api.tests/bin/Debug/net8.0/Appostolic.Api.Tests.dll" adapterTypeName="executor://xunit/VsTestRunner2/netcoreapp" className="Appostolic.Api.Tests.Orchestrator.TokenAggregationTests" name="AggregatesTokens_And_ComputesCost_WhenPricingEnabled" />
    </UnitTest>
    <UnitTest name="Appostolic.Api.Tests.Api.AssignmentsApiTests.Cannot_remove_last_admin_via_flags_returns_409" storage="/users/kevinmccreary/appostolic/apps/api.tests/bin/debug/net8.0/appostolic.api.tests.dll" id="7c805908-7267-f4aa-63a0-03f3e0715abc">
      <Execution id="2edb8d9d-760d-459f-9de7-85952671bcb8" />
      <TestMethod codeBase="/Users/kevinmccreary/appostolic/apps/api.tests/bin/Debug/net8.0/Appostolic.Api.Tests.dll" adapterTypeName="executor://xunit/VsTestRunner2/netcoreapp" className="Appostolic.Api.Tests.Api.AssignmentsApiTests" name="Cannot_remove_last_admin_via_flags_returns_409" />
    </UnitTest>
    <UnitTest name="Appostolic.Api.Tests.Notifications.AutoResendScannerTests.Creates_resend_for_old_sent_without_children" storage="/users/kevinmccreary/appostolic/apps/api.tests/bin/debug/net8.0/appostolic.api.tests.dll" id="90c7a127-2be9-b6e7-ec52-19cb51de49c0">
      <Execution id="2032ff7d-0a59-4406-baaa-91dbdb3c724e" />
      <TestMethod codeBase="/Users/kevinmccreary/appostolic/apps/api.tests/bin/Debug/net8.0/Appostolic.Api.Tests.dll" adapterTypeName="executor://xunit/VsTestRunner2/netcoreapp" className="Appostolic.Api.Tests.Notifications.AutoResendScannerTests" name="Creates_resend_for_old_sent_without_children" />
    </UnitTest>
    <UnitTest name="Appostolic.Api.Tests.Api.AuditsListingEndpointTests.Supports_optional_filters_user_actor_and_date_range" storage="/users/kevinmccreary/appostolic/apps/api.tests/bin/debug/net8.0/appostolic.api.tests.dll" id="5aebb0bd-a461-dea6-b51f-abbdbf65c34a">
      <Execution id="efbfa4cc-3a1b-44f6-b179-2f9cfd915866" />
      <TestMethod codeBase="/Users/kevinmccreary/appostolic/apps/api.tests/bin/Debug/net8.0/Appostolic.Api.Tests.dll" adapterTypeName="executor://xunit/VsTestRunner2/netcoreapp" className="Appostolic.Api.Tests.Api.AuditsListingEndpointTests" name="Supports_optional_filters_user_actor_and_date_range" />
    </UnitTest>
    <UnitTest name="WebSearchToolTests.Empty_query_returns_empty" storage="/users/kevinmccreary/appostolic/apps/api.tests/bin/debug/net8.0/appostolic.api.tests.dll" id="6447b752-ca58-5092-2c5d-d1f5fe58b5dc">
      <Execution id="ca05655f-1ca8-42de-b08b-7f5fd248b653" />
      <TestMethod codeBase="/Users/kevinmccreary/appostolic/apps/api.tests/bin/Debug/net8.0/Appostolic.Api.Tests.dll" adapterTypeName="executor://xunit/VsTestRunner2/netcoreapp" className="WebSearchToolTests" name="Empty_query_returns_empty" />
    </UnitTest>
    <UnitTest name="Appostolic.Api.Tests.Auth.RefreshCookieHttpsTests.RefreshCookie_Secure_OverHttps" storage="/users/kevinmccreary/appostolic/apps/api.tests/bin/debug/net8.0/appostolic.api.tests.dll" id="5d199f9b-a8b6-4b52-e7c0-a2aebf4c6a58">
      <Execution id="c3b214e3-98b0-4e69-93c9-82c6ba403c8f" />
      <TestMethod codeBase="/Users/kevinmccreary/appostolic/apps/api.tests/bin/Debug/net8.0/Appostolic.Api.Tests.dll" adapterTypeName="executor://xunit/VsTestRunner2/netcoreapp" className="Appostolic.Api.Tests.Auth.RefreshCookieHttpsTests" name="RefreshCookie_Secure_OverHttps" />
    </UnitTest>
    <UnitTest name="Appostolic.Api.Tests.NotificationEnqueuerTests.QueueInvite_enqueues_correct_message" storage="/users/kevinmccreary/appostolic/apps/api.tests/bin/debug/net8.0/appostolic.api.tests.dll" id="b9af0f84-0079-b683-0d77-346a6542b5b4">
      <Execution id="9ad82f69-6ef4-4a9f-ae21-8a9a694a7d71" />
      <TestMethod codeBase="/Users/kevinmccreary/appostolic/apps/api.tests/bin/Debug/net8.0/Appostolic.Api.Tests.dll" adapterTypeName="executor://xunit/VsTestRunner2/netcoreapp" className="Appostolic.Api.Tests.NotificationEnqueuerTests" name="QueueInvite_enqueues_correct_message" />
    </UnitTest>
    <UnitTest name="Appostolic.Api.Tests.Api.MembersManagementTests.TenantAdmin_can_add_TenantAdmin_flag_to_member" storage="/users/kevinmccreary/appostolic/apps/api.tests/bin/debug/net8.0/appostolic.api.tests.dll" id="e9aa22ea-bb1f-2db1-1f5f-4cc83d5fa1bd">
      <Execution id="71b66dd0-84b9-48dc-9f09-aa7330f878e2" />
      <TestMethod codeBase="/Users/kevinmccreary/appostolic/apps/api.tests/bin/Debug/net8.0/Appostolic.Api.Tests.dll" adapterTypeName="executor://xunit/VsTestRunner2/netcoreapp" className="Appostolic.Api.Tests.Api.MembersManagementTests" name="TenantAdmin_can_add_TenantAdmin_flag_to_member" />
    </UnitTest>
    <UnitTest name="Appostolic.Api.Tests.EmailProviderSelectionTests.Resolves_Smtp_sender_when_provider_smtp" storage="/users/kevinmccreary/appostolic/apps/api.tests/bin/debug/net8.0/appostolic.api.tests.dll" id="61b122ca-f3a1-21e8-0492-e3c660390b05">
      <Execution id="c0af2e3f-97e7-4b8e-bb50-ddd2a73dcebf" />
      <TestMethod codeBase="/Users/kevinmccreary/appostolic/apps/api.tests/bin/Debug/net8.0/Appostolic.Api.Tests.dll" adapterTypeName="executor://xunit/VsTestRunner2/netcoreapp" className="Appostolic.Api.Tests.EmailProviderSelectionTests" name="Resolves_Smtp_sender_when_provider_smtp" />
    </UnitTest>
    <UnitTest name="Appostolic.Api.Tests.Api.DevGrantRolesEndpointTests.Grants_roles_to_new_user_and_membership" storage="/users/kevinmccreary/appostolic/apps/api.tests/bin/debug/net8.0/appostolic.api.tests.dll" id="897896ab-cee9-9ca5-ec01-253d0f0d6b3c">
      <Execution id="c78e47a7-9c80-4db0-89bf-dfd4449cee1a" />
      <TestMethod codeBase="/Users/kevinmccreary/appostolic/apps/api.tests/bin/Debug/net8.0/Appostolic.Api.Tests.dll" adapterTypeName="executor://xunit/VsTestRunner2/netcoreapp" className="Appostolic.Api.Tests.Api.DevGrantRolesEndpointTests" name="Grants_roles_to_new_user_and_membership" />
    </UnitTest>
    <UnitTest name="Appostolic.Api.Tests.Auth.LogoutTests.AccessToken_AllowsMeEndpoint_BeforeLogout" storage="/users/kevinmccreary/appostolic/apps/api.tests/bin/debug/net8.0/appostolic.api.tests.dll" id="0f9fb5dc-590e-2722-6210-f13d9619e38f">
      <Execution id="8c1ee2e3-f1c3-40f4-a037-3e554f4f6be3" />
      <TestMethod codeBase="/Users/kevinmccreary/appostolic/apps/api.tests/bin/Debug/net8.0/Appostolic.Api.Tests.dll" adapterTypeName="executor://xunit/VsTestRunner2/netcoreapp" className="Appostolic.Api.Tests.Auth.LogoutTests" name="AccessToken_AllowsMeEndpoint_BeforeLogout" />
    </UnitTest>
    <UnitTest name="Appostolic.Api.Tests.Api.TenantSettingsEndpointsTests.Upload_Logo_Rejects_Payload_Too_Large" storage="/users/kevinmccreary/appostolic/apps/api.tests/bin/debug/net8.0/appostolic.api.tests.dll" id="cce5835b-2056-6d46-0527-d09fc0f9f6fc">
      <Execution id="4930b3e9-fe13-439f-8483-49ddc2a9cf37" />
      <TestMethod codeBase="/Users/kevinmccreary/appostolic/apps/api.tests/bin/Debug/net8.0/Appostolic.Api.Tests.dll" adapterTypeName="executor://xunit/VsTestRunner2/netcoreapp" className="Appostolic.Api.Tests.Api.TenantSettingsEndpointsTests" name="Upload_Logo_Rejects_Payload_Too_Large" />
    </UnitTest>
    <UnitTest name="Appostolic.Api.Tests.E2E.AgentTasksE2E_List.Inbox_List_Orders_By_CreatedAt_Desc_And_Pages" storage="/users/kevinmccreary/appostolic/apps/api.tests/bin/debug/net8.0/appostolic.api.tests.dll" id="03cb9965-4934-50d0-65d4-2c790e264e80">
      <Execution id="bc0dc030-9127-4653-bd8c-55748b9e6a86" />
      <TestMethod codeBase="/Users/kevinmccreary/appostolic/apps/api.tests/bin/Debug/net8.0/Appostolic.Api.Tests.dll" adapterTypeName="executor://xunit/VsTestRunner2/netcoreapp" className="Appostolic.Api.Tests.E2E.AgentTasksE2E_List" name="Inbox_List_Orders_By_CreatedAt_Desc_And_Pages" />
    </UnitTest>
    <UnitTest name="Appostolic.Api.Tests.Security.AgentTasksAuthContractTests.ListEndpoint_RequiresDevHeaders" storage="/users/kevinmccreary/appostolic/apps/api.tests/bin/debug/net8.0/appostolic.api.tests.dll" id="e507a4d5-4aa9-7d32-05a9-ecfa3f03323d">
      <Execution id="4b7ab919-1529-4665-a213-82de61bed9ba" />
      <TestMethod codeBase="/Users/kevinmccreary/appostolic/apps/api.tests/bin/Debug/net8.0/Appostolic.Api.Tests.dll" adapterTypeName="executor://xunit/VsTestRunner2/netcoreapp" className="Appostolic.Api.Tests.Security.AgentTasksAuthContractTests" name="ListEndpoint_RequiresDevHeaders" />
    </UnitTest>
    <UnitTest name="Appostolic.Api.Tests.Api.AssignmentsApiTests.Set_roles_returns_404_when_membership_missing_and_400_for_invalid_flag" storage="/users/kevinmccreary/appostolic/apps/api.tests/bin/debug/net8.0/appostolic.api.tests.dll" id="9c1c1d38-5e04-c1b2-1a0f-96d8d4d8348a">
      <Execution id="7d5ed5bd-a869-42ab-965c-54e33276248c" />
      <TestMethod codeBase="/Users/kevinmccreary/appostolic/apps/api.tests/bin/Debug/net8.0/Appostolic.Api.Tests.dll" adapterTypeName="executor://xunit/VsTestRunner2/netcoreapp" className="Appostolic.Api.Tests.Api.AssignmentsApiTests" name="Set_roles_returns_404_when_membership_missing_and_400_for_invalid_flag" />
    </UnitTest>
    <UnitTest name="Appostolic.Api.Tests.Api.LegacyRoleWritePathDeprecationTests.Invite_with_legacy_role_only_is_rejected_with_NO_FLAGS" storage="/users/kevinmccreary/appostolic/apps/api.tests/bin/debug/net8.0/appostolic.api.tests.dll" id="1beb15ab-fe09-2511-98ef-cddbeaaa10ed">
      <Execution id="1622ebfb-ca3b-41e2-acf9-a04740fa58f3" />
      <TestMethod codeBase="/Users/kevinmccreary/appostolic/apps/api.tests/bin/Debug/net8.0/Appostolic.Api.Tests.dll" adapterTypeName="executor://xunit/VsTestRunner2/netcoreapp" className="Appostolic.Api.Tests.Api.LegacyRoleWritePathDeprecationTests" name="Invite_with_legacy_role_only_is_rejected_with_NO_FLAGS" />
    </UnitTest>
    <UnitTest name="Appostolic.Api.Tests.AgentConstraintTests.Agent_MaxSteps_out_of_range_throws_in_domain_constructor" storage="/users/kevinmccreary/appostolic/apps/api.tests/bin/debug/net8.0/appostolic.api.tests.dll" id="33c114dd-901b-348b-cb07-4ff32816218d">
      <Execution id="7613a506-49c2-4e89-8fb3-938890f14be8" />
      <TestMethod codeBase="/Users/kevinmccreary/appostolic/apps/api.tests/bin/Debug/net8.0/Appostolic.Api.Tests.dll" adapterTypeName="executor://xunit/VsTestRunner2/netcoreapp" className="Appostolic.Api.Tests.AgentConstraintTests" name="Agent_MaxSteps_out_of_range_throws_in_domain_constructor" />
    </UnitTest>
    <UnitTest name="Appostolic.Api.Tests.Api.NotificationsAdminEndpointsTests.Resend_metrics_emitted_for_manual_and_bulk" storage="/users/kevinmccreary/appostolic/apps/api.tests/bin/debug/net8.0/appostolic.api.tests.dll" id="1f65e069-4a6f-ccd5-bb6b-41fba0e75604">
      <Execution id="d0d05550-d757-44ba-bd84-664cf8cb8fcf" />
      <TestMethod codeBase="/Users/kevinmccreary/appostolic/apps/api.tests/bin/Debug/net8.0/Appostolic.Api.Tests.dll" adapterTypeName="executor://xunit/VsTestRunner2/netcoreapp" className="Appostolic.Api.Tests.Api.NotificationsAdminEndpointsTests" name="Resend_metrics_emitted_for_manual_and_bulk" />
    </UnitTest>
    <UnitTest name="Appostolic.Api.Tests.Model.TokenEstimatorTests.EstimateTokens_Heuristic_CeilPer4Chars(text: &quot;&quot;, expected: 0)" storage="/users/kevinmccreary/appostolic/apps/api.tests/bin/debug/net8.0/appostolic.api.tests.dll" id="40e767b4-314a-d8ef-34b1-5c49d7ef55c4">
      <Execution id="56a0abae-d68c-47c2-9cb3-8565a1c87d66" />
      <TestMethod codeBase="/Users/kevinmccreary/appostolic/apps/api.tests/bin/Debug/net8.0/Appostolic.Api.Tests.dll" adapterTypeName="executor://xunit/VsTestRunner2/netcoreapp" className="Appostolic.Api.Tests.Model.TokenEstimatorTests" name="EstimateTokens_Heuristic_CeilPer4Chars" />
    </UnitTest>
    <UnitTest name="Appostolic.Api.Tests.Auth.SignupTests.Signup_SelfServe_CreatesUserAndPersonalTenant" storage="/users/kevinmccreary/appostolic/apps/api.tests/bin/debug/net8.0/appostolic.api.tests.dll" id="1cfc69b2-92d0-7e18-c868-129765966147">
      <Execution id="782e2d55-46c9-46b5-b445-6b627b9fcafe" />
      <TestMethod codeBase="/Users/kevinmccreary/appostolic/apps/api.tests/bin/Debug/net8.0/Appostolic.Api.Tests.dll" adapterTypeName="executor://xunit/VsTestRunner2/netcoreapp" className="Appostolic.Api.Tests.Auth.SignupTests" name="Signup_SelfServe_CreatesUserAndPersonalTenant" />
    </UnitTest>
    <UnitTest name="Appostolic.Api.Tests.Auth.SignupTests.Signup_WithInvalidInviteToken_ReturnsBadRequest" storage="/users/kevinmccreary/appostolic/apps/api.tests/bin/debug/net8.0/appostolic.api.tests.dll" id="7c0f601f-632e-a9b2-aeb3-eee73bd7742c">
      <Execution id="f1483001-3e14-4c0e-a878-1da8d4c09b65" />
      <TestMethod codeBase="/Users/kevinmccreary/appostolic/apps/api.tests/bin/Debug/net8.0/Appostolic.Api.Tests.dll" adapterTypeName="executor://xunit/VsTestRunner2/netcoreapp" className="Appostolic.Api.Tests.Auth.SignupTests" name="Signup_WithInvalidInviteToken_ReturnsBadRequest" />
    </UnitTest>
    <UnitTest name="Appostolic.Api.Tests.Api.DenominationsMetadataTests.RequiresAuth" storage="/users/kevinmccreary/appostolic/apps/api.tests/bin/debug/net8.0/appostolic.api.tests.dll" id="1cbf8040-fb9a-a69f-ea84-9d0fb171e9ce">
      <Execution id="ee039a68-722b-4f47-be23-5fbaa09f067a" />
      <TestMethod codeBase="/Users/kevinmccreary/appostolic/apps/api.tests/bin/Debug/net8.0/Appostolic.Api.Tests.dll" adapterTypeName="executor://xunit/VsTestRunner2/netcoreapp" className="Appostolic.Api.Tests.Api.DenominationsMetadataTests" name="RequiresAuth" />
    </UnitTest>
    <UnitTest name="Appostolic.Api.Tests.AgentTasks.AgentTasksListFilterPaginationTests.Paging_Returns_XTotalCount_And_DescOrdering" storage="/users/kevinmccreary/appostolic/apps/api.tests/bin/debug/net8.0/appostolic.api.tests.dll" id="4f93dd2b-351a-bca6-2b8b-95fc20f20ddd">
      <Execution id="665f21c9-1517-42af-9241-ea0636ce98ab" />
      <TestMethod codeBase="/Users/kevinmccreary/appostolic/apps/api.tests/bin/Debug/net8.0/Appostolic.Api.Tests.dll" adapterTypeName="executor://xunit/VsTestRunner2/netcoreapp" className="Appostolic.Api.Tests.AgentTasks.AgentTasksListFilterPaginationTests" name="Paging_Returns_XTotalCount_And_DescOrdering" />
    </UnitTest>
    <UnitTest name="Appostolic.Api.Tests.Schema.LegacyRoleColumnRemovalTests.Membership_entity_legacy_Role_property_is_removed" storage="/users/kevinmccreary/appostolic/apps/api.tests/bin/debug/net8.0/appostolic.api.tests.dll" id="b946127e-e0db-c283-d88c-1557545efae6">
      <Execution id="2cc67cb6-f4fc-41fe-a80e-ceca15a6e775" />
      <TestMethod codeBase="/Users/kevinmccreary/appostolic/apps/api.tests/bin/Debug/net8.0/Appostolic.Api.Tests.dll" adapterTypeName="executor://xunit/VsTestRunner2/netcoreapp" className="Appostolic.Api.Tests.Schema.LegacyRoleColumnRemovalTests" name="Membership_entity_legacy_Role_property_is_removed" />
    </UnitTest>
    <UnitTest name="Appostolic.Api.Tests.Api.MembersManagementTests.Cannot_remove_last_TenantAdmin" storage="/users/kevinmccreary/appostolic/apps/api.tests/bin/debug/net8.0/appostolic.api.tests.dll" id="4557fdb8-1797-8b2f-35d3-3d9ce64f7b6b">
      <Execution id="5f7306a9-bead-4bce-a8a6-799a05f614ef" />
      <TestMethod codeBase="/Users/kevinmccreary/appostolic/apps/api.tests/bin/Debug/net8.0/Appostolic.Api.Tests.dll" adapterTypeName="executor://xunit/VsTestRunner2/netcoreapp" className="Appostolic.Api.Tests.Api.MembersManagementTests" name="Cannot_remove_last_TenantAdmin" />
    </UnitTest>
    <UnitTest name="Appostolic.Api.Tests.ModelMappingTests.Agent_ToolAllowlist_is_jsonb_and_roundtrips_like_array" storage="/users/kevinmccreary/appostolic/apps/api.tests/bin/debug/net8.0/appostolic.api.tests.dll" id="1c8df7f1-aa05-88d6-f922-5ecb50d1b5d9">
      <Execution id="0f8505d6-e418-461c-8386-180cc53efaee" />
      <TestMethod codeBase="/Users/kevinmccreary/appostolic/apps/api.tests/bin/Debug/net8.0/Appostolic.Api.Tests.dll" adapterTypeName="executor://xunit/VsTestRunner2/netcoreapp" className="Appostolic.Api.Tests.ModelMappingTests" name="Agent_ToolAllowlist_is_jsonb_and_roundtrips_like_array" />
    </UnitTest>
    <UnitTest name="Appostolic.Api.Tests.Security.RoleAuthorizationTests.ApplyRoleChange_NoAudit_WhenSame" storage="/users/kevinmccreary/appostolic/apps/api.tests/bin/debug/net8.0/appostolic.api.tests.dll" id="3c6aaba6-8a28-5651-a334-5a8347c8e9db">
      <Execution id="c60dc0bb-69b8-4d89-ba55-26b0a83385bb" />
      <TestMethod codeBase="/Users/kevinmccreary/appostolic/apps/api.tests/bin/Debug/net8.0/Appostolic.Api.Tests.dll" adapterTypeName="executor://xunit/VsTestRunner2/netcoreapp" className="Appostolic.Api.Tests.Security.RoleAuthorizationTests" name="ApplyRoleChange_NoAudit_WhenSame" />
    </UnitTest>
    <UnitTest name="Appostolic.Api.Tests.Api.NotificationsAdminEndpointsTests.Bulk_resend_creates_with_limit_and_counts_throttled" storage="/users/kevinmccreary/appostolic/apps/api.tests/bin/debug/net8.0/appostolic.api.tests.dll" id="a2b0d89c-f17d-2c60-2870-72017089ab94">
      <Execution id="e1e6e83a-1cdd-4423-81b5-ce4cf6e125a5" />
      <TestMethod codeBase="/Users/kevinmccreary/appostolic/apps/api.tests/bin/Debug/net8.0/Appostolic.Api.Tests.dll" adapterTypeName="executor://xunit/VsTestRunner2/netcoreapp" className="Appostolic.Api.Tests.Api.NotificationsAdminEndpointsTests" name="Bulk_resend_creates_with_limit_and_counts_throttled" />
    </UnitTest>
    <UnitTest name="Appostolic.Api.AuthTests.TestTokenFactoryTests.MintTenantToken_MultiMembership_ExplicitTenantSelection" storage="/users/kevinmccreary/appostolic/apps/api.tests/bin/debug/net8.0/appostolic.api.tests.dll" id="c12613af-99b7-439d-c6df-131aa1e08ae7">
      <Execution id="777a6e46-8f73-4293-8a37-056faf78405e" />
      <TestMethod codeBase="/Users/kevinmccreary/appostolic/apps/api.tests/bin/Debug/net8.0/Appostolic.Api.Tests.dll" adapterTypeName="executor://xunit/VsTestRunner2/netcoreapp" className="Appostolic.Api.AuthTests.TestTokenFactoryTests" name="MintTenantToken_MultiMembership_ExplicitTenantSelection" />
    </UnitTest>
    <UnitTest name="DbQueryToolTests.Select_users_all_rows" storage="/users/kevinmccreary/appostolic/apps/api.tests/bin/debug/net8.0/appostolic.api.tests.dll" id="7e0d251c-aca1-3165-2651-f2996ab661b8">
      <Execution id="1917ea74-cd7e-4fff-92f6-150fabece5b0" />
      <TestMethod codeBase="/Users/kevinmccreary/appostolic/apps/api.tests/bin/Debug/net8.0/Appostolic.Api.Tests.dll" adapterTypeName="executor://xunit/VsTestRunner2/netcoreapp" className="DbQueryToolTests" name="Select_users_all_rows" />
    </UnitTest>
    <UnitTest name="TemplateRendererTests.Verification_template_renders_link_and_subject" storage="/users/kevinmccreary/appostolic/apps/api.tests/bin/debug/net8.0/appostolic.api.tests.dll" id="6e2b7510-d3ae-c174-2b57-710f63c82ad0">
      <Execution id="8bab6343-156d-4f30-b420-311f7a4e0af4" />
      <TestMethod codeBase="/Users/kevinmccreary/appostolic/apps/api.tests/bin/Debug/net8.0/Appostolic.Api.Tests.dll" adapterTypeName="executor://xunit/VsTestRunner2/netcoreapp" className="TemplateRendererTests" name="Verification_template_renders_link_and_subject" />
    </UnitTest>
    <UnitTest name="Appostolic.Api.Tests.Api.DenominationsMetadataTests.ReturnsPresetList" storage="/users/kevinmccreary/appostolic/apps/api.tests/bin/debug/net8.0/appostolic.api.tests.dll" id="137392e3-997c-8532-6b57-65c75651b55b">
      <Execution id="89ff9dac-80b6-40c4-bf66-89693e6406e6" />
      <TestMethod codeBase="/Users/kevinmccreary/appostolic/apps/api.tests/bin/Debug/net8.0/Appostolic.Api.Tests.dll" adapterTypeName="executor://xunit/VsTestRunner2/netcoreapp" className="Appostolic.Api.Tests.Api.DenominationsMetadataTests" name="ReturnsPresetList" />
    </UnitTest>
    <UnitTest name="Appostolic.Api.AuthTests.MagicConsumeRolesSerializationTests.MagicConsume_IncludesRolesBitmaskOnMembership" storage="/users/kevinmccreary/appostolic/apps/api.tests/bin/debug/net8.0/appostolic.api.tests.dll" id="f7ebc4d6-d0ec-6ad3-fd73-f4c53b67f8a0">
      <Execution id="c3e6cc7f-75f6-419b-9184-48c572c9e00f" />
      <TestMethod codeBase="/Users/kevinmccreary/appostolic/apps/api.tests/bin/Debug/net8.0/Appostolic.Api.Tests.dll" adapterTypeName="executor://xunit/VsTestRunner2/netcoreapp" className="Appostolic.Api.AuthTests.MagicConsumeRolesSerializationTests" name="MagicConsume_IncludesRolesBitmaskOnMembership" />
    </UnitTest>
    <UnitTest name="Appostolic.Api.Tests.Api.FlagsIntegrityTests.No_membership_has_zero_roles_bitmask" storage="/users/kevinmccreary/appostolic/apps/api.tests/bin/debug/net8.0/appostolic.api.tests.dll" id="3946d5e6-354d-0b10-e6eb-595cda5f42bd">
      <Execution id="9dc09e28-1186-46f7-8309-37313da40cd4" />
      <TestMethod codeBase="/Users/kevinmccreary/appostolic/apps/api.tests/bin/Debug/net8.0/Appostolic.Api.Tests.dll" adapterTypeName="executor://xunit/VsTestRunner2/netcoreapp" className="Appostolic.Api.Tests.Api.FlagsIntegrityTests" name="No_membership_has_zero_roles_bitmask" />
    </UnitTest>
    <UnitTest name="Appostolic.Api.Tests.Notifications.MagicLinkEmailTests.Renders_MagicLink_Snapshots_With_Link" storage="/users/kevinmccreary/appostolic/apps/api.tests/bin/debug/net8.0/appostolic.api.tests.dll" id="5ad39d2c-d77f-b72d-621d-dc03058b3c06">
      <Execution id="ffcd4823-d083-4353-9238-ecfc02e72ffc" />
      <TestMethod codeBase="/Users/kevinmccreary/appostolic/apps/api.tests/bin/Debug/net8.0/Appostolic.Api.Tests.dll" adapterTypeName="executor://xunit/VsTestRunner2/netcoreapp" className="Appostolic.Api.Tests.Notifications.MagicLinkEmailTests" name="Renders_MagicLink_Snapshots_With_Link" />
    </UnitTest>
    <UnitTest name="Appostolic.Api.Tests.Api.UserAvatarEndpointsTests.UploadAvatar_TransparentLogo_PreservesDimensions_Webp" storage="/users/kevinmccreary/appostolic/apps/api.tests/bin/debug/net8.0/appostolic.api.tests.dll" id="c643053b-60cb-940b-5d09-78107183b82f">
      <Execution id="74a84794-91b6-4386-a262-42cc6c33250c" />
      <TestMethod codeBase="/Users/kevinmccreary/appostolic/apps/api.tests/bin/Debug/net8.0/Appostolic.Api.Tests.dll" adapterTypeName="executor://xunit/VsTestRunner2/netcoreapp" className="Appostolic.Api.Tests.Api.UserAvatarEndpointsTests" name="UploadAvatar_TransparentLogo_PreservesDimensions_Webp" />
    </UnitTest>
    <UnitTest name="Appostolic.Api.Tests.ModelMappingTests.Agent_ToolAllowlist_has_column_type_jsonb" storage="/users/kevinmccreary/appostolic/apps/api.tests/bin/debug/net8.0/appostolic.api.tests.dll" id="8499e5e2-c09d-d64e-ab91-715c51a15d3b">
      <Execution id="8fc195c8-70fc-49cd-969f-7307e174bef9" />
      <TestMethod codeBase="/Users/kevinmccreary/appostolic/apps/api.tests/bin/Debug/net8.0/Appostolic.Api.Tests.dll" adapterTypeName="executor://xunit/VsTestRunner2/netcoreapp" className="Appostolic.Api.Tests.ModelMappingTests" name="Agent_ToolAllowlist_has_column_type_jsonb" />
    </UnitTest>
    <UnitTest name="Appostolic.Api.Tests.Api.NotificationsAdminEndpointsTests.List_and_retry_notifications_work" storage="/users/kevinmccreary/appostolic/apps/api.tests/bin/debug/net8.0/appostolic.api.tests.dll" id="0d699ea2-79e9-9f01-d2d5-fca82a358bb0">
      <Execution id="2f5e0982-89d5-41b2-8dca-01a539c785ce" />
      <TestMethod codeBase="/Users/kevinmccreary/appostolic/apps/api.tests/bin/Debug/net8.0/Appostolic.Api.Tests.dll" adapterTypeName="executor://xunit/VsTestRunner2/netcoreapp" className="Appostolic.Api.Tests.Api.NotificationsAdminEndpointsTests" name="List_and_retry_notifications_work" />
    </UnitTest>
    <UnitTest name="Appostolic.Api.Tests.Api.InvitesRolesFlagsTests.Accept_Invite_Sets_Membership_Roles_Flags" storage="/users/kevinmccreary/appostolic/apps/api.tests/bin/debug/net8.0/appostolic.api.tests.dll" id="da0da417-eb80-7ca8-c2a7-2b93c4d78528">
      <Execution id="11a7fdae-d4c6-4255-8ecc-f47c7a9cda27" />
      <TestMethod codeBase="/Users/kevinmccreary/appostolic/apps/api.tests/bin/Debug/net8.0/Appostolic.Api.Tests.dll" adapterTypeName="executor://xunit/VsTestRunner2/netcoreapp" className="Appostolic.Api.Tests.Api.InvitesRolesFlagsTests" name="Accept_Invite_Sets_Membership_Roles_Flags" />
    </UnitTest>
    <UnitTest name="Appostolic.Api.Tests.Notifications.AutoResendScannerTests.Respects_throttle_window" storage="/users/kevinmccreary/appostolic/apps/api.tests/bin/debug/net8.0/appostolic.api.tests.dll" id="784ad7dc-5a89-a731-4a54-d985f0ba330c">
      <Execution id="5d9c7b04-be3c-4559-a98b-de745f2bd40c" />
      <TestMethod codeBase="/Users/kevinmccreary/appostolic/apps/api.tests/bin/Debug/net8.0/Appostolic.Api.Tests.dll" adapterTypeName="executor://xunit/VsTestRunner2/netcoreapp" className="Appostolic.Api.Tests.Notifications.AutoResendScannerTests" name="Respects_throttle_window" />
    </UnitTest>
    <UnitTest name="Appostolic.Api.Tests.NotificationEnqueuerTests.QueueVerification_enqueues_correct_message" storage="/users/kevinmccreary/appostolic/apps/api.tests/bin/debug/net8.0/appostolic.api.tests.dll" id="c561c2f6-8efd-4095-cbad-20238816bd9c">
      <Execution id="693654f7-9081-42fa-89d3-b929418622e0" />
      <TestMethod codeBase="/Users/kevinmccreary/appostolic/apps/api.tests/bin/Debug/net8.0/Appostolic.Api.Tests.dll" adapterTypeName="executor://xunit/VsTestRunner2/netcoreapp" className="Appostolic.Api.Tests.NotificationEnqueuerTests" name="QueueVerification_enqueues_correct_message" />
    </UnitTest>
    <UnitTest name="Appostolic.Api.Tests.Storage.S3ObjectStorageServiceTests.UploadAsync_FallbacksToBucketRegionUrl_WhenNoPublicBaseUrl" storage="/users/kevinmccreary/appostolic/apps/api.tests/bin/debug/net8.0/appostolic.api.tests.dll" id="c35bbf40-7110-f612-4b6b-649678070e6a">
      <Execution id="22bd1c82-bb55-49e1-ac87-06fc591b0b99" />
      <TestMethod codeBase="/Users/kevinmccreary/appostolic/apps/api.tests/bin/Debug/net8.0/Appostolic.Api.Tests.dll" adapterTypeName="executor://xunit/VsTestRunner2/netcoreapp" className="Appostolic.Api.Tests.Storage.S3ObjectStorageServiceTests" name="UploadAsync_FallbacksToBucketRegionUrl_WhenNoPublicBaseUrl" />
    </UnitTest>
    <UnitTest name="Appostolic.Api.Tests.Security.RoleAuthorizationTests.CreatorPolicy_Denies_WhenNoMembership" storage="/users/kevinmccreary/appostolic/apps/api.tests/bin/debug/net8.0/appostolic.api.tests.dll" id="f0e4d307-078d-a4e0-f168-b961578cd197">
      <Execution id="1d3d887f-00d1-469f-9f11-1a372634cfd2" />
      <TestMethod codeBase="/Users/kevinmccreary/appostolic/apps/api.tests/bin/Debug/net8.0/Appostolic.Api.Tests.dll" adapterTypeName="executor://xunit/VsTestRunner2/netcoreapp" className="Appostolic.Api.Tests.Security.RoleAuthorizationTests" name="CreatorPolicy_Denies_WhenNoMembership" />
    </UnitTest>
    <UnitTest name="Appostolic.Api.Tests.Api.AuthJwtSmokeTests.AuthSmoke_Ping_WithIssuedToken_Succeeds" storage="/users/kevinmccreary/appostolic/apps/api.tests/bin/debug/net8.0/appostolic.api.tests.dll" id="f3e5a7ef-e593-cb9e-e437-d0f4fab69d89">
      <Execution id="331f4f95-8fe5-4f3a-9e28-5fd90df2d0ac" />
      <TestMethod codeBase="/Users/kevinmccreary/appostolic/apps/api.tests/bin/Debug/net8.0/Appostolic.Api.Tests.dll" adapterTypeName="executor://xunit/VsTestRunner2/netcoreapp" className="Appostolic.Api.Tests.Api.AuthJwtSmokeTests" name="AuthSmoke_Ping_WithIssuedToken_Succeeds" />
    </UnitTest>
    <UnitTest name="Appostolic.Api.Tests.Orchestrator.AgentOrchestratorTests.Cancellation_StopsMidRun" storage="/users/kevinmccreary/appostolic/apps/api.tests/bin/debug/net8.0/appostolic.api.tests.dll" id="2a9f6824-8a17-a193-b18b-3e78fa1bbbd5">
      <Execution id="02e44167-fca0-4292-b4bd-add4ede4f1e5" />
      <TestMethod codeBase="/Users/kevinmccreary/appostolic/apps/api.tests/bin/Debug/net8.0/Appostolic.Api.Tests.dll" adapterTypeName="executor://xunit/VsTestRunner2/netcoreapp" className="Appostolic.Api.Tests.Orchestrator.AgentOrchestratorTests" name="Cancellation_StopsMidRun" />
    </UnitTest>
    <UnitTest name="DbQueryToolTests.Unknown_table_fails" storage="/users/kevinmccreary/appostolic/apps/api.tests/bin/debug/net8.0/appostolic.api.tests.dll" id="1aa96e1c-162f-87b8-360d-29c19b3b2c73">
      <Execution id="5be4e595-4b61-480e-b6c3-26d047baa1dd" />
      <TestMethod codeBase="/Users/kevinmccreary/appostolic/apps/api.tests/bin/Debug/net8.0/Appostolic.Api.Tests.dll" adapterTypeName="executor://xunit/VsTestRunner2/netcoreapp" className="DbQueryToolTests" name="Unknown_table_fails" />
    </UnitTest>
    <UnitTest name="Appostolic.Api.Tests.Privacy.PIIRedactorTests.RedactEmail_Works(input: &quot;user@example.com&quot;, expected: &quot;u***@example.com&quot;)" storage="/users/kevinmccreary/appostolic/apps/api.tests/bin/debug/net8.0/appostolic.api.tests.dll" id="5385030b-1302-b289-00d9-288b4f75839d">
      <Execution id="15948e53-5c6f-4f51-a409-7b198642a722" />
      <TestMethod codeBase="/Users/kevinmccreary/appostolic/apps/api.tests/bin/Debug/net8.0/Appostolic.Api.Tests.dll" adapterTypeName="executor://xunit/VsTestRunner2/netcoreapp" className="Appostolic.Api.Tests.Privacy.PIIRedactorTests" name="RedactEmail_Works" />
    </UnitTest>
    <UnitTest name="Appostolic.Api.Tests.EmailDispatcherTests.Dispatcher_redacts_email_in_log_scope" storage="/users/kevinmccreary/appostolic/apps/api.tests/bin/debug/net8.0/appostolic.api.tests.dll" id="bde04400-fb2a-d1b4-e9d5-727f1b9bbed1">
      <Execution id="209c4054-84a5-4e07-891a-5d28d4c37857" />
      <TestMethod codeBase="/Users/kevinmccreary/appostolic/apps/api.tests/bin/Debug/net8.0/Appostolic.Api.Tests.dll" adapterTypeName="executor://xunit/VsTestRunner2/netcoreapp" className="Appostolic.Api.Tests.EmailDispatcherTests" name="Dispatcher_redacts_email_in_log_scope" />
    </UnitTest>
    <UnitTest name="Appostolic.Api.Tests.Privacy.PIIHasherTests.HashEmail_IsDeterministic_ForSamePepper" storage="/users/kevinmccreary/appostolic/apps/api.tests/bin/debug/net8.0/appostolic.api.tests.dll" id="e8b4dc71-a5d7-b1f7-a555-6150128fc2af">
      <Execution id="7b1f146a-ef71-4d5a-8e67-20f83397c2a7" />
      <TestMethod codeBase="/Users/kevinmccreary/appostolic/apps/api.tests/bin/Debug/net8.0/Appostolic.Api.Tests.dll" adapterTypeName="executor://xunit/VsTestRunner2/netcoreapp" className="Appostolic.Api.Tests.Privacy.PIIHasherTests" name="HashEmail_IsDeterministic_ForSamePepper" />
    </UnitTest>
    <UnitTest name="WebSearchToolTests.Query_intro_returns_expected" storage="/users/kevinmccreary/appostolic/apps/api.tests/bin/debug/net8.0/appostolic.api.tests.dll" id="22ad276e-c73f-4ebf-8729-b5903439e2d9">
      <Execution id="2042b142-5ee5-411f-b699-85afc94fe9a9" />
      <TestMethod codeBase="/Users/kevinmccreary/appostolic/apps/api.tests/bin/Debug/net8.0/Appostolic.Api.Tests.dll" adapterTypeName="executor://xunit/VsTestRunner2/netcoreapp" className="WebSearchToolTests" name="Query_intro_returns_expected" />
    </UnitTest>
    <UnitTest name="Appostolic.Api.AuthTests.SelectTenantTests.SelectTenant_ForbiddenTenant_Returns403" storage="/users/kevinmccreary/appostolic/apps/api.tests/bin/debug/net8.0/appostolic.api.tests.dll" id="5f9c27d4-50bb-efe1-e416-35702c9fd2c6">
      <Execution id="9e0b50b8-f23a-4c48-aac7-44928b87c096" />
      <TestMethod codeBase="/Users/kevinmccreary/appostolic/apps/api.tests/bin/Debug/net8.0/Appostolic.Api.Tests.dll" adapterTypeName="executor://xunit/VsTestRunner2/netcoreapp" className="Appostolic.Api.AuthTests.SelectTenantTests" name="SelectTenant_ForbiddenTenant_Returns403" />
    </UnitTest>
    <UnitTest name="Appostolic.Api.Tests.Api.AgentsEndpointsTests.Agents_CRUD_HappyPath" storage="/users/kevinmccreary/appostolic/apps/api.tests/bin/debug/net8.0/appostolic.api.tests.dll" id="b672c70e-eca2-f979-b482-5169b705a205">
      <Execution id="72170a73-1616-4a37-a7c1-331e12908090" />
      <TestMethod codeBase="/Users/kevinmccreary/appostolic/apps/api.tests/bin/Debug/net8.0/Appostolic.Api.Tests.dll" adapterTypeName="executor://xunit/VsTestRunner2/netcoreapp" className="Appostolic.Api.Tests.Api.AgentsEndpointsTests" name="Agents_CRUD_HappyPath" />
    </UnitTest>
    <UnitTest name="Appostolic.Api.Tests.Api.NotificationsProdEndpointsTests.Tenant_owner_can_list_and_retry_within_tenant" storage="/users/kevinmccreary/appostolic/apps/api.tests/bin/debug/net8.0/appostolic.api.tests.dll" id="7c574249-6de4-087c-ac92-00dedf541e78">
      <Execution id="ef2b828b-c726-4220-8525-a3f2b681c6c7" />
      <TestMethod codeBase="/Users/kevinmccreary/appostolic/apps/api.tests/bin/Debug/net8.0/Appostolic.Api.Tests.dll" adapterTypeName="executor://xunit/VsTestRunner2/netcoreapp" className="Appostolic.Api.Tests.Api.NotificationsProdEndpointsTests" name="Tenant_owner_can_list_and_retry_within_tenant" />
    </UnitTest>
    <UnitTest name="Appostolic.Api.Tests.Auth.RefreshPlaintextExposedFlagTests.Refresh_Omits_Plaintext_When_Flag_Disabled_Even_During_Grace" storage="/users/kevinmccreary/appostolic/apps/api.tests/bin/debug/net8.0/appostolic.api.tests.dll" id="82433354-13b4-cc2d-0a49-7402e6830aee">
      <Execution id="5b18a192-3ad3-45d0-972c-890ce7914b69" />
      <TestMethod codeBase="/Users/kevinmccreary/appostolic/apps/api.tests/bin/Debug/net8.0/Appostolic.Api.Tests.dll" adapterTypeName="executor://xunit/VsTestRunner2/netcoreapp" className="Appostolic.Api.Tests.Auth.RefreshPlaintextExposedFlagTests" name="Refresh_Omits_Plaintext_When_Flag_Disabled_Even_During_Grace" />
    </UnitTest>
    <UnitTest name="Appostolic.Api.Tests.Auth.RefreshEndpointTests.Refresh_Allows_Body_Token_During_Grace" storage="/users/kevinmccreary/appostolic/apps/api.tests/bin/debug/net8.0/appostolic.api.tests.dll" id="9a27b4fd-a56b-4b8b-8cae-d2972183237d">
      <Execution id="05667d3f-88ac-4418-b087-02c9d5779ebe" />
      <TestMethod codeBase="/Users/kevinmccreary/appostolic/apps/api.tests/bin/Debug/net8.0/Appostolic.Api.Tests.dll" adapterTypeName="executor://xunit/VsTestRunner2/netcoreapp" className="Appostolic.Api.Tests.Auth.RefreshEndpointTests" name="Refresh_Allows_Body_Token_During_Grace" />
    </UnitTest>
    <UnitTest name="Appostolic.Api.AuthTests.LoginTenantSelectionTests.Login_MultiMembership_NoTenantParam_HasNoTenantToken" storage="/users/kevinmccreary/appostolic/apps/api.tests/bin/debug/net8.0/appostolic.api.tests.dll" id="15c612de-362f-873c-6b3e-94b2c6bfd929">
      <Execution id="1721c3e6-e9ca-465f-99d9-3fec8d2a1135" />
      <TestMethod codeBase="/Users/kevinmccreary/appostolic/apps/api.tests/bin/Debug/net8.0/Appostolic.Api.Tests.dll" adapterTypeName="executor://xunit/VsTestRunner2/netcoreapp" className="Appostolic.Api.AuthTests.LoginTenantSelectionTests" name="Login_MultiMembership_NoTenantParam_HasNoTenantToken" />
    </UnitTest>
    <UnitTest name="Appostolic.Api.Tests.Api.UserAvatarEndpointsTests.UploadAvatar_Downscales_LargeImage_To512Webp" storage="/users/kevinmccreary/appostolic/apps/api.tests/bin/debug/net8.0/appostolic.api.tests.dll" id="7b4d03a5-c5c2-9d47-3b72-108b3108a4ac">
      <Execution id="4fadd160-8370-439a-ade9-a163d42d677a" />
      <TestMethod codeBase="/Users/kevinmccreary/appostolic/apps/api.tests/bin/Debug/net8.0/Appostolic.Api.Tests.dll" adapterTypeName="executor://xunit/VsTestRunner2/netcoreapp" className="Appostolic.Api.Tests.Api.UserAvatarEndpointsTests" name="UploadAvatar_Downscales_LargeImage_To512Webp" />
    </UnitTest>
    <UnitTest name="Appostolic.Api.AuthTests.MagicConsumeJwtTests.MagicConsume_LegacyMode_ReturnsLegacyShape" storage="/users/kevinmccreary/appostolic/apps/api.tests/bin/debug/net8.0/appostolic.api.tests.dll" id="031a88f1-01c2-dd0e-3bdd-f14ee053d9ba">
      <Execution id="294fe56d-7e84-457c-a1dc-9006fb8017aa" />
      <TestMethod codeBase="/Users/kevinmccreary/appostolic/apps/api.tests/bin/Debug/net8.0/Appostolic.Api.Tests.dll" adapterTypeName="executor://xunit/VsTestRunner2/netcoreapp" className="Appostolic.Api.AuthTests.MagicConsumeJwtTests" name="MagicConsume_LegacyMode_ReturnsLegacyShape" />
    </UnitTest>
    <UnitTest name="Appostolic.Api.Tests.Orchestrator.AgentOrchestratorTests.ToolMissing_FailsWithToolNotFound" storage="/users/kevinmccreary/appostolic/apps/api.tests/bin/debug/net8.0/appostolic.api.tests.dll" id="d9d051a9-d261-1011-dbde-e42b30d539a9">
      <Execution id="ec403daf-1626-4ccd-bbe2-8dfd10fa9873" />
      <TestMethod codeBase="/Users/kevinmccreary/appostolic/apps/api.tests/bin/Debug/net8.0/Appostolic.Api.Tests.dll" adapterTypeName="executor://xunit/VsTestRunner2/netcoreapp" className="Appostolic.Api.Tests.Orchestrator.AgentOrchestratorTests" name="ToolMissing_FailsWithToolNotFound" />
    </UnitTest>
    <UnitTest name="DbQueryToolTests.Select_lessons_where_id_param_object" storage="/users/kevinmccreary/appostolic/apps/api.tests/bin/debug/net8.0/appostolic.api.tests.dll" id="811026c2-41ce-4e18-121d-862774cd6272">
      <Execution id="9899abbc-dc53-442a-9669-ac7cddf93e99" />
      <TestMethod codeBase="/Users/kevinmccreary/appostolic/apps/api.tests/bin/Debug/net8.0/Appostolic.Api.Tests.dll" adapterTypeName="executor://xunit/VsTestRunner2/netcoreapp" className="DbQueryToolTests" name="Select_lessons_where_id_param_object" />
    </UnitTest>
    <UnitTest name="Appostolic.Api.Tests.Api.NotificationsProdEndpointsTests.Resend_returns_404_when_missing" storage="/users/kevinmccreary/appostolic/apps/api.tests/bin/debug/net8.0/appostolic.api.tests.dll" id="fdf88970-87c6-f740-810f-e878127ff782">
      <Execution id="79727603-dcd6-4169-922e-1d019082272b" />
      <TestMethod codeBase="/Users/kevinmccreary/appostolic/apps/api.tests/bin/Debug/net8.0/Appostolic.Api.Tests.dll" adapterTypeName="executor://xunit/VsTestRunner2/netcoreapp" className="Appostolic.Api.Tests.Api.NotificationsProdEndpointsTests" name="Resend_returns_404_when_missing" />
    </UnitTest>
    <UnitTest name="Appostolic.Api.Tests.Api.AuditTrailTests.Set_roles_writes_audit_row_with_old_and_new_roles" storage="/users/kevinmccreary/appostolic/apps/api.tests/bin/debug/net8.0/appostolic.api.tests.dll" id="6b0df781-2303-2b77-2cc6-dbbd4c3e9e73">
      <Execution id="776780b7-5c23-45c3-abe0-08d082085530" />
      <TestMethod codeBase="/Users/kevinmccreary/appostolic/apps/api.tests/bin/Debug/net8.0/Appostolic.Api.Tests.dll" adapterTypeName="executor://xunit/VsTestRunner2/netcoreapp" className="Appostolic.Api.Tests.Api.AuditTrailTests" name="Set_roles_writes_audit_row_with_old_and_new_roles" />
    </UnitTest>
    <UnitTest name="Appostolic.Api.Tests.Auth.RefreshCookieTests.Login_Sets_Refresh_Cookie_When_Flag_Enabled" storage="/users/kevinmccreary/appostolic/apps/api.tests/bin/debug/net8.0/appostolic.api.tests.dll" id="a4d15e3f-72fa-7dbe-1271-22c29f57d731">
      <Execution id="c21980b0-3ed0-4fe4-a069-cb4ccb8f35a3" />
      <TestMethod codeBase="/Users/kevinmccreary/appostolic/apps/api.tests/bin/Debug/net8.0/Appostolic.Api.Tests.dll" adapterTypeName="executor://xunit/VsTestRunner2/netcoreapp" className="Appostolic.Api.Tests.Auth.RefreshCookieTests" name="Login_Sets_Refresh_Cookie_When_Flag_Enabled" />
    </UnitTest>
    <UnitTest name="Appostolic.Api.Tests.Api.UserAvatarEndpointsTests.UploadAvatar_Succeeds_WithPngUnder2MB" storage="/users/kevinmccreary/appostolic/apps/api.tests/bin/debug/net8.0/appostolic.api.tests.dll" id="689d43e4-6cb5-4009-1ac6-7e50bf4ccc94">
      <Execution id="4c37b1d9-f95a-46e5-9f80-821ae1143197" />
      <TestMethod codeBase="/Users/kevinmccreary/appostolic/apps/api.tests/bin/Debug/net8.0/Appostolic.Api.Tests.dll" adapterTypeName="executor://xunit/VsTestRunner2/netcoreapp" className="Appostolic.Api.Tests.Api.UserAvatarEndpointsTests" name="UploadAvatar_Succeeds_WithPngUnder2MB" />
    </UnitTest>
    <UnitTest name="Appostolic.Api.Tests.Auth.AccessTokenVersionTests.AccessToken_BecomesInvalid_AfterPasswordChange_IncrementsTokenVersion" storage="/users/kevinmccreary/appostolic/apps/api.tests/bin/debug/net8.0/appostolic.api.tests.dll" id="b1a86b7e-f06f-d34f-562a-cebd2aadc4a9">
      <Execution id="441e2dbb-00e3-4899-870a-089e97b4df1e" />
      <TestMethod codeBase="/Users/kevinmccreary/appostolic/apps/api.tests/bin/Debug/net8.0/Appostolic.Api.Tests.dll" adapterTypeName="executor://xunit/VsTestRunner2/netcoreapp" className="Appostolic.Api.Tests.Auth.AccessTokenVersionTests" name="AccessToken_BecomesInvalid_AfterPasswordChange_IncrementsTokenVersion" />
    </UnitTest>
    <UnitTest name="Appostolic.Api.Tests.Privacy.LoggingPIIScopeTests.EmailScope_OnlyRedacted_WhenHashingDisabled" storage="/users/kevinmccreary/appostolic/apps/api.tests/bin/debug/net8.0/appostolic.api.tests.dll" id="80249d75-0754-365e-161d-4f69eb53fd73">
      <Execution id="28624cb3-8033-40f4-8e59-bccb764ced50" />
      <TestMethod codeBase="/Users/kevinmccreary/appostolic/apps/api.tests/bin/Debug/net8.0/Appostolic.Api.Tests.dll" adapterTypeName="executor://xunit/VsTestRunner2/netcoreapp" className="Appostolic.Api.Tests.Privacy.LoggingPIIScopeTests" name="EmailScope_OnlyRedacted_WhenHashingDisabled" />
    </UnitTest>
    <UnitTest name="Appostolic.Api.Tests.Auth.RefreshEndpointTests.Refresh_Fails_On_Reusing_Rotated_Token" storage="/users/kevinmccreary/appostolic/apps/api.tests/bin/debug/net8.0/appostolic.api.tests.dll" id="1cdc3975-db1c-58f2-7286-fa267b0aafb8">
      <Execution id="36142a13-bb36-482a-b291-6659adb96111" />
      <TestMethod codeBase="/Users/kevinmccreary/appostolic/apps/api.tests/bin/Debug/net8.0/Appostolic.Api.Tests.dll" adapterTypeName="executor://xunit/VsTestRunner2/netcoreapp" className="Appostolic.Api.Tests.Auth.RefreshEndpointTests" name="Refresh_Fails_On_Reusing_Rotated_Token" />
    </UnitTest>
    <UnitTest name="Appostolic.Api.Tests.Auth.DevHeadersDisabledTests.DevHeaders_Request_Fails_When_Flag_Disabled" storage="/users/kevinmccreary/appostolic/apps/api.tests/bin/debug/net8.0/appostolic.api.tests.dll" id="593e7065-7319-4b4c-29e4-d65d9f7c6c8e">
      <Execution id="5e7e52b0-d5ae-4a16-8998-1ae6f7dca67f" />
      <TestMethod codeBase="/Users/kevinmccreary/appostolic/apps/api.tests/bin/Debug/net8.0/Appostolic.Api.Tests.dll" adapterTypeName="executor://xunit/VsTestRunner2/netcoreapp" className="Appostolic.Api.Tests.Auth.DevHeadersDisabledTests" name="DevHeaders_Request_Fails_When_Flag_Disabled" />
    </UnitTest>
    <UnitTest name="Appostolic.Api.Tests.AgentTasks.AgentTasksListFilterPaginationTests.Status_Filter_Is_CaseInsensitive" storage="/users/kevinmccreary/appostolic/apps/api.tests/bin/debug/net8.0/appostolic.api.tests.dll" id="f0724dde-c441-a83f-2f8e-78db9d6adb66">
      <Execution id="dc6c22ba-2b2b-4a23-9061-7d83cfe0bd8a" />
      <TestMethod codeBase="/Users/kevinmccreary/appostolic/apps/api.tests/bin/Debug/net8.0/Appostolic.Api.Tests.dll" adapterTypeName="executor://xunit/VsTestRunner2/netcoreapp" className="Appostolic.Api.Tests.AgentTasks.AgentTasksListFilterPaginationTests" name="Status_Filter_Is_CaseInsensitive" />
    </UnitTest>
    <UnitTest name="Appostolic.Api.Tests.Privacy.PIIHasherTests.HashEmail_Differs_WithDifferentPepper" storage="/users/kevinmccreary/appostolic/apps/api.tests/bin/debug/net8.0/appostolic.api.tests.dll" id="8c322062-c901-cc6c-6cc7-399543893d6b">
      <Execution id="c9f91354-f231-47ab-8f6e-725882eb33a9" />
      <TestMethod codeBase="/Users/kevinmccreary/appostolic/apps/api.tests/bin/Debug/net8.0/Appostolic.Api.Tests.dll" adapterTypeName="executor://xunit/VsTestRunner2/netcoreapp" className="Appostolic.Api.Tests.Privacy.PIIHasherTests" name="HashEmail_Differs_WithDifferentPepper" />
    </UnitTest>
    <UnitTest name="Appostolic.Api.Tests.Orchestrator.AgentOrchestratorTests.ToolNotAllowed_FailsAndTracesFailure" storage="/users/kevinmccreary/appostolic/apps/api.tests/bin/debug/net8.0/appostolic.api.tests.dll" id="cc013720-f8b7-b972-40e8-34c7328bfdae">
      <Execution id="51f84952-56c1-4e14-97dc-af08bce7e4bf" />
      <TestMethod codeBase="/Users/kevinmccreary/appostolic/apps/api.tests/bin/Debug/net8.0/Appostolic.Api.Tests.dll" adapterTypeName="executor://xunit/VsTestRunner2/netcoreapp" className="Appostolic.Api.Tests.Orchestrator.AgentOrchestratorTests" name="ToolNotAllowed_FailsAndTracesFailure" />
    </UnitTest>
    <UnitTest name="Appostolic.Api.Tests.AgentOrchestratorTests.Cancellation_StopsMidRun" storage="/users/kevinmccreary/appostolic/apps/api.tests/bin/debug/net8.0/appostolic.api.tests.dll" id="cb3a79b8-8a20-d72b-fe66-3be39a479486">
      <Execution id="47d13443-59a0-4ebf-8819-8dc1944b43d0" />
      <TestMethod codeBase="/Users/kevinmccreary/appostolic/apps/api.tests/bin/Debug/net8.0/Appostolic.Api.Tests.dll" adapterTypeName="executor://xunit/VsTestRunner2/netcoreapp" className="Appostolic.Api.Tests.AgentOrchestratorTests" name="Cancellation_StopsMidRun" />
    </UnitTest>
    <UnitTest name="Appostolic.Api.Tests.Privacy.LoggingPIIScopeTests.EmailScope_IncludesRedactedAndHash_WhenEnabled" storage="/users/kevinmccreary/appostolic/apps/api.tests/bin/debug/net8.0/appostolic.api.tests.dll" id="4f65136b-b885-5c0a-1650-385c2d5ff86d">
      <Execution id="0b05db36-6e16-4178-adfa-2a5428dbca48" />
      <TestMethod codeBase="/Users/kevinmccreary/appostolic/apps/api.tests/bin/Debug/net8.0/Appostolic.Api.Tests.dll" adapterTypeName="executor://xunit/VsTestRunner2/netcoreapp" className="Appostolic.Api.Tests.Privacy.LoggingPIIScopeTests" name="EmailScope_IncludesRedactedAndHash_WhenEnabled" />
    </UnitTest>
    <UnitTest name="Appostolic.Api.Tests.Privacy.PIIRedactorTests.RedactEmail_Works(input: &quot;U@ex.com&quot;, expected: &quot;***U@ex.com&quot;)" storage="/users/kevinmccreary/appostolic/apps/api.tests/bin/debug/net8.0/appostolic.api.tests.dll" id="9a71281b-30b0-67b5-7395-398aae4c1d76">
      <Execution id="956c0943-f325-4ee2-8f85-e218fc57ef5d" />
      <TestMethod codeBase="/Users/kevinmccreary/appostolic/apps/api.tests/bin/Debug/net8.0/Appostolic.Api.Tests.dll" adapterTypeName="executor://xunit/VsTestRunner2/netcoreapp" className="Appostolic.Api.Tests.Privacy.PIIRedactorTests" name="RedactEmail_Works" />
    </UnitTest>
    <UnitTest name="Appostolic.Api.Tests.Api.ToolCatalogTests.Tools_Catalog_Lists_Registered_Tools_With_Categories" storage="/users/kevinmccreary/appostolic/apps/api.tests/bin/debug/net8.0/appostolic.api.tests.dll" id="8f26075f-925c-4688-bf33-abe324c4e160">
      <Execution id="7248f5cd-57c7-4b5c-a0ce-f526e25067fc" />
      <TestMethod codeBase="/Users/kevinmccreary/appostolic/apps/api.tests/bin/Debug/net8.0/Appostolic.Api.Tests.dll" adapterTypeName="executor://xunit/VsTestRunner2/netcoreapp" className="Appostolic.Api.Tests.Api.ToolCatalogTests" name="Tools_Catalog_Lists_Registered_Tools_With_Categories" />
    </UnitTest>
    <UnitTest name="Appostolic.Api.Tests.Auth.LogoutTests.Logout_IdempotentSecondCall" storage="/users/kevinmccreary/appostolic/apps/api.tests/bin/debug/net8.0/appostolic.api.tests.dll" id="03348e85-c745-1baa-1fc9-a6f767c68de7">
      <Execution id="2dd141fa-8826-4344-86c0-985ff42a360d" />
      <TestMethod codeBase="/Users/kevinmccreary/appostolic/apps/api.tests/bin/Debug/net8.0/Appostolic.Api.Tests.dll" adapterTypeName="executor://xunit/VsTestRunner2/netcoreapp" className="Appostolic.Api.Tests.Auth.LogoutTests" name="Logout_IdempotentSecondCall" />
    </UnitTest>
    <UnitTest name="Appostolic.Api.Tests.Api.InvitesAcceptTests.Accept_With_Invalid_Token_Fails" storage="/users/kevinmccreary/appostolic/apps/api.tests/bin/debug/net8.0/appostolic.api.tests.dll" id="81f70a90-5f17-3107-1751-37f6a5b41791">
      <Execution id="0e231ea7-3439-4730-90d3-df16f2f223a4" />
      <TestMethod codeBase="/Users/kevinmccreary/appostolic/apps/api.tests/bin/Debug/net8.0/Appostolic.Api.Tests.dll" adapterTypeName="executor://xunit/VsTestRunner2/netcoreapp" className="Appostolic.Api.Tests.Api.InvitesAcceptTests" name="Accept_With_Invalid_Token_Fails" />
    </UnitTest>
    <UnitTest name="Appostolic.Api.Tests.Api.NotificationsProdEndpointsTests.Tenant_owner_can_resend_within_tenant_and_is_forbidden_cross_tenant" storage="/users/kevinmccreary/appostolic/apps/api.tests/bin/debug/net8.0/appostolic.api.tests.dll" id="ee7b51d2-d8a7-715d-70ab-159c7293568a">
      <Execution id="371dd201-50f5-4843-8aea-fab97a38ce5c" />
      <TestMethod codeBase="/Users/kevinmccreary/appostolic/apps/api.tests/bin/Debug/net8.0/Appostolic.Api.Tests.dll" adapterTypeName="executor://xunit/VsTestRunner2/netcoreapp" className="Appostolic.Api.Tests.Api.NotificationsProdEndpointsTests" name="Tenant_owner_can_resend_within_tenant_and_is_forbidden_cross_tenant" />
    </UnitTest>
    <UnitTest name="Appostolic.Api.Tests.Api.InvitesAcceptTests.Accept_SignedIn_User_Matches_Invite_Creates_Membership" storage="/users/kevinmccreary/appostolic/apps/api.tests/bin/debug/net8.0/appostolic.api.tests.dll" id="7bfc22d7-9c12-bb6d-b1ad-6ad8a8f51b4d">
      <Execution id="9d926e89-0378-43db-a305-c992101db208" />
      <TestMethod codeBase="/Users/kevinmccreary/appostolic/apps/api.tests/bin/Debug/net8.0/Appostolic.Api.Tests.dll" adapterTypeName="executor://xunit/VsTestRunner2/netcoreapp" className="Appostolic.Api.Tests.Api.InvitesAcceptTests" name="Accept_SignedIn_User_Matches_Invite_Creates_Membership" />
    </UnitTest>
    <UnitTest name="Appostolic.Api.Tests.SwaggerEndpointTests.SwaggerJson_ReturnsOpenApiDocument" storage="/users/kevinmccreary/appostolic/apps/api.tests/bin/debug/net8.0/appostolic.api.tests.dll" id="f40065b9-7c11-5cb0-fc3c-72a39c2af769">
      <Execution id="0700b407-e213-47da-bfd4-3e0914d5c1ae" />
      <TestMethod codeBase="/Users/kevinmccreary/appostolic/apps/api.tests/bin/Debug/net8.0/Appostolic.Api.Tests.dll" adapterTypeName="executor://xunit/VsTestRunner2/netcoreapp" className="Appostolic.Api.Tests.SwaggerEndpointTests" name="SwaggerJson_ReturnsOpenApiDocument" />
    </UnitTest>
    <UnitTest name="Appostolic.Api.Tests.E2E.AgentTasksE2E_Golden.HappyPath_projection_matches_golden_fixture" storage="/users/kevinmccreary/appostolic/apps/api.tests/bin/debug/net8.0/appostolic.api.tests.dll" id="e1e10047-9c95-2461-ef88-42d3da0fbb82">
      <Execution id="a318e1ee-55cf-414f-aa40-a49a8a3a3cd1" />
      <TestMethod codeBase="/Users/kevinmccreary/appostolic/apps/api.tests/bin/Debug/net8.0/Appostolic.Api.Tests.dll" adapterTypeName="executor://xunit/VsTestRunner2/netcoreapp" className="Appostolic.Api.Tests.E2E.AgentTasksE2E_Golden" name="HappyPath_projection_matches_golden_fixture" />
    </UnitTest>
    <UnitTest name="Appostolic.Api.Tests.Notifications.AutoResendScannerTests.Skips_when_disabled" storage="/users/kevinmccreary/appostolic/apps/api.tests/bin/debug/net8.0/appostolic.api.tests.dll" id="e4ef9dda-68e5-63b6-ccb6-0b8c602aab58">
      <Execution id="0963b5fd-dfc3-4c91-a6cb-d319d23939ee" />
      <TestMethod codeBase="/Users/kevinmccreary/appostolic/apps/api.tests/bin/Debug/net8.0/Appostolic.Api.Tests.dll" adapterTypeName="executor://xunit/VsTestRunner2/netcoreapp" className="Appostolic.Api.Tests.Notifications.AutoResendScannerTests" name="Skips_when_disabled" />
    </UnitTest>
    <UnitTest name="Appostolic.Api.Tests.Api.AgentsEndpointsTests.Agents_Validation_Errors" storage="/users/kevinmccreary/appostolic/apps/api.tests/bin/debug/net8.0/appostolic.api.tests.dll" id="e74b4a4d-4fe0-004f-1c01-e9508924afd9">
      <Execution id="d037b902-ff1b-4b91-89ab-c822df450dc8" />
      <TestMethod codeBase="/Users/kevinmccreary/appostolic/apps/api.tests/bin/Debug/net8.0/Appostolic.Api.Tests.dll" adapterTypeName="executor://xunit/VsTestRunner2/netcoreapp" className="Appostolic.Api.Tests.Api.AgentsEndpointsTests" name="Agents_Validation_Errors" />
    </UnitTest>
    <UnitTest name="Appostolic.Api.Tests.Api.AgentTasksEndpointsTests.List_Pending_ReturnsCreatedFirst" storage="/users/kevinmccreary/appostolic/apps/api.tests/bin/debug/net8.0/appostolic.api.tests.dll" id="6af85923-8d05-0c62-0cc5-a5120df2d8e5">
      <Execution id="8b30aec7-3c67-4ef5-82cc-d417eb7af4da" />
      <TestMethod codeBase="/Users/kevinmccreary/appostolic/apps/api.tests/bin/Debug/net8.0/Appostolic.Api.Tests.dll" adapterTypeName="executor://xunit/VsTestRunner2/netcoreapp" className="Appostolic.Api.Tests.Api.AgentTasksEndpointsTests" name="List_Pending_ReturnsCreatedFirst" />
    </UnitTest>
    <UnitTest name="Appostolic.Api.Tests.Auth.RefreshPlaintextExposedFlagTests.Login_Hides_Plaintext_When_Flag_Disabled" storage="/users/kevinmccreary/appostolic/apps/api.tests/bin/debug/net8.0/appostolic.api.tests.dll" id="f03cc5c5-1609-8527-f708-7a0678904e86">
      <Execution id="646bf6bf-099b-4fe1-beb2-75cf847ee458" />
      <TestMethod codeBase="/Users/kevinmccreary/appostolic/apps/api.tests/bin/Debug/net8.0/Appostolic.Api.Tests.dll" adapterTypeName="executor://xunit/VsTestRunner2/netcoreapp" className="Appostolic.Api.Tests.Auth.RefreshPlaintextExposedFlagTests" name="Login_Hides_Plaintext_When_Flag_Disabled" />
    </UnitTest>
    <UnitTest name="Appostolic.Api.Tests.Api.MembersManagementTests.Remove_TenantAdmin_flag_when_another_admin_exists" storage="/users/kevinmccreary/appostolic/apps/api.tests/bin/debug/net8.0/appostolic.api.tests.dll" id="4019b427-1ede-c217-da18-40ffe6d2092f">
      <Execution id="aebedc07-973d-4fca-b979-64cbc78e0ec5" />
      <TestMethod codeBase="/Users/kevinmccreary/appostolic/apps/api.tests/bin/Debug/net8.0/Appostolic.Api.Tests.dll" adapterTypeName="executor://xunit/VsTestRunner2/netcoreapp" className="Appostolic.Api.Tests.Api.MembersManagementTests" name="Remove_TenantAdmin_flag_when_another_admin_exists" />
    </UnitTest>
    <UnitTest name="Appostolic.Api.AuthTests.LoginRolesConvergenceTests.Login_DoesNotMutate_MismatchedRolesBitmask_AfterLegacyConvergenceRemoval" storage="/users/kevinmccreary/appostolic/apps/api.tests/bin/debug/net8.0/appostolic.api.tests.dll" id="fc8062f2-c6b8-9311-dc63-8d39d262fd14">
      <Execution id="a6056fcb-308f-4885-9684-b5ac959b4f45" />
      <TestMethod codeBase="/Users/kevinmccreary/appostolic/apps/api.tests/bin/Debug/net8.0/Appostolic.Api.Tests.dll" adapterTypeName="executor://xunit/VsTestRunner2/netcoreapp" className="Appostolic.Api.AuthTests.LoginRolesConvergenceTests" name="Login_DoesNotMutate_MismatchedRolesBitmask_AfterLegacyConvergenceRemoval" />
    </UnitTest>
    <UnitTest name="Appostolic.Api.Tests.ModelMappingTests.Notification_resend_fields_are_mapped_with_indexes" storage="/users/kevinmccreary/appostolic/apps/api.tests/bin/debug/net8.0/appostolic.api.tests.dll" id="caeaccb8-00ea-302b-441d-17caf5fd9b5d">
      <Execution id="a7b8e865-153b-4684-9c4d-48e23418e0d2" />
      <TestMethod codeBase="/Users/kevinmccreary/appostolic/apps/api.tests/bin/Debug/net8.0/Appostolic.Api.Tests.dll" adapterTypeName="executor://xunit/VsTestRunner2/netcoreapp" className="Appostolic.Api.Tests.ModelMappingTests" name="Notification_resend_fields_are_mapped_with_indexes" />
    </UnitTest>
    <UnitTest name="Appostolic.Api.Tests.Storage.S3ObjectStorageServiceTests.UploadAsync_UploadsWithPublicReadAndCacheControl_ReturnsPublicBaseUrl" storage="/users/kevinmccreary/appostolic/apps/api.tests/bin/debug/net8.0/appostolic.api.tests.dll" id="12982ac4-b6b0-e458-3676-ece493490c27">
      <Execution id="ae412b67-cd91-4d0a-84a5-92078b85b65e" />
      <TestMethod codeBase="/Users/kevinmccreary/appostolic/apps/api.tests/bin/Debug/net8.0/Appostolic.Api.Tests.dll" adapterTypeName="executor://xunit/VsTestRunner2/netcoreapp" className="Appostolic.Api.Tests.Storage.S3ObjectStorageServiceTests" name="UploadAsync_UploadsWithPublicReadAndCacheControl_ReturnsPublicBaseUrl" />
    </UnitTest>
    <UnitTest name="Appostolic.Api.Tests.AgentTasks.AgentTasksListFilterPaginationTests.Date_Range_Filter_On_CreatedAt" storage="/users/kevinmccreary/appostolic/apps/api.tests/bin/debug/net8.0/appostolic.api.tests.dll" id="ad304976-430a-8b69-e0d9-931ece855b31">
      <Execution id="cb371018-8ab8-41e5-90e6-f362e966f9a5" />
      <TestMethod codeBase="/Users/kevinmccreary/appostolic/apps/api.tests/bin/Debug/net8.0/Appostolic.Api.Tests.dll" adapterTypeName="executor://xunit/VsTestRunner2/netcoreapp" className="Appostolic.Api.Tests.AgentTasks.AgentTasksListFilterPaginationTests" name="Date_Range_Filter_On_CreatedAt" />
    </UnitTest>
    <UnitTest name="Appostolic.Api.Tests.EmailDispatcherTests.Dispatcher_logs_correlation_fields_when_present" storage="/users/kevinmccreary/appostolic/apps/api.tests/bin/debug/net8.0/appostolic.api.tests.dll" id="d079b60f-9bd9-c7a1-855f-178e519346dc">
      <Execution id="a4b664d9-71e4-4745-ab49-0530b4058d2c" />
      <TestMethod codeBase="/Users/kevinmccreary/appostolic/apps/api.tests/bin/Debug/net8.0/Appostolic.Api.Tests.dll" adapterTypeName="executor://xunit/VsTestRunner2/netcoreapp" className="Appostolic.Api.Tests.EmailDispatcherTests" name="Dispatcher_logs_correlation_fields_when_present" />
    </UnitTest>
    <UnitTest name="Appostolic.Api.AuthTests.LoginRolesSerializationTests.Login_IncludesRolesBitmaskOnMembership" storage="/users/kevinmccreary/appostolic/apps/api.tests/bin/debug/net8.0/appostolic.api.tests.dll" id="545ffb6d-3098-01fc-1bfd-d18b0f6ea861">
      <Execution id="e4af7424-ede5-4110-a16f-304c1452b81b" />
      <TestMethod codeBase="/Users/kevinmccreary/appostolic/apps/api.tests/bin/Debug/net8.0/Appostolic.Api.Tests.dll" adapterTypeName="executor://xunit/VsTestRunner2/netcoreapp" className="Appostolic.Api.AuthTests.LoginRolesSerializationTests" name="Login_IncludesRolesBitmaskOnMembership" />
    </UnitTest>
    <UnitTest name="Appostolic.Api.Tests.Auth.RefreshCookieTests.SelectTenant_Rotates_Refresh_Cookie" storage="/users/kevinmccreary/appostolic/apps/api.tests/bin/debug/net8.0/appostolic.api.tests.dll" id="cae1921b-1ff8-8185-1634-73062e14bb95">
      <Execution id="0cdbd47c-5598-48f5-b6e4-14ca723377df" />
      <TestMethod codeBase="/Users/kevinmccreary/appostolic/apps/api.tests/bin/Debug/net8.0/Appostolic.Api.Tests.dll" adapterTypeName="executor://xunit/VsTestRunner2/netcoreapp" className="Appostolic.Api.Tests.Auth.RefreshCookieTests" name="SelectTenant_Rotates_Refresh_Cookie" />
    </UnitTest>
    <UnitTest name="Appostolic.Api.Tests.Api.AssignmentsApiTests.Non_admin_cannot_set_roles" storage="/users/kevinmccreary/appostolic/apps/api.tests/bin/debug/net8.0/appostolic.api.tests.dll" id="fc6317ac-4f9e-d443-bb9c-db2ea41d1b6d">
      <Execution id="23bf1271-4eda-46d0-afa2-2f207b52de57" />
      <TestMethod codeBase="/Users/kevinmccreary/appostolic/apps/api.tests/bin/Debug/net8.0/Appostolic.Api.Tests.dll" adapterTypeName="executor://xunit/VsTestRunner2/netcoreapp" className="Appostolic.Api.Tests.Api.AssignmentsApiTests" name="Non_admin_cannot_set_roles" />
    </UnitTest>
    <UnitTest name="Appostolic.Api.AuthTests.AuthTestClientTests.UseAutoTenantAsync_AttachesTenantWhenAvailable" storage="/users/kevinmccreary/appostolic/apps/api.tests/bin/debug/net8.0/appostolic.api.tests.dll" id="14d738f3-d455-8460-7967-9bdaa9faefb8">
      <Execution id="3e540c07-5ef4-47e1-a35b-f7d406c3cbd6" />
      <TestMethod codeBase="/Users/kevinmccreary/appostolic/apps/api.tests/bin/Debug/net8.0/Appostolic.Api.Tests.dll" adapterTypeName="executor://xunit/VsTestRunner2/netcoreapp" className="Appostolic.Api.AuthTests.AuthTestClientTests" name="UseAutoTenantAsync_AttachesTenantWhenAvailable" />
    </UnitTest>
    <UnitTest name="WebSearchToolTests.Take_limits_results" storage="/users/kevinmccreary/appostolic/apps/api.tests/bin/debug/net8.0/appostolic.api.tests.dll" id="691bf80d-9ec7-7de8-ad81-702e4cdb8bfd">
      <Execution id="0921a351-a6ea-4f9d-a7ca-fb95803cf52d" />
      <TestMethod codeBase="/Users/kevinmccreary/appostolic/apps/api.tests/bin/Debug/net8.0/Appostolic.Api.Tests.dll" adapterTypeName="executor://xunit/VsTestRunner2/netcoreapp" className="WebSearchToolTests" name="Take_limits_results" />
    </UnitTest>
    <UnitTest name="Appostolic.Api.Tests.Api.UserAvatarEndpointsTests.UploadAvatar_Rejects_TooLarge" storage="/users/kevinmccreary/appostolic/apps/api.tests/bin/debug/net8.0/appostolic.api.tests.dll" id="eac43a08-1201-428f-7efa-904ba4876682">
      <Execution id="a7244a4c-6d79-4253-abf9-6edf1d1516eb" />
      <TestMethod codeBase="/Users/kevinmccreary/appostolic/apps/api.tests/bin/Debug/net8.0/Appostolic.Api.Tests.dll" adapterTypeName="executor://xunit/VsTestRunner2/netcoreapp" className="Appostolic.Api.Tests.Api.UserAvatarEndpointsTests" name="UploadAvatar_Rejects_TooLarge" />
    </UnitTest>
    <UnitTest name="Appostolic.Api.Tests.Api.UserProfileEndpointsTests.Put_me_rejects_non_object_body" storage="/users/kevinmccreary/appostolic/apps/api.tests/bin/debug/net8.0/appostolic.api.tests.dll" id="1a80fecc-6ef5-c4ed-4650-dbe09ce92e46">
      <Execution id="0c2132d0-9213-49fd-af77-c14593182d5e" />
      <TestMethod codeBase="/Users/kevinmccreary/appostolic/apps/api.tests/bin/Debug/net8.0/Appostolic.Api.Tests.dll" adapterTypeName="executor://xunit/VsTestRunner2/netcoreapp" className="Appostolic.Api.Tests.Api.UserProfileEndpointsTests" name="Put_me_rejects_non_object_body" />
    </UnitTest>
    <UnitTest name="Appostolic.Api.Tests.AgentTasks.AgentTasksCancelRetryTests.Cancel_Terminal_Task_Returns409" storage="/users/kevinmccreary/appostolic/apps/api.tests/bin/debug/net8.0/appostolic.api.tests.dll" id="50c609b5-3f14-814d-a1e7-5260305a9b12">
      <Execution id="96155ae2-1bd7-45f5-8c32-ab23d21b3dd9" />
      <TestMethod codeBase="/Users/kevinmccreary/appostolic/apps/api.tests/bin/Debug/net8.0/Appostolic.Api.Tests.dll" adapterTypeName="executor://xunit/VsTestRunner2/netcoreapp" className="Appostolic.Api.Tests.AgentTasks.AgentTasksCancelRetryTests" name="Cancel_Terminal_Task_Returns409" />
    </UnitTest>
    <UnitTest name="Appostolic.Api.Tests.Auth.LogoutTests.MissingRefreshToken_OnSingleLogout_Returns400" storage="/users/kevinmccreary/appostolic/apps/api.tests/bin/debug/net8.0/appostolic.api.tests.dll" id="4a92a767-460d-55d3-4f0a-171bb9bfa6db">
      <Execution id="c566875f-5c4c-4a8a-b495-1eaa5b47adae" />
      <TestMethod codeBase="/Users/kevinmccreary/appostolic/apps/api.tests/bin/Debug/net8.0/Appostolic.Api.Tests.dll" adapterTypeName="executor://xunit/VsTestRunner2/netcoreapp" className="Appostolic.Api.Tests.Auth.LogoutTests" name="MissingRefreshToken_OnSingleLogout_Returns400" />
    </UnitTest>
    <UnitTest name="Appostolic.Api.Tests.Api.TenantSettingsEndpointsTests.Get_Settings_Returns_Empty_Object_When_Null" storage="/users/kevinmccreary/appostolic/apps/api.tests/bin/debug/net8.0/appostolic.api.tests.dll" id="b0d19a9b-4021-9eed-3094-0cb81617cae0">
      <Execution id="78189599-960b-4efa-a944-e80d457bbec4" />
      <TestMethod codeBase="/Users/kevinmccreary/appostolic/apps/api.tests/bin/Debug/net8.0/Appostolic.Api.Tests.dll" adapterTypeName="executor://xunit/VsTestRunner2/netcoreapp" className="Appostolic.Api.Tests.Api.TenantSettingsEndpointsTests" name="Get_Settings_Returns_Empty_Object_When_Null" />
    </UnitTest>
    <UnitTest name="Appostolic.Api.Tests.E2E.AgentTasksE2E_Allowlist.Allowlist_Denied_Tool_Produces_Failed_Task_With_Error_Trace" storage="/users/kevinmccreary/appostolic/apps/api.tests/bin/debug/net8.0/appostolic.api.tests.dll" id="8a436d67-15f2-8a6f-b3c8-3df7d72a7066">
      <Execution id="901fe43f-b274-4073-b820-290eaa05702d" />
      <TestMethod codeBase="/Users/kevinmccreary/appostolic/apps/api.tests/bin/Debug/net8.0/Appostolic.Api.Tests.dll" adapterTypeName="executor://xunit/VsTestRunner2/netcoreapp" className="Appostolic.Api.Tests.E2E.AgentTasksE2E_Allowlist" name="Allowlist_Denied_Tool_Produces_Failed_Task_With_Error_Trace" />
    </UnitTest>
    <UnitTest name="Appostolic.Api.Tests.Api.InvitesRolesFlagsTests.Create_Invite_With_Roles_Flags_Persists_And_Lists" storage="/users/kevinmccreary/appostolic/apps/api.tests/bin/debug/net8.0/appostolic.api.tests.dll" id="04a8bdbc-fefc-28fe-9d41-eb27166daebb">
      <Execution id="de942fe5-f21f-4fff-8ad6-b67db9a3e9fe" />
      <TestMethod codeBase="/Users/kevinmccreary/appostolic/apps/api.tests/bin/Debug/net8.0/Appostolic.Api.Tests.dll" adapterTypeName="executor://xunit/VsTestRunner2/netcoreapp" className="Appostolic.Api.Tests.Api.InvitesRolesFlagsTests" name="Create_Invite_With_Roles_Flags_Persists_And_Lists" />
    </UnitTest>
    <UnitTest name="Appostolic.Api.Tests.Api.AgentTasksEndpointsTests.CreateTask_Returns201AndSummary" storage="/users/kevinmccreary/appostolic/apps/api.tests/bin/debug/net8.0/appostolic.api.tests.dll" id="9c020064-9cbb-7975-d5c0-9dc48d581775">
      <Execution id="fb956852-cd88-481a-89bb-b8e1ecaa01ab" />
      <TestMethod codeBase="/Users/kevinmccreary/appostolic/apps/api.tests/bin/Debug/net8.0/Appostolic.Api.Tests.dll" adapterTypeName="executor://xunit/VsTestRunner2/netcoreapp" className="Appostolic.Api.Tests.Api.AgentTasksEndpointsTests" name="CreateTask_Returns201AndSummary" />
    </UnitTest>
    <UnitTest name="Appostolic.Api.Tests.AgentOrchestratorTests.ToolNotAllowed_FailsAndTracesFailure" storage="/users/kevinmccreary/appostolic/apps/api.tests/bin/debug/net8.0/appostolic.api.tests.dll" id="eba2e046-3c6c-f48b-f85f-b23828d8319b">
      <Execution id="e7765ba5-586e-41c2-9b82-087ad80e42bc" />
      <TestMethod codeBase="/Users/kevinmccreary/appostolic/apps/api.tests/bin/Debug/net8.0/Appostolic.Api.Tests.dll" adapterTypeName="executor://xunit/VsTestRunner2/netcoreapp" className="Appostolic.Api.Tests.AgentOrchestratorTests" name="ToolNotAllowed_FailsAndTracesFailure" />
    </UnitTest>
    <UnitTest name="Appostolic.Api.Tests.Api.NotificationsWebhookTests.SendGridWebhook_forbidden_when_token_mismatch" storage="/users/kevinmccreary/appostolic/apps/api.tests/bin/debug/net8.0/appostolic.api.tests.dll" id="c3e1478d-2cae-8f80-3a89-04eb9dac0acb">
      <Execution id="ffb54ad0-3973-484a-9836-7b1fb1503203" />
      <TestMethod codeBase="/Users/kevinmccreary/appostolic/apps/api.tests/bin/Debug/net8.0/Appostolic.Api.Tests.dll" adapterTypeName="executor://xunit/VsTestRunner2/netcoreapp" className="Appostolic.Api.Tests.Api.NotificationsWebhookTests" name="SendGridWebhook_forbidden_when_token_mismatch" />
    </UnitTest>
    <UnitTest name="Appostolic.Api.Tests.AgentTasks.AgentTasksListFilterPaginationTests.FreeText_Q_Search_On_Input_And_User" storage="/users/kevinmccreary/appostolic/apps/api.tests/bin/debug/net8.0/appostolic.api.tests.dll" id="94524c04-7158-8472-e876-43b26f76e4f4">
      <Execution id="309dda45-1582-422d-b3aa-4e33ca0fcccb" />
      <TestMethod codeBase="/Users/kevinmccreary/appostolic/apps/api.tests/bin/Debug/net8.0/Appostolic.Api.Tests.dll" adapterTypeName="executor://xunit/VsTestRunner2/netcoreapp" className="Appostolic.Api.Tests.AgentTasks.AgentTasksListFilterPaginationTests" name="FreeText_Q_Search_On_Input_And_User" />
    </UnitTest>
    <UnitTest name="Appostolic.Api.Tests.Worker.AgentTaskWorkerTests.Pending_To_Running_To_Succeeded_With_Traces" storage="/users/kevinmccreary/appostolic/apps/api.tests/bin/debug/net8.0/appostolic.api.tests.dll" id="87a5b8a9-e5bd-8c6e-5a6c-5815a0bd8c39">
      <Execution id="41e0a256-255f-4926-bfe4-bcdf04611b3b" />
      <TestMethod codeBase="/Users/kevinmccreary/appostolic/apps/api.tests/bin/Debug/net8.0/Appostolic.Api.Tests.dll" adapterTypeName="executor://xunit/VsTestRunner2/netcoreapp" className="Appostolic.Api.Tests.Worker.AgentTaskWorkerTests" name="Pending_To_Running_To_Succeeded_With_Traces" />
    </UnitTest>
    <UnitTest name="Appostolic.Api.Tests.Api.MembersListTests.Owner_can_list_members" storage="/users/kevinmccreary/appostolic/apps/api.tests/bin/debug/net8.0/appostolic.api.tests.dll" id="d8682838-1d38-dd8e-6c89-ae1bda81fecb">
      <Execution id="92187666-c3da-4aa3-9533-90135b49d3ca" />
      <TestMethod codeBase="/Users/kevinmccreary/appostolic/apps/api.tests/bin/Debug/net8.0/Appostolic.Api.Tests.dll" adapterTypeName="executor://xunit/VsTestRunner2/netcoreapp" className="Appostolic.Api.Tests.Api.MembersListTests" name="Owner_can_list_members" />
    </UnitTest>
    <UnitTest name="Appostolic.Api.Tests.Api.NotificationsWebhookTests.SendGridWebhook_updates_provider_status_when_token_matches" storage="/users/kevinmccreary/appostolic/apps/api.tests/bin/debug/net8.0/appostolic.api.tests.dll" id="c608eb38-09c4-17b8-a16b-ae9b91798432">
      <Execution id="05085734-ab97-4ce4-904b-fe0f43048e98" />
      <TestMethod codeBase="/Users/kevinmccreary/appostolic/apps/api.tests/bin/Debug/net8.0/Appostolic.Api.Tests.dll" adapterTypeName="executor://xunit/VsTestRunner2/netcoreapp" className="Appostolic.Api.Tests.Api.NotificationsWebhookTests" name="SendGridWebhook_updates_provider_status_when_token_matches" />
    </UnitTest>
    <UnitTest name="Appostolic.Api.Tests.Api.AuthPasswordFlowsTests.ChangePassword_WithAuth_UpdatesPassword" storage="/users/kevinmccreary/appostolic/apps/api.tests/bin/debug/net8.0/appostolic.api.tests.dll" id="7831f103-663f-8d24-4a8b-6bbe466d0837">
      <Execution id="2cc722af-6ee8-4af8-9bef-655ebf20a2be" />
      <TestMethod codeBase="/Users/kevinmccreary/appostolic/apps/api.tests/bin/Debug/net8.0/Appostolic.Api.Tests.dll" adapterTypeName="executor://xunit/VsTestRunner2/netcoreapp" className="Appostolic.Api.Tests.Api.AuthPasswordFlowsTests" name="ChangePassword_WithAuth_UpdatesPassword" />
    </UnitTest>
    <UnitTest name="Appostolic.Api.Tests.Api.AssignmentsApiTests.List_memberships_requires_admin_and_returns_roles" storage="/users/kevinmccreary/appostolic/apps/api.tests/bin/debug/net8.0/appostolic.api.tests.dll" id="019214c2-5ff4-3fed-608d-44f050052b40">
      <Execution id="e78de090-4d3f-4fe6-89e5-94ebb0e622d8" />
      <TestMethod codeBase="/Users/kevinmccreary/appostolic/apps/api.tests/bin/Debug/net8.0/Appostolic.Api.Tests.dll" adapterTypeName="executor://xunit/VsTestRunner2/netcoreapp" className="Appostolic.Api.Tests.Api.AssignmentsApiTests" name="List_memberships_requires_admin_and_returns_roles" />
    </UnitTest>
    <UnitTest name="Appostolic.Api.Tests.Storage.ObjectStorageDeleteTests.Local_DeleteAsync_RemovesFile_WhenPresent" storage="/users/kevinmccreary/appostolic/apps/api.tests/bin/debug/net8.0/appostolic.api.tests.dll" id="a8bb0fab-56c6-938a-460b-3d46baedbbb6">
      <Execution id="b92af9b4-0b9b-474e-bbe9-5f98c740f6e7" />
      <TestMethod codeBase="/Users/kevinmccreary/appostolic/apps/api.tests/bin/Debug/net8.0/Appostolic.Api.Tests.dll" adapterTypeName="executor://xunit/VsTestRunner2/netcoreapp" className="Appostolic.Api.Tests.Storage.ObjectStorageDeleteTests" name="Local_DeleteAsync_RemovesFile_WhenPresent" />
    </UnitTest>
    <UnitTest name="Appostolic.Api.Tests.Model.TokenEstimatorTests.EstimateTokens_Heuristic_CeilPer4Chars(text: &quot;abcde&quot;, expected: 2)" storage="/users/kevinmccreary/appostolic/apps/api.tests/bin/debug/net8.0/appostolic.api.tests.dll" id="2f6106d4-2d27-0ec0-388a-a0a0d64b80ea">
      <Execution id="46564ba9-fb74-4157-9aa0-63c010c56ede" />
      <TestMethod codeBase="/Users/kevinmccreary/appostolic/apps/api.tests/bin/Debug/net8.0/Appostolic.Api.Tests.dll" adapterTypeName="executor://xunit/VsTestRunner2/netcoreapp" className="Appostolic.Api.Tests.Model.TokenEstimatorTests" name="EstimateTokens_Heuristic_CeilPer4Chars" />
    </UnitTest>
    <UnitTest name="Appostolic.Api.AuthTests.LoginTenantSelectionTests.Login_MultiMembership_TenantSlug_EmitsTenantToken" storage="/users/kevinmccreary/appostolic/apps/api.tests/bin/debug/net8.0/appostolic.api.tests.dll" id="08f6a7e9-7601-1519-2953-5bafd6576a90">
      <Execution id="7ffafad7-f0de-4e8b-a816-4f18d0719369" />
      <TestMethod codeBase="/Users/kevinmccreary/appostolic/apps/api.tests/bin/Debug/net8.0/Appostolic.Api.Tests.dll" adapterTypeName="executor://xunit/VsTestRunner2/netcoreapp" className="Appostolic.Api.AuthTests.LoginTenantSelectionTests" name="Login_MultiMembership_TenantSlug_EmitsTenantToken" />
    </UnitTest>
    <UnitTest name="Appostolic.Api.Tests.Auth.RefreshEndpointTests.Refresh_Fails_When_Token_Revoked_Reused" storage="/users/kevinmccreary/appostolic/apps/api.tests/bin/debug/net8.0/appostolic.api.tests.dll" id="99e95904-b1cc-e8af-b41d-62aea87d238b">
      <Execution id="ff379de4-874f-40b4-b6fc-b9cc0f34755a" />
      <TestMethod codeBase="/Users/kevinmccreary/appostolic/apps/api.tests/bin/Debug/net8.0/Appostolic.Api.Tests.dll" adapterTypeName="executor://xunit/VsTestRunner2/netcoreapp" className="Appostolic.Api.Tests.Auth.RefreshEndpointTests" name="Refresh_Fails_When_Token_Revoked_Reused" />
    </UnitTest>
    <UnitTest name="Appostolic.Api.Tests.Api.AuthPasswordFlowsTests.ForgotPassword_AcceptsAndStoresToken_SendsEmail" storage="/users/kevinmccreary/appostolic/apps/api.tests/bin/debug/net8.0/appostolic.api.tests.dll" id="515d6282-fd19-872e-c191-d3eda2049a23">
      <Execution id="0da82817-8a56-4992-ba0b-bdde196a7a9b" />
      <TestMethod codeBase="/Users/kevinmccreary/appostolic/apps/api.tests/bin/Debug/net8.0/Appostolic.Api.Tests.dll" adapterTypeName="executor://xunit/VsTestRunner2/netcoreapp" className="Appostolic.Api.Tests.Api.AuthPasswordFlowsTests" name="ForgotPassword_AcceptsAndStoresToken_SendsEmail" />
    </UnitTest>
    <UnitTest name="Appostolic.Api.AuthTests.LoginTests.Login_InvalidCredentials_Returns401" storage="/users/kevinmccreary/appostolic/apps/api.tests/bin/debug/net8.0/appostolic.api.tests.dll" id="12c3c514-0e1a-a711-90d4-344685873f0e">
      <Execution id="62406335-c449-4345-8e01-ec46f93eed1d" />
      <TestMethod codeBase="/Users/kevinmccreary/appostolic/apps/api.tests/bin/Debug/net8.0/Appostolic.Api.Tests.dll" adapterTypeName="executor://xunit/VsTestRunner2/netcoreapp" className="Appostolic.Api.AuthTests.LoginTests" name="Login_InvalidCredentials_Returns401" />
    </UnitTest>
    <UnitTest name="Appostolic.Api.AuthTests.LoginRolesConvergenceDisabledFlagTests.Login_DoesNotMutate_MismatchedRolesBitmask_WhenFlagEnabled" storage="/users/kevinmccreary/appostolic/apps/api.tests/bin/debug/net8.0/appostolic.api.tests.dll" id="b10f1150-1593-6330-afd8-9e2dab16d270">
      <Execution id="c8e4a760-22bb-4135-a9bb-a8804a3a4544" />
      <TestMethod codeBase="/Users/kevinmccreary/appostolic/apps/api.tests/bin/Debug/net8.0/Appostolic.Api.Tests.dll" adapterTypeName="executor://xunit/VsTestRunner2/netcoreapp" className="Appostolic.Api.AuthTests.LoginRolesConvergenceDisabledFlagTests" name="Login_DoesNotMutate_MismatchedRolesBitmask_WhenFlagEnabled" />
    </UnitTest>
    <UnitTest name="Appostolic.Api.Tests.Api.LegacyRoleWritePathDeprecationTests.Member_role_change_with_legacy_role_is_rejected" storage="/users/kevinmccreary/appostolic/apps/api.tests/bin/debug/net8.0/appostolic.api.tests.dll" id="10869424-9c0a-3745-5234-aab9897a3cf9">
      <Execution id="ef054be0-d521-4971-9d22-b835b9033e89" />
      <TestMethod codeBase="/Users/kevinmccreary/appostolic/apps/api.tests/bin/Debug/net8.0/Appostolic.Api.Tests.dll" adapterTypeName="executor://xunit/VsTestRunner2/netcoreapp" className="Appostolic.Api.Tests.Api.LegacyRoleWritePathDeprecationTests" name="Member_role_change_with_legacy_role_is_rejected" />
    </UnitTest>
    <UnitTest name="Appostolic.Api.Tests.Privacy.UserProfileLoggingTests.GetMe_EmitsRedactedAndHash_NoRawEmail" storage="/users/kevinmccreary/appostolic/apps/api.tests/bin/debug/net8.0/appostolic.api.tests.dll" id="8de6077c-5e1e-7144-f76f-09a36a8fcab6">
      <Execution id="e6e582b0-cd07-495a-9b15-09623b1beda2" />
      <TestMethod codeBase="/Users/kevinmccreary/appostolic/apps/api.tests/bin/Debug/net8.0/Appostolic.Api.Tests.dll" adapterTypeName="executor://xunit/VsTestRunner2/netcoreapp" className="Appostolic.Api.Tests.Privacy.UserProfileLoggingTests" name="GetMe_EmitsRedactedAndHash_NoRawEmail" />
    </UnitTest>
    <UnitTest name="DbQueryToolTests.Reject_non_select" storage="/users/kevinmccreary/appostolic/apps/api.tests/bin/debug/net8.0/appostolic.api.tests.dll" id="c8cdac31-ad32-9a02-508c-02a988e5e017">
      <Execution id="81b7a46d-4d4a-4f06-b8d0-496eac1893b2" />
      <TestMethod codeBase="/Users/kevinmccreary/appostolic/apps/api.tests/bin/Debug/net8.0/Appostolic.Api.Tests.dll" adapterTypeName="executor://xunit/VsTestRunner2/netcoreapp" className="DbQueryToolTests" name="Reject_non_select" />
    </UnitTest>
    <UnitTest name="Appostolic.Api.Tests.ModelMappingTests.AgentTask_Status_is_converted_as_string" storage="/users/kevinmccreary/appostolic/apps/api.tests/bin/debug/net8.0/appostolic.api.tests.dll" id="0f0c7731-d28a-bcbe-054f-641f024437ac">
      <Execution id="346dd668-5a58-4dcd-9aa4-82274f9b4c9c" />
      <TestMethod codeBase="/Users/kevinmccreary/appostolic/apps/api.tests/bin/Debug/net8.0/Appostolic.Api.Tests.dll" adapterTypeName="executor://xunit/VsTestRunner2/netcoreapp" className="Appostolic.Api.Tests.ModelMappingTests" name="AgentTask_Status_is_converted_as_string" />
    </UnitTest>
    <UnitTest name="Appostolic.Api.AuthTests.LoginTenantSelectionTests.Login_MultiMembership_TenantAuto_Returns409" storage="/users/kevinmccreary/appostolic/apps/api.tests/bin/debug/net8.0/appostolic.api.tests.dll" id="ba2eb800-eb24-7df5-1df2-54952a0268c0">
      <Execution id="0e39873e-8611-4085-a1b6-51c4b25cc511" />
      <TestMethod codeBase="/Users/kevinmccreary/appostolic/apps/api.tests/bin/Debug/net8.0/Appostolic.Api.Tests.dll" adapterTypeName="executor://xunit/VsTestRunner2/netcoreapp" className="Appostolic.Api.AuthTests.LoginTenantSelectionTests" name="Login_MultiMembership_TenantAuto_Returns409" />
    </UnitTest>
    <UnitTest name="Appostolic.Api.Tests.Storage.ObjectStorageDeleteTests.S3_DeleteAsync_CallsDeleteObject" storage="/users/kevinmccreary/appostolic/apps/api.tests/bin/debug/net8.0/appostolic.api.tests.dll" id="c62ff6f8-900b-a165-229e-1d83d314982c">
      <Execution id="85e4648e-9fe0-4ded-bee2-0fbb8cc635aa" />
      <TestMethod codeBase="/Users/kevinmccreary/appostolic/apps/api.tests/bin/Debug/net8.0/Appostolic.Api.Tests.dll" adapterTypeName="executor://xunit/VsTestRunner2/netcoreapp" className="Appostolic.Api.Tests.Storage.ObjectStorageDeleteTests" name="S3_DeleteAsync_CallsDeleteObject" />
    </UnitTest>
    <UnitTest name="Appostolic.Api.Tests.Api.NotificationsAdminEndpointsTests.Resend_history_lists_children_with_paging_and_scoping" storage="/users/kevinmccreary/appostolic/apps/api.tests/bin/debug/net8.0/appostolic.api.tests.dll" id="d59725be-2270-85f4-1a24-f28884383b83">
      <Execution id="1f7da120-ea1b-4c12-8fb0-e6d2c611c305" />
      <TestMethod codeBase="/Users/kevinmccreary/appostolic/apps/api.tests/bin/Debug/net8.0/Appostolic.Api.Tests.dll" adapterTypeName="executor://xunit/VsTestRunner2/netcoreapp" className="Appostolic.Api.Tests.Api.NotificationsAdminEndpointsTests" name="Resend_history_lists_children_with_paging_and_scoping" />
    </UnitTest>
    <UnitTest name="Appostolic.Api.Tests.Security.RoleAuthorizationTests.CreatorPolicy_Allows_WhenMembershipHasCreator" storage="/users/kevinmccreary/appostolic/apps/api.tests/bin/debug/net8.0/appostolic.api.tests.dll" id="90d1f61e-9ba1-ff1a-f0a6-e17acbda2dee">
      <Execution id="36bf70ed-6468-466c-9e8b-59a3a496c128" />
      <TestMethod codeBase="/Users/kevinmccreary/appostolic/apps/api.tests/bin/Debug/net8.0/Appostolic.Api.Tests.dll" adapterTypeName="executor://xunit/VsTestRunner2/netcoreapp" className="Appostolic.Api.Tests.Security.RoleAuthorizationTests" name="CreatorPolicy_Allows_WhenMembershipHasCreator" />
    </UnitTest>
    <UnitTest name="FsWriteToolTests.Rejects_path_traversal" storage="/users/kevinmccreary/appostolic/apps/api.tests/bin/debug/net8.0/appostolic.api.tests.dll" id="94ec43a1-8d1a-e493-b213-b33a5a6877b2">
      <Execution id="5554a1a7-5954-46e1-ba01-1685fa83ffee" />
      <TestMethod codeBase="/Users/kevinmccreary/appostolic/apps/api.tests/bin/Debug/net8.0/Appostolic.Api.Tests.dll" adapterTypeName="executor://xunit/VsTestRunner2/netcoreapp" className="FsWriteToolTests" name="Rejects_path_traversal" />
    </UnitTest>
    <UnitTest name="Appostolic.Api.Tests.Api.UserPasswordEndpointsTests.Change_password_rejects_weak_password" storage="/users/kevinmccreary/appostolic/apps/api.tests/bin/debug/net8.0/appostolic.api.tests.dll" id="0210a45e-88de-5f73-c8f5-588d89c200fa">
      <Execution id="6a426a40-c0ca-495b-9539-17f4f5bea6ba" />
      <TestMethod codeBase="/Users/kevinmccreary/appostolic/apps/api.tests/bin/Debug/net8.0/Appostolic.Api.Tests.dll" adapterTypeName="executor://xunit/VsTestRunner2/netcoreapp" className="Appostolic.Api.Tests.Api.UserPasswordEndpointsTests" name="Change_password_rejects_weak_password" />
    </UnitTest>
    <UnitTest name="Appostolic.Api.Tests.Model.TokenEstimatorTests.EstimateTokens_Heuristic_CeilPer4Chars(text: &quot;abcdefgh&quot;, expected: 2)" storage="/users/kevinmccreary/appostolic/apps/api.tests/bin/debug/net8.0/appostolic.api.tests.dll" id="2c0e3ce9-5829-44ef-fbae-e96e2c0f5de9">
      <Execution id="8d46a75c-b471-4f33-a495-5b2f6bb1209c" />
      <TestMethod codeBase="/Users/kevinmccreary/appostolic/apps/api.tests/bin/Debug/net8.0/Appostolic.Api.Tests.dll" adapterTypeName="executor://xunit/VsTestRunner2/netcoreapp" className="Appostolic.Api.Tests.Model.TokenEstimatorTests" name="EstimateTokens_Heuristic_CeilPer4Chars" />
    </UnitTest>
    <UnitTest name="Appostolic.Api.AuthTests.MagicConsumeJwtTests.MagicConsume_IssuesNeutralAndTenantTokens" storage="/users/kevinmccreary/appostolic/apps/api.tests/bin/debug/net8.0/appostolic.api.tests.dll" id="50bfa641-c9bd-abef-802c-d66f9615bab2">
      <Execution id="4fad3812-1fd9-44fd-b5e1-5d7a25736f0e" />
      <TestMethod codeBase="/Users/kevinmccreary/appostolic/apps/api.tests/bin/Debug/net8.0/Appostolic.Api.Tests.dll" adapterTypeName="executor://xunit/VsTestRunner2/netcoreapp" className="Appostolic.Api.AuthTests.MagicConsumeJwtTests" name="MagicConsume_IssuesNeutralAndTenantTokens" />
    </UnitTest>
    <UnitTest name="Appostolic.Api.Tests.Api.MembersListTests.Unauthenticated_request_returns_401_or_403" storage="/users/kevinmccreary/appostolic/apps/api.tests/bin/debug/net8.0/appostolic.api.tests.dll" id="214b8407-591b-5f7a-aa16-7961a8df13e5">
      <Execution id="d0a1c5a0-6696-4f4e-bf59-b54c0bba0e5e" />
      <TestMethod codeBase="/Users/kevinmccreary/appostolic/apps/api.tests/bin/Debug/net8.0/Appostolic.Api.Tests.dll" adapterTypeName="executor://xunit/VsTestRunner2/netcoreapp" className="Appostolic.Api.Tests.Api.MembersListTests" name="Unauthenticated_request_returns_401_or_403" />
    </UnitTest>
    <UnitTest name="FsWriteToolTests.Writes_file_under_root_and_returns_sha" storage="/users/kevinmccreary/appostolic/apps/api.tests/bin/debug/net8.0/appostolic.api.tests.dll" id="3494b3d5-98dd-209c-c4b4-d8d0bff712f0">
      <Execution id="0d26cbff-a733-4513-b4bb-3240a20473dc" />
      <TestMethod codeBase="/Users/kevinmccreary/appostolic/apps/api.tests/bin/Debug/net8.0/Appostolic.Api.Tests.dll" adapterTypeName="executor://xunit/VsTestRunner2/netcoreapp" className="FsWriteToolTests" name="Writes_file_under_root_and_returns_sha" />
    </UnitTest>
    <UnitTest name="Appostolic.Api.Tests.Api.DevGrantRolesEndpointTests.Returns_400_for_invalid_role_name" storage="/users/kevinmccreary/appostolic/apps/api.tests/bin/debug/net8.0/appostolic.api.tests.dll" id="c14df636-a969-3c53-ec76-0aeb4c5b250c">
      <Execution id="f6726480-92a5-4a23-8142-2fadf0533696" />
      <TestMethod codeBase="/Users/kevinmccreary/appostolic/apps/api.tests/bin/Debug/net8.0/Appostolic.Api.Tests.dll" adapterTypeName="executor://xunit/VsTestRunner2/netcoreapp" className="Appostolic.Api.Tests.Api.DevGrantRolesEndpointTests" name="Returns_400_for_invalid_role_name" />
    </UnitTest>
    <UnitTest name="Appostolic.Api.Tests.EmailDispatcherTests.Enqueue_sends_via_sender" storage="/users/kevinmccreary/appostolic/apps/api.tests/bin/debug/net8.0/appostolic.api.tests.dll" id="c17747a3-eb4e-63bf-0bc9-279a4928ed40">
      <Execution id="0fb269a3-8f65-42f4-a033-af2f22f32788" />
      <TestMethod codeBase="/Users/kevinmccreary/appostolic/apps/api.tests/bin/Debug/net8.0/Appostolic.Api.Tests.dll" adapterTypeName="executor://xunit/VsTestRunner2/netcoreapp" className="Appostolic.Api.Tests.EmailDispatcherTests" name="Enqueue_sends_via_sender" />
    </UnitTest>
  </TestDefinitions>
  <TestEntries>
    <TestEntry testId="cce5835b-2056-6d46-0527-d09fc0f9f6fc" executionId="4930b3e9-fe13-439f-8483-49ddc2a9cf37" testListId="8c84fa94-04c1-424b-9868-57a2d4851a1d" />
    <TestEntry testId="21127838-ea89-b283-653a-0b46d8acc590" executionId="d9114be5-4b75-423a-b99a-d786de9b56b8" testListId="8c84fa94-04c1-424b-9868-57a2d4851a1d" />
    <TestEntry testId="1a80fecc-6ef5-c4ed-4650-dbe09ce92e46" executionId="0c2132d0-9213-49fd-af77-c14593182d5e" testListId="8c84fa94-04c1-424b-9868-57a2d4851a1d" />
    <TestEntry testId="90d1f61e-9ba1-ff1a-f0a6-e17acbda2dee" executionId="36bf70ed-6468-466c-9e8b-59a3a496c128" testListId="8c84fa94-04c1-424b-9868-57a2d4851a1d" />
    <TestEntry testId="80249d75-0754-365e-161d-4f69eb53fd73" executionId="28624cb3-8033-40f4-8e59-bccb764ced50" testListId="8c84fa94-04c1-424b-9868-57a2d4851a1d" />
    <TestEntry testId="22ad276e-c73f-4ebf-8729-b5903439e2d9" executionId="2042b142-5ee5-411f-b699-85afc94fe9a9" testListId="8c84fa94-04c1-424b-9868-57a2d4851a1d" />
    <TestEntry testId="39114ef2-4a94-0d20-df91-881c10164c3c" executionId="d06863e1-57da-4bc3-a77e-9ac074458906" testListId="8c84fa94-04c1-424b-9868-57a2d4851a1d" />
    <TestEntry testId="2c0e3ce9-5829-44ef-fbae-e96e2c0f5de9" executionId="8d46a75c-b471-4f33-a495-5b2f6bb1209c" testListId="8c84fa94-04c1-424b-9868-57a2d4851a1d" />
    <TestEntry testId="c35bbf40-7110-f612-4b6b-649678070e6a" executionId="22bd1c82-bb55-49e1-ac87-06fc591b0b99" testListId="8c84fa94-04c1-424b-9868-57a2d4851a1d" />
    <TestEntry testId="e8c4a7c6-1768-b5a4-13dd-f7ecf6e1f6d0" executionId="bbfee202-8eb9-4c64-b044-558021c0cc69" testListId="8c84fa94-04c1-424b-9868-57a2d4851a1d" />
    <TestEntry testId="99e95904-b1cc-e8af-b41d-62aea87d238b" executionId="ff379de4-874f-40b4-b6fc-b9cc0f34755a" testListId="8c84fa94-04c1-424b-9868-57a2d4851a1d" />
    <TestEntry testId="1cfc69b2-92d0-7e18-c868-129765966147" executionId="782e2d55-46c9-46b5-b445-6b627b9fcafe" testListId="8c84fa94-04c1-424b-9868-57a2d4851a1d" />
    <TestEntry testId="7831f103-663f-8d24-4a8b-6bbe466d0837" executionId="2cc722af-6ee8-4af8-9bef-655ebf20a2be" testListId="8c84fa94-04c1-424b-9868-57a2d4851a1d" />
    <TestEntry testId="5ad39d2c-d77f-b72d-621d-dc03058b3c06" executionId="ffcd4823-d083-4353-9238-ecfc02e72ffc" testListId="8c84fa94-04c1-424b-9868-57a2d4851a1d" />
    <TestEntry testId="adb4d425-e330-40e4-2ea6-b182e56ebe7d" executionId="a22fc202-9c86-445e-b9c5-c36ce9316684" testListId="8c84fa94-04c1-424b-9868-57a2d4851a1d" />
    <TestEntry testId="7b4d03a5-c5c2-9d47-3b72-108b3108a4ac" executionId="4fadd160-8370-439a-ade9-a163d42d677a" testListId="8c84fa94-04c1-424b-9868-57a2d4851a1d" />
    <TestEntry testId="f7e247f1-8de7-594b-e638-b4ec989d69be" executionId="4f9bf73d-4238-42af-8308-6d42261b6782" testListId="8c84fa94-04c1-424b-9868-57a2d4851a1d" />
    <TestEntry testId="b672c70e-eca2-f979-b482-5169b705a205" executionId="72170a73-1616-4a37-a7c1-331e12908090" testListId="8c84fa94-04c1-424b-9868-57a2d4851a1d" />
    <TestEntry testId="ae52c100-f2a8-a5be-ad09-0052606abe6b" executionId="543e201b-e4b8-496b-8a75-958ec2cf45fc" testListId="8c84fa94-04c1-424b-9868-57a2d4851a1d" />
    <TestEntry testId="5f9c27d4-50bb-efe1-e416-35702c9fd2c6" executionId="9e0b50b8-f23a-4c48-aac7-44928b87c096" testListId="8c84fa94-04c1-424b-9868-57a2d4851a1d" />
    <TestEntry testId="c608eb38-09c4-17b8-a16b-ae9b91798432" executionId="05085734-ab97-4ce4-904b-fe0f43048e98" testListId="8c84fa94-04c1-424b-9868-57a2d4851a1d" />
    <TestEntry testId="f3e5a7ef-e593-cb9e-e437-d0f4fab69d89" executionId="331f4f95-8fe5-4f3a-9e28-5fd90df2d0ac" testListId="8c84fa94-04c1-424b-9868-57a2d4851a1d" />
    <TestEntry testId="c2441ddc-565a-93d7-0c28-f73ca97b9486" executionId="d3353b45-7102-413d-95f6-ee4cc4a1e39a" testListId="8c84fa94-04c1-424b-9868-57a2d4851a1d" />
    <TestEntry testId="66fffdff-2dff-cbe5-8750-30f31bf1db7c" executionId="f19231e4-7f9a-407b-b113-031099a32097" testListId="8c84fa94-04c1-424b-9868-57a2d4851a1d" />
    <TestEntry testId="3ff15350-3cc9-12ef-e4db-8ff403fcec20" executionId="491b0704-869d-41b3-a370-af053d3d619c" testListId="8c84fa94-04c1-424b-9868-57a2d4851a1d" />
    <TestEntry testId="02f4c01b-4d57-cea6-940b-91f660d6b3a5" executionId="ebb34d3c-4218-4a2b-8d02-ff4237f7dd76" testListId="8c84fa94-04c1-424b-9868-57a2d4851a1d" />
    <TestEntry testId="f29c304c-de8d-5b22-7419-b529648ccc86" executionId="e3ccb68d-c4f7-4764-8d23-71ad351aad83" testListId="8c84fa94-04c1-424b-9868-57a2d4851a1d" />
    <TestEntry testId="a2b0d89c-f17d-2c60-2870-72017089ab94" executionId="e1e6e83a-1cdd-4423-81b5-ce4cf6e125a5" testListId="8c84fa94-04c1-424b-9868-57a2d4851a1d" />
    <TestEntry testId="3ffc4814-431f-dd81-00b0-abbedd27b7ad" executionId="6ecbe20d-bb14-4d45-939c-1d47670155c0" testListId="8c84fa94-04c1-424b-9868-57a2d4851a1d" />
    <TestEntry testId="dfdd94d6-4157-31a9-a81a-18fee28467d5" executionId="60cc8cea-ddfa-4a83-945c-a87b270d9334" testListId="8c84fa94-04c1-424b-9868-57a2d4851a1d" />
    <TestEntry testId="d3eea64b-9431-a4f4-6e46-77927988bd60" executionId="3c5d09a9-7c50-47cb-ac82-5cbe6f644947" testListId="8c84fa94-04c1-424b-9868-57a2d4851a1d" />
    <TestEntry testId="29cdf802-09fa-4c20-1649-a919d0e03e4d" executionId="4d0ba909-ddb6-4eb4-aabb-b435ae49bb96" testListId="8c84fa94-04c1-424b-9868-57a2d4851a1d" />
    <TestEntry testId="94524c04-7158-8472-e876-43b26f76e4f4" executionId="309dda45-1582-422d-b3aa-4e33ca0fcccb" testListId="8c84fa94-04c1-424b-9868-57a2d4851a1d" />
    <TestEntry testId="bc29c184-0770-c9df-63be-2a52d76ad503" executionId="557db7b5-1867-46bd-9aaf-3265ff472f80" testListId="8c84fa94-04c1-424b-9868-57a2d4851a1d" />
    <TestEntry testId="ec039bf7-f831-a8e3-834c-89707ff2f6d2" executionId="ce1e28cc-51d8-4aa1-8259-7f56faa4a580" testListId="8c84fa94-04c1-424b-9868-57a2d4851a1d" />
    <TestEntry testId="1beb15ab-fe09-2511-98ef-cddbeaaa10ed" executionId="1622ebfb-ca3b-41e2-acf9-a04740fa58f3" testListId="8c84fa94-04c1-424b-9868-57a2d4851a1d" />
    <TestEntry testId="71d5d180-2d36-ecb9-e4eb-71ca09e46ec4" executionId="584afa4a-da02-4727-8616-ba706c60f498" testListId="8c84fa94-04c1-424b-9868-57a2d4851a1d" />
    <TestEntry testId="da0da417-eb80-7ca8-c2a7-2b93c4d78528" executionId="11a7fdae-d4c6-4255-8ecc-f47c7a9cda27" testListId="8c84fa94-04c1-424b-9868-57a2d4851a1d" />
    <TestEntry testId="0d8e7961-edc8-5f2f-d398-1131ab5c1262" executionId="d8d635d4-50f2-4180-86c0-d26cc7d83c22" testListId="8c84fa94-04c1-424b-9868-57a2d4851a1d" />
    <TestEntry testId="df92ad96-32d4-9c44-0398-97a52600538f" executionId="0bd0c22e-77e1-4c70-acfd-25c03c9cd9a6" testListId="8c84fa94-04c1-424b-9868-57a2d4851a1d" />
    <TestEntry testId="3494b3d5-98dd-209c-c4b4-d8d0bff712f0" executionId="0d26cbff-a733-4513-b4bb-3240a20473dc" testListId="8c84fa94-04c1-424b-9868-57a2d4851a1d" />
    <TestEntry testId="08f6a7e9-7601-1519-2953-5bafd6576a90" executionId="7ffafad7-f0de-4e8b-a816-4f18d0719369" testListId="8c84fa94-04c1-424b-9868-57a2d4851a1d" />
    <TestEntry testId="5aebb0bd-a461-dea6-b51f-abbdbf65c34a" executionId="efbfa4cc-3a1b-44f6-b179-2f9cfd915866" testListId="8c84fa94-04c1-424b-9868-57a2d4851a1d" />
    <TestEntry testId="3c6aaba6-8a28-5651-a334-5a8347c8e9db" executionId="c60dc0bb-69b8-4d89-ba55-26b0a83385bb" testListId="8c84fa94-04c1-424b-9868-57a2d4851a1d" />
    <TestEntry testId="9e2bc8ee-63e7-247f-c2c7-e16759561a39" executionId="3141d012-b8d2-44ed-9a65-8ca69b27af87" testListId="8c84fa94-04c1-424b-9868-57a2d4851a1d" />
    <TestEntry testId="303a8ec4-1283-c55c-ceff-908085b877fe" executionId="7a352e12-6a9b-4343-9f6c-5a86e8a25be5" testListId="8c84fa94-04c1-424b-9868-57a2d4851a1d" />
    <TestEntry testId="691bf80d-9ec7-7de8-ad81-702e4cdb8bfd" executionId="0921a351-a6ea-4f9d-a7ca-fb95803cf52d" testListId="8c84fa94-04c1-424b-9868-57a2d4851a1d" />
    <TestEntry testId="d8682838-1d38-dd8e-6c89-ae1bda81fecb" executionId="92187666-c3da-4aa3-9533-90135b49d3ca" testListId="8c84fa94-04c1-424b-9868-57a2d4851a1d" />
    <TestEntry testId="4a92a767-460d-55d3-4f0a-171bb9bfa6db" executionId="c566875f-5c4c-4a8a-b495-1eaa5b47adae" testListId="8c84fa94-04c1-424b-9868-57a2d4851a1d" />
    <TestEntry testId="fc170f06-7a65-44e3-9780-d428f13f33ad" executionId="6d855a59-18bb-4aba-9bbb-31032a9b78a3" testListId="8c84fa94-04c1-424b-9868-57a2d4851a1d" />
    <TestEntry testId="67c9746f-1f57-937b-6598-3968df73012b" executionId="779706f1-61fd-42d0-8b3e-8e57be95a1b4" testListId="8c84fa94-04c1-424b-9868-57a2d4851a1d" />
    <TestEntry testId="c5bff5b6-ebf0-af02-169d-7b3aa82f66ca" executionId="cad53f96-5533-41cf-accb-c2c15e232def" testListId="8c84fa94-04c1-424b-9868-57a2d4851a1d" />
    <TestEntry testId="e1e10047-9c95-2461-ef88-42d3da0fbb82" executionId="a318e1ee-55cf-414f-aa40-a49a8a3a3cd1" testListId="8c84fa94-04c1-424b-9868-57a2d4851a1d" />
    <TestEntry testId="a11d6311-0314-291e-6c87-0745cc1eace8" executionId="1f9c6250-5034-4017-8aa0-c5469dfa2206" testListId="8c84fa94-04c1-424b-9868-57a2d4851a1d" />
    <TestEntry testId="9c020064-9cbb-7975-d5c0-9dc48d581775" executionId="fb956852-cd88-481a-89bb-b8e1ecaa01ab" testListId="8c84fa94-04c1-424b-9868-57a2d4851a1d" />
    <TestEntry testId="90c7a127-2be9-b6e7-ec52-19cb51de49c0" executionId="2032ff7d-0a59-4406-baaa-91dbdb3c724e" testListId="8c84fa94-04c1-424b-9868-57a2d4851a1d" />
    <TestEntry testId="86173073-5618-a9d2-83eb-7647e3c4115b" executionId="52d1f582-61d9-4531-8216-5c815e262e1c" testListId="8c84fa94-04c1-424b-9868-57a2d4851a1d" />
    <TestEntry testId="051a87a0-4947-acab-5222-3cc970dba0ba" executionId="a27ef828-0d24-4148-8825-f1178e5bd7b7" testListId="8c84fa94-04c1-424b-9868-57a2d4851a1d" />
    <TestEntry testId="03348e85-c745-1baa-1fc9-a6f767c68de7" executionId="2dd141fa-8826-4344-86c0-985ff42a360d" testListId="8c84fa94-04c1-424b-9868-57a2d4851a1d" />
    <TestEntry testId="12c3c514-0e1a-a711-90d4-344685873f0e" executionId="62406335-c449-4345-8e01-ec46f93eed1d" testListId="8c84fa94-04c1-424b-9868-57a2d4851a1d" />
    <TestEntry testId="cb90a4b6-5413-6334-a88c-d9e37624202c" executionId="6d57ed07-6aca-41ed-b95e-6e24e61a918a" testListId="8c84fa94-04c1-424b-9868-57a2d4851a1d" />
    <TestEntry testId="b973efc5-dbc0-83fe-9a29-a83b6705f73f" executionId="a819d4e2-4c05-43c2-8860-79292d7edf01" testListId="8c84fa94-04c1-424b-9868-57a2d4851a1d" />
    <TestEntry testId="8e86fe7c-6239-7009-e550-a3b2b1493955" executionId="8b864132-4105-47c6-a838-ccf42cd79976" testListId="8c84fa94-04c1-424b-9868-57a2d4851a1d" />
    <TestEntry testId="7c574249-6de4-087c-ac92-00dedf541e78" executionId="ef2b828b-c726-4220-8525-a3f2b681c6c7" testListId="8c84fa94-04c1-424b-9868-57a2d4851a1d" />
    <TestEntry testId="593e7065-7319-4b4c-29e4-d65d9f7c6c8e" executionId="5e7e52b0-d5ae-4a16-8998-1ae6f7dca67f" testListId="8c84fa94-04c1-424b-9868-57a2d4851a1d" />
    <TestEntry testId="8c322062-c901-cc6c-6cc7-399543893d6b" executionId="c9f91354-f231-47ab-8f6e-725882eb33a9" testListId="8c84fa94-04c1-424b-9868-57a2d4851a1d" />
    <TestEntry testId="fdf88970-87c6-f740-810f-e878127ff782" executionId="79727603-dcd6-4169-922e-1d019082272b" testListId="8c84fa94-04c1-424b-9868-57a2d4851a1d" />
    <TestEntry testId="eba2e046-3c6c-f48b-f85f-b23828d8319b" executionId="e7765ba5-586e-41c2-9b82-087ad80e42bc" testListId="8c84fa94-04c1-424b-9868-57a2d4851a1d" />
    <TestEntry testId="e507a4d5-4aa9-7d32-05a9-ecfa3f03323d" executionId="4b7ab919-1529-4665-a213-82de61bed9ba" testListId="8c84fa94-04c1-424b-9868-57a2d4851a1d" />
    <TestEntry testId="860122fa-e148-3b20-fdb5-225e5e6bb171" executionId="7689e019-33fa-455b-8e54-6d9140584d6a" testListId="8c84fa94-04c1-424b-9868-57a2d4851a1d" />
    <TestEntry testId="0f9fb5dc-590e-2722-6210-f13d9619e38f" executionId="8c1ee2e3-f1c3-40f4-a037-3e554f4f6be3" testListId="8c84fa94-04c1-424b-9868-57a2d4851a1d" />
    <TestEntry testId="d9d051a9-d261-1011-dbde-e42b30d539a9" executionId="ec403daf-1626-4ccd-bbe2-8dfd10fa9873" testListId="8c84fa94-04c1-424b-9868-57a2d4851a1d" />
    <TestEntry testId="04a8bdbc-fefc-28fe-9d41-eb27166daebb" executionId="de942fe5-f21f-4fff-8ad6-b67db9a3e9fe" testListId="8c84fa94-04c1-424b-9868-57a2d4851a1d" />
    <TestEntry testId="5fb7223b-5714-aaac-abea-c5cb06e52929" executionId="13ea7bef-d9a4-499d-a1df-b6b232836c08" testListId="8c84fa94-04c1-424b-9868-57a2d4851a1d" />
    <TestEntry testId="8499e5e2-c09d-d64e-ab91-715c51a15d3b" executionId="8fc195c8-70fc-49cd-969f-7307e174bef9" testListId="8c84fa94-04c1-424b-9868-57a2d4851a1d" />
    <TestEntry testId="15cbfaf6-f281-76a3-247c-7837115e23b9" executionId="7b2c504d-ccb5-4e50-8b4f-0e4eb824923d" testListId="8c84fa94-04c1-424b-9868-57a2d4851a1d" />
    <TestEntry testId="4019b427-1ede-c217-da18-40ffe6d2092f" executionId="aebedc07-973d-4fca-b979-64cbc78e0ec5" testListId="8c84fa94-04c1-424b-9868-57a2d4851a1d" />
    <TestEntry testId="0f0c7731-d28a-bcbe-054f-641f024437ac" executionId="346dd668-5a58-4dcd-9aa4-82274f9b4c9c" testListId="8c84fa94-04c1-424b-9868-57a2d4851a1d" />
    <TestEntry testId="82433354-13b4-cc2d-0a49-7402e6830aee" executionId="5b18a192-3ad3-45d0-972c-890ce7914b69" testListId="8c84fa94-04c1-424b-9868-57a2d4851a1d" />
    <TestEntry testId="a4d15e3f-72fa-7dbe-1271-22c29f57d731" executionId="c21980b0-3ed0-4fe4-a069-cb4ccb8f35a3" testListId="8c84fa94-04c1-424b-9868-57a2d4851a1d" />
    <TestEntry testId="6af85923-8d05-0c62-0cc5-a5120df2d8e5" executionId="8b30aec7-3c67-4ef5-82cc-d417eb7af4da" testListId="8c84fa94-04c1-424b-9868-57a2d4851a1d" />
    <TestEntry testId="545ffb6d-3098-01fc-1bfd-d18b0f6ea861" executionId="e4af7424-ede5-4110-a16f-304c1452b81b" testListId="8c84fa94-04c1-424b-9868-57a2d4851a1d" />
    <TestEntry testId="ee7b51d2-d8a7-715d-70ab-159c7293568a" executionId="371dd201-50f5-4843-8aea-fab97a38ce5c" testListId="8c84fa94-04c1-424b-9868-57a2d4851a1d" />
    <TestEntry testId="eeaccddf-52e1-1db7-6606-fc19c2721862" executionId="aa098b44-a04f-4ea8-9919-90d56cb263f2" testListId="8c84fa94-04c1-424b-9868-57a2d4851a1d" />
    <TestEntry testId="137392e3-997c-8532-6b57-65c75651b55b" executionId="89ff9dac-80b6-40c4-bf66-89693e6406e6" testListId="8c84fa94-04c1-424b-9868-57a2d4851a1d" />
    <TestEntry testId="eb812c29-73b3-e923-42de-8821a188e94a" executionId="f6838325-762a-4bf2-8244-5abd59ba4221" testListId="8c84fa94-04c1-424b-9868-57a2d4851a1d" />
    <TestEntry testId="1aa96e1c-162f-87b8-360d-29c19b3b2c73" executionId="5be4e595-4b61-480e-b6c3-26d047baa1dd" testListId="8c84fa94-04c1-424b-9868-57a2d4851a1d" />
    <TestEntry testId="caeaccb8-00ea-302b-441d-17caf5fd9b5d" executionId="a7b8e865-153b-4684-9c4d-48e23418e0d2" testListId="8c84fa94-04c1-424b-9868-57a2d4851a1d" />
    <TestEntry testId="5404549b-a3b0-871f-9a8d-c5b5f387dff4" executionId="18363726-5f5b-4acb-9bf9-f06c14d6c88e" testListId="8c84fa94-04c1-424b-9868-57a2d4851a1d" />
    <TestEntry testId="7e0d251c-aca1-3165-2651-f2996ab661b8" executionId="1917ea74-cd7e-4fff-92f6-150fabece5b0" testListId="8c84fa94-04c1-424b-9868-57a2d4851a1d" />
    <TestEntry testId="95c167d1-a09f-1a4f-5f8b-bfed1919a8c0" executionId="7845ab5d-a848-4bbb-8473-0604306df813" testListId="8c84fa94-04c1-424b-9868-57a2d4851a1d" />
    <TestEntry testId="12982ac4-b6b0-e458-3676-ece493490c27" executionId="ae412b67-cd91-4d0a-84a5-92078b85b65e" testListId="8c84fa94-04c1-424b-9868-57a2d4851a1d" />
    <TestEntry testId="c64a9991-8173-cdf8-9198-d5935257f1a8" executionId="fd68b3c8-3e01-4648-be49-bd9f88dccd80" testListId="8c84fa94-04c1-424b-9868-57a2d4851a1d" />
    <TestEntry testId="15c612de-362f-873c-6b3e-94b2c6bfd929" executionId="1721c3e6-e9ca-465f-99d9-3fec8d2a1135" testListId="8c84fa94-04c1-424b-9868-57a2d4851a1d" />
    <TestEntry testId="d651406b-2d52-45a1-6b81-e5bff5b77f68" executionId="4854d1be-61dc-4d26-ae43-3e994dae4b1f" testListId="8c84fa94-04c1-424b-9868-57a2d4851a1d" />
    <TestEntry testId="5385030b-1302-b289-00d9-288b4f75839d" executionId="15948e53-5c6f-4f51-a409-7b198642a722" testListId="8c84fa94-04c1-424b-9868-57a2d4851a1d" />
    <TestEntry testId="4ee5f350-b89d-edd8-c84d-cd5d40909f15" executionId="d55bc533-6b5b-418c-ba9b-ebe1e46bb8a1" testListId="8c84fa94-04c1-424b-9868-57a2d4851a1d" />
    <TestEntry testId="e6dca875-c7cc-8760-96b7-d841ef24dda8" executionId="57de720b-9c12-4905-9f91-09995a71ab17" testListId="8c84fa94-04c1-424b-9868-57a2d4851a1d" />
    <TestEntry testId="9a27b4fd-a56b-4b8b-8cae-d2972183237d" executionId="05667d3f-88ac-4418-b087-02c9d5779ebe" testListId="8c84fa94-04c1-424b-9868-57a2d4851a1d" />
    <TestEntry testId="1c8df7f1-aa05-88d6-f922-5ecb50d1b5d9" executionId="0f8505d6-e418-461c-8386-180cc53efaee" testListId="8c84fa94-04c1-424b-9868-57a2d4851a1d" />
    <TestEntry testId="6e2b7510-d3ae-c174-2b57-710f63c82ad0" executionId="8bab6343-156d-4f30-b420-311f7a4e0af4" testListId="8c84fa94-04c1-424b-9868-57a2d4851a1d" />
    <TestEntry testId="9b729b7e-a306-20a1-7040-eda547fe8bec" executionId="76d6ab05-8850-435c-bb1b-6271b7122c75" testListId="8c84fa94-04c1-424b-9868-57a2d4851a1d" />
    <TestEntry testId="471ada29-d1b9-b714-f87d-61c9b416c255" executionId="ca259030-6731-4e68-863c-d04b547a0f5c" testListId="8c84fa94-04c1-424b-9868-57a2d4851a1d" />
    <TestEntry testId="fc6317ac-4f9e-d443-bb9c-db2ea41d1b6d" executionId="23bf1271-4eda-46d0-afa2-2f207b52de57" testListId="8c84fa94-04c1-424b-9868-57a2d4851a1d" />
    <TestEntry testId="aba3fbd3-bcbc-9249-c5c5-7eefeb58f8d5" executionId="b1697e91-85b2-4e0a-bb35-44ce5e8fd2dc" testListId="8c84fa94-04c1-424b-9868-57a2d4851a1d" />
    <TestEntry testId="f0e4d307-078d-a4e0-f168-b961578cd197" executionId="1d3d887f-00d1-469f-9f11-1a372634cfd2" testListId="8c84fa94-04c1-424b-9868-57a2d4851a1d" />
    <TestEntry testId="6a6d73d7-7d30-455c-71a4-79ea460d8c8c" executionId="6a327390-a0df-489a-9fe6-28d3fdde7d16" testListId="8c84fa94-04c1-424b-9868-57a2d4851a1d" />
    <TestEntry testId="eac43a08-1201-428f-7efa-904ba4876682" executionId="a7244a4c-6d79-4253-abf9-6edf1d1516eb" testListId="8c84fa94-04c1-424b-9868-57a2d4851a1d" />
    <TestEntry testId="f0724dde-c441-a83f-2f8e-78db9d6adb66" executionId="dc6c22ba-2b2b-4a23-9061-7d83cfe0bd8a" testListId="8c84fa94-04c1-424b-9868-57a2d4851a1d" />
    <TestEntry testId="897896ab-cee9-9ca5-ec01-253d0f0d6b3c" executionId="c78e47a7-9c80-4db0-89bf-dfd4449cee1a" testListId="8c84fa94-04c1-424b-9868-57a2d4851a1d" />
    <TestEntry testId="efe354b5-5489-bbb2-88ee-c8f998cb6176" executionId="6e7abb59-ab1e-4568-8d7a-8684debc6ac6" testListId="8c84fa94-04c1-424b-9868-57a2d4851a1d" />
    <TestEntry testId="54bfc83b-71cd-70be-2e17-0d354a18b25a" executionId="0b745d15-9a75-4294-b20b-ee7c46538eb0" testListId="8c84fa94-04c1-424b-9868-57a2d4851a1d" />
    <TestEntry testId="6b0df781-2303-2b77-2cc6-dbbd4c3e9e73" executionId="776780b7-5c23-45c3-abe0-08d082085530" testListId="8c84fa94-04c1-424b-9868-57a2d4851a1d" />
    <TestEntry testId="40ebd0cf-bbbb-fdf7-f5ea-fbe8917da8c5" executionId="75710b47-9305-4e77-9cbf-2db0e043b1f6" testListId="8c84fa94-04c1-424b-9868-57a2d4851a1d" />
    <TestEntry testId="50bfa641-c9bd-abef-802c-d66f9615bab2" executionId="4fad3812-1fd9-44fd-b5e1-5d7a25736f0e" testListId="8c84fa94-04c1-424b-9868-57a2d4851a1d" />
    <TestEntry testId="1cbf8040-fb9a-a69f-ea84-9d0fb171e9ce" executionId="ee039a68-722b-4f47-be23-5fbaa09f067a" testListId="8c84fa94-04c1-424b-9868-57a2d4851a1d" />
    <TestEntry testId="044b435e-ad6a-4304-9059-6c418c0c4c86" executionId="2ade3a57-49a8-441e-a484-53f1ab83b1c5" testListId="8c84fa94-04c1-424b-9868-57a2d4851a1d" />
    <TestEntry testId="d23daa8f-5725-d1c6-7d7a-83c05e893d1b" executionId="86a0fb67-04b8-4a49-bb90-3a61cb24fd28" testListId="8c84fa94-04c1-424b-9868-57a2d4851a1d" />
    <TestEntry testId="92516c71-7710-d814-eb04-be7d523d5356" executionId="7907f45c-6df2-47b1-8ec7-8e810c6a3cc7" testListId="8c84fa94-04c1-424b-9868-57a2d4851a1d" />
    <TestEntry testId="6305e689-cee9-6a31-93d8-755b6c5fc935" executionId="356ba7a3-74ed-4a45-ac78-0be07d1efb2b" testListId="8c84fa94-04c1-424b-9868-57a2d4851a1d" />
    <TestEntry testId="b946127e-e0db-c283-d88c-1557545efae6" executionId="2cc67cb6-f4fc-41fe-a80e-ceca15a6e775" testListId="8c84fa94-04c1-424b-9868-57a2d4851a1d" />
    <TestEntry testId="d59725be-2270-85f4-1a24-f28884383b83" executionId="1f7da120-ea1b-4c12-8fb0-e6d2c611c305" testListId="8c84fa94-04c1-424b-9868-57a2d4851a1d" />
    <TestEntry testId="515d6282-fd19-872e-c191-d3eda2049a23" executionId="0da82817-8a56-4992-ba0b-bdde196a7a9b" testListId="8c84fa94-04c1-424b-9868-57a2d4851a1d" />
    <TestEntry testId="cb3a79b8-8a20-d72b-fe66-3be39a479486" executionId="47d13443-59a0-4ebf-8819-8dc1944b43d0" testListId="8c84fa94-04c1-424b-9868-57a2d4851a1d" />
    <TestEntry testId="46709c0e-39a7-32eb-a6b2-6f7ada21050d" executionId="5a7e3e80-efda-435f-b76a-4675cc5916ed" testListId="8c84fa94-04c1-424b-9868-57a2d4851a1d" />
    <TestEntry testId="019214c2-5ff4-3fed-608d-44f050052b40" executionId="e78de090-4d3f-4fe6-89e5-94ebb0e622d8" testListId="8c84fa94-04c1-424b-9868-57a2d4851a1d" />
    <TestEntry testId="f53587d7-cc90-0182-8a77-44034bb01e5e" executionId="5b0ca52e-7b58-4a44-a2cd-070ca7892a6e" testListId="8c84fa94-04c1-424b-9868-57a2d4851a1d" />
    <TestEntry testId="0210a45e-88de-5f73-c8f5-588d89c200fa" executionId="6a426a40-c0ca-495b-9539-17f4f5bea6ba" testListId="8c84fa94-04c1-424b-9868-57a2d4851a1d" />
    <TestEntry testId="8e56ee2d-296c-f180-2ad1-a3abd5b19292" executionId="6c7f160a-4aae-4c40-b76c-3e690c186b7d" testListId="8c84fa94-04c1-424b-9868-57a2d4851a1d" />
    <TestEntry testId="66792d28-b742-2184-22b7-0db1029dfc14" executionId="28598194-4376-427f-b7f1-2018a1396348" testListId="8c84fa94-04c1-424b-9868-57a2d4851a1d" />
    <TestEntry testId="30aa5bc1-9211-739f-532d-176c6c3c3a30" executionId="9df53696-fff6-4ab7-9c99-fd705b548524" testListId="8c84fa94-04c1-424b-9868-57a2d4851a1d" />
    <TestEntry testId="03cb9965-4934-50d0-65d4-2c790e264e80" executionId="bc0dc030-9127-4653-bd8c-55748b9e6a86" testListId="8c84fa94-04c1-424b-9868-57a2d4851a1d" />
    <TestEntry testId="1cdc3975-db1c-58f2-7286-fa267b0aafb8" executionId="36142a13-bb36-482a-b291-6659adb96111" testListId="8c84fa94-04c1-424b-9868-57a2d4851a1d" />
    <TestEntry testId="e9aa22ea-bb1f-2db1-1f5f-4cc83d5fa1bd" executionId="71b66dd0-84b9-48dc-9f09-aa7330f878e2" testListId="8c84fa94-04c1-424b-9868-57a2d4851a1d" />
    <TestEntry testId="de1a3f8c-fdc8-053c-df76-ab275a18af97" executionId="3fd22978-c063-4553-8a9a-537a49404c2a" testListId="8c84fa94-04c1-424b-9868-57a2d4851a1d" />
    <TestEntry testId="57eb4321-b137-5017-063e-e3e669ff6aa8" executionId="63068c4c-e16d-47bd-8c2a-e8732a831703" testListId="8c84fa94-04c1-424b-9868-57a2d4851a1d" />
    <TestEntry testId="cc013720-f8b7-b972-40e8-34c7328bfdae" executionId="51f84952-56c1-4e14-97dc-af08bce7e4bf" testListId="8c84fa94-04c1-424b-9868-57a2d4851a1d" />
    <TestEntry testId="be1de379-3abe-1f02-3816-c02bcfed7529" executionId="5aaeace0-7ecb-4e28-acf7-efa823d6924e" testListId="8c84fa94-04c1-424b-9868-57a2d4851a1d" />
    <TestEntry testId="e4ef9dda-68e5-63b6-ccb6-0b8c602aab58" executionId="0963b5fd-dfc3-4c91-a6cb-d319d23939ee" testListId="8c84fa94-04c1-424b-9868-57a2d4851a1d" />
    <TestEntry testId="fc8062f2-c6b8-9311-dc63-8d39d262fd14" executionId="a6056fcb-308f-4885-9684-b5ac959b4f45" testListId="8c84fa94-04c1-424b-9868-57a2d4851a1d" />
    <TestEntry testId="94ec43a1-8d1a-e493-b213-b33a5a6877b2" executionId="5554a1a7-5954-46e1-ba01-1685fa83ffee" testListId="8c84fa94-04c1-424b-9868-57a2d4851a1d" />
    <TestEntry testId="5818c4b0-5040-ff57-2a21-3715c31b378e" executionId="bc532541-dff5-413a-b6d8-ba0113f41b27" testListId="8c84fa94-04c1-424b-9868-57a2d4851a1d" />
    <TestEntry testId="e654c6ff-e79b-0f0d-7ecf-a4648dc0cf91" executionId="16ae7266-4115-4c37-92c0-f255213bb65d" testListId="8c84fa94-04c1-424b-9868-57a2d4851a1d" />
    <TestEntry testId="42302051-1625-6136-82c7-cb8536b0fb08" executionId="8be7b588-459e-4919-b48c-5681890eee30" testListId="8c84fa94-04c1-424b-9868-57a2d4851a1d" />
    <TestEntry testId="4f93dd2b-351a-bca6-2b8b-95fc20f20ddd" executionId="665f21c9-1517-42af-9241-ea0636ce98ab" testListId="8c84fa94-04c1-424b-9868-57a2d4851a1d" />
    <TestEntry testId="10869424-9c0a-3745-5234-aab9897a3cf9" executionId="ef054be0-d521-4971-9d22-b835b9033e89" testListId="8c84fa94-04c1-424b-9868-57a2d4851a1d" />
    <TestEntry testId="5e1526f9-c3e0-51f3-abc4-2ebcbe37e4d8" executionId="d7b89531-a53b-4226-b982-c809b7b9d48f" testListId="8c84fa94-04c1-424b-9868-57a2d4851a1d" />
    <TestEntry testId="f397170a-390b-6658-7a65-2034c30cf829" executionId="daed5f77-7b5a-40c2-b9bb-bf7b17085772" testListId="8c84fa94-04c1-424b-9868-57a2d4851a1d" />
    <TestEntry testId="b9af0f84-0079-b683-0d77-346a6542b5b4" executionId="9ad82f69-6ef4-4a9f-ae21-8a9a694a7d71" testListId="8c84fa94-04c1-424b-9868-57a2d4851a1d" />
    <TestEntry testId="e7581818-0663-f767-821c-25fbea112d88" executionId="b9f5e87e-d322-45d5-836e-33591c425e83" testListId="8c84fa94-04c1-424b-9868-57a2d4851a1d" />
    <TestEntry testId="4f12e680-b238-5f1e-d786-32a29acea93b" executionId="24ee46a0-b9c2-43b3-8d55-e6b26e5e73c4" testListId="8c84fa94-04c1-424b-9868-57a2d4851a1d" />
    <TestEntry testId="e0490bb8-aa59-1f9f-bf54-68d5345c1ea9" executionId="b81d5cd9-6c0d-463b-823a-b04c34e1d2d0" testListId="8c84fa94-04c1-424b-9868-57a2d4851a1d" />
    <TestEntry testId="79403e37-7823-d8d7-7290-f467456876fa" executionId="9f699d05-c990-451d-abc1-332a116b5da1" testListId="8c84fa94-04c1-424b-9868-57a2d4851a1d" />
    <TestEntry testId="b1a86b7e-f06f-d34f-562a-cebd2aadc4a9" executionId="441e2dbb-00e3-4899-870a-089e97b4df1e" testListId="8c84fa94-04c1-424b-9868-57a2d4851a1d" />
    <TestEntry testId="6447b752-ca58-5092-2c5d-d1f5fe58b5dc" executionId="ca05655f-1ca8-42de-b08b-7f5fd248b653" testListId="8c84fa94-04c1-424b-9868-57a2d4851a1d" />
    <TestEntry testId="4557fdb8-1797-8b2f-35d3-3d9ce64f7b6b" executionId="5f7306a9-bead-4bce-a8a6-799a05f614ef" testListId="8c84fa94-04c1-424b-9868-57a2d4851a1d" />
    <TestEntry testId="9c1c1d38-5e04-c1b2-1a0f-96d8d4d8348a" executionId="7d5ed5bd-a869-42ab-965c-54e33276248c" testListId="8c84fa94-04c1-424b-9868-57a2d4851a1d" />
    <TestEntry testId="bde04400-fb2a-d1b4-e9d5-727f1b9bbed1" executionId="209c4054-84a5-4e07-891a-5d28d4c37857" testListId="8c84fa94-04c1-424b-9868-57a2d4851a1d" />
    <TestEntry testId="87a5b8a9-e5bd-8c6e-5a6c-5815a0bd8c39" executionId="41e0a256-255f-4926-bfe4-bcdf04611b3b" testListId="8c84fa94-04c1-424b-9868-57a2d4851a1d" />
    <TestEntry testId="a8bb0fab-56c6-938a-460b-3d46baedbbb6" executionId="b92af9b4-0b9b-474e-bbe9-5f98c740f6e7" testListId="8c84fa94-04c1-424b-9868-57a2d4851a1d" />
    <TestEntry testId="c8cdac31-ad32-9a02-508c-02a988e5e017" executionId="81b7a46d-4d4a-4f06-b8d0-496eac1893b2" testListId="8c84fa94-04c1-424b-9868-57a2d4851a1d" />
    <TestEntry testId="33c114dd-901b-348b-cb07-4ff32816218d" executionId="7613a506-49c2-4e89-8fb3-938890f14be8" testListId="8c84fa94-04c1-424b-9868-57a2d4851a1d" />
    <TestEntry testId="14d738f3-d455-8460-7967-9bdaa9faefb8" executionId="3e540c07-5ef4-47e1-a35b-f7d406c3cbd6" testListId="8c84fa94-04c1-424b-9868-57a2d4851a1d" />
    <TestEntry testId="7bfc22d7-9c12-bb6d-b1ad-6ad8a8f51b4d" executionId="9d926e89-0378-43db-a305-c992101db208" testListId="8c84fa94-04c1-424b-9868-57a2d4851a1d" />
    <TestEntry testId="db7d0680-48d1-c1f1-4778-34baf73efb75" executionId="4df4517c-da68-4e60-b6e4-b11a33e9b759" testListId="8c84fa94-04c1-424b-9868-57a2d4851a1d" />
    <TestEntry testId="2e294ae5-fc9b-2692-1d65-f4ebb89ab5ef" executionId="6db39ef7-0712-4da1-b471-e724b5a1deef" testListId="8c84fa94-04c1-424b-9868-57a2d4851a1d" />
    <TestEntry testId="0d699ea2-79e9-9f01-d2d5-fca82a358bb0" executionId="2f5e0982-89d5-41b2-8dca-01a539c785ce" testListId="8c84fa94-04c1-424b-9868-57a2d4851a1d" />
    <TestEntry testId="f36e146c-5e84-0e67-2982-f20e16e0dd68" executionId="c32a748c-539f-4c23-8253-412f8165a8ff" testListId="8c84fa94-04c1-424b-9868-57a2d4851a1d" />
    <TestEntry testId="b0d19a9b-4021-9eed-3094-0cb81617cae0" executionId="78189599-960b-4efa-a944-e80d457bbec4" testListId="8c84fa94-04c1-424b-9868-57a2d4851a1d" />
    <TestEntry testId="68b95691-6ef6-716d-545d-ee6cf04d94e7" executionId="c9a15c26-9038-4c42-a89b-fd62e88d8c74" testListId="8c84fa94-04c1-424b-9868-57a2d4851a1d" />
    <TestEntry testId="8de6077c-5e1e-7144-f76f-09a36a8fcab6" executionId="e6e582b0-cd07-495a-9b15-09623b1beda2" testListId="8c84fa94-04c1-424b-9868-57a2d4851a1d" />
    <TestEntry testId="d4f44d27-452c-a77e-5891-0807797b42c9" executionId="be6db7c6-c319-4de0-8e5f-c1e624ec3bc7" testListId="8c84fa94-04c1-424b-9868-57a2d4851a1d" />
    <TestEntry testId="c643053b-60cb-940b-5d09-78107183b82f" executionId="74a84794-91b6-4386-a262-42cc6c33250c" testListId="8c84fa94-04c1-424b-9868-57a2d4851a1d" />
    <TestEntry testId="f3139bd5-165e-b0d0-2da0-a0210810049e" executionId="2480ec8d-9eaf-49c5-965b-e2948305c4f0" testListId="8c84fa94-04c1-424b-9868-57a2d4851a1d" />
    <TestEntry testId="8f2edffb-b43d-5750-46cc-f6c9051abba5" executionId="6e7c4354-d9cf-4818-bb33-20ef0410c8b4" testListId="8c84fa94-04c1-424b-9868-57a2d4851a1d" />
    <TestEntry testId="c17747a3-eb4e-63bf-0bc9-279a4928ed40" executionId="0fb269a3-8f65-42f4-a033-af2f22f32788" testListId="8c84fa94-04c1-424b-9868-57a2d4851a1d" />
    <TestEntry testId="ac2e27d5-261b-d9bd-fc37-ae04ffd02243" executionId="5a3fd885-77b1-4557-bcf6-f2863f91cee3" testListId="8c84fa94-04c1-424b-9868-57a2d4851a1d" />
    <TestEntry testId="a00d92b0-35aa-1e7c-b5ff-79738a042c12" executionId="d252e97e-6f9e-4918-a70f-eee176e52ba9" testListId="8c84fa94-04c1-424b-9868-57a2d4851a1d" />
    <TestEntry testId="d5afdedc-771c-29a3-fa0a-9ebd023dd2c6" executionId="aff24c90-9baa-4f37-80ff-40f6894d6252" testListId="8c84fa94-04c1-424b-9868-57a2d4851a1d" />
    <TestEntry testId="8f26075f-925c-4688-bf33-abe324c4e160" executionId="7248f5cd-57c7-4b5c-a0ce-f526e25067fc" testListId="8c84fa94-04c1-424b-9868-57a2d4851a1d" />
    <TestEntry testId="7c805908-7267-f4aa-63a0-03f3e0715abc" executionId="2edb8d9d-760d-459f-9de7-85952671bcb8" testListId="8c84fa94-04c1-424b-9868-57a2d4851a1d" />
    <TestEntry testId="50c609b5-3f14-814d-a1e7-5260305a9b12" executionId="96155ae2-1bd7-45f5-8c32-ab23d21b3dd9" testListId="8c84fa94-04c1-424b-9868-57a2d4851a1d" />
    <TestEntry testId="689d43e4-6cb5-4009-1ac6-7e50bf4ccc94" executionId="4c37b1d9-f95a-46e5-9f80-821ae1143197" testListId="8c84fa94-04c1-424b-9868-57a2d4851a1d" />
    <TestEntry testId="5ec8c6f8-601d-9718-1802-a15c88bb4987" executionId="caa9da44-3d29-481b-b1bd-c5b61dbd53b2" testListId="8c84fa94-04c1-424b-9868-57a2d4851a1d" />
    <TestEntry testId="cae1921b-1ff8-8185-1634-73062e14bb95" executionId="0cdbd47c-5598-48f5-b6e4-14ca723377df" testListId="8c84fa94-04c1-424b-9868-57a2d4851a1d" />
    <TestEntry testId="b3de0f6b-2ac2-0bee-ef58-144a8741a412" executionId="8f2baae2-6b50-4df5-96a5-2955613cdc93" testListId="8c84fa94-04c1-424b-9868-57a2d4851a1d" />
    <TestEntry testId="c62ff6f8-900b-a165-229e-1d83d314982c" executionId="85e4648e-9fe0-4ded-bee2-0fbb8cc635aa" testListId="8c84fa94-04c1-424b-9868-57a2d4851a1d" />
    <TestEntry testId="031a88f1-01c2-dd0e-3bdd-f14ee053d9ba" executionId="294fe56d-7e84-457c-a1dc-9006fb8017aa" testListId="8c84fa94-04c1-424b-9868-57a2d4851a1d" />
    <TestEntry testId="c0347afe-0c6b-b0a7-12e1-3aa76a4722fc" executionId="59f665dd-382a-4fb3-aca4-0f7127f2f82b" testListId="8c84fa94-04c1-424b-9868-57a2d4851a1d" />
    <TestEntry testId="9a71281b-30b0-67b5-7395-398aae4c1d76" executionId="956c0943-f325-4ee2-8f85-e218fc57ef5d" testListId="8c84fa94-04c1-424b-9868-57a2d4851a1d" />
    <TestEntry testId="e7a0570b-32c5-3b4e-7767-9ca541c22b6e" executionId="e9db78d0-eb67-45ba-b45d-7375511c8675" testListId="8c84fa94-04c1-424b-9868-57a2d4851a1d" />
    <TestEntry testId="5d199f9b-a8b6-4b52-e7c0-a2aebf4c6a58" executionId="c3b214e3-98b0-4e69-93c9-82c6ba403c8f" testListId="8c84fa94-04c1-424b-9868-57a2d4851a1d" />
    <TestEntry testId="214b8407-591b-5f7a-aa16-7961a8df13e5" executionId="d0a1c5a0-6696-4f4e-bf59-b54c0bba0e5e" testListId="8c84fa94-04c1-424b-9868-57a2d4851a1d" />
    <TestEntry testId="65bd3a03-5d21-067f-5d94-19d0f92f350a" executionId="e8348773-7164-4038-950f-867d40aae387" testListId="8c84fa94-04c1-424b-9868-57a2d4851a1d" />
    <TestEntry testId="f7ebc4d6-d0ec-6ad3-fd73-f4c53b67f8a0" executionId="c3e6cc7f-75f6-419b-9184-48c572c9e00f" testListId="8c84fa94-04c1-424b-9868-57a2d4851a1d" />
    <TestEntry testId="21ae461c-c70e-da1d-6ae3-1fc6937d571a" executionId="286f321d-166d-403a-8476-949fec7fa65d" testListId="8c84fa94-04c1-424b-9868-57a2d4851a1d" />
    <TestEntry testId="f03cc5c5-1609-8527-f708-7a0678904e86" executionId="646bf6bf-099b-4fe1-beb2-75cf847ee458" testListId="8c84fa94-04c1-424b-9868-57a2d4851a1d" />
    <TestEntry testId="46ad1244-cbdb-dca6-f007-7e8a232754cc" executionId="2c018a14-0d1b-4ec0-872a-c813358d9251" testListId="8c84fa94-04c1-424b-9868-57a2d4851a1d" />
    <TestEntry testId="811026c2-41ce-4e18-121d-862774cd6272" executionId="9899abbc-dc53-442a-9669-ac7cddf93e99" testListId="8c84fa94-04c1-424b-9868-57a2d4851a1d" />
    <TestEntry testId="ad4c69db-d5c6-f4c3-9052-619bff8dd14e" executionId="9fea3b2c-da26-4caf-84f7-4c34fae3e1ab" testListId="8c84fa94-04c1-424b-9868-57a2d4851a1d" />
    <TestEntry testId="40e767b4-314a-d8ef-34b1-5c49d7ef55c4" executionId="56a0abae-d68c-47c2-9cb3-8565a1c87d66" testListId="8c84fa94-04c1-424b-9868-57a2d4851a1d" />
    <TestEntry testId="4f2f4974-af75-8563-a5df-aa0a73b303b0" executionId="56ef1c5a-5dc7-476a-8ac6-a056be426692" testListId="8c84fa94-04c1-424b-9868-57a2d4851a1d" />
    <TestEntry testId="81f70a90-5f17-3107-1751-37f6a5b41791" executionId="0e231ea7-3439-4730-90d3-df16f2f223a4" testListId="8c84fa94-04c1-424b-9868-57a2d4851a1d" />
    <TestEntry testId="2f6106d4-2d27-0ec0-388a-a0a0d64b80ea" executionId="46564ba9-fb74-4157-9aa0-63c010c56ede" testListId="8c84fa94-04c1-424b-9868-57a2d4851a1d" />
    <TestEntry testId="61b122ca-f3a1-21e8-0492-e3c660390b05" executionId="c0af2e3f-97e7-4b8e-bb50-ddd2a73dcebf" testListId="8c84fa94-04c1-424b-9868-57a2d4851a1d" />
    <TestEntry testId="c14df636-a969-3c53-ec76-0aeb4c5b250c" executionId="f6726480-92a5-4a23-8142-2fadf0533696" testListId="8c84fa94-04c1-424b-9868-57a2d4851a1d" />
    <TestEntry testId="d3e47fb0-198c-5eff-c3a7-e584b9e9130b" executionId="dd1de50f-f28e-45e1-b0b0-912c4f1e3e80" testListId="8c84fa94-04c1-424b-9868-57a2d4851a1d" />
    <TestEntry testId="11acc57e-e7b4-9c88-543d-dd88434937c6" executionId="a2123ab3-1a21-4eb6-addf-8b6ae840ee96" testListId="8c84fa94-04c1-424b-9868-57a2d4851a1d" />
    <TestEntry testId="43ab37ac-8f01-34cd-35d3-1bda726822d7" executionId="e3c4051a-065e-4754-9580-a02dc8caa665" testListId="8c84fa94-04c1-424b-9868-57a2d4851a1d" />
    <TestEntry testId="1f65e069-4a6f-ccd5-bb6b-41fba0e75604" executionId="d0d05550-d757-44ba-bd84-664cf8cb8fcf" testListId="8c84fa94-04c1-424b-9868-57a2d4851a1d" />
    <TestEntry testId="4e1ca1b4-b9b1-5960-9cb6-b80a113ec54d" executionId="d33c5579-d09f-4ba1-8be1-7a8be6e49aeb" testListId="8c84fa94-04c1-424b-9868-57a2d4851a1d" />
    <TestEntry testId="b10f1150-1593-6330-afd8-9e2dab16d270" executionId="c8e4a760-22bb-4135-a9bb-a8804a3a4544" testListId="8c84fa94-04c1-424b-9868-57a2d4851a1d" />
    <TestEntry testId="2a9f6824-8a17-a193-b18b-3e78fa1bbbd5" executionId="02e44167-fca0-4292-b4bd-add4ede4f1e5" testListId="8c84fa94-04c1-424b-9868-57a2d4851a1d" />
    <TestEntry testId="e74b4a4d-4fe0-004f-1c01-e9508924afd9" executionId="d037b902-ff1b-4b91-89ab-c822df450dc8" testListId="8c84fa94-04c1-424b-9868-57a2d4851a1d" />
    <TestEntry testId="c3e1478d-2cae-8f80-3a89-04eb9dac0acb" executionId="ffb54ad0-3973-484a-9836-7b1fb1503203" testListId="8c84fa94-04c1-424b-9868-57a2d4851a1d" />
    <TestEntry testId="3b3a68c1-1138-770e-4b05-0d7fb6b68738" executionId="9c0fbc12-6b4f-4b0c-aa1d-8058c0022b63" testListId="8c84fa94-04c1-424b-9868-57a2d4851a1d" />
    <TestEntry testId="ad304976-430a-8b69-e0d9-931ece855b31" executionId="cb371018-8ab8-41e5-90e6-f362e966f9a5" testListId="8c84fa94-04c1-424b-9868-57a2d4851a1d" />
    <TestEntry testId="e8b4dc71-a5d7-b1f7-a555-6150128fc2af" executionId="7b1f146a-ef71-4d5a-8e67-20f83397c2a7" testListId="8c84fa94-04c1-424b-9868-57a2d4851a1d" />
    <TestEntry testId="d079b60f-9bd9-c7a1-855f-178e519346dc" executionId="a4b664d9-71e4-4745-ab49-0530b4058d2c" testListId="8c84fa94-04c1-424b-9868-57a2d4851a1d" />
    <TestEntry testId="37b7f024-73bb-98ae-d17f-d1c0ce9f17e8" executionId="0f3a503a-748a-4ecd-9f47-a3a7d1ec2b10" testListId="8c84fa94-04c1-424b-9868-57a2d4851a1d" />
    <TestEntry testId="7c0f601f-632e-a9b2-aeb3-eee73bd7742c" executionId="f1483001-3e14-4c0e-a878-1da8d4c09b65" testListId="8c84fa94-04c1-424b-9868-57a2d4851a1d" />
    <TestEntry testId="ba2eb800-eb24-7df5-1df2-54952a0268c0" executionId="0e39873e-8611-4085-a1b6-51c4b25cc511" testListId="8c84fa94-04c1-424b-9868-57a2d4851a1d" />
    <TestEntry testId="f40065b9-7c11-5cb0-fc3c-72a39c2af769" executionId="0700b407-e213-47da-bfd4-3e0914d5c1ae" testListId="8c84fa94-04c1-424b-9868-57a2d4851a1d" />
    <TestEntry testId="4f65136b-b885-5c0a-1650-385c2d5ff86d" executionId="0b05db36-6e16-4178-adfa-2a5428dbca48" testListId="8c84fa94-04c1-424b-9868-57a2d4851a1d" />
    <TestEntry testId="c561c2f6-8efd-4095-cbad-20238816bd9c" executionId="693654f7-9081-42fa-89d3-b929418622e0" testListId="8c84fa94-04c1-424b-9868-57a2d4851a1d" />
    <TestEntry testId="598c0784-1cd9-c9b4-915a-4a09f637e246" executionId="fb220e0c-75f2-4418-87bc-9b1567a1d854" testListId="8c84fa94-04c1-424b-9868-57a2d4851a1d" />
    <TestEntry testId="f4bc2eaf-f4d3-c189-d9cc-2eeedd1fbf5a" executionId="f47e6cd9-971f-4c3e-8eca-1853a593c429" testListId="8c84fa94-04c1-424b-9868-57a2d4851a1d" />
    <TestEntry testId="ed8d7d20-a6f1-0500-d78a-14c17a721b87" executionId="5e66f250-4c90-4ab7-9dfe-151330fe6f7b" testListId="8c84fa94-04c1-424b-9868-57a2d4851a1d" />
    <TestEntry testId="f6f9c7c7-2034-4809-9600-0c0282164e3f" executionId="9f95e43e-1beb-45ba-b7f5-a85f338749a4" testListId="8c84fa94-04c1-424b-9868-57a2d4851a1d" />
    <TestEntry testId="6ac2577f-abec-ce9e-a92b-34035bd744e0" executionId="3031f13a-076b-4fac-8264-f452c29cbc02" testListId="8c84fa94-04c1-424b-9868-57a2d4851a1d" />
    <TestEntry testId="1cde006b-fa5b-9bb3-7b8a-0a89c0448d58" executionId="4068f23a-a6e0-4964-bae5-103237ea9e4f" testListId="8c84fa94-04c1-424b-9868-57a2d4851a1d" />
    <TestEntry testId="784ad7dc-5a89-a731-4a54-d985f0ba330c" executionId="5d9c7b04-be3c-4559-a98b-de745f2bd40c" testListId="8c84fa94-04c1-424b-9868-57a2d4851a1d" />
    <TestEntry testId="8a436d67-15f2-8a6f-b3c8-3df7d72a7066" executionId="901fe43f-b274-4073-b820-290eaa05702d" testListId="8c84fa94-04c1-424b-9868-57a2d4851a1d" />
    <TestEntry testId="c12613af-99b7-439d-c6df-131aa1e08ae7" executionId="777a6e46-8f73-4293-8a37-056faf78405e" testListId="8c84fa94-04c1-424b-9868-57a2d4851a1d" />
    <TestEntry testId="3946d5e6-354d-0b10-e6eb-595cda5f42bd" executionId="9dc09e28-1186-46f7-8309-37313da40cd4" testListId="8c84fa94-04c1-424b-9868-57a2d4851a1d" />
  </TestEntries>
  <TestLists>
    <TestList name="Results Not in a List" id="8c84fa94-04c1-424b-9868-57a2d4851a1d" />
    <TestList name="All Loaded Results" id="19431567-8539-422a-85d7-44ee4e166bda" />
  </TestLists>
  <ResultSummary outcome="Failed">
    <Counters total="235" executed="234" passed="217" failed="17" error="0" timeout="0" aborted="0" inconclusive="0" passedButRunAborted="0" notRunnable="0" notExecuted="0" disconnected="0" warning="0" completed="0" inProgress="0" pending="0" />
    <Output>
      <StdOut>[xUnit.net 00:00:00.00] xUnit.net VSTest Adapter v2.8.1+ce9211e970 (64-bit .NET 8.0.1)
[xUnit.net 00:00:00.04]   Discovering: Appostolic.Api.Tests
[xUnit.net 00:00:00.08]   Discovered:  Appostolic.Api.Tests
[xUnit.net 00:00:00.08]   Starting:    Appostolic.Api.Tests
[xUnit.net 00:00:05.63]       System.Net.Http.HttpRequestException : Response status code does not indicate success: 401 (Unauthorized).
[xUnit.net 00:00:05.63]       Stack Trace:
[xUnit.net 00:00:05.63]            at System.Net.Http.HttpResponseMessage.EnsureSuccessStatusCode()
[xUnit.net 00:00:05.63]         /Users/kevinmccreary/appostolic/apps/api.tests/AgentTasks/AgentTasksTestBase.cs(89,0): at Appostolic.Api.Tests.AgentTasks.AgentTasksTestBase.CreateTaskAsync(Guid agentId, Object input, Nullable`1 enqueueDelayMs, Boolean suppressEnqueue)
[xUnit.net 00:00:05.63]         /Users/kevinmccreary/appostolic/apps/api.tests/AgentTasks/AgentTasksListFilterPaginationTests.cs(83,0): at Appostolic.Api.Tests.AgentTasks.AgentTasksListFilterPaginationTests.Date_Range_Filter_On_CreatedAt()
[xUnit.net 00:00:05.63]         --- End of stack trace from previous location ---
[xUnit.net 00:00:05.64]       System.Net.Http.HttpRequestException : Response status code does not indicate success: 401 (Unauthorized).
[xUnit.net 00:00:05.64]       Stack Trace:
[xUnit.net 00:00:05.64]            at System.Net.Http.HttpResponseMessage.EnsureSuccessStatusCode()
[xUnit.net 00:00:05.64]         /Users/kevinmccreary/appostolic/apps/api.tests/AgentTasks/AgentTasksTestBase.cs(89,0): at Appostolic.Api.Tests.AgentTasks.AgentTasksTestBase.CreateTaskAsync(Guid agentId, Object input, Nullable`1 enqueueDelayMs, Boolean suppressEnqueue)
[xUnit.net 00:00:05.64]         /Users/kevinmccreary/appostolic/apps/api.tests/AgentTasks/AgentTasksListFilterPaginationTests.cs(48,0): at Appostolic.Api.Tests.AgentTasks.AgentTasksListFilterPaginationTests.Status_Filter_Is_CaseInsensitive()
[xUnit.net 00:00:05.64]         --- End of stack trace from previous location ---
[xUnit.net 00:00:05.64]       System.Net.Http.HttpRequestException : Response status code does not indicate success: 401 (Unauthorized).
[xUnit.net 00:00:05.64]       Stack Trace:
[xUnit.net 00:00:05.64]            at System.Net.Http.HttpResponseMessage.EnsureSuccessStatusCode()
[xUnit.net 00:00:05.64]         /Users/kevinmccreary/appostolic/apps/api.tests/AgentTasks/AgentTasksTestBase.cs(89,0): at Appostolic.Api.Tests.AgentTasks.AgentTasksTestBase.CreateTaskAsync(Guid agentId, Object input, Nullable`1 enqueueDelayMs, Boolean suppressEnqueue)
[xUnit.net 00:00:05.64]         /Users/kevinmccreary/appostolic/apps/api.tests/AgentTasks/AgentTasksListFilterPaginationTests.cs(66,0): at Appostolic.Api.Tests.AgentTasks.AgentTasksListFilterPaginationTests.Agent_Filter_Returns_Only_Matching()
[xUnit.net 00:00:05.64]         --- End of stack trace from previous location ---
[xUnit.net 00:00:05.65]       System.Net.Http.HttpRequestException : Response status code does not indicate success: 401 (Unauthorized).
[xUnit.net 00:00:05.65]       Stack Trace:
[xUnit.net 00:00:05.65]            at System.Net.Http.HttpResponseMessage.EnsureSuccessStatusCode()
[xUnit.net 00:00:05.65]         /Users/kevinmccreary/appostolic/apps/api.tests/AgentTasks/AgentTasksTestBase.cs(89,0): at Appostolic.Api.Tests.AgentTasks.AgentTasksTestBase.CreateTaskAsync(Guid agentId, Object input, Nullable`1 enqueueDelayMs, Boolean suppressEnqueue)
[xUnit.net 00:00:05.65]         /Users/kevinmccreary/appostolic/apps/api.tests/AgentTasks/AgentTasksListFilterPaginationTests.cs(16,0): at Appostolic.Api.Tests.AgentTasks.AgentTasksListFilterPaginationTests.Paging_Returns_XTotalCount_And_DescOrdering()
[xUnit.net 00:00:05.65]         --- End of stack trace from previous location ---
[xUnit.net 00:00:05.65]       System.Net.Http.HttpRequestException : Response status code does not indicate success: 401 (Unauthorized).
[xUnit.net 00:00:05.65]       Stack Trace:
[xUnit.net 00:00:05.65]            at System.Net.Http.HttpResponseMessage.EnsureSuccessStatusCode()
[xUnit.net 00:00:05.65]         /Users/kevinmccreary/appostolic/apps/api.tests/AgentTasks/AgentTasksTestBase.cs(89,0): at Appostolic.Api.Tests.AgentTasks.AgentTasksTestBase.CreateTaskAsync(Guid agentId, Object input, Nullable`1 enqueueDelayMs, Boolean suppressEnqueue)
[xUnit.net 00:00:05.65]         /Users/kevinmccreary/appostolic/apps/api.tests/AgentTasks/AgentTasksListFilterPaginationTests.cs(105,0): at Appostolic.Api.Tests.AgentTasks.AgentTasksListFilterPaginationTests.FreeText_Q_Search_On_Input_And_User()
[xUnit.net 00:00:05.65]         --- End of stack trace from previous location ---
[xUnit.net 00:00:08.12]       System.InvalidOperationException : Expected tenant token for slug 'kevin-personal' but helper returned null.
[xUnit.net 00:00:08.12]       Stack Trace:
[xUnit.net 00:00:08.12]         /Users/kevinmccreary/appostolic/apps/api.tests/Auth/AuthTestClient.cs(36,0): at Appostolic.Api.AuthTests.AuthTestClient.UseTenantAsync(HttpClient client, String email, String tenantSlug, Nullable`1 forceAllRoles)
[xUnit.net 00:00:08.12]         /Users/kevinmccreary/appostolic/apps/api.tests/Auth/AuthTestClientTests.cs(30,0): at Appostolic.Api.AuthTests.AuthTestClientTests.UseTenantAsync_AttachesTenantToken()
[xUnit.net 00:00:08.12]         --- End of stack trace from previous location ---
[xUnit.net 00:00:08.29]       System.Net.Http.HttpRequestException : Response status code does not indicate success: 401 (Unauthorized).
[xUnit.net 00:00:08.29]       Stack Trace:
[xUnit.net 00:00:08.29]            at System.Net.Http.HttpResponseMessage.EnsureSuccessStatusCode()
[xUnit.net 00:00:08.29]         /Users/kevinmccreary/appostolic/apps/api.tests/Privacy/UserProfileLoggingTests.cs(78,0): at Appostolic.Api.Tests.Privacy.UserProfileLoggingTests.GetMe_HashingDisabled_OmitsHash()
[xUnit.net 00:00:08.29]         --- End of stack trace from previous location ---
[xUnit.net 00:00:08.47]       System.Net.Http.HttpRequestException : Response status code does not indicate success: 401 (Unauthorized).
[xUnit.net 00:00:08.47]       Stack Trace:
[xUnit.net 00:00:08.47]            at System.Net.Http.HttpResponseMessage.EnsureSuccessStatusCode()
[xUnit.net 00:00:08.47]         /Users/kevinmccreary/appostolic/apps/api.tests/Privacy/UserProfileLoggingTests.cs(44,0): at Appostolic.Api.Tests.Privacy.UserProfileLoggingTests.GetMe_EmitsRedactedAndHash_NoRawEmail()
[xUnit.net 00:00:08.47]         --- End of stack trace from previous location ---
[xUnit.net 00:00:15.96]       System.InvalidOperationException : Expected tenant token for slug 'kevin-personal' but helper returned null.
[xUnit.net 00:00:15.96]       Stack Trace:
[xUnit.net 00:00:15.96]         /Users/kevinmccreary/appostolic/apps/api.tests/Auth/AuthTestClient.cs(36,0): at Appostolic.Api.AuthTests.AuthTestClient.UseTenantAsync(HttpClient client, String email, String tenantSlug, Nullable`1 forceAllRoles)
[xUnit.net 00:00:15.96]         /Users/kevinmccreary/appostolic/apps/api.tests/Api/InvitesAcceptTests.cs(21,0): at Appostolic.Api.Tests.Api.InvitesAcceptTests.CreateTenantAuthedClientAsync(WebAppFactory f, String email, String tenantSlug)
[xUnit.net 00:00:15.96]         /Users/kevinmccreary/appostolic/apps/api.tests/Api/InvitesAcceptTests.cs(66,0): at Appostolic.Api.Tests.Api.InvitesAcceptTests.Accept_SignedIn_User_Matches_Invite_Creates_Membership()
[xUnit.net 00:00:15.96]         --- End of stack trace from previous location ---
[xUnit.net 00:00:15.99]       Expected resp.StatusCode to be HttpStatusCode.BadRequest {value: 400}, but found HttpStatusCode.Unauthorized {value: 401}.
[xUnit.net 00:00:15.99]       Stack Trace:
[xUnit.net 00:00:15.99]            at FluentAssertions.Execution.XUnit2TestFramework.Throw(String message)
[xUnit.net 00:00:15.99]            at FluentAssertions.Execution.TestFrameworkProvider.Throw(String message)
[xUnit.net 00:00:15.99]            at FluentAssertions.Execution.DefaultAssertionStrategy.HandleFailure(String message)
[xUnit.net 00:00:15.99]            at FluentAssertions.Execution.AssertionScope.FailWith(Func`1 failReasonFunc)
[xUnit.net 00:00:15.99]            at FluentAssertions.Execution.AssertionScope.FailWith(Func`1 failReasonFunc)
[xUnit.net 00:00:15.99]            at FluentAssertions.Execution.AssertionScope.FailWith(String message, Object[] args)
[xUnit.net 00:00:15.99]            at FluentAssertions.Primitives.EnumAssertions`2.Be(TEnum expected, String because, Object[] becauseArgs)
[xUnit.net 00:00:15.99]         /Users/kevinmccreary/appostolic/apps/api.tests/Api/InvitesAcceptTests.cs(94,0): at Appostolic.Api.Tests.Api.InvitesAcceptTests.Accept_With_Invalid_Token_Fails()
[xUnit.net 00:00:15.99]         --- End of stack trace from previous location ---
[xUnit.net 00:00:17.03]       Expected delResp.StatusCode to be HttpStatusCode.NoContent {value: 204}, but found HttpStatusCode.BadRequest {value: 400}.
[xUnit.net 00:00:17.03]       Stack Trace:
[xUnit.net 00:00:17.03]            at FluentAssertions.Execution.XUnit2TestFramework.Throw(String message)
[xUnit.net 00:00:17.03]            at FluentAssertions.Execution.TestFrameworkProvider.Throw(String message)
[xUnit.net 00:00:17.03]            at FluentAssertions.Execution.AssertionScope.FailWith(Func`1 failReasonFunc)
[xUnit.net 00:00:17.03]            at FluentAssertions.Primitives.EnumAssertions`2.Be(TEnum expected, String because, Object[] becauseArgs)
[xUnit.net 00:00:17.03]         /Users/kevinmccreary/appostolic/apps/api.tests/Api/InvitesEndpointsTests.cs(131,0): at Appostolic.Api.Tests.Api.InvitesEndpointsTests.Invites_Full_Lifecycle_Create_Resend_Accept_Revoke()
[xUnit.net 00:00:17.03]         --- End of stack trace from previous location ---
[xUnit.net 00:00:17.18]       System.Net.Http.HttpRequestException : Response status code does not indicate success: 401 (Unauthorized).
[xUnit.net 00:00:17.18]       Stack Trace:
[xUnit.net 00:00:17.18]            at System.Net.Http.HttpResponseMessage.EnsureSuccessStatusCode()
[xUnit.net 00:00:17.18]         /Users/kevinmccreary/appostolic/apps/api.tests/AgentTasks/AgentTasksTestBase.cs(89,0): at Appostolic.Api.Tests.AgentTasks.AgentTasksTestBase.CreateTaskAsync(Guid agentId, Object input, Nullable`1 enqueueDelayMs, Boolean suppressEnqueue)
[xUnit.net 00:00:17.18]         /Users/kevinmccreary/appostolic/apps/api.tests/AgentTasks/AgentTasksCancelRetryTests.cs(16,0): at Appostolic.Api.Tests.AgentTasks.AgentTasksCancelRetryTests.Cancel_Pending_Task_IsCanceledImmediately()
[xUnit.net 00:00:17.18]         --- End of stack trace from previous location ---
[xUnit.net 00:00:17.18]       System.Net.Http.HttpRequestException : Response status code does not indicate success: 401 (Unauthorized).
[xUnit.net 00:00:17.18]       Stack Trace:
[xUnit.net 00:00:17.18]            at System.Net.Http.HttpResponseMessage.EnsureSuccessStatusCode()
[xUnit.net 00:00:17.18]         /Users/kevinmccreary/appostolic/apps/api.tests/AgentTasks/AgentTasksTestBase.cs(89,0): at Appostolic.Api.Tests.AgentTasks.AgentTasksTestBase.CreateTaskAsync(Guid agentId, Object input, Nullable`1 enqueueDelayMs, Boolean suppressEnqueue)
[xUnit.net 00:00:17.18]         /Users/kevinmccreary/appostolic/apps/api.tests/AgentTasks/AgentTasksCancelRetryTests.cs(41,0): at Appostolic.Api.Tests.AgentTasks.AgentTasksCancelRetryTests.Cancel_Terminal_Task_Returns409()
[xUnit.net 00:00:17.18]         --- End of stack trace from previous location ---
[xUnit.net 00:00:17.18]       System.Net.Http.HttpRequestException : Response status code does not indicate success: 401 (Unauthorized).
[xUnit.net 00:00:17.18]       Stack Trace:
[xUnit.net 00:00:17.18]            at System.Net.Http.HttpResponseMessage.EnsureSuccessStatusCode()
[xUnit.net 00:00:17.18]         /Users/kevinmccreary/appostolic/apps/api.tests/AgentTasks/AgentTasksTestBase.cs(89,0): at Appostolic.Api.Tests.AgentTasks.AgentTasksTestBase.CreateTaskAsync(Guid agentId, Object input, Nullable`1 enqueueDelayMs, Boolean suppressEnqueue)
[xUnit.net 00:00:17.18]         /Users/kevinmccreary/appostolic/apps/api.tests/AgentTasks/AgentTasksCancelRetryTests.cs(54,0): at Appostolic.Api.Tests.AgentTasks.AgentTasksCancelRetryTests.Retry_From_Succeeded_Creates_New_Task_And_Runs()
[xUnit.net 00:00:17.18]         --- End of stack trace from previous location ---
[xUnit.net 00:00:18.90]       System.Net.Http.HttpRequestException : Response status code does not indicate success: 404 (Not Found).
[xUnit.net 00:00:18.90]       Stack Trace:
[xUnit.net 00:00:18.90]            at System.Net.Http.HttpResponseMessage.EnsureSuccessStatusCode()
[xUnit.net 00:00:18.90]         /Users/kevinmccreary/appostolic/apps/api.tests/Auth/DevHeadersDisabledTests.cs(65,0): at Appostolic.Api.Tests.Auth.DevHeadersDisabledTests.JwtLogin_Flow_Works_When_DevHeaders_Disabled()
[xUnit.net 00:00:18.90]         --- End of stack trace from previous location ---
[xUnit.net 00:00:20.41]       System.InvalidOperationException : Expected tenant token for slug 'kevin-personal' but helper returned null.
[xUnit.net 00:00:20.41]       Stack Trace:
[xUnit.net 00:00:20.41]         /Users/kevinmccreary/appostolic/apps/api.tests/Auth/AuthTestClient.cs(36,0): at Appostolic.Api.AuthTests.AuthTestClient.UseTenantAsync(HttpClient client, String email, String tenantSlug, Nullable`1 forceAllRoles)
[xUnit.net 00:00:20.41]         /Users/kevinmccreary/appostolic/apps/api.tests/Api/InvitesRolesFlagsTests.cs(81,0): at Appostolic.Api.Tests.Api.InvitesRolesFlagsTests.Accept_Invite_Sets_Membership_Roles_Flags()
[xUnit.net 00:00:20.41]         --- End of stack trace from previous location ---
[xUnit.net 00:00:21.23]       TestServer (in-memory) does not preserve Secure attribute even when Request.IsHttps=true via middleware. Will be validated in future Kestrel HTTPS integration/E2E layer.
Test 'Appostolic.Api.Tests.Auth.RefreshCookieHttpsTests.RefreshCookie_Secure_OverHttps' was skipped in the test run.
[xUnit.net 00:00:26.50]       Expected ok.StatusCode to be HttpStatusCode.OK {value: 200}, but found HttpStatusCode.Unauthorized {value: 401}.
[xUnit.net 00:00:26.50]       Stack Trace:
[xUnit.net 00:00:26.50]            at FluentAssertions.Execution.XUnit2TestFramework.Throw(String message)
[xUnit.net 00:00:26.50]            at FluentAssertions.Execution.TestFrameworkProvider.Throw(String message)
[xUnit.net 00:00:26.50]            at FluentAssertions.Execution.AssertionScope.FailWith(Func`1 failReasonFunc)
[xUnit.net 00:00:26.50]            at FluentAssertions.Primitives.EnumAssertions`2.Be(TEnum expected, String because, Object[] becauseArgs)
[xUnit.net 00:00:26.50]         /Users/kevinmccreary/appostolic/apps/api.tests/Security/AgentTasksAuthContractTests.cs(39,0): at Appostolic.Api.Tests.Security.AgentTasksAuthContractTests.ListEndpoint_RequiresDevHeaders()
[xUnit.net 00:00:26.50]         --- End of stack trace from previous location ---
[xUnit.net 00:00:29.37]   Finished:    Appostolic.Api.Tests
</StdOut>
    </Output>
    <RunInfos>
      <RunInfo computerName="MacBook-Pro-2" outcome="Error" timestamp="2025-09-22T13:18:12.2683320-05:00">
        <Text>[xUnit.net 00:00:05.63]     Appostolic.Api.Tests.AgentTasks.AgentTasksListFilterPaginationTests.Date_Range_Filter_On_CreatedAt [FAIL]</Text>
      </RunInfo>
      <RunInfo computerName="MacBook-Pro-2" outcome="Error" timestamp="2025-09-22T13:18:12.2708330-05:00">
        <Text>[xUnit.net 00:00:05.64]     Appostolic.Api.Tests.AgentTasks.AgentTasksListFilterPaginationTests.Status_Filter_Is_CaseInsensitive [FAIL]</Text>
      </RunInfo>
      <RunInfo computerName="MacBook-Pro-2" outcome="Error" timestamp="2025-09-22T13:18:12.2735280-05:00">
        <Text>[xUnit.net 00:00:05.64]     Appostolic.Api.Tests.AgentTasks.AgentTasksListFilterPaginationTests.Agent_Filter_Returns_Only_Matching [FAIL]</Text>
      </RunInfo>
      <RunInfo computerName="MacBook-Pro-2" outcome="Error" timestamp="2025-09-22T13:18:12.2860260-05:00">
        <Text>[xUnit.net 00:00:05.65]     Appostolic.Api.Tests.AgentTasks.AgentTasksListFilterPaginationTests.Paging_Returns_XTotalCount_And_DescOrdering [FAIL]</Text>
      </RunInfo>
      <RunInfo computerName="MacBook-Pro-2" outcome="Error" timestamp="2025-09-22T13:18:12.2883630-05:00">
        <Text>[xUnit.net 00:00:05.65]     Appostolic.Api.Tests.AgentTasks.AgentTasksListFilterPaginationTests.FreeText_Q_Search_On_Input_And_User [FAIL]</Text>
      </RunInfo>
      <RunInfo computerName="MacBook-Pro-2" outcome="Error" timestamp="2025-09-22T13:18:14.7555210-05:00">
        <Text>[xUnit.net 00:00:08.12]     Appostolic.Api.AuthTests.AuthTestClientTests.UseTenantAsync_AttachesTenantToken [FAIL]</Text>
      </RunInfo>
      <RunInfo computerName="MacBook-Pro-2" outcome="Error" timestamp="2025-09-22T13:18:14.9287400-05:00">
        <Text>[xUnit.net 00:00:08.29]     Appostolic.Api.Tests.Privacy.UserProfileLoggingTests.GetMe_HashingDisabled_OmitsHash [FAIL]</Text>
      </RunInfo>
      <RunInfo computerName="MacBook-Pro-2" outcome="Error" timestamp="2025-09-22T13:18:15.0996660-05:00">
        <Text>[xUnit.net 00:00:08.47]     Appostolic.Api.Tests.Privacy.UserProfileLoggingTests.GetMe_EmitsRedactedAndHash_NoRawEmail [FAIL]</Text>
      </RunInfo>
      <RunInfo computerName="MacBook-Pro-2" outcome="Error" timestamp="2025-09-22T13:18:22.5936760-05:00">
        <Text>[xUnit.net 00:00:15.96]     Appostolic.Api.Tests.Api.InvitesAcceptTests.Accept_SignedIn_User_Matches_Invite_Creates_Membership [FAIL]</Text>
      </RunInfo>
      <RunInfo computerName="MacBook-Pro-2" outcome="Error" timestamp="2025-09-22T13:18:22.6227770-05:00">
        <Text>[xUnit.net 00:00:15.99]     Appostolic.Api.Tests.Api.InvitesAcceptTests.Accept_With_Invalid_Token_Fails [FAIL]</Text>
      </RunInfo>
      <RunInfo computerName="MacBook-Pro-2" outcome="Error" timestamp="2025-09-22T13:18:23.6653890-05:00">
        <Text>[xUnit.net 00:00:17.03]     Appostolic.Api.Tests.Api.InvitesEndpointsTests.Invites_Full_Lifecycle_Create_Resend_Accept_Revoke [FAIL]</Text>
      </RunInfo>
      <RunInfo computerName="MacBook-Pro-2" outcome="Error" timestamp="2025-09-22T13:18:23.8118340-05:00">
        <Text>[xUnit.net 00:00:17.18]     Appostolic.Api.Tests.AgentTasks.AgentTasksCancelRetryTests.Cancel_Pending_Task_IsCanceledImmediately [FAIL]</Text>
      </RunInfo>
      <RunInfo computerName="MacBook-Pro-2" outcome="Error" timestamp="2025-09-22T13:18:23.8150140-05:00">
        <Text>[xUnit.net 00:00:17.18]     Appostolic.Api.Tests.AgentTasks.AgentTasksCancelRetryTests.Cancel_Terminal_Task_Returns409 [FAIL]</Text>
      </RunInfo>
      <RunInfo computerName="MacBook-Pro-2" outcome="Error" timestamp="2025-09-22T13:18:23.8175090-05:00">
        <Text>[xUnit.net 00:00:17.18]     Appostolic.Api.Tests.AgentTasks.AgentTasksCancelRetryTests.Retry_From_Succeeded_Creates_New_Task_And_Runs [FAIL]</Text>
      </RunInfo>
      <RunInfo computerName="MacBook-Pro-2" outcome="Error" timestamp="2025-09-22T13:18:25.5325640-05:00">
        <Text>[xUnit.net 00:00:18.90]     Appostolic.Api.Tests.Auth.DevHeadersDisabledTests.JwtLogin_Flow_Works_When_DevHeaders_Disabled [FAIL]</Text>
      </RunInfo>
      <RunInfo computerName="MacBook-Pro-2" outcome="Error" timestamp="2025-09-22T13:18:27.0438710-05:00">
        <Text>[xUnit.net 00:00:20.41]     Appostolic.Api.Tests.Api.InvitesRolesFlagsTests.Accept_Invite_Sets_Membership_Roles_Flags [FAIL]</Text>
      </RunInfo>
      <RunInfo computerName="MacBook-Pro-2" outcome="Warning" timestamp="2025-09-22T13:18:27.8607020-05:00">
        <Text>[xUnit.net 00:00:21.23]     Appostolic.Api.Tests.Auth.RefreshCookieHttpsTests.RefreshCookie_Secure_OverHttps [SKIP]</Text>
      </RunInfo>
      <RunInfo computerName="MacBook-Pro-2" outcome="Error" timestamp="2025-09-22T13:18:33.1300560-05:00">
        <Text>[xUnit.net 00:00:26.50]     Appostolic.Api.Tests.Security.AgentTasksAuthContractTests.ListEndpoint_RequiresDevHeaders [FAIL]</Text>
      </RunInfo>
    </RunInfos>
  </ResultSummary>
</TestRun>