<?xml version="1.0" encoding="utf-8"?>
<TestRun id="bb612823-2f5d-496a-a21d-4d2a5dd7aea6" name="@mac 2025-09-21 22:36:20" xmlns="http://microsoft.com/schemas/VisualStudio/TeamTest/2010">
  <Times creation="2025-09-21T22:36:20.8000070-05:00" queuing="2025-09-21T22:36:20.8000070-05:00" start="2025-09-21T22:36:19.0680130-05:00" finish="2025-09-21T22:36:47.8188940-05:00" />
  <TestSettings name="default" id="8163eae9-5f2e-4281-a840-d049eb81cdf6">
    <Deployment runDeploymentRoot="_mac_2025-09-21_22_36_20" />
  </TestSettings>
  <Results>
    <UnitTestResult executionId="0349a7af-004e-40aa-b132-4235d1757bb4" testId="c608eb38-09c4-17b8-a16b-ae9b91798432" testName="Appostolic.Api.Tests.Api.NotificationsWebhookTests.SendGridWebhook_updates_provider_status_when_token_matches" computerName="mac" duration="00:00:00.0180058" startTime="2025-09-21T22:36:37.1863900-05:00" endTime="2025-09-21T22:36:37.1863900-05:00" testType="13cdc9d9-ddb5-4fa4-a97d-d965ccfc6d4b" outcome="Passed" testListId="8c84fa94-04c1-424b-9868-57a2d4851a1d" relativeResultsDirectory="0349a7af-004e-40aa-b132-4235d1757bb4" />
    <UnitTestResult executionId="31aff43b-cdb6-45f8-a065-c9d436d1c71d" testId="f6f9c7c7-2034-4809-9600-0c0282164e3f" testName="Appostolic.Api.Tests.Api.UserPasswordEndpointsTests.Change_password_rejects_invalid_current" computerName="mac" duration="00:00:00.2716019" startTime="2025-09-21T22:36:39.1488250-05:00" endTime="2025-09-21T22:36:39.1488250-05:00" testType="13cdc9d9-ddb5-4fa4-a97d-d965ccfc6d4b" outcome="Failed" testListId="8c84fa94-04c1-424b-9868-57a2d4851a1d" relativeResultsDirectory="31aff43b-cdb6-45f8-a065-c9d436d1c71d">
      <Output>
        <ErrorInfo>
          <Message>Expected resp.StatusCode to be HttpStatusCode.BadRequest {value: 400}, but found HttpStatusCode.Unauthorized {value: 401}.</Message>
          <StackTrace>   at FluentAssertions.Execution.XUnit2TestFramework.Throw(String message)
   at FluentAssertions.Execution.TestFrameworkProvider.Throw(String message)
   at FluentAssertions.Execution.AssertionScope.FailWith(Func`1 failReasonFunc)
   at FluentAssertions.Primitives.EnumAssertions`2.Be(TEnum expected, String because, Object[] becauseArgs)
   at Appostolic.Api.Tests.Api.UserPasswordEndpointsTests.Change_password_rejects_invalid_current() in /Users/kevinmccreary/appostolic/apps/api.tests/Api/UserPasswordEndpointsTests.cs:line 54
--- End of stack trace from previous location ---</StackTrace>
        </ErrorInfo>
      </Output>
    </UnitTestResult>
    <UnitTestResult executionId="be415c8c-bb36-4be8-916a-1e2c8fcf78a4" testId="e74b4a4d-4fe0-004f-1c01-e9508924afd9" testName="Appostolic.Api.Tests.Api.AgentsEndpointsTests.Agents_Validation_Errors" computerName="mac" duration="00:00:00.1728065" startTime="2025-09-21T22:36:25.2173630-05:00" endTime="2025-09-21T22:36:25.2173630-05:00" testType="13cdc9d9-ddb5-4fa4-a97d-d965ccfc6d4b" outcome="Failed" testListId="8c84fa94-04c1-424b-9868-57a2d4851a1d" relativeResultsDirectory="be415c8c-bb36-4be8-916a-1e2c8fcf78a4">
      <Output>
        <ErrorInfo>
          <Message>Expected r1.StatusCode to be HttpStatusCode.BadRequest {value: 400}, but found HttpStatusCode.Unauthorized {value: 401}.</Message>
          <StackTrace>   at FluentAssertions.Execution.XUnit2TestFramework.Throw(String message)
   at FluentAssertions.Execution.TestFrameworkProvider.Throw(String message)
   at FluentAssertions.Execution.DefaultAssertionStrategy.HandleFailure(String message)
   at FluentAssertions.Execution.AssertionScope.FailWith(Func`1 failReasonFunc)
   at FluentAssertions.Execution.AssertionScope.FailWith(Func`1 failReasonFunc)
   at FluentAssertions.Execution.AssertionScope.FailWith(String message, Object[] args)
   at FluentAssertions.Primitives.EnumAssertions`2.Be(TEnum expected, String because, Object[] becauseArgs)
   at Appostolic.Api.Tests.Api.AgentsEndpointsTests.Agents_Validation_Errors() in /Users/kevinmccreary/appostolic/apps/api.tests/Api/AgentsEndpointsTests.cs:line 101
--- End of stack trace from previous location ---</StackTrace>
        </ErrorInfo>
      </Output>
    </UnitTestResult>
    <UnitTestResult executionId="1615ab7c-1d1e-4a52-9aab-7c68059a987b" testId="0f0c7731-d28a-bcbe-054f-641f024437ac" testName="Appostolic.Api.Tests.ModelMappingTests.AgentTask_Status_is_converted_as_string" computerName="mac" duration="00:00:00.0024586" startTime="2025-09-21T22:36:21.7674680-05:00" endTime="2025-09-21T22:36:21.7674690-05:00" testType="13cdc9d9-ddb5-4fa4-a97d-d965ccfc6d4b" outcome="Passed" testListId="8c84fa94-04c1-424b-9868-57a2d4851a1d" relativeResultsDirectory="1615ab7c-1d1e-4a52-9aab-7c68059a987b" />
    <UnitTestResult executionId="9f2ca194-0958-4944-9204-8edb4fe284e9" testId="1cde006b-fa5b-9bb3-7b8a-0a89c0448d58" testName="Appostolic.Api.Tests.Api.DevGrantRolesEndpointTests.Updates_existing_membership_roles_writes_audit" computerName="mac" duration="00:00:00.0020734" startTime="2025-09-21T22:36:37.0110590-05:00" endTime="2025-09-21T22:36:37.0110590-05:00" testType="13cdc9d9-ddb5-4fa4-a97d-d965ccfc6d4b" outcome="Failed" testListId="8c84fa94-04c1-424b-9868-57a2d4851a1d" relativeResultsDirectory="9f2ca194-0958-4944-9204-8edb4fe284e9">
      <Output>
        <ErrorInfo>
          <Message>System.Net.Http.HttpRequestException : Response status code does not indicate success: 401 (Unauthorized).</Message>
          <StackTrace>   at System.Net.Http.HttpResponseMessage.EnsureSuccessStatusCode()
   at Appostolic.Api.Tests.Api.DevGrantRolesEndpointTests.Updates_existing_membership_roles_writes_audit() in /Users/kevinmccreary/appostolic/apps/api.tests/Api/DevGrantRolesEndpointTests.cs:line 116
--- End of stack trace from previous location ---</StackTrace>
        </ErrorInfo>
      </Output>
    </UnitTestResult>
    <UnitTestResult executionId="c3c64a3c-92e7-42a7-b3b9-a5274f66dae5" testId="7bfc22d7-9c12-bb6d-b1ad-6ad8a8f51b4d" testName="Appostolic.Api.Tests.Api.InvitesAcceptTests.Accept_SignedIn_User_Matches_Invite_Creates_Membership" computerName="mac" duration="00:00:00.2003538" startTime="2025-09-21T22:36:23.7731410-05:00" endTime="2025-09-21T22:36:23.7731410-05:00" testType="13cdc9d9-ddb5-4fa4-a97d-d965ccfc6d4b" outcome="Failed" testListId="8c84fa94-04c1-424b-9868-57a2d4851a1d" relativeResultsDirectory="c3c64a3c-92e7-42a7-b3b9-a5274f66dae5">
      <Output>
        <ErrorInfo>
          <Message>Expected createResp.StatusCode to be HttpStatusCode.Created {value: 201}, but found HttpStatusCode.Unauthorized {value: 401}.</Message>
          <StackTrace>   at FluentAssertions.Execution.XUnit2TestFramework.Throw(String message)
   at FluentAssertions.Execution.TestFrameworkProvider.Throw(String message)
   at FluentAssertions.Execution.DefaultAssertionStrategy.HandleFailure(String message)
   at FluentAssertions.Execution.AssertionScope.FailWith(Func`1 failReasonFunc)
   at FluentAssertions.Execution.AssertionScope.FailWith(Func`1 failReasonFunc)
   at FluentAssertions.Execution.AssertionScope.FailWith(String message, Object[] args)
   at FluentAssertions.Primitives.EnumAssertions`2.Be(TEnum expected, String because, Object[] becauseArgs)
   at Appostolic.Api.Tests.Api.InvitesAcceptTests.Accept_SignedIn_User_Matches_Invite_Creates_Membership() in /Users/kevinmccreary/appostolic/apps/api.tests/Api/InvitesAcceptTests.cs:line 42
--- End of stack trace from previous location ---</StackTrace>
        </ErrorInfo>
      </Output>
    </UnitTestResult>
    <UnitTestResult executionId="cadd0321-269e-4829-9d3a-eaa0c586857c" testId="5404549b-a3b0-871f-9a8d-c5b5f387dff4" testName="Appostolic.Api.Tests.Api.UserProfileEndpointsTests.Get_me_returns_user_with_profile" computerName="mac" duration="00:00:00.0035685" startTime="2025-09-21T22:36:26.1103530-05:00" endTime="2025-09-21T22:36:26.1103530-05:00" testType="13cdc9d9-ddb5-4fa4-a97d-d965ccfc6d4b" outcome="Failed" testListId="8c84fa94-04c1-424b-9868-57a2d4851a1d" relativeResultsDirectory="cadd0321-269e-4829-9d3a-eaa0c586857c">
      <Output>
        <ErrorInfo>
          <Message>Expected resp.StatusCode to be HttpStatusCode.OK {value: 200}, but found HttpStatusCode.Unauthorized {value: 401}.</Message>
          <StackTrace>   at FluentAssertions.Execution.XUnit2TestFramework.Throw(String message)
   at FluentAssertions.Execution.TestFrameworkProvider.Throw(String message)
   at FluentAssertions.Execution.DefaultAssertionStrategy.HandleFailure(String message)
   at FluentAssertions.Execution.AssertionScope.FailWith(Func`1 failReasonFunc)
   at FluentAssertions.Execution.AssertionScope.FailWith(Func`1 failReasonFunc)
   at FluentAssertions.Execution.AssertionScope.FailWith(String message, Object[] args)
   at FluentAssertions.Primitives.EnumAssertions`2.Be(TEnum expected, String because, Object[] becauseArgs)
   at Appostolic.Api.Tests.Api.UserProfileEndpointsTests.Get_me_returns_user_with_profile() in /Users/kevinmccreary/appostolic/apps/api.tests/Api/UserProfileEndpointsTests.cs:line 26
--- End of stack trace from previous location ---</StackTrace>
        </ErrorInfo>
      </Output>
    </UnitTestResult>
    <UnitTestResult executionId="4710d243-6264-42f8-8ccd-715c76a32423" testId="c8cdac31-ad32-9a02-508c-02a988e5e017" testName="DbQueryToolTests.Reject_non_select" computerName="mac" duration="00:00:00.0002981" startTime="2025-09-21T22:36:23.0024860-05:00" endTime="2025-09-21T22:36:23.0024860-05:00" testType="13cdc9d9-ddb5-4fa4-a97d-d965ccfc6d4b" outcome="Passed" testListId="8c84fa94-04c1-424b-9868-57a2d4851a1d" relativeResultsDirectory="4710d243-6264-42f8-8ccd-715c76a32423" />
    <UnitTestResult executionId="679762bb-e0e1-4991-b5d7-13cd0c162fce" testId="f0e4d307-078d-a4e0-f168-b961578cd197" testName="Appostolic.Api.Tests.Security.RoleAuthorizationTests.CreatorPolicy_Denies_WhenNoMembership" computerName="mac" duration="00:00:00.0033225" startTime="2025-09-21T22:36:35.3107530-05:00" endTime="2025-09-21T22:36:35.3107530-05:00" testType="13cdc9d9-ddb5-4fa4-a97d-d965ccfc6d4b" outcome="Passed" testListId="8c84fa94-04c1-424b-9868-57a2d4851a1d" relativeResultsDirectory="679762bb-e0e1-4991-b5d7-13cd0c162fce" />
    <UnitTestResult executionId="36c857ad-a2bc-4ad2-9a74-16860d7e4512" testId="40e767b4-314a-d8ef-34b1-5c49d7ef55c4" testName="Appostolic.Api.Tests.Model.TokenEstimatorTests.EstimateTokens_Heuristic_CeilPer4Chars(text: &quot;&quot;, expected: 0)" computerName="mac" duration="00:00:00.0001409" startTime="2025-09-21T22:36:29.5716670-05:00" endTime="2025-09-21T22:36:29.5716670-05:00" testType="13cdc9d9-ddb5-4fa4-a97d-d965ccfc6d4b" outcome="Passed" testListId="8c84fa94-04c1-424b-9868-57a2d4851a1d" relativeResultsDirectory="36c857ad-a2bc-4ad2-9a74-16860d7e4512" />
    <UnitTestResult executionId="86f567ef-faa7-4003-9a50-b52603718192" testId="6af85923-8d05-0c62-0cc5-a5120df2d8e5" testName="Appostolic.Api.Tests.Api.AgentTasksEndpointsTests.List_Pending_ReturnsCreatedFirst" computerName="mac" duration="00:00:00.0034190" startTime="2025-09-21T22:36:22.9826530-05:00" endTime="2025-09-21T22:36:22.9826540-05:00" testType="13cdc9d9-ddb5-4fa4-a97d-d965ccfc6d4b" outcome="Failed" testListId="8c84fa94-04c1-424b-9868-57a2d4851a1d" relativeResultsDirectory="86f567ef-faa7-4003-9a50-b52603718192">
      <Output>
        <ErrorInfo>
          <Message>Expected resp.StatusCode to be HttpStatusCode.Created {value: 201}, but found HttpStatusCode.Unauthorized {value: 401}.</Message>
          <StackTrace>   at FluentAssertions.Execution.XUnit2TestFramework.Throw(String message)
   at FluentAssertions.Execution.TestFrameworkProvider.Throw(String message)
   at FluentAssertions.Execution.DefaultAssertionStrategy.HandleFailure(String message)
   at FluentAssertions.Execution.AssertionScope.FailWith(Func`1 failReasonFunc)
   at FluentAssertions.Execution.AssertionScope.FailWith(Func`1 failReasonFunc)
   at FluentAssertions.Execution.AssertionScope.FailWith(String message, Object[] args)
   at FluentAssertions.Primitives.EnumAssertions`2.Be(TEnum expected, String because, Object[] becauseArgs)
   at Appostolic.Api.Tests.Api.AgentTasksEndpointsTests.CreateTask_Returns201AndSummary() in /Users/kevinmccreary/appostolic/apps/api.tests/Api/AgentTasksEndpointsTests.cs:line 29
   at Appostolic.Api.Tests.Api.AgentTasksEndpointsTests.List_Pending_ReturnsCreatedFirst() in /Users/kevinmccreary/appostolic/apps/api.tests/Api/AgentTasksEndpointsTests.cs:line 57
--- End of stack trace from previous location ---</StackTrace>
        </ErrorInfo>
      </Output>
    </UnitTestResult>
    <UnitTestResult executionId="3ba1ca87-3a6c-42c9-83e2-0fb1e6ffaea9" testId="4f93dd2b-351a-bca6-2b8b-95fc20f20ddd" testName="Appostolic.Api.Tests.AgentTasks.AgentTasksListFilterPaginationTests.Paging_Returns_XTotalCount_And_DescOrdering" computerName="mac" duration="00:00:00.0084207" startTime="2025-09-21T22:36:22.3178040-05:00" endTime="2025-09-21T22:36:22.3178040-05:00" testType="13cdc9d9-ddb5-4fa4-a97d-d965ccfc6d4b" outcome="Failed" testListId="8c84fa94-04c1-424b-9868-57a2d4851a1d" relativeResultsDirectory="3ba1ca87-3a6c-42c9-83e2-0fb1e6ffaea9">
      <Output>
        <ErrorInfo>
          <Message>System.Net.Http.HttpRequestException : Response status code does not indicate success: 401 (Unauthorized).</Message>
          <StackTrace>   at System.Net.Http.HttpResponseMessage.EnsureSuccessStatusCode()
   at Appostolic.Api.Tests.AgentTasks.AgentTasksTestBase.CreateTaskAsync(Guid agentId, Object input, Nullable`1 enqueueDelayMs, Boolean suppressEnqueue) in /Users/kevinmccreary/appostolic/apps/api.tests/AgentTasks/AgentTasksTestBase.cs:line 89
   at Appostolic.Api.Tests.AgentTasks.AgentTasksListFilterPaginationTests.Paging_Returns_XTotalCount_And_DescOrdering() in /Users/kevinmccreary/appostolic/apps/api.tests/AgentTasks/AgentTasksListFilterPaginationTests.cs:line 16
--- End of stack trace from previous location ---</StackTrace>
        </ErrorInfo>
      </Output>
    </UnitTestResult>
    <UnitTestResult executionId="31633cee-27a3-4ab1-8366-e8feba4bae6c" testId="019214c2-5ff4-3fed-608d-44f050052b40" testName="Appostolic.Api.Tests.Api.AssignmentsApiTests.List_memberships_requires_admin_and_returns_roles" computerName="mac" duration="00:00:00.0022740" startTime="2025-09-21T22:36:47.2860220-05:00" endTime="2025-09-21T22:36:47.2860220-05:00" testType="13cdc9d9-ddb5-4fa4-a97d-d965ccfc6d4b" outcome="Failed" testListId="8c84fa94-04c1-424b-9868-57a2d4851a1d" relativeResultsDirectory="31633cee-27a3-4ab1-8366-e8feba4bae6c">
      <Output>
        <ErrorInfo>
          <Message>Expected ok.StatusCode to be HttpStatusCode.OK {value: 200}, but found HttpStatusCode.Unauthorized {value: 401}.</Message>
          <StackTrace>   at FluentAssertions.Execution.XUnit2TestFramework.Throw(String message)
   at FluentAssertions.Execution.TestFrameworkProvider.Throw(String message)
   at FluentAssertions.Execution.AssertionScope.FailWith(Func`1 failReasonFunc)
   at FluentAssertions.Primitives.EnumAssertions`2.Be(TEnum expected, String because, Object[] becauseArgs)
   at Appostolic.Api.Tests.Api.AssignmentsApiTests.List_memberships_requires_admin_and_returns_roles() in /Users/kevinmccreary/appostolic/apps/api.tests/Api/AssignmentsApiTests.cs:line 36
--- End of stack trace from previous location ---</StackTrace>
        </ErrorInfo>
      </Output>
    </UnitTestResult>
    <UnitTestResult executionId="5c9d7c81-bc75-4f3e-8dfd-984ee7a3a290" testId="de1a3f8c-fdc8-053c-df76-ab275a18af97" testName="Appostolic.Api.Tests.Security.RoleAuthorizationTests.ApplyRoleChange_Audits_WhenFlagsActuallyChange" computerName="mac" duration="00:00:00.0019204" startTime="2025-09-21T22:36:35.3126990-05:00" endTime="2025-09-21T22:36:35.3126990-05:00" testType="13cdc9d9-ddb5-4fa4-a97d-d965ccfc6d4b" outcome="Passed" testListId="8c84fa94-04c1-424b-9868-57a2d4851a1d" relativeResultsDirectory="5c9d7c81-bc75-4f3e-8dfd-984ee7a3a290" />
    <UnitTestResult executionId="c20b22d6-106b-43d5-ab79-7ee29e755237" testId="b973efc5-dbc0-83fe-9a29-a83b6705f73f" testName="Appostolic.Api.AuthTests.AuthTestClientTests.UseTenantAsync_AttachesTenantToken" computerName="mac" duration="00:00:00.0039217" startTime="2025-09-21T22:36:22.7137070-05:00" endTime="2025-09-21T22:36:22.7137070-05:00" testType="13cdc9d9-ddb5-4fa4-a97d-d965ccfc6d4b" outcome="Failed" testListId="8c84fa94-04c1-424b-9868-57a2d4851a1d" relativeResultsDirectory="c20b22d6-106b-43d5-ab79-7ee29e755237">
      <Output>
        <ErrorInfo>
          <Message>System.InvalidOperationException : Expected tenant token for slug 'kevin-personal' but helper returned null.</Message>
          <StackTrace>   at Appostolic.Api.AuthTests.AuthTestClient.UseTenantAsync(HttpClient client, String email, String tenantSlug) in /Users/kevinmccreary/appostolic/apps/api.tests/Auth/AuthTestClient.cs:line 34
   at Appostolic.Api.AuthTests.AuthTestClientTests.UseTenantAsync_AttachesTenantToken() in /Users/kevinmccreary/appostolic/apps/api.tests/Auth/AuthTestClientTests.cs:line 30
--- End of stack trace from previous location ---</StackTrace>
        </ErrorInfo>
      </Output>
    </UnitTestResult>
    <UnitTestResult executionId="40683495-d738-4381-8d8f-422356688a2e" testId="c64a9991-8173-cdf8-9198-d5935257f1a8" testName="Appostolic.Api.Tests.E2E.AgentTasksE2E_Concurrency.Worker_Processes_Many_Tasks_Reliably" computerName="mac" duration="00:00:00.3109728" startTime="2025-09-21T22:36:43.6618220-05:00" endTime="2025-09-21T22:36:43.6618220-05:00" testType="13cdc9d9-ddb5-4fa4-a97d-d965ccfc6d4b" outcome="Passed" testListId="8c84fa94-04c1-424b-9868-57a2d4851a1d" relativeResultsDirectory="40683495-d738-4381-8d8f-422356688a2e" />
    <UnitTestResult executionId="337b8dda-c7cd-4f3c-ba30-edf6aadde448" testId="21ae461c-c70e-da1d-6ae3-1fc6937d571a" testName="Appostolic.Api.Tests.Privacy.LoggingPIIScopeTests.PhoneScope_IncludesRedactedAndHash_WhenEnabled" computerName="mac" duration="00:00:00.0002820" startTime="2025-09-21T22:36:39.3881880-05:00" endTime="2025-09-21T22:36:39.3881880-05:00" testType="13cdc9d9-ddb5-4fa4-a97d-d965ccfc6d4b" outcome="Passed" testListId="8c84fa94-04c1-424b-9868-57a2d4851a1d" relativeResultsDirectory="337b8dda-c7cd-4f3c-ba30-edf6aadde448" />
    <UnitTestResult executionId="a32ecf77-f4fd-43d7-b62b-18f9de608382" testId="8f2edffb-b43d-5750-46cc-f6c9051abba5" testName="Appostolic.Api.AuthTests.LoginTests.Login_ValidCredentials_Returns200" computerName="mac" duration="00:00:00.2324416" startTime="2025-09-21T22:36:34.2414150-05:00" endTime="2025-09-21T22:36:34.2414150-05:00" testType="13cdc9d9-ddb5-4fa4-a97d-d965ccfc6d4b" outcome="Passed" testListId="8c84fa94-04c1-424b-9868-57a2d4851a1d" relativeResultsDirectory="a32ecf77-f4fd-43d7-b62b-18f9de608382" />
    <UnitTestResult executionId="06c47d69-e637-42ee-82ee-b7cb4b885dee" testId="4f12e680-b238-5f1e-d786-32a29acea93b" testName="Appostolic.Api.Tests.EmailProviderSelectionTests.Resolves_SendGrid_sender_when_provider_sendgrid" computerName="mac" duration="00:00:00.1032600" startTime="2025-09-21T22:36:47.7666850-05:00" endTime="2025-09-21T22:36:47.7666850-05:00" testType="13cdc9d9-ddb5-4fa4-a97d-d965ccfc6d4b" outcome="Passed" testListId="8c84fa94-04c1-424b-9868-57a2d4851a1d" relativeResultsDirectory="06c47d69-e637-42ee-82ee-b7cb4b885dee" />
    <UnitTestResult executionId="34bcbd2f-4e05-44e4-89c9-9319466faa24" testId="be1de379-3abe-1f02-3816-c02bcfed7529" testName="Appostolic.Api.Tests.Api.UserPasswordEndpointsTests.Change_password_succeeds_with_valid_current" computerName="mac" duration="00:00:00.1179465" startTime="2025-09-21T22:36:39.3849360-05:00" endTime="2025-09-21T22:36:39.3849360-05:00" testType="13cdc9d9-ddb5-4fa4-a97d-d965ccfc6d4b" outcome="Failed" testListId="8c84fa94-04c1-424b-9868-57a2d4851a1d" relativeResultsDirectory="34bcbd2f-4e05-44e4-89c9-9319466faa24">
      <Output>
        <ErrorInfo>
          <Message>Expected resp.StatusCode to be HttpStatusCode.NoContent {value: 204}, but found HttpStatusCode.Unauthorized {value: 401}.</Message>
          <StackTrace>   at FluentAssertions.Execution.XUnit2TestFramework.Throw(String message)
   at FluentAssertions.Execution.TestFrameworkProvider.Throw(String message)
   at FluentAssertions.Execution.AssertionScope.FailWith(Func`1 failReasonFunc)
   at FluentAssertions.Primitives.EnumAssertions`2.Be(TEnum expected, String because, Object[] becauseArgs)
   at Appostolic.Api.Tests.Api.UserPasswordEndpointsTests.Change_password_succeeds_with_valid_current() in /Users/kevinmccreary/appostolic/apps/api.tests/Api/UserPasswordEndpointsTests.cs:line 45
--- End of stack trace from previous location ---</StackTrace>
        </ErrorInfo>
      </Output>
    </UnitTestResult>
    <UnitTestResult executionId="760aec8b-7319-4208-b76e-a3d1e150fec3" testId="811026c2-41ce-4e18-121d-862774cd6272" testName="DbQueryToolTests.Select_lessons_where_id_param_object" computerName="mac" duration="00:00:00.0031807" startTime="2025-09-21T22:36:23.0021600-05:00" endTime="2025-09-21T22:36:23.0021600-05:00" testType="13cdc9d9-ddb5-4fa4-a97d-d965ccfc6d4b" outcome="Passed" testListId="8c84fa94-04c1-424b-9868-57a2d4851a1d" relativeResultsDirectory="760aec8b-7319-4208-b76e-a3d1e150fec3" />
    <UnitTestResult executionId="7cce8a83-3093-44de-bacc-9ed14d0775c0" testId="9e2bc8ee-63e7-247f-c2c7-e16759561a39" testName="Appostolic.Api.Tests.Api.TenantSettingsEndpointsTests.Upload_Logo_Rejects_Unsupported_Media_Type" computerName="mac" duration="00:00:00.0015823" startTime="2025-09-21T22:36:23.5677990-05:00" endTime="2025-09-21T22:36:23.5678000-05:00" testType="13cdc9d9-ddb5-4fa4-a97d-d965ccfc6d4b" outcome="Failed" testListId="8c84fa94-04c1-424b-9868-57a2d4851a1d" relativeResultsDirectory="7cce8a83-3093-44de-bacc-9ed14d0775c0">
      <Output>
        <ErrorInfo>
          <Message>Expected resp.StatusCode to be HttpStatusCode.UnsupportedMediaType {value: 415}, but found HttpStatusCode.Unauthorized {value: 401}.</Message>
          <StackTrace>   at FluentAssertions.Execution.XUnit2TestFramework.Throw(String message)
   at FluentAssertions.Execution.TestFrameworkProvider.Throw(String message)
   at FluentAssertions.Execution.DefaultAssertionStrategy.HandleFailure(String message)
   at FluentAssertions.Execution.AssertionScope.FailWith(Func`1 failReasonFunc)
   at FluentAssertions.Execution.AssertionScope.FailWith(Func`1 failReasonFunc)
   at FluentAssertions.Execution.AssertionScope.FailWith(String message, Object[] args)
   at FluentAssertions.Primitives.EnumAssertions`2.Be(TEnum expected, String because, Object[] becauseArgs)
   at Appostolic.Api.Tests.Api.TenantSettingsEndpointsTests.Upload_Logo_Rejects_Unsupported_Media_Type() in /Users/kevinmccreary/appostolic/apps/api.tests/Api/TenantSettingsEndpointsTests.cs:line 84
--- End of stack trace from previous location ---</StackTrace>
        </ErrorInfo>
      </Output>
    </UnitTestResult>
    <UnitTestResult executionId="909e9a6e-c71e-4155-bd28-0f41eb8cf244" testId="e4ef9dda-68e5-63b6-ccb6-0b8c602aab58" testName="Appostolic.Api.Tests.Notifications.AutoResendScannerTests.Skips_when_disabled" computerName="mac" duration="00:00:00.0015479" startTime="2025-09-21T22:36:29.4057250-05:00" endTime="2025-09-21T22:36:29.4057250-05:00" testType="13cdc9d9-ddb5-4fa4-a97d-d965ccfc6d4b" outcome="Passed" testListId="8c84fa94-04c1-424b-9868-57a2d4851a1d" relativeResultsDirectory="909e9a6e-c71e-4155-bd28-0f41eb8cf244" />
    <UnitTestResult executionId="3871757a-98b2-4e33-b4e9-d3720948590e" testId="c5bff5b6-ebf0-af02-169d-7b3aa82f66ca" testName="Appostolic.Api.AuthTests.AuthTestClientTests.UseNeutralAsync_SetsBearerHeader" computerName="mac" duration="00:00:00.0044312" startTime="2025-09-21T22:36:22.7178960-05:00" endTime="2025-09-21T22:36:22.7178970-05:00" testType="13cdc9d9-ddb5-4fa4-a97d-d965ccfc6d4b" outcome="Passed" testListId="8c84fa94-04c1-424b-9868-57a2d4851a1d" relativeResultsDirectory="3871757a-98b2-4e33-b4e9-d3720948590e" />
    <UnitTestResult executionId="d952fc47-09a2-4a79-9f51-2cfc4fd8e086" testId="0210a45e-88de-5f73-c8f5-588d89c200fa" testName="Appostolic.Api.Tests.Api.UserPasswordEndpointsTests.Change_password_rejects_weak_password" computerName="mac" duration="00:00:00.1178783" startTime="2025-09-21T22:36:39.2667660-05:00" endTime="2025-09-21T22:36:39.2667660-05:00" testType="13cdc9d9-ddb5-4fa4-a97d-d965ccfc6d4b" outcome="Failed" testListId="8c84fa94-04c1-424b-9868-57a2d4851a1d" relativeResultsDirectory="d952fc47-09a2-4a79-9f51-2cfc4fd8e086">
      <Output>
        <ErrorInfo>
          <Message>Expected resp.StatusCode to be HttpStatusCode.UnprocessableEntity {value: 422}, but found HttpStatusCode.Unauthorized {value: 401}.</Message>
          <StackTrace>   at FluentAssertions.Execution.XUnit2TestFramework.Throw(String message)
   at FluentAssertions.Execution.TestFrameworkProvider.Throw(String message)
   at FluentAssertions.Execution.AssertionScope.FailWith(Func`1 failReasonFunc)
   at FluentAssertions.Primitives.EnumAssertions`2.Be(TEnum expected, String because, Object[] becauseArgs)
   at Appostolic.Api.Tests.Api.UserPasswordEndpointsTests.Change_password_rejects_weak_password() in /Users/kevinmccreary/appostolic/apps/api.tests/Api/UserPasswordEndpointsTests.cs:line 63
--- End of stack trace from previous location ---</StackTrace>
        </ErrorInfo>
      </Output>
    </UnitTestResult>
    <UnitTestResult executionId="3691946f-2c7c-442e-b74f-c526635fded8" testId="61b122ca-f3a1-21e8-0492-e3c660390b05" testName="Appostolic.Api.Tests.EmailProviderSelectionTests.Resolves_Smtp_sender_when_provider_smtp" computerName="mac" duration="00:00:00.1080784" startTime="2025-09-21T22:36:47.6633960-05:00" endTime="2025-09-21T22:36:47.6633960-05:00" testType="13cdc9d9-ddb5-4fa4-a97d-d965ccfc6d4b" outcome="Passed" testListId="8c84fa94-04c1-424b-9868-57a2d4851a1d" relativeResultsDirectory="3691946f-2c7c-442e-b74f-c526635fded8" />
    <UnitTestResult executionId="617a5e65-c85d-4033-a2f5-389d77b607e0" testId="2c0e3ce9-5829-44ef-fbae-e96e2c0f5de9" testName="Appostolic.Api.Tests.Model.TokenEstimatorTests.EstimateTokens_Heuristic_CeilPer4Chars(text: &quot;abcdefgh&quot;, expected: 2)" computerName="mac" duration="00:00:00.0000697" startTime="2025-09-21T22:36:29.5717600-05:00" endTime="2025-09-21T22:36:29.5717600-05:00" testType="13cdc9d9-ddb5-4fa4-a97d-d965ccfc6d4b" outcome="Passed" testListId="8c84fa94-04c1-424b-9868-57a2d4851a1d" relativeResultsDirectory="617a5e65-c85d-4033-a2f5-389d77b607e0" />
    <UnitTestResult executionId="7dd0c50c-13a3-4cfb-bc40-43510ff6b92c" testId="1f65e069-4a6f-ccd5-bb6b-41fba0e75604" testName="Appostolic.Api.Tests.Api.NotificationsAdminEndpointsTests.Resend_metrics_emitted_for_manual_and_bulk" computerName="mac" duration="00:00:00.1475125" startTime="2025-09-21T22:36:40.1373030-05:00" endTime="2025-09-21T22:36:40.1373030-05:00" testType="13cdc9d9-ddb5-4fa4-a97d-d965ccfc6d4b" outcome="Failed" testListId="8c84fa94-04c1-424b-9868-57a2d4851a1d" relativeResultsDirectory="7dd0c50c-13a3-4cfb-bc40-43510ff6b92c">
      <Output>
        <ErrorInfo>
          <Message>Expected r1.StatusCode to be HttpStatusCode.Created {value: 201}, but found HttpStatusCode.InternalServerError {value: 500}.</Message>
          <StackTrace>   at FluentAssertions.Execution.XUnit2TestFramework.Throw(String message)
   at FluentAssertions.Execution.TestFrameworkProvider.Throw(String message)
   at FluentAssertions.Execution.AssertionScope.FailWith(Func`1 failReasonFunc)
   at FluentAssertions.Primitives.EnumAssertions`2.Be(TEnum expected, String because, Object[] becauseArgs)
   at Appostolic.Api.Tests.Api.NotificationsAdminEndpointsTests.Resend_metrics_emitted_for_manual_and_bulk() in /Users/kevinmccreary/appostolic/apps/api.tests/Api/NotificationsAdminEndpointsTests.cs:line 238
--- End of stack trace from previous location ---</StackTrace>
        </ErrorInfo>
      </Output>
    </UnitTestResult>
    <UnitTestResult executionId="a648f677-9b80-4324-961a-e16dce94672c" testId="57eb4321-b137-5017-063e-e3e669ff6aa8" testName="Appostolic.Api.Tests.E2E.NotificationsE2E_Mailhog.VerificationEmail_reaches_Mailhog_and_outbox_marks_Sent" computerName="mac" duration="00:00:00.1906786" startTime="2025-09-21T22:36:23.3919180-05:00" endTime="2025-09-21T22:36:23.3919190-05:00" testType="13cdc9d9-ddb5-4fa4-a97d-d965ccfc6d4b" outcome="Failed" testListId="8c84fa94-04c1-424b-9868-57a2d4851a1d" relativeResultsDirectory="a648f677-9b80-4324-961a-e16dce94672c">
      <Output>
        <ErrorInfo>
          <Message>System.Net.Http.HttpRequestException : Response status code does not indicate success: 500 (Internal Server Error).</Message>
          <StackTrace>   at System.Net.Http.HttpResponseMessage.EnsureSuccessStatusCode()
   at Appostolic.Api.Tests.E2E.NotificationsE2E_Mailhog.VerificationEmail_reaches_Mailhog_and_outbox_marks_Sent() in /Users/kevinmccreary/appostolic/apps/api.tests/E2E/NotificationsE2E_Mailhog.cs:line 105
--- End of stack trace from previous location ---</StackTrace>
        </ErrorInfo>
      </Output>
    </UnitTestResult>
    <UnitTestResult executionId="0cde9155-8d70-4f2e-abc5-816c95b41c1f" testId="897896ab-cee9-9ca5-ec01-253d0f0d6b3c" testName="Appostolic.Api.Tests.Api.DevGrantRolesEndpointTests.Grants_roles_to_new_user_and_membership" computerName="mac" duration="00:00:00.1601002" startTime="2025-09-21T22:36:36.9971710-05:00" endTime="2025-09-21T22:36:36.9971710-05:00" testType="13cdc9d9-ddb5-4fa4-a97d-d965ccfc6d4b" outcome="Failed" testListId="8c84fa94-04c1-424b-9868-57a2d4851a1d" relativeResultsDirectory="0cde9155-8d70-4f2e-abc5-816c95b41c1f">
      <Output>
        <ErrorInfo>
          <Message>Expected resp.StatusCode to be HttpStatusCode.OK {value: 200}, but found HttpStatusCode.Unauthorized {value: 401}.</Message>
          <StackTrace>   at FluentAssertions.Execution.XUnit2TestFramework.Throw(String message)
   at FluentAssertions.Execution.TestFrameworkProvider.Throw(String message)
   at FluentAssertions.Execution.AssertionScope.FailWith(Func`1 failReasonFunc)
   at FluentAssertions.Primitives.EnumAssertions`2.Be(TEnum expected, String because, Object[] becauseArgs)
   at Appostolic.Api.Tests.Api.DevGrantRolesEndpointTests.Grants_roles_to_new_user_and_membership() in /Users/kevinmccreary/appostolic/apps/api.tests/Api/DevGrantRolesEndpointTests.cs:line 37
--- End of stack trace from previous location ---</StackTrace>
        </ErrorInfo>
      </Output>
    </UnitTestResult>
    <UnitTestResult executionId="e27d5c49-f827-4ed7-8861-7427d6d73536" testId="40ebd0cf-bbbb-fdf7-f5ea-fbe8917da8c5" testName="Appostolic.Api.Tests.Auth.RefreshCookieHttpsTests.RefreshCookie_NotSecure_OverHttp" computerName="mac" duration="00:00:00.3901909" startTime="2025-09-21T22:36:29.0194530-05:00" endTime="2025-09-21T22:36:29.0194530-05:00" testType="13cdc9d9-ddb5-4fa4-a97d-d965ccfc6d4b" outcome="Passed" testListId="8c84fa94-04c1-424b-9868-57a2d4851a1d" relativeResultsDirectory="e27d5c49-f827-4ed7-8861-7427d6d73536" />
    <UnitTestResult executionId="3ca9fec8-c20a-4428-b1ba-2e8f109596a3" testId="12982ac4-b6b0-e458-3676-ece493490c27" testName="Appostolic.Api.Tests.Storage.S3ObjectStorageServiceTests.UploadAsync_UploadsWithPublicReadAndCacheControl_ReturnsPublicBaseUrl" computerName="mac" duration="00:00:00.0024600" startTime="2025-09-21T22:36:40.8399870-05:00" endTime="2025-09-21T22:36:40.8399880-05:00" testType="13cdc9d9-ddb5-4fa4-a97d-d965ccfc6d4b" outcome="Passed" testListId="8c84fa94-04c1-424b-9868-57a2d4851a1d" relativeResultsDirectory="3ca9fec8-c20a-4428-b1ba-2e8f109596a3" />
    <UnitTestResult executionId="e58db8f2-2c18-4cb1-8ff9-c9f7ab9f49bb" testId="aba3fbd3-bcbc-9249-c5c5-7eefeb58f8d5" testName="Appostolic.Api.Tests.Api.TenantSettingsEndpointsTests.Delete_Logo_Removes_Metadata" computerName="mac" duration="00:00:00.0029626" startTime="2025-09-21T22:36:23.5660760-05:00" endTime="2025-09-21T22:36:23.5660760-05:00" testType="13cdc9d9-ddb5-4fa4-a97d-d965ccfc6d4b" outcome="Failed" testListId="8c84fa94-04c1-424b-9868-57a2d4851a1d" relativeResultsDirectory="e58db8f2-2c18-4cb1-8ff9-c9f7ab9f49bb">
      <Output>
        <ErrorInfo>
          <Message>Expected uploadResp.StatusCode to be HttpStatusCode.OK {value: 200}, but found HttpStatusCode.Unauthorized {value: 401}.</Message>
          <StackTrace>   at FluentAssertions.Execution.XUnit2TestFramework.Throw(String message)
   at FluentAssertions.Execution.TestFrameworkProvider.Throw(String message)
   at FluentAssertions.Execution.DefaultAssertionStrategy.HandleFailure(String message)
   at FluentAssertions.Execution.AssertionScope.FailWith(Func`1 failReasonFunc)
   at FluentAssertions.Execution.AssertionScope.FailWith(Func`1 failReasonFunc)
   at FluentAssertions.Execution.AssertionScope.FailWith(String message, Object[] args)
   at FluentAssertions.Primitives.EnumAssertions`2.Be(TEnum expected, String because, Object[] becauseArgs)
   at Appostolic.Api.Tests.Api.TenantSettingsEndpointsTests.Delete_Logo_Removes_Metadata() in /Users/kevinmccreary/appostolic/apps/api.tests/Api/TenantSettingsEndpointsTests.cs:line 112
--- End of stack trace from previous location ---</StackTrace>
        </ErrorInfo>
      </Output>
    </UnitTestResult>
    <UnitTestResult executionId="62b2661b-65ed-44b1-9141-42718533e582" testId="ec039bf7-f831-a8e3-834c-89707ff2f6d2" testName="Appostolic.Api.Tests.NotificationEnqueuerTests.QueueVerification_uses_relative_when_base_missing" computerName="mac" duration="00:00:00.0024957" startTime="2025-09-21T22:36:47.5289110-05:00" endTime="2025-09-21T22:36:47.5289110-05:00" testType="13cdc9d9-ddb5-4fa4-a97d-d965ccfc6d4b" outcome="Passed" testListId="8c84fa94-04c1-424b-9868-57a2d4851a1d" relativeResultsDirectory="62b2661b-65ed-44b1-9141-42718533e582" />
    <UnitTestResult executionId="7d8af36d-4495-40a5-8ccc-c77e39d7014c" testId="c643053b-60cb-940b-5d09-78107183b82f" testName="Appostolic.Api.Tests.Api.UserAvatarEndpointsTests.UploadAvatar_TransparentLogo_PreservesDimensions_Webp" computerName="mac" duration="00:00:00.0028148" startTime="2025-09-21T22:36:33.8602760-05:00" endTime="2025-09-21T22:36:33.8602760-05:00" testType="13cdc9d9-ddb5-4fa4-a97d-d965ccfc6d4b" outcome="Failed" testListId="8c84fa94-04c1-424b-9868-57a2d4851a1d" relativeResultsDirectory="7d8af36d-4495-40a5-8ccc-c77e39d7014c">
      <Output>
        <ErrorInfo>
          <Message>Expected res.StatusCode to be HttpStatusCode.OK {value: 200}, but found HttpStatusCode.Unauthorized {value: 401}.</Message>
          <StackTrace>   at FluentAssertions.Execution.XUnit2TestFramework.Throw(String message)
   at FluentAssertions.Execution.TestFrameworkProvider.Throw(String message)
   at FluentAssertions.Execution.AssertionScope.FailWith(Func`1 failReasonFunc)
   at FluentAssertions.Execution.AssertionScope.FailWith(String message, Object[] args)
   at FluentAssertions.Primitives.EnumAssertions`2.Be(TEnum expected, String because, Object[] becauseArgs)
   at Appostolic.Api.Tests.Api.UserAvatarEndpointsTests.UploadAvatar_TransparentLogo_PreservesDimensions_Webp() in /Users/kevinmccreary/appostolic/apps/api.tests/Api/UserAvatarEndpointsTests.cs:line 157
--- End of stack trace from previous location ---</StackTrace>
        </ErrorInfo>
      </Output>
    </UnitTestResult>
    <UnitTestResult executionId="5914838b-3fd2-4a81-94a7-40d2a41b45b8" testId="5ad39d2c-d77f-b72d-621d-dc03058b3c06" testName="Appostolic.Api.Tests.Notifications.MagicLinkEmailTests.Renders_MagicLink_Snapshots_With_Link" computerName="mac" duration="00:00:00.0334942" startTime="2025-09-21T22:36:26.8315560-05:00" endTime="2025-09-21T22:36:26.8315560-05:00" testType="13cdc9d9-ddb5-4fa4-a97d-d965ccfc6d4b" outcome="Passed" testListId="8c84fa94-04c1-424b-9868-57a2d4851a1d" relativeResultsDirectory="5914838b-3fd2-4a81-94a7-40d2a41b45b8" />
    <UnitTestResult executionId="1f73d22c-f2d2-4e06-891d-f91626bda606" testId="66792d28-b742-2184-22b7-0db1029dfc14" testName="Appostolic.Api.AuthTests.TestTokenFactoryTests.MintTenantToken_FlagDisabled_ReturnsNotFound" computerName="mac" duration="00:00:00.1722349" startTime="2025-09-21T22:36:24.1290890-05:00" endTime="2025-09-21T22:36:24.1290890-05:00" testType="13cdc9d9-ddb5-4fa4-a97d-d965ccfc6d4b" outcome="Passed" testListId="8c84fa94-04c1-424b-9868-57a2d4851a1d" relativeResultsDirectory="1f73d22c-f2d2-4e06-891d-f91626bda606" />
    <UnitTestResult executionId="0b330f28-5888-407e-adab-55708201ac5f" testId="8c322062-c901-cc6c-6cc7-399543893d6b" testName="Appostolic.Api.Tests.Privacy.PIIHasherTests.HashEmail_Differs_WithDifferentPepper" computerName="mac" duration="00:00:00.0000478" startTime="2025-09-21T22:36:40.8344260-05:00" endTime="2025-09-21T22:36:40.8344260-05:00" testType="13cdc9d9-ddb5-4fa4-a97d-d965ccfc6d4b" outcome="Passed" testListId="8c84fa94-04c1-424b-9868-57a2d4851a1d" relativeResultsDirectory="0b330f28-5888-407e-adab-55708201ac5f" />
    <UnitTestResult executionId="cc276aff-c8f9-435f-8c1c-442ef812f007" testId="8a436d67-15f2-8a6f-b3c8-3df7d72a7066" testName="Appostolic.Api.Tests.E2E.AgentTasksE2E_Allowlist.Allowlist_Denied_Tool_Produces_Failed_Task_With_Error_Trace" computerName="mac" duration="00:00:00.2805482" startTime="2025-09-21T22:36:35.6003190-05:00" endTime="2025-09-21T22:36:35.6003190-05:00" testType="13cdc9d9-ddb5-4fa4-a97d-d965ccfc6d4b" outcome="Passed" testListId="8c84fa94-04c1-424b-9868-57a2d4851a1d" relativeResultsDirectory="cc276aff-c8f9-435f-8c1c-442ef812f007" />
    <UnitTestResult executionId="a3166aec-43ae-4e1c-8fc8-2488952d9179" testId="d8682838-1d38-dd8e-6c89-ae1bda81fecb" testName="Appostolic.Api.Tests.Api.MembersListTests.Owner_can_list_members" computerName="mac" duration="00:00:00.0041369" startTime="2025-09-21T22:36:43.8229540-05:00" endTime="2025-09-21T22:36:43.8229540-05:00" testType="13cdc9d9-ddb5-4fa4-a97d-d965ccfc6d4b" outcome="Failed" testListId="8c84fa94-04c1-424b-9868-57a2d4851a1d" relativeResultsDirectory="a3166aec-43ae-4e1c-8fc8-2488952d9179">
      <Output>
        <ErrorInfo>
          <Message>Expected resp.StatusCode to be HttpStatusCode.OK {value: 200}, but found HttpStatusCode.Unauthorized {value: 401}.</Message>
          <StackTrace>   at FluentAssertions.Execution.XUnit2TestFramework.Throw(String message)
   at FluentAssertions.Execution.TestFrameworkProvider.Throw(String message)
   at FluentAssertions.Execution.AssertionScope.FailWith(Func`1 failReasonFunc)
   at FluentAssertions.Primitives.EnumAssertions`2.Be(TEnum expected, String because, Object[] becauseArgs)
   at Appostolic.Api.Tests.Api.MembersListTests.Owner_can_list_members() in /Users/kevinmccreary/appostolic/apps/api.tests/Api/MembersListTests.cs:line 36
--- End of stack trace from previous location ---</StackTrace>
        </ErrorInfo>
      </Output>
    </UnitTestResult>
    <UnitTestResult executionId="8559aa35-1095-46cb-b7af-e467a92d8030" testId="f29c304c-de8d-5b22-7419-b529648ccc86" testName="Appostolic.Api.Tests.Auth.RefreshEndpointTests.Refresh_Succeeds_With_Cookie_Rotation" computerName="mac" duration="00:00:00.6996313" startTime="2025-09-21T22:36:42.1493800-05:00" endTime="2025-09-21T22:36:42.1493800-05:00" testType="13cdc9d9-ddb5-4fa4-a97d-d965ccfc6d4b" outcome="Passed" testListId="8c84fa94-04c1-424b-9868-57a2d4851a1d" relativeResultsDirectory="8559aa35-1095-46cb-b7af-e467a92d8030" />
    <UnitTestResult executionId="93435847-a906-4f05-9e4b-9dec868afa97" testId="3946d5e6-354d-0b10-e6eb-595cda5f42bd" testName="Appostolic.Api.Tests.Api.FlagsIntegrityTests.No_membership_has_zero_roles_bitmask" computerName="mac" duration="00:00:00.1435585" startTime="2025-09-21T22:36:36.6856060-05:00" endTime="2025-09-21T22:36:36.6856060-05:00" testType="13cdc9d9-ddb5-4fa4-a97d-d965ccfc6d4b" outcome="Passed" testListId="8c84fa94-04c1-424b-9868-57a2d4851a1d" relativeResultsDirectory="93435847-a906-4f05-9e4b-9dec868afa97" />
    <UnitTestResult executionId="cd5016b0-70a9-4a0a-9edb-f7271434740a" testId="f53587d7-cc90-0182-8a77-44034bb01e5e" testName="Appostolic.Api.Tests.ModelMappingTests.Agent_indexes_are_configured_in_model" computerName="mac" duration="00:00:00.0002932" startTime="2025-09-21T22:36:21.8200670-05:00" endTime="2025-09-21T22:36:21.8200670-05:00" testType="13cdc9d9-ddb5-4fa4-a97d-d965ccfc6d4b" outcome="Passed" testListId="8c84fa94-04c1-424b-9868-57a2d4851a1d" relativeResultsDirectory="cd5016b0-70a9-4a0a-9edb-f7271434740a" />
    <UnitTestResult executionId="8e8da09c-e30d-4ca5-a193-2aa09a5c21e6" testId="2e294ae5-fc9b-2692-1d65-f4ebb89ab5ef" testName="Appostolic.Api.Tests.Api.NotificationsAdminEndpointsTests.Dlq_replay_requeues_and_publishes_ids" computerName="mac" duration="00:00:00.1546585" startTime="2025-09-21T22:36:39.5437840-05:00" endTime="2025-09-21T22:36:39.5437840-05:00" testType="13cdc9d9-ddb5-4fa4-a97d-d965ccfc6d4b" outcome="Failed" testListId="8c84fa94-04c1-424b-9868-57a2d4851a1d" relativeResultsDirectory="8e8da09c-e30d-4ca5-a193-2aa09a5c21e6">
      <Output>
        <ErrorInfo>
          <Message>Expected resp.StatusCode to be HttpStatusCode.OK {value: 200}, but found HttpStatusCode.InternalServerError {value: 500}.</Message>
          <StackTrace>   at FluentAssertions.Execution.XUnit2TestFramework.Throw(String message)
   at FluentAssertions.Execution.TestFrameworkProvider.Throw(String message)
   at FluentAssertions.Execution.AssertionScope.FailWith(Func`1 failReasonFunc)
   at FluentAssertions.Primitives.EnumAssertions`2.Be(TEnum expected, String because, Object[] becauseArgs)
   at Appostolic.Api.Tests.Api.NotificationsAdminEndpointsTests.Dlq_replay_requeues_and_publishes_ids() in /Users/kevinmccreary/appostolic/apps/api.tests/Api/NotificationsAdminEndpointsTests.cs:line 308
--- End of stack trace from previous location ---</StackTrace>
        </ErrorInfo>
      </Output>
    </UnitTestResult>
    <UnitTestResult executionId="28751bcf-ac7e-4962-84ce-55f37d378cc9" testId="e7a0570b-32c5-3b4e-7767-9ca541c22b6e" testName="Appostolic.Api.Tests.Privacy.LoggingPIIScopeTests.PhoneScope_OnlyRedacted_WhenDisabled" computerName="mac" duration="00:00:00.0026675" startTime="2025-09-21T22:36:39.3878930-05:00" endTime="2025-09-21T22:36:39.3878930-05:00" testType="13cdc9d9-ddb5-4fa4-a97d-d965ccfc6d4b" outcome="Passed" testListId="8c84fa94-04c1-424b-9868-57a2d4851a1d" relativeResultsDirectory="28751bcf-ac7e-4962-84ce-55f37d378cc9" />
    <UnitTestResult executionId="6bb4710b-8211-4cc4-85bf-9fefca9783b5" testId="7e0d251c-aca1-3165-2651-f2996ab661b8" testName="DbQueryToolTests.Select_users_all_rows" computerName="mac" duration="00:00:00.0045224" startTime="2025-09-21T22:36:22.9989010-05:00" endTime="2025-09-21T22:36:22.9989010-05:00" testType="13cdc9d9-ddb5-4fa4-a97d-d965ccfc6d4b" outcome="Passed" testListId="8c84fa94-04c1-424b-9868-57a2d4851a1d" relativeResultsDirectory="6bb4710b-8211-4cc4-85bf-9fefca9783b5" />
    <UnitTestResult executionId="0d211434-22d9-4f7d-825c-0bb7f17baee2" testId="b3de0f6b-2ac2-0bee-ef58-144a8741a412" testName="Appostolic.Api.Tests.Privacy.PIIHasherTests.HashPhone_NormalizesDigits" computerName="mac" duration="00:00:00.0002242" startTime="2025-09-21T22:36:40.8334160-05:00" endTime="2025-09-21T22:36:40.8334160-05:00" testType="13cdc9d9-ddb5-4fa4-a97d-d965ccfc6d4b" outcome="Passed" testListId="8c84fa94-04c1-424b-9868-57a2d4851a1d" relativeResultsDirectory="0d211434-22d9-4f7d-825c-0bb7f17baee2" />
    <UnitTestResult executionId="85359dbb-8f8e-4383-9ad4-bc1d36ec1edc" testId="7c574249-6de4-087c-ac92-00dedf541e78" testName="Appostolic.Api.Tests.Api.NotificationsProdEndpointsTests.Tenant_owner_can_list_and_retry_within_tenant" computerName="mac" duration="00:00:00.1631122" startTime="2025-09-21T22:36:25.7558290-05:00" endTime="2025-09-21T22:36:25.7558290-05:00" testType="13cdc9d9-ddb5-4fa4-a97d-d965ccfc6d4b" outcome="Failed" testListId="8c84fa94-04c1-424b-9868-57a2d4851a1d" relativeResultsDirectory="85359dbb-8f8e-4383-9ad4-bc1d36ec1edc">
      <Output>
        <ErrorInfo>
          <Message>Expected listResp.StatusCode to be HttpStatusCode.OK {value: 200}, but found HttpStatusCode.InternalServerError {value: 500}.</Message>
          <StackTrace>   at FluentAssertions.Execution.XUnit2TestFramework.Throw(String message)
   at FluentAssertions.Execution.TestFrameworkProvider.Throw(String message)
   at FluentAssertions.Execution.DefaultAssertionStrategy.HandleFailure(String message)
   at FluentAssertions.Execution.AssertionScope.FailWith(Func`1 failReasonFunc)
   at FluentAssertions.Execution.AssertionScope.FailWith(Func`1 failReasonFunc)
   at FluentAssertions.Execution.AssertionScope.FailWith(String message, Object[] args)
   at FluentAssertions.Primitives.EnumAssertions`2.Be(TEnum expected, String because, Object[] becauseArgs)
   at Appostolic.Api.Tests.Api.NotificationsProdEndpointsTests.Tenant_owner_can_list_and_retry_within_tenant() in /Users/kevinmccreary/appostolic/apps/api.tests/Api/NotificationsProdEndpointsTests.cs:line 41
--- End of stack trace from previous location ---</StackTrace>
        </ErrorInfo>
      </Output>
    </UnitTestResult>
    <UnitTestResult executionId="7cfbeefe-a9d9-411d-982b-659c1874ae9a" testId="46709c0e-39a7-32eb-a6b2-6f7ada21050d" testName="Appostolic.Api.Tests.Api.TenantSettingsEndpointsTests.Upload_Logo_Succeeds_And_Stores_Metadata" computerName="mac" duration="00:00:00.1649029" startTime="2025-09-21T22:36:23.5573710-05:00" endTime="2025-09-21T22:36:23.5573710-05:00" testType="13cdc9d9-ddb5-4fa4-a97d-d965ccfc6d4b" outcome="Failed" testListId="8c84fa94-04c1-424b-9868-57a2d4851a1d" relativeResultsDirectory="7cfbeefe-a9d9-411d-982b-659c1874ae9a">
      <Output>
        <ErrorInfo>
          <Message>Expected resp.StatusCode to be HttpStatusCode.OK {value: 200}, but found HttpStatusCode.Unauthorized {value: 401}.</Message>
          <StackTrace>   at FluentAssertions.Execution.XUnit2TestFramework.Throw(String message)
   at FluentAssertions.Execution.TestFrameworkProvider.Throw(String message)
   at FluentAssertions.Execution.DefaultAssertionStrategy.HandleFailure(String message)
   at FluentAssertions.Execution.AssertionScope.FailWith(Func`1 failReasonFunc)
   at FluentAssertions.Execution.AssertionScope.FailWith(Func`1 failReasonFunc)
   at FluentAssertions.Execution.AssertionScope.FailWith(String message, Object[] args)
   at FluentAssertions.Primitives.EnumAssertions`2.Be(TEnum expected, String because, Object[] becauseArgs)
   at Appostolic.Api.Tests.Api.TenantSettingsEndpointsTests.Upload_Logo_Succeeds_And_Stores_Metadata() in /Users/kevinmccreary/appostolic/apps/api.tests/Api/TenantSettingsEndpointsTests.cs:line 65
--- End of stack trace from previous location ---</StackTrace>
        </ErrorInfo>
      </Output>
    </UnitTestResult>
    <UnitTestResult executionId="3bc3f599-cb13-488b-87d3-3b9c76d0f552" testId="214b8407-591b-5f7a-aa16-7961a8df13e5" testName="Appostolic.Api.Tests.Api.MembersListTests.Unauthenticated_request_returns_401_or_403" computerName="mac" duration="00:00:00.0026162" startTime="2025-09-21T22:36:43.8255990-05:00" endTime="2025-09-21T22:36:43.8255990-05:00" testType="13cdc9d9-ddb5-4fa4-a97d-d965ccfc6d4b" outcome="Passed" testListId="8c84fa94-04c1-424b-9868-57a2d4851a1d" relativeResultsDirectory="3bc3f599-cb13-488b-87d3-3b9c76d0f552" />
    <UnitTestResult executionId="5c12e740-3518-4a95-a778-2ebf931e9bac" testId="15c612de-362f-873c-6b3e-94b2c6bfd929" testName="Appostolic.Api.AuthTests.LoginTenantSelectionTests.Login_MultiMembership_NoTenantParam_HasNoTenantToken" computerName="mac" duration="00:00:00.2571319" startTime="2025-09-21T22:36:38.2462790-05:00" endTime="2025-09-21T22:36:38.2462790-05:00" testType="13cdc9d9-ddb5-4fa4-a97d-d965ccfc6d4b" outcome="Passed" testListId="8c84fa94-04c1-424b-9868-57a2d4851a1d" relativeResultsDirectory="5c12e740-3518-4a95-a778-2ebf931e9bac" />
    <UnitTestResult executionId="d1350d05-bab3-49d1-9b64-f9978833a3b6" testId="689d43e4-6cb5-4009-1ac6-7e50bf4ccc94" testName="Appostolic.Api.Tests.Api.UserAvatarEndpointsTests.UploadAvatar_Succeeds_WithPngUnder2MB" computerName="mac" duration="00:00:00.0027942" startTime="2025-09-21T22:36:33.8161910-05:00" endTime="2025-09-21T22:36:33.8161910-05:00" testType="13cdc9d9-ddb5-4fa4-a97d-d965ccfc6d4b" outcome="Failed" testListId="8c84fa94-04c1-424b-9868-57a2d4851a1d" relativeResultsDirectory="d1350d05-bab3-49d1-9b64-f9978833a3b6">
      <Output>
        <ErrorInfo>
          <Message>Expected res.StatusCode to be HttpStatusCode.OK {value: 200}, but found HttpStatusCode.Unauthorized {value: 401}.</Message>
          <StackTrace>   at FluentAssertions.Execution.XUnit2TestFramework.Throw(String message)
   at FluentAssertions.Execution.TestFrameworkProvider.Throw(String message)
   at FluentAssertions.Execution.AssertionScope.FailWith(Func`1 failReasonFunc)
   at FluentAssertions.Execution.AssertionScope.FailWith(String message, Object[] args)
   at FluentAssertions.Primitives.EnumAssertions`2.Be(TEnum expected, String because, Object[] becauseArgs)
   at Appostolic.Api.Tests.Api.UserAvatarEndpointsTests.UploadAvatar_Succeeds_WithPngUnder2MB() in /Users/kevinmccreary/appostolic/apps/api.tests/Api/UserAvatarEndpointsTests.cs:line 41
--- End of stack trace from previous location ---</StackTrace>
        </ErrorInfo>
      </Output>
    </UnitTestResult>
    <UnitTestResult executionId="90ff804f-acec-4a6b-8bba-12dd6686dba1" testId="d9d051a9-d261-1011-dbde-e42b30d539a9" testName="Appostolic.Api.Tests.Orchestrator.AgentOrchestratorTests.ToolMissing_FailsWithToolNotFound" computerName="mac" duration="00:00:00.0010520" startTime="2025-09-21T22:36:47.1136140-05:00" endTime="2025-09-21T22:36:47.1136140-05:00" testType="13cdc9d9-ddb5-4fa4-a97d-d965ccfc6d4b" outcome="Passed" testListId="8c84fa94-04c1-424b-9868-57a2d4851a1d" relativeResultsDirectory="90ff804f-acec-4a6b-8bba-12dd6686dba1" />
    <UnitTestResult executionId="1b067584-78d2-43a1-9604-57130fbabe9b" testId="9b729b7e-a306-20a1-7040-eda547fe8bec" testName="Appostolic.Api.Tests.E2E.AgentTasksE2E_HappyPath.EndToEnd_CreatesTask_RunsToSuccess_TracesAndTokensPresent" computerName="mac" duration="00:00:00.2682810" startTime="2025-09-21T22:36:46.8101810-05:00" endTime="2025-09-21T22:36:46.8101810-05:00" testType="13cdc9d9-ddb5-4fa4-a97d-d965ccfc6d4b" outcome="Passed" testListId="8c84fa94-04c1-424b-9868-57a2d4851a1d" relativeResultsDirectory="1b067584-78d2-43a1-9604-57130fbabe9b" />
    <UnitTestResult executionId="40c469cb-9465-4ff1-814e-c371e257a5f6" testId="67c9746f-1f57-937b-6598-3968df73012b" testName="Appostolic.Api.Tests.Api.DevGrantRolesEndpointTests.Updates_existing_membership_roles" computerName="mac" duration="00:00:00.0064328" startTime="2025-09-21T22:36:37.0087390-05:00" endTime="2025-09-21T22:36:37.0087390-05:00" testType="13cdc9d9-ddb5-4fa4-a97d-d965ccfc6d4b" outcome="Failed" testListId="8c84fa94-04c1-424b-9868-57a2d4851a1d" relativeResultsDirectory="40c469cb-9465-4ff1-814e-c371e257a5f6">
      <Output>
        <ErrorInfo>
          <Message>Expected resp.StatusCode to be HttpStatusCode.OK {value: 200}, but found HttpStatusCode.Unauthorized {value: 401}.</Message>
          <StackTrace>   at FluentAssertions.Execution.XUnit2TestFramework.Throw(String message)
   at FluentAssertions.Execution.TestFrameworkProvider.Throw(String message)
   at FluentAssertions.Execution.AssertionScope.FailWith(Func`1 failReasonFunc)
   at FluentAssertions.Primitives.EnumAssertions`2.Be(TEnum expected, String because, Object[] becauseArgs)
   at Appostolic.Api.Tests.Api.DevGrantRolesEndpointTests.Updates_existing_membership_roles() in /Users/kevinmccreary/appostolic/apps/api.tests/Api/DevGrantRolesEndpointTests.cs:line 82
--- End of stack trace from previous location ---</StackTrace>
        </ErrorInfo>
      </Output>
    </UnitTestResult>
    <UnitTestResult executionId="c2ca1413-d43f-48f0-b589-1ee7f753f61c" testId="ad4c69db-d5c6-f4c3-9052-619bff8dd14e" testName="Appostolic.Api.Tests.Privacy.PIIRedactorTests.RedactPhone_Works(input: &quot;1234&quot;, expected: &quot;***1234&quot;)" computerName="mac" duration="00:00:00.0000519" startTime="2025-09-21T22:36:34.7220030-05:00" endTime="2025-09-21T22:36:34.7220030-05:00" testType="13cdc9d9-ddb5-4fa4-a97d-d965ccfc6d4b" outcome="Passed" testListId="8c84fa94-04c1-424b-9868-57a2d4851a1d" relativeResultsDirectory="c2ca1413-d43f-48f0-b589-1ee7f753f61c" />
    <UnitTestResult executionId="70b81884-b254-458a-8b51-62bb2b2cc0be" testId="21127838-ea89-b283-653a-0b46d8acc590" testName="Appostolic.Api.Tests.EmailDedupeTests.Dedupe_suppresses_duplicate_messages" computerName="mac" duration="00:00:00.3033184" startTime="2025-09-21T22:36:22.1234340-05:00" endTime="2025-09-21T22:36:22.1234340-05:00" testType="13cdc9d9-ddb5-4fa4-a97d-d965ccfc6d4b" outcome="Passed" testListId="8c84fa94-04c1-424b-9868-57a2d4851a1d" relativeResultsDirectory="70b81884-b254-458a-8b51-62bb2b2cc0be" />
    <UnitTestResult executionId="8935bb84-78a8-4336-97bf-ac6b0abe2de5" testId="4e1ca1b4-b9b1-5960-9cb6-b80a113ec54d" testName="Appostolic.Api.Tests.Auth.RefreshEndpointTests.Refresh_Fails_When_Token_Expired" computerName="mac" duration="00:00:00.2612063" startTime="2025-09-21T22:36:43.3502720-05:00" endTime="2025-09-21T22:36:43.3502720-05:00" testType="13cdc9d9-ddb5-4fa4-a97d-d965ccfc6d4b" outcome="Passed" testListId="8c84fa94-04c1-424b-9868-57a2d4851a1d" relativeResultsDirectory="8935bb84-78a8-4336-97bf-ac6b0abe2de5" />
    <UnitTestResult executionId="efc65d38-f211-41f1-a9ee-4035d821cc38" testId="e7581818-0663-f767-821c-25fbea112d88" testName="Appostolic.Api.Tests.Privacy.PIIHasherTests.HashPhone_Differs_WithDifferentPepper" computerName="mac" duration="00:00:00.0009192" startTime="2025-09-21T22:36:40.8343750-05:00" endTime="2025-09-21T22:36:40.8343750-05:00" testType="13cdc9d9-ddb5-4fa4-a97d-d965ccfc6d4b" outcome="Passed" testListId="8c84fa94-04c1-424b-9868-57a2d4851a1d" relativeResultsDirectory="efc65d38-f211-41f1-a9ee-4035d821cc38" />
    <UnitTestResult executionId="fdb1ea89-9956-4306-94d5-27c832ed4460" testId="ed8d7d20-a6f1-0500-d78a-14c17a721b87" testName="Appostolic.Api.Tests.AgentOrchestratorTests.MaxStepsExceeded_FailsAfterCap" computerName="mac" duration="00:00:00.0009961" startTime="2025-09-21T22:36:47.5367160-05:00" endTime="2025-09-21T22:36:47.5367160-05:00" testType="13cdc9d9-ddb5-4fa4-a97d-d965ccfc6d4b" outcome="Passed" testListId="8c84fa94-04c1-424b-9868-57a2d4851a1d" relativeResultsDirectory="fdb1ea89-9956-4306-94d5-27c832ed4460" />
    <UnitTestResult executionId="e9bc1f30-3bdb-4688-9a00-3a78eb09b7a2" testId="f3139bd5-165e-b0d0-2da0-a0210810049e" testName="Appostolic.Api.Tests.Api.AuthPasswordFlowsTests.ResetPassword_WithInvalidToken_ReturnsBadRequest" computerName="mac" duration="00:00:00.1541490" startTime="2025-09-21T22:36:46.1857580-05:00" endTime="2025-09-21T22:36:46.1857580-05:00" testType="13cdc9d9-ddb5-4fa4-a97d-d965ccfc6d4b" outcome="Passed" testListId="8c84fa94-04c1-424b-9868-57a2d4851a1d" relativeResultsDirectory="e9bc1f30-3bdb-4688-9a00-3a78eb09b7a2" />
    <UnitTestResult executionId="44ea17ab-20e9-47eb-815c-8c3342e60d5e" testId="515d6282-fd19-872e-c191-d3eda2049a23" testName="Appostolic.Api.Tests.Api.AuthPasswordFlowsTests.ForgotPassword_AcceptsAndStoresToken_SendsEmail" computerName="mac" duration="00:00:00.0080031" startTime="2025-09-21T22:36:46.3102240-05:00" endTime="2025-09-21T22:36:46.3102240-05:00" testType="13cdc9d9-ddb5-4fa4-a97d-d965ccfc6d4b" outcome="Passed" testListId="8c84fa94-04c1-424b-9868-57a2d4851a1d" relativeResultsDirectory="44ea17ab-20e9-47eb-815c-8c3342e60d5e" />
    <UnitTestResult executionId="9504b29f-3a3f-4748-be80-47a9510db675" testId="15cbfaf6-f281-76a3-247c-7837115e23b9" testName="Appostolic.Api.Tests.Auth.LogoutTests.LogoutAll_RevokesAccessTokenVersion" computerName="mac" duration="00:00:00.3969935" startTime="2025-09-21T22:36:44.2231580-05:00" endTime="2025-09-21T22:36:44.2231580-05:00" testType="13cdc9d9-ddb5-4fa4-a97d-d965ccfc6d4b" outcome="Passed" testListId="8c84fa94-04c1-424b-9868-57a2d4851a1d" relativeResultsDirectory="9504b29f-3a3f-4748-be80-47a9510db675" />
    <UnitTestResult executionId="8409684b-442b-41ac-a24d-3ba2bac836e9" testId="cc013720-f8b7-b972-40e8-34c7328bfdae" testName="Appostolic.Api.Tests.Orchestrator.AgentOrchestratorTests.ToolNotAllowed_FailsAndTracesFailure" computerName="mac" duration="00:00:00.0049547" startTime="2025-09-21T22:36:47.1125450-05:00" endTime="2025-09-21T22:36:47.1125450-05:00" testType="13cdc9d9-ddb5-4fa4-a97d-d965ccfc6d4b" outcome="Passed" testListId="8c84fa94-04c1-424b-9868-57a2d4851a1d" relativeResultsDirectory="8409684b-442b-41ac-a24d-3ba2bac836e9" />
    <UnitTestResult executionId="c9377e33-f74c-43d2-a802-1a31cf54ed04" testId="f7ebc4d6-d0ec-6ad3-fd73-f4c53b67f8a0" testName="Appostolic.Api.AuthTests.MagicConsumeRolesSerializationTests.MagicConsume_IncludesRolesBitmaskOnMembership" computerName="mac" duration="00:00:00.7042210" startTime="2025-09-21T22:36:33.0042230-05:00" endTime="2025-09-21T22:36:33.0042230-05:00" testType="13cdc9d9-ddb5-4fa4-a97d-d965ccfc6d4b" outcome="Passed" testListId="8c84fa94-04c1-424b-9868-57a2d4851a1d" relativeResultsDirectory="c9377e33-f74c-43d2-a802-1a31cf54ed04" />
    <UnitTestResult executionId="86d140c4-c6c8-4660-9fe9-f8fb26b3e247" testId="d4f44d27-452c-a77e-5891-0807797b42c9" testName="Appostolic.Api.Tests.SwaggerEndpointTests.SwaggerUI_ReturnsHtml" computerName="mac" duration="00:00:00.1821097" startTime="2025-09-21T22:36:47.4709240-05:00" endTime="2025-09-21T22:36:47.4709240-05:00" testType="13cdc9d9-ddb5-4fa4-a97d-d965ccfc6d4b" outcome="Passed" testListId="8c84fa94-04c1-424b-9868-57a2d4851a1d" relativeResultsDirectory="86d140c4-c6c8-4660-9fe9-f8fb26b3e247" />
    <UnitTestResult executionId="2d716545-3f04-4e2f-b8fb-365210dc8780" testId="08f6a7e9-7601-1519-2953-5bafd6576a90" testName="Appostolic.Api.AuthTests.LoginTenantSelectionTests.Login_MultiMembership_TenantSlug_EmitsTenantToken" computerName="mac" duration="00:00:00.6297509" startTime="2025-09-21T22:36:38.8762470-05:00" endTime="2025-09-21T22:36:38.8762470-05:00" testType="13cdc9d9-ddb5-4fa4-a97d-d965ccfc6d4b" outcome="Passed" testListId="8c84fa94-04c1-424b-9868-57a2d4851a1d" relativeResultsDirectory="2d716545-3f04-4e2f-b8fb-365210dc8780" />
    <UnitTestResult executionId="05ca4291-b8b0-4e0e-ba2f-096f42209de3" testId="d3e47fb0-198c-5eff-c3a7-e584b9e9130b" testName="Appostolic.Api.Tests.Api.AuditsListingEndpointTests.Returns_400_on_invalid_guid_filters" computerName="mac" duration="00:00:00.0031208" startTime="2025-09-21T22:36:27.0302440-05:00" endTime="2025-09-21T22:36:27.0302440-05:00" testType="13cdc9d9-ddb5-4fa4-a97d-d965ccfc6d4b" outcome="Failed" testListId="8c84fa94-04c1-424b-9868-57a2d4851a1d" relativeResultsDirectory="05ca4291-b8b0-4e0e-ba2f-096f42209de3">
      <Output>
        <ErrorInfo>
          <Message>Expected rBadUser.StatusCode to be HttpStatusCode.BadRequest {value: 400}, but found HttpStatusCode.Unauthorized {value: 401}.</Message>
          <StackTrace>   at FluentAssertions.Execution.XUnit2TestFramework.Throw(String message)
   at FluentAssertions.Execution.TestFrameworkProvider.Throw(String message)
   at FluentAssertions.Execution.DefaultAssertionStrategy.HandleFailure(String message)
   at FluentAssertions.Execution.AssertionScope.FailWith(Func`1 failReasonFunc)
   at FluentAssertions.Execution.AssertionScope.FailWith(Func`1 failReasonFunc)
   at FluentAssertions.Execution.AssertionScope.FailWith(String message, Object[] args)
   at FluentAssertions.Primitives.EnumAssertions`2.Be(TEnum expected, String because, Object[] becauseArgs)
   at Appostolic.Api.Tests.Api.AuditsListingEndpointTests.Returns_400_on_invalid_guid_filters() in /Users/kevinmccreary/appostolic/apps/api.tests/Api/AuditsListingEndpointTests.cs:line 124
--- End of stack trace from previous location ---</StackTrace>
        </ErrorInfo>
      </Output>
    </UnitTestResult>
    <UnitTestResult executionId="4e66aead-7fb7-4be3-a40c-6377f8d7cef7" testId="ba2eb800-eb24-7df5-1df2-54952a0268c0" testName="Appostolic.Api.AuthTests.LoginTenantSelectionTests.Login_MultiMembership_TenantAuto_Returns409" computerName="mac" duration="00:00:00.7966373" startTime="2025-09-21T22:36:37.9889470-05:00" endTime="2025-09-21T22:36:37.9889470-05:00" testType="13cdc9d9-ddb5-4fa4-a97d-d965ccfc6d4b" outcome="Passed" testListId="8c84fa94-04c1-424b-9868-57a2d4851a1d" relativeResultsDirectory="4e66aead-7fb7-4be3-a40c-6377f8d7cef7" />
    <UnitTestResult executionId="104a90c0-ca49-4237-85fa-a69a17185ba1" testId="471ada29-d1b9-b714-f87d-61c9b416c255" testName="Appostolic.Api.Tests.Privacy.PIIRedactorTests.RedactPhone_Works(input: &quot;+1 (555) 123-4567&quot;, expected: &quot;***4567&quot;)" computerName="mac" duration="00:00:00.0000089" startTime="2025-09-21T22:36:34.7220180-05:00" endTime="2025-09-21T22:36:34.7220190-05:00" testType="13cdc9d9-ddb5-4fa4-a97d-d965ccfc6d4b" outcome="Passed" testListId="8c84fa94-04c1-424b-9868-57a2d4851a1d" relativeResultsDirectory="104a90c0-ca49-4237-85fa-a69a17185ba1" />
    <UnitTestResult executionId="aff0b2a4-240e-493d-9fd0-efcdfce3d670" testId="c17747a3-eb4e-63bf-0bc9-279a4928ed40" testName="Appostolic.Api.Tests.EmailDispatcherTests.Enqueue_sends_via_sender" computerName="mac" duration="00:00:00.0010317" startTime="2025-09-21T22:36:37.1920410-05:00" endTime="2025-09-21T22:36:37.1920410-05:00" testType="13cdc9d9-ddb5-4fa4-a97d-d965ccfc6d4b" outcome="Passed" testListId="8c84fa94-04c1-424b-9868-57a2d4851a1d" relativeResultsDirectory="aff0b2a4-240e-493d-9fd0-efcdfce3d670" />
    <UnitTestResult executionId="89f4017c-b407-4a75-b28e-2fcd6f11c521" testId="f0724dde-c441-a83f-2f8e-78db9d6adb66" testName="Appostolic.Api.Tests.AgentTasks.AgentTasksListFilterPaginationTests.Status_Filter_Is_CaseInsensitive" computerName="mac" duration="00:00:00.0037445" startTime="2025-09-21T22:36:22.3061990-05:00" endTime="2025-09-21T22:36:22.3061990-05:00" testType="13cdc9d9-ddb5-4fa4-a97d-d965ccfc6d4b" outcome="Failed" testListId="8c84fa94-04c1-424b-9868-57a2d4851a1d" relativeResultsDirectory="89f4017c-b407-4a75-b28e-2fcd6f11c521">
      <Output>
        <ErrorInfo>
          <Message>System.Net.Http.HttpRequestException : Response status code does not indicate success: 401 (Unauthorized).</Message>
          <StackTrace>   at System.Net.Http.HttpResponseMessage.EnsureSuccessStatusCode()
   at Appostolic.Api.Tests.AgentTasks.AgentTasksTestBase.CreateTaskAsync(Guid agentId, Object input, Nullable`1 enqueueDelayMs, Boolean suppressEnqueue) in /Users/kevinmccreary/appostolic/apps/api.tests/AgentTasks/AgentTasksTestBase.cs:line 89
   at Appostolic.Api.Tests.AgentTasks.AgentTasksListFilterPaginationTests.Status_Filter_Is_CaseInsensitive() in /Users/kevinmccreary/appostolic/apps/api.tests/AgentTasks/AgentTasksListFilterPaginationTests.cs:line 48
--- End of stack trace from previous location ---</StackTrace>
        </ErrorInfo>
      </Output>
    </UnitTestResult>
    <UnitTestResult executionId="8939137a-fcbb-4db5-8b7e-db8ea11e01b9" testId="cae1921b-1ff8-8185-1634-73062e14bb95" testName="Appostolic.Api.Tests.Auth.RefreshCookieTests.SelectTenant_Rotates_Refresh_Cookie" computerName="mac" duration="00:00:00.2377058" startTime="2025-09-21T22:36:32.2994090-05:00" endTime="2025-09-21T22:36:32.2994090-05:00" testType="13cdc9d9-ddb5-4fa4-a97d-d965ccfc6d4b" outcome="Passed" testListId="8c84fa94-04c1-424b-9868-57a2d4851a1d" relativeResultsDirectory="8939137a-fcbb-4db5-8b7e-db8ea11e01b9" />
    <UnitTestResult executionId="047efd90-5199-4712-a851-71a04a30c8a4" testId="3494b3d5-98dd-209c-c4b4-d8d0bff712f0" testName="FsWriteToolTests.Writes_file_under_root_and_returns_sha" computerName="mac" duration="00:00:00.0053794" startTime="2025-09-21T22:36:24.3068910-05:00" endTime="2025-09-21T22:36:24.3068910-05:00" testType="13cdc9d9-ddb5-4fa4-a97d-d965ccfc6d4b" outcome="Passed" testListId="8c84fa94-04c1-424b-9868-57a2d4851a1d" relativeResultsDirectory="047efd90-5199-4712-a851-71a04a30c8a4" />
    <UnitTestResult executionId="b2f95c94-e8fa-48c6-be34-47c6517e77c4" testId="c14df636-a969-3c53-ec76-0aeb4c5b250c" testName="Appostolic.Api.Tests.Api.DevGrantRolesEndpointTests.Returns_400_for_invalid_role_name" computerName="mac" duration="00:00:00.0046934" startTime="2025-09-21T22:36:37.0020880-05:00" endTime="2025-09-21T22:36:37.0020880-05:00" testType="13cdc9d9-ddb5-4fa4-a97d-d965ccfc6d4b" outcome="Failed" testListId="8c84fa94-04c1-424b-9868-57a2d4851a1d" relativeResultsDirectory="b2f95c94-e8fa-48c6-be34-47c6517e77c4">
      <Output>
        <ErrorInfo>
          <Message>Expected resp.StatusCode to be HttpStatusCode.BadRequest {value: 400}, but found HttpStatusCode.Unauthorized {value: 401}.</Message>
          <StackTrace>   at FluentAssertions.Execution.XUnit2TestFramework.Throw(String message)
   at FluentAssertions.Execution.TestFrameworkProvider.Throw(String message)
   at FluentAssertions.Execution.AssertionScope.FailWith(Func`1 failReasonFunc)
   at FluentAssertions.Primitives.EnumAssertions`2.Be(TEnum expected, String because, Object[] becauseArgs)
   at Appostolic.Api.Tests.Api.DevGrantRolesEndpointTests.Returns_400_for_invalid_role_name() in /Users/kevinmccreary/appostolic/apps/api.tests/Api/DevGrantRolesEndpointTests.cs:line 139
--- End of stack trace from previous location ---</StackTrace>
        </ErrorInfo>
      </Output>
    </UnitTestResult>
    <UnitTestResult executionId="66ad9c24-4106-43ae-bf03-909fce39ac67" testId="2f6106d4-2d27-0ec0-388a-a0a0d64b80ea" testName="Appostolic.Api.Tests.Model.TokenEstimatorTests.EstimateTokens_Heuristic_CeilPer4Chars(text: &quot;abcde&quot;, expected: 2)" computerName="mac" duration="00:00:00.0000025" startTime="2025-09-21T22:36:29.5718910-05:00" endTime="2025-09-21T22:36:29.5718910-05:00" testType="13cdc9d9-ddb5-4fa4-a97d-d965ccfc6d4b" outcome="Passed" testListId="8c84fa94-04c1-424b-9868-57a2d4851a1d" relativeResultsDirectory="66ad9c24-4106-43ae-bf03-909fce39ac67" />
    <UnitTestResult executionId="04bed12c-32cc-4ca4-b74c-41539d93019d" testId="2a9f6824-8a17-a193-b18b-3e78fa1bbbd5" testName="Appostolic.Api.Tests.Orchestrator.AgentOrchestratorTests.Cancellation_StopsMidRun" computerName="mac" duration="00:00:00.0055449" startTime="2025-09-21T22:36:47.1060360-05:00" endTime="2025-09-21T22:36:47.1060360-05:00" testType="13cdc9d9-ddb5-4fa4-a97d-d965ccfc6d4b" outcome="Passed" testListId="8c84fa94-04c1-424b-9868-57a2d4851a1d" relativeResultsDirectory="04bed12c-32cc-4ca4-b74c-41539d93019d" />
    <UnitTestResult executionId="d0d8660c-e516-497a-8675-e7709be45446" testId="8e86fe7c-6239-7009-e550-a3b2b1493955" testName="Appostolic.Api.Tests.Api.MembersListTests.Viewer_gets_403_for_members_list" computerName="mac" duration="00:00:00.1563312" startTime="2025-09-21T22:36:43.8188640-05:00" endTime="2025-09-21T22:36:43.8188640-05:00" testType="13cdc9d9-ddb5-4fa4-a97d-d965ccfc6d4b" outcome="Failed" testListId="8c84fa94-04c1-424b-9868-57a2d4851a1d" relativeResultsDirectory="d0d8660c-e516-497a-8675-e7709be45446">
      <Output>
        <ErrorInfo>
          <Message>Expected resp.StatusCode to be HttpStatusCode.Forbidden {value: 403}, but found HttpStatusCode.Unauthorized {value: 401}.</Message>
          <StackTrace>   at FluentAssertions.Execution.XUnit2TestFramework.Throw(String message)
   at FluentAssertions.Execution.TestFrameworkProvider.Throw(String message)
   at FluentAssertions.Execution.AssertionScope.FailWith(Func`1 failReasonFunc)
   at FluentAssertions.Primitives.EnumAssertions`2.Be(TEnum expected, String because, Object[] becauseArgs)
   at Appostolic.Api.Tests.Api.MembersListTests.Viewer_gets_403_for_members_list() in /Users/kevinmccreary/appostolic/apps/api.tests/Api/MembersListTests.cs:line 60
--- End of stack trace from previous location ---</StackTrace>
        </ErrorInfo>
      </Output>
    </UnitTestResult>
    <UnitTestResult executionId="1c88e4d1-a145-4bc0-9e5b-b5adf10a64eb" testId="ac2e27d5-261b-d9bd-fc37-ae04ffd02243" testName="Appostolic.Api.Tests.Auth.RefreshEndpointTests.Refresh_Fails_When_Missing_Token" computerName="mac" duration="00:00:00.0019056" startTime="2025-09-21T22:36:41.4495480-05:00" endTime="2025-09-21T22:36:41.4495480-05:00" testType="13cdc9d9-ddb5-4fa4-a97d-d965ccfc6d4b" outcome="Passed" testListId="8c84fa94-04c1-424b-9868-57a2d4851a1d" relativeResultsDirectory="1c88e4d1-a145-4bc0-9e5b-b5adf10a64eb" />
    <UnitTestResult executionId="8efb7b05-9ef1-4e2e-99fc-46b5ac54f6e6" testId="b10f1150-1593-6330-afd8-9e2dab16d270" testName="Appostolic.Api.AuthTests.LoginRolesConvergenceDisabledFlagTests.Login_DoesNotMutate_MismatchedRolesBitmask_WhenFlagEnabled" computerName="mac" duration="00:00:01.2901351" startTime="2025-09-21T22:36:20.7518450-05:00" endTime="2025-09-21T22:36:20.7518450-05:00" testType="13cdc9d9-ddb5-4fa4-a97d-d965ccfc6d4b" outcome="Passed" testListId="8c84fa94-04c1-424b-9868-57a2d4851a1d" relativeResultsDirectory="8efb7b05-9ef1-4e2e-99fc-46b5ac54f6e6" />
    <UnitTestResult executionId="9186757f-453d-404d-aa09-9474fc142df2" testId="02f4c01b-4d57-cea6-940b-91f660d6b3a5" testName="Appostolic.Api.Tests.SendGridEmailSenderTests.Sends_on_202_Accepted" computerName="mac" duration="00:00:00.0002962" startTime="2025-09-21T22:36:25.9301690-05:00" endTime="2025-09-21T22:36:25.9301690-05:00" testType="13cdc9d9-ddb5-4fa4-a97d-d965ccfc6d4b" outcome="Passed" testListId="8c84fa94-04c1-424b-9868-57a2d4851a1d" relativeResultsDirectory="9186757f-453d-404d-aa09-9474fc142df2" />
    <UnitTestResult executionId="2d8eab55-de65-440d-ab6a-283dc0d99e38" testId="d23daa8f-5725-d1c6-7d7a-83c05e893d1b" testName="Appostolic.Api.Tests.Api.NotificationsProdEndpointsTests.Superadmin_can_list_cross_tenant" computerName="mac" duration="00:00:00.1706563" startTime="2025-09-21T22:36:25.9268650-05:00" endTime="2025-09-21T22:36:25.9268650-05:00" testType="13cdc9d9-ddb5-4fa4-a97d-d965ccfc6d4b" outcome="Failed" testListId="8c84fa94-04c1-424b-9868-57a2d4851a1d" relativeResultsDirectory="2d8eab55-de65-440d-ab6a-283dc0d99e38">
      <Output>
        <ErrorInfo>
          <Message>Expected listResp.StatusCode to be HttpStatusCode.OK {value: 200}, but found HttpStatusCode.InternalServerError {value: 500}.</Message>
          <StackTrace>   at FluentAssertions.Execution.XUnit2TestFramework.Throw(String message)
   at FluentAssertions.Execution.TestFrameworkProvider.Throw(String message)
   at FluentAssertions.Execution.DefaultAssertionStrategy.HandleFailure(String message)
   at FluentAssertions.Execution.AssertionScope.FailWith(Func`1 failReasonFunc)
   at FluentAssertions.Execution.AssertionScope.FailWith(Func`1 failReasonFunc)
   at FluentAssertions.Execution.AssertionScope.FailWith(String message, Object[] args)
   at FluentAssertions.Primitives.EnumAssertions`2.Be(TEnum expected, String because, Object[] becauseArgs)
   at Appostolic.Api.Tests.Api.NotificationsProdEndpointsTests.Superadmin_can_list_cross_tenant() in /Users/kevinmccreary/appostolic/apps/api.tests/Api/NotificationsProdEndpointsTests.cs:line 75
--- End of stack trace from previous location ---</StackTrace>
        </ErrorInfo>
      </Output>
    </UnitTestResult>
    <UnitTestResult executionId="40214349-d788-4356-be5a-c147d44c0142" testId="cce5835b-2056-6d46-0527-d09fc0f9f6fc" testName="Appostolic.Api.Tests.Api.TenantSettingsEndpointsTests.Upload_Logo_Rejects_Payload_Too_Large" computerName="mac" duration="00:00:00.0050854" startTime="2025-09-21T22:36:23.5626760-05:00" endTime="2025-09-21T22:36:23.5626770-05:00" testType="13cdc9d9-ddb5-4fa4-a97d-d965ccfc6d4b" outcome="Failed" testListId="8c84fa94-04c1-424b-9868-57a2d4851a1d" relativeResultsDirectory="40214349-d788-4356-be5a-c147d44c0142">
      <Output>
        <ErrorInfo>
          <Message>Expected ((int)resp.StatusCode) to be 413, but found 401 (difference of -12).</Message>
          <StackTrace>   at FluentAssertions.Execution.XUnit2TestFramework.Throw(String message)
   at FluentAssertions.Execution.TestFrameworkProvider.Throw(String message)
   at FluentAssertions.Execution.DefaultAssertionStrategy.HandleFailure(String message)
   at FluentAssertions.Execution.AssertionScope.FailWith(Func`1 failReasonFunc)
   at FluentAssertions.Execution.AssertionScope.FailWith(Func`1 failReasonFunc)
   at FluentAssertions.Execution.AssertionScope.FailWith(String message, Object[] args)
   at FluentAssertions.Numeric.NumericAssertions`2.Be(T expected, String because, Object[] becauseArgs)
   at Appostolic.Api.Tests.Api.TenantSettingsEndpointsTests.Upload_Logo_Rejects_Payload_Too_Large() in /Users/kevinmccreary/appostolic/apps/api.tests/Api/TenantSettingsEndpointsTests.cs:line 97
--- End of stack trace from previous location ---</StackTrace>
        </ErrorInfo>
      </Output>
    </UnitTestResult>
    <UnitTestResult executionId="d95bb444-e31e-419f-9807-cd2df0ea3e06" testId="30aa5bc1-9211-739f-532d-176c6c3c3a30" testName="Appostolic.Api.Tests.Orchestrator.AgentOrchestratorTests.MaxStepsExceeded_FailsAfterCap" computerName="mac" duration="00:00:00.0014995" startTime="2025-09-21T22:36:47.1075550-05:00" endTime="2025-09-21T22:36:47.1075550-05:00" testType="13cdc9d9-ddb5-4fa4-a97d-d965ccfc6d4b" outcome="Passed" testListId="8c84fa94-04c1-424b-9868-57a2d4851a1d" relativeResultsDirectory="d95bb444-e31e-419f-9807-cd2df0ea3e06" />
    <UnitTestResult executionId="4e483e01-c85d-40d3-a4c6-50a60792f026" testId="9a27b4fd-a56b-4b8b-8cae-d2972183237d" testName="Appostolic.Api.Tests.Auth.RefreshEndpointTests.Refresh_Allows_Body_Token_During_Grace" computerName="mac" duration="00:00:00.2303936" startTime="2025-09-21T22:36:41.4475020-05:00" endTime="2025-09-21T22:36:41.4475020-05:00" testType="13cdc9d9-ddb5-4fa4-a97d-d965ccfc6d4b" outcome="Passed" testListId="8c84fa94-04c1-424b-9868-57a2d4851a1d" relativeResultsDirectory="4e483e01-c85d-40d3-a4c6-50a60792f026" />
    <UnitTestResult executionId="d34d67d2-0747-4b2a-9266-84ba89ed7a3d" testId="9c1c1d38-5e04-c1b2-1a0f-96d8d4d8348a" testName="Appostolic.Api.Tests.Api.AssignmentsApiTests.Set_roles_returns_404_when_membership_missing_and_400_for_invalid_flag" computerName="mac" duration="00:00:00.0052829" startTime="2025-09-21T22:36:47.2799010-05:00" endTime="2025-09-21T22:36:47.2799010-05:00" testType="13cdc9d9-ddb5-4fa4-a97d-d965ccfc6d4b" outcome="Failed" testListId="8c84fa94-04c1-424b-9868-57a2d4851a1d" relativeResultsDirectory="d34d67d2-0747-4b2a-9266-84ba89ed7a3d">
      <Output>
        <ErrorInfo>
          <Message>Expected missing.StatusCode to be HttpStatusCode.NotFound {value: 404}, but found HttpStatusCode.Unauthorized {value: 401}.</Message>
          <StackTrace>   at FluentAssertions.Execution.XUnit2TestFramework.Throw(String message)
   at FluentAssertions.Execution.TestFrameworkProvider.Throw(String message)
   at FluentAssertions.Execution.AssertionScope.FailWith(Func`1 failReasonFunc)
   at FluentAssertions.Primitives.EnumAssertions`2.Be(TEnum expected, String because, Object[] becauseArgs)
   at Appostolic.Api.Tests.Api.AssignmentsApiTests.Set_roles_returns_404_when_membership_missing_and_400_for_invalid_flag() in /Users/kevinmccreary/appostolic/apps/api.tests/Api/AssignmentsApiTests.cs:line 150
--- End of stack trace from previous location ---</StackTrace>
        </ErrorInfo>
      </Output>
    </UnitTestResult>
    <UnitTestResult executionId="4fcc23d5-f1be-4a9a-9ffb-efce36c2f5f4" testId="86173073-5618-a9d2-83eb-7647e3c4115b" testName="Appostolic.Api.Tests.Auth.DevHeadersDisabledTests.JwtLogin_Flow_Works_When_DevHeaders_Disabled" computerName="mac" duration="00:00:00.3145287" startTime="2025-09-21T22:36:34.7215800-05:00" endTime="2025-09-21T22:36:34.7215800-05:00" testType="13cdc9d9-ddb5-4fa4-a97d-d965ccfc6d4b" outcome="Failed" testListId="8c84fa94-04c1-424b-9868-57a2d4851a1d" relativeResultsDirectory="4fcc23d5-f1be-4a9a-9ffb-efce36c2f5f4">
      <Output>
        <ErrorInfo>
          <Message>System.Net.Http.HttpRequestException : Response status code does not indicate success: 404 (Not Found).</Message>
          <StackTrace>   at System.Net.Http.HttpResponseMessage.EnsureSuccessStatusCode()
   at Appostolic.Api.Tests.Auth.DevHeadersDisabledTests.JwtLogin_Flow_Works_When_DevHeaders_Disabled() in /Users/kevinmccreary/appostolic/apps/api.tests/Auth/DevHeadersDisabledTests.cs:line 65
--- End of stack trace from previous location ---</StackTrace>
        </ErrorInfo>
      </Output>
    </UnitTestResult>
    <UnitTestResult executionId="8e94dd55-66a2-4825-a85b-98d0cdee38f8" testId="e9aa22ea-bb1f-2db1-1f5f-4cc83d5fa1bd" testName="Appostolic.Api.Tests.Api.MembersManagementTests.TenantAdmin_can_add_TenantAdmin_flag_to_member" computerName="mac" duration="00:00:00.0034569" startTime="2025-09-21T22:36:24.4896370-05:00" endTime="2025-09-21T22:36:24.4896370-05:00" testType="13cdc9d9-ddb5-4fa4-a97d-d965ccfc6d4b" outcome="Failed" testListId="8c84fa94-04c1-424b-9868-57a2d4851a1d" relativeResultsDirectory="8e94dd55-66a2-4825-a85b-98d0cdee38f8">
      <Output>
        <ErrorInfo>
          <Message>Expected promote.StatusCode to be HttpStatusCode.OK {value: 200}, but found HttpStatusCode.Unauthorized {value: 401}.</Message>
          <StackTrace>   at FluentAssertions.Execution.XUnit2TestFramework.Throw(String message)
   at FluentAssertions.Execution.TestFrameworkProvider.Throw(String message)
   at FluentAssertions.Execution.DefaultAssertionStrategy.HandleFailure(String message)
   at FluentAssertions.Execution.AssertionScope.FailWith(Func`1 failReasonFunc)
   at FluentAssertions.Execution.AssertionScope.FailWith(Func`1 failReasonFunc)
   at FluentAssertions.Execution.AssertionScope.FailWith(String message, Object[] args)
   at FluentAssertions.Primitives.EnumAssertions`2.Be(TEnum expected, String because, Object[] becauseArgs)
   at Appostolic.Api.Tests.Api.MembersManagementTests.TenantAdmin_can_add_TenantAdmin_flag_to_member() in /Users/kevinmccreary/appostolic/apps/api.tests/Api/MembersManagementTests.cs:line 61
--- End of stack trace from previous location ---</StackTrace>
        </ErrorInfo>
      </Output>
    </UnitTestResult>
    <UnitTestResult executionId="75e20051-1892-4ea8-87cf-45bf5d9db96c" testId="eeaccddf-52e1-1db7-6606-fc19c2721862" testName="Appostolic.Api.Tests.Api.AuthPasswordFlowsTests.ResetPassword_WithValidToken_UpdatesHashAndConsumesToken" computerName="mac" duration="00:00:00.1208458" startTime="2025-09-21T22:36:46.4312080-05:00" endTime="2025-09-21T22:36:46.4312080-05:00" testType="13cdc9d9-ddb5-4fa4-a97d-d965ccfc6d4b" outcome="Passed" testListId="8c84fa94-04c1-424b-9868-57a2d4851a1d" relativeResultsDirectory="75e20051-1892-4ea8-87cf-45bf5d9db96c" />
    <UnitTestResult executionId="d515b675-d612-4400-9a35-1019feda728f" testId="044b435e-ad6a-4304-9059-6c418c0c4c86" testName="Appostolic.Api.AuthTests.SelectTenantTests.SelectTenant_Succeeds_RotatesRefreshToken" computerName="mac" duration="00:00:00.2495911" startTime="2025-09-21T22:36:30.7699270-05:00" endTime="2025-09-21T22:36:30.7699270-05:00" testType="13cdc9d9-ddb5-4fa4-a97d-d965ccfc6d4b" outcome="Passed" testListId="8c84fa94-04c1-424b-9868-57a2d4851a1d" relativeResultsDirectory="d515b675-d612-4400-9a35-1019feda728f" />
    <UnitTestResult executionId="61f45bfe-5ebb-477c-98fa-e00868c4a36f" testId="f03cc5c5-1609-8527-f708-7a0678904e86" testName="Appostolic.Api.Tests.Auth.RefreshPlaintextExposedFlagTests.Login_Hides_Plaintext_When_Flag_Disabled" computerName="mac" duration="00:00:00.5187977" startTime="2025-09-21T22:36:28.5888390-05:00" endTime="2025-09-21T22:36:28.5888390-05:00" testType="13cdc9d9-ddb5-4fa4-a97d-d965ccfc6d4b" outcome="Passed" testListId="8c84fa94-04c1-424b-9868-57a2d4851a1d" relativeResultsDirectory="61f45bfe-5ebb-477c-98fa-e00868c4a36f" />
    <UnitTestResult executionId="29997d44-6414-40ed-b6ce-06012bb41cd0" testId="03348e85-c745-1baa-1fc9-a6f767c68de7" testName="Appostolic.Api.Tests.Auth.LogoutTests.Logout_IdempotentSecondCall" computerName="mac" duration="00:00:00.2371334" startTime="2025-09-21T22:36:44.4605280-05:00" endTime="2025-09-21T22:36:44.4605280-05:00" testType="13cdc9d9-ddb5-4fa4-a97d-d965ccfc6d4b" outcome="Passed" testListId="8c84fa94-04c1-424b-9868-57a2d4851a1d" relativeResultsDirectory="29997d44-6414-40ed-b6ce-06012bb41cd0" />
    <UnitTestResult executionId="6030a82c-a168-46db-a38c-2525536b5c84" testId="3b3a68c1-1138-770e-4b05-0d7fb6b68738" testName="Appostolic.Api.Tests.Orchestrator.TokenAggregationTests.CostIsNull_WhenPricingDisabled" computerName="mac" duration="00:00:00.0363151" startTime="2025-09-21T22:36:28.6256890-05:00" endTime="2025-09-21T22:36:28.6256890-05:00" testType="13cdc9d9-ddb5-4fa4-a97d-d965ccfc6d4b" outcome="Passed" testListId="8c84fa94-04c1-424b-9868-57a2d4851a1d" relativeResultsDirectory="6030a82c-a168-46db-a38c-2525536b5c84" />
    <UnitTestResult executionId="1b968890-6013-47bc-867e-fb67286e6fe2" testId="7b4d03a5-c5c2-9d47-3b72-108b3108a4ac" testName="Appostolic.Api.Tests.Api.UserAvatarEndpointsTests.UploadAvatar_Downscales_LargeImage_To512Webp" computerName="mac" duration="00:00:00.0391375" startTime="2025-09-21T22:36:33.8572430-05:00" endTime="2025-09-21T22:36:33.8572430-05:00" testType="13cdc9d9-ddb5-4fa4-a97d-d965ccfc6d4b" outcome="Failed" testListId="8c84fa94-04c1-424b-9868-57a2d4851a1d" relativeResultsDirectory="1b968890-6013-47bc-867e-fb67286e6fe2">
      <Output>
        <ErrorInfo>
          <Message>Expected res.StatusCode to be HttpStatusCode.OK {value: 200}, but found HttpStatusCode.Unauthorized {value: 401}.</Message>
          <StackTrace>   at FluentAssertions.Execution.XUnit2TestFramework.Throw(String message)
   at FluentAssertions.Execution.TestFrameworkProvider.Throw(String message)
   at FluentAssertions.Execution.AssertionScope.FailWith(Func`1 failReasonFunc)
   at FluentAssertions.Execution.AssertionScope.FailWith(String message, Object[] args)
   at FluentAssertions.Primitives.EnumAssertions`2.Be(TEnum expected, String because, Object[] becauseArgs)
   at Appostolic.Api.Tests.Api.UserAvatarEndpointsTests.UploadAvatar_Downscales_LargeImage_To512Webp() in /Users/kevinmccreary/appostolic/apps/api.tests/Api/UserAvatarEndpointsTests.cs:line 127
--- End of stack trace from previous location ---</StackTrace>
        </ErrorInfo>
      </Output>
    </UnitTestResult>
    <UnitTestResult executionId="627601f4-b79e-4e48-b329-27927ad59deb" testId="caeaccb8-00ea-302b-441d-17caf5fd9b5d" testName="Appostolic.Api.Tests.ModelMappingTests.Notification_resend_fields_are_mapped_with_indexes" computerName="mac" duration="00:00:00.0008875" startTime="2025-09-21T22:36:21.8191670-05:00" endTime="2025-09-21T22:36:21.8191670-05:00" testType="13cdc9d9-ddb5-4fa4-a97d-d965ccfc6d4b" outcome="Passed" testListId="8c84fa94-04c1-424b-9868-57a2d4851a1d" relativeResultsDirectory="627601f4-b79e-4e48-b329-27927ad59deb" />
    <UnitTestResult executionId="f7f23bc4-4a1c-4898-8d28-90347cb9c4bd" testId="c35bbf40-7110-f612-4b6b-649678070e6a" testName="Appostolic.Api.Tests.Storage.S3ObjectStorageServiceTests.UploadAsync_FallbacksToBucketRegionUrl_WhenNoPublicBaseUrl" computerName="mac" duration="00:00:00.0029733" startTime="2025-09-21T22:36:40.8374910-05:00" endTime="2025-09-21T22:36:40.8374910-05:00" testType="13cdc9d9-ddb5-4fa4-a97d-d965ccfc6d4b" outcome="Passed" testListId="8c84fa94-04c1-424b-9868-57a2d4851a1d" relativeResultsDirectory="f7f23bc4-4a1c-4898-8d28-90347cb9c4bd" />
    <UnitTestResult executionId="34de4c6a-624d-4662-8708-7f34cf1dd7cf" testId="5385030b-1302-b289-00d9-288b4f75839d" testName="Appostolic.Api.Tests.Privacy.PIIRedactorTests.RedactEmail_Works(input: &quot;user@example.com&quot;, expected: &quot;u***@example.com&quot;)" computerName="mac" duration="00:00:00.0000898" startTime="2025-09-21T22:36:34.7216310-05:00" endTime="2025-09-21T22:36:34.7216310-05:00" testType="13cdc9d9-ddb5-4fa4-a97d-d965ccfc6d4b" outcome="Passed" testListId="8c84fa94-04c1-424b-9868-57a2d4851a1d" relativeResultsDirectory="34de4c6a-624d-4662-8708-7f34cf1dd7cf" />
    <UnitTestResult executionId="13f00c12-c3ba-4513-8feb-17fa93db5cb0" testId="5d199f9b-a8b6-4b52-e7c0-a2aebf4c6a58" testName="Appostolic.Api.Tests.Auth.RefreshCookieHttpsTests.RefreshCookie_Secure_OverHttps" computerName="mac" duration="00:00:00.0010000" startTime="2025-09-21T22:36:28.6297010-05:00" endTime="2025-09-21T22:36:28.6297010-05:00" testType="13cdc9d9-ddb5-4fa4-a97d-d965ccfc6d4b" outcome="NotExecuted" testListId="8c84fa94-04c1-424b-9868-57a2d4851a1d" relativeResultsDirectory="13f00c12-c3ba-4513-8feb-17fa93db5cb0">
      <Output>
        <ErrorInfo>
          <Message>TestServer (in-memory) does not preserve Secure attribute even when Request.IsHttps=true via middleware. Will be validated in future Kestrel HTTPS integration/E2E layer.</Message>
        </ErrorInfo>
      </Output>
    </UnitTestResult>
    <UnitTestResult executionId="40d329dc-87e7-40a2-92a3-55d4f9455461" testId="adb4d425-e330-40e4-2ea6-b182e56ebe7d" testName="Appostolic.Api.Tests.Api.UserProfileEndpointsTests.Put_me_merges_profile_and_trims_and_validates_social_urls" computerName="mac" duration="00:00:00.1757433" startTime="2025-09-21T22:36:26.1067660-05:00" endTime="2025-09-21T22:36:26.1067660-05:00" testType="13cdc9d9-ddb5-4fa4-a97d-d965ccfc6d4b" outcome="Failed" testListId="8c84fa94-04c1-424b-9868-57a2d4851a1d" relativeResultsDirectory="40d329dc-87e7-40a2-92a3-55d4f9455461">
      <Output>
        <ErrorInfo>
          <Message>Expected seedResp.StatusCode to be HttpStatusCode.OK {value: 200}, but found HttpStatusCode.Unauthorized {value: 401}.</Message>
          <StackTrace>   at FluentAssertions.Execution.XUnit2TestFramework.Throw(String message)
   at FluentAssertions.Execution.TestFrameworkProvider.Throw(String message)
   at FluentAssertions.Execution.DefaultAssertionStrategy.HandleFailure(String message)
   at FluentAssertions.Execution.AssertionScope.FailWith(Func`1 failReasonFunc)
   at FluentAssertions.Execution.AssertionScope.FailWith(Func`1 failReasonFunc)
   at FluentAssertions.Execution.AssertionScope.FailWith(String message, Object[] args)
   at FluentAssertions.Primitives.EnumAssertions`2.Be(TEnum expected, String because, Object[] becauseArgs)
   at Appostolic.Api.Tests.Api.UserProfileEndpointsTests.Put_me_merges_profile_and_trims_and_validates_social_urls() in /Users/kevinmccreary/appostolic/apps/api.tests/Api/UserProfileEndpointsTests.cs:line 47
--- End of stack trace from previous location ---</StackTrace>
        </ErrorInfo>
      </Output>
    </UnitTestResult>
    <UnitTestResult executionId="19513fe0-f88d-41f9-b0a2-fe9146429989" testId="303a8ec4-1283-c55c-ceff-908085b877fe" testName="Appostolic.Api.Tests.Auth.AuthMetricsTests.Story9_NewCountersAndDurations" computerName="mac" duration="00:00:00.0007165" startTime="2025-09-21T22:36:22.7568760-05:00" endTime="2025-09-21T22:36:22.7568770-05:00" testType="13cdc9d9-ddb5-4fa4-a97d-d965ccfc6d4b" outcome="Passed" testListId="8c84fa94-04c1-424b-9868-57a2d4851a1d" relativeResultsDirectory="19513fe0-f88d-41f9-b0a2-fe9146429989" />
    <UnitTestResult executionId="6a238b51-67ef-4e43-9ff2-50539dc0411e" testId="87a5b8a9-e5bd-8c6e-5a6c-5815a0bd8c39" testName="Appostolic.Api.Tests.Worker.AgentTaskWorkerTests.Pending_To_Running_To_Succeeded_With_Traces" computerName="mac" duration="00:00:00.3205281" startTime="2025-09-21T22:36:35.9210400-05:00" endTime="2025-09-21T22:36:35.9210400-05:00" testType="13cdc9d9-ddb5-4fa4-a97d-d965ccfc6d4b" outcome="Passed" testListId="8c84fa94-04c1-424b-9868-57a2d4851a1d" relativeResultsDirectory="6a238b51-67ef-4e43-9ff2-50539dc0411e" />
    <UnitTestResult executionId="5cf2f0d0-5d2a-44bc-9c86-54d7e4d70252" testId="c62ff6f8-900b-a165-229e-1d83d314982c" testName="Appostolic.Api.Tests.Storage.ObjectStorageDeleteTests.S3_DeleteAsync_CallsDeleteObject" computerName="mac" duration="00:00:00.0236360" startTime="2025-09-21T22:36:35.3072980-05:00" endTime="2025-09-21T22:36:35.3072980-05:00" testType="13cdc9d9-ddb5-4fa4-a97d-d965ccfc6d4b" outcome="Passed" testListId="8c84fa94-04c1-424b-9868-57a2d4851a1d" relativeResultsDirectory="5cf2f0d0-5d2a-44bc-9c86-54d7e4d70252" />
    <UnitTestResult executionId="6b69f0f4-84a0-4ebf-a973-57a4fa51c0a3" testId="7831f103-663f-8d24-4a8b-6bbe466d0837" testName="Appostolic.Api.Tests.Api.AuthPasswordFlowsTests.ChangePassword_WithAuth_UpdatesPassword" computerName="mac" duration="00:00:00.1150074" startTime="2025-09-21T22:36:46.3022150-05:00" endTime="2025-09-21T22:36:46.3022150-05:00" testType="13cdc9d9-ddb5-4fa4-a97d-d965ccfc6d4b" outcome="Failed" testListId="8c84fa94-04c1-424b-9868-57a2d4851a1d" relativeResultsDirectory="6b69f0f4-84a0-4ebf-a973-57a4fa51c0a3">
      <Output>
        <ErrorInfo>
          <Message>Assert.Equal() Failure: Values differ
Expected: NoContent
Actual:   Unauthorized</Message>
          <StackTrace>   at Appostolic.Api.Tests.Api.AuthPasswordFlowsTests.ChangePassword_WithAuth_UpdatesPassword() in /Users/kevinmccreary/appostolic/apps/api.tests/Api/AuthPasswordFlowsTests.cs:line 91
--- End of stack trace from previous location ---</StackTrace>
        </ErrorInfo>
      </Output>
    </UnitTestResult>
    <UnitTestResult executionId="7d87ac82-502f-4913-9a0c-33edad4f8649" testId="d651406b-2d52-45a1-6b81-e5bff5b77f68" testName="Appostolic.Api.Tests.Api.UserAvatarEndpointsTests.UploadAvatar_Rejects_TooRectangular" computerName="mac" duration="00:00:00.0747059" startTime="2025-09-21T22:36:33.8132150-05:00" endTime="2025-09-21T22:36:33.8132150-05:00" testType="13cdc9d9-ddb5-4fa4-a97d-d965ccfc6d4b" outcome="Failed" testListId="8c84fa94-04c1-424b-9868-57a2d4851a1d" relativeResultsDirectory="7d87ac82-502f-4913-9a0c-33edad4f8649">
      <Output>
        <ErrorInfo>
          <Message>Expected res.StatusCode to be HttpStatusCode.UnprocessableEntity {value: 422}, but found HttpStatusCode.Unauthorized {value: 401}.</Message>
          <StackTrace>   at FluentAssertions.Execution.XUnit2TestFramework.Throw(String message)
   at FluentAssertions.Execution.TestFrameworkProvider.Throw(String message)
   at FluentAssertions.Execution.AssertionScope.FailWith(Func`1 failReasonFunc)
   at FluentAssertions.Execution.AssertionScope.FailWith(String message, Object[] args)
   at FluentAssertions.Primitives.EnumAssertions`2.Be(TEnum expected, String because, Object[] becauseArgs)
   at Appostolic.Api.Tests.Api.UserAvatarEndpointsTests.UploadAvatar_Rejects_TooRectangular() in /Users/kevinmccreary/appostolic/apps/api.tests/Api/UserAvatarEndpointsTests.cs:line 106
--- End of stack trace from previous location ---</StackTrace>
        </ErrorInfo>
      </Output>
    </UnitTestResult>
    <UnitTestResult executionId="0972ff35-7d16-4e9f-a446-32c87833e6dd" testId="94ec43a1-8d1a-e493-b213-b33a5a6877b2" testName="FsWriteToolTests.Rejects_path_traversal" computerName="mac" duration="00:00:00.0006334" startTime="2025-09-21T22:36:24.3075670-05:00" endTime="2025-09-21T22:36:24.3075670-05:00" testType="13cdc9d9-ddb5-4fa4-a97d-d965ccfc6d4b" outcome="Passed" testListId="8c84fa94-04c1-424b-9868-57a2d4851a1d" relativeResultsDirectory="0972ff35-7d16-4e9f-a446-32c87833e6dd" />
    <UnitTestResult executionId="1298b34d-23d8-45f1-aaba-128f30420b7e" testId="e1e10047-9c95-2461-ef88-42d3da0fbb82" testName="Appostolic.Api.Tests.E2E.AgentTasksE2E_Golden.HappyPath_projection_matches_golden_fixture" computerName="mac" duration="00:00:00.2899577" startTime="2025-09-21T22:36:47.1003650-05:00" endTime="2025-09-21T22:36:47.1003650-05:00" testType="13cdc9d9-ddb5-4fa4-a97d-d965ccfc6d4b" outcome="Passed" testListId="8c84fa94-04c1-424b-9868-57a2d4851a1d" relativeResultsDirectory="1298b34d-23d8-45f1-aaba-128f30420b7e" />
    <UnitTestResult executionId="68514cb9-e0a4-44f4-b270-e040216b1204" testId="6a6d73d7-7d30-455c-71a4-79ea460d8c8c" testName="Appostolic.Api.Tests.Notifications.RedisTransportPrivacyTests.EnqueueFailure_LogsErrorWithoutPayloadContents" computerName="mac" duration="00:00:00.0609745" startTime="2025-09-21T22:36:27.2096040-05:00" endTime="2025-09-21T22:36:27.2096040-05:00" testType="13cdc9d9-ddb5-4fa4-a97d-d965ccfc6d4b" outcome="Passed" testListId="8c84fa94-04c1-424b-9868-57a2d4851a1d" relativeResultsDirectory="68514cb9-e0a4-44f4-b270-e040216b1204" />
    <UnitTestResult executionId="41d6b072-5cdc-45c2-8f93-514f905ade56" testId="545ffb6d-3098-01fc-1bfd-d18b0f6ea861" testName="Appostolic.Api.AuthTests.LoginRolesSerializationTests.Login_IncludesRolesBitmaskOnMembership" computerName="mac" duration="00:00:00.4807553" startTime="2025-09-21T22:36:26.7975520-05:00" endTime="2025-09-21T22:36:26.7975520-05:00" testType="13cdc9d9-ddb5-4fa4-a97d-d965ccfc6d4b" outcome="Passed" testListId="8c84fa94-04c1-424b-9868-57a2d4851a1d" relativeResultsDirectory="41d6b072-5cdc-45c2-8f93-514f905ade56" />
    <UnitTestResult executionId="f2647606-2680-4883-b3af-46ec7ff20ac7" testId="39114ef2-4a94-0d20-df91-881c10164c3c" testName="Appostolic.Api.Tests.Model.TokenEstimatorTests.EstimateTokens_Heuristic_CeilPer4Chars(text: &quot;abcd&quot;, expected: 1)" computerName="mac" duration="00:00:00.0000123" startTime="2025-09-21T22:36:29.5718380-05:00" endTime="2025-09-21T22:36:29.5718380-05:00" testType="13cdc9d9-ddb5-4fa4-a97d-d965ccfc6d4b" outcome="Passed" testListId="8c84fa94-04c1-424b-9868-57a2d4851a1d" relativeResultsDirectory="f2647606-2680-4883-b3af-46ec7ff20ac7" />
    <UnitTestResult executionId="0b3d7c40-f0b0-40dc-b52d-7c0932e7d52e" testId="d5afdedc-771c-29a3-fa0a-9ebd023dd2c6" testName="Appostolic.Api.Tests.Api.InvitesEndpointsTests.Invites_Full_Lifecycle_Create_Resend_Accept_Revoke" computerName="mac" duration="00:00:00.1632399" startTime="2025-09-21T22:36:29.5713300-05:00" endTime="2025-09-21T22:36:29.5713300-05:00" testType="13cdc9d9-ddb5-4fa4-a97d-d965ccfc6d4b" outcome="Failed" testListId="8c84fa94-04c1-424b-9868-57a2d4851a1d" relativeResultsDirectory="0b3d7c40-f0b0-40dc-b52d-7c0932e7d52e">
      <Output>
        <ErrorInfo>
          <Message>Expected list0.StatusCode to be HttpStatusCode.OK {value: 200}, but found HttpStatusCode.Unauthorized {value: 401}.</Message>
          <StackTrace>   at FluentAssertions.Execution.XUnit2TestFramework.Throw(String message)
   at FluentAssertions.Execution.TestFrameworkProvider.Throw(String message)
   at FluentAssertions.Execution.DefaultAssertionStrategy.HandleFailure(String message)
   at FluentAssertions.Execution.AssertionScope.FailWith(Func`1 failReasonFunc)
   at FluentAssertions.Execution.AssertionScope.FailWith(Func`1 failReasonFunc)
   at FluentAssertions.Execution.AssertionScope.FailWith(String message, Object[] args)
   at FluentAssertions.Primitives.EnumAssertions`2.Be(TEnum expected, String because, Object[] becauseArgs)
   at Appostolic.Api.Tests.Api.InvitesEndpointsTests.Invites_Full_Lifecycle_Create_Resend_Accept_Revoke() in /Users/kevinmccreary/appostolic/apps/api.tests/Api/InvitesEndpointsTests.cs:line 42
--- End of stack trace from previous location ---</StackTrace>
        </ErrorInfo>
      </Output>
    </UnitTestResult>
    <UnitTestResult executionId="12fe0874-979d-4d50-82e6-36a3ff1d5c68" testId="b0d19a9b-4021-9eed-3094-0cb81617cae0" testName="Appostolic.Api.Tests.Api.TenantSettingsEndpointsTests.Get_Settings_Returns_Empty_Object_When_Null" computerName="mac" duration="00:00:00.0013138" startTime="2025-09-21T22:36:23.5693390-05:00" endTime="2025-09-21T22:36:23.5693390-05:00" testType="13cdc9d9-ddb5-4fa4-a97d-d965ccfc6d4b" outcome="Failed" testListId="8c84fa94-04c1-424b-9868-57a2d4851a1d" relativeResultsDirectory="12fe0874-979d-4d50-82e6-36a3ff1d5c68">
      <Output>
        <ErrorInfo>
          <Message>Expected resp.StatusCode to be HttpStatusCode.OK {value: 200}, but found HttpStatusCode.Unauthorized {value: 401}.</Message>
          <StackTrace>   at FluentAssertions.Execution.XUnit2TestFramework.Throw(String message)
   at FluentAssertions.Execution.TestFrameworkProvider.Throw(String message)
   at FluentAssertions.Execution.DefaultAssertionStrategy.HandleFailure(String message)
   at FluentAssertions.Execution.AssertionScope.FailWith(Func`1 failReasonFunc)
   at FluentAssertions.Execution.AssertionScope.FailWith(Func`1 failReasonFunc)
   at FluentAssertions.Execution.AssertionScope.FailWith(String message, Object[] args)
   at FluentAssertions.Primitives.EnumAssertions`2.Be(TEnum expected, String because, Object[] becauseArgs)
   at Appostolic.Api.Tests.Api.TenantSettingsEndpointsTests.Get_Settings_Returns_Empty_Object_When_Null() in /Users/kevinmccreary/appostolic/apps/api.tests/Api/TenantSettingsEndpointsTests.cs:line 30
--- End of stack trace from previous location ---</StackTrace>
        </ErrorInfo>
      </Output>
    </UnitTestResult>
    <UnitTestResult executionId="53b0fc1c-ab22-458e-bbd7-35795e6af328" testId="7c0f601f-632e-a9b2-aeb3-eee73bd7742c" testName="Appostolic.Api.Tests.Auth.SignupTests.Signup_WithInvalidInviteToken_ReturnsBadRequest" computerName="mac" duration="00:00:00.1256799" startTime="2025-09-21T22:36:21.2074910-05:00" endTime="2025-09-21T22:36:21.2074910-05:00" testType="13cdc9d9-ddb5-4fa4-a97d-d965ccfc6d4b" outcome="Passed" testListId="8c84fa94-04c1-424b-9868-57a2d4851a1d" relativeResultsDirectory="53b0fc1c-ab22-458e-bbd7-35795e6af328" />
    <UnitTestResult executionId="4e619a57-8de1-4c2e-9f6f-3ffc8d38b05c" testId="5f9c27d4-50bb-efe1-e416-35702c9fd2c6" testName="Appostolic.Api.AuthTests.SelectTenantTests.SelectTenant_ForbiddenTenant_Returns403" computerName="mac" duration="00:00:00.3871512" startTime="2025-09-21T22:36:31.6797950-05:00" endTime="2025-09-21T22:36:31.6797950-05:00" testType="13cdc9d9-ddb5-4fa4-a97d-d965ccfc6d4b" outcome="Passed" testListId="8c84fa94-04c1-424b-9868-57a2d4851a1d" relativeResultsDirectory="4e619a57-8de1-4c2e-9f6f-3ffc8d38b05c" />
    <UnitTestResult executionId="35f285b8-592a-4827-9b15-1f2c38f55e05" testId="784ad7dc-5a89-a731-4a54-d985f0ba330c" testName="Appostolic.Api.Tests.Notifications.AutoResendScannerTests.Respects_throttle_window" computerName="mac" duration="00:00:00.0016403" startTime="2025-09-21T22:36:29.4073990-05:00" endTime="2025-09-21T22:36:29.4073990-05:00" testType="13cdc9d9-ddb5-4fa4-a97d-d965ccfc6d4b" outcome="Passed" testListId="8c84fa94-04c1-424b-9868-57a2d4851a1d" relativeResultsDirectory="35f285b8-592a-4827-9b15-1f2c38f55e05" />
    <UnitTestResult executionId="4cbcd0a2-c481-49c8-975c-8cd680fe2eeb" testId="04a8bdbc-fefc-28fe-9d41-eb27166daebb" testName="Appostolic.Api.Tests.Api.InvitesRolesFlagsTests.Create_Invite_With_Roles_Flags_Persists_And_Lists" computerName="mac" duration="00:00:00.3486369" startTime="2025-09-21T22:36:29.3693890-05:00" endTime="2025-09-21T22:36:29.3693890-05:00" testType="13cdc9d9-ddb5-4fa4-a97d-d965ccfc6d4b" outcome="Failed" testListId="8c84fa94-04c1-424b-9868-57a2d4851a1d" relativeResultsDirectory="4cbcd0a2-c481-49c8-975c-8cd680fe2eeb">
      <Output>
        <ErrorInfo>
          <Message>Expected create.StatusCode to be HttpStatusCode.Created {value: 201}, but found HttpStatusCode.Unauthorized {value: 401}.</Message>
          <StackTrace>   at FluentAssertions.Execution.XUnit2TestFramework.Throw(String message)
   at FluentAssertions.Execution.TestFrameworkProvider.Throw(String message)
   at FluentAssertions.Execution.DefaultAssertionStrategy.HandleFailure(String message)
   at FluentAssertions.Execution.AssertionScope.FailWith(Func`1 failReasonFunc)
   at FluentAssertions.Execution.AssertionScope.FailWith(Func`1 failReasonFunc)
   at FluentAssertions.Execution.AssertionScope.FailWith(String message, Object[] args)
   at FluentAssertions.Primitives.EnumAssertions`2.Be(TEnum expected, String because, Object[] becauseArgs)
   at Appostolic.Api.Tests.Api.InvitesRolesFlagsTests.Create_Invite_With_Roles_Flags_Persists_And_Lists() in /Users/kevinmccreary/appostolic/apps/api.tests/Api/InvitesRolesFlagsTests.cs:line 41
--- End of stack trace from previous location ---</StackTrace>
        </ErrorInfo>
      </Output>
    </UnitTestResult>
    <UnitTestResult executionId="14af4405-b6f7-403f-8936-b75672ae1399" testId="cb3a79b8-8a20-d72b-fe66-3be39a479486" testName="Appostolic.Api.Tests.AgentOrchestratorTests.Cancellation_StopsMidRun" computerName="mac" duration="00:00:00.0149505" startTime="2025-09-21T22:36:47.5552190-05:00" endTime="2025-09-21T22:36:47.5552190-05:00" testType="13cdc9d9-ddb5-4fa4-a97d-d965ccfc6d4b" outcome="Passed" testListId="8c84fa94-04c1-424b-9868-57a2d4851a1d" relativeResultsDirectory="14af4405-b6f7-403f-8936-b75672ae1399" />
    <UnitTestResult executionId="911a4622-64f6-4337-85dc-ce9cebd6a487" testId="860122fa-e148-3b20-fdb5-225e5e6bb171" testName="Appostolic.Api.AuthTests.LoginJwtNeutralTests.Login_ReturnsNeutralAccessAndRefreshToken" computerName="mac" duration="00:00:00.5779223" startTime="2025-09-21T22:36:33.5827300-05:00" endTime="2025-09-21T22:36:33.5827300-05:00" testType="13cdc9d9-ddb5-4fa4-a97d-d965ccfc6d4b" outcome="Passed" testListId="8c84fa94-04c1-424b-9868-57a2d4851a1d" relativeResultsDirectory="911a4622-64f6-4337-85dc-ce9cebd6a487" />
    <UnitTestResult executionId="704b6f97-7678-49da-8130-3c664d8cdc93" testId="fc170f06-7a65-44e3-9780-d428f13f33ad" testName="Appostolic.Api.Tests.SmokeTests.Health_ReturnsOk" computerName="mac" duration="00:00:00.2122373" startTime="2025-09-21T22:36:22.5337460-05:00" endTime="2025-09-21T22:36:22.5337460-05:00" testType="13cdc9d9-ddb5-4fa4-a97d-d965ccfc6d4b" outcome="Passed" testListId="8c84fa94-04c1-424b-9868-57a2d4851a1d" relativeResultsDirectory="704b6f97-7678-49da-8130-3c664d8cdc93" />
    <UnitTestResult executionId="bf149d00-309c-4cf2-a3a4-8a332a70b0c5" testId="29cdf802-09fa-4c20-1649-a919d0e03e4d" testName="Appostolic.Api.Tests.Api.AssignmentsApiTests.Set_roles_replaces_flags_and_allows_noop" computerName="mac" duration="00:00:00.0034080" startTime="2025-09-21T22:36:47.2835390-05:00" endTime="2025-09-21T22:36:47.2835390-05:00" testType="13cdc9d9-ddb5-4fa4-a97d-d965ccfc6d4b" outcome="Failed" testListId="8c84fa94-04c1-424b-9868-57a2d4851a1d" relativeResultsDirectory="bf149d00-309c-4cf2-a3a4-8a332a70b0c5">
      <Output>
        <ErrorInfo>
          <Message>Expected resp.StatusCode to be HttpStatusCode.OK {value: 200}, but found HttpStatusCode.Unauthorized {value: 401}.</Message>
          <StackTrace>   at FluentAssertions.Execution.XUnit2TestFramework.Throw(String message)
   at FluentAssertions.Execution.TestFrameworkProvider.Throw(String message)
   at FluentAssertions.Execution.AssertionScope.FailWith(Func`1 failReasonFunc)
   at FluentAssertions.Primitives.EnumAssertions`2.Be(TEnum expected, String because, Object[] becauseArgs)
   at Appostolic.Api.Tests.Api.AssignmentsApiTests.Set_roles_replaces_flags_and_allows_noop() in /Users/kevinmccreary/appostolic/apps/api.tests/Api/AssignmentsApiTests.cs:line 95
--- End of stack trace from previous location ---</StackTrace>
        </ErrorInfo>
      </Output>
    </UnitTestResult>
    <UnitTestResult executionId="eba2457a-dde4-41de-b02f-512d0659246a" testId="d079b60f-9bd9-c7a1-855f-178e519346dc" testName="Appostolic.Api.Tests.EmailDispatcherTests.Dispatcher_logs_correlation_fields_when_present" computerName="mac" duration="00:00:00.0024702" startTime="2025-09-21T22:36:37.1893560-05:00" endTime="2025-09-21T22:36:37.1893570-05:00" testType="13cdc9d9-ddb5-4fa4-a97d-d965ccfc6d4b" outcome="Passed" testListId="8c84fa94-04c1-424b-9868-57a2d4851a1d" relativeResultsDirectory="eba2457a-dde4-41de-b02f-512d0659246a" />
    <UnitTestResult executionId="e9a47c01-a041-434f-979b-40f44748c49a" testId="fc6317ac-4f9e-d443-bb9c-db2ea41d1b6d" testName="Appostolic.Api.Tests.Api.AssignmentsApiTests.Non_admin_cannot_set_roles" computerName="mac" duration="00:00:00.0020438" startTime="2025-09-21T22:36:47.2886190-05:00" endTime="2025-09-21T22:36:47.2886190-05:00" testType="13cdc9d9-ddb5-4fa4-a97d-d965ccfc6d4b" outcome="Failed" testListId="8c84fa94-04c1-424b-9868-57a2d4851a1d" relativeResultsDirectory="e9a47c01-a041-434f-979b-40f44748c49a">
      <Output>
        <ErrorInfo>
          <Message>Expected resp.StatusCode to be HttpStatusCode.Forbidden {value: 403}, but found HttpStatusCode.Unauthorized {value: 401}.</Message>
          <StackTrace>   at FluentAssertions.Execution.XUnit2TestFramework.Throw(String message)
   at FluentAssertions.Execution.TestFrameworkProvider.Throw(String message)
   at FluentAssertions.Execution.AssertionScope.FailWith(Func`1 failReasonFunc)
   at FluentAssertions.Primitives.EnumAssertions`2.Be(TEnum expected, String because, Object[] becauseArgs)
   at Appostolic.Api.Tests.Api.AssignmentsApiTests.Non_admin_cannot_set_roles() in /Users/kevinmccreary/appostolic/apps/api.tests/Api/AssignmentsApiTests.cs:line 205
--- End of stack trace from previous location ---</StackTrace>
        </ErrorInfo>
      </Output>
    </UnitTestResult>
    <UnitTestResult executionId="4f7d764b-9e34-4cc0-b064-c3841254fd25" testId="8f26075f-925c-4688-bf33-abe324c4e160" testName="Appostolic.Api.Tests.Api.ToolCatalogTests.Tools_Catalog_Lists_Registered_Tools_With_Categories" computerName="mac" duration="00:00:00.1500510" startTime="2025-09-21T22:36:36.8365600-05:00" endTime="2025-09-21T22:36:36.8365600-05:00" testType="13cdc9d9-ddb5-4fa4-a97d-d965ccfc6d4b" outcome="Failed" testListId="8c84fa94-04c1-424b-9868-57a2d4851a1d" relativeResultsDirectory="4f7d764b-9e34-4cc0-b064-c3841254fd25">
      <Output>
        <ErrorInfo>
          <Message>Expected resp.StatusCode to be HttpStatusCode.OK {value: 200}, but found HttpStatusCode.Unauthorized {value: 401}.</Message>
          <StackTrace>   at FluentAssertions.Execution.XUnit2TestFramework.Throw(String message)
   at FluentAssertions.Execution.TestFrameworkProvider.Throw(String message)
   at FluentAssertions.Execution.AssertionScope.FailWith(Func`1 failReasonFunc)
   at FluentAssertions.Primitives.EnumAssertions`2.Be(TEnum expected, String because, Object[] becauseArgs)
   at Appostolic.Api.Tests.Api.ToolCatalogTests.Tools_Catalog_Lists_Registered_Tools_With_Categories() in /Users/kevinmccreary/appostolic/apps/api.tests/Api/ToolCatalogTests.cs:line 27
--- End of stack trace from previous location ---</StackTrace>
        </ErrorInfo>
      </Output>
    </UnitTestResult>
    <UnitTestResult executionId="14542478-0329-49e5-a7aa-b8fabb3b3842" testId="f36e146c-5e84-0e67-2982-f20e16e0dd68" testName="Appostolic.Api.Tests.ModelMappingTests.Agent_check_constraints_are_configured_in_model" computerName="mac" duration="00:00:00.0506783" startTime="2025-09-21T22:36:21.8182450-05:00" endTime="2025-09-21T22:36:21.8182460-05:00" testType="13cdc9d9-ddb5-4fa4-a97d-d965ccfc6d4b" outcome="Passed" testListId="8c84fa94-04c1-424b-9868-57a2d4851a1d" relativeResultsDirectory="14542478-0329-49e5-a7aa-b8fabb3b3842" />
    <UnitTestResult executionId="84c9147c-85d9-4608-8774-1c45503199aa" testId="94524c04-7158-8472-e876-43b26f76e4f4" testName="Appostolic.Api.Tests.AgentTasks.AgentTasksListFilterPaginationTests.FreeText_Q_Search_On_Input_And_User" computerName="mac" duration="00:00:00.0017835" startTime="2025-09-21T22:36:22.3198320-05:00" endTime="2025-09-21T22:36:22.3198320-05:00" testType="13cdc9d9-ddb5-4fa4-a97d-d965ccfc6d4b" outcome="Failed" testListId="8c84fa94-04c1-424b-9868-57a2d4851a1d" relativeResultsDirectory="84c9147c-85d9-4608-8774-1c45503199aa">
      <Output>
        <ErrorInfo>
          <Message>System.Net.Http.HttpRequestException : Response status code does not indicate success: 401 (Unauthorized).</Message>
          <StackTrace>   at System.Net.Http.HttpResponseMessage.EnsureSuccessStatusCode()
   at Appostolic.Api.Tests.AgentTasks.AgentTasksTestBase.CreateTaskAsync(Guid agentId, Object input, Nullable`1 enqueueDelayMs, Boolean suppressEnqueue) in /Users/kevinmccreary/appostolic/apps/api.tests/AgentTasks/AgentTasksTestBase.cs:line 89
   at Appostolic.Api.Tests.AgentTasks.AgentTasksListFilterPaginationTests.FreeText_Q_Search_On_Input_And_User() in /Users/kevinmccreary/appostolic/apps/api.tests/AgentTasks/AgentTasksListFilterPaginationTests.cs:line 105
--- End of stack trace from previous location ---</StackTrace>
        </ErrorInfo>
      </Output>
    </UnitTestResult>
    <UnitTestResult executionId="2bae33d4-13d6-4f2d-b92e-964815ce4fec" testId="12c3c514-0e1a-a711-90d4-344685873f0e" testName="Appostolic.Api.AuthTests.LoginTests.Login_InvalidCredentials_Returns401" computerName="mac" duration="00:00:00.1481299" startTime="2025-09-21T22:36:34.0087900-05:00" endTime="2025-09-21T22:36:34.0087900-05:00" testType="13cdc9d9-ddb5-4fa4-a97d-d965ccfc6d4b" outcome="Passed" testListId="8c84fa94-04c1-424b-9868-57a2d4851a1d" relativeResultsDirectory="2bae33d4-13d6-4f2d-b92e-964815ce4fec" />
    <UnitTestResult executionId="119a1a92-9edb-470c-8202-6fb7c83628e4" testId="cb90a4b6-5413-6334-a88c-d9e37624202c" testName="Appostolic.Api.Tests.Api.InvitesRolesFlagsTests.Create_Invite_With_Invalid_Role_Flag_Is_400" computerName="mac" duration="00:00:00.0026939" startTime="2025-09-21T22:36:29.3774730-05:00" endTime="2025-09-21T22:36:29.3774730-05:00" testType="13cdc9d9-ddb5-4fa4-a97d-d965ccfc6d4b" outcome="Failed" testListId="8c84fa94-04c1-424b-9868-57a2d4851a1d" relativeResultsDirectory="119a1a92-9edb-470c-8202-6fb7c83628e4">
      <Output>
        <ErrorInfo>
          <Message>Expected resp.StatusCode to be HttpStatusCode.BadRequest {value: 400}, but found HttpStatusCode.Unauthorized {value: 401}.</Message>
          <StackTrace>   at FluentAssertions.Execution.XUnit2TestFramework.Throw(String message)
   at FluentAssertions.Execution.TestFrameworkProvider.Throw(String message)
   at FluentAssertions.Execution.DefaultAssertionStrategy.HandleFailure(String message)
   at FluentAssertions.Execution.AssertionScope.FailWith(Func`1 failReasonFunc)
   at FluentAssertions.Execution.AssertionScope.FailWith(Func`1 failReasonFunc)
   at FluentAssertions.Execution.AssertionScope.FailWith(String message, Object[] args)
   at FluentAssertions.Primitives.EnumAssertions`2.Be(TEnum expected, String because, Object[] becauseArgs)
   at Appostolic.Api.Tests.Api.InvitesRolesFlagsTests.Create_Invite_With_Invalid_Role_Flag_Is_400() in /Users/kevinmccreary/appostolic/apps/api.tests/Api/InvitesRolesFlagsTests.cs:line 101
--- End of stack trace from previous location ---</StackTrace>
        </ErrorInfo>
      </Output>
    </UnitTestResult>
    <UnitTestResult executionId="002769e2-69bf-4887-a9da-403a3c5d2823" testId="5aebb0bd-a461-dea6-b51f-abbdbf65c34a" testName="Appostolic.Api.Tests.Api.AuditsListingEndpointTests.Supports_optional_filters_user_actor_and_date_range" computerName="mac" duration="00:00:00.0180690" startTime="2025-09-21T22:36:27.0269050-05:00" endTime="2025-09-21T22:36:27.0269060-05:00" testType="13cdc9d9-ddb5-4fa4-a97d-d965ccfc6d4b" outcome="Failed" testListId="8c84fa94-04c1-424b-9868-57a2d4851a1d" relativeResultsDirectory="002769e2-69bf-4887-a9da-403a3c5d2823">
      <Output>
        <ErrorInfo>
          <Message>Expected rUser.StatusCode to be HttpStatusCode.OK {value: 200}, but found HttpStatusCode.Unauthorized {value: 401}.</Message>
          <StackTrace>   at FluentAssertions.Execution.XUnit2TestFramework.Throw(String message)
   at FluentAssertions.Execution.TestFrameworkProvider.Throw(String message)
   at FluentAssertions.Execution.DefaultAssertionStrategy.HandleFailure(String message)
   at FluentAssertions.Execution.AssertionScope.FailWith(Func`1 failReasonFunc)
   at FluentAssertions.Execution.AssertionScope.FailWith(Func`1 failReasonFunc)
   at FluentAssertions.Execution.AssertionScope.FailWith(String message, Object[] args)
   at FluentAssertions.Primitives.EnumAssertions`2.Be(TEnum expected, String because, Object[] becauseArgs)
   at Appostolic.Api.Tests.Api.AuditsListingEndpointTests.Supports_optional_filters_user_actor_and_date_range() in /Users/kevinmccreary/appostolic/apps/api.tests/Api/AuditsListingEndpointTests.cs:line 83
--- End of stack trace from previous location ---</StackTrace>
        </ErrorInfo>
      </Output>
    </UnitTestResult>
    <UnitTestResult executionId="5d1cd02d-22ba-4d78-a0b8-caeac07c0c62" testId="b1a86b7e-f06f-d34f-562a-cebd2aadc4a9" testName="Appostolic.Api.Tests.Auth.AccessTokenVersionTests.AccessToken_BecomesInvalid_AfterPasswordChange_IncrementsTokenVersion" computerName="mac" duration="00:00:00.6156104" startTime="2025-09-21T22:36:36.5416230-05:00" endTime="2025-09-21T22:36:36.5416230-05:00" testType="13cdc9d9-ddb5-4fa4-a97d-d965ccfc6d4b" outcome="Passed" testListId="8c84fa94-04c1-424b-9868-57a2d4851a1d" relativeResultsDirectory="5d1cd02d-22ba-4d78-a0b8-caeac07c0c62" />
    <UnitTestResult executionId="2fb0aef9-47d3-40a2-ada4-815192f6e880" testId="79403e37-7823-d8d7-7290-f467456876fa" testName="Appostolic.Api.Tests.Model.TokenEstimatorTests.EstimateTokens_Heuristic_CeilPer4Chars(text: &quot;a&quot;, expected: 1)" computerName="mac" duration="00:00:00.0000020" startTime="2025-09-21T22:36:29.5718660-05:00" endTime="2025-09-21T22:36:29.5718660-05:00" testType="13cdc9d9-ddb5-4fa4-a97d-d965ccfc6d4b" outcome="Passed" testListId="8c84fa94-04c1-424b-9868-57a2d4851a1d" relativeResultsDirectory="2fb0aef9-47d3-40a2-ada4-815192f6e880" />
    <UnitTestResult executionId="11716ef5-2f7b-4851-84ce-5f26b1d04c1a" testId="3ff15350-3cc9-12ef-e4db-8ff403fcec20" testName="Appostolic.Api.Tests.Privacy.PIIRedactorTests.RedactPhone_Works(input: &quot;5551234567&quot;, expected: &quot;***4567&quot;)" computerName="mac" duration="00:00:00.0003215" startTime="2025-09-21T22:36:34.7219400-05:00" endTime="2025-09-21T22:36:34.7219410-05:00" testType="13cdc9d9-ddb5-4fa4-a97d-d965ccfc6d4b" outcome="Passed" testListId="8c84fa94-04c1-424b-9868-57a2d4851a1d" relativeResultsDirectory="11716ef5-2f7b-4851-84ce-5f26b1d04c1a" />
    <UnitTestResult executionId="9c6145c6-3a9b-4b0e-a13d-8021668ae282" testId="1aa96e1c-162f-87b8-360d-29c19b3b2c73" testName="DbQueryToolTests.Unknown_table_fails" computerName="mac" duration="00:00:00.0113702" startTime="2025-09-21T22:36:22.9943090-05:00" endTime="2025-09-21T22:36:22.9943090-05:00" testType="13cdc9d9-ddb5-4fa4-a97d-d965ccfc6d4b" outcome="Passed" testListId="8c84fa94-04c1-424b-9868-57a2d4851a1d" relativeResultsDirectory="9c6145c6-3a9b-4b0e-a13d-8021668ae282" />
    <UnitTestResult executionId="bbacb47c-82ec-4626-bf3e-dd41228aeae5" testId="db7d0680-48d1-c1f1-4778-34baf73efb75" testName="Appostolic.Api.Tests.Api.AuditTrailTests.Set_roles_noop_second_call_does_not_duplicate_audit" computerName="mac" duration="00:00:00.4778583" startTime="2025-09-21T22:36:46.0266930-05:00" endTime="2025-09-21T22:36:46.0266930-05:00" testType="13cdc9d9-ddb5-4fa4-a97d-d965ccfc6d4b" outcome="Failed" testListId="8c84fa94-04c1-424b-9868-57a2d4851a1d" relativeResultsDirectory="bbacb47c-82ec-4626-bf3e-dd41228aeae5">
      <Output>
        <ErrorInfo>
          <Message>Expected first.StatusCode to be HttpStatusCode.OK {value: 200}, but found HttpStatusCode.Unauthorized {value: 401}.</Message>
          <StackTrace>   at FluentAssertions.Execution.XUnit2TestFramework.Throw(String message)
   at FluentAssertions.Execution.TestFrameworkProvider.Throw(String message)
   at FluentAssertions.Execution.AssertionScope.FailWith(Func`1 failReasonFunc)
   at FluentAssertions.Primitives.EnumAssertions`2.Be(TEnum expected, String because, Object[] becauseArgs)
   at Appostolic.Api.Tests.Api.AuditTrailTests.Set_roles_noop_second_call_does_not_duplicate_audit() in /Users/kevinmccreary/appostolic/apps/api.tests/Api/AuditTrailTests.cs:line 96
--- End of stack trace from previous location ---</StackTrace>
        </ErrorInfo>
      </Output>
    </UnitTestResult>
    <UnitTestResult executionId="46d9a9d6-b1be-4dcd-96d1-3d1ba34d77ca" testId="50c609b5-3f14-814d-a1e7-5260305a9b12" testName="Appostolic.Api.Tests.AgentTasks.AgentTasksCancelRetryTests.Cancel_Terminal_Task_Returns409" computerName="mac" duration="00:00:00.0031777" startTime="2025-09-21T22:36:35.2701560-05:00" endTime="2025-09-21T22:36:35.2701560-05:00" testType="13cdc9d9-ddb5-4fa4-a97d-d965ccfc6d4b" outcome="Failed" testListId="8c84fa94-04c1-424b-9868-57a2d4851a1d" relativeResultsDirectory="46d9a9d6-b1be-4dcd-96d1-3d1ba34d77ca">
      <Output>
        <ErrorInfo>
          <Message>System.Net.Http.HttpRequestException : Response status code does not indicate success: 401 (Unauthorized).</Message>
          <StackTrace>   at System.Net.Http.HttpResponseMessage.EnsureSuccessStatusCode()
   at Appostolic.Api.Tests.AgentTasks.AgentTasksTestBase.CreateTaskAsync(Guid agentId, Object input, Nullable`1 enqueueDelayMs, Boolean suppressEnqueue) in /Users/kevinmccreary/appostolic/apps/api.tests/AgentTasks/AgentTasksTestBase.cs:line 89
   at Appostolic.Api.Tests.AgentTasks.AgentTasksCancelRetryTests.Cancel_Terminal_Task_Returns409() in /Users/kevinmccreary/appostolic/apps/api.tests/AgentTasks/AgentTasksCancelRetryTests.cs:line 41
--- End of stack trace from previous location ---</StackTrace>
        </ErrorInfo>
      </Output>
    </UnitTestResult>
    <UnitTestResult executionId="1b14d3b6-c5da-4efd-a48e-0cd08cbd68b4" testId="1cfc69b2-92d0-7e18-c868-129765966147" testName="Appostolic.Api.Tests.Auth.SignupTests.Signup_SelfServe_CreatesUserAndPersonalTenant" computerName="mac" duration="00:00:00.3259755" startTime="2025-09-21T22:36:21.0815620-05:00" endTime="2025-09-21T22:36:21.0815620-05:00" testType="13cdc9d9-ddb5-4fa4-a97d-d965ccfc6d4b" outcome="Passed" testListId="8c84fa94-04c1-424b-9868-57a2d4851a1d" relativeResultsDirectory="1b14d3b6-c5da-4efd-a48e-0cd08cbd68b4" />
    <UnitTestResult executionId="39f50227-eb42-4e38-a62c-abf9f4086297" testId="f397170a-390b-6658-7a65-2034c30cf829" testName="Appostolic.Api.Tests.Auth.AuthMetricsTests.PlaintextCountersIncrement" computerName="mac" duration="00:00:00.0019083" startTime="2025-09-21T22:36:22.7561170-05:00" endTime="2025-09-21T22:36:22.7561170-05:00" testType="13cdc9d9-ddb5-4fa4-a97d-d965ccfc6d4b" outcome="Passed" testListId="8c84fa94-04c1-424b-9868-57a2d4851a1d" relativeResultsDirectory="39f50227-eb42-4e38-a62c-abf9f4086297" />
    <UnitTestResult executionId="aa614ec6-56fe-42c5-b9d6-e52709feba9a" testId="ae52c100-f2a8-a5be-ad09-0052606abe6b" testName="Appostolic.Api.AuthTests.TestTokenFactoryTests.MintTenantToken_SingleMembership_AutoTenantYieldsTenantToken" computerName="mac" duration="00:00:00.0037011" startTime="2025-09-21T22:36:24.3009590-05:00" endTime="2025-09-21T22:36:24.3009590-05:00" testType="13cdc9d9-ddb5-4fa4-a97d-d965ccfc6d4b" outcome="Passed" testListId="8c84fa94-04c1-424b-9868-57a2d4851a1d" relativeResultsDirectory="aa614ec6-56fe-42c5-b9d6-e52709feba9a" />
    <UnitTestResult executionId="ab968bb8-4446-412d-8f57-f55d4dbdf50b" testId="5ec8c6f8-601d-9718-1802-a15c88bb4987" testName="Appostolic.Api.Tests.AgentTasks.AgentTasksCancelRetryTests.Retry_From_Succeeded_Creates_New_Task_And_Runs" computerName="mac" duration="00:00:00.0024263" startTime="2025-09-21T22:36:35.2728620-05:00" endTime="2025-09-21T22:36:35.2728630-05:00" testType="13cdc9d9-ddb5-4fa4-a97d-d965ccfc6d4b" outcome="Failed" testListId="8c84fa94-04c1-424b-9868-57a2d4851a1d" relativeResultsDirectory="ab968bb8-4446-412d-8f57-f55d4dbdf50b">
      <Output>
        <ErrorInfo>
          <Message>System.Net.Http.HttpRequestException : Response status code does not indicate success: 401 (Unauthorized).</Message>
          <StackTrace>   at System.Net.Http.HttpResponseMessage.EnsureSuccessStatusCode()
   at Appostolic.Api.Tests.AgentTasks.AgentTasksTestBase.CreateTaskAsync(Guid agentId, Object input, Nullable`1 enqueueDelayMs, Boolean suppressEnqueue) in /Users/kevinmccreary/appostolic/apps/api.tests/AgentTasks/AgentTasksTestBase.cs:line 89
   at Appostolic.Api.Tests.AgentTasks.AgentTasksCancelRetryTests.Retry_From_Succeeded_Creates_New_Task_And_Runs() in /Users/kevinmccreary/appostolic/apps/api.tests/AgentTasks/AgentTasksCancelRetryTests.cs:line 54
--- End of stack trace from previous location ---</StackTrace>
        </ErrorInfo>
      </Output>
    </UnitTestResult>
    <UnitTestResult executionId="cfc8bdad-2f8b-47fc-aa79-cb7d95fb20f3" testId="e507a4d5-4aa9-7d32-05a9-ecfa3f03323d" testName="Appostolic.Api.Tests.Security.AgentTasksAuthContractTests.ListEndpoint_RequiresDevHeaders" computerName="mac" duration="00:00:00.2524174" startTime="2025-09-21T22:36:21.5885230-05:00" endTime="2025-09-21T22:36:21.5885230-05:00" testType="13cdc9d9-ddb5-4fa4-a97d-d965ccfc6d4b" outcome="Failed" testListId="8c84fa94-04c1-424b-9868-57a2d4851a1d" relativeResultsDirectory="cfc8bdad-2f8b-47fc-aa79-cb7d95fb20f3">
      <Output>
        <ErrorInfo>
          <Message>Expected ok.StatusCode to be HttpStatusCode.OK {value: 200}, but found HttpStatusCode.Unauthorized {value: 401}.</Message>
          <StackTrace>   at FluentAssertions.Execution.XUnit2TestFramework.Throw(String message)
   at FluentAssertions.Execution.TestFrameworkProvider.Throw(String message)
   at FluentAssertions.Execution.DefaultAssertionStrategy.HandleFailure(String message)
   at FluentAssertions.Execution.AssertionScope.FailWith(Func`1 failReasonFunc)
   at FluentAssertions.Execution.AssertionScope.FailWith(Func`1 failReasonFunc)
   at FluentAssertions.Execution.AssertionScope.FailWith(String message, Object[] args)
   at FluentAssertions.Primitives.EnumAssertions`2.Be(TEnum expected, String because, Object[] becauseArgs)
   at Appostolic.Api.Tests.Security.AgentTasksAuthContractTests.ListEndpoint_RequiresDevHeaders() in /Users/kevinmccreary/appostolic/apps/api.tests/Security/AgentTasksAuthContractTests.cs:line 39
--- End of stack trace from previous location ---</StackTrace>
        </ErrorInfo>
      </Output>
    </UnitTestResult>
    <UnitTestResult executionId="fcfd776c-a02a-4609-95b2-e597327891f7" testId="e0724a8e-d699-09ac-c090-59791deb23d9" testName="Appostolic.Api.Tests.Api.NotificationsAdminEndpointsTests.Resend_dev_endpoint_creates_and_throttles" computerName="mac" duration="00:00:00.1473401" startTime="2025-09-21T22:36:39.6914260-05:00" endTime="2025-09-21T22:36:39.6914260-05:00" testType="13cdc9d9-ddb5-4fa4-a97d-d965ccfc6d4b" outcome="Failed" testListId="8c84fa94-04c1-424b-9868-57a2d4851a1d" relativeResultsDirectory="fcfd776c-a02a-4609-95b2-e597327891f7">
      <Output>
        <ErrorInfo>
          <Message>Expected r1.StatusCode to be HttpStatusCode.Created {value: 201}, but found HttpStatusCode.InternalServerError {value: 500}.</Message>
          <StackTrace>   at FluentAssertions.Execution.XUnit2TestFramework.Throw(String message)
   at FluentAssertions.Execution.TestFrameworkProvider.Throw(String message)
   at FluentAssertions.Execution.AssertionScope.FailWith(Func`1 failReasonFunc)
   at FluentAssertions.Primitives.EnumAssertions`2.Be(TEnum expected, String because, Object[] becauseArgs)
   at Appostolic.Api.Tests.Api.NotificationsAdminEndpointsTests.Resend_dev_endpoint_creates_and_throttles() in /Users/kevinmccreary/appostolic/apps/api.tests/Api/NotificationsAdminEndpointsTests.cs:line 89
--- End of stack trace from previous location ---</StackTrace>
        </ErrorInfo>
      </Output>
    </UnitTestResult>
    <UnitTestResult executionId="ad436b8c-6118-46cf-a81c-bdbeed509f30" testId="4f2f4974-af75-8563-a5df-aa0a73b303b0" testName="Appostolic.Api.Tests.Privacy.UserProfileLoggingTests.GetMe_HashingDisabled_OmitsHash" computerName="mac" duration="00:00:00.1760288" startTime="2025-09-21T22:36:24.6716430-05:00" endTime="2025-09-21T22:36:24.6716430-05:00" testType="13cdc9d9-ddb5-4fa4-a97d-d965ccfc6d4b" outcome="Failed" testListId="8c84fa94-04c1-424b-9868-57a2d4851a1d" relativeResultsDirectory="ad436b8c-6118-46cf-a81c-bdbeed509f30">
      <Output>
        <ErrorInfo>
          <Message>System.Net.Http.HttpRequestException : Response status code does not indicate success: 401 (Unauthorized).</Message>
          <StackTrace>   at System.Net.Http.HttpResponseMessage.EnsureSuccessStatusCode()
   at Appostolic.Api.Tests.Privacy.UserProfileLoggingTests.GetMe_HashingDisabled_OmitsHash() in /Users/kevinmccreary/appostolic/apps/api.tests/Privacy/UserProfileLoggingTests.cs:line 78
--- End of stack trace from previous location ---</StackTrace>
        </ErrorInfo>
      </Output>
    </UnitTestResult>
    <UnitTestResult executionId="e898274c-4d53-4add-8f07-2b986cc11d23" testId="e0490bb8-aa59-1f9f-bf54-68d5345c1ea9" testName="Appostolic.Api.Tests.Api._GenerateValid1x1PngBase64Tests.Print_Base64_For_Valid_1x1_Png" computerName="mac" duration="00:00:00.0007653" startTime="2025-09-21T22:36:47.5262370-05:00" endTime="2025-09-21T22:36:47.5262370-05:00" testType="13cdc9d9-ddb5-4fa4-a97d-d965ccfc6d4b" outcome="Passed" testListId="8c84fa94-04c1-424b-9868-57a2d4851a1d" relativeResultsDirectory="e898274c-4d53-4add-8f07-2b986cc11d23" />
    <UnitTestResult executionId="44296f7e-a788-441b-a99e-30e6c634b979" testId="a4d15e3f-72fa-7dbe-1271-22c29f57d731" testName="Appostolic.Api.Tests.Auth.RefreshCookieTests.Login_Sets_Refresh_Cookie_When_Flag_Enabled" computerName="mac" duration="00:00:00.3811417" startTime="2025-09-21T22:36:32.0615210-05:00" endTime="2025-09-21T22:36:32.0615210-05:00" testType="13cdc9d9-ddb5-4fa4-a97d-d965ccfc6d4b" outcome="Passed" testListId="8c84fa94-04c1-424b-9868-57a2d4851a1d" relativeResultsDirectory="44296f7e-a788-441b-a99e-30e6c634b979" />
    <UnitTestResult executionId="6e290d32-5ffc-4a8b-86a1-f88149e9940e" testId="fc8062f2-c6b8-9311-dc63-8d39d262fd14" testName="Appostolic.Api.AuthTests.LoginRolesConvergenceTests.Login_DoesNotMutate_MismatchedRolesBitmask_AfterLegacyConvergenceRemoval" computerName="mac" duration="00:00:00.5395637" startTime="2025-09-21T22:36:30.2251630-05:00" endTime="2025-09-21T22:36:30.2251630-05:00" testType="13cdc9d9-ddb5-4fa4-a97d-d965ccfc6d4b" outcome="Passed" testListId="8c84fa94-04c1-424b-9868-57a2d4851a1d" relativeResultsDirectory="6e290d32-5ffc-4a8b-86a1-f88149e9940e" />
    <UnitTestResult executionId="61f14e28-3997-4208-937c-59f24c7fc26d" testId="eb812c29-73b3-e923-42de-8821a188e94a" testName="Appostolic.Api.Tests.Notifications.NotificationsPiiScrubTests.Scrubs_before_delete_windows_and_deletes_at_cutoff" computerName="mac" duration="00:00:00.0059248" startTime="2025-09-21T22:36:35.3195220-05:00" endTime="2025-09-21T22:36:35.3195220-05:00" testType="13cdc9d9-ddb5-4fa4-a97d-d965ccfc6d4b" outcome="Passed" testListId="8c84fa94-04c1-424b-9868-57a2d4851a1d" relativeResultsDirectory="61f14e28-3997-4208-937c-59f24c7fc26d" />
    <UnitTestResult executionId="4121ba54-5067-4a90-bcad-e10401f42ea3" testId="6447b752-ca58-5092-2c5d-d1f5fe58b5dc" testName="WebSearchToolTests.Empty_query_returns_empty" computerName="mac" duration="00:00:00.0004157" startTime="2025-09-21T22:36:23.0186320-05:00" endTime="2025-09-21T22:36:23.0186320-05:00" testType="13cdc9d9-ddb5-4fa4-a97d-d965ccfc6d4b" outcome="Passed" testListId="8c84fa94-04c1-424b-9868-57a2d4851a1d" relativeResultsDirectory="4121ba54-5067-4a90-bcad-e10401f42ea3" />
    <UnitTestResult executionId="d6b1b90f-1c72-45a3-a7b1-6a13c0a633c5" testId="c3e1478d-2cae-8f80-3a89-04eb9dac0acb" testName="Appostolic.Api.Tests.Api.NotificationsWebhookTests.SendGridWebhook_forbidden_when_token_mismatch" computerName="mac" duration="00:00:00.1567355" startTime="2025-09-21T22:36:37.1682400-05:00" endTime="2025-09-21T22:36:37.1682400-05:00" testType="13cdc9d9-ddb5-4fa4-a97d-d965ccfc6d4b" outcome="Passed" testListId="8c84fa94-04c1-424b-9868-57a2d4851a1d" relativeResultsDirectory="d6b1b90f-1c72-45a3-a7b1-6a13c0a633c5" />
    <UnitTestResult executionId="07921bf2-885b-4343-84cb-4ec0512dad15" testId="a8bb0fab-56c6-938a-460b-3d46baedbbb6" testName="Appostolic.Api.Tests.Storage.ObjectStorageDeleteTests.Local_DeleteAsync_RemovesFile_WhenPresent" computerName="mac" duration="00:00:00.0023611" startTime="2025-09-21T22:36:35.2836070-05:00" endTime="2025-09-21T22:36:35.2836070-05:00" testType="13cdc9d9-ddb5-4fa4-a97d-d965ccfc6d4b" outcome="Passed" testListId="8c84fa94-04c1-424b-9868-57a2d4851a1d" relativeResultsDirectory="07921bf2-885b-4343-84cb-4ec0512dad15" />
    <UnitTestResult executionId="90a4f32c-6dec-4d95-8281-c5cdc4987603" testId="e6dca875-c7cc-8760-96b7-d841ef24dda8" testName="Appostolic.Api.Tests.Schema.RolesBitmaskConstraintTests.Insert_membership_with_invalid_bitmask_fails" computerName="mac" duration="00:00:00.1130747" startTime="2025-09-21T22:36:29.6850480-05:00" endTime="2025-09-21T22:36:29.6850480-05:00" testType="13cdc9d9-ddb5-4fa4-a97d-d965ccfc6d4b" outcome="Passed" testListId="8c84fa94-04c1-424b-9868-57a2d4851a1d" relativeResultsDirectory="90a4f32c-6dec-4d95-8281-c5cdc4987603" />
    <UnitTestResult executionId="ea95c800-1e29-4ea5-9f41-09104d0beddc" testId="43ab37ac-8f01-34cd-35d3-1bda726822d7" testName="Appostolic.Api.Tests.Notifications.NotificationDedupeTests.CreateQueuedAsync_blocks_duplicate_within_ttl" computerName="mac" duration="00:00:00.0033223" startTime="2025-09-21T22:36:45.5482650-05:00" endTime="2025-09-21T22:36:45.5482650-05:00" testType="13cdc9d9-ddb5-4fa4-a97d-d965ccfc6d4b" outcome="Passed" testListId="8c84fa94-04c1-424b-9868-57a2d4851a1d" relativeResultsDirectory="ea95c800-1e29-4ea5-9f41-09104d0beddc" />
    <UnitTestResult executionId="bcc0f402-fb15-4817-8408-cc0347d45305" testId="c0347afe-0c6b-b0a7-12e1-3aa76a4722fc" testName="Appostolic.Api.Tests.Api.AgentTasksEndpointsTests.GetDetails_WithTracesInitiallyEmpty" computerName="mac" duration="00:00:00.0040315" startTime="2025-09-21T22:36:22.9786960-05:00" endTime="2025-09-21T22:36:22.9786960-05:00" testType="13cdc9d9-ddb5-4fa4-a97d-d965ccfc6d4b" outcome="Failed" testListId="8c84fa94-04c1-424b-9868-57a2d4851a1d" relativeResultsDirectory="bcc0f402-fb15-4817-8408-cc0347d45305">
      <Output>
        <ErrorInfo>
          <Message>Expected resp.StatusCode to be HttpStatusCode.Created {value: 201}, but found HttpStatusCode.Unauthorized {value: 401}.</Message>
          <StackTrace>   at FluentAssertions.Execution.XUnit2TestFramework.Throw(String message)
   at FluentAssertions.Execution.TestFrameworkProvider.Throw(String message)
   at FluentAssertions.Execution.DefaultAssertionStrategy.HandleFailure(String message)
   at FluentAssertions.Execution.AssertionScope.FailWith(Func`1 failReasonFunc)
   at FluentAssertions.Execution.AssertionScope.FailWith(Func`1 failReasonFunc)
   at FluentAssertions.Execution.AssertionScope.FailWith(String message, Object[] args)
   at FluentAssertions.Primitives.EnumAssertions`2.Be(TEnum expected, String because, Object[] becauseArgs)
   at Appostolic.Api.Tests.Api.AgentTasksEndpointsTests.CreateTask_Returns201AndSummary() in /Users/kevinmccreary/appostolic/apps/api.tests/Api/AgentTasksEndpointsTests.cs:line 29
   at Appostolic.Api.Tests.Api.AgentTasksEndpointsTests.GetDetails_WithTracesInitiallyEmpty() in /Users/kevinmccreary/appostolic/apps/api.tests/Api/AgentTasksEndpointsTests.cs:line 43
--- End of stack trace from previous location ---</StackTrace>
        </ErrorInfo>
      </Output>
    </UnitTestResult>
    <UnitTestResult executionId="5550f26d-eba9-4703-96e8-2e8a997ac564" testId="4ee5f350-b89d-edd8-c84d-cd5d40909f15" testName="Appostolic.Api.Tests.SmtpEmailSenderTests.Sends_with_both_text_and_html" computerName="mac" duration="00:00:00.0018983" startTime="2025-09-21T22:36:23.9566070-05:00" endTime="2025-09-21T22:36:23.9566070-05:00" testType="13cdc9d9-ddb5-4fa4-a97d-d965ccfc6d4b" outcome="Passed" testListId="8c84fa94-04c1-424b-9868-57a2d4851a1d" relativeResultsDirectory="5550f26d-eba9-4703-96e8-2e8a997ac564" />
    <UnitTestResult executionId="b6615cc0-2287-4553-9638-772d4ecaabb3" testId="5818c4b0-5040-ff57-2a21-3715c31b378e" testName="Appostolic.Api.Tests.NotificationEnqueuerTests.QueueInvite_uses_relative_when_base_missing" computerName="mac" duration="00:00:00.0006221" startTime="2025-09-21T22:36:47.5326280-05:00" endTime="2025-09-21T22:36:47.5326280-05:00" testType="13cdc9d9-ddb5-4fa4-a97d-d965ccfc6d4b" outcome="Passed" testListId="8c84fa94-04c1-424b-9868-57a2d4851a1d" relativeResultsDirectory="b6615cc0-2287-4553-9638-772d4ecaabb3" />
    <UnitTestResult executionId="5197194b-7d3d-4323-b0ec-5b34aa008217" testId="4f65136b-b885-5c0a-1650-385c2d5ff86d" testName="Appostolic.Api.Tests.Privacy.LoggingPIIScopeTests.EmailScope_IncludesRedactedAndHash_WhenEnabled" computerName="mac" duration="00:00:00.0003240" startTime="2025-09-21T22:36:39.3885260-05:00" endTime="2025-09-21T22:36:39.3885260-05:00" testType="13cdc9d9-ddb5-4fa4-a97d-d965ccfc6d4b" outcome="Passed" testListId="8c84fa94-04c1-424b-9868-57a2d4851a1d" relativeResultsDirectory="5197194b-7d3d-4323-b0ec-5b34aa008217" />
    <UnitTestResult executionId="ec91f195-8259-480d-92dc-422e256066f0" testId="68b95691-6ef6-716d-545d-ee6cf04d94e7" testName="Appostolic.Api.Tests.Api.NotificationsAdminEndpointsTests.Dlq_list_returns_failed_and_deadletter_with_paging" computerName="mac" duration="00:00:00.1445500" startTime="2025-09-21T22:36:40.2821810-05:00" endTime="2025-09-21T22:36:40.2821810-05:00" testType="13cdc9d9-ddb5-4fa4-a97d-d965ccfc6d4b" outcome="Failed" testListId="8c84fa94-04c1-424b-9868-57a2d4851a1d" relativeResultsDirectory="ec91f195-8259-480d-92dc-422e256066f0">
      <Output>
        <ErrorInfo>
          <Message>Expected resp.StatusCode to be HttpStatusCode.OK {value: 200}, but found HttpStatusCode.InternalServerError {value: 500}.</Message>
          <StackTrace>   at FluentAssertions.Execution.XUnit2TestFramework.Throw(String message)
   at FluentAssertions.Execution.TestFrameworkProvider.Throw(String message)
   at FluentAssertions.Execution.AssertionScope.FailWith(Func`1 failReasonFunc)
   at FluentAssertions.Primitives.EnumAssertions`2.Be(TEnum expected, String because, Object[] becauseArgs)
   at Appostolic.Api.Tests.Api.NotificationsAdminEndpointsTests.Dlq_list_returns_failed_and_deadletter_with_paging() in /Users/kevinmccreary/appostolic/apps/api.tests/Api/NotificationsAdminEndpointsTests.cs:line 276
--- End of stack trace from previous location ---</StackTrace>
        </ErrorInfo>
      </Output>
    </UnitTestResult>
    <UnitTestResult executionId="7109e2b1-2700-4e84-a5a1-b26734787f41" testId="37b7f024-73bb-98ae-d17f-d1c0ce9f17e8" testName="Appostolic.Api.Tests.ModelMappingTests.AgentTrace_Kind_is_mapped_as_int" computerName="mac" duration="00:00:00.1471706" startTime="2025-09-21T22:36:21.7370970-05:00" endTime="2025-09-21T22:36:21.7370970-05:00" testType="13cdc9d9-ddb5-4fa4-a97d-d965ccfc6d4b" outcome="Passed" testListId="8c84fa94-04c1-424b-9868-57a2d4851a1d" relativeResultsDirectory="7109e2b1-2700-4e84-a5a1-b26734787f41" />
    <UnitTestResult executionId="987a0f07-24f3-4349-a1b2-cb18ad95329a" testId="a00d92b0-35aa-1e7c-b5ff-79738a042c12" testName="Appostolic.Api.Tests.SendGridEmailSenderTests.Throws_on_400" computerName="mac" duration="00:00:00.0031132" startTime="2025-09-21T22:36:25.9298520-05:00" endTime="2025-09-21T22:36:25.9298520-05:00" testType="13cdc9d9-ddb5-4fa4-a97d-d965ccfc6d4b" outcome="Passed" testListId="8c84fa94-04c1-424b-9868-57a2d4851a1d" relativeResultsDirectory="987a0f07-24f3-4349-a1b2-cb18ad95329a" />
    <UnitTestResult executionId="ceb27b01-4eed-4299-a735-d943f4d078cf" testId="80249d75-0754-365e-161d-4f69eb53fd73" testName="Appostolic.Api.Tests.Privacy.LoggingPIIScopeTests.EmailScope_OnlyRedacted_WhenHashingDisabled" computerName="mac" duration="00:00:00.0000955" startTime="2025-09-21T22:36:39.3886290-05:00" endTime="2025-09-21T22:36:39.3886290-05:00" testType="13cdc9d9-ddb5-4fa4-a97d-d965ccfc6d4b" outcome="Passed" testListId="8c84fa94-04c1-424b-9868-57a2d4851a1d" relativeResultsDirectory="ceb27b01-4eed-4299-a735-d943f4d078cf" />
    <UnitTestResult executionId="86c411b0-2f6c-4266-b74e-f6badcc1ff6c" testId="33c114dd-901b-348b-cb07-4ff32816218d" testName="Appostolic.Api.Tests.AgentConstraintTests.Agent_MaxSteps_out_of_range_throws_in_domain_constructor" computerName="mac" duration="00:00:00.0053191" startTime="2025-09-21T22:36:23.0101110-05:00" endTime="2025-09-21T22:36:23.0101110-05:00" testType="13cdc9d9-ddb5-4fa4-a97d-d965ccfc6d4b" outcome="Passed" testListId="8c84fa94-04c1-424b-9868-57a2d4851a1d" relativeResultsDirectory="86c411b0-2f6c-4266-b74e-f6badcc1ff6c" />
    <UnitTestResult executionId="b1459f39-1bee-4fdf-9df0-56b4ea909956" testId="6ac2577f-abec-ce9e-a92b-34035bd744e0" testName="FsWriteToolTests.Rejects_when_content_exceeds_max" computerName="mac" duration="00:00:00.0003891" startTime="2025-09-21T22:36:24.3080000-05:00" endTime="2025-09-21T22:36:24.3080000-05:00" testType="13cdc9d9-ddb5-4fa4-a97d-d965ccfc6d4b" outcome="Passed" testListId="8c84fa94-04c1-424b-9868-57a2d4851a1d" relativeResultsDirectory="b1459f39-1bee-4fdf-9df0-56b4ea909956" />
    <UnitTestResult executionId="87cbf344-8685-4b58-b80e-521b9091d51f" testId="d59725be-2270-85f4-1a24-f28884383b83" testName="Appostolic.Api.Tests.Api.NotificationsAdminEndpointsTests.Resend_history_lists_children_with_paging_and_scoping" computerName="mac" duration="00:00:00.1453959" startTime="2025-09-21T22:36:39.9894960-05:00" endTime="2025-09-21T22:36:39.9894960-05:00" testType="13cdc9d9-ddb5-4fa4-a97d-d965ccfc6d4b" outcome="Failed" testListId="8c84fa94-04c1-424b-9868-57a2d4851a1d" relativeResultsDirectory="87cbf344-8685-4b58-b80e-521b9091d51f">
      <Output>
        <ErrorInfo>
          <Message>Expected r1.StatusCode to be HttpStatusCode.OK {value: 200}, but found HttpStatusCode.InternalServerError {value: 500}.</Message>
          <StackTrace>   at FluentAssertions.Execution.XUnit2TestFramework.Throw(String message)
   at FluentAssertions.Execution.TestFrameworkProvider.Throw(String message)
   at FluentAssertions.Execution.AssertionScope.FailWith(Func`1 failReasonFunc)
   at FluentAssertions.Primitives.EnumAssertions`2.Be(TEnum expected, String because, Object[] becauseArgs)
   at Appostolic.Api.Tests.Api.NotificationsAdminEndpointsTests.Resend_history_lists_children_with_paging_and_scoping() in /Users/kevinmccreary/appostolic/apps/api.tests/Api/NotificationsAdminEndpointsTests.cs:line 192
--- End of stack trace from previous location ---</StackTrace>
        </ErrorInfo>
      </Output>
    </UnitTestResult>
    <UnitTestResult executionId="2e2c55f9-fd31-445e-b11c-7b5fc0629f0f" testId="3c6aaba6-8a28-5651-a334-5a8347c8e9db" testName="Appostolic.Api.Tests.Security.RoleAuthorizationTests.ApplyRoleChange_NoAudit_WhenSame" computerName="mac" duration="00:00:00.0000910" startTime="2025-09-21T22:36:35.3135230-05:00" endTime="2025-09-21T22:36:35.3135230-05:00" testType="13cdc9d9-ddb5-4fa4-a97d-d965ccfc6d4b" outcome="Passed" testListId="8c84fa94-04c1-424b-9868-57a2d4851a1d" relativeResultsDirectory="2e2c55f9-fd31-445e-b11c-7b5fc0629f0f" />
    <UnitTestResult executionId="74d539fb-8f73-4b36-9d59-2cc4d66ed3f7" testId="a2b0d89c-f17d-2c60-2870-72017089ab94" testName="Appostolic.Api.Tests.Api.NotificationsAdminEndpointsTests.Bulk_resend_creates_with_limit_and_counts_throttled" computerName="mac" duration="00:00:00.5505961" startTime="2025-09-21T22:36:40.8333150-05:00" endTime="2025-09-21T22:36:40.8333150-05:00" testType="13cdc9d9-ddb5-4fa4-a97d-d965ccfc6d4b" outcome="Failed" testListId="8c84fa94-04c1-424b-9868-57a2d4851a1d" relativeResultsDirectory="74d539fb-8f73-4b36-9d59-2cc4d66ed3f7">
      <Output>
        <ErrorInfo>
          <Message>Expected r1.StatusCode to be HttpStatusCode.OK {value: 200}, but found HttpStatusCode.InternalServerError {value: 500}.</Message>
          <StackTrace>   at FluentAssertions.Execution.XUnit2TestFramework.Throw(String message)
   at FluentAssertions.Execution.TestFrameworkProvider.Throw(String message)
   at FluentAssertions.Execution.AssertionScope.FailWith(Func`1 failReasonFunc)
   at FluentAssertions.Primitives.EnumAssertions`2.Be(TEnum expected, String because, Object[] becauseArgs)
   at Appostolic.Api.Tests.Api.NotificationsAdminEndpointsTests.Bulk_resend_creates_with_limit_and_counts_throttled() in /Users/kevinmccreary/appostolic/apps/api.tests/Api/NotificationsAdminEndpointsTests.cs:line 141
--- End of stack trace from previous location ---</StackTrace>
        </ErrorInfo>
      </Output>
    </UnitTestResult>
    <UnitTestResult executionId="066569d1-19be-4071-a7e3-0586f1907823" testId="ee7b51d2-d8a7-715d-70ab-159c7293568a" testName="Appostolic.Api.Tests.Api.NotificationsProdEndpointsTests.Tenant_owner_can_resend_within_tenant_and_is_forbidden_cross_tenant" computerName="mac" duration="00:00:00.1889505" startTime="2025-09-21T22:36:25.5925030-05:00" endTime="2025-09-21T22:36:25.5925030-05:00" testType="13cdc9d9-ddb5-4fa4-a97d-d965ccfc6d4b" outcome="Failed" testListId="8c84fa94-04c1-424b-9868-57a2d4851a1d" relativeResultsDirectory="066569d1-19be-4071-a7e3-0586f1907823">
      <Output>
        <ErrorInfo>
          <Message>Expected r1.StatusCode to be HttpStatusCode.Created {value: 201}, but found HttpStatusCode.InternalServerError {value: 500}.</Message>
          <StackTrace>   at FluentAssertions.Execution.XUnit2TestFramework.Throw(String message)
   at FluentAssertions.Execution.TestFrameworkProvider.Throw(String message)
   at FluentAssertions.Execution.DefaultAssertionStrategy.HandleFailure(String message)
   at FluentAssertions.Execution.AssertionScope.FailWith(Func`1 failReasonFunc)
   at FluentAssertions.Execution.AssertionScope.FailWith(Func`1 failReasonFunc)
   at FluentAssertions.Execution.AssertionScope.FailWith(String message, Object[] args)
   at FluentAssertions.Primitives.EnumAssertions`2.Be(TEnum expected, String because, Object[] becauseArgs)
   at Appostolic.Api.Tests.Api.NotificationsProdEndpointsTests.Tenant_owner_can_resend_within_tenant_and_is_forbidden_cross_tenant() in /Users/kevinmccreary/appostolic/apps/api.tests/Api/NotificationsProdEndpointsTests.cs:line 107
--- End of stack trace from previous location ---</StackTrace>
        </ErrorInfo>
      </Output>
    </UnitTestResult>
    <UnitTestResult executionId="172dc9ea-d4dd-4818-afee-21d7caf031d9" testId="b672c70e-eca2-f979-b482-5169b705a205" testName="Appostolic.Api.Tests.Api.AgentsEndpointsTests.Agents_CRUD_HappyPath" computerName="mac" duration="00:00:00.0048824" startTime="2025-09-21T22:36:25.2223940-05:00" endTime="2025-09-21T22:36:25.2223940-05:00" testType="13cdc9d9-ddb5-4fa4-a97d-d965ccfc6d4b" outcome="Failed" testListId="8c84fa94-04c1-424b-9868-57a2d4851a1d" relativeResultsDirectory="172dc9ea-d4dd-4818-afee-21d7caf031d9">
      <Output>
        <ErrorInfo>
          <Message>Expected createResp.StatusCode to be HttpStatusCode.Created {value: 201}, but found HttpStatusCode.Unauthorized {value: 401}.</Message>
          <StackTrace>   at FluentAssertions.Execution.XUnit2TestFramework.Throw(String message)
   at FluentAssertions.Execution.TestFrameworkProvider.Throw(String message)
   at FluentAssertions.Execution.DefaultAssertionStrategy.HandleFailure(String message)
   at FluentAssertions.Execution.AssertionScope.FailWith(Func`1 failReasonFunc)
   at FluentAssertions.Execution.AssertionScope.FailWith(Func`1 failReasonFunc)
   at FluentAssertions.Execution.AssertionScope.FailWith(String message, Object[] args)
   at FluentAssertions.Primitives.EnumAssertions`2.Be(TEnum expected, String because, Object[] becauseArgs)
   at Appostolic.Api.Tests.Api.AgentsEndpointsTests.Agents_CRUD_HappyPath() in /Users/kevinmccreary/appostolic/apps/api.tests/Api/AgentsEndpointsTests.cs:line 38
--- End of stack trace from previous location ---</StackTrace>
        </ErrorInfo>
      </Output>
    </UnitTestResult>
    <UnitTestResult executionId="293338b6-5823-4a83-9648-7d223b344033" testId="1cdc3975-db1c-58f2-7286-fa267b0aafb8" testName="Appostolic.Api.Tests.Auth.RefreshEndpointTests.Refresh_Fails_On_Reusing_Rotated_Token" computerName="mac" duration="00:00:00.7139685" startTime="2025-09-21T22:36:43.0888890-05:00" endTime="2025-09-21T22:36:43.0888890-05:00" testType="13cdc9d9-ddb5-4fa4-a97d-d965ccfc6d4b" outcome="Passed" testListId="8c84fa94-04c1-424b-9868-57a2d4851a1d" relativeResultsDirectory="293338b6-5823-4a83-9648-7d223b344033" />
    <UnitTestResult executionId="c1357a44-2d96-4c0f-be61-b3adb8969dbd" testId="6b0df781-2303-2b77-2cc6-dbbd4c3e9e73" testName="Appostolic.Api.Tests.Api.AuditTrailTests.Set_roles_writes_audit_row_with_old_and_new_roles" computerName="mac" duration="00:00:00.0045235" startTime="2025-09-21T22:36:46.0312470-05:00" endTime="2025-09-21T22:36:46.0312470-05:00" testType="13cdc9d9-ddb5-4fa4-a97d-d965ccfc6d4b" outcome="Failed" testListId="8c84fa94-04c1-424b-9868-57a2d4851a1d" relativeResultsDirectory="c1357a44-2d96-4c0f-be61-b3adb8969dbd">
      <Output>
        <ErrorInfo>
          <Message>Expected resp.StatusCode to be HttpStatusCode.OK {value: 200}, but found HttpStatusCode.Unauthorized {value: 401}.</Message>
          <StackTrace>   at FluentAssertions.Execution.XUnit2TestFramework.Throw(String message)
   at FluentAssertions.Execution.TestFrameworkProvider.Throw(String message)
   at FluentAssertions.Execution.AssertionScope.FailWith(Func`1 failReasonFunc)
   at FluentAssertions.Primitives.EnumAssertions`2.Be(TEnum expected, String because, Object[] becauseArgs)
   at Appostolic.Api.Tests.Api.AuditTrailTests.Set_roles_writes_audit_row_with_old_and_new_roles() in /Users/kevinmccreary/appostolic/apps/api.tests/Api/AuditTrailTests.cs:line 51
--- End of stack trace from previous location ---</StackTrace>
        </ErrorInfo>
      </Output>
    </UnitTestResult>
    <UnitTestResult executionId="3f539eed-732c-4d66-b22f-c308ae1e8429" testId="c2441ddc-565a-93d7-0c28-f73ca97b9486" testName="Appostolic.Api.Tests.Orchestrator.TokenAggregationTests.AggregatesTokens_And_ComputesCost_WhenPricingEnabled" computerName="mac" duration="00:00:00.0031571" startTime="2025-09-21T22:36:28.6288970-05:00" endTime="2025-09-21T22:36:28.6288970-05:00" testType="13cdc9d9-ddb5-4fa4-a97d-d965ccfc6d4b" outcome="Passed" testListId="8c84fa94-04c1-424b-9868-57a2d4851a1d" relativeResultsDirectory="3f539eed-732c-4d66-b22f-c308ae1e8429" />
    <UnitTestResult executionId="70926ea5-9f66-4821-8c89-3a3e9e093447" testId="50bfa641-c9bd-abef-802c-d66f9615bab2" testName="Appostolic.Api.AuthTests.MagicConsumeJwtTests.MagicConsume_IssuesNeutralAndTenantTokens" computerName="mac" duration="00:00:00.0059252" startTime="2025-09-21T22:36:26.3162210-05:00" endTime="2025-09-21T22:36:26.3162210-05:00" testType="13cdc9d9-ddb5-4fa4-a97d-d965ccfc6d4b" outcome="Passed" testListId="8c84fa94-04c1-424b-9868-57a2d4851a1d" relativeResultsDirectory="70926ea5-9f66-4821-8c89-3a3e9e093447" />
    <UnitTestResult executionId="7bd5e086-180d-4fcb-b2ef-8c3b1c9b4719" testId="efe354b5-5489-bbb2-88ee-c8f998cb6176" testName="Appostolic.Api.Tests.AgentTasks.AgentTasksListFilterPaginationTests.Agent_Filter_Returns_Only_Matching" computerName="mac" duration="00:00:00.0026256" startTime="2025-09-21T22:36:22.3090440-05:00" endTime="2025-09-21T22:36:22.3090440-05:00" testType="13cdc9d9-ddb5-4fa4-a97d-d965ccfc6d4b" outcome="Failed" testListId="8c84fa94-04c1-424b-9868-57a2d4851a1d" relativeResultsDirectory="7bd5e086-180d-4fcb-b2ef-8c3b1c9b4719">
      <Output>
        <ErrorInfo>
          <Message>System.Net.Http.HttpRequestException : Response status code does not indicate success: 401 (Unauthorized).</Message>
          <StackTrace>   at System.Net.Http.HttpResponseMessage.EnsureSuccessStatusCode()
   at Appostolic.Api.Tests.AgentTasks.AgentTasksTestBase.CreateTaskAsync(Guid agentId, Object input, Nullable`1 enqueueDelayMs, Boolean suppressEnqueue) in /Users/kevinmccreary/appostolic/apps/api.tests/AgentTasks/AgentTasksTestBase.cs:line 89
   at Appostolic.Api.Tests.AgentTasks.AgentTasksListFilterPaginationTests.Agent_Filter_Returns_Only_Matching() in /Users/kevinmccreary/appostolic/apps/api.tests/AgentTasks/AgentTasksListFilterPaginationTests.cs:line 66
--- End of stack trace from previous location ---</StackTrace>
        </ErrorInfo>
      </Output>
    </UnitTestResult>
    <UnitTestResult executionId="9cfcbe68-d395-4438-867a-58366feeca63" testId="f7e247f1-8de7-594b-e638-b4ec989d69be" testName="Appostolic.Api.Tests.AgentTasks.AgentTasksCancelRetryTests.Cancel_Pending_Task_IsCanceledImmediately" computerName="mac" duration="00:00:00.1513553" startTime="2025-09-21T22:36:35.2668670-05:00" endTime="2025-09-21T22:36:35.2668680-05:00" testType="13cdc9d9-ddb5-4fa4-a97d-d965ccfc6d4b" outcome="Failed" testListId="8c84fa94-04c1-424b-9868-57a2d4851a1d" relativeResultsDirectory="9cfcbe68-d395-4438-867a-58366feeca63">
      <Output>
        <ErrorInfo>
          <Message>System.Net.Http.HttpRequestException : Response status code does not indicate success: 401 (Unauthorized).</Message>
          <StackTrace>   at System.Net.Http.HttpResponseMessage.EnsureSuccessStatusCode()
   at Appostolic.Api.Tests.AgentTasks.AgentTasksTestBase.CreateTaskAsync(Guid agentId, Object input, Nullable`1 enqueueDelayMs, Boolean suppressEnqueue) in /Users/kevinmccreary/appostolic/apps/api.tests/AgentTasks/AgentTasksTestBase.cs:line 89
   at Appostolic.Api.Tests.AgentTasks.AgentTasksCancelRetryTests.Cancel_Pending_Task_IsCanceledImmediately() in /Users/kevinmccreary/appostolic/apps/api.tests/AgentTasks/AgentTasksCancelRetryTests.cs:line 16
--- End of stack trace from previous location ---</StackTrace>
        </ErrorInfo>
      </Output>
    </UnitTestResult>
    <UnitTestResult executionId="d982aa9c-e897-4192-8aa9-999c408804d2" testId="1c8df7f1-aa05-88d6-f922-5ecb50d1b5d9" testName="Appostolic.Api.Tests.ModelMappingTests.Agent_ToolAllowlist_is_jsonb_and_roundtrips_like_array" computerName="mac" duration="00:00:00.0278001" startTime="2025-09-21T22:36:21.7649800-05:00" endTime="2025-09-21T22:36:21.7649800-05:00" testType="13cdc9d9-ddb5-4fa4-a97d-d965ccfc6d4b" outcome="Passed" testListId="8c84fa94-04c1-424b-9868-57a2d4851a1d" relativeResultsDirectory="d982aa9c-e897-4192-8aa9-999c408804d2" />
    <UnitTestResult executionId="71f4fbdd-7259-4f4c-b1f1-6ac043038720" testId="14d738f3-d455-8460-7967-9bdaa9faefb8" testName="Appostolic.Api.AuthTests.AuthTestClientTests.UseAutoTenantAsync_AttachesTenantWhenAvailable" computerName="mac" duration="00:00:00.1747354" startTime="2025-09-21T22:36:22.7090210-05:00" endTime="2025-09-21T22:36:22.7090210-05:00" testType="13cdc9d9-ddb5-4fa4-a97d-d965ccfc6d4b" outcome="Passed" testListId="8c84fa94-04c1-424b-9868-57a2d4851a1d" relativeResultsDirectory="71f4fbdd-7259-4f4c-b1f1-6ac043038720" />
    <UnitTestResult executionId="db66bd90-467a-4c88-8fa7-8b47a3675784" testId="3ffc4814-431f-dd81-00b0-abbedd27b7ad" testName="Appostolic.Api.Tests.Api.MembersManagementTests.Non_admin_cannot_change_roles" computerName="mac" duration="00:00:00.0022195" startTime="2025-09-21T22:36:24.4948840-05:00" endTime="2025-09-21T22:36:24.4948840-05:00" testType="13cdc9d9-ddb5-4fa4-a97d-d965ccfc6d4b" outcome="Failed" testListId="8c84fa94-04c1-424b-9868-57a2d4851a1d" relativeResultsDirectory="db66bd90-467a-4c88-8fa7-8b47a3675784">
      <Output>
        <ErrorInfo>
          <Message>Expected attempt.StatusCode to be HttpStatusCode.Forbidden {value: 403}, but found HttpStatusCode.Unauthorized {value: 401}.</Message>
          <StackTrace>   at FluentAssertions.Execution.XUnit2TestFramework.Throw(String message)
   at FluentAssertions.Execution.TestFrameworkProvider.Throw(String message)
   at FluentAssertions.Execution.DefaultAssertionStrategy.HandleFailure(String message)
   at FluentAssertions.Execution.AssertionScope.FailWith(Func`1 failReasonFunc)
   at FluentAssertions.Execution.AssertionScope.FailWith(Func`1 failReasonFunc)
   at FluentAssertions.Execution.AssertionScope.FailWith(String message, Object[] args)
   at FluentAssertions.Primitives.EnumAssertions`2.Be(TEnum expected, String because, Object[] becauseArgs)
   at Appostolic.Api.Tests.Api.MembersManagementTests.Non_admin_cannot_change_roles() in /Users/kevinmccreary/appostolic/apps/api.tests/Api/MembersManagementTests.cs:line 92
--- End of stack trace from previous location ---</StackTrace>
        </ErrorInfo>
      </Output>
    </UnitTestResult>
    <UnitTestResult executionId="7ebbf55e-c86f-4364-98bf-9529da7f5e7a" testId="11acc57e-e7b4-9c88-543d-dd88434937c6" testName="Appostolic.Api.Tests.Api.AuthPasswordFlowsTests.ChangePassword_WithWrongCurrent_ReturnsUnauthorized" computerName="mac" duration="00:00:00.1099398" startTime="2025-09-21T22:36:46.5413200-05:00" endTime="2025-09-21T22:36:46.5413200-05:00" testType="13cdc9d9-ddb5-4fa4-a97d-d965ccfc6d4b" outcome="Passed" testListId="8c84fa94-04c1-424b-9868-57a2d4851a1d" relativeResultsDirectory="7ebbf55e-c86f-4364-98bf-9529da7f5e7a" />
    <UnitTestResult executionId="be5dab6d-3c4d-48cd-9bf2-723093138794" testId="65bd3a03-5d21-067f-5d94-19d0f92f350a" testName="Appostolic.Api.Tests.Api.UserAvatarEndpointsTests.UploadAvatar_Rejects_UnsupportedMediaType" computerName="mac" duration="00:00:00.0014046" startTime="2025-09-21T22:36:33.8178520-05:00" endTime="2025-09-21T22:36:33.8178520-05:00" testType="13cdc9d9-ddb5-4fa4-a97d-d965ccfc6d4b" outcome="Failed" testListId="8c84fa94-04c1-424b-9868-57a2d4851a1d" relativeResultsDirectory="be5dab6d-3c4d-48cd-9bf2-723093138794">
      <Output>
        <ErrorInfo>
          <Message>Expected res.StatusCode to be HttpStatusCode.UnsupportedMediaType {value: 415}, but found HttpStatusCode.Unauthorized {value: 401}.</Message>
          <StackTrace>   at FluentAssertions.Execution.XUnit2TestFramework.Throw(String message)
   at FluentAssertions.Execution.TestFrameworkProvider.Throw(String message)
   at FluentAssertions.Execution.AssertionScope.FailWith(Func`1 failReasonFunc)
   at FluentAssertions.Execution.AssertionScope.FailWith(String message, Object[] args)
   at FluentAssertions.Primitives.EnumAssertions`2.Be(TEnum expected, String because, Object[] becauseArgs)
   at Appostolic.Api.Tests.Api.UserAvatarEndpointsTests.UploadAvatar_Rejects_UnsupportedMediaType() in /Users/kevinmccreary/appostolic/apps/api.tests/Api/UserAvatarEndpointsTests.cs:line 67
--- End of stack trace from previous location ---</StackTrace>
        </ErrorInfo>
      </Output>
    </UnitTestResult>
    <UnitTestResult executionId="ff6a9a2e-b4a3-4c5d-8534-b007e64986bb" testId="593e7065-7319-4b4c-29e4-d65d9f7c6c8e" testName="Appostolic.Api.Tests.Auth.DevHeadersDisabledTests.DevHeaders_Request_Fails_When_Flag_Disabled" computerName="mac" duration="00:00:00.1644907" startTime="2025-09-21T22:36:34.4064460-05:00" endTime="2025-09-21T22:36:34.4064460-05:00" testType="13cdc9d9-ddb5-4fa4-a97d-d965ccfc6d4b" outcome="Passed" testListId="8c84fa94-04c1-424b-9868-57a2d4851a1d" relativeResultsDirectory="ff6a9a2e-b4a3-4c5d-8534-b007e64986bb" />
    <UnitTestResult executionId="b96c3c25-ee54-4006-b975-97846d107a36" testId="0f9fb5dc-590e-2722-6210-f13d9619e38f" testName="Appostolic.Api.Tests.Auth.LogoutTests.AccessToken_AllowsMeEndpoint_BeforeLogout" computerName="mac" duration="00:00:00.2321716" startTime="2025-09-21T22:36:45.3094400-05:00" endTime="2025-09-21T22:36:45.3094400-05:00" testType="13cdc9d9-ddb5-4fa4-a97d-d965ccfc6d4b" outcome="Passed" testListId="8c84fa94-04c1-424b-9868-57a2d4851a1d" relativeResultsDirectory="b96c3c25-ee54-4006-b975-97846d107a36" />
    <UnitTestResult executionId="5645b6e9-c0ae-40a3-8993-a80188d9081f" testId="42302051-1625-6136-82c7-cb8536b0fb08" testName="Appostolic.Api.Tests.Schema.SchemaAbsenceTests.SchemaDoesNotIncludeLegacyRoleColumn" computerName="mac" duration="00:00:00.1166126" startTime="2025-09-21T22:36:21.3247380-05:00" endTime="2025-09-21T22:36:21.3247380-05:00" testType="13cdc9d9-ddb5-4fa4-a97d-d965ccfc6d4b" outcome="Passed" testListId="8c84fa94-04c1-424b-9868-57a2d4851a1d" relativeResultsDirectory="5645b6e9-c0ae-40a3-8993-a80188d9081f" />
    <UnitTestResult executionId="fdf9e448-ef81-4f3b-af0e-e7dab0a003b0" testId="90c7a127-2be9-b6e7-ec52-19cb51de49c0" testName="Appostolic.Api.Tests.Notifications.AutoResendScannerTests.Creates_resend_for_old_sent_without_children" computerName="mac" duration="00:00:00.0264712" startTime="2025-09-21T22:36:29.4041490-05:00" endTime="2025-09-21T22:36:29.4041490-05:00" testType="13cdc9d9-ddb5-4fa4-a97d-d965ccfc6d4b" outcome="Passed" testListId="8c84fa94-04c1-424b-9868-57a2d4851a1d" relativeResultsDirectory="fdf9e448-ef81-4f3b-af0e-e7dab0a003b0" />
    <UnitTestResult executionId="d25bdb88-9055-4c63-8ad8-e1793e73ddcb" testId="598c0784-1cd9-c9b4-915a-4a09f637e246" testName="Appostolic.Api.Tests.Api.MinimalPngDecodeTests.MinimalPng_1x1_Decodes_With_ImageSharp" computerName="mac" duration="00:00:00.0424644" startTime="2025-09-21T22:36:19.4585760-05:00" endTime="2025-09-21T22:36:19.4585860-05:00" testType="13cdc9d9-ddb5-4fa4-a97d-d965ccfc6d4b" outcome="Passed" testListId="8c84fa94-04c1-424b-9868-57a2d4851a1d" relativeResultsDirectory="d25bdb88-9055-4c63-8ad8-e1793e73ddcb" />
    <UnitTestResult executionId="44c1e6f7-1222-44de-8778-c1b49705eab0" testId="eac43a08-1201-428f-7efa-904ba4876682" testName="Appostolic.Api.Tests.Api.UserAvatarEndpointsTests.UploadAvatar_Rejects_TooLarge" computerName="mac" duration="00:00:00.1545444" startTime="2025-09-21T22:36:33.7383710-05:00" endTime="2025-09-21T22:36:33.7383710-05:00" testType="13cdc9d9-ddb5-4fa4-a97d-d965ccfc6d4b" outcome="Failed" testListId="8c84fa94-04c1-424b-9868-57a2d4851a1d" relativeResultsDirectory="44c1e6f7-1222-44de-8778-c1b49705eab0">
      <Output>
        <ErrorInfo>
          <Message>Expected res.StatusCode to be HttpStatusCode.RequestEntityTooLarge {value: 413}, but found HttpStatusCode.Unauthorized {value: 401}.</Message>
          <StackTrace>   at FluentAssertions.Execution.XUnit2TestFramework.Throw(String message)
   at FluentAssertions.Execution.TestFrameworkProvider.Throw(String message)
   at FluentAssertions.Execution.AssertionScope.FailWith(Func`1 failReasonFunc)
   at FluentAssertions.Execution.AssertionScope.FailWith(String message, Object[] args)
   at FluentAssertions.Primitives.EnumAssertions`2.Be(TEnum expected, String because, Object[] becauseArgs)
   at Appostolic.Api.Tests.Api.UserAvatarEndpointsTests.UploadAvatar_Rejects_TooLarge() in /Users/kevinmccreary/appostolic/apps/api.tests/Api/UserAvatarEndpointsTests.cs:line 85
--- End of stack trace from previous location ---</StackTrace>
        </ErrorInfo>
      </Output>
    </UnitTestResult>
    <UnitTestResult executionId="cc096d2b-97fd-4a85-9d06-8e0347034df0" testId="99e95904-b1cc-e8af-b41d-62aea87d238b" testName="Appostolic.Api.Tests.Auth.RefreshEndpointTests.Refresh_Fails_When_Token_Revoked_Reused" computerName="mac" duration="00:00:00.3766685" startTime="2025-09-21T22:36:41.2169280-05:00" endTime="2025-09-21T22:36:41.2169280-05:00" testType="13cdc9d9-ddb5-4fa4-a97d-d965ccfc6d4b" outcome="Passed" testListId="8c84fa94-04c1-424b-9868-57a2d4851a1d" relativeResultsDirectory="cc096d2b-97fd-4a85-9d06-8e0347034df0" />
    <UnitTestResult executionId="2f292e9f-7569-47f4-a8a0-740dc9daf076" testId="4019b427-1ede-c217-da18-40ffe6d2092f" testName="Appostolic.Api.Tests.Api.MembersManagementTests.Remove_TenantAdmin_flag_when_another_admin_exists" computerName="mac" duration="00:00:00.0025481" startTime="2025-09-21T22:36:24.4924740-05:00" endTime="2025-09-21T22:36:24.4924740-05:00" testType="13cdc9d9-ddb5-4fa4-a97d-d965ccfc6d4b" outcome="Failed" testListId="8c84fa94-04c1-424b-9868-57a2d4851a1d" relativeResultsDirectory="2f292e9f-7569-47f4-a8a0-740dc9daf076">
      <Output>
        <ErrorInfo>
          <Message>Expected demote.StatusCode to be HttpStatusCode.OK {value: 200}, but found HttpStatusCode.Unauthorized {value: 401}.</Message>
          <StackTrace>   at FluentAssertions.Execution.XUnit2TestFramework.Throw(String message)
   at FluentAssertions.Execution.TestFrameworkProvider.Throw(String message)
   at FluentAssertions.Execution.DefaultAssertionStrategy.HandleFailure(String message)
   at FluentAssertions.Execution.AssertionScope.FailWith(Func`1 failReasonFunc)
   at FluentAssertions.Execution.AssertionScope.FailWith(Func`1 failReasonFunc)
   at FluentAssertions.Execution.AssertionScope.FailWith(String message, Object[] args)
   at FluentAssertions.Primitives.EnumAssertions`2.Be(TEnum expected, String because, Object[] becauseArgs)
   at Appostolic.Api.Tests.Api.MembersManagementTests.Remove_TenantAdmin_flag_when_another_admin_exists() in /Users/kevinmccreary/appostolic/apps/api.tests/Api/MembersManagementTests.cs:line 184
--- End of stack trace from previous location ---</StackTrace>
        </ErrorInfo>
      </Output>
    </UnitTestResult>
    <UnitTestResult executionId="9efa49f0-cd07-4198-a110-7f331c395803" testId="a11d6311-0314-291e-6c87-0745cc1eace8" testName="Appostolic.Api.Tests.Observability.TelemetrySmokeTests.HappyPath_Emits_Spans_And_Metrics" computerName="mac" duration="00:00:00.0039019" startTime="2025-09-21T22:36:35.9256970-05:00" endTime="2025-09-21T22:36:35.9256980-05:00" testType="13cdc9d9-ddb5-4fa4-a97d-d965ccfc6d4b" outcome="Passed" testListId="8c84fa94-04c1-424b-9868-57a2d4851a1d" relativeResultsDirectory="9efa49f0-cd07-4198-a110-7f331c395803" />
    <UnitTestResult executionId="5b47bf38-114d-4c3a-83a9-0170b965b229" testId="95c167d1-a09f-1a4f-5f8b-bfed1919a8c0" testName="Appostolic.Api.Tests.Api.TenantSettingsEndpointsTests.Put_Settings_Deep_Merges" computerName="mac" duration="00:00:00.0023731" startTime="2025-09-21T22:36:23.5719230-05:00" endTime="2025-09-21T22:36:23.5719230-05:00" testType="13cdc9d9-ddb5-4fa4-a97d-d965ccfc6d4b" outcome="Failed" testListId="8c84fa94-04c1-424b-9868-57a2d4851a1d" relativeResultsDirectory="5b47bf38-114d-4c3a-83a9-0170b965b229">
      <Output>
        <ErrorInfo>
          <Message>Expected seedResp.StatusCode to be HttpStatusCode.OK {value: 200}, but found HttpStatusCode.Unauthorized {value: 401}.</Message>
          <StackTrace>   at FluentAssertions.Execution.XUnit2TestFramework.Throw(String message)
   at FluentAssertions.Execution.TestFrameworkProvider.Throw(String message)
   at FluentAssertions.Execution.DefaultAssertionStrategy.HandleFailure(String message)
   at FluentAssertions.Execution.AssertionScope.FailWith(Func`1 failReasonFunc)
   at FluentAssertions.Execution.AssertionScope.FailWith(Func`1 failReasonFunc)
   at FluentAssertions.Execution.AssertionScope.FailWith(String message, Object[] args)
   at FluentAssertions.Primitives.EnumAssertions`2.Be(TEnum expected, String because, Object[] becauseArgs)
   at Appostolic.Api.Tests.Api.TenantSettingsEndpointsTests.Put_Settings_Deep_Merges() in /Users/kevinmccreary/appostolic/apps/api.tests/Api/TenantSettingsEndpointsTests.cs:line 42
--- End of stack trace from previous location ---</StackTrace>
        </ErrorInfo>
      </Output>
    </UnitTestResult>
    <UnitTestResult executionId="58d19b63-f8ba-4011-91f5-c69543dae772" testId="03cb9965-4934-50d0-65d4-2c790e264e80" testName="Appostolic.Api.Tests.E2E.AgentTasksE2E_List.Inbox_List_Orders_By_CreatedAt_Desc_And_Pages" computerName="mac" duration="00:00:00.3681928" startTime="2025-09-21T22:36:35.1075740-05:00" endTime="2025-09-21T22:36:35.1075740-05:00" testType="13cdc9d9-ddb5-4fa4-a97d-d965ccfc6d4b" outcome="Passed" testListId="8c84fa94-04c1-424b-9868-57a2d4851a1d" relativeResultsDirectory="58d19b63-f8ba-4011-91f5-c69543dae772" />
    <UnitTestResult executionId="5d5520c3-fe78-4fe4-b412-55982d24dc7c" testId="4557fdb8-1797-8b2f-35d3-3d9ce64f7b6b" testName="Appostolic.Api.Tests.Api.MembersManagementTests.Cannot_remove_last_TenantAdmin" computerName="mac" duration="00:00:00.1720826" startTime="2025-09-21T22:36:24.4810210-05:00" endTime="2025-09-21T22:36:24.4810210-05:00" testType="13cdc9d9-ddb5-4fa4-a97d-d965ccfc6d4b" outcome="Failed" testListId="8c84fa94-04c1-424b-9868-57a2d4851a1d" relativeResultsDirectory="5d5520c3-fe78-4fe4-b412-55982d24dc7c">
      <Output>
        <ErrorInfo>
          <Message>Expected demote.StatusCode to be HttpStatusCode.Conflict {value: 409}, but found HttpStatusCode.Unauthorized {value: 401}.</Message>
          <StackTrace>   at FluentAssertions.Execution.XUnit2TestFramework.Throw(String message)
   at FluentAssertions.Execution.TestFrameworkProvider.Throw(String message)
   at FluentAssertions.Execution.DefaultAssertionStrategy.HandleFailure(String message)
   at FluentAssertions.Execution.AssertionScope.FailWith(Func`1 failReasonFunc)
   at FluentAssertions.Execution.AssertionScope.FailWith(Func`1 failReasonFunc)
   at FluentAssertions.Execution.AssertionScope.FailWith(String message, Object[] args)
   at FluentAssertions.Primitives.EnumAssertions`2.Be(TEnum expected, String because, Object[] becauseArgs)
   at Appostolic.Api.Tests.Api.MembersManagementTests.Cannot_remove_last_TenantAdmin() in /Users/kevinmccreary/appostolic/apps/api.tests/Api/MembersManagementTests.cs:line 118
--- End of stack trace from previous location ---</StackTrace>
        </ErrorInfo>
      </Output>
    </UnitTestResult>
    <UnitTestResult executionId="2e1d981b-1d15-4804-9f5b-bedcdbad8bcf" testId="5fb7223b-5714-aaac-abea-c5cb06e52929" testName="Appostolic.Api.Tests.Auth.LogoutTests.SingleLogout_FollowedByRefresh_ReturnsReuse" computerName="mac" duration="00:00:00.2349382" startTime="2025-09-21T22:36:45.5445340-05:00" endTime="2025-09-21T22:36:45.5445340-05:00" testType="13cdc9d9-ddb5-4fa4-a97d-d965ccfc6d4b" outcome="Passed" testListId="8c84fa94-04c1-424b-9868-57a2d4851a1d" relativeResultsDirectory="2e1d981b-1d15-4804-9f5b-bedcdbad8bcf" />
    <UnitTestResult executionId="8c0b5994-c487-4694-9a2a-257cc9500ec9" testId="5e1526f9-c3e0-51f3-abc4-2ebcbe37e4d8" testName="Appostolic.Api.Tests.Api.MembersManagementTests.Remove_non_admin_member" computerName="mac" duration="00:00:00.0049554" startTime="2025-09-21T22:36:24.4859350-05:00" endTime="2025-09-21T22:36:24.4859350-05:00" testType="13cdc9d9-ddb5-4fa4-a97d-d965ccfc6d4b" outcome="Failed" testListId="8c84fa94-04c1-424b-9868-57a2d4851a1d" relativeResultsDirectory="8c0b5994-c487-4694-9a2a-257cc9500ec9">
      <Output>
        <ErrorInfo>
          <Message>Expected resp.StatusCode to be HttpStatusCode.NoContent {value: 204}, but found HttpStatusCode.Unauthorized {value: 401}.</Message>
          <StackTrace>   at FluentAssertions.Execution.XUnit2TestFramework.Throw(String message)
   at FluentAssertions.Execution.TestFrameworkProvider.Throw(String message)
   at FluentAssertions.Execution.DefaultAssertionStrategy.HandleFailure(String message)
   at FluentAssertions.Execution.AssertionScope.FailWith(Func`1 failReasonFunc)
   at FluentAssertions.Execution.AssertionScope.FailWith(Func`1 failReasonFunc)
   at FluentAssertions.Execution.AssertionScope.FailWith(String message, Object[] args)
   at FluentAssertions.Primitives.EnumAssertions`2.Be(TEnum expected, String because, Object[] becauseArgs)
   at Appostolic.Api.Tests.Api.MembersManagementTests.Remove_non_admin_member() in /Users/kevinmccreary/appostolic/apps/api.tests/Api/MembersManagementTests.cs:line 143
--- End of stack trace from previous location ---</StackTrace>
        </ErrorInfo>
      </Output>
    </UnitTestResult>
    <UnitTestResult executionId="2bbb5c7a-f786-4159-8378-66e6d678df4f" testId="71d5d180-2d36-ecb9-e4eb-71ca09e46ec4" testName="Appostolic.Api.Tests.AgentConstraintTests.Agent_Temperature_out_of_range_throws_in_domain_constructor" computerName="mac" duration="00:00:00.0021616" startTime="2025-09-21T22:36:23.0047460-05:00" endTime="2025-09-21T22:36:23.0047460-05:00" testType="13cdc9d9-ddb5-4fa4-a97d-d965ccfc6d4b" outcome="Passed" testListId="8c84fa94-04c1-424b-9868-57a2d4851a1d" relativeResultsDirectory="2bbb5c7a-f786-4159-8378-66e6d678df4f" />
    <UnitTestResult executionId="134793af-bdb9-493d-9428-203931f72269" testId="9c020064-9cbb-7975-d5c0-9dc48d581775" testName="Appostolic.Api.Tests.Api.AgentTasksEndpointsTests.CreateTask_Returns201AndSummary" computerName="mac" duration="00:00:00.2167975" startTime="2025-09-21T22:36:22.9744990-05:00" endTime="2025-09-21T22:36:22.9744990-05:00" testType="13cdc9d9-ddb5-4fa4-a97d-d965ccfc6d4b" outcome="Failed" testListId="8c84fa94-04c1-424b-9868-57a2d4851a1d" relativeResultsDirectory="134793af-bdb9-493d-9428-203931f72269">
      <Output>
        <ErrorInfo>
          <Message>Expected resp.StatusCode to be HttpStatusCode.Created {value: 201}, but found HttpStatusCode.Unauthorized {value: 401}.</Message>
          <StackTrace>   at FluentAssertions.Execution.XUnit2TestFramework.Throw(String message)
   at FluentAssertions.Execution.TestFrameworkProvider.Throw(String message)
   at FluentAssertions.Execution.DefaultAssertionStrategy.HandleFailure(String message)
   at FluentAssertions.Execution.AssertionScope.FailWith(Func`1 failReasonFunc)
   at FluentAssertions.Execution.AssertionScope.FailWith(Func`1 failReasonFunc)
   at FluentAssertions.Execution.AssertionScope.FailWith(String message, Object[] args)
   at FluentAssertions.Primitives.EnumAssertions`2.Be(TEnum expected, String because, Object[] becauseArgs)
   at Appostolic.Api.Tests.Api.AgentTasksEndpointsTests.CreateTask_Returns201AndSummary() in /Users/kevinmccreary/appostolic/apps/api.tests/Api/AgentTasksEndpointsTests.cs:line 29
--- End of stack trace from previous location ---</StackTrace>
        </ErrorInfo>
      </Output>
    </UnitTestResult>
    <UnitTestResult executionId="2c71aa3a-a8b5-4d18-9da2-a7fee1c3cf46" testId="6e2b7510-d3ae-c174-2b57-710f63c82ad0" testName="TemplateRendererTests.Verification_template_renders_link_and_subject" computerName="mac" duration="00:00:00.0006260" startTime="2025-09-21T22:36:35.9217460-05:00" endTime="2025-09-21T22:36:35.9217460-05:00" testType="13cdc9d9-ddb5-4fa4-a97d-d965ccfc6d4b" outcome="Passed" testListId="8c84fa94-04c1-424b-9868-57a2d4851a1d" relativeResultsDirectory="2c71aa3a-a8b5-4d18-9da2-a7fee1c3cf46" />
    <UnitTestResult executionId="c695fb87-09e5-41d3-9372-eb1bd5b019b8" testId="1a80fecc-6ef5-c4ed-4650-dbe09ce92e46" testName="Appostolic.Api.Tests.Api.UserProfileEndpointsTests.Put_me_rejects_non_object_body" computerName="mac" duration="00:00:00.0024236" startTime="2025-09-21T22:36:26.1129690-05:00" endTime="2025-09-21T22:36:26.1129700-05:00" testType="13cdc9d9-ddb5-4fa4-a97d-d965ccfc6d4b" outcome="Failed" testListId="8c84fa94-04c1-424b-9868-57a2d4851a1d" relativeResultsDirectory="c695fb87-09e5-41d3-9372-eb1bd5b019b8">
      <Output>
        <ErrorInfo>
          <Message>Expected resp.StatusCode to be HttpStatusCode.BadRequest {value: 400}, but found HttpStatusCode.Unauthorized {value: 401}.</Message>
          <StackTrace>   at FluentAssertions.Execution.XUnit2TestFramework.Throw(String message)
   at FluentAssertions.Execution.TestFrameworkProvider.Throw(String message)
   at FluentAssertions.Execution.DefaultAssertionStrategy.HandleFailure(String message)
   at FluentAssertions.Execution.AssertionScope.FailWith(Func`1 failReasonFunc)
   at FluentAssertions.Execution.AssertionScope.FailWith(Func`1 failReasonFunc)
   at FluentAssertions.Execution.AssertionScope.FailWith(String message, Object[] args)
   at FluentAssertions.Primitives.EnumAssertions`2.Be(TEnum expected, String because, Object[] becauseArgs)
   at Appostolic.Api.Tests.Api.UserProfileEndpointsTests.Put_me_rejects_non_object_body() in /Users/kevinmccreary/appostolic/apps/api.tests/Api/UserProfileEndpointsTests.cs:line 94
--- End of stack trace from previous location ---</StackTrace>
        </ErrorInfo>
      </Output>
    </UnitTestResult>
    <UnitTestResult executionId="4daa70ef-ba8c-4697-9a02-ba368a0a1353" testId="691bf80d-9ec7-7de8-ad81-702e4cdb8bfd" testName="WebSearchToolTests.Take_limits_results" computerName="mac" duration="00:00:00.0079550" startTime="2025-09-21T22:36:23.0181910-05:00" endTime="2025-09-21T22:36:23.0181910-05:00" testType="13cdc9d9-ddb5-4fa4-a97d-d965ccfc6d4b" outcome="Passed" testListId="8c84fa94-04c1-424b-9868-57a2d4851a1d" relativeResultsDirectory="4daa70ef-ba8c-4697-9a02-ba368a0a1353" />
    <UnitTestResult executionId="bf769d0e-138f-475b-a064-05b473cb0a07" testId="da0da417-eb80-7ca8-c2a7-2b93c4d78528" testName="Appostolic.Api.Tests.Api.InvitesRolesFlagsTests.Accept_Invite_Sets_Membership_Roles_Flags" computerName="mac" duration="00:00:00.0051082" startTime="2025-09-21T22:36:29.3743370-05:00" endTime="2025-09-21T22:36:29.3743380-05:00" testType="13cdc9d9-ddb5-4fa4-a97d-d965ccfc6d4b" outcome="Failed" testListId="8c84fa94-04c1-424b-9868-57a2d4851a1d" relativeResultsDirectory="bf769d0e-138f-475b-a064-05b473cb0a07">
      <Output>
        <ErrorInfo>
          <Message>System.Net.Http.HttpRequestException : Response status code does not indicate success: 401 (Unauthorized).</Message>
          <StackTrace>   at System.Net.Http.HttpResponseMessage.EnsureSuccessStatusCode()
   at Appostolic.Api.Tests.Api.InvitesRolesFlagsTests.Accept_Invite_Sets_Membership_Roles_Flags() in /Users/kevinmccreary/appostolic/apps/api.tests/Api/InvitesRolesFlagsTests.cs:line 62
--- End of stack trace from previous location ---</StackTrace>
        </ErrorInfo>
      </Output>
    </UnitTestResult>
    <UnitTestResult executionId="d97de89f-094d-4015-b41f-46ba12ddd9d0" testId="c561c2f6-8efd-4095-cbad-20238816bd9c" testName="Appostolic.Api.Tests.NotificationEnqueuerTests.QueueVerification_enqueues_correct_message" computerName="mac" duration="00:00:00.0009399" startTime="2025-09-21T22:36:47.5336860-05:00" endTime="2025-09-21T22:36:47.5336860-05:00" testType="13cdc9d9-ddb5-4fa4-a97d-d965ccfc6d4b" outcome="Passed" testListId="8c84fa94-04c1-424b-9868-57a2d4851a1d" relativeResultsDirectory="d97de89f-094d-4015-b41f-46ba12ddd9d0" />
    <UnitTestResult executionId="9e250278-3898-4ee9-8801-5392b452f947" testId="df92ad96-32d4-9c44-0398-97a52600538f" testName="Appostolic.Api.Tests.Model.TokenEstimatorTests.EstimateTokens_Heuristic_CeilPer4Chars(text: &quot;abcdefghi&quot;, expected: 3)" computerName="mac" duration="00:00:00.0000074" startTime="2025-09-21T22:36:29.5717950-05:00" endTime="2025-09-21T22:36:29.5717950-05:00" testType="13cdc9d9-ddb5-4fa4-a97d-d965ccfc6d4b" outcome="Passed" testListId="8c84fa94-04c1-424b-9868-57a2d4851a1d" relativeResultsDirectory="9e250278-3898-4ee9-8801-5392b452f947" />
    <UnitTestResult executionId="2c681361-9900-444b-90f3-b914dadcc9a8" testId="8499e5e2-c09d-d64e-ab91-715c51a15d3b" testName="Appostolic.Api.Tests.ModelMappingTests.Agent_ToolAllowlist_has_column_type_jsonb" computerName="mac" duration="00:00:00.0002877" startTime="2025-09-21T22:36:21.8200140-05:00" endTime="2025-09-21T22:36:21.8200140-05:00" testType="13cdc9d9-ddb5-4fa4-a97d-d965ccfc6d4b" outcome="Passed" testListId="8c84fa94-04c1-424b-9868-57a2d4851a1d" relativeResultsDirectory="2c681361-9900-444b-90f3-b914dadcc9a8" />
    <UnitTestResult executionId="853ad7b8-08e2-438a-9f2c-05897f635728" testId="8e56ee2d-296c-f180-2ad1-a3abd5b19292" testName="Appostolic.Api.Tests.AgentOrchestratorTests.ToolMissing_FailsWithToolNotFound" computerName="mac" duration="00:00:00.0015389" startTime="2025-09-21T22:36:47.5401480-05:00" endTime="2025-09-21T22:36:47.5401480-05:00" testType="13cdc9d9-ddb5-4fa4-a97d-d965ccfc6d4b" outcome="Passed" testListId="8c84fa94-04c1-424b-9868-57a2d4851a1d" relativeResultsDirectory="853ad7b8-08e2-438a-9f2c-05897f635728" />
    <UnitTestResult executionId="be6f82e4-3ff5-4fa5-9e3a-18aab823d515" testId="137392e3-997c-8532-6b57-65c75651b55b" testName="Appostolic.Api.Tests.Api.DenominationsMetadataTests.ReturnsPresetList" computerName="mac" duration="00:00:00.1677361" startTime="2025-09-21T22:36:23.9456600-05:00" endTime="2025-09-21T22:36:23.9456600-05:00" testType="13cdc9d9-ddb5-4fa4-a97d-d965ccfc6d4b" outcome="Passed" testListId="8c84fa94-04c1-424b-9868-57a2d4851a1d" relativeResultsDirectory="be6f82e4-3ff5-4fa5-9e3a-18aab823d515" />
    <UnitTestResult executionId="4d57d621-323c-4c7a-827a-31ff409fd538" testId="92516c71-7710-d814-eb04-be7d523d5356" testName="Appostolic.Api.AuthTests.SelectTenantTests.SelectTenant_InvalidRefresh_Returns401" computerName="mac" duration="00:00:00.2943443" startTime="2025-09-21T22:36:30.5201620-05:00" endTime="2025-09-21T22:36:30.5201620-05:00" testType="13cdc9d9-ddb5-4fa4-a97d-d965ccfc6d4b" outcome="Passed" testListId="8c84fa94-04c1-424b-9868-57a2d4851a1d" relativeResultsDirectory="4d57d621-323c-4c7a-827a-31ff409fd538" />
    <UnitTestResult executionId="29a65957-ae7e-43ee-86c4-8d8de79412e5" testId="66fffdff-2dff-cbe5-8750-30f31bf1db7c" testName="Appostolic.Api.Tests.Api.AuditsListingEndpointTests.Lists_audits_with_paging_and_total_count" computerName="mac" duration="00:00:00.1762636" startTime="2025-09-21T22:36:27.0086930-05:00" endTime="2025-09-21T22:36:27.0086930-05:00" testType="13cdc9d9-ddb5-4fa4-a97d-d965ccfc6d4b" outcome="Failed" testListId="8c84fa94-04c1-424b-9868-57a2d4851a1d" relativeResultsDirectory="29a65957-ae7e-43ee-86c4-8d8de79412e5">
      <Output>
        <ErrorInfo>
          <Message>Expected r1.StatusCode to be HttpStatusCode.OK {value: 200}, but found HttpStatusCode.Unauthorized {value: 401}.</Message>
          <StackTrace>   at FluentAssertions.Execution.XUnit2TestFramework.Throw(String message)
   at FluentAssertions.Execution.TestFrameworkProvider.Throw(String message)
   at FluentAssertions.Execution.DefaultAssertionStrategy.HandleFailure(String message)
   at FluentAssertions.Execution.AssertionScope.FailWith(Func`1 failReasonFunc)
   at FluentAssertions.Execution.AssertionScope.FailWith(Func`1 failReasonFunc)
   at FluentAssertions.Execution.AssertionScope.FailWith(String message, Object[] args)
   at FluentAssertions.Primitives.EnumAssertions`2.Be(TEnum expected, String because, Object[] becauseArgs)
   at Appostolic.Api.Tests.Api.AuditsListingEndpointTests.Lists_audits_with_paging_and_total_count() in /Users/kevinmccreary/appostolic/apps/api.tests/Api/AuditsListingEndpointTests.cs:line 43
--- End of stack trace from previous location ---</StackTrace>
        </ErrorInfo>
      </Output>
    </UnitTestResult>
    <UnitTestResult executionId="7d4a88cb-0508-435a-a696-df3ace06cf8e" testId="ad304976-430a-8b69-e0d9-931ece855b31" testName="Appostolic.Api.Tests.AgentTasks.AgentTasksListFilterPaginationTests.Date_Range_Filter_On_CreatedAt" computerName="mac" duration="00:00:00.1770398" startTime="2025-09-21T22:36:22.3022360-05:00" endTime="2025-09-21T22:36:22.3022360-05:00" testType="13cdc9d9-ddb5-4fa4-a97d-d965ccfc6d4b" outcome="Failed" testListId="8c84fa94-04c1-424b-9868-57a2d4851a1d" relativeResultsDirectory="7d4a88cb-0508-435a-a696-df3ace06cf8e">
      <Output>
        <ErrorInfo>
          <Message>System.Net.Http.HttpRequestException : Response status code does not indicate success: 401 (Unauthorized).</Message>
          <StackTrace>   at System.Net.Http.HttpResponseMessage.EnsureSuccessStatusCode()
   at Appostolic.Api.Tests.AgentTasks.AgentTasksTestBase.CreateTaskAsync(Guid agentId, Object input, Nullable`1 enqueueDelayMs, Boolean suppressEnqueue) in /Users/kevinmccreary/appostolic/apps/api.tests/AgentTasks/AgentTasksTestBase.cs:line 89
   at Appostolic.Api.Tests.AgentTasks.AgentTasksListFilterPaginationTests.Date_Range_Filter_On_CreatedAt() in /Users/kevinmccreary/appostolic/apps/api.tests/AgentTasks/AgentTasksListFilterPaginationTests.cs:line 83
--- End of stack trace from previous location ---</StackTrace>
        </ErrorInfo>
      </Output>
    </UnitTestResult>
    <UnitTestResult executionId="4fb2e202-c585-4371-a565-c6ef967f16ff" testId="dfdd94d6-4157-31a9-a81a-18fee28467d5" testName="Appostolic.Api.Tests.AgentOrchestratorTests.HappyPath_ModelPlansToolThenFinal_SucceedsWithTwoTraces" computerName="mac" duration="00:00:00.0018580" startTime="2025-09-21T22:36:47.5385940-05:00" endTime="2025-09-21T22:36:47.5385940-05:00" testType="13cdc9d9-ddb5-4fa4-a97d-d965ccfc6d4b" outcome="Passed" testListId="8c84fa94-04c1-424b-9868-57a2d4851a1d" relativeResultsDirectory="4fb2e202-c585-4371-a565-c6ef967f16ff" />
    <UnitTestResult executionId="0c9c751c-caea-4eac-991d-b32af7edd5f0" testId="10869424-9c0a-3745-5234-aab9897a3cf9" testName="Appostolic.Api.Tests.Api.LegacyRoleWritePathDeprecationTests.Member_role_change_with_legacy_role_is_rejected" computerName="mac" duration="00:00:00.0054856" startTime="2025-09-21T22:36:23.2005830-05:00" endTime="2025-09-21T22:36:23.2005830-05:00" testType="13cdc9d9-ddb5-4fa4-a97d-d965ccfc6d4b" outcome="Failed" testListId="8c84fa94-04c1-424b-9868-57a2d4851a1d" relativeResultsDirectory="0c9c751c-caea-4eac-991d-b32af7edd5f0">
      <Output>
        <ErrorInfo>
          <Message>Expected resp.StatusCode to be HttpStatusCode.BadRequest {value: 400}, but found HttpStatusCode.Unauthorized {value: 401}.</Message>
          <StackTrace>   at FluentAssertions.Execution.XUnit2TestFramework.Throw(String message)
   at FluentAssertions.Execution.TestFrameworkProvider.Throw(String message)
   at FluentAssertions.Execution.DefaultAssertionStrategy.HandleFailure(String message)
   at FluentAssertions.Execution.AssertionScope.FailWith(Func`1 failReasonFunc)
   at FluentAssertions.Execution.AssertionScope.FailWith(Func`1 failReasonFunc)
   at FluentAssertions.Execution.AssertionScope.FailWith(String message, Object[] args)
   at FluentAssertions.Primitives.EnumAssertions`2.Be(TEnum expected, String because, Object[] becauseArgs)
   at Appostolic.Api.Tests.Api.LegacyRoleWritePathDeprecationTests.Member_role_change_with_legacy_role_is_rejected() in /Users/kevinmccreary/appostolic/apps/api.tests/Api/LegacyRoleWritePathDeprecationTests.cs:line 73
--- End of stack trace from previous location ---</StackTrace>
        </ErrorInfo>
      </Output>
    </UnitTestResult>
    <UnitTestResult executionId="0d87f5bb-4887-498c-abf4-06ddadb356b9" testId="1cbf8040-fb9a-a69f-ea84-9d0fb171e9ce" testName="Appostolic.Api.Tests.Api.DenominationsMetadataTests.RequiresAuth" computerName="mac" duration="00:00:00.0025296" startTime="2025-09-21T22:36:23.9483770-05:00" endTime="2025-09-21T22:36:23.9483770-05:00" testType="13cdc9d9-ddb5-4fa4-a97d-d965ccfc6d4b" outcome="Passed" testListId="8c84fa94-04c1-424b-9868-57a2d4851a1d" relativeResultsDirectory="0d87f5bb-4887-498c-abf4-06ddadb356b9" />
    <UnitTestResult executionId="bc5862a4-1c7d-4c28-a7d2-db2481f23359" testId="031a88f1-01c2-dd0e-3bdd-f14ee053d9ba" testName="Appostolic.Api.AuthTests.MagicConsumeJwtTests.MagicConsume_LegacyMode_ReturnsLegacyShape" computerName="mac" duration="00:00:00.1967918" startTime="2025-09-21T22:36:26.3100970-05:00" endTime="2025-09-21T22:36:26.3100970-05:00" testType="13cdc9d9-ddb5-4fa4-a97d-d965ccfc6d4b" outcome="Passed" testListId="8c84fa94-04c1-424b-9868-57a2d4851a1d" relativeResultsDirectory="bc5862a4-1c7d-4c28-a7d2-db2481f23359" />
    <UnitTestResult executionId="b44894d8-3ddf-46c2-b3cd-90f018dea8d2" testId="051a87a0-4947-acab-5222-3cc970dba0ba" testName="Appostolic.Api.Tests.Notifications.NotificationsResendTests.Can_insert_child_with_resend_of_fk" computerName="mac" duration="00:00:00.0357475" startTime="2025-09-21T22:36:22.7540720-05:00" endTime="2025-09-21T22:36:22.7540720-05:00" testType="13cdc9d9-ddb5-4fa4-a97d-d965ccfc6d4b" outcome="Passed" testListId="8c84fa94-04c1-424b-9868-57a2d4851a1d" relativeResultsDirectory="b44894d8-3ddf-46c2-b3cd-90f018dea8d2" />
    <UnitTestResult executionId="b37647e3-847f-497e-86ef-9cd62a94240e" testId="bde04400-fb2a-d1b4-e9d5-727f1b9bbed1" testName="Appostolic.Api.Tests.EmailDispatcherTests.Dispatcher_redacts_email_in_log_scope" computerName="mac" duration="00:00:00.0014077" startTime="2025-09-21T22:36:37.1908840-05:00" endTime="2025-09-21T22:36:37.1908840-05:00" testType="13cdc9d9-ddb5-4fa4-a97d-d965ccfc6d4b" outcome="Passed" testListId="8c84fa94-04c1-424b-9868-57a2d4851a1d" relativeResultsDirectory="b37647e3-847f-497e-86ef-9cd62a94240e" />
    <UnitTestResult executionId="845cabcf-7442-4f2c-8c18-a4c889dec87d" testId="b946127e-e0db-c283-d88c-1557545efae6" testName="Appostolic.Api.Tests.Schema.LegacyRoleColumnRemovalTests.Membership_entity_legacy_Role_property_is_removed" computerName="mac" duration="00:00:00.1175941" startTime="2025-09-21T22:36:27.1481420-05:00" endTime="2025-09-21T22:36:27.1481420-05:00" testType="13cdc9d9-ddb5-4fa4-a97d-d965ccfc6d4b" outcome="Passed" testListId="8c84fa94-04c1-424b-9868-57a2d4851a1d" relativeResultsDirectory="845cabcf-7442-4f2c-8c18-a4c889dec87d" />
    <UnitTestResult executionId="2bdb6868-2aa6-46ea-92e5-3defc5f59a38" testId="4a92a767-460d-55d3-4f0a-171bb9bfa6db" testName="Appostolic.Api.Tests.Auth.LogoutTests.MissingRefreshToken_OnSingleLogout_Returns400" computerName="mac" duration="00:00:00.6164073" startTime="2025-09-21T22:36:45.0771120-05:00" endTime="2025-09-21T22:36:45.0771120-05:00" testType="13cdc9d9-ddb5-4fa4-a97d-d965ccfc6d4b" outcome="Passed" testListId="8c84fa94-04c1-424b-9868-57a2d4851a1d" relativeResultsDirectory="2bdb6868-2aa6-46ea-92e5-3defc5f59a38" />
    <UnitTestResult executionId="c89157e6-e19b-4940-afad-ed230ae478d8" testId="f3e5a7ef-e593-cb9e-e437-d0f4fab69d89" testName="Appostolic.Api.Tests.Api.AuthJwtSmokeTests.AuthSmoke_Ping_WithIssuedToken_Succeeds" computerName="mac" duration="00:00:00.1989506" startTime="2025-09-21T22:36:25.0430710-05:00" endTime="2025-09-21T22:36:25.0430710-05:00" testType="13cdc9d9-ddb5-4fa4-a97d-d965ccfc6d4b" outcome="Passed" testListId="8c84fa94-04c1-424b-9868-57a2d4851a1d" relativeResultsDirectory="c89157e6-e19b-4940-afad-ed230ae478d8" />
    <UnitTestResult executionId="86a7e590-dbc8-47d6-b41b-ae72a2b16fb3" testId="eba2e046-3c6c-f48b-f85f-b23828d8319b" testName="Appostolic.Api.Tests.AgentOrchestratorTests.ToolNotAllowed_FailsAndTracesFailure" computerName="mac" duration="00:00:00.0019562" startTime="2025-09-21T22:36:47.5357030-05:00" endTime="2025-09-21T22:36:47.5357030-05:00" testType="13cdc9d9-ddb5-4fa4-a97d-d965ccfc6d4b" outcome="Passed" testListId="8c84fa94-04c1-424b-9868-57a2d4851a1d" relativeResultsDirectory="86a7e590-dbc8-47d6-b41b-ae72a2b16fb3" />
    <UnitTestResult executionId="dd21a320-0f4b-4f51-bc02-0c20e0359afc" testId="b9af0f84-0079-b683-0d77-346a6542b5b4" testName="Appostolic.Api.Tests.NotificationEnqueuerTests.QueueInvite_enqueues_correct_message" computerName="mac" duration="00:00:00.0029246" startTime="2025-09-21T22:36:47.5319850-05:00" endTime="2025-09-21T22:36:47.5319850-05:00" testType="13cdc9d9-ddb5-4fa4-a97d-d965ccfc6d4b" outcome="Passed" testListId="8c84fa94-04c1-424b-9868-57a2d4851a1d" relativeResultsDirectory="dd21a320-0f4b-4f51-bc02-0c20e0359afc" />
    <UnitTestResult executionId="17729a11-1be5-4dcb-acd0-a6c4fc264ae8" testId="bc29c184-0770-c9df-63be-2a52d76ad503" testName="Appostolic.Api.Tests.Notifications.NotificationEnqueuerMagicLinkTests.QueueMagicLink_HashesToken_And_Publishes" computerName="mac" duration="00:00:00.0070985" startTime="2025-09-21T22:36:35.1148200-05:00" endTime="2025-09-21T22:36:35.1148200-05:00" testType="13cdc9d9-ddb5-4fa4-a97d-d965ccfc6d4b" outcome="Passed" testListId="8c84fa94-04c1-424b-9868-57a2d4851a1d" relativeResultsDirectory="17729a11-1be5-4dcb-acd0-a6c4fc264ae8" />
    <UnitTestResult executionId="76b76fa2-f89e-4406-8884-1a30c5be1675" testId="e8b4dc71-a5d7-b1f7-a555-6150128fc2af" testName="Appostolic.Api.Tests.Privacy.PIIHasherTests.HashEmail_IsDeterministic_ForSamePepper" computerName="mac" duration="00:00:00.0000321" startTime="2025-09-21T22:36:40.8345550-05:00" endTime="2025-09-21T22:36:40.8345550-05:00" testType="13cdc9d9-ddb5-4fa4-a97d-d965ccfc6d4b" outcome="Passed" testListId="8c84fa94-04c1-424b-9868-57a2d4851a1d" relativeResultsDirectory="76b76fa2-f89e-4406-8884-1a30c5be1675" />
    <UnitTestResult executionId="3fa2256d-f369-4bc2-9317-8e538da60535" testId="c12613af-99b7-439d-c6df-131aa1e08ae7" testName="Appostolic.Api.AuthTests.TestTokenFactoryTests.MintTenantToken_MultiMembership_ExplicitTenantSelection" computerName="mac" duration="00:00:00.1678304" startTime="2025-09-21T22:36:24.2971250-05:00" endTime="2025-09-21T22:36:24.2971250-05:00" testType="13cdc9d9-ddb5-4fa4-a97d-d965ccfc6d4b" outcome="Passed" testListId="8c84fa94-04c1-424b-9868-57a2d4851a1d" relativeResultsDirectory="3fa2256d-f369-4bc2-9317-8e538da60535" />
    <UnitTestResult executionId="d9981715-83ed-468e-a976-8eed60addc66" testId="6305e689-cee9-6a31-93d8-755b6c5fc935" testName="Appostolic.Api.Tests.Notifications.FieldEncryptionTests.Encrypts_And_Decrypts_On_Lease" computerName="mac" duration="00:00:00.0170144" startTime="2025-09-21T22:36:34.7391070-05:00" endTime="2025-09-21T22:36:34.7391070-05:00" testType="13cdc9d9-ddb5-4fa4-a97d-d965ccfc6d4b" outcome="Passed" testListId="8c84fa94-04c1-424b-9868-57a2d4851a1d" relativeResultsDirectory="d9981715-83ed-468e-a976-8eed60addc66" />
    <UnitTestResult executionId="1d36435e-7153-408f-b0fd-f59b42a9605c" testId="46ad1244-cbdb-dca6-f007-7e8a232754cc" testName="Appostolic.Api.Tests.Notifications.RedisTransportPrivacyTests.NonGuidPayload_DoesNotLogPayloadContents" computerName="mac" duration="00:00:00.0132842" startTime="2025-09-21T22:36:27.2230400-05:00" endTime="2025-09-21T22:36:27.2230400-05:00" testType="13cdc9d9-ddb5-4fa4-a97d-d965ccfc6d4b" outcome="Passed" testListId="8c84fa94-04c1-424b-9868-57a2d4851a1d" relativeResultsDirectory="1d36435e-7153-408f-b0fd-f59b42a9605c" />
    <UnitTestResult executionId="f086f2a4-f24f-4583-bd20-fccc19a51b59" testId="0d699ea2-79e9-9f01-d2d5-fca82a358bb0" testName="Appostolic.Api.Tests.Api.NotificationsAdminEndpointsTests.List_and_retry_notifications_work" computerName="mac" duration="00:00:00.1520523" startTime="2025-09-21T22:36:39.8439330-05:00" endTime="2025-09-21T22:36:39.8439330-05:00" testType="13cdc9d9-ddb5-4fa4-a97d-d965ccfc6d4b" outcome="Failed" testListId="8c84fa94-04c1-424b-9868-57a2d4851a1d" relativeResultsDirectory="f086f2a4-f24f-4583-bd20-fccc19a51b59">
      <Output>
        <ErrorInfo>
          <Message>Expected listResp.StatusCode to be HttpStatusCode.OK {value: 200}, but found HttpStatusCode.InternalServerError {value: 500}.</Message>
          <StackTrace>   at FluentAssertions.Execution.XUnit2TestFramework.Throw(String message)
   at FluentAssertions.Execution.TestFrameworkProvider.Throw(String message)
   at FluentAssertions.Execution.AssertionScope.FailWith(Func`1 failReasonFunc)
   at FluentAssertions.Primitives.EnumAssertions`2.Be(TEnum expected, String because, Object[] becauseArgs)
   at Appostolic.Api.Tests.Api.NotificationsAdminEndpointsTests.List_and_retry_notifications_work() in /Users/kevinmccreary/appostolic/apps/api.tests/Api/NotificationsAdminEndpointsTests.cs:line 42
--- End of stack trace from previous location ---</StackTrace>
        </ErrorInfo>
      </Output>
    </UnitTestResult>
    <UnitTestResult executionId="23c31988-5d41-4ef8-962a-fefc63a22a6d" testId="90d1f61e-9ba1-ff1a-f0a6-e17acbda2dee" testName="Appostolic.Api.Tests.Security.RoleAuthorizationTests.CreatorPolicy_Allows_WhenMembershipHasCreator" computerName="mac" duration="00:00:00.0006927" startTime="2025-09-21T22:36:35.3134170-05:00" endTime="2025-09-21T22:36:35.3134170-05:00" testType="13cdc9d9-ddb5-4fa4-a97d-d965ccfc6d4b" outcome="Passed" testListId="8c84fa94-04c1-424b-9868-57a2d4851a1d" relativeResultsDirectory="23c31988-5d41-4ef8-962a-fefc63a22a6d" />
    <UnitTestResult executionId="87e17158-8d99-4f01-8ae8-e7e5f4330e22" testId="22ad276e-c73f-4ebf-8729-b5903439e2d9" testName="WebSearchToolTests.Query_intro_returns_expected" computerName="mac" duration="00:00:00.0021856" startTime="2025-09-21T22:36:23.0208450-05:00" endTime="2025-09-21T22:36:23.0208450-05:00" testType="13cdc9d9-ddb5-4fa4-a97d-d965ccfc6d4b" outcome="Passed" testListId="8c84fa94-04c1-424b-9868-57a2d4851a1d" relativeResultsDirectory="87e17158-8d99-4f01-8ae8-e7e5f4330e22" />
    <UnitTestResult executionId="b6672917-5a45-4e13-b854-f18e7e4c41ae" testId="82433354-13b4-cc2d-0a49-7402e6830aee" testName="Appostolic.Api.Tests.Auth.RefreshPlaintextExposedFlagTests.Refresh_Omits_Plaintext_When_Flag_Disabled_Even_During_Grace" computerName="mac" duration="00:00:00.4366844" startTime="2025-09-21T22:36:27.6600730-05:00" endTime="2025-09-21T22:36:27.6600730-05:00" testType="13cdc9d9-ddb5-4fa4-a97d-d965ccfc6d4b" outcome="Passed" testListId="8c84fa94-04c1-424b-9868-57a2d4851a1d" relativeResultsDirectory="b6672917-5a45-4e13-b854-f18e7e4c41ae" />
    <UnitTestResult executionId="8dbeac61-93b8-4811-b5db-d4ee3c3e3483" testId="54bfc83b-71cd-70be-2e17-0d354a18b25a" testName="Appostolic.Api.Tests.Notifications.NotificationsRetentionTests.Purger_removes_expired_dedupes_and_old_notifications" computerName="mac" duration="00:00:00.0071132" startTime="2025-09-21T22:36:35.2811780-05:00" endTime="2025-09-21T22:36:35.2811780-05:00" testType="13cdc9d9-ddb5-4fa4-a97d-d965ccfc6d4b" outcome="Passed" testListId="8c84fa94-04c1-424b-9868-57a2d4851a1d" relativeResultsDirectory="8dbeac61-93b8-4811-b5db-d4ee3c3e3483" />
    <UnitTestResult executionId="1df9fa32-3693-4887-a124-259f29bb77de" testId="d3eea64b-9431-a4f4-6e46-77927988bd60" testName="Appostolic.Api.AuthTests.SelectTenantTests.SelectTenant_ExpiredRefresh_Returns401" computerName="mac" duration="00:00:00.5222535" startTime="2025-09-21T22:36:31.2924470-05:00" endTime="2025-09-21T22:36:31.2924470-05:00" testType="13cdc9d9-ddb5-4fa4-a97d-d965ccfc6d4b" outcome="Passed" testListId="8c84fa94-04c1-424b-9868-57a2d4851a1d" relativeResultsDirectory="1df9fa32-3693-4887-a124-259f29bb77de" />
    <UnitTestResult executionId="bae90d0d-74d1-4801-8473-775ef17c4c46" testId="9a71281b-30b0-67b5-7395-398aae4c1d76" testName="Appostolic.Api.Tests.Privacy.PIIRedactorTests.RedactEmail_Works(input: &quot;U@ex.com&quot;, expected: &quot;***U@ex.com&quot;)" computerName="mac" duration="00:00:00.0000621" startTime="2025-09-21T22:36:34.7216440-05:00" endTime="2025-09-21T22:36:34.7216440-05:00" testType="13cdc9d9-ddb5-4fa4-a97d-d965ccfc6d4b" outcome="Passed" testListId="8c84fa94-04c1-424b-9868-57a2d4851a1d" relativeResultsDirectory="bae90d0d-74d1-4801-8473-775ef17c4c46" />
    <UnitTestResult executionId="29df06b6-7c8b-48d4-a25b-9a6449da2bc1" testId="f40065b9-7c11-5cb0-fc3c-72a39c2af769" testName="Appostolic.Api.Tests.SwaggerEndpointTests.SwaggerJson_ReturnsOpenApiDocument" computerName="mac" duration="00:00:00.0540934" startTime="2025-09-21T22:36:47.5251500-05:00" endTime="2025-09-21T22:36:47.5251500-05:00" testType="13cdc9d9-ddb5-4fa4-a97d-d965ccfc6d4b" outcome="Passed" testListId="8c84fa94-04c1-424b-9868-57a2d4851a1d" relativeResultsDirectory="29df06b6-7c8b-48d4-a25b-9a6449da2bc1" />
    <UnitTestResult executionId="32d0e6a6-84ea-4ae1-aa9f-2fd4272194d2" testId="fdf88970-87c6-f740-810f-e878127ff782" testName="Appostolic.Api.Tests.Api.NotificationsProdEndpointsTests.Resend_returns_404_when_missing" computerName="mac" duration="00:00:00.1797511" startTime="2025-09-21T22:36:25.4032780-05:00" endTime="2025-09-21T22:36:25.4032780-05:00" testType="13cdc9d9-ddb5-4fa4-a97d-d965ccfc6d4b" outcome="Failed" testListId="8c84fa94-04c1-424b-9868-57a2d4851a1d" relativeResultsDirectory="32d0e6a6-84ea-4ae1-aa9f-2fd4272194d2">
      <Output>
        <ErrorInfo>
          <Message>Expected r.StatusCode to be HttpStatusCode.NotFound {value: 404}, but found HttpStatusCode.InternalServerError {value: 500}.</Message>
          <StackTrace>   at FluentAssertions.Execution.XUnit2TestFramework.Throw(String message)
   at FluentAssertions.Execution.TestFrameworkProvider.Throw(String message)
   at FluentAssertions.Execution.DefaultAssertionStrategy.HandleFailure(String message)
   at FluentAssertions.Execution.AssertionScope.FailWith(Func`1 failReasonFunc)
   at FluentAssertions.Execution.AssertionScope.FailWith(Func`1 failReasonFunc)
   at FluentAssertions.Execution.AssertionScope.FailWith(String message, Object[] args)
   at FluentAssertions.Primitives.EnumAssertions`2.Be(TEnum expected, String because, Object[] becauseArgs)
   at Appostolic.Api.Tests.Api.NotificationsProdEndpointsTests.Resend_returns_404_when_missing() in /Users/kevinmccreary/appostolic/apps/api.tests/Api/NotificationsProdEndpointsTests.cs:line 122
--- End of stack trace from previous location ---</StackTrace>
        </ErrorInfo>
      </Output>
    </UnitTestResult>
    <UnitTestResult executionId="5278dbab-8e8b-4a25-955c-a5cb83b1c87b" testId="e654c6ff-e79b-0f0d-7ecf-a4648dc0cf91" testName="Appostolic.Api.Tests.Orchestrator.AgentOrchestratorTests.HappyPath_ModelPlansToolThenFinal_SucceedsWithTwoTraces" computerName="mac" duration="00:00:00.0019170" startTime="2025-09-21T22:36:47.1155500-05:00" endTime="2025-09-21T22:36:47.1155500-05:00" testType="13cdc9d9-ddb5-4fa4-a97d-d965ccfc6d4b" outcome="Passed" testListId="8c84fa94-04c1-424b-9868-57a2d4851a1d" relativeResultsDirectory="5278dbab-8e8b-4a25-955c-a5cb83b1c87b" />
    <UnitTestResult executionId="ce45afaf-ff25-4d8d-873d-99272ddc5dd6" testId="1beb15ab-fe09-2511-98ef-cddbeaaa10ed" testName="Appostolic.Api.Tests.Api.LegacyRoleWritePathDeprecationTests.Invite_with_legacy_role_only_is_rejected_with_NO_FLAGS" computerName="mac" duration="00:00:00.1733092" startTime="2025-09-21T22:36:23.1950240-05:00" endTime="2025-09-21T22:36:23.1950240-05:00" testType="13cdc9d9-ddb5-4fa4-a97d-d965ccfc6d4b" outcome="Failed" testListId="8c84fa94-04c1-424b-9868-57a2d4851a1d" relativeResultsDirectory="ce45afaf-ff25-4d8d-873d-99272ddc5dd6">
      <Output>
        <ErrorInfo>
          <Message>Expected resp.StatusCode to be HttpStatusCode.BadRequest {value: 400}, but found HttpStatusCode.Unauthorized {value: 401}.</Message>
          <StackTrace>   at FluentAssertions.Execution.XUnit2TestFramework.Throw(String message)
   at FluentAssertions.Execution.TestFrameworkProvider.Throw(String message)
   at FluentAssertions.Execution.DefaultAssertionStrategy.HandleFailure(String message)
   at FluentAssertions.Execution.AssertionScope.FailWith(Func`1 failReasonFunc)
   at FluentAssertions.Execution.AssertionScope.FailWith(Func`1 failReasonFunc)
   at FluentAssertions.Execution.AssertionScope.FailWith(String message, Object[] args)
   at FluentAssertions.Primitives.EnumAssertions`2.Be(TEnum expected, String because, Object[] becauseArgs)
   at Appostolic.Api.Tests.Api.LegacyRoleWritePathDeprecationTests.Invite_with_legacy_role_only_is_rejected_with_NO_FLAGS() in /Users/kevinmccreary/appostolic/apps/api.tests/Api/LegacyRoleWritePathDeprecationTests.cs:line 49
--- End of stack trace from previous location ---</StackTrace>
        </ErrorInfo>
      </Output>
    </UnitTestResult>
    <UnitTestResult executionId="d022e440-595f-45c0-a1c4-da14c7f53673" testId="8de6077c-5e1e-7144-f76f-09a36a8fcab6" testName="Appostolic.Api.Tests.Privacy.UserProfileLoggingTests.GetMe_EmitsRedactedAndHash_NoRawEmail" computerName="mac" duration="00:00:00.1713660" startTime="2025-09-21T22:36:24.8433820-05:00" endTime="2025-09-21T22:36:24.8433820-05:00" testType="13cdc9d9-ddb5-4fa4-a97d-d965ccfc6d4b" outcome="Failed" testListId="8c84fa94-04c1-424b-9868-57a2d4851a1d" relativeResultsDirectory="d022e440-595f-45c0-a1c4-da14c7f53673">
      <Output>
        <ErrorInfo>
          <Message>System.Net.Http.HttpRequestException : Response status code does not indicate success: 401 (Unauthorized).</Message>
          <StackTrace>   at System.Net.Http.HttpResponseMessage.EnsureSuccessStatusCode()
   at Appostolic.Api.Tests.Privacy.UserProfileLoggingTests.GetMe_EmitsRedactedAndHash_NoRawEmail() in /Users/kevinmccreary/appostolic/apps/api.tests/Privacy/UserProfileLoggingTests.cs:line 44
--- End of stack trace from previous location ---</StackTrace>
        </ErrorInfo>
      </Output>
    </UnitTestResult>
    <UnitTestResult executionId="6c7d1fc3-2de9-4a42-ac59-3577b1d820e4" testId="0d8e7961-edc8-5f2f-d398-1131ab5c1262" testName="Appostolic.Api.Tests.Auth.RefreshEndpointTests.Refresh_Can_Issue_TenantToken" computerName="mac" duration="00:00:00.2250683" startTime="2025-09-21T22:36:42.3746010-05:00" endTime="2025-09-21T22:36:42.3746010-05:00" testType="13cdc9d9-ddb5-4fa4-a97d-d965ccfc6d4b" outcome="Passed" testListId="8c84fa94-04c1-424b-9868-57a2d4851a1d" relativeResultsDirectory="6c7d1fc3-2de9-4a42-ac59-3577b1d820e4" />
    <UnitTestResult executionId="46d2a259-2a34-42a9-9761-e0bf6d58c813" testId="f4bc2eaf-f4d3-c189-d9cc-2eeedd1fbf5a" testName="Appostolic.Api.Tests.Auth.RefreshPlaintextExposedFlagTests.Login_Includes_Plaintext_When_Flag_Defaults_True" computerName="mac" duration="00:00:00.4095307" startTime="2025-09-21T22:36:28.0698310-05:00" endTime="2025-09-21T22:36:28.0698310-05:00" testType="13cdc9d9-ddb5-4fa4-a97d-d965ccfc6d4b" outcome="Passed" testListId="8c84fa94-04c1-424b-9868-57a2d4851a1d" relativeResultsDirectory="46d2a259-2a34-42a9-9761-e0bf6d58c813" />
    <UnitTestResult executionId="bb243b12-351e-48fc-aa8b-edb6eb6d151e" testId="81f70a90-5f17-3107-1751-37f6a5b41791" testName="Appostolic.Api.Tests.Api.InvitesAcceptTests.Accept_With_Invalid_Token_Fails" computerName="mac" duration="00:00:00.0042471" startTime="2025-09-21T22:36:23.7777250-05:00" endTime="2025-09-21T22:36:23.7777250-05:00" testType="13cdc9d9-ddb5-4fa4-a97d-d965ccfc6d4b" outcome="Failed" testListId="8c84fa94-04c1-424b-9868-57a2d4851a1d" relativeResultsDirectory="bb243b12-351e-48fc-aa8b-edb6eb6d151e">
      <Output>
        <ErrorInfo>
          <Message>Expected resp.StatusCode to be HttpStatusCode.BadRequest {value: 400}, but found HttpStatusCode.Unauthorized {value: 401}.</Message>
          <StackTrace>   at FluentAssertions.Execution.XUnit2TestFramework.Throw(String message)
   at FluentAssertions.Execution.TestFrameworkProvider.Throw(String message)
   at FluentAssertions.Execution.DefaultAssertionStrategy.HandleFailure(String message)
   at FluentAssertions.Execution.AssertionScope.FailWith(Func`1 failReasonFunc)
   at FluentAssertions.Execution.AssertionScope.FailWith(Func`1 failReasonFunc)
   at FluentAssertions.Execution.AssertionScope.FailWith(String message, Object[] args)
   at FluentAssertions.Primitives.EnumAssertions`2.Be(TEnum expected, String because, Object[] becauseArgs)
   at Appostolic.Api.Tests.Api.InvitesAcceptTests.Accept_With_Invalid_Token_Fails() in /Users/kevinmccreary/appostolic/apps/api.tests/Api/InvitesAcceptTests.cs:line 92
--- End of stack trace from previous location ---</StackTrace>
        </ErrorInfo>
      </Output>
    </UnitTestResult>
    <UnitTestResult executionId="bb1c74a8-72ed-4af6-9273-3d8161e64f19" testId="7c805908-7267-f4aa-63a0-03f3e0715abc" testName="Appostolic.Api.Tests.Api.AssignmentsApiTests.Cannot_remove_last_admin_via_flags_returns_409" computerName="mac" duration="00:00:00.1584077" startTime="2025-09-21T22:36:47.2746370-05:00" endTime="2025-09-21T22:36:47.2746370-05:00" testType="13cdc9d9-ddb5-4fa4-a97d-d965ccfc6d4b" outcome="Failed" testListId="8c84fa94-04c1-424b-9868-57a2d4851a1d" relativeResultsDirectory="bb1c74a8-72ed-4af6-9273-3d8161e64f19">
      <Output>
        <ErrorInfo>
          <Message>Expected conflict.StatusCode to be HttpStatusCode.Conflict {value: 409}, but found HttpStatusCode.Unauthorized {value: 401}.</Message>
          <StackTrace>   at FluentAssertions.Execution.XUnit2TestFramework.Throw(String message)
   at FluentAssertions.Execution.TestFrameworkProvider.Throw(String message)
   at FluentAssertions.Execution.AssertionScope.FailWith(Func`1 failReasonFunc)
   at FluentAssertions.Primitives.EnumAssertions`2.Be(TEnum expected, String because, Object[] becauseArgs)
   at Appostolic.Api.Tests.Api.AssignmentsApiTests.Cannot_remove_last_admin_via_flags_returns_409() in /Users/kevinmccreary/appostolic/apps/api.tests/Api/AssignmentsApiTests.cs:line 135
--- End of stack trace from previous location ---</StackTrace>
        </ErrorInfo>
      </Output>
    </UnitTestResult>
  </Results>
  <TestDefinitions>
    <UnitTest name="Appostolic.Api.Tests.Api.UserProfileEndpointsTests.Put_me_merges_profile_and_trims_and_validates_social_urls" storage="/users/kevinmccreary/appostolic/apps/api.tests/bin/debug/net8.0/appostolic.api.tests.dll" id="adb4d425-e330-40e4-2ea6-b182e56ebe7d">
      <Execution id="40d329dc-87e7-40a2-92a3-55d4f9455461" />
      <TestMethod codeBase="/Users/kevinmccreary/appostolic/apps/api.tests/bin/Debug/net8.0/Appostolic.Api.Tests.dll" adapterTypeName="executor://xunit/VsTestRunner2/netcoreapp" className="Appostolic.Api.Tests.Api.UserProfileEndpointsTests" name="Put_me_merges_profile_and_trims_and_validates_social_urls" />
    </UnitTest>
    <UnitTest name="Appostolic.Api.Tests.Api.TenantSettingsEndpointsTests.Put_Settings_Deep_Merges" storage="/users/kevinmccreary/appostolic/apps/api.tests/bin/debug/net8.0/appostolic.api.tests.dll" id="95c167d1-a09f-1a4f-5f8b-bfed1919a8c0">
      <Execution id="5b47bf38-114d-4c3a-83a9-0170b965b229" />
      <TestMethod codeBase="/Users/kevinmccreary/appostolic/apps/api.tests/bin/Debug/net8.0/Appostolic.Api.Tests.dll" adapterTypeName="executor://xunit/VsTestRunner2/netcoreapp" className="Appostolic.Api.Tests.Api.TenantSettingsEndpointsTests" name="Put_Settings_Deep_Merges" />
    </UnitTest>
    <UnitTest name="Appostolic.Api.Tests.Api.InvitesEndpointsTests.Invites_Full_Lifecycle_Create_Resend_Accept_Revoke" storage="/users/kevinmccreary/appostolic/apps/api.tests/bin/debug/net8.0/appostolic.api.tests.dll" id="d5afdedc-771c-29a3-fa0a-9ebd023dd2c6">
      <Execution id="0b3d7c40-f0b0-40dc-b52d-7c0932e7d52e" />
      <TestMethod codeBase="/Users/kevinmccreary/appostolic/apps/api.tests/bin/Debug/net8.0/Appostolic.Api.Tests.dll" adapterTypeName="executor://xunit/VsTestRunner2/netcoreapp" className="Appostolic.Api.Tests.Api.InvitesEndpointsTests" name="Invites_Full_Lifecycle_Create_Resend_Accept_Revoke" />
    </UnitTest>
    <UnitTest name="Appostolic.Api.Tests.Notifications.NotificationEnqueuerMagicLinkTests.QueueMagicLink_HashesToken_And_Publishes" storage="/users/kevinmccreary/appostolic/apps/api.tests/bin/debug/net8.0/appostolic.api.tests.dll" id="bc29c184-0770-c9df-63be-2a52d76ad503">
      <Execution id="17729a11-1be5-4dcb-acd0-a6c4fc264ae8" />
      <TestMethod codeBase="/Users/kevinmccreary/appostolic/apps/api.tests/bin/Debug/net8.0/Appostolic.Api.Tests.dll" adapterTypeName="executor://xunit/VsTestRunner2/netcoreapp" className="Appostolic.Api.Tests.Notifications.NotificationEnqueuerMagicLinkTests" name="QueueMagicLink_HashesToken_And_Publishes" />
    </UnitTest>
    <UnitTest name="Appostolic.Api.Tests.Notifications.FieldEncryptionTests.Encrypts_And_Decrypts_On_Lease" storage="/users/kevinmccreary/appostolic/apps/api.tests/bin/debug/net8.0/appostolic.api.tests.dll" id="6305e689-cee9-6a31-93d8-755b6c5fc935">
      <Execution id="d9981715-83ed-468e-a976-8eed60addc66" />
      <TestMethod codeBase="/Users/kevinmccreary/appostolic/apps/api.tests/bin/Debug/net8.0/Appostolic.Api.Tests.dll" adapterTypeName="executor://xunit/VsTestRunner2/netcoreapp" className="Appostolic.Api.Tests.Notifications.FieldEncryptionTests" name="Encrypts_And_Decrypts_On_Lease" />
    </UnitTest>
    <UnitTest name="Appostolic.Api.Tests.Api.NotificationsAdminEndpointsTests.Dlq_replay_requeues_and_publishes_ids" storage="/users/kevinmccreary/appostolic/apps/api.tests/bin/debug/net8.0/appostolic.api.tests.dll" id="2e294ae5-fc9b-2692-1d65-f4ebb89ab5ef">
      <Execution id="8e8da09c-e30d-4ca5-a193-2aa09a5c21e6" />
      <TestMethod codeBase="/Users/kevinmccreary/appostolic/apps/api.tests/bin/Debug/net8.0/Appostolic.Api.Tests.dll" adapterTypeName="executor://xunit/VsTestRunner2/netcoreapp" className="Appostolic.Api.Tests.Api.NotificationsAdminEndpointsTests" name="Dlq_replay_requeues_and_publishes_ids" />
    </UnitTest>
    <UnitTest name="Appostolic.Api.Tests.SmokeTests.Health_ReturnsOk" storage="/users/kevinmccreary/appostolic/apps/api.tests/bin/debug/net8.0/appostolic.api.tests.dll" id="fc170f06-7a65-44e3-9780-d428f13f33ad">
      <Execution id="704b6f97-7678-49da-8130-3c664d8cdc93" />
      <TestMethod codeBase="/Users/kevinmccreary/appostolic/apps/api.tests/bin/Debug/net8.0/Appostolic.Api.Tests.dll" adapterTypeName="executor://xunit/VsTestRunner2/netcoreapp" className="Appostolic.Api.Tests.SmokeTests" name="Health_ReturnsOk" />
    </UnitTest>
    <UnitTest name="Appostolic.Api.Tests.AgentConstraintTests.Agent_Temperature_out_of_range_throws_in_domain_constructor" storage="/users/kevinmccreary/appostolic/apps/api.tests/bin/debug/net8.0/appostolic.api.tests.dll" id="71d5d180-2d36-ecb9-e4eb-71ca09e46ec4">
      <Execution id="2bbb5c7a-f786-4159-8378-66e6d678df4f" />
      <TestMethod codeBase="/Users/kevinmccreary/appostolic/apps/api.tests/bin/Debug/net8.0/Appostolic.Api.Tests.dll" adapterTypeName="executor://xunit/VsTestRunner2/netcoreapp" className="Appostolic.Api.Tests.AgentConstraintTests" name="Agent_Temperature_out_of_range_throws_in_domain_constructor" />
    </UnitTest>
    <UnitTest name="Appostolic.Api.Tests.NotificationEnqueuerTests.QueueInvite_uses_relative_when_base_missing" storage="/users/kevinmccreary/appostolic/apps/api.tests/bin/debug/net8.0/appostolic.api.tests.dll" id="5818c4b0-5040-ff57-2a21-3715c31b378e">
      <Execution id="b6615cc0-2287-4553-9638-772d4ecaabb3" />
      <TestMethod codeBase="/Users/kevinmccreary/appostolic/apps/api.tests/bin/Debug/net8.0/Appostolic.Api.Tests.dll" adapterTypeName="executor://xunit/VsTestRunner2/netcoreapp" className="Appostolic.Api.Tests.NotificationEnqueuerTests" name="QueueInvite_uses_relative_when_base_missing" />
    </UnitTest>
    <UnitTest name="Appostolic.Api.Tests.Orchestrator.TokenAggregationTests.CostIsNull_WhenPricingDisabled" storage="/users/kevinmccreary/appostolic/apps/api.tests/bin/debug/net8.0/appostolic.api.tests.dll" id="3b3a68c1-1138-770e-4b05-0d7fb6b68738">
      <Execution id="6030a82c-a168-46db-a38c-2525536b5c84" />
      <TestMethod codeBase="/Users/kevinmccreary/appostolic/apps/api.tests/bin/Debug/net8.0/Appostolic.Api.Tests.dll" adapterTypeName="executor://xunit/VsTestRunner2/netcoreapp" className="Appostolic.Api.Tests.Orchestrator.TokenAggregationTests" name="CostIsNull_WhenPricingDisabled" />
    </UnitTest>
    <UnitTest name="Appostolic.Api.Tests.Auth.AuthMetricsTests.Story9_NewCountersAndDurations" storage="/users/kevinmccreary/appostolic/apps/api.tests/bin/debug/net8.0/appostolic.api.tests.dll" id="303a8ec4-1283-c55c-ceff-908085b877fe">
      <Execution id="19513fe0-f88d-41f9-b0a2-fe9146429989" />
      <TestMethod codeBase="/Users/kevinmccreary/appostolic/apps/api.tests/bin/Debug/net8.0/Appostolic.Api.Tests.dll" adapterTypeName="executor://xunit/VsTestRunner2/netcoreapp" className="Appostolic.Api.Tests.Auth.AuthMetricsTests" name="Story9_NewCountersAndDurations" />
    </UnitTest>
    <UnitTest name="Appostolic.Api.AuthTests.TestTokenFactoryTests.MintTenantToken_FlagDisabled_ReturnsNotFound" storage="/users/kevinmccreary/appostolic/apps/api.tests/bin/debug/net8.0/appostolic.api.tests.dll" id="66792d28-b742-2184-22b7-0db1029dfc14">
      <Execution id="1f73d22c-f2d2-4e06-891d-f91626bda606" />
      <TestMethod codeBase="/Users/kevinmccreary/appostolic/apps/api.tests/bin/Debug/net8.0/Appostolic.Api.Tests.dll" adapterTypeName="executor://xunit/VsTestRunner2/netcoreapp" className="Appostolic.Api.AuthTests.TestTokenFactoryTests" name="MintTenantToken_FlagDisabled_ReturnsNotFound" />
    </UnitTest>
    <UnitTest name="Appostolic.Api.Tests.Auth.RefreshEndpointTests.Refresh_Can_Issue_TenantToken" storage="/users/kevinmccreary/appostolic/apps/api.tests/bin/debug/net8.0/appostolic.api.tests.dll" id="0d8e7961-edc8-5f2f-d398-1131ab5c1262">
      <Execution id="6c7d1fc3-2de9-4a42-ac59-3577b1d820e4" />
      <TestMethod codeBase="/Users/kevinmccreary/appostolic/apps/api.tests/bin/Debug/net8.0/Appostolic.Api.Tests.dll" adapterTypeName="executor://xunit/VsTestRunner2/netcoreapp" className="Appostolic.Api.Tests.Auth.RefreshEndpointTests" name="Refresh_Can_Issue_TenantToken" />
    </UnitTest>
    <UnitTest name="Appostolic.Api.Tests.Notifications.NotificationsPiiScrubTests.Scrubs_before_delete_windows_and_deletes_at_cutoff" storage="/users/kevinmccreary/appostolic/apps/api.tests/bin/debug/net8.0/appostolic.api.tests.dll" id="eb812c29-73b3-e923-42de-8821a188e94a">
      <Execution id="61f14e28-3997-4208-937c-59f24c7fc26d" />
      <TestMethod codeBase="/Users/kevinmccreary/appostolic/apps/api.tests/bin/Debug/net8.0/Appostolic.Api.Tests.dll" adapterTypeName="executor://xunit/VsTestRunner2/netcoreapp" className="Appostolic.Api.Tests.Notifications.NotificationsPiiScrubTests" name="Scrubs_before_delete_windows_and_deletes_at_cutoff" />
    </UnitTest>
    <UnitTest name="Appostolic.Api.Tests.Auth.AuthMetricsTests.PlaintextCountersIncrement" storage="/users/kevinmccreary/appostolic/apps/api.tests/bin/debug/net8.0/appostolic.api.tests.dll" id="f397170a-390b-6658-7a65-2034c30cf829">
      <Execution id="39f50227-eb42-4e38-a62c-abf9f4086297" />
      <TestMethod codeBase="/Users/kevinmccreary/appostolic/apps/api.tests/bin/Debug/net8.0/Appostolic.Api.Tests.dll" adapterTypeName="executor://xunit/VsTestRunner2/netcoreapp" className="Appostolic.Api.Tests.Auth.AuthMetricsTests" name="PlaintextCountersIncrement" />
    </UnitTest>
    <UnitTest name="Appostolic.Api.Tests.Api.TenantSettingsEndpointsTests.Upload_Logo_Rejects_Unsupported_Media_Type" storage="/users/kevinmccreary/appostolic/apps/api.tests/bin/debug/net8.0/appostolic.api.tests.dll" id="9e2bc8ee-63e7-247f-c2c7-e16759561a39">
      <Execution id="7cce8a83-3093-44de-bacc-9ed14d0775c0" />
      <TestMethod codeBase="/Users/kevinmccreary/appostolic/apps/api.tests/bin/Debug/net8.0/Appostolic.Api.Tests.dll" adapterTypeName="executor://xunit/VsTestRunner2/netcoreapp" className="Appostolic.Api.Tests.Api.TenantSettingsEndpointsTests" name="Upload_Logo_Rejects_Unsupported_Media_Type" />
    </UnitTest>
    <UnitTest name="Appostolic.Api.AuthTests.LoginJwtNeutralTests.Login_ReturnsNeutralAccessAndRefreshToken" storage="/users/kevinmccreary/appostolic/apps/api.tests/bin/debug/net8.0/appostolic.api.tests.dll" id="860122fa-e148-3b20-fdb5-225e5e6bb171">
      <Execution id="911a4622-64f6-4337-85dc-ce9cebd6a487" />
      <TestMethod codeBase="/Users/kevinmccreary/appostolic/apps/api.tests/bin/Debug/net8.0/Appostolic.Api.Tests.dll" adapterTypeName="executor://xunit/VsTestRunner2/netcoreapp" className="Appostolic.Api.AuthTests.LoginJwtNeutralTests" name="Login_ReturnsNeutralAccessAndRefreshToken" />
    </UnitTest>
    <UnitTest name="Appostolic.Api.Tests.Auth.LogoutTests.SingleLogout_FollowedByRefresh_ReturnsReuse" storage="/users/kevinmccreary/appostolic/apps/api.tests/bin/debug/net8.0/appostolic.api.tests.dll" id="5fb7223b-5714-aaac-abea-c5cb06e52929">
      <Execution id="2e1d981b-1d15-4804-9f5b-bedcdbad8bcf" />
      <TestMethod codeBase="/Users/kevinmccreary/appostolic/apps/api.tests/bin/Debug/net8.0/Appostolic.Api.Tests.dll" adapterTypeName="executor://xunit/VsTestRunner2/netcoreapp" className="Appostolic.Api.Tests.Auth.LogoutTests" name="SingleLogout_FollowedByRefresh_ReturnsReuse" />
    </UnitTest>
    <UnitTest name="Appostolic.Api.Tests.E2E.NotificationsE2E_Mailhog.VerificationEmail_reaches_Mailhog_and_outbox_marks_Sent" storage="/users/kevinmccreary/appostolic/apps/api.tests/bin/debug/net8.0/appostolic.api.tests.dll" id="57eb4321-b137-5017-063e-e3e669ff6aa8">
      <Execution id="a648f677-9b80-4324-961a-e16dce94672c" />
      <TestMethod codeBase="/Users/kevinmccreary/appostolic/apps/api.tests/bin/Debug/net8.0/Appostolic.Api.Tests.dll" adapterTypeName="executor://xunit/VsTestRunner2/netcoreapp" className="Appostolic.Api.Tests.E2E.NotificationsE2E_Mailhog" name="VerificationEmail_reaches_Mailhog_and_outbox_marks_Sent" />
    </UnitTest>
    <UnitTest name="Appostolic.Api.Tests.Privacy.PIIRedactorTests.RedactPhone_Works(input: &quot;1234&quot;, expected: &quot;***1234&quot;)" storage="/users/kevinmccreary/appostolic/apps/api.tests/bin/debug/net8.0/appostolic.api.tests.dll" id="ad4c69db-d5c6-f4c3-9052-619bff8dd14e">
      <Execution id="c2ca1413-d43f-48f0-b589-1ee7f753f61c" />
      <TestMethod codeBase="/Users/kevinmccreary/appostolic/apps/api.tests/bin/Debug/net8.0/Appostolic.Api.Tests.dll" adapterTypeName="executor://xunit/VsTestRunner2/netcoreapp" className="Appostolic.Api.Tests.Privacy.PIIRedactorTests" name="RedactPhone_Works" />
    </UnitTest>
    <UnitTest name="Appostolic.Api.Tests.EmailProviderSelectionTests.Resolves_SendGrid_sender_when_provider_sendgrid" storage="/users/kevinmccreary/appostolic/apps/api.tests/bin/debug/net8.0/appostolic.api.tests.dll" id="4f12e680-b238-5f1e-d786-32a29acea93b">
      <Execution id="06c47d69-e637-42ee-82ee-b7cb4b885dee" />
      <TestMethod codeBase="/Users/kevinmccreary/appostolic/apps/api.tests/bin/Debug/net8.0/Appostolic.Api.Tests.dll" adapterTypeName="executor://xunit/VsTestRunner2/netcoreapp" className="Appostolic.Api.Tests.EmailProviderSelectionTests" name="Resolves_SendGrid_sender_when_provider_sendgrid" />
    </UnitTest>
    <UnitTest name="Appostolic.Api.Tests.Api.NotificationsAdminEndpointsTests.Dlq_list_returns_failed_and_deadletter_with_paging" storage="/users/kevinmccreary/appostolic/apps/api.tests/bin/debug/net8.0/appostolic.api.tests.dll" id="68b95691-6ef6-716d-545d-ee6cf04d94e7">
      <Execution id="ec91f195-8259-480d-92dc-422e256066f0" />
      <TestMethod codeBase="/Users/kevinmccreary/appostolic/apps/api.tests/bin/Debug/net8.0/Appostolic.Api.Tests.dll" adapterTypeName="executor://xunit/VsTestRunner2/netcoreapp" className="Appostolic.Api.Tests.Api.NotificationsAdminEndpointsTests" name="Dlq_list_returns_failed_and_deadletter_with_paging" />
    </UnitTest>
    <UnitTest name="Appostolic.Api.Tests.Observability.TelemetrySmokeTests.HappyPath_Emits_Spans_And_Metrics" storage="/users/kevinmccreary/appostolic/apps/api.tests/bin/debug/net8.0/appostolic.api.tests.dll" id="a11d6311-0314-291e-6c87-0745cc1eace8">
      <Execution id="9efa49f0-cd07-4198-a110-7f331c395803" />
      <TestMethod codeBase="/Users/kevinmccreary/appostolic/apps/api.tests/bin/Debug/net8.0/Appostolic.Api.Tests.dll" adapterTypeName="executor://xunit/VsTestRunner2/netcoreapp" className="Appostolic.Api.Tests.Observability.TelemetrySmokeTests" name="HappyPath_Emits_Spans_And_Metrics" />
    </UnitTest>
    <UnitTest name="Appostolic.Api.Tests.Schema.RolesBitmaskConstraintTests.Insert_membership_with_invalid_bitmask_fails" storage="/users/kevinmccreary/appostolic/apps/api.tests/bin/debug/net8.0/appostolic.api.tests.dll" id="e6dca875-c7cc-8760-96b7-d841ef24dda8">
      <Execution id="90a4f32c-6dec-4d95-8281-c5cdc4987603" />
      <TestMethod codeBase="/Users/kevinmccreary/appostolic/apps/api.tests/bin/Debug/net8.0/Appostolic.Api.Tests.dll" adapterTypeName="executor://xunit/VsTestRunner2/netcoreapp" className="Appostolic.Api.Tests.Schema.RolesBitmaskConstraintTests" name="Insert_membership_with_invalid_bitmask_fails" />
    </UnitTest>
    <UnitTest name="Appostolic.Api.Tests.Api.UserAvatarEndpointsTests.UploadAvatar_Rejects_TooRectangular" storage="/users/kevinmccreary/appostolic/apps/api.tests/bin/debug/net8.0/appostolic.api.tests.dll" id="d651406b-2d52-45a1-6b81-e5bff5b77f68">
      <Execution id="7d87ac82-502f-4913-9a0c-33edad4f8649" />
      <TestMethod codeBase="/Users/kevinmccreary/appostolic/apps/api.tests/bin/Debug/net8.0/Appostolic.Api.Tests.dll" adapterTypeName="executor://xunit/VsTestRunner2/netcoreapp" className="Appostolic.Api.Tests.Api.UserAvatarEndpointsTests" name="UploadAvatar_Rejects_TooRectangular" />
    </UnitTest>
    <UnitTest name="Appostolic.Api.Tests.SwaggerEndpointTests.SwaggerUI_ReturnsHtml" storage="/users/kevinmccreary/appostolic/apps/api.tests/bin/debug/net8.0/appostolic.api.tests.dll" id="d4f44d27-452c-a77e-5891-0807797b42c9">
      <Execution id="86d140c4-c6c8-4660-9fe9-f8fb26b3e247" />
      <TestMethod codeBase="/Users/kevinmccreary/appostolic/apps/api.tests/bin/Debug/net8.0/Appostolic.Api.Tests.dll" adapterTypeName="executor://xunit/VsTestRunner2/netcoreapp" className="Appostolic.Api.Tests.SwaggerEndpointTests" name="SwaggerUI_ReturnsHtml" />
    </UnitTest>
    <UnitTest name="Appostolic.Api.Tests.Schema.SchemaAbsenceTests.SchemaDoesNotIncludeLegacyRoleColumn" storage="/users/kevinmccreary/appostolic/apps/api.tests/bin/debug/net8.0/appostolic.api.tests.dll" id="42302051-1625-6136-82c7-cb8536b0fb08">
      <Execution id="5645b6e9-c0ae-40a3-8993-a80188d9081f" />
      <TestMethod codeBase="/Users/kevinmccreary/appostolic/apps/api.tests/bin/Debug/net8.0/Appostolic.Api.Tests.dll" adapterTypeName="executor://xunit/VsTestRunner2/netcoreapp" className="Appostolic.Api.Tests.Schema.SchemaAbsenceTests" name="SchemaDoesNotIncludeLegacyRoleColumn" />
    </UnitTest>
    <UnitTest name="Appostolic.Api.Tests.Api.UserAvatarEndpointsTests.UploadAvatar_Rejects_UnsupportedMediaType" storage="/users/kevinmccreary/appostolic/apps/api.tests/bin/debug/net8.0/appostolic.api.tests.dll" id="65bd3a03-5d21-067f-5d94-19d0f92f350a">
      <Execution id="be5dab6d-3c4d-48cd-9bf2-723093138794" />
      <TestMethod codeBase="/Users/kevinmccreary/appostolic/apps/api.tests/bin/Debug/net8.0/Appostolic.Api.Tests.dll" adapterTypeName="executor://xunit/VsTestRunner2/netcoreapp" className="Appostolic.Api.Tests.Api.UserAvatarEndpointsTests" name="UploadAvatar_Rejects_UnsupportedMediaType" />
    </UnitTest>
    <UnitTest name="Appostolic.Api.Tests.AgentTasks.AgentTasksCancelRetryTests.Cancel_Pending_Task_IsCanceledImmediately" storage="/users/kevinmccreary/appostolic/apps/api.tests/bin/debug/net8.0/appostolic.api.tests.dll" id="f7e247f1-8de7-594b-e638-b4ec989d69be">
      <Execution id="9cfcbe68-d395-4438-867a-58366feeca63" />
      <TestMethod codeBase="/Users/kevinmccreary/appostolic/apps/api.tests/bin/Debug/net8.0/Appostolic.Api.Tests.dll" adapterTypeName="executor://xunit/VsTestRunner2/netcoreapp" className="Appostolic.Api.Tests.AgentTasks.AgentTasksCancelRetryTests" name="Cancel_Pending_Task_IsCanceledImmediately" />
    </UnitTest>
    <UnitTest name="Appostolic.Api.Tests.Api.UserPasswordEndpointsTests.Change_password_succeeds_with_valid_current" storage="/users/kevinmccreary/appostolic/apps/api.tests/bin/debug/net8.0/appostolic.api.tests.dll" id="be1de379-3abe-1f02-3816-c02bcfed7529">
      <Execution id="34bcbd2f-4e05-44e4-89c9-9319466faa24" />
      <TestMethod codeBase="/Users/kevinmccreary/appostolic/apps/api.tests/bin/Debug/net8.0/Appostolic.Api.Tests.dll" adapterTypeName="executor://xunit/VsTestRunner2/netcoreapp" className="Appostolic.Api.Tests.Api.UserPasswordEndpointsTests" name="Change_password_succeeds_with_valid_current" />
    </UnitTest>
    <UnitTest name="Appostolic.Api.AuthTests.SelectTenantTests.SelectTenant_InvalidRefresh_Returns401" storage="/users/kevinmccreary/appostolic/apps/api.tests/bin/debug/net8.0/appostolic.api.tests.dll" id="92516c71-7710-d814-eb04-be7d523d5356">
      <Execution id="4d57d621-323c-4c7a-827a-31ff409fd538" />
      <TestMethod codeBase="/Users/kevinmccreary/appostolic/apps/api.tests/bin/Debug/net8.0/Appostolic.Api.Tests.dll" adapterTypeName="executor://xunit/VsTestRunner2/netcoreapp" className="Appostolic.Api.AuthTests.SelectTenantTests" name="SelectTenant_InvalidRefresh_Returns401" />
    </UnitTest>
    <UnitTest name="Appostolic.Api.AuthTests.AuthTestClientTests.UseNeutralAsync_SetsBearerHeader" storage="/users/kevinmccreary/appostolic/apps/api.tests/bin/debug/net8.0/appostolic.api.tests.dll" id="c5bff5b6-ebf0-af02-169d-7b3aa82f66ca">
      <Execution id="3871757a-98b2-4e33-b4e9-d3720948590e" />
      <TestMethod codeBase="/Users/kevinmccreary/appostolic/apps/api.tests/bin/Debug/net8.0/Appostolic.Api.Tests.dll" adapterTypeName="executor://xunit/VsTestRunner2/netcoreapp" className="Appostolic.Api.AuthTests.AuthTestClientTests" name="UseNeutralAsync_SetsBearerHeader" />
    </UnitTest>
    <UnitTest name="Appostolic.Api.AuthTests.SelectTenantTests.SelectTenant_Succeeds_RotatesRefreshToken" storage="/users/kevinmccreary/appostolic/apps/api.tests/bin/debug/net8.0/appostolic.api.tests.dll" id="044b435e-ad6a-4304-9059-6c418c0c4c86">
      <Execution id="d515b675-d612-4400-9a35-1019feda728f" />
      <TestMethod codeBase="/Users/kevinmccreary/appostolic/apps/api.tests/bin/Debug/net8.0/Appostolic.Api.Tests.dll" adapterTypeName="executor://xunit/VsTestRunner2/netcoreapp" className="Appostolic.Api.AuthTests.SelectTenantTests" name="SelectTenant_Succeeds_RotatesRefreshToken" />
    </UnitTest>
    <UnitTest name="Appostolic.Api.Tests.Auth.RefreshPlaintextExposedFlagTests.Login_Includes_Plaintext_When_Flag_Defaults_True" storage="/users/kevinmccreary/appostolic/apps/api.tests/bin/debug/net8.0/appostolic.api.tests.dll" id="f4bc2eaf-f4d3-c189-d9cc-2eeedd1fbf5a">
      <Execution id="46d2a259-2a34-42a9-9761-e0bf6d58c813" />
      <TestMethod codeBase="/Users/kevinmccreary/appostolic/apps/api.tests/bin/Debug/net8.0/Appostolic.Api.Tests.dll" adapterTypeName="executor://xunit/VsTestRunner2/netcoreapp" className="Appostolic.Api.Tests.Auth.RefreshPlaintextExposedFlagTests" name="Login_Includes_Plaintext_When_Flag_Defaults_True" />
    </UnitTest>
    <UnitTest name="Appostolic.Api.Tests.Api.AssignmentsApiTests.Set_roles_replaces_flags_and_allows_noop" storage="/users/kevinmccreary/appostolic/apps/api.tests/bin/debug/net8.0/appostolic.api.tests.dll" id="29cdf802-09fa-4c20-1649-a919d0e03e4d">
      <Execution id="bf149d00-309c-4cf2-a3a4-8a332a70b0c5" />
      <TestMethod codeBase="/Users/kevinmccreary/appostolic/apps/api.tests/bin/Debug/net8.0/Appostolic.Api.Tests.dll" adapterTypeName="executor://xunit/VsTestRunner2/netcoreapp" className="Appostolic.Api.Tests.Api.AssignmentsApiTests" name="Set_roles_replaces_flags_and_allows_noop" />
    </UnitTest>
    <UnitTest name="Appostolic.Api.Tests.Api.AuditsListingEndpointTests.Returns_400_on_invalid_guid_filters" storage="/users/kevinmccreary/appostolic/apps/api.tests/bin/debug/net8.0/appostolic.api.tests.dll" id="d3e47fb0-198c-5eff-c3a7-e584b9e9130b">
      <Execution id="05ca4291-b8b0-4e0e-ba2f-096f42209de3" />
      <TestMethod codeBase="/Users/kevinmccreary/appostolic/apps/api.tests/bin/Debug/net8.0/Appostolic.Api.Tests.dll" adapterTypeName="executor://xunit/VsTestRunner2/netcoreapp" className="Appostolic.Api.Tests.Api.AuditsListingEndpointTests" name="Returns_400_on_invalid_guid_filters" />
    </UnitTest>
    <UnitTest name="Appostolic.Api.Tests.Orchestrator.AgentOrchestratorTests.HappyPath_ModelPlansToolThenFinal_SucceedsWithTwoTraces" storage="/users/kevinmccreary/appostolic/apps/api.tests/bin/debug/net8.0/appostolic.api.tests.dll" id="e654c6ff-e79b-0f0d-7ecf-a4648dc0cf91">
      <Execution id="5278dbab-8e8b-4a25-955c-a5cb83b1c87b" />
      <TestMethod codeBase="/Users/kevinmccreary/appostolic/apps/api.tests/bin/Debug/net8.0/Appostolic.Api.Tests.dll" adapterTypeName="executor://xunit/VsTestRunner2/netcoreapp" className="Appostolic.Api.Tests.Orchestrator.AgentOrchestratorTests" name="HappyPath_ModelPlansToolThenFinal_SucceedsWithTwoTraces" />
    </UnitTest>
    <UnitTest name="Appostolic.Api.Tests.Api.UserPasswordEndpointsTests.Change_password_rejects_invalid_current" storage="/users/kevinmccreary/appostolic/apps/api.tests/bin/debug/net8.0/appostolic.api.tests.dll" id="f6f9c7c7-2034-4809-9600-0c0282164e3f">
      <Execution id="31aff43b-cdb6-45f8-a065-c9d436d1c71d" />
      <TestMethod codeBase="/Users/kevinmccreary/appostolic/apps/api.tests/bin/Debug/net8.0/Appostolic.Api.Tests.dll" adapterTypeName="executor://xunit/VsTestRunner2/netcoreapp" className="Appostolic.Api.Tests.Api.UserPasswordEndpointsTests" name="Change_password_rejects_invalid_current" />
    </UnitTest>
    <UnitTest name="Appostolic.Api.Tests.Api.AuditsListingEndpointTests.Lists_audits_with_paging_and_total_count" storage="/users/kevinmccreary/appostolic/apps/api.tests/bin/debug/net8.0/appostolic.api.tests.dll" id="66fffdff-2dff-cbe5-8750-30f31bf1db7c">
      <Execution id="29a65957-ae7e-43ee-86c4-8d8de79412e5" />
      <TestMethod codeBase="/Users/kevinmccreary/appostolic/apps/api.tests/bin/Debug/net8.0/Appostolic.Api.Tests.dll" adapterTypeName="executor://xunit/VsTestRunner2/netcoreapp" className="Appostolic.Api.Tests.Api.AuditsListingEndpointTests" name="Lists_audits_with_paging_and_total_count" />
    </UnitTest>
    <UnitTest name="FsWriteToolTests.Rejects_when_content_exceeds_max" storage="/users/kevinmccreary/appostolic/apps/api.tests/bin/debug/net8.0/appostolic.api.tests.dll" id="6ac2577f-abec-ce9e-a92b-34035bd744e0">
      <Execution id="b1459f39-1bee-4fdf-9df0-56b4ea909956" />
      <TestMethod codeBase="/Users/kevinmccreary/appostolic/apps/api.tests/bin/Debug/net8.0/Appostolic.Api.Tests.dll" adapterTypeName="executor://xunit/VsTestRunner2/netcoreapp" className="FsWriteToolTests" name="Rejects_when_content_exceeds_max" />
    </UnitTest>
    <UnitTest name="Appostolic.Api.Tests.Model.TokenEstimatorTests.EstimateTokens_Heuristic_CeilPer4Chars(text: &quot;abcd&quot;, expected: 1)" storage="/users/kevinmccreary/appostolic/apps/api.tests/bin/debug/net8.0/appostolic.api.tests.dll" id="39114ef2-4a94-0d20-df91-881c10164c3c">
      <Execution id="f2647606-2680-4883-b3af-46ec7ff20ac7" />
      <TestMethod codeBase="/Users/kevinmccreary/appostolic/apps/api.tests/bin/Debug/net8.0/Appostolic.Api.Tests.dll" adapterTypeName="executor://xunit/VsTestRunner2/netcoreapp" className="Appostolic.Api.Tests.Model.TokenEstimatorTests" name="EstimateTokens_Heuristic_CeilPer4Chars" />
    </UnitTest>
    <UnitTest name="Appostolic.Api.Tests.Notifications.RedisTransportPrivacyTests.EnqueueFailure_LogsErrorWithoutPayloadContents" storage="/users/kevinmccreary/appostolic/apps/api.tests/bin/debug/net8.0/appostolic.api.tests.dll" id="6a6d73d7-7d30-455c-71a4-79ea460d8c8c">
      <Execution id="68514cb9-e0a4-44f4-b270-e040216b1204" />
      <TestMethod codeBase="/Users/kevinmccreary/appostolic/apps/api.tests/bin/Debug/net8.0/Appostolic.Api.Tests.dll" adapterTypeName="executor://xunit/VsTestRunner2/netcoreapp" className="Appostolic.Api.Tests.Notifications.RedisTransportPrivacyTests" name="EnqueueFailure_LogsErrorWithoutPayloadContents" />
    </UnitTest>
    <UnitTest name="Appostolic.Api.Tests.ModelMappingTests.Agent_check_constraints_are_configured_in_model" storage="/users/kevinmccreary/appostolic/apps/api.tests/bin/debug/net8.0/appostolic.api.tests.dll" id="f36e146c-5e84-0e67-2982-f20e16e0dd68">
      <Execution id="14542478-0329-49e5-a7aa-b8fabb3b3842" />
      <TestMethod codeBase="/Users/kevinmccreary/appostolic/apps/api.tests/bin/Debug/net8.0/Appostolic.Api.Tests.dll" adapterTypeName="executor://xunit/VsTestRunner2/netcoreapp" className="Appostolic.Api.Tests.ModelMappingTests" name="Agent_check_constraints_are_configured_in_model" />
    </UnitTest>
    <UnitTest name="Appostolic.Api.Tests.Security.RoleAuthorizationTests.ApplyRoleChange_Audits_WhenFlagsActuallyChange" storage="/users/kevinmccreary/appostolic/apps/api.tests/bin/debug/net8.0/appostolic.api.tests.dll" id="de1a3f8c-fdc8-053c-df76-ab275a18af97">
      <Execution id="5c9d7c81-bc75-4f3e-8dfd-984ee7a3a290" />
      <TestMethod codeBase="/Users/kevinmccreary/appostolic/apps/api.tests/bin/Debug/net8.0/Appostolic.Api.Tests.dll" adapterTypeName="executor://xunit/VsTestRunner2/netcoreapp" className="Appostolic.Api.Tests.Security.RoleAuthorizationTests" name="ApplyRoleChange_Audits_WhenFlagsActuallyChange" />
    </UnitTest>
    <UnitTest name="Appostolic.Api.Tests.SendGridEmailSenderTests.Sends_on_202_Accepted" storage="/users/kevinmccreary/appostolic/apps/api.tests/bin/debug/net8.0/appostolic.api.tests.dll" id="02f4c01b-4d57-cea6-940b-91f660d6b3a5">
      <Execution id="9186757f-453d-404d-aa09-9474fc142df2" />
      <TestMethod codeBase="/Users/kevinmccreary/appostolic/apps/api.tests/bin/Debug/net8.0/Appostolic.Api.Tests.dll" adapterTypeName="executor://xunit/VsTestRunner2/netcoreapp" className="Appostolic.Api.Tests.SendGridEmailSenderTests" name="Sends_on_202_Accepted" />
    </UnitTest>
    <UnitTest name="Appostolic.Api.Tests.Api.AuthPasswordFlowsTests.ResetPassword_WithValidToken_UpdatesHashAndConsumesToken" storage="/users/kevinmccreary/appostolic/apps/api.tests/bin/debug/net8.0/appostolic.api.tests.dll" id="eeaccddf-52e1-1db7-6606-fc19c2721862">
      <Execution id="75e20051-1892-4ea8-87cf-45bf5d9db96c" />
      <TestMethod codeBase="/Users/kevinmccreary/appostolic/apps/api.tests/bin/Debug/net8.0/Appostolic.Api.Tests.dll" adapterTypeName="executor://xunit/VsTestRunner2/netcoreapp" className="Appostolic.Api.Tests.Api.AuthPasswordFlowsTests" name="ResetPassword_WithValidToken_UpdatesHashAndConsumesToken" />
    </UnitTest>
    <UnitTest name="Appostolic.Api.Tests.Api.AuthPasswordFlowsTests.ResetPassword_WithInvalidToken_ReturnsBadRequest" storage="/users/kevinmccreary/appostolic/apps/api.tests/bin/debug/net8.0/appostolic.api.tests.dll" id="f3139bd5-165e-b0d0-2da0-a0210810049e">
      <Execution id="e9bc1f30-3bdb-4688-9a00-3a78eb09b7a2" />
      <TestMethod codeBase="/Users/kevinmccreary/appostolic/apps/api.tests/bin/Debug/net8.0/Appostolic.Api.Tests.dll" adapterTypeName="executor://xunit/VsTestRunner2/netcoreapp" className="Appostolic.Api.Tests.Api.AuthPasswordFlowsTests" name="ResetPassword_WithInvalidToken_ReturnsBadRequest" />
    </UnitTest>
    <UnitTest name="Appostolic.Api.Tests.EmailDedupeTests.Dedupe_suppresses_duplicate_messages" storage="/users/kevinmccreary/appostolic/apps/api.tests/bin/debug/net8.0/appostolic.api.tests.dll" id="21127838-ea89-b283-653a-0b46d8acc590">
      <Execution id="70b81884-b254-458a-8b51-62bb2b2cc0be" />
      <TestMethod codeBase="/Users/kevinmccreary/appostolic/apps/api.tests/bin/Debug/net8.0/Appostolic.Api.Tests.dll" adapterTypeName="executor://xunit/VsTestRunner2/netcoreapp" className="Appostolic.Api.Tests.EmailDedupeTests" name="Dedupe_suppresses_duplicate_messages" />
    </UnitTest>
    <UnitTest name="Appostolic.Api.Tests.Privacy.PIIHasherTests.HashPhone_NormalizesDigits" storage="/users/kevinmccreary/appostolic/apps/api.tests/bin/debug/net8.0/appostolic.api.tests.dll" id="b3de0f6b-2ac2-0bee-ef58-144a8741a412">
      <Execution id="0d211434-22d9-4f7d-825c-0bb7f17baee2" />
      <TestMethod codeBase="/Users/kevinmccreary/appostolic/apps/api.tests/bin/Debug/net8.0/Appostolic.Api.Tests.dll" adapterTypeName="executor://xunit/VsTestRunner2/netcoreapp" className="Appostolic.Api.Tests.Privacy.PIIHasherTests" name="HashPhone_NormalizesDigits" />
    </UnitTest>
    <UnitTest name="Appostolic.Api.Tests.Model.TokenEstimatorTests.EstimateTokens_Heuristic_CeilPer4Chars(text: &quot;abcdefghi&quot;, expected: 3)" storage="/users/kevinmccreary/appostolic/apps/api.tests/bin/debug/net8.0/appostolic.api.tests.dll" id="df92ad96-32d4-9c44-0398-97a52600538f">
      <Execution id="9e250278-3898-4ee9-8801-5392b452f947" />
      <TestMethod codeBase="/Users/kevinmccreary/appostolic/apps/api.tests/bin/Debug/net8.0/Appostolic.Api.Tests.dll" adapterTypeName="executor://xunit/VsTestRunner2/netcoreapp" className="Appostolic.Api.Tests.Model.TokenEstimatorTests" name="EstimateTokens_Heuristic_CeilPer4Chars" />
    </UnitTest>
    <UnitTest name="Appostolic.Api.Tests.Notifications.NotificationsResendTests.Can_insert_child_with_resend_of_fk" storage="/users/kevinmccreary/appostolic/apps/api.tests/bin/debug/net8.0/appostolic.api.tests.dll" id="051a87a0-4947-acab-5222-3cc970dba0ba">
      <Execution id="b44894d8-3ddf-46c2-b3cd-90f018dea8d2" />
      <TestMethod codeBase="/Users/kevinmccreary/appostolic/apps/api.tests/bin/Debug/net8.0/Appostolic.Api.Tests.dll" adapterTypeName="executor://xunit/VsTestRunner2/netcoreapp" className="Appostolic.Api.Tests.Notifications.NotificationsResendTests" name="Can_insert_child_with_resend_of_fk" />
    </UnitTest>
    <UnitTest name="Appostolic.Api.Tests.AgentOrchestratorTests.ToolMissing_FailsWithToolNotFound" storage="/users/kevinmccreary/appostolic/apps/api.tests/bin/debug/net8.0/appostolic.api.tests.dll" id="8e56ee2d-296c-f180-2ad1-a3abd5b19292">
      <Execution id="853ad7b8-08e2-438a-9f2c-05897f635728" />
      <TestMethod codeBase="/Users/kevinmccreary/appostolic/apps/api.tests/bin/Debug/net8.0/Appostolic.Api.Tests.dll" adapterTypeName="executor://xunit/VsTestRunner2/netcoreapp" className="Appostolic.Api.Tests.AgentOrchestratorTests" name="ToolMissing_FailsWithToolNotFound" />
    </UnitTest>
    <UnitTest name="Appostolic.Api.Tests.Api.DevGrantRolesEndpointTests.Updates_existing_membership_roles_writes_audit" storage="/users/kevinmccreary/appostolic/apps/api.tests/bin/debug/net8.0/appostolic.api.tests.dll" id="1cde006b-fa5b-9bb3-7b8a-0a89c0448d58">
      <Execution id="9f2ca194-0958-4944-9204-8edb4fe284e9" />
      <TestMethod codeBase="/Users/kevinmccreary/appostolic/apps/api.tests/bin/Debug/net8.0/Appostolic.Api.Tests.dll" adapterTypeName="executor://xunit/VsTestRunner2/netcoreapp" className="Appostolic.Api.Tests.Api.DevGrantRolesEndpointTests" name="Updates_existing_membership_roles_writes_audit" />
    </UnitTest>
    <UnitTest name="Appostolic.Api.Tests.Privacy.PIIRedactorTests.RedactPhone_Works(input: &quot;5551234567&quot;, expected: &quot;***4567&quot;)" storage="/users/kevinmccreary/appostolic/apps/api.tests/bin/debug/net8.0/appostolic.api.tests.dll" id="3ff15350-3cc9-12ef-e4db-8ff403fcec20">
      <Execution id="11716ef5-2f7b-4851-84ce-5f26b1d04c1a" />
      <TestMethod codeBase="/Users/kevinmccreary/appostolic/apps/api.tests/bin/Debug/net8.0/Appostolic.Api.Tests.dll" adapterTypeName="executor://xunit/VsTestRunner2/netcoreapp" className="Appostolic.Api.Tests.Privacy.PIIRedactorTests" name="RedactPhone_Works" />
    </UnitTest>
    <UnitTest name="Appostolic.Api.Tests.Api.UserProfileEndpointsTests.Get_me_returns_user_with_profile" storage="/users/kevinmccreary/appostolic/apps/api.tests/bin/debug/net8.0/appostolic.api.tests.dll" id="5404549b-a3b0-871f-9a8d-c5b5f387dff4">
      <Execution id="cadd0321-269e-4829-9d3a-eaa0c586857c" />
      <TestMethod codeBase="/Users/kevinmccreary/appostolic/apps/api.tests/bin/Debug/net8.0/Appostolic.Api.Tests.dll" adapterTypeName="executor://xunit/VsTestRunner2/netcoreapp" className="Appostolic.Api.Tests.Api.UserProfileEndpointsTests" name="Get_me_returns_user_with_profile" />
    </UnitTest>
    <UnitTest name="Appostolic.Api.Tests.Privacy.LoggingPIIScopeTests.PhoneScope_IncludesRedactedAndHash_WhenEnabled" storage="/users/kevinmccreary/appostolic/apps/api.tests/bin/debug/net8.0/appostolic.api.tests.dll" id="21ae461c-c70e-da1d-6ae3-1fc6937d571a">
      <Execution id="337b8dda-c7cd-4f3c-ba30-edf6aadde448" />
      <TestMethod codeBase="/Users/kevinmccreary/appostolic/apps/api.tests/bin/Debug/net8.0/Appostolic.Api.Tests.dll" adapterTypeName="executor://xunit/VsTestRunner2/netcoreapp" className="Appostolic.Api.Tests.Privacy.LoggingPIIScopeTests" name="PhoneScope_IncludesRedactedAndHash_WhenEnabled" />
    </UnitTest>
    <UnitTest name="Appostolic.Api.Tests.SmtpEmailSenderTests.Sends_with_both_text_and_html" storage="/users/kevinmccreary/appostolic/apps/api.tests/bin/debug/net8.0/appostolic.api.tests.dll" id="4ee5f350-b89d-edd8-c84d-cd5d40909f15">
      <Execution id="5550f26d-eba9-4703-96e8-2e8a997ac564" />
      <TestMethod codeBase="/Users/kevinmccreary/appostolic/apps/api.tests/bin/Debug/net8.0/Appostolic.Api.Tests.dll" adapterTypeName="executor://xunit/VsTestRunner2/netcoreapp" className="Appostolic.Api.Tests.SmtpEmailSenderTests" name="Sends_with_both_text_and_html" />
    </UnitTest>
    <UnitTest name="Appostolic.Api.Tests.Api.MinimalPngDecodeTests.MinimalPng_1x1_Decodes_With_ImageSharp" storage="/users/kevinmccreary/appostolic/apps/api.tests/bin/debug/net8.0/appostolic.api.tests.dll" id="598c0784-1cd9-c9b4-915a-4a09f637e246">
      <Execution id="d25bdb88-9055-4c63-8ad8-e1793e73ddcb" />
      <TestMethod codeBase="/Users/kevinmccreary/appostolic/apps/api.tests/bin/Debug/net8.0/Appostolic.Api.Tests.dll" adapterTypeName="executor://xunit/VsTestRunner2/netcoreapp" className="Appostolic.Api.Tests.Api.MinimalPngDecodeTests" name="MinimalPng_1x1_Decodes_With_ImageSharp" />
    </UnitTest>
    <UnitTest name="Appostolic.Api.Tests.AgentOrchestratorTests.HappyPath_ModelPlansToolThenFinal_SucceedsWithTwoTraces" storage="/users/kevinmccreary/appostolic/apps/api.tests/bin/debug/net8.0/appostolic.api.tests.dll" id="dfdd94d6-4157-31a9-a81a-18fee28467d5">
      <Execution id="4fb2e202-c585-4371-a565-c6ef967f16ff" />
      <TestMethod codeBase="/Users/kevinmccreary/appostolic/apps/api.tests/bin/Debug/net8.0/Appostolic.Api.Tests.dll" adapterTypeName="executor://xunit/VsTestRunner2/netcoreapp" className="Appostolic.Api.Tests.AgentOrchestratorTests" name="HappyPath_ModelPlansToolThenFinal_SucceedsWithTwoTraces" />
    </UnitTest>
    <UnitTest name="Appostolic.Api.Tests.Notifications.RedisTransportPrivacyTests.NonGuidPayload_DoesNotLogPayloadContents" storage="/users/kevinmccreary/appostolic/apps/api.tests/bin/debug/net8.0/appostolic.api.tests.dll" id="46ad1244-cbdb-dca6-f007-7e8a232754cc">
      <Execution id="1d36435e-7153-408f-b0fd-f59b42a9605c" />
      <TestMethod codeBase="/Users/kevinmccreary/appostolic/apps/api.tests/bin/Debug/net8.0/Appostolic.Api.Tests.dll" adapterTypeName="executor://xunit/VsTestRunner2/netcoreapp" className="Appostolic.Api.Tests.Notifications.RedisTransportPrivacyTests" name="NonGuidPayload_DoesNotLogPayloadContents" />
    </UnitTest>
    <UnitTest name="Appostolic.Api.Tests.SendGridEmailSenderTests.Throws_on_400" storage="/users/kevinmccreary/appostolic/apps/api.tests/bin/debug/net8.0/appostolic.api.tests.dll" id="a00d92b0-35aa-1e7c-b5ff-79738a042c12">
      <Execution id="987a0f07-24f3-4349-a1b2-cb18ad95329a" />
      <TestMethod codeBase="/Users/kevinmccreary/appostolic/apps/api.tests/bin/Debug/net8.0/Appostolic.Api.Tests.dll" adapterTypeName="executor://xunit/VsTestRunner2/netcoreapp" className="Appostolic.Api.Tests.SendGridEmailSenderTests" name="Throws_on_400" />
    </UnitTest>
    <UnitTest name="Appostolic.Api.Tests.E2E.AgentTasksE2E_Concurrency.Worker_Processes_Many_Tasks_Reliably" storage="/users/kevinmccreary/appostolic/apps/api.tests/bin/debug/net8.0/appostolic.api.tests.dll" id="c64a9991-8173-cdf8-9198-d5935257f1a8">
      <Execution id="40683495-d738-4381-8d8f-422356688a2e" />
      <TestMethod codeBase="/Users/kevinmccreary/appostolic/apps/api.tests/bin/Debug/net8.0/Appostolic.Api.Tests.dll" adapterTypeName="executor://xunit/VsTestRunner2/netcoreapp" className="Appostolic.Api.Tests.E2E.AgentTasksE2E_Concurrency" name="Worker_Processes_Many_Tasks_Reliably" />
    </UnitTest>
    <UnitTest name="Appostolic.Api.Tests.NotificationEnqueuerTests.QueueVerification_uses_relative_when_base_missing" storage="/users/kevinmccreary/appostolic/apps/api.tests/bin/debug/net8.0/appostolic.api.tests.dll" id="ec039bf7-f831-a8e3-834c-89707ff2f6d2">
      <Execution id="62b2661b-65ed-44b1-9141-42718533e582" />
      <TestMethod codeBase="/Users/kevinmccreary/appostolic/apps/api.tests/bin/Debug/net8.0/Appostolic.Api.Tests.dll" adapterTypeName="executor://xunit/VsTestRunner2/netcoreapp" className="Appostolic.Api.Tests.NotificationEnqueuerTests" name="QueueVerification_uses_relative_when_base_missing" />
    </UnitTest>
    <UnitTest name="Appostolic.Api.Tests.Api.AuditTrailTests.Set_roles_noop_second_call_does_not_duplicate_audit" storage="/users/kevinmccreary/appostolic/apps/api.tests/bin/debug/net8.0/appostolic.api.tests.dll" id="db7d0680-48d1-c1f1-4778-34baf73efb75">
      <Execution id="bbacb47c-82ec-4626-bf3e-dd41228aeae5" />
      <TestMethod codeBase="/Users/kevinmccreary/appostolic/apps/api.tests/bin/Debug/net8.0/Appostolic.Api.Tests.dll" adapterTypeName="executor://xunit/VsTestRunner2/netcoreapp" className="Appostolic.Api.Tests.Api.AuditTrailTests" name="Set_roles_noop_second_call_does_not_duplicate_audit" />
    </UnitTest>
    <UnitTest name="Appostolic.Api.Tests.Auth.DevHeadersDisabledTests.JwtLogin_Flow_Works_When_DevHeaders_Disabled" storage="/users/kevinmccreary/appostolic/apps/api.tests/bin/debug/net8.0/appostolic.api.tests.dll" id="86173073-5618-a9d2-83eb-7647e3c4115b">
      <Execution id="4fcc23d5-f1be-4a9a-9ffb-efce36c2f5f4" />
      <TestMethod codeBase="/Users/kevinmccreary/appostolic/apps/api.tests/bin/Debug/net8.0/Appostolic.Api.Tests.dll" adapterTypeName="executor://xunit/VsTestRunner2/netcoreapp" className="Appostolic.Api.Tests.Auth.DevHeadersDisabledTests" name="JwtLogin_Flow_Works_When_DevHeaders_Disabled" />
    </UnitTest>
    <UnitTest name="Appostolic.Api.Tests.Notifications.NotificationsRetentionTests.Purger_removes_expired_dedupes_and_old_notifications" storage="/users/kevinmccreary/appostolic/apps/api.tests/bin/debug/net8.0/appostolic.api.tests.dll" id="54bfc83b-71cd-70be-2e17-0d354a18b25a">
      <Execution id="8dbeac61-93b8-4811-b5db-d4ee3c3e3483" />
      <TestMethod codeBase="/Users/kevinmccreary/appostolic/apps/api.tests/bin/Debug/net8.0/Appostolic.Api.Tests.dll" adapterTypeName="executor://xunit/VsTestRunner2/netcoreapp" className="Appostolic.Api.Tests.Notifications.NotificationsRetentionTests" name="Purger_removes_expired_dedupes_and_old_notifications" />
    </UnitTest>
    <UnitTest name="Appostolic.Api.Tests.Api.MembersManagementTests.Remove_non_admin_member" storage="/users/kevinmccreary/appostolic/apps/api.tests/bin/debug/net8.0/appostolic.api.tests.dll" id="5e1526f9-c3e0-51f3-abc4-2ebcbe37e4d8">
      <Execution id="8c0b5994-c487-4694-9a2a-257cc9500ec9" />
      <TestMethod codeBase="/Users/kevinmccreary/appostolic/apps/api.tests/bin/Debug/net8.0/Appostolic.Api.Tests.dll" adapterTypeName="executor://xunit/VsTestRunner2/netcoreapp" className="Appostolic.Api.Tests.Api.MembersManagementTests" name="Remove_non_admin_member" />
    </UnitTest>
    <UnitTest name="Appostolic.Api.Tests.E2E.AgentTasksE2E_HappyPath.EndToEnd_CreatesTask_RunsToSuccess_TracesAndTokensPresent" storage="/users/kevinmccreary/appostolic/apps/api.tests/bin/debug/net8.0/appostolic.api.tests.dll" id="9b729b7e-a306-20a1-7040-eda547fe8bec">
      <Execution id="1b067584-78d2-43a1-9604-57130fbabe9b" />
      <TestMethod codeBase="/Users/kevinmccreary/appostolic/apps/api.tests/bin/Debug/net8.0/Appostolic.Api.Tests.dll" adapterTypeName="executor://xunit/VsTestRunner2/netcoreapp" className="Appostolic.Api.Tests.E2E.AgentTasksE2E_HappyPath" name="EndToEnd_CreatesTask_RunsToSuccess_TracesAndTokensPresent" />
    </UnitTest>
    <UnitTest name="Appostolic.Api.AuthTests.AuthTestClientTests.UseTenantAsync_AttachesTenantToken" storage="/users/kevinmccreary/appostolic/apps/api.tests/bin/debug/net8.0/appostolic.api.tests.dll" id="b973efc5-dbc0-83fe-9a29-a83b6705f73f">
      <Execution id="c20b22d6-106b-43d5-ab79-7ee29e755237" />
      <TestMethod codeBase="/Users/kevinmccreary/appostolic/apps/api.tests/bin/Debug/net8.0/Appostolic.Api.Tests.dll" adapterTypeName="executor://xunit/VsTestRunner2/netcoreapp" className="Appostolic.Api.AuthTests.AuthTestClientTests" name="UseTenantAsync_AttachesTenantToken" />
    </UnitTest>
    <UnitTest name="Appostolic.Api.Tests.Orchestrator.AgentOrchestratorTests.MaxStepsExceeded_FailsAfterCap" storage="/users/kevinmccreary/appostolic/apps/api.tests/bin/debug/net8.0/appostolic.api.tests.dll" id="30aa5bc1-9211-739f-532d-176c6c3c3a30">
      <Execution id="d95bb444-e31e-419f-9807-cd2df0ea3e06" />
      <TestMethod codeBase="/Users/kevinmccreary/appostolic/apps/api.tests/bin/Debug/net8.0/Appostolic.Api.Tests.dll" adapterTypeName="executor://xunit/VsTestRunner2/netcoreapp" className="Appostolic.Api.Tests.Orchestrator.AgentOrchestratorTests" name="MaxStepsExceeded_FailsAfterCap" />
    </UnitTest>
    <UnitTest name="Appostolic.Api.Tests.ModelMappingTests.AgentTrace_Kind_is_mapped_as_int" storage="/users/kevinmccreary/appostolic/apps/api.tests/bin/debug/net8.0/appostolic.api.tests.dll" id="37b7f024-73bb-98ae-d17f-d1c0ce9f17e8">
      <Execution id="7109e2b1-2700-4e84-a5a1-b26734787f41" />
      <TestMethod codeBase="/Users/kevinmccreary/appostolic/apps/api.tests/bin/Debug/net8.0/Appostolic.Api.Tests.dll" adapterTypeName="executor://xunit/VsTestRunner2/netcoreapp" className="Appostolic.Api.Tests.ModelMappingTests" name="AgentTrace_Kind_is_mapped_as_int" />
    </UnitTest>
    <UnitTest name="Appostolic.Api.Tests.AgentTasks.AgentTasksCancelRetryTests.Retry_From_Succeeded_Creates_New_Task_And_Runs" storage="/users/kevinmccreary/appostolic/apps/api.tests/bin/debug/net8.0/appostolic.api.tests.dll" id="5ec8c6f8-601d-9718-1802-a15c88bb4987">
      <Execution id="ab968bb8-4446-412d-8f57-f55d4dbdf50b" />
      <TestMethod codeBase="/Users/kevinmccreary/appostolic/apps/api.tests/bin/Debug/net8.0/Appostolic.Api.Tests.dll" adapterTypeName="executor://xunit/VsTestRunner2/netcoreapp" className="Appostolic.Api.Tests.AgentTasks.AgentTasksCancelRetryTests" name="Retry_From_Succeeded_Creates_New_Task_And_Runs" />
    </UnitTest>
    <UnitTest name="Appostolic.Api.Tests.Api.InvitesRolesFlagsTests.Create_Invite_With_Invalid_Role_Flag_Is_400" storage="/users/kevinmccreary/appostolic/apps/api.tests/bin/debug/net8.0/appostolic.api.tests.dll" id="cb90a4b6-5413-6334-a88c-d9e37624202c">
      <Execution id="119a1a92-9edb-470c-8202-6fb7c83628e4" />
      <TestMethod codeBase="/Users/kevinmccreary/appostolic/apps/api.tests/bin/Debug/net8.0/Appostolic.Api.Tests.dll" adapterTypeName="executor://xunit/VsTestRunner2/netcoreapp" className="Appostolic.Api.Tests.Api.InvitesRolesFlagsTests" name="Create_Invite_With_Invalid_Role_Flag_Is_400" />
    </UnitTest>
    <UnitTest name="Appostolic.Api.Tests.Api.NotificationsProdEndpointsTests.Superadmin_can_list_cross_tenant" storage="/users/kevinmccreary/appostolic/apps/api.tests/bin/debug/net8.0/appostolic.api.tests.dll" id="d23daa8f-5725-d1c6-7d7a-83c05e893d1b">
      <Execution id="2d8eab55-de65-440d-ab6a-283dc0d99e38" />
      <TestMethod codeBase="/Users/kevinmccreary/appostolic/apps/api.tests/bin/Debug/net8.0/Appostolic.Api.Tests.dll" adapterTypeName="executor://xunit/VsTestRunner2/netcoreapp" className="Appostolic.Api.Tests.Api.NotificationsProdEndpointsTests" name="Superadmin_can_list_cross_tenant" />
    </UnitTest>
    <UnitTest name="Appostolic.Api.Tests.Api._GenerateValid1x1PngBase64Tests.Print_Base64_For_Valid_1x1_Png" storage="/users/kevinmccreary/appostolic/apps/api.tests/bin/debug/net8.0/appostolic.api.tests.dll" id="e0490bb8-aa59-1f9f-bf54-68d5345c1ea9">
      <Execution id="e898274c-4d53-4add-8f07-2b986cc11d23" />
      <TestMethod codeBase="/Users/kevinmccreary/appostolic/apps/api.tests/bin/Debug/net8.0/Appostolic.Api.Tests.dll" adapterTypeName="executor://xunit/VsTestRunner2/netcoreapp" className="Appostolic.Api.Tests.Api._GenerateValid1x1PngBase64Tests" name="Print_Base64_For_Valid_1x1_Png" />
    </UnitTest>
    <UnitTest name="Appostolic.Api.Tests.Privacy.PIIHasherTests.HashPhone_Differs_WithDifferentPepper" storage="/users/kevinmccreary/appostolic/apps/api.tests/bin/debug/net8.0/appostolic.api.tests.dll" id="e7581818-0663-f767-821c-25fbea112d88">
      <Execution id="efc65d38-f211-41f1-a9ee-4035d821cc38" />
      <TestMethod codeBase="/Users/kevinmccreary/appostolic/apps/api.tests/bin/Debug/net8.0/Appostolic.Api.Tests.dll" adapterTypeName="executor://xunit/VsTestRunner2/netcoreapp" className="Appostolic.Api.Tests.Privacy.PIIHasherTests" name="HashPhone_Differs_WithDifferentPepper" />
    </UnitTest>
    <UnitTest name="Appostolic.Api.AuthTests.LoginTests.Login_ValidCredentials_Returns200" storage="/users/kevinmccreary/appostolic/apps/api.tests/bin/debug/net8.0/appostolic.api.tests.dll" id="8f2edffb-b43d-5750-46cc-f6c9051abba5">
      <Execution id="a32ecf77-f4fd-43d7-b62b-18f9de608382" />
      <TestMethod codeBase="/Users/kevinmccreary/appostolic/apps/api.tests/bin/Debug/net8.0/Appostolic.Api.Tests.dll" adapterTypeName="executor://xunit/VsTestRunner2/netcoreapp" className="Appostolic.Api.AuthTests.LoginTests" name="Login_ValidCredentials_Returns200" />
    </UnitTest>
    <UnitTest name="Appostolic.Api.Tests.Auth.LogoutTests.LogoutAll_RevokesAccessTokenVersion" storage="/users/kevinmccreary/appostolic/apps/api.tests/bin/debug/net8.0/appostolic.api.tests.dll" id="15cbfaf6-f281-76a3-247c-7837115e23b9">
      <Execution id="9504b29f-3a3f-4748-be80-47a9510db675" />
      <TestMethod codeBase="/Users/kevinmccreary/appostolic/apps/api.tests/bin/Debug/net8.0/Appostolic.Api.Tests.dll" adapterTypeName="executor://xunit/VsTestRunner2/netcoreapp" className="Appostolic.Api.Tests.Auth.LogoutTests" name="LogoutAll_RevokesAccessTokenVersion" />
    </UnitTest>
    <UnitTest name="Appostolic.Api.Tests.Api.MembersListTests.Viewer_gets_403_for_members_list" storage="/users/kevinmccreary/appostolic/apps/api.tests/bin/debug/net8.0/appostolic.api.tests.dll" id="8e86fe7c-6239-7009-e550-a3b2b1493955">
      <Execution id="d0d8660c-e516-497a-8675-e7709be45446" />
      <TestMethod codeBase="/Users/kevinmccreary/appostolic/apps/api.tests/bin/Debug/net8.0/Appostolic.Api.Tests.dll" adapterTypeName="executor://xunit/VsTestRunner2/netcoreapp" className="Appostolic.Api.Tests.Api.MembersListTests" name="Viewer_gets_403_for_members_list" />
    </UnitTest>
    <UnitTest name="Appostolic.Api.Tests.Auth.RefreshEndpointTests.Refresh_Succeeds_With_Cookie_Rotation" storage="/users/kevinmccreary/appostolic/apps/api.tests/bin/debug/net8.0/appostolic.api.tests.dll" id="f29c304c-de8d-5b22-7419-b529648ccc86">
      <Execution id="8559aa35-1095-46cb-b7af-e467a92d8030" />
      <TestMethod codeBase="/Users/kevinmccreary/appostolic/apps/api.tests/bin/Debug/net8.0/Appostolic.Api.Tests.dll" adapterTypeName="executor://xunit/VsTestRunner2/netcoreapp" className="Appostolic.Api.Tests.Auth.RefreshEndpointTests" name="Refresh_Succeeds_With_Cookie_Rotation" />
    </UnitTest>
    <UnitTest name="Appostolic.Api.AuthTests.SelectTenantTests.SelectTenant_ExpiredRefresh_Returns401" storage="/users/kevinmccreary/appostolic/apps/api.tests/bin/debug/net8.0/appostolic.api.tests.dll" id="d3eea64b-9431-a4f4-6e46-77927988bd60">
      <Execution id="1df9fa32-3693-4887-a124-259f29bb77de" />
      <TestMethod codeBase="/Users/kevinmccreary/appostolic/apps/api.tests/bin/Debug/net8.0/Appostolic.Api.Tests.dll" adapterTypeName="executor://xunit/VsTestRunner2/netcoreapp" className="Appostolic.Api.AuthTests.SelectTenantTests" name="SelectTenant_ExpiredRefresh_Returns401" />
    </UnitTest>
    <UnitTest name="Appostolic.Api.Tests.ModelMappingTests.Agent_indexes_are_configured_in_model" storage="/users/kevinmccreary/appostolic/apps/api.tests/bin/debug/net8.0/appostolic.api.tests.dll" id="f53587d7-cc90-0182-8a77-44034bb01e5e">
      <Execution id="cd5016b0-70a9-4a0a-9edb-f7271434740a" />
      <TestMethod codeBase="/Users/kevinmccreary/appostolic/apps/api.tests/bin/Debug/net8.0/Appostolic.Api.Tests.dll" adapterTypeName="executor://xunit/VsTestRunner2/netcoreapp" className="Appostolic.Api.Tests.ModelMappingTests" name="Agent_indexes_are_configured_in_model" />
    </UnitTest>
    <UnitTest name="Appostolic.Api.Tests.Api.DevGrantRolesEndpointTests.Updates_existing_membership_roles" storage="/users/kevinmccreary/appostolic/apps/api.tests/bin/debug/net8.0/appostolic.api.tests.dll" id="67c9746f-1f57-937b-6598-3968df73012b">
      <Execution id="40c469cb-9465-4ff1-814e-c371e257a5f6" />
      <TestMethod codeBase="/Users/kevinmccreary/appostolic/apps/api.tests/bin/Debug/net8.0/Appostolic.Api.Tests.dll" adapterTypeName="executor://xunit/VsTestRunner2/netcoreapp" className="Appostolic.Api.Tests.Api.DevGrantRolesEndpointTests" name="Updates_existing_membership_roles" />
    </UnitTest>
    <UnitTest name="Appostolic.Api.Tests.Privacy.UserProfileLoggingTests.GetMe_HashingDisabled_OmitsHash" storage="/users/kevinmccreary/appostolic/apps/api.tests/bin/debug/net8.0/appostolic.api.tests.dll" id="4f2f4974-af75-8563-a5df-aa0a73b303b0">
      <Execution id="ad436b8c-6118-46cf-a81c-bdbeed509f30" />
      <TestMethod codeBase="/Users/kevinmccreary/appostolic/apps/api.tests/bin/Debug/net8.0/Appostolic.Api.Tests.dll" adapterTypeName="executor://xunit/VsTestRunner2/netcoreapp" className="Appostolic.Api.Tests.Privacy.UserProfileLoggingTests" name="GetMe_HashingDisabled_OmitsHash" />
    </UnitTest>
    <UnitTest name="Appostolic.Api.Tests.Api.AuthPasswordFlowsTests.ChangePassword_WithWrongCurrent_ReturnsUnauthorized" storage="/users/kevinmccreary/appostolic/apps/api.tests/bin/debug/net8.0/appostolic.api.tests.dll" id="11acc57e-e7b4-9c88-543d-dd88434937c6">
      <Execution id="7ebbf55e-c86f-4364-98bf-9529da7f5e7a" />
      <TestMethod codeBase="/Users/kevinmccreary/appostolic/apps/api.tests/bin/Debug/net8.0/Appostolic.Api.Tests.dll" adapterTypeName="executor://xunit/VsTestRunner2/netcoreapp" className="Appostolic.Api.Tests.Api.AuthPasswordFlowsTests" name="ChangePassword_WithWrongCurrent_ReturnsUnauthorized" />
    </UnitTest>
    <UnitTest name="Appostolic.Api.Tests.Privacy.LoggingPIIScopeTests.PhoneScope_OnlyRedacted_WhenDisabled" storage="/users/kevinmccreary/appostolic/apps/api.tests/bin/debug/net8.0/appostolic.api.tests.dll" id="e7a0570b-32c5-3b4e-7767-9ca541c22b6e">
      <Execution id="28751bcf-ac7e-4962-84ce-55f37d378cc9" />
      <TestMethod codeBase="/Users/kevinmccreary/appostolic/apps/api.tests/bin/Debug/net8.0/Appostolic.Api.Tests.dll" adapterTypeName="executor://xunit/VsTestRunner2/netcoreapp" className="Appostolic.Api.Tests.Privacy.LoggingPIIScopeTests" name="PhoneScope_OnlyRedacted_WhenDisabled" />
    </UnitTest>
    <UnitTest name="Appostolic.Api.Tests.Auth.RefreshEndpointTests.Refresh_Fails_When_Missing_Token" storage="/users/kevinmccreary/appostolic/apps/api.tests/bin/debug/net8.0/appostolic.api.tests.dll" id="ac2e27d5-261b-d9bd-fc37-ae04ffd02243">
      <Execution id="1c88e4d1-a145-4bc0-9e5b-b5adf10a64eb" />
      <TestMethod codeBase="/Users/kevinmccreary/appostolic/apps/api.tests/bin/Debug/net8.0/Appostolic.Api.Tests.dll" adapterTypeName="executor://xunit/VsTestRunner2/netcoreapp" className="Appostolic.Api.Tests.Auth.RefreshEndpointTests" name="Refresh_Fails_When_Missing_Token" />
    </UnitTest>
    <UnitTest name="Appostolic.Api.Tests.Api.AgentTasksEndpointsTests.GetDetails_WithTracesInitiallyEmpty" storage="/users/kevinmccreary/appostolic/apps/api.tests/bin/debug/net8.0/appostolic.api.tests.dll" id="c0347afe-0c6b-b0a7-12e1-3aa76a4722fc">
      <Execution id="bcc0f402-fb15-4817-8408-cc0347d45305" />
      <TestMethod codeBase="/Users/kevinmccreary/appostolic/apps/api.tests/bin/Debug/net8.0/Appostolic.Api.Tests.dll" adapterTypeName="executor://xunit/VsTestRunner2/netcoreapp" className="Appostolic.Api.Tests.Api.AgentTasksEndpointsTests" name="GetDetails_WithTracesInitiallyEmpty" />
    </UnitTest>
    <UnitTest name="Appostolic.Api.Tests.Auth.RefreshCookieHttpsTests.RefreshCookie_NotSecure_OverHttp" storage="/users/kevinmccreary/appostolic/apps/api.tests/bin/debug/net8.0/appostolic.api.tests.dll" id="40ebd0cf-bbbb-fdf7-f5ea-fbe8917da8c5">
      <Execution id="e27d5c49-f827-4ed7-8861-7427d6d73536" />
      <TestMethod codeBase="/Users/kevinmccreary/appostolic/apps/api.tests/bin/Debug/net8.0/Appostolic.Api.Tests.dll" adapterTypeName="executor://xunit/VsTestRunner2/netcoreapp" className="Appostolic.Api.Tests.Auth.RefreshCookieHttpsTests" name="RefreshCookie_NotSecure_OverHttp" />
    </UnitTest>
    <UnitTest name="Appostolic.Api.Tests.AgentTasks.AgentTasksListFilterPaginationTests.Agent_Filter_Returns_Only_Matching" storage="/users/kevinmccreary/appostolic/apps/api.tests/bin/debug/net8.0/appostolic.api.tests.dll" id="efe354b5-5489-bbb2-88ee-c8f998cb6176">
      <Execution id="7bd5e086-180d-4fcb-b2ef-8c3b1c9b4719" />
      <TestMethod codeBase="/Users/kevinmccreary/appostolic/apps/api.tests/bin/Debug/net8.0/Appostolic.Api.Tests.dll" adapterTypeName="executor://xunit/VsTestRunner2/netcoreapp" className="Appostolic.Api.Tests.AgentTasks.AgentTasksListFilterPaginationTests" name="Agent_Filter_Returns_Only_Matching" />
    </UnitTest>
    <UnitTest name="Appostolic.Api.Tests.Privacy.PIIRedactorTests.RedactPhone_Works(input: &quot;+1 (555) 123-4567&quot;, expected: &quot;***4567&quot;)" storage="/users/kevinmccreary/appostolic/apps/api.tests/bin/debug/net8.0/appostolic.api.tests.dll" id="471ada29-d1b9-b714-f87d-61c9b416c255">
      <Execution id="104a90c0-ca49-4237-85fa-a69a17185ba1" />
      <TestMethod codeBase="/Users/kevinmccreary/appostolic/apps/api.tests/bin/Debug/net8.0/Appostolic.Api.Tests.dll" adapterTypeName="executor://xunit/VsTestRunner2/netcoreapp" className="Appostolic.Api.Tests.Privacy.PIIRedactorTests" name="RedactPhone_Works" />
    </UnitTest>
    <UnitTest name="Appostolic.Api.Tests.Api.TenantSettingsEndpointsTests.Delete_Logo_Removes_Metadata" storage="/users/kevinmccreary/appostolic/apps/api.tests/bin/debug/net8.0/appostolic.api.tests.dll" id="aba3fbd3-bcbc-9249-c5c5-7eefeb58f8d5">
      <Execution id="e58db8f2-2c18-4cb1-8ff9-c9f7ab9f49bb" />
      <TestMethod codeBase="/Users/kevinmccreary/appostolic/apps/api.tests/bin/Debug/net8.0/Appostolic.Api.Tests.dll" adapterTypeName="executor://xunit/VsTestRunner2/netcoreapp" className="Appostolic.Api.Tests.Api.TenantSettingsEndpointsTests" name="Delete_Logo_Removes_Metadata" />
    </UnitTest>
    <UnitTest name="Appostolic.Api.Tests.Api.TenantSettingsEndpointsTests.Upload_Logo_Succeeds_And_Stores_Metadata" storage="/users/kevinmccreary/appostolic/apps/api.tests/bin/debug/net8.0/appostolic.api.tests.dll" id="46709c0e-39a7-32eb-a6b2-6f7ada21050d">
      <Execution id="7cfbeefe-a9d9-411d-982b-659c1874ae9a" />
      <TestMethod codeBase="/Users/kevinmccreary/appostolic/apps/api.tests/bin/Debug/net8.0/Appostolic.Api.Tests.dll" adapterTypeName="executor://xunit/VsTestRunner2/netcoreapp" className="Appostolic.Api.Tests.Api.TenantSettingsEndpointsTests" name="Upload_Logo_Succeeds_And_Stores_Metadata" />
    </UnitTest>
    <UnitTest name="Appostolic.Api.Tests.Notifications.NotificationDedupeTests.CreateQueuedAsync_blocks_duplicate_within_ttl" storage="/users/kevinmccreary/appostolic/apps/api.tests/bin/debug/net8.0/appostolic.api.tests.dll" id="43ab37ac-8f01-34cd-35d3-1bda726822d7">
      <Execution id="ea95c800-1e29-4ea5-9f41-09104d0beddc" />
      <TestMethod codeBase="/Users/kevinmccreary/appostolic/apps/api.tests/bin/Debug/net8.0/Appostolic.Api.Tests.dll" adapterTypeName="executor://xunit/VsTestRunner2/netcoreapp" className="Appostolic.Api.Tests.Notifications.NotificationDedupeTests" name="CreateQueuedAsync_blocks_duplicate_within_ttl" />
    </UnitTest>
    <UnitTest name="Appostolic.Api.Tests.Model.TokenEstimatorTests.EstimateTokens_Heuristic_CeilPer4Chars(text: &quot;a&quot;, expected: 1)" storage="/users/kevinmccreary/appostolic/apps/api.tests/bin/debug/net8.0/appostolic.api.tests.dll" id="79403e37-7823-d8d7-7290-f467456876fa">
      <Execution id="2fb0aef9-47d3-40a2-ada4-815192f6e880" />
      <TestMethod codeBase="/Users/kevinmccreary/appostolic/apps/api.tests/bin/Debug/net8.0/Appostolic.Api.Tests.dll" adapterTypeName="executor://xunit/VsTestRunner2/netcoreapp" className="Appostolic.Api.Tests.Model.TokenEstimatorTests" name="EstimateTokens_Heuristic_CeilPer4Chars" />
    </UnitTest>
    <UnitTest name="Appostolic.Api.AuthTests.TestTokenFactoryTests.MintTenantToken_SingleMembership_AutoTenantYieldsTenantToken" storage="/users/kevinmccreary/appostolic/apps/api.tests/bin/debug/net8.0/appostolic.api.tests.dll" id="ae52c100-f2a8-a5be-ad09-0052606abe6b">
      <Execution id="aa614ec6-56fe-42c5-b9d6-e52709feba9a" />
      <TestMethod codeBase="/Users/kevinmccreary/appostolic/apps/api.tests/bin/Debug/net8.0/Appostolic.Api.Tests.dll" adapterTypeName="executor://xunit/VsTestRunner2/netcoreapp" className="Appostolic.Api.AuthTests.TestTokenFactoryTests" name="MintTenantToken_SingleMembership_AutoTenantYieldsTenantToken" />
    </UnitTest>
    <UnitTest name="Appostolic.Api.Tests.Api.MembersManagementTests.Non_admin_cannot_change_roles" storage="/users/kevinmccreary/appostolic/apps/api.tests/bin/debug/net8.0/appostolic.api.tests.dll" id="3ffc4814-431f-dd81-00b0-abbedd27b7ad">
      <Execution id="db66bd90-467a-4c88-8fa7-8b47a3675784" />
      <TestMethod codeBase="/Users/kevinmccreary/appostolic/apps/api.tests/bin/Debug/net8.0/Appostolic.Api.Tests.dll" adapterTypeName="executor://xunit/VsTestRunner2/netcoreapp" className="Appostolic.Api.Tests.Api.MembersManagementTests" name="Non_admin_cannot_change_roles" />
    </UnitTest>
    <UnitTest name="Appostolic.Api.Tests.AgentOrchestratorTests.MaxStepsExceeded_FailsAfterCap" storage="/users/kevinmccreary/appostolic/apps/api.tests/bin/debug/net8.0/appostolic.api.tests.dll" id="ed8d7d20-a6f1-0500-d78a-14c17a721b87">
      <Execution id="fdb1ea89-9956-4306-94d5-27c832ed4460" />
      <TestMethod codeBase="/Users/kevinmccreary/appostolic/apps/api.tests/bin/Debug/net8.0/Appostolic.Api.Tests.dll" adapterTypeName="executor://xunit/VsTestRunner2/netcoreapp" className="Appostolic.Api.Tests.AgentOrchestratorTests" name="MaxStepsExceeded_FailsAfterCap" />
    </UnitTest>
    <UnitTest name="Appostolic.Api.Tests.Auth.RefreshEndpointTests.Refresh_Fails_When_Token_Expired" storage="/users/kevinmccreary/appostolic/apps/api.tests/bin/debug/net8.0/appostolic.api.tests.dll" id="4e1ca1b4-b9b1-5960-9cb6-b80a113ec54d">
      <Execution id="8935bb84-78a8-4336-97bf-ac6b0abe2de5" />
      <TestMethod codeBase="/Users/kevinmccreary/appostolic/apps/api.tests/bin/Debug/net8.0/Appostolic.Api.Tests.dll" adapterTypeName="executor://xunit/VsTestRunner2/netcoreapp" className="Appostolic.Api.Tests.Auth.RefreshEndpointTests" name="Refresh_Fails_When_Token_Expired" />
    </UnitTest>
    <UnitTest name="Appostolic.Api.Tests.Orchestrator.TokenAggregationTests.AggregatesTokens_And_ComputesCost_WhenPricingEnabled" storage="/users/kevinmccreary/appostolic/apps/api.tests/bin/debug/net8.0/appostolic.api.tests.dll" id="c2441ddc-565a-93d7-0c28-f73ca97b9486">
      <Execution id="3f539eed-732c-4d66-b22f-c308ae1e8429" />
      <TestMethod codeBase="/Users/kevinmccreary/appostolic/apps/api.tests/bin/Debug/net8.0/Appostolic.Api.Tests.dll" adapterTypeName="executor://xunit/VsTestRunner2/netcoreapp" className="Appostolic.Api.Tests.Orchestrator.TokenAggregationTests" name="AggregatesTokens_And_ComputesCost_WhenPricingEnabled" />
    </UnitTest>
    <UnitTest name="Appostolic.Api.Tests.Api.AssignmentsApiTests.Cannot_remove_last_admin_via_flags_returns_409" storage="/users/kevinmccreary/appostolic/apps/api.tests/bin/debug/net8.0/appostolic.api.tests.dll" id="7c805908-7267-f4aa-63a0-03f3e0715abc">
      <Execution id="bb1c74a8-72ed-4af6-9273-3d8161e64f19" />
      <TestMethod codeBase="/Users/kevinmccreary/appostolic/apps/api.tests/bin/Debug/net8.0/Appostolic.Api.Tests.dll" adapterTypeName="executor://xunit/VsTestRunner2/netcoreapp" className="Appostolic.Api.Tests.Api.AssignmentsApiTests" name="Cannot_remove_last_admin_via_flags_returns_409" />
    </UnitTest>
    <UnitTest name="Appostolic.Api.Tests.Notifications.AutoResendScannerTests.Creates_resend_for_old_sent_without_children" storage="/users/kevinmccreary/appostolic/apps/api.tests/bin/debug/net8.0/appostolic.api.tests.dll" id="90c7a127-2be9-b6e7-ec52-19cb51de49c0">
      <Execution id="fdf9e448-ef81-4f3b-af0e-e7dab0a003b0" />
      <TestMethod codeBase="/Users/kevinmccreary/appostolic/apps/api.tests/bin/Debug/net8.0/Appostolic.Api.Tests.dll" adapterTypeName="executor://xunit/VsTestRunner2/netcoreapp" className="Appostolic.Api.Tests.Notifications.AutoResendScannerTests" name="Creates_resend_for_old_sent_without_children" />
    </UnitTest>
    <UnitTest name="Appostolic.Api.Tests.Api.AuditsListingEndpointTests.Supports_optional_filters_user_actor_and_date_range" storage="/users/kevinmccreary/appostolic/apps/api.tests/bin/debug/net8.0/appostolic.api.tests.dll" id="5aebb0bd-a461-dea6-b51f-abbdbf65c34a">
      <Execution id="002769e2-69bf-4887-a9da-403a3c5d2823" />
      <TestMethod codeBase="/Users/kevinmccreary/appostolic/apps/api.tests/bin/Debug/net8.0/Appostolic.Api.Tests.dll" adapterTypeName="executor://xunit/VsTestRunner2/netcoreapp" className="Appostolic.Api.Tests.Api.AuditsListingEndpointTests" name="Supports_optional_filters_user_actor_and_date_range" />
    </UnitTest>
    <UnitTest name="WebSearchToolTests.Empty_query_returns_empty" storage="/users/kevinmccreary/appostolic/apps/api.tests/bin/debug/net8.0/appostolic.api.tests.dll" id="6447b752-ca58-5092-2c5d-d1f5fe58b5dc">
      <Execution id="4121ba54-5067-4a90-bcad-e10401f42ea3" />
      <TestMethod codeBase="/Users/kevinmccreary/appostolic/apps/api.tests/bin/Debug/net8.0/Appostolic.Api.Tests.dll" adapterTypeName="executor://xunit/VsTestRunner2/netcoreapp" className="WebSearchToolTests" name="Empty_query_returns_empty" />
    </UnitTest>
    <UnitTest name="Appostolic.Api.Tests.NotificationEnqueuerTests.QueueInvite_enqueues_correct_message" storage="/users/kevinmccreary/appostolic/apps/api.tests/bin/debug/net8.0/appostolic.api.tests.dll" id="b9af0f84-0079-b683-0d77-346a6542b5b4">
      <Execution id="dd21a320-0f4b-4f51-bc02-0c20e0359afc" />
      <TestMethod codeBase="/Users/kevinmccreary/appostolic/apps/api.tests/bin/Debug/net8.0/Appostolic.Api.Tests.dll" adapterTypeName="executor://xunit/VsTestRunner2/netcoreapp" className="Appostolic.Api.Tests.NotificationEnqueuerTests" name="QueueInvite_enqueues_correct_message" />
    </UnitTest>
    <UnitTest name="Appostolic.Api.Tests.Auth.RefreshCookieHttpsTests.RefreshCookie_Secure_OverHttps" storage="/users/kevinmccreary/appostolic/apps/api.tests/bin/debug/net8.0/appostolic.api.tests.dll" id="5d199f9b-a8b6-4b52-e7c0-a2aebf4c6a58">
      <Execution id="13f00c12-c3ba-4513-8feb-17fa93db5cb0" />
      <TestMethod codeBase="/Users/kevinmccreary/appostolic/apps/api.tests/bin/Debug/net8.0/Appostolic.Api.Tests.dll" adapterTypeName="executor://xunit/VsTestRunner2/netcoreapp" className="Appostolic.Api.Tests.Auth.RefreshCookieHttpsTests" name="RefreshCookie_Secure_OverHttps" />
    </UnitTest>
    <UnitTest name="Appostolic.Api.Tests.Api.MembersManagementTests.TenantAdmin_can_add_TenantAdmin_flag_to_member" storage="/users/kevinmccreary/appostolic/apps/api.tests/bin/debug/net8.0/appostolic.api.tests.dll" id="e9aa22ea-bb1f-2db1-1f5f-4cc83d5fa1bd">
      <Execution id="8e94dd55-66a2-4825-a85b-98d0cdee38f8" />
      <TestMethod codeBase="/Users/kevinmccreary/appostolic/apps/api.tests/bin/Debug/net8.0/Appostolic.Api.Tests.dll" adapterTypeName="executor://xunit/VsTestRunner2/netcoreapp" className="Appostolic.Api.Tests.Api.MembersManagementTests" name="TenantAdmin_can_add_TenantAdmin_flag_to_member" />
    </UnitTest>
    <UnitTest name="Appostolic.Api.Tests.EmailProviderSelectionTests.Resolves_Smtp_sender_when_provider_smtp" storage="/users/kevinmccreary/appostolic/apps/api.tests/bin/debug/net8.0/appostolic.api.tests.dll" id="61b122ca-f3a1-21e8-0492-e3c660390b05">
      <Execution id="3691946f-2c7c-442e-b74f-c526635fded8" />
      <TestMethod codeBase="/Users/kevinmccreary/appostolic/apps/api.tests/bin/Debug/net8.0/Appostolic.Api.Tests.dll" adapterTypeName="executor://xunit/VsTestRunner2/netcoreapp" className="Appostolic.Api.Tests.EmailProviderSelectionTests" name="Resolves_Smtp_sender_when_provider_smtp" />
    </UnitTest>
    <UnitTest name="Appostolic.Api.Tests.Api.DevGrantRolesEndpointTests.Grants_roles_to_new_user_and_membership" storage="/users/kevinmccreary/appostolic/apps/api.tests/bin/debug/net8.0/appostolic.api.tests.dll" id="897896ab-cee9-9ca5-ec01-253d0f0d6b3c">
      <Execution id="0cde9155-8d70-4f2e-abc5-816c95b41c1f" />
      <TestMethod codeBase="/Users/kevinmccreary/appostolic/apps/api.tests/bin/Debug/net8.0/Appostolic.Api.Tests.dll" adapterTypeName="executor://xunit/VsTestRunner2/netcoreapp" className="Appostolic.Api.Tests.Api.DevGrantRolesEndpointTests" name="Grants_roles_to_new_user_and_membership" />
    </UnitTest>
    <UnitTest name="Appostolic.Api.Tests.Auth.LogoutTests.AccessToken_AllowsMeEndpoint_BeforeLogout" storage="/users/kevinmccreary/appostolic/apps/api.tests/bin/debug/net8.0/appostolic.api.tests.dll" id="0f9fb5dc-590e-2722-6210-f13d9619e38f">
      <Execution id="b96c3c25-ee54-4006-b975-97846d107a36" />
      <TestMethod codeBase="/Users/kevinmccreary/appostolic/apps/api.tests/bin/Debug/net8.0/Appostolic.Api.Tests.dll" adapterTypeName="executor://xunit/VsTestRunner2/netcoreapp" className="Appostolic.Api.Tests.Auth.LogoutTests" name="AccessToken_AllowsMeEndpoint_BeforeLogout" />
    </UnitTest>
    <UnitTest name="Appostolic.Api.Tests.Api.TenantSettingsEndpointsTests.Upload_Logo_Rejects_Payload_Too_Large" storage="/users/kevinmccreary/appostolic/apps/api.tests/bin/debug/net8.0/appostolic.api.tests.dll" id="cce5835b-2056-6d46-0527-d09fc0f9f6fc">
      <Execution id="40214349-d788-4356-be5a-c147d44c0142" />
      <TestMethod codeBase="/Users/kevinmccreary/appostolic/apps/api.tests/bin/Debug/net8.0/Appostolic.Api.Tests.dll" adapterTypeName="executor://xunit/VsTestRunner2/netcoreapp" className="Appostolic.Api.Tests.Api.TenantSettingsEndpointsTests" name="Upload_Logo_Rejects_Payload_Too_Large" />
    </UnitTest>
    <UnitTest name="Appostolic.Api.Tests.E2E.AgentTasksE2E_List.Inbox_List_Orders_By_CreatedAt_Desc_And_Pages" storage="/users/kevinmccreary/appostolic/apps/api.tests/bin/debug/net8.0/appostolic.api.tests.dll" id="03cb9965-4934-50d0-65d4-2c790e264e80">
      <Execution id="58d19b63-f8ba-4011-91f5-c69543dae772" />
      <TestMethod codeBase="/Users/kevinmccreary/appostolic/apps/api.tests/bin/Debug/net8.0/Appostolic.Api.Tests.dll" adapterTypeName="executor://xunit/VsTestRunner2/netcoreapp" className="Appostolic.Api.Tests.E2E.AgentTasksE2E_List" name="Inbox_List_Orders_By_CreatedAt_Desc_And_Pages" />
    </UnitTest>
    <UnitTest name="Appostolic.Api.Tests.Security.AgentTasksAuthContractTests.ListEndpoint_RequiresDevHeaders" storage="/users/kevinmccreary/appostolic/apps/api.tests/bin/debug/net8.0/appostolic.api.tests.dll" id="e507a4d5-4aa9-7d32-05a9-ecfa3f03323d">
      <Execution id="cfc8bdad-2f8b-47fc-aa79-cb7d95fb20f3" />
      <TestMethod codeBase="/Users/kevinmccreary/appostolic/apps/api.tests/bin/Debug/net8.0/Appostolic.Api.Tests.dll" adapterTypeName="executor://xunit/VsTestRunner2/netcoreapp" className="Appostolic.Api.Tests.Security.AgentTasksAuthContractTests" name="ListEndpoint_RequiresDevHeaders" />
    </UnitTest>
    <UnitTest name="Appostolic.Api.Tests.Api.AssignmentsApiTests.Set_roles_returns_404_when_membership_missing_and_400_for_invalid_flag" storage="/users/kevinmccreary/appostolic/apps/api.tests/bin/debug/net8.0/appostolic.api.tests.dll" id="9c1c1d38-5e04-c1b2-1a0f-96d8d4d8348a">
      <Execution id="d34d67d2-0747-4b2a-9266-84ba89ed7a3d" />
      <TestMethod codeBase="/Users/kevinmccreary/appostolic/apps/api.tests/bin/Debug/net8.0/Appostolic.Api.Tests.dll" adapterTypeName="executor://xunit/VsTestRunner2/netcoreapp" className="Appostolic.Api.Tests.Api.AssignmentsApiTests" name="Set_roles_returns_404_when_membership_missing_and_400_for_invalid_flag" />
    </UnitTest>
    <UnitTest name="Appostolic.Api.Tests.Api.LegacyRoleWritePathDeprecationTests.Invite_with_legacy_role_only_is_rejected_with_NO_FLAGS" storage="/users/kevinmccreary/appostolic/apps/api.tests/bin/debug/net8.0/appostolic.api.tests.dll" id="1beb15ab-fe09-2511-98ef-cddbeaaa10ed">
      <Execution id="ce45afaf-ff25-4d8d-873d-99272ddc5dd6" />
      <TestMethod codeBase="/Users/kevinmccreary/appostolic/apps/api.tests/bin/Debug/net8.0/Appostolic.Api.Tests.dll" adapterTypeName="executor://xunit/VsTestRunner2/netcoreapp" className="Appostolic.Api.Tests.Api.LegacyRoleWritePathDeprecationTests" name="Invite_with_legacy_role_only_is_rejected_with_NO_FLAGS" />
    </UnitTest>
    <UnitTest name="Appostolic.Api.Tests.AgentConstraintTests.Agent_MaxSteps_out_of_range_throws_in_domain_constructor" storage="/users/kevinmccreary/appostolic/apps/api.tests/bin/debug/net8.0/appostolic.api.tests.dll" id="33c114dd-901b-348b-cb07-4ff32816218d">
      <Execution id="86c411b0-2f6c-4266-b74e-f6badcc1ff6c" />
      <TestMethod codeBase="/Users/kevinmccreary/appostolic/apps/api.tests/bin/Debug/net8.0/Appostolic.Api.Tests.dll" adapterTypeName="executor://xunit/VsTestRunner2/netcoreapp" className="Appostolic.Api.Tests.AgentConstraintTests" name="Agent_MaxSteps_out_of_range_throws_in_domain_constructor" />
    </UnitTest>
    <UnitTest name="Appostolic.Api.Tests.Api.NotificationsAdminEndpointsTests.Resend_metrics_emitted_for_manual_and_bulk" storage="/users/kevinmccreary/appostolic/apps/api.tests/bin/debug/net8.0/appostolic.api.tests.dll" id="1f65e069-4a6f-ccd5-bb6b-41fba0e75604">
      <Execution id="7dd0c50c-13a3-4cfb-bc40-43510ff6b92c" />
      <TestMethod codeBase="/Users/kevinmccreary/appostolic/apps/api.tests/bin/Debug/net8.0/Appostolic.Api.Tests.dll" adapterTypeName="executor://xunit/VsTestRunner2/netcoreapp" className="Appostolic.Api.Tests.Api.NotificationsAdminEndpointsTests" name="Resend_metrics_emitted_for_manual_and_bulk" />
    </UnitTest>
    <UnitTest name="Appostolic.Api.Tests.Model.TokenEstimatorTests.EstimateTokens_Heuristic_CeilPer4Chars(text: &quot;&quot;, expected: 0)" storage="/users/kevinmccreary/appostolic/apps/api.tests/bin/debug/net8.0/appostolic.api.tests.dll" id="40e767b4-314a-d8ef-34b1-5c49d7ef55c4">
      <Execution id="36c857ad-a2bc-4ad2-9a74-16860d7e4512" />
      <TestMethod codeBase="/Users/kevinmccreary/appostolic/apps/api.tests/bin/Debug/net8.0/Appostolic.Api.Tests.dll" adapterTypeName="executor://xunit/VsTestRunner2/netcoreapp" className="Appostolic.Api.Tests.Model.TokenEstimatorTests" name="EstimateTokens_Heuristic_CeilPer4Chars" />
    </UnitTest>
    <UnitTest name="Appostolic.Api.Tests.Auth.SignupTests.Signup_SelfServe_CreatesUserAndPersonalTenant" storage="/users/kevinmccreary/appostolic/apps/api.tests/bin/debug/net8.0/appostolic.api.tests.dll" id="1cfc69b2-92d0-7e18-c868-129765966147">
      <Execution id="1b14d3b6-c5da-4efd-a48e-0cd08cbd68b4" />
      <TestMethod codeBase="/Users/kevinmccreary/appostolic/apps/api.tests/bin/Debug/net8.0/Appostolic.Api.Tests.dll" adapterTypeName="executor://xunit/VsTestRunner2/netcoreapp" className="Appostolic.Api.Tests.Auth.SignupTests" name="Signup_SelfServe_CreatesUserAndPersonalTenant" />
    </UnitTest>
    <UnitTest name="Appostolic.Api.Tests.Auth.SignupTests.Signup_WithInvalidInviteToken_ReturnsBadRequest" storage="/users/kevinmccreary/appostolic/apps/api.tests/bin/debug/net8.0/appostolic.api.tests.dll" id="7c0f601f-632e-a9b2-aeb3-eee73bd7742c">
      <Execution id="53b0fc1c-ab22-458e-bbd7-35795e6af328" />
      <TestMethod codeBase="/Users/kevinmccreary/appostolic/apps/api.tests/bin/Debug/net8.0/Appostolic.Api.Tests.dll" adapterTypeName="executor://xunit/VsTestRunner2/netcoreapp" className="Appostolic.Api.Tests.Auth.SignupTests" name="Signup_WithInvalidInviteToken_ReturnsBadRequest" />
    </UnitTest>
    <UnitTest name="Appostolic.Api.Tests.Api.DenominationsMetadataTests.RequiresAuth" storage="/users/kevinmccreary/appostolic/apps/api.tests/bin/debug/net8.0/appostolic.api.tests.dll" id="1cbf8040-fb9a-a69f-ea84-9d0fb171e9ce">
      <Execution id="0d87f5bb-4887-498c-abf4-06ddadb356b9" />
      <TestMethod codeBase="/Users/kevinmccreary/appostolic/apps/api.tests/bin/Debug/net8.0/Appostolic.Api.Tests.dll" adapterTypeName="executor://xunit/VsTestRunner2/netcoreapp" className="Appostolic.Api.Tests.Api.DenominationsMetadataTests" name="RequiresAuth" />
    </UnitTest>
    <UnitTest name="Appostolic.Api.Tests.AgentTasks.AgentTasksListFilterPaginationTests.Paging_Returns_XTotalCount_And_DescOrdering" storage="/users/kevinmccreary/appostolic/apps/api.tests/bin/debug/net8.0/appostolic.api.tests.dll" id="4f93dd2b-351a-bca6-2b8b-95fc20f20ddd">
      <Execution id="3ba1ca87-3a6c-42c9-83e2-0fb1e6ffaea9" />
      <TestMethod codeBase="/Users/kevinmccreary/appostolic/apps/api.tests/bin/Debug/net8.0/Appostolic.Api.Tests.dll" adapterTypeName="executor://xunit/VsTestRunner2/netcoreapp" className="Appostolic.Api.Tests.AgentTasks.AgentTasksListFilterPaginationTests" name="Paging_Returns_XTotalCount_And_DescOrdering" />
    </UnitTest>
    <UnitTest name="Appostolic.Api.Tests.Schema.LegacyRoleColumnRemovalTests.Membership_entity_legacy_Role_property_is_removed" storage="/users/kevinmccreary/appostolic/apps/api.tests/bin/debug/net8.0/appostolic.api.tests.dll" id="b946127e-e0db-c283-d88c-1557545efae6">
      <Execution id="845cabcf-7442-4f2c-8c18-a4c889dec87d" />
      <TestMethod codeBase="/Users/kevinmccreary/appostolic/apps/api.tests/bin/Debug/net8.0/Appostolic.Api.Tests.dll" adapterTypeName="executor://xunit/VsTestRunner2/netcoreapp" className="Appostolic.Api.Tests.Schema.LegacyRoleColumnRemovalTests" name="Membership_entity_legacy_Role_property_is_removed" />
    </UnitTest>
    <UnitTest name="Appostolic.Api.Tests.Api.MembersManagementTests.Cannot_remove_last_TenantAdmin" storage="/users/kevinmccreary/appostolic/apps/api.tests/bin/debug/net8.0/appostolic.api.tests.dll" id="4557fdb8-1797-8b2f-35d3-3d9ce64f7b6b">
      <Execution id="5d5520c3-fe78-4fe4-b412-55982d24dc7c" />
      <TestMethod codeBase="/Users/kevinmccreary/appostolic/apps/api.tests/bin/Debug/net8.0/Appostolic.Api.Tests.dll" adapterTypeName="executor://xunit/VsTestRunner2/netcoreapp" className="Appostolic.Api.Tests.Api.MembersManagementTests" name="Cannot_remove_last_TenantAdmin" />
    </UnitTest>
    <UnitTest name="Appostolic.Api.Tests.ModelMappingTests.Agent_ToolAllowlist_is_jsonb_and_roundtrips_like_array" storage="/users/kevinmccreary/appostolic/apps/api.tests/bin/debug/net8.0/appostolic.api.tests.dll" id="1c8df7f1-aa05-88d6-f922-5ecb50d1b5d9">
      <Execution id="d982aa9c-e897-4192-8aa9-999c408804d2" />
      <TestMethod codeBase="/Users/kevinmccreary/appostolic/apps/api.tests/bin/Debug/net8.0/Appostolic.Api.Tests.dll" adapterTypeName="executor://xunit/VsTestRunner2/netcoreapp" className="Appostolic.Api.Tests.ModelMappingTests" name="Agent_ToolAllowlist_is_jsonb_and_roundtrips_like_array" />
    </UnitTest>
    <UnitTest name="Appostolic.Api.Tests.Security.RoleAuthorizationTests.ApplyRoleChange_NoAudit_WhenSame" storage="/users/kevinmccreary/appostolic/apps/api.tests/bin/debug/net8.0/appostolic.api.tests.dll" id="3c6aaba6-8a28-5651-a334-5a8347c8e9db">
      <Execution id="2e2c55f9-fd31-445e-b11c-7b5fc0629f0f" />
      <TestMethod codeBase="/Users/kevinmccreary/appostolic/apps/api.tests/bin/Debug/net8.0/Appostolic.Api.Tests.dll" adapterTypeName="executor://xunit/VsTestRunner2/netcoreapp" className="Appostolic.Api.Tests.Security.RoleAuthorizationTests" name="ApplyRoleChange_NoAudit_WhenSame" />
    </UnitTest>
    <UnitTest name="Appostolic.Api.Tests.Api.NotificationsAdminEndpointsTests.Bulk_resend_creates_with_limit_and_counts_throttled" storage="/users/kevinmccreary/appostolic/apps/api.tests/bin/debug/net8.0/appostolic.api.tests.dll" id="a2b0d89c-f17d-2c60-2870-72017089ab94">
      <Execution id="74d539fb-8f73-4b36-9d59-2cc4d66ed3f7" />
      <TestMethod codeBase="/Users/kevinmccreary/appostolic/apps/api.tests/bin/Debug/net8.0/Appostolic.Api.Tests.dll" adapterTypeName="executor://xunit/VsTestRunner2/netcoreapp" className="Appostolic.Api.Tests.Api.NotificationsAdminEndpointsTests" name="Bulk_resend_creates_with_limit_and_counts_throttled" />
    </UnitTest>
    <UnitTest name="Appostolic.Api.AuthTests.TestTokenFactoryTests.MintTenantToken_MultiMembership_ExplicitTenantSelection" storage="/users/kevinmccreary/appostolic/apps/api.tests/bin/debug/net8.0/appostolic.api.tests.dll" id="c12613af-99b7-439d-c6df-131aa1e08ae7">
      <Execution id="3fa2256d-f369-4bc2-9317-8e538da60535" />
      <TestMethod codeBase="/Users/kevinmccreary/appostolic/apps/api.tests/bin/Debug/net8.0/Appostolic.Api.Tests.dll" adapterTypeName="executor://xunit/VsTestRunner2/netcoreapp" className="Appostolic.Api.AuthTests.TestTokenFactoryTests" name="MintTenantToken_MultiMembership_ExplicitTenantSelection" />
    </UnitTest>
    <UnitTest name="DbQueryToolTests.Select_users_all_rows" storage="/users/kevinmccreary/appostolic/apps/api.tests/bin/debug/net8.0/appostolic.api.tests.dll" id="7e0d251c-aca1-3165-2651-f2996ab661b8">
      <Execution id="6bb4710b-8211-4cc4-85bf-9fefca9783b5" />
      <TestMethod codeBase="/Users/kevinmccreary/appostolic/apps/api.tests/bin/Debug/net8.0/Appostolic.Api.Tests.dll" adapterTypeName="executor://xunit/VsTestRunner2/netcoreapp" className="DbQueryToolTests" name="Select_users_all_rows" />
    </UnitTest>
    <UnitTest name="TemplateRendererTests.Verification_template_renders_link_and_subject" storage="/users/kevinmccreary/appostolic/apps/api.tests/bin/debug/net8.0/appostolic.api.tests.dll" id="6e2b7510-d3ae-c174-2b57-710f63c82ad0">
      <Execution id="2c71aa3a-a8b5-4d18-9da2-a7fee1c3cf46" />
      <TestMethod codeBase="/Users/kevinmccreary/appostolic/apps/api.tests/bin/Debug/net8.0/Appostolic.Api.Tests.dll" adapterTypeName="executor://xunit/VsTestRunner2/netcoreapp" className="TemplateRendererTests" name="Verification_template_renders_link_and_subject" />
    </UnitTest>
    <UnitTest name="Appostolic.Api.Tests.Api.DenominationsMetadataTests.ReturnsPresetList" storage="/users/kevinmccreary/appostolic/apps/api.tests/bin/debug/net8.0/appostolic.api.tests.dll" id="137392e3-997c-8532-6b57-65c75651b55b">
      <Execution id="be6f82e4-3ff5-4fa5-9e3a-18aab823d515" />
      <TestMethod codeBase="/Users/kevinmccreary/appostolic/apps/api.tests/bin/Debug/net8.0/Appostolic.Api.Tests.dll" adapterTypeName="executor://xunit/VsTestRunner2/netcoreapp" className="Appostolic.Api.Tests.Api.DenominationsMetadataTests" name="ReturnsPresetList" />
    </UnitTest>
    <UnitTest name="Appostolic.Api.AuthTests.MagicConsumeRolesSerializationTests.MagicConsume_IncludesRolesBitmaskOnMembership" storage="/users/kevinmccreary/appostolic/apps/api.tests/bin/debug/net8.0/appostolic.api.tests.dll" id="f7ebc4d6-d0ec-6ad3-fd73-f4c53b67f8a0">
      <Execution id="c9377e33-f74c-43d2-a802-1a31cf54ed04" />
      <TestMethod codeBase="/Users/kevinmccreary/appostolic/apps/api.tests/bin/Debug/net8.0/Appostolic.Api.Tests.dll" adapterTypeName="executor://xunit/VsTestRunner2/netcoreapp" className="Appostolic.Api.AuthTests.MagicConsumeRolesSerializationTests" name="MagicConsume_IncludesRolesBitmaskOnMembership" />
    </UnitTest>
    <UnitTest name="Appostolic.Api.Tests.Api.FlagsIntegrityTests.No_membership_has_zero_roles_bitmask" storage="/users/kevinmccreary/appostolic/apps/api.tests/bin/debug/net8.0/appostolic.api.tests.dll" id="3946d5e6-354d-0b10-e6eb-595cda5f42bd">
      <Execution id="93435847-a906-4f05-9e4b-9dec868afa97" />
      <TestMethod codeBase="/Users/kevinmccreary/appostolic/apps/api.tests/bin/Debug/net8.0/Appostolic.Api.Tests.dll" adapterTypeName="executor://xunit/VsTestRunner2/netcoreapp" className="Appostolic.Api.Tests.Api.FlagsIntegrityTests" name="No_membership_has_zero_roles_bitmask" />
    </UnitTest>
    <UnitTest name="Appostolic.Api.Tests.Notifications.MagicLinkEmailTests.Renders_MagicLink_Snapshots_With_Link" storage="/users/kevinmccreary/appostolic/apps/api.tests/bin/debug/net8.0/appostolic.api.tests.dll" id="5ad39d2c-d77f-b72d-621d-dc03058b3c06">
      <Execution id="5914838b-3fd2-4a81-94a7-40d2a41b45b8" />
      <TestMethod codeBase="/Users/kevinmccreary/appostolic/apps/api.tests/bin/Debug/net8.0/Appostolic.Api.Tests.dll" adapterTypeName="executor://xunit/VsTestRunner2/netcoreapp" className="Appostolic.Api.Tests.Notifications.MagicLinkEmailTests" name="Renders_MagicLink_Snapshots_With_Link" />
    </UnitTest>
    <UnitTest name="Appostolic.Api.Tests.Api.UserAvatarEndpointsTests.UploadAvatar_TransparentLogo_PreservesDimensions_Webp" storage="/users/kevinmccreary/appostolic/apps/api.tests/bin/debug/net8.0/appostolic.api.tests.dll" id="c643053b-60cb-940b-5d09-78107183b82f">
      <Execution id="7d8af36d-4495-40a5-8ccc-c77e39d7014c" />
      <TestMethod codeBase="/Users/kevinmccreary/appostolic/apps/api.tests/bin/Debug/net8.0/Appostolic.Api.Tests.dll" adapterTypeName="executor://xunit/VsTestRunner2/netcoreapp" className="Appostolic.Api.Tests.Api.UserAvatarEndpointsTests" name="UploadAvatar_TransparentLogo_PreservesDimensions_Webp" />
    </UnitTest>
    <UnitTest name="Appostolic.Api.Tests.ModelMappingTests.Agent_ToolAllowlist_has_column_type_jsonb" storage="/users/kevinmccreary/appostolic/apps/api.tests/bin/debug/net8.0/appostolic.api.tests.dll" id="8499e5e2-c09d-d64e-ab91-715c51a15d3b">
      <Execution id="2c681361-9900-444b-90f3-b914dadcc9a8" />
      <TestMethod codeBase="/Users/kevinmccreary/appostolic/apps/api.tests/bin/Debug/net8.0/Appostolic.Api.Tests.dll" adapterTypeName="executor://xunit/VsTestRunner2/netcoreapp" className="Appostolic.Api.Tests.ModelMappingTests" name="Agent_ToolAllowlist_has_column_type_jsonb" />
    </UnitTest>
    <UnitTest name="Appostolic.Api.Tests.Api.NotificationsAdminEndpointsTests.List_and_retry_notifications_work" storage="/users/kevinmccreary/appostolic/apps/api.tests/bin/debug/net8.0/appostolic.api.tests.dll" id="0d699ea2-79e9-9f01-d2d5-fca82a358bb0">
      <Execution id="f086f2a4-f24f-4583-bd20-fccc19a51b59" />
      <TestMethod codeBase="/Users/kevinmccreary/appostolic/apps/api.tests/bin/Debug/net8.0/Appostolic.Api.Tests.dll" adapterTypeName="executor://xunit/VsTestRunner2/netcoreapp" className="Appostolic.Api.Tests.Api.NotificationsAdminEndpointsTests" name="List_and_retry_notifications_work" />
    </UnitTest>
    <UnitTest name="Appostolic.Api.Tests.Api.InvitesRolesFlagsTests.Accept_Invite_Sets_Membership_Roles_Flags" storage="/users/kevinmccreary/appostolic/apps/api.tests/bin/debug/net8.0/appostolic.api.tests.dll" id="da0da417-eb80-7ca8-c2a7-2b93c4d78528">
      <Execution id="bf769d0e-138f-475b-a064-05b473cb0a07" />
      <TestMethod codeBase="/Users/kevinmccreary/appostolic/apps/api.tests/bin/Debug/net8.0/Appostolic.Api.Tests.dll" adapterTypeName="executor://xunit/VsTestRunner2/netcoreapp" className="Appostolic.Api.Tests.Api.InvitesRolesFlagsTests" name="Accept_Invite_Sets_Membership_Roles_Flags" />
    </UnitTest>
    <UnitTest name="Appostolic.Api.Tests.Notifications.AutoResendScannerTests.Respects_throttle_window" storage="/users/kevinmccreary/appostolic/apps/api.tests/bin/debug/net8.0/appostolic.api.tests.dll" id="784ad7dc-5a89-a731-4a54-d985f0ba330c">
      <Execution id="35f285b8-592a-4827-9b15-1f2c38f55e05" />
      <TestMethod codeBase="/Users/kevinmccreary/appostolic/apps/api.tests/bin/Debug/net8.0/Appostolic.Api.Tests.dll" adapterTypeName="executor://xunit/VsTestRunner2/netcoreapp" className="Appostolic.Api.Tests.Notifications.AutoResendScannerTests" name="Respects_throttle_window" />
    </UnitTest>
    <UnitTest name="Appostolic.Api.Tests.NotificationEnqueuerTests.QueueVerification_enqueues_correct_message" storage="/users/kevinmccreary/appostolic/apps/api.tests/bin/debug/net8.0/appostolic.api.tests.dll" id="c561c2f6-8efd-4095-cbad-20238816bd9c">
      <Execution id="d97de89f-094d-4015-b41f-46ba12ddd9d0" />
      <TestMethod codeBase="/Users/kevinmccreary/appostolic/apps/api.tests/bin/Debug/net8.0/Appostolic.Api.Tests.dll" adapterTypeName="executor://xunit/VsTestRunner2/netcoreapp" className="Appostolic.Api.Tests.NotificationEnqueuerTests" name="QueueVerification_enqueues_correct_message" />
    </UnitTest>
    <UnitTest name="Appostolic.Api.Tests.Storage.S3ObjectStorageServiceTests.UploadAsync_FallbacksToBucketRegionUrl_WhenNoPublicBaseUrl" storage="/users/kevinmccreary/appostolic/apps/api.tests/bin/debug/net8.0/appostolic.api.tests.dll" id="c35bbf40-7110-f612-4b6b-649678070e6a">
      <Execution id="f7f23bc4-4a1c-4898-8d28-90347cb9c4bd" />
      <TestMethod codeBase="/Users/kevinmccreary/appostolic/apps/api.tests/bin/Debug/net8.0/Appostolic.Api.Tests.dll" adapterTypeName="executor://xunit/VsTestRunner2/netcoreapp" className="Appostolic.Api.Tests.Storage.S3ObjectStorageServiceTests" name="UploadAsync_FallbacksToBucketRegionUrl_WhenNoPublicBaseUrl" />
    </UnitTest>
    <UnitTest name="Appostolic.Api.Tests.Security.RoleAuthorizationTests.CreatorPolicy_Denies_WhenNoMembership" storage="/users/kevinmccreary/appostolic/apps/api.tests/bin/debug/net8.0/appostolic.api.tests.dll" id="f0e4d307-078d-a4e0-f168-b961578cd197">
      <Execution id="679762bb-e0e1-4991-b5d7-13cd0c162fce" />
      <TestMethod codeBase="/Users/kevinmccreary/appostolic/apps/api.tests/bin/Debug/net8.0/Appostolic.Api.Tests.dll" adapterTypeName="executor://xunit/VsTestRunner2/netcoreapp" className="Appostolic.Api.Tests.Security.RoleAuthorizationTests" name="CreatorPolicy_Denies_WhenNoMembership" />
    </UnitTest>
    <UnitTest name="Appostolic.Api.Tests.Orchestrator.AgentOrchestratorTests.Cancellation_StopsMidRun" storage="/users/kevinmccreary/appostolic/apps/api.tests/bin/debug/net8.0/appostolic.api.tests.dll" id="2a9f6824-8a17-a193-b18b-3e78fa1bbbd5">
      <Execution id="04bed12c-32cc-4ca4-b74c-41539d93019d" />
      <TestMethod codeBase="/Users/kevinmccreary/appostolic/apps/api.tests/bin/Debug/net8.0/Appostolic.Api.Tests.dll" adapterTypeName="executor://xunit/VsTestRunner2/netcoreapp" className="Appostolic.Api.Tests.Orchestrator.AgentOrchestratorTests" name="Cancellation_StopsMidRun" />
    </UnitTest>
    <UnitTest name="Appostolic.Api.Tests.Api.AuthJwtSmokeTests.AuthSmoke_Ping_WithIssuedToken_Succeeds" storage="/users/kevinmccreary/appostolic/apps/api.tests/bin/debug/net8.0/appostolic.api.tests.dll" id="f3e5a7ef-e593-cb9e-e437-d0f4fab69d89">
      <Execution id="c89157e6-e19b-4940-afad-ed230ae478d8" />
      <TestMethod codeBase="/Users/kevinmccreary/appostolic/apps/api.tests/bin/Debug/net8.0/Appostolic.Api.Tests.dll" adapterTypeName="executor://xunit/VsTestRunner2/netcoreapp" className="Appostolic.Api.Tests.Api.AuthJwtSmokeTests" name="AuthSmoke_Ping_WithIssuedToken_Succeeds" />
    </UnitTest>
    <UnitTest name="DbQueryToolTests.Unknown_table_fails" storage="/users/kevinmccreary/appostolic/apps/api.tests/bin/debug/net8.0/appostolic.api.tests.dll" id="1aa96e1c-162f-87b8-360d-29c19b3b2c73">
      <Execution id="9c6145c6-3a9b-4b0e-a13d-8021668ae282" />
      <TestMethod codeBase="/Users/kevinmccreary/appostolic/apps/api.tests/bin/Debug/net8.0/Appostolic.Api.Tests.dll" adapterTypeName="executor://xunit/VsTestRunner2/netcoreapp" className="DbQueryToolTests" name="Unknown_table_fails" />
    </UnitTest>
    <UnitTest name="Appostolic.Api.Tests.Privacy.PIIRedactorTests.RedactEmail_Works(input: &quot;user@example.com&quot;, expected: &quot;u***@example.com&quot;)" storage="/users/kevinmccreary/appostolic/apps/api.tests/bin/debug/net8.0/appostolic.api.tests.dll" id="5385030b-1302-b289-00d9-288b4f75839d">
      <Execution id="34de4c6a-624d-4662-8708-7f34cf1dd7cf" />
      <TestMethod codeBase="/Users/kevinmccreary/appostolic/apps/api.tests/bin/Debug/net8.0/Appostolic.Api.Tests.dll" adapterTypeName="executor://xunit/VsTestRunner2/netcoreapp" className="Appostolic.Api.Tests.Privacy.PIIRedactorTests" name="RedactEmail_Works" />
    </UnitTest>
    <UnitTest name="Appostolic.Api.Tests.EmailDispatcherTests.Dispatcher_redacts_email_in_log_scope" storage="/users/kevinmccreary/appostolic/apps/api.tests/bin/debug/net8.0/appostolic.api.tests.dll" id="bde04400-fb2a-d1b4-e9d5-727f1b9bbed1">
      <Execution id="b37647e3-847f-497e-86ef-9cd62a94240e" />
      <TestMethod codeBase="/Users/kevinmccreary/appostolic/apps/api.tests/bin/Debug/net8.0/Appostolic.Api.Tests.dll" adapterTypeName="executor://xunit/VsTestRunner2/netcoreapp" className="Appostolic.Api.Tests.EmailDispatcherTests" name="Dispatcher_redacts_email_in_log_scope" />
    </UnitTest>
    <UnitTest name="Appostolic.Api.Tests.Privacy.PIIHasherTests.HashEmail_IsDeterministic_ForSamePepper" storage="/users/kevinmccreary/appostolic/apps/api.tests/bin/debug/net8.0/appostolic.api.tests.dll" id="e8b4dc71-a5d7-b1f7-a555-6150128fc2af">
      <Execution id="76b76fa2-f89e-4406-8884-1a30c5be1675" />
      <TestMethod codeBase="/Users/kevinmccreary/appostolic/apps/api.tests/bin/Debug/net8.0/Appostolic.Api.Tests.dll" adapterTypeName="executor://xunit/VsTestRunner2/netcoreapp" className="Appostolic.Api.Tests.Privacy.PIIHasherTests" name="HashEmail_IsDeterministic_ForSamePepper" />
    </UnitTest>
    <UnitTest name="WebSearchToolTests.Query_intro_returns_expected" storage="/users/kevinmccreary/appostolic/apps/api.tests/bin/debug/net8.0/appostolic.api.tests.dll" id="22ad276e-c73f-4ebf-8729-b5903439e2d9">
      <Execution id="87e17158-8d99-4f01-8ae8-e7e5f4330e22" />
      <TestMethod codeBase="/Users/kevinmccreary/appostolic/apps/api.tests/bin/Debug/net8.0/Appostolic.Api.Tests.dll" adapterTypeName="executor://xunit/VsTestRunner2/netcoreapp" className="WebSearchToolTests" name="Query_intro_returns_expected" />
    </UnitTest>
    <UnitTest name="Appostolic.Api.AuthTests.SelectTenantTests.SelectTenant_ForbiddenTenant_Returns403" storage="/users/kevinmccreary/appostolic/apps/api.tests/bin/debug/net8.0/appostolic.api.tests.dll" id="5f9c27d4-50bb-efe1-e416-35702c9fd2c6">
      <Execution id="4e619a57-8de1-4c2e-9f6f-3ffc8d38b05c" />
      <TestMethod codeBase="/Users/kevinmccreary/appostolic/apps/api.tests/bin/Debug/net8.0/Appostolic.Api.Tests.dll" adapterTypeName="executor://xunit/VsTestRunner2/netcoreapp" className="Appostolic.Api.AuthTests.SelectTenantTests" name="SelectTenant_ForbiddenTenant_Returns403" />
    </UnitTest>
    <UnitTest name="Appostolic.Api.Tests.Api.AgentsEndpointsTests.Agents_CRUD_HappyPath" storage="/users/kevinmccreary/appostolic/apps/api.tests/bin/debug/net8.0/appostolic.api.tests.dll" id="b672c70e-eca2-f979-b482-5169b705a205">
      <Execution id="172dc9ea-d4dd-4818-afee-21d7caf031d9" />
      <TestMethod codeBase="/Users/kevinmccreary/appostolic/apps/api.tests/bin/Debug/net8.0/Appostolic.Api.Tests.dll" adapterTypeName="executor://xunit/VsTestRunner2/netcoreapp" className="Appostolic.Api.Tests.Api.AgentsEndpointsTests" name="Agents_CRUD_HappyPath" />
    </UnitTest>
    <UnitTest name="Appostolic.Api.Tests.Api.NotificationsProdEndpointsTests.Tenant_owner_can_list_and_retry_within_tenant" storage="/users/kevinmccreary/appostolic/apps/api.tests/bin/debug/net8.0/appostolic.api.tests.dll" id="7c574249-6de4-087c-ac92-00dedf541e78">
      <Execution id="85359dbb-8f8e-4383-9ad4-bc1d36ec1edc" />
      <TestMethod codeBase="/Users/kevinmccreary/appostolic/apps/api.tests/bin/Debug/net8.0/Appostolic.Api.Tests.dll" adapterTypeName="executor://xunit/VsTestRunner2/netcoreapp" className="Appostolic.Api.Tests.Api.NotificationsProdEndpointsTests" name="Tenant_owner_can_list_and_retry_within_tenant" />
    </UnitTest>
    <UnitTest name="Appostolic.Api.Tests.Auth.RefreshPlaintextExposedFlagTests.Refresh_Omits_Plaintext_When_Flag_Disabled_Even_During_Grace" storage="/users/kevinmccreary/appostolic/apps/api.tests/bin/debug/net8.0/appostolic.api.tests.dll" id="82433354-13b4-cc2d-0a49-7402e6830aee">
      <Execution id="b6672917-5a45-4e13-b854-f18e7e4c41ae" />
      <TestMethod codeBase="/Users/kevinmccreary/appostolic/apps/api.tests/bin/Debug/net8.0/Appostolic.Api.Tests.dll" adapterTypeName="executor://xunit/VsTestRunner2/netcoreapp" className="Appostolic.Api.Tests.Auth.RefreshPlaintextExposedFlagTests" name="Refresh_Omits_Plaintext_When_Flag_Disabled_Even_During_Grace" />
    </UnitTest>
    <UnitTest name="Appostolic.Api.Tests.Auth.RefreshEndpointTests.Refresh_Allows_Body_Token_During_Grace" storage="/users/kevinmccreary/appostolic/apps/api.tests/bin/debug/net8.0/appostolic.api.tests.dll" id="9a27b4fd-a56b-4b8b-8cae-d2972183237d">
      <Execution id="4e483e01-c85d-40d3-a4c6-50a60792f026" />
      <TestMethod codeBase="/Users/kevinmccreary/appostolic/apps/api.tests/bin/Debug/net8.0/Appostolic.Api.Tests.dll" adapterTypeName="executor://xunit/VsTestRunner2/netcoreapp" className="Appostolic.Api.Tests.Auth.RefreshEndpointTests" name="Refresh_Allows_Body_Token_During_Grace" />
    </UnitTest>
    <UnitTest name="Appostolic.Api.AuthTests.LoginTenantSelectionTests.Login_MultiMembership_NoTenantParam_HasNoTenantToken" storage="/users/kevinmccreary/appostolic/apps/api.tests/bin/debug/net8.0/appostolic.api.tests.dll" id="15c612de-362f-873c-6b3e-94b2c6bfd929">
      <Execution id="5c12e740-3518-4a95-a778-2ebf931e9bac" />
      <TestMethod codeBase="/Users/kevinmccreary/appostolic/apps/api.tests/bin/Debug/net8.0/Appostolic.Api.Tests.dll" adapterTypeName="executor://xunit/VsTestRunner2/netcoreapp" className="Appostolic.Api.AuthTests.LoginTenantSelectionTests" name="Login_MultiMembership_NoTenantParam_HasNoTenantToken" />
    </UnitTest>
    <UnitTest name="Appostolic.Api.Tests.Api.UserAvatarEndpointsTests.UploadAvatar_Downscales_LargeImage_To512Webp" storage="/users/kevinmccreary/appostolic/apps/api.tests/bin/debug/net8.0/appostolic.api.tests.dll" id="7b4d03a5-c5c2-9d47-3b72-108b3108a4ac">
      <Execution id="1b968890-6013-47bc-867e-fb67286e6fe2" />
      <TestMethod codeBase="/Users/kevinmccreary/appostolic/apps/api.tests/bin/Debug/net8.0/Appostolic.Api.Tests.dll" adapterTypeName="executor://xunit/VsTestRunner2/netcoreapp" className="Appostolic.Api.Tests.Api.UserAvatarEndpointsTests" name="UploadAvatar_Downscales_LargeImage_To512Webp" />
    </UnitTest>
    <UnitTest name="Appostolic.Api.AuthTests.MagicConsumeJwtTests.MagicConsume_LegacyMode_ReturnsLegacyShape" storage="/users/kevinmccreary/appostolic/apps/api.tests/bin/debug/net8.0/appostolic.api.tests.dll" id="031a88f1-01c2-dd0e-3bdd-f14ee053d9ba">
      <Execution id="bc5862a4-1c7d-4c28-a7d2-db2481f23359" />
      <TestMethod codeBase="/Users/kevinmccreary/appostolic/apps/api.tests/bin/Debug/net8.0/Appostolic.Api.Tests.dll" adapterTypeName="executor://xunit/VsTestRunner2/netcoreapp" className="Appostolic.Api.AuthTests.MagicConsumeJwtTests" name="MagicConsume_LegacyMode_ReturnsLegacyShape" />
    </UnitTest>
    <UnitTest name="Appostolic.Api.Tests.Orchestrator.AgentOrchestratorTests.ToolMissing_FailsWithToolNotFound" storage="/users/kevinmccreary/appostolic/apps/api.tests/bin/debug/net8.0/appostolic.api.tests.dll" id="d9d051a9-d261-1011-dbde-e42b30d539a9">
      <Execution id="90ff804f-acec-4a6b-8bba-12dd6686dba1" />
      <TestMethod codeBase="/Users/kevinmccreary/appostolic/apps/api.tests/bin/Debug/net8.0/Appostolic.Api.Tests.dll" adapterTypeName="executor://xunit/VsTestRunner2/netcoreapp" className="Appostolic.Api.Tests.Orchestrator.AgentOrchestratorTests" name="ToolMissing_FailsWithToolNotFound" />
    </UnitTest>
    <UnitTest name="DbQueryToolTests.Select_lessons_where_id_param_object" storage="/users/kevinmccreary/appostolic/apps/api.tests/bin/debug/net8.0/appostolic.api.tests.dll" id="811026c2-41ce-4e18-121d-862774cd6272">
      <Execution id="760aec8b-7319-4208-b76e-a3d1e150fec3" />
      <TestMethod codeBase="/Users/kevinmccreary/appostolic/apps/api.tests/bin/Debug/net8.0/Appostolic.Api.Tests.dll" adapterTypeName="executor://xunit/VsTestRunner2/netcoreapp" className="DbQueryToolTests" name="Select_lessons_where_id_param_object" />
    </UnitTest>
    <UnitTest name="Appostolic.Api.Tests.Api.NotificationsProdEndpointsTests.Resend_returns_404_when_missing" storage="/users/kevinmccreary/appostolic/apps/api.tests/bin/debug/net8.0/appostolic.api.tests.dll" id="fdf88970-87c6-f740-810f-e878127ff782">
      <Execution id="32d0e6a6-84ea-4ae1-aa9f-2fd4272194d2" />
      <TestMethod codeBase="/Users/kevinmccreary/appostolic/apps/api.tests/bin/Debug/net8.0/Appostolic.Api.Tests.dll" adapterTypeName="executor://xunit/VsTestRunner2/netcoreapp" className="Appostolic.Api.Tests.Api.NotificationsProdEndpointsTests" name="Resend_returns_404_when_missing" />
    </UnitTest>
    <UnitTest name="Appostolic.Api.Tests.Api.AuditTrailTests.Set_roles_writes_audit_row_with_old_and_new_roles" storage="/users/kevinmccreary/appostolic/apps/api.tests/bin/debug/net8.0/appostolic.api.tests.dll" id="6b0df781-2303-2b77-2cc6-dbbd4c3e9e73">
      <Execution id="c1357a44-2d96-4c0f-be61-b3adb8969dbd" />
      <TestMethod codeBase="/Users/kevinmccreary/appostolic/apps/api.tests/bin/Debug/net8.0/Appostolic.Api.Tests.dll" adapterTypeName="executor://xunit/VsTestRunner2/netcoreapp" className="Appostolic.Api.Tests.Api.AuditTrailTests" name="Set_roles_writes_audit_row_with_old_and_new_roles" />
    </UnitTest>
    <UnitTest name="Appostolic.Api.Tests.Auth.RefreshCookieTests.Login_Sets_Refresh_Cookie_When_Flag_Enabled" storage="/users/kevinmccreary/appostolic/apps/api.tests/bin/debug/net8.0/appostolic.api.tests.dll" id="a4d15e3f-72fa-7dbe-1271-22c29f57d731">
      <Execution id="44296f7e-a788-441b-a99e-30e6c634b979" />
      <TestMethod codeBase="/Users/kevinmccreary/appostolic/apps/api.tests/bin/Debug/net8.0/Appostolic.Api.Tests.dll" adapterTypeName="executor://xunit/VsTestRunner2/netcoreapp" className="Appostolic.Api.Tests.Auth.RefreshCookieTests" name="Login_Sets_Refresh_Cookie_When_Flag_Enabled" />
    </UnitTest>
    <UnitTest name="Appostolic.Api.Tests.Api.UserAvatarEndpointsTests.UploadAvatar_Succeeds_WithPngUnder2MB" storage="/users/kevinmccreary/appostolic/apps/api.tests/bin/debug/net8.0/appostolic.api.tests.dll" id="689d43e4-6cb5-4009-1ac6-7e50bf4ccc94">
      <Execution id="d1350d05-bab3-49d1-9b64-f9978833a3b6" />
      <TestMethod codeBase="/Users/kevinmccreary/appostolic/apps/api.tests/bin/Debug/net8.0/Appostolic.Api.Tests.dll" adapterTypeName="executor://xunit/VsTestRunner2/netcoreapp" className="Appostolic.Api.Tests.Api.UserAvatarEndpointsTests" name="UploadAvatar_Succeeds_WithPngUnder2MB" />
    </UnitTest>
    <UnitTest name="Appostolic.Api.Tests.Auth.AccessTokenVersionTests.AccessToken_BecomesInvalid_AfterPasswordChange_IncrementsTokenVersion" storage="/users/kevinmccreary/appostolic/apps/api.tests/bin/debug/net8.0/appostolic.api.tests.dll" id="b1a86b7e-f06f-d34f-562a-cebd2aadc4a9">
      <Execution id="5d1cd02d-22ba-4d78-a0b8-caeac07c0c62" />
      <TestMethod codeBase="/Users/kevinmccreary/appostolic/apps/api.tests/bin/Debug/net8.0/Appostolic.Api.Tests.dll" adapterTypeName="executor://xunit/VsTestRunner2/netcoreapp" className="Appostolic.Api.Tests.Auth.AccessTokenVersionTests" name="AccessToken_BecomesInvalid_AfterPasswordChange_IncrementsTokenVersion" />
    </UnitTest>
    <UnitTest name="Appostolic.Api.Tests.Privacy.LoggingPIIScopeTests.EmailScope_OnlyRedacted_WhenHashingDisabled" storage="/users/kevinmccreary/appostolic/apps/api.tests/bin/debug/net8.0/appostolic.api.tests.dll" id="80249d75-0754-365e-161d-4f69eb53fd73">
      <Execution id="ceb27b01-4eed-4299-a735-d943f4d078cf" />
      <TestMethod codeBase="/Users/kevinmccreary/appostolic/apps/api.tests/bin/Debug/net8.0/Appostolic.Api.Tests.dll" adapterTypeName="executor://xunit/VsTestRunner2/netcoreapp" className="Appostolic.Api.Tests.Privacy.LoggingPIIScopeTests" name="EmailScope_OnlyRedacted_WhenHashingDisabled" />
    </UnitTest>
    <UnitTest name="Appostolic.Api.Tests.Auth.RefreshEndpointTests.Refresh_Fails_On_Reusing_Rotated_Token" storage="/users/kevinmccreary/appostolic/apps/api.tests/bin/debug/net8.0/appostolic.api.tests.dll" id="1cdc3975-db1c-58f2-7286-fa267b0aafb8">
      <Execution id="293338b6-5823-4a83-9648-7d223b344033" />
      <TestMethod codeBase="/Users/kevinmccreary/appostolic/apps/api.tests/bin/Debug/net8.0/Appostolic.Api.Tests.dll" adapterTypeName="executor://xunit/VsTestRunner2/netcoreapp" className="Appostolic.Api.Tests.Auth.RefreshEndpointTests" name="Refresh_Fails_On_Reusing_Rotated_Token" />
    </UnitTest>
    <UnitTest name="Appostolic.Api.Tests.Auth.DevHeadersDisabledTests.DevHeaders_Request_Fails_When_Flag_Disabled" storage="/users/kevinmccreary/appostolic/apps/api.tests/bin/debug/net8.0/appostolic.api.tests.dll" id="593e7065-7319-4b4c-29e4-d65d9f7c6c8e">
      <Execution id="ff6a9a2e-b4a3-4c5d-8534-b007e64986bb" />
      <TestMethod codeBase="/Users/kevinmccreary/appostolic/apps/api.tests/bin/Debug/net8.0/Appostolic.Api.Tests.dll" adapterTypeName="executor://xunit/VsTestRunner2/netcoreapp" className="Appostolic.Api.Tests.Auth.DevHeadersDisabledTests" name="DevHeaders_Request_Fails_When_Flag_Disabled" />
    </UnitTest>
    <UnitTest name="Appostolic.Api.Tests.AgentTasks.AgentTasksListFilterPaginationTests.Status_Filter_Is_CaseInsensitive" storage="/users/kevinmccreary/appostolic/apps/api.tests/bin/debug/net8.0/appostolic.api.tests.dll" id="f0724dde-c441-a83f-2f8e-78db9d6adb66">
      <Execution id="89f4017c-b407-4a75-b28e-2fcd6f11c521" />
      <TestMethod codeBase="/Users/kevinmccreary/appostolic/apps/api.tests/bin/Debug/net8.0/Appostolic.Api.Tests.dll" adapterTypeName="executor://xunit/VsTestRunner2/netcoreapp" className="Appostolic.Api.Tests.AgentTasks.AgentTasksListFilterPaginationTests" name="Status_Filter_Is_CaseInsensitive" />
    </UnitTest>
    <UnitTest name="Appostolic.Api.Tests.Privacy.PIIHasherTests.HashEmail_Differs_WithDifferentPepper" storage="/users/kevinmccreary/appostolic/apps/api.tests/bin/debug/net8.0/appostolic.api.tests.dll" id="8c322062-c901-cc6c-6cc7-399543893d6b">
      <Execution id="0b330f28-5888-407e-adab-55708201ac5f" />
      <TestMethod codeBase="/Users/kevinmccreary/appostolic/apps/api.tests/bin/Debug/net8.0/Appostolic.Api.Tests.dll" adapterTypeName="executor://xunit/VsTestRunner2/netcoreapp" className="Appostolic.Api.Tests.Privacy.PIIHasherTests" name="HashEmail_Differs_WithDifferentPepper" />
    </UnitTest>
    <UnitTest name="Appostolic.Api.Tests.Orchestrator.AgentOrchestratorTests.ToolNotAllowed_FailsAndTracesFailure" storage="/users/kevinmccreary/appostolic/apps/api.tests/bin/debug/net8.0/appostolic.api.tests.dll" id="cc013720-f8b7-b972-40e8-34c7328bfdae">
      <Execution id="8409684b-442b-41ac-a24d-3ba2bac836e9" />
      <TestMethod codeBase="/Users/kevinmccreary/appostolic/apps/api.tests/bin/Debug/net8.0/Appostolic.Api.Tests.dll" adapterTypeName="executor://xunit/VsTestRunner2/netcoreapp" className="Appostolic.Api.Tests.Orchestrator.AgentOrchestratorTests" name="ToolNotAllowed_FailsAndTracesFailure" />
    </UnitTest>
    <UnitTest name="Appostolic.Api.Tests.AgentOrchestratorTests.Cancellation_StopsMidRun" storage="/users/kevinmccreary/appostolic/apps/api.tests/bin/debug/net8.0/appostolic.api.tests.dll" id="cb3a79b8-8a20-d72b-fe66-3be39a479486">
      <Execution id="14af4405-b6f7-403f-8936-b75672ae1399" />
      <TestMethod codeBase="/Users/kevinmccreary/appostolic/apps/api.tests/bin/Debug/net8.0/Appostolic.Api.Tests.dll" adapterTypeName="executor://xunit/VsTestRunner2/netcoreapp" className="Appostolic.Api.Tests.AgentOrchestratorTests" name="Cancellation_StopsMidRun" />
    </UnitTest>
    <UnitTest name="Appostolic.Api.Tests.Privacy.LoggingPIIScopeTests.EmailScope_IncludesRedactedAndHash_WhenEnabled" storage="/users/kevinmccreary/appostolic/apps/api.tests/bin/debug/net8.0/appostolic.api.tests.dll" id="4f65136b-b885-5c0a-1650-385c2d5ff86d">
      <Execution id="5197194b-7d3d-4323-b0ec-5b34aa008217" />
      <TestMethod codeBase="/Users/kevinmccreary/appostolic/apps/api.tests/bin/Debug/net8.0/Appostolic.Api.Tests.dll" adapterTypeName="executor://xunit/VsTestRunner2/netcoreapp" className="Appostolic.Api.Tests.Privacy.LoggingPIIScopeTests" name="EmailScope_IncludesRedactedAndHash_WhenEnabled" />
    </UnitTest>
    <UnitTest name="Appostolic.Api.Tests.Privacy.PIIRedactorTests.RedactEmail_Works(input: &quot;U@ex.com&quot;, expected: &quot;***U@ex.com&quot;)" storage="/users/kevinmccreary/appostolic/apps/api.tests/bin/debug/net8.0/appostolic.api.tests.dll" id="9a71281b-30b0-67b5-7395-398aae4c1d76">
      <Execution id="bae90d0d-74d1-4801-8473-775ef17c4c46" />
      <TestMethod codeBase="/Users/kevinmccreary/appostolic/apps/api.tests/bin/Debug/net8.0/Appostolic.Api.Tests.dll" adapterTypeName="executor://xunit/VsTestRunner2/netcoreapp" className="Appostolic.Api.Tests.Privacy.PIIRedactorTests" name="RedactEmail_Works" />
    </UnitTest>
    <UnitTest name="Appostolic.Api.Tests.Api.ToolCatalogTests.Tools_Catalog_Lists_Registered_Tools_With_Categories" storage="/users/kevinmccreary/appostolic/apps/api.tests/bin/debug/net8.0/appostolic.api.tests.dll" id="8f26075f-925c-4688-bf33-abe324c4e160">
      <Execution id="4f7d764b-9e34-4cc0-b064-c3841254fd25" />
      <TestMethod codeBase="/Users/kevinmccreary/appostolic/apps/api.tests/bin/Debug/net8.0/Appostolic.Api.Tests.dll" adapterTypeName="executor://xunit/VsTestRunner2/netcoreapp" className="Appostolic.Api.Tests.Api.ToolCatalogTests" name="Tools_Catalog_Lists_Registered_Tools_With_Categories" />
    </UnitTest>
    <UnitTest name="Appostolic.Api.Tests.Auth.LogoutTests.Logout_IdempotentSecondCall" storage="/users/kevinmccreary/appostolic/apps/api.tests/bin/debug/net8.0/appostolic.api.tests.dll" id="03348e85-c745-1baa-1fc9-a6f767c68de7">
      <Execution id="29997d44-6414-40ed-b6ce-06012bb41cd0" />
      <TestMethod codeBase="/Users/kevinmccreary/appostolic/apps/api.tests/bin/Debug/net8.0/Appostolic.Api.Tests.dll" adapterTypeName="executor://xunit/VsTestRunner2/netcoreapp" className="Appostolic.Api.Tests.Auth.LogoutTests" name="Logout_IdempotentSecondCall" />
    </UnitTest>
    <UnitTest name="Appostolic.Api.Tests.Api.InvitesAcceptTests.Accept_With_Invalid_Token_Fails" storage="/users/kevinmccreary/appostolic/apps/api.tests/bin/debug/net8.0/appostolic.api.tests.dll" id="81f70a90-5f17-3107-1751-37f6a5b41791">
      <Execution id="bb243b12-351e-48fc-aa8b-edb6eb6d151e" />
      <TestMethod codeBase="/Users/kevinmccreary/appostolic/apps/api.tests/bin/Debug/net8.0/Appostolic.Api.Tests.dll" adapterTypeName="executor://xunit/VsTestRunner2/netcoreapp" className="Appostolic.Api.Tests.Api.InvitesAcceptTests" name="Accept_With_Invalid_Token_Fails" />
    </UnitTest>
    <UnitTest name="Appostolic.Api.Tests.Api.NotificationsProdEndpointsTests.Tenant_owner_can_resend_within_tenant_and_is_forbidden_cross_tenant" storage="/users/kevinmccreary/appostolic/apps/api.tests/bin/debug/net8.0/appostolic.api.tests.dll" id="ee7b51d2-d8a7-715d-70ab-159c7293568a">
      <Execution id="066569d1-19be-4071-a7e3-0586f1907823" />
      <TestMethod codeBase="/Users/kevinmccreary/appostolic/apps/api.tests/bin/Debug/net8.0/Appostolic.Api.Tests.dll" adapterTypeName="executor://xunit/VsTestRunner2/netcoreapp" className="Appostolic.Api.Tests.Api.NotificationsProdEndpointsTests" name="Tenant_owner_can_resend_within_tenant_and_is_forbidden_cross_tenant" />
    </UnitTest>
    <UnitTest name="Appostolic.Api.Tests.Api.InvitesAcceptTests.Accept_SignedIn_User_Matches_Invite_Creates_Membership" storage="/users/kevinmccreary/appostolic/apps/api.tests/bin/debug/net8.0/appostolic.api.tests.dll" id="7bfc22d7-9c12-bb6d-b1ad-6ad8a8f51b4d">
      <Execution id="c3c64a3c-92e7-42a7-b3b9-a5274f66dae5" />
      <TestMethod codeBase="/Users/kevinmccreary/appostolic/apps/api.tests/bin/Debug/net8.0/Appostolic.Api.Tests.dll" adapterTypeName="executor://xunit/VsTestRunner2/netcoreapp" className="Appostolic.Api.Tests.Api.InvitesAcceptTests" name="Accept_SignedIn_User_Matches_Invite_Creates_Membership" />
    </UnitTest>
    <UnitTest name="Appostolic.Api.Tests.SwaggerEndpointTests.SwaggerJson_ReturnsOpenApiDocument" storage="/users/kevinmccreary/appostolic/apps/api.tests/bin/debug/net8.0/appostolic.api.tests.dll" id="f40065b9-7c11-5cb0-fc3c-72a39c2af769">
      <Execution id="29df06b6-7c8b-48d4-a25b-9a6449da2bc1" />
      <TestMethod codeBase="/Users/kevinmccreary/appostolic/apps/api.tests/bin/Debug/net8.0/Appostolic.Api.Tests.dll" adapterTypeName="executor://xunit/VsTestRunner2/netcoreapp" className="Appostolic.Api.Tests.SwaggerEndpointTests" name="SwaggerJson_ReturnsOpenApiDocument" />
    </UnitTest>
    <UnitTest name="Appostolic.Api.Tests.E2E.AgentTasksE2E_Golden.HappyPath_projection_matches_golden_fixture" storage="/users/kevinmccreary/appostolic/apps/api.tests/bin/debug/net8.0/appostolic.api.tests.dll" id="e1e10047-9c95-2461-ef88-42d3da0fbb82">
      <Execution id="1298b34d-23d8-45f1-aaba-128f30420b7e" />
      <TestMethod codeBase="/Users/kevinmccreary/appostolic/apps/api.tests/bin/Debug/net8.0/Appostolic.Api.Tests.dll" adapterTypeName="executor://xunit/VsTestRunner2/netcoreapp" className="Appostolic.Api.Tests.E2E.AgentTasksE2E_Golden" name="HappyPath_projection_matches_golden_fixture" />
    </UnitTest>
    <UnitTest name="Appostolic.Api.Tests.Notifications.AutoResendScannerTests.Skips_when_disabled" storage="/users/kevinmccreary/appostolic/apps/api.tests/bin/debug/net8.0/appostolic.api.tests.dll" id="e4ef9dda-68e5-63b6-ccb6-0b8c602aab58">
      <Execution id="909e9a6e-c71e-4155-bd28-0f41eb8cf244" />
      <TestMethod codeBase="/Users/kevinmccreary/appostolic/apps/api.tests/bin/Debug/net8.0/Appostolic.Api.Tests.dll" adapterTypeName="executor://xunit/VsTestRunner2/netcoreapp" className="Appostolic.Api.Tests.Notifications.AutoResendScannerTests" name="Skips_when_disabled" />
    </UnitTest>
    <UnitTest name="Appostolic.Api.Tests.Api.AgentsEndpointsTests.Agents_Validation_Errors" storage="/users/kevinmccreary/appostolic/apps/api.tests/bin/debug/net8.0/appostolic.api.tests.dll" id="e74b4a4d-4fe0-004f-1c01-e9508924afd9">
      <Execution id="be415c8c-bb36-4be8-916a-1e2c8fcf78a4" />
      <TestMethod codeBase="/Users/kevinmccreary/appostolic/apps/api.tests/bin/Debug/net8.0/Appostolic.Api.Tests.dll" adapterTypeName="executor://xunit/VsTestRunner2/netcoreapp" className="Appostolic.Api.Tests.Api.AgentsEndpointsTests" name="Agents_Validation_Errors" />
    </UnitTest>
    <UnitTest name="Appostolic.Api.Tests.Api.AgentTasksEndpointsTests.List_Pending_ReturnsCreatedFirst" storage="/users/kevinmccreary/appostolic/apps/api.tests/bin/debug/net8.0/appostolic.api.tests.dll" id="6af85923-8d05-0c62-0cc5-a5120df2d8e5">
      <Execution id="86f567ef-faa7-4003-9a50-b52603718192" />
      <TestMethod codeBase="/Users/kevinmccreary/appostolic/apps/api.tests/bin/Debug/net8.0/Appostolic.Api.Tests.dll" adapterTypeName="executor://xunit/VsTestRunner2/netcoreapp" className="Appostolic.Api.Tests.Api.AgentTasksEndpointsTests" name="List_Pending_ReturnsCreatedFirst" />
    </UnitTest>
    <UnitTest name="Appostolic.Api.Tests.Auth.RefreshPlaintextExposedFlagTests.Login_Hides_Plaintext_When_Flag_Disabled" storage="/users/kevinmccreary/appostolic/apps/api.tests/bin/debug/net8.0/appostolic.api.tests.dll" id="f03cc5c5-1609-8527-f708-7a0678904e86">
      <Execution id="61f45bfe-5ebb-477c-98fa-e00868c4a36f" />
      <TestMethod codeBase="/Users/kevinmccreary/appostolic/apps/api.tests/bin/Debug/net8.0/Appostolic.Api.Tests.dll" adapterTypeName="executor://xunit/VsTestRunner2/netcoreapp" className="Appostolic.Api.Tests.Auth.RefreshPlaintextExposedFlagTests" name="Login_Hides_Plaintext_When_Flag_Disabled" />
    </UnitTest>
    <UnitTest name="Appostolic.Api.Tests.Api.MembersManagementTests.Remove_TenantAdmin_flag_when_another_admin_exists" storage="/users/kevinmccreary/appostolic/apps/api.tests/bin/debug/net8.0/appostolic.api.tests.dll" id="4019b427-1ede-c217-da18-40ffe6d2092f">
      <Execution id="2f292e9f-7569-47f4-a8a0-740dc9daf076" />
      <TestMethod codeBase="/Users/kevinmccreary/appostolic/apps/api.tests/bin/Debug/net8.0/Appostolic.Api.Tests.dll" adapterTypeName="executor://xunit/VsTestRunner2/netcoreapp" className="Appostolic.Api.Tests.Api.MembersManagementTests" name="Remove_TenantAdmin_flag_when_another_admin_exists" />
    </UnitTest>
    <UnitTest name="Appostolic.Api.AuthTests.LoginRolesConvergenceTests.Login_DoesNotMutate_MismatchedRolesBitmask_AfterLegacyConvergenceRemoval" storage="/users/kevinmccreary/appostolic/apps/api.tests/bin/debug/net8.0/appostolic.api.tests.dll" id="fc8062f2-c6b8-9311-dc63-8d39d262fd14">
      <Execution id="6e290d32-5ffc-4a8b-86a1-f88149e9940e" />
      <TestMethod codeBase="/Users/kevinmccreary/appostolic/apps/api.tests/bin/Debug/net8.0/Appostolic.Api.Tests.dll" adapterTypeName="executor://xunit/VsTestRunner2/netcoreapp" className="Appostolic.Api.AuthTests.LoginRolesConvergenceTests" name="Login_DoesNotMutate_MismatchedRolesBitmask_AfterLegacyConvergenceRemoval" />
    </UnitTest>
    <UnitTest name="Appostolic.Api.Tests.ModelMappingTests.Notification_resend_fields_are_mapped_with_indexes" storage="/users/kevinmccreary/appostolic/apps/api.tests/bin/debug/net8.0/appostolic.api.tests.dll" id="caeaccb8-00ea-302b-441d-17caf5fd9b5d">
      <Execution id="627601f4-b79e-4e48-b329-27927ad59deb" />
      <TestMethod codeBase="/Users/kevinmccreary/appostolic/apps/api.tests/bin/Debug/net8.0/Appostolic.Api.Tests.dll" adapterTypeName="executor://xunit/VsTestRunner2/netcoreapp" className="Appostolic.Api.Tests.ModelMappingTests" name="Notification_resend_fields_are_mapped_with_indexes" />
    </UnitTest>
    <UnitTest name="Appostolic.Api.Tests.Storage.S3ObjectStorageServiceTests.UploadAsync_UploadsWithPublicReadAndCacheControl_ReturnsPublicBaseUrl" storage="/users/kevinmccreary/appostolic/apps/api.tests/bin/debug/net8.0/appostolic.api.tests.dll" id="12982ac4-b6b0-e458-3676-ece493490c27">
      <Execution id="3ca9fec8-c20a-4428-b1ba-2e8f109596a3" />
      <TestMethod codeBase="/Users/kevinmccreary/appostolic/apps/api.tests/bin/Debug/net8.0/Appostolic.Api.Tests.dll" adapterTypeName="executor://xunit/VsTestRunner2/netcoreapp" className="Appostolic.Api.Tests.Storage.S3ObjectStorageServiceTests" name="UploadAsync_UploadsWithPublicReadAndCacheControl_ReturnsPublicBaseUrl" />
    </UnitTest>
    <UnitTest name="Appostolic.Api.Tests.AgentTasks.AgentTasksListFilterPaginationTests.Date_Range_Filter_On_CreatedAt" storage="/users/kevinmccreary/appostolic/apps/api.tests/bin/debug/net8.0/appostolic.api.tests.dll" id="ad304976-430a-8b69-e0d9-931ece855b31">
      <Execution id="7d4a88cb-0508-435a-a696-df3ace06cf8e" />
      <TestMethod codeBase="/Users/kevinmccreary/appostolic/apps/api.tests/bin/Debug/net8.0/Appostolic.Api.Tests.dll" adapterTypeName="executor://xunit/VsTestRunner2/netcoreapp" className="Appostolic.Api.Tests.AgentTasks.AgentTasksListFilterPaginationTests" name="Date_Range_Filter_On_CreatedAt" />
    </UnitTest>
    <UnitTest name="Appostolic.Api.Tests.EmailDispatcherTests.Dispatcher_logs_correlation_fields_when_present" storage="/users/kevinmccreary/appostolic/apps/api.tests/bin/debug/net8.0/appostolic.api.tests.dll" id="d079b60f-9bd9-c7a1-855f-178e519346dc">
      <Execution id="eba2457a-dde4-41de-b02f-512d0659246a" />
      <TestMethod codeBase="/Users/kevinmccreary/appostolic/apps/api.tests/bin/Debug/net8.0/Appostolic.Api.Tests.dll" adapterTypeName="executor://xunit/VsTestRunner2/netcoreapp" className="Appostolic.Api.Tests.EmailDispatcherTests" name="Dispatcher_logs_correlation_fields_when_present" />
    </UnitTest>
    <UnitTest name="Appostolic.Api.Tests.Api.AssignmentsApiTests.Non_admin_cannot_set_roles" storage="/users/kevinmccreary/appostolic/apps/api.tests/bin/debug/net8.0/appostolic.api.tests.dll" id="fc6317ac-4f9e-d443-bb9c-db2ea41d1b6d">
      <Execution id="e9a47c01-a041-434f-979b-40f44748c49a" />
      <TestMethod codeBase="/Users/kevinmccreary/appostolic/apps/api.tests/bin/Debug/net8.0/Appostolic.Api.Tests.dll" adapterTypeName="executor://xunit/VsTestRunner2/netcoreapp" className="Appostolic.Api.Tests.Api.AssignmentsApiTests" name="Non_admin_cannot_set_roles" />
    </UnitTest>
    <UnitTest name="Appostolic.Api.Tests.Auth.RefreshCookieTests.SelectTenant_Rotates_Refresh_Cookie" storage="/users/kevinmccreary/appostolic/apps/api.tests/bin/debug/net8.0/appostolic.api.tests.dll" id="cae1921b-1ff8-8185-1634-73062e14bb95">
      <Execution id="8939137a-fcbb-4db5-8b7e-db8ea11e01b9" />
      <TestMethod codeBase="/Users/kevinmccreary/appostolic/apps/api.tests/bin/Debug/net8.0/Appostolic.Api.Tests.dll" adapterTypeName="executor://xunit/VsTestRunner2/netcoreapp" className="Appostolic.Api.Tests.Auth.RefreshCookieTests" name="SelectTenant_Rotates_Refresh_Cookie" />
    </UnitTest>
    <UnitTest name="Appostolic.Api.AuthTests.LoginRolesSerializationTests.Login_IncludesRolesBitmaskOnMembership" storage="/users/kevinmccreary/appostolic/apps/api.tests/bin/debug/net8.0/appostolic.api.tests.dll" id="545ffb6d-3098-01fc-1bfd-d18b0f6ea861">
      <Execution id="41d6b072-5cdc-45c2-8f93-514f905ade56" />
      <TestMethod codeBase="/Users/kevinmccreary/appostolic/apps/api.tests/bin/Debug/net8.0/Appostolic.Api.Tests.dll" adapterTypeName="executor://xunit/VsTestRunner2/netcoreapp" className="Appostolic.Api.AuthTests.LoginRolesSerializationTests" name="Login_IncludesRolesBitmaskOnMembership" />
    </UnitTest>
    <UnitTest name="Appostolic.Api.AuthTests.AuthTestClientTests.UseAutoTenantAsync_AttachesTenantWhenAvailable" storage="/users/kevinmccreary/appostolic/apps/api.tests/bin/debug/net8.0/appostolic.api.tests.dll" id="14d738f3-d455-8460-7967-9bdaa9faefb8">
      <Execution id="71f4fbdd-7259-4f4c-b1f1-6ac043038720" />
      <TestMethod codeBase="/Users/kevinmccreary/appostolic/apps/api.tests/bin/Debug/net8.0/Appostolic.Api.Tests.dll" adapterTypeName="executor://xunit/VsTestRunner2/netcoreapp" className="Appostolic.Api.AuthTests.AuthTestClientTests" name="UseAutoTenantAsync_AttachesTenantWhenAvailable" />
    </UnitTest>
    <UnitTest name="WebSearchToolTests.Take_limits_results" storage="/users/kevinmccreary/appostolic/apps/api.tests/bin/debug/net8.0/appostolic.api.tests.dll" id="691bf80d-9ec7-7de8-ad81-702e4cdb8bfd">
      <Execution id="4daa70ef-ba8c-4697-9a02-ba368a0a1353" />
      <TestMethod codeBase="/Users/kevinmccreary/appostolic/apps/api.tests/bin/Debug/net8.0/Appostolic.Api.Tests.dll" adapterTypeName="executor://xunit/VsTestRunner2/netcoreapp" className="WebSearchToolTests" name="Take_limits_results" />
    </UnitTest>
    <UnitTest name="Appostolic.Api.Tests.Api.UserAvatarEndpointsTests.UploadAvatar_Rejects_TooLarge" storage="/users/kevinmccreary/appostolic/apps/api.tests/bin/debug/net8.0/appostolic.api.tests.dll" id="eac43a08-1201-428f-7efa-904ba4876682">
      <Execution id="44c1e6f7-1222-44de-8778-c1b49705eab0" />
      <TestMethod codeBase="/Users/kevinmccreary/appostolic/apps/api.tests/bin/Debug/net8.0/Appostolic.Api.Tests.dll" adapterTypeName="executor://xunit/VsTestRunner2/netcoreapp" className="Appostolic.Api.Tests.Api.UserAvatarEndpointsTests" name="UploadAvatar_Rejects_TooLarge" />
    </UnitTest>
    <UnitTest name="Appostolic.Api.Tests.Api.UserProfileEndpointsTests.Put_me_rejects_non_object_body" storage="/users/kevinmccreary/appostolic/apps/api.tests/bin/debug/net8.0/appostolic.api.tests.dll" id="1a80fecc-6ef5-c4ed-4650-dbe09ce92e46">
      <Execution id="c695fb87-09e5-41d3-9372-eb1bd5b019b8" />
      <TestMethod codeBase="/Users/kevinmccreary/appostolic/apps/api.tests/bin/Debug/net8.0/Appostolic.Api.Tests.dll" adapterTypeName="executor://xunit/VsTestRunner2/netcoreapp" className="Appostolic.Api.Tests.Api.UserProfileEndpointsTests" name="Put_me_rejects_non_object_body" />
    </UnitTest>
    <UnitTest name="Appostolic.Api.Tests.AgentTasks.AgentTasksCancelRetryTests.Cancel_Terminal_Task_Returns409" storage="/users/kevinmccreary/appostolic/apps/api.tests/bin/debug/net8.0/appostolic.api.tests.dll" id="50c609b5-3f14-814d-a1e7-5260305a9b12">
      <Execution id="46d9a9d6-b1be-4dcd-96d1-3d1ba34d77ca" />
      <TestMethod codeBase="/Users/kevinmccreary/appostolic/apps/api.tests/bin/Debug/net8.0/Appostolic.Api.Tests.dll" adapterTypeName="executor://xunit/VsTestRunner2/netcoreapp" className="Appostolic.Api.Tests.AgentTasks.AgentTasksCancelRetryTests" name="Cancel_Terminal_Task_Returns409" />
    </UnitTest>
    <UnitTest name="Appostolic.Api.Tests.Auth.LogoutTests.MissingRefreshToken_OnSingleLogout_Returns400" storage="/users/kevinmccreary/appostolic/apps/api.tests/bin/debug/net8.0/appostolic.api.tests.dll" id="4a92a767-460d-55d3-4f0a-171bb9bfa6db">
      <Execution id="2bdb6868-2aa6-46ea-92e5-3defc5f59a38" />
      <TestMethod codeBase="/Users/kevinmccreary/appostolic/apps/api.tests/bin/Debug/net8.0/Appostolic.Api.Tests.dll" adapterTypeName="executor://xunit/VsTestRunner2/netcoreapp" className="Appostolic.Api.Tests.Auth.LogoutTests" name="MissingRefreshToken_OnSingleLogout_Returns400" />
    </UnitTest>
    <UnitTest name="Appostolic.Api.Tests.Api.TenantSettingsEndpointsTests.Get_Settings_Returns_Empty_Object_When_Null" storage="/users/kevinmccreary/appostolic/apps/api.tests/bin/debug/net8.0/appostolic.api.tests.dll" id="b0d19a9b-4021-9eed-3094-0cb81617cae0">
      <Execution id="12fe0874-979d-4d50-82e6-36a3ff1d5c68" />
      <TestMethod codeBase="/Users/kevinmccreary/appostolic/apps/api.tests/bin/Debug/net8.0/Appostolic.Api.Tests.dll" adapterTypeName="executor://xunit/VsTestRunner2/netcoreapp" className="Appostolic.Api.Tests.Api.TenantSettingsEndpointsTests" name="Get_Settings_Returns_Empty_Object_When_Null" />
    </UnitTest>
    <UnitTest name="Appostolic.Api.Tests.E2E.AgentTasksE2E_Allowlist.Allowlist_Denied_Tool_Produces_Failed_Task_With_Error_Trace" storage="/users/kevinmccreary/appostolic/apps/api.tests/bin/debug/net8.0/appostolic.api.tests.dll" id="8a436d67-15f2-8a6f-b3c8-3df7d72a7066">
      <Execution id="cc276aff-c8f9-435f-8c1c-442ef812f007" />
      <TestMethod codeBase="/Users/kevinmccreary/appostolic/apps/api.tests/bin/Debug/net8.0/Appostolic.Api.Tests.dll" adapterTypeName="executor://xunit/VsTestRunner2/netcoreapp" className="Appostolic.Api.Tests.E2E.AgentTasksE2E_Allowlist" name="Allowlist_Denied_Tool_Produces_Failed_Task_With_Error_Trace" />
    </UnitTest>
    <UnitTest name="Appostolic.Api.Tests.Api.InvitesRolesFlagsTests.Create_Invite_With_Roles_Flags_Persists_And_Lists" storage="/users/kevinmccreary/appostolic/apps/api.tests/bin/debug/net8.0/appostolic.api.tests.dll" id="04a8bdbc-fefc-28fe-9d41-eb27166daebb">
      <Execution id="4cbcd0a2-c481-49c8-975c-8cd680fe2eeb" />
      <TestMethod codeBase="/Users/kevinmccreary/appostolic/apps/api.tests/bin/Debug/net8.0/Appostolic.Api.Tests.dll" adapterTypeName="executor://xunit/VsTestRunner2/netcoreapp" className="Appostolic.Api.Tests.Api.InvitesRolesFlagsTests" name="Create_Invite_With_Roles_Flags_Persists_And_Lists" />
    </UnitTest>
    <UnitTest name="Appostolic.Api.Tests.Api.AgentTasksEndpointsTests.CreateTask_Returns201AndSummary" storage="/users/kevinmccreary/appostolic/apps/api.tests/bin/debug/net8.0/appostolic.api.tests.dll" id="9c020064-9cbb-7975-d5c0-9dc48d581775">
      <Execution id="134793af-bdb9-493d-9428-203931f72269" />
      <TestMethod codeBase="/Users/kevinmccreary/appostolic/apps/api.tests/bin/Debug/net8.0/Appostolic.Api.Tests.dll" adapterTypeName="executor://xunit/VsTestRunner2/netcoreapp" className="Appostolic.Api.Tests.Api.AgentTasksEndpointsTests" name="CreateTask_Returns201AndSummary" />
    </UnitTest>
    <UnitTest name="Appostolic.Api.Tests.AgentOrchestratorTests.ToolNotAllowed_FailsAndTracesFailure" storage="/users/kevinmccreary/appostolic/apps/api.tests/bin/debug/net8.0/appostolic.api.tests.dll" id="eba2e046-3c6c-f48b-f85f-b23828d8319b">
      <Execution id="86a7e590-dbc8-47d6-b41b-ae72a2b16fb3" />
      <TestMethod codeBase="/Users/kevinmccreary/appostolic/apps/api.tests/bin/Debug/net8.0/Appostolic.Api.Tests.dll" adapterTypeName="executor://xunit/VsTestRunner2/netcoreapp" className="Appostolic.Api.Tests.AgentOrchestratorTests" name="ToolNotAllowed_FailsAndTracesFailure" />
    </UnitTest>
    <UnitTest name="Appostolic.Api.Tests.Api.NotificationsWebhookTests.SendGridWebhook_forbidden_when_token_mismatch" storage="/users/kevinmccreary/appostolic/apps/api.tests/bin/debug/net8.0/appostolic.api.tests.dll" id="c3e1478d-2cae-8f80-3a89-04eb9dac0acb">
      <Execution id="d6b1b90f-1c72-45a3-a7b1-6a13c0a633c5" />
      <TestMethod codeBase="/Users/kevinmccreary/appostolic/apps/api.tests/bin/Debug/net8.0/Appostolic.Api.Tests.dll" adapterTypeName="executor://xunit/VsTestRunner2/netcoreapp" className="Appostolic.Api.Tests.Api.NotificationsWebhookTests" name="SendGridWebhook_forbidden_when_token_mismatch" />
    </UnitTest>
    <UnitTest name="Appostolic.Api.Tests.AgentTasks.AgentTasksListFilterPaginationTests.FreeText_Q_Search_On_Input_And_User" storage="/users/kevinmccreary/appostolic/apps/api.tests/bin/debug/net8.0/appostolic.api.tests.dll" id="94524c04-7158-8472-e876-43b26f76e4f4">
      <Execution id="84c9147c-85d9-4608-8774-1c45503199aa" />
      <TestMethod codeBase="/Users/kevinmccreary/appostolic/apps/api.tests/bin/Debug/net8.0/Appostolic.Api.Tests.dll" adapterTypeName="executor://xunit/VsTestRunner2/netcoreapp" className="Appostolic.Api.Tests.AgentTasks.AgentTasksListFilterPaginationTests" name="FreeText_Q_Search_On_Input_And_User" />
    </UnitTest>
    <UnitTest name="Appostolic.Api.Tests.Worker.AgentTaskWorkerTests.Pending_To_Running_To_Succeeded_With_Traces" storage="/users/kevinmccreary/appostolic/apps/api.tests/bin/debug/net8.0/appostolic.api.tests.dll" id="87a5b8a9-e5bd-8c6e-5a6c-5815a0bd8c39">
      <Execution id="6a238b51-67ef-4e43-9ff2-50539dc0411e" />
      <TestMethod codeBase="/Users/kevinmccreary/appostolic/apps/api.tests/bin/Debug/net8.0/Appostolic.Api.Tests.dll" adapterTypeName="executor://xunit/VsTestRunner2/netcoreapp" className="Appostolic.Api.Tests.Worker.AgentTaskWorkerTests" name="Pending_To_Running_To_Succeeded_With_Traces" />
    </UnitTest>
    <UnitTest name="Appostolic.Api.Tests.Api.MembersListTests.Owner_can_list_members" storage="/users/kevinmccreary/appostolic/apps/api.tests/bin/debug/net8.0/appostolic.api.tests.dll" id="d8682838-1d38-dd8e-6c89-ae1bda81fecb">
      <Execution id="a3166aec-43ae-4e1c-8fc8-2488952d9179" />
      <TestMethod codeBase="/Users/kevinmccreary/appostolic/apps/api.tests/bin/Debug/net8.0/Appostolic.Api.Tests.dll" adapterTypeName="executor://xunit/VsTestRunner2/netcoreapp" className="Appostolic.Api.Tests.Api.MembersListTests" name="Owner_can_list_members" />
    </UnitTest>
    <UnitTest name="Appostolic.Api.Tests.Api.NotificationsWebhookTests.SendGridWebhook_updates_provider_status_when_token_matches" storage="/users/kevinmccreary/appostolic/apps/api.tests/bin/debug/net8.0/appostolic.api.tests.dll" id="c608eb38-09c4-17b8-a16b-ae9b91798432">
      <Execution id="0349a7af-004e-40aa-b132-4235d1757bb4" />
      <TestMethod codeBase="/Users/kevinmccreary/appostolic/apps/api.tests/bin/Debug/net8.0/Appostolic.Api.Tests.dll" adapterTypeName="executor://xunit/VsTestRunner2/netcoreapp" className="Appostolic.Api.Tests.Api.NotificationsWebhookTests" name="SendGridWebhook_updates_provider_status_when_token_matches" />
    </UnitTest>
    <UnitTest name="Appostolic.Api.Tests.Api.AuthPasswordFlowsTests.ChangePassword_WithAuth_UpdatesPassword" storage="/users/kevinmccreary/appostolic/apps/api.tests/bin/debug/net8.0/appostolic.api.tests.dll" id="7831f103-663f-8d24-4a8b-6bbe466d0837">
      <Execution id="6b69f0f4-84a0-4ebf-a973-57a4fa51c0a3" />
      <TestMethod codeBase="/Users/kevinmccreary/appostolic/apps/api.tests/bin/Debug/net8.0/Appostolic.Api.Tests.dll" adapterTypeName="executor://xunit/VsTestRunner2/netcoreapp" className="Appostolic.Api.Tests.Api.AuthPasswordFlowsTests" name="ChangePassword_WithAuth_UpdatesPassword" />
    </UnitTest>
    <UnitTest name="Appostolic.Api.Tests.Api.AssignmentsApiTests.List_memberships_requires_admin_and_returns_roles" storage="/users/kevinmccreary/appostolic/apps/api.tests/bin/debug/net8.0/appostolic.api.tests.dll" id="019214c2-5ff4-3fed-608d-44f050052b40">
      <Execution id="31633cee-27a3-4ab1-8366-e8feba4bae6c" />
      <TestMethod codeBase="/Users/kevinmccreary/appostolic/apps/api.tests/bin/Debug/net8.0/Appostolic.Api.Tests.dll" adapterTypeName="executor://xunit/VsTestRunner2/netcoreapp" className="Appostolic.Api.Tests.Api.AssignmentsApiTests" name="List_memberships_requires_admin_and_returns_roles" />
    </UnitTest>
    <UnitTest name="Appostolic.Api.Tests.Storage.ObjectStorageDeleteTests.Local_DeleteAsync_RemovesFile_WhenPresent" storage="/users/kevinmccreary/appostolic/apps/api.tests/bin/debug/net8.0/appostolic.api.tests.dll" id="a8bb0fab-56c6-938a-460b-3d46baedbbb6">
      <Execution id="07921bf2-885b-4343-84cb-4ec0512dad15" />
      <TestMethod codeBase="/Users/kevinmccreary/appostolic/apps/api.tests/bin/Debug/net8.0/Appostolic.Api.Tests.dll" adapterTypeName="executor://xunit/VsTestRunner2/netcoreapp" className="Appostolic.Api.Tests.Storage.ObjectStorageDeleteTests" name="Local_DeleteAsync_RemovesFile_WhenPresent" />
    </UnitTest>
    <UnitTest name="Appostolic.Api.AuthTests.LoginTenantSelectionTests.Login_MultiMembership_TenantSlug_EmitsTenantToken" storage="/users/kevinmccreary/appostolic/apps/api.tests/bin/debug/net8.0/appostolic.api.tests.dll" id="08f6a7e9-7601-1519-2953-5bafd6576a90">
      <Execution id="2d716545-3f04-4e2f-b8fb-365210dc8780" />
      <TestMethod codeBase="/Users/kevinmccreary/appostolic/apps/api.tests/bin/Debug/net8.0/Appostolic.Api.Tests.dll" adapterTypeName="executor://xunit/VsTestRunner2/netcoreapp" className="Appostolic.Api.AuthTests.LoginTenantSelectionTests" name="Login_MultiMembership_TenantSlug_EmitsTenantToken" />
    </UnitTest>
    <UnitTest name="Appostolic.Api.Tests.Model.TokenEstimatorTests.EstimateTokens_Heuristic_CeilPer4Chars(text: &quot;abcde&quot;, expected: 2)" storage="/users/kevinmccreary/appostolic/apps/api.tests/bin/debug/net8.0/appostolic.api.tests.dll" id="2f6106d4-2d27-0ec0-388a-a0a0d64b80ea">
      <Execution id="66ad9c24-4106-43ae-bf03-909fce39ac67" />
      <TestMethod codeBase="/Users/kevinmccreary/appostolic/apps/api.tests/bin/Debug/net8.0/Appostolic.Api.Tests.dll" adapterTypeName="executor://xunit/VsTestRunner2/netcoreapp" className="Appostolic.Api.Tests.Model.TokenEstimatorTests" name="EstimateTokens_Heuristic_CeilPer4Chars" />
    </UnitTest>
    <UnitTest name="Appostolic.Api.Tests.Auth.RefreshEndpointTests.Refresh_Fails_When_Token_Revoked_Reused" storage="/users/kevinmccreary/appostolic/apps/api.tests/bin/debug/net8.0/appostolic.api.tests.dll" id="99e95904-b1cc-e8af-b41d-62aea87d238b">
      <Execution id="cc096d2b-97fd-4a85-9d06-8e0347034df0" />
      <TestMethod codeBase="/Users/kevinmccreary/appostolic/apps/api.tests/bin/Debug/net8.0/Appostolic.Api.Tests.dll" adapterTypeName="executor://xunit/VsTestRunner2/netcoreapp" className="Appostolic.Api.Tests.Auth.RefreshEndpointTests" name="Refresh_Fails_When_Token_Revoked_Reused" />
    </UnitTest>
    <UnitTest name="Appostolic.Api.Tests.Api.AuthPasswordFlowsTests.ForgotPassword_AcceptsAndStoresToken_SendsEmail" storage="/users/kevinmccreary/appostolic/apps/api.tests/bin/debug/net8.0/appostolic.api.tests.dll" id="515d6282-fd19-872e-c191-d3eda2049a23">
      <Execution id="44ea17ab-20e9-47eb-815c-8c3342e60d5e" />
      <TestMethod codeBase="/Users/kevinmccreary/appostolic/apps/api.tests/bin/Debug/net8.0/Appostolic.Api.Tests.dll" adapterTypeName="executor://xunit/VsTestRunner2/netcoreapp" className="Appostolic.Api.Tests.Api.AuthPasswordFlowsTests" name="ForgotPassword_AcceptsAndStoresToken_SendsEmail" />
    </UnitTest>
    <UnitTest name="Appostolic.Api.AuthTests.LoginTests.Login_InvalidCredentials_Returns401" storage="/users/kevinmccreary/appostolic/apps/api.tests/bin/debug/net8.0/appostolic.api.tests.dll" id="12c3c514-0e1a-a711-90d4-344685873f0e">
      <Execution id="2bae33d4-13d6-4f2d-b92e-964815ce4fec" />
      <TestMethod codeBase="/Users/kevinmccreary/appostolic/apps/api.tests/bin/Debug/net8.0/Appostolic.Api.Tests.dll" adapterTypeName="executor://xunit/VsTestRunner2/netcoreapp" className="Appostolic.Api.AuthTests.LoginTests" name="Login_InvalidCredentials_Returns401" />
    </UnitTest>
    <UnitTest name="Appostolic.Api.AuthTests.LoginRolesConvergenceDisabledFlagTests.Login_DoesNotMutate_MismatchedRolesBitmask_WhenFlagEnabled" storage="/users/kevinmccreary/appostolic/apps/api.tests/bin/debug/net8.0/appostolic.api.tests.dll" id="b10f1150-1593-6330-afd8-9e2dab16d270">
      <Execution id="8efb7b05-9ef1-4e2e-99fc-46b5ac54f6e6" />
      <TestMethod codeBase="/Users/kevinmccreary/appostolic/apps/api.tests/bin/Debug/net8.0/Appostolic.Api.Tests.dll" adapterTypeName="executor://xunit/VsTestRunner2/netcoreapp" className="Appostolic.Api.AuthTests.LoginRolesConvergenceDisabledFlagTests" name="Login_DoesNotMutate_MismatchedRolesBitmask_WhenFlagEnabled" />
    </UnitTest>
    <UnitTest name="Appostolic.Api.Tests.Api.LegacyRoleWritePathDeprecationTests.Member_role_change_with_legacy_role_is_rejected" storage="/users/kevinmccreary/appostolic/apps/api.tests/bin/debug/net8.0/appostolic.api.tests.dll" id="10869424-9c0a-3745-5234-aab9897a3cf9">
      <Execution id="0c9c751c-caea-4eac-991d-b32af7edd5f0" />
      <TestMethod codeBase="/Users/kevinmccreary/appostolic/apps/api.tests/bin/Debug/net8.0/Appostolic.Api.Tests.dll" adapterTypeName="executor://xunit/VsTestRunner2/netcoreapp" className="Appostolic.Api.Tests.Api.LegacyRoleWritePathDeprecationTests" name="Member_role_change_with_legacy_role_is_rejected" />
    </UnitTest>
    <UnitTest name="Appostolic.Api.Tests.Privacy.UserProfileLoggingTests.GetMe_EmitsRedactedAndHash_NoRawEmail" storage="/users/kevinmccreary/appostolic/apps/api.tests/bin/debug/net8.0/appostolic.api.tests.dll" id="8de6077c-5e1e-7144-f76f-09a36a8fcab6">
      <Execution id="d022e440-595f-45c0-a1c4-da14c7f53673" />
      <TestMethod codeBase="/Users/kevinmccreary/appostolic/apps/api.tests/bin/Debug/net8.0/Appostolic.Api.Tests.dll" adapterTypeName="executor://xunit/VsTestRunner2/netcoreapp" className="Appostolic.Api.Tests.Privacy.UserProfileLoggingTests" name="GetMe_EmitsRedactedAndHash_NoRawEmail" />
    </UnitTest>
    <UnitTest name="DbQueryToolTests.Reject_non_select" storage="/users/kevinmccreary/appostolic/apps/api.tests/bin/debug/net8.0/appostolic.api.tests.dll" id="c8cdac31-ad32-9a02-508c-02a988e5e017">
      <Execution id="4710d243-6264-42f8-8ccd-715c76a32423" />
      <TestMethod codeBase="/Users/kevinmccreary/appostolic/apps/api.tests/bin/Debug/net8.0/Appostolic.Api.Tests.dll" adapterTypeName="executor://xunit/VsTestRunner2/netcoreapp" className="DbQueryToolTests" name="Reject_non_select" />
    </UnitTest>
    <UnitTest name="Appostolic.Api.AuthTests.LoginTenantSelectionTests.Login_MultiMembership_TenantAuto_Returns409" storage="/users/kevinmccreary/appostolic/apps/api.tests/bin/debug/net8.0/appostolic.api.tests.dll" id="ba2eb800-eb24-7df5-1df2-54952a0268c0">
      <Execution id="4e66aead-7fb7-4be3-a40c-6377f8d7cef7" />
      <TestMethod codeBase="/Users/kevinmccreary/appostolic/apps/api.tests/bin/Debug/net8.0/Appostolic.Api.Tests.dll" adapterTypeName="executor://xunit/VsTestRunner2/netcoreapp" className="Appostolic.Api.AuthTests.LoginTenantSelectionTests" name="Login_MultiMembership_TenantAuto_Returns409" />
    </UnitTest>
    <UnitTest name="Appostolic.Api.Tests.ModelMappingTests.AgentTask_Status_is_converted_as_string" storage="/users/kevinmccreary/appostolic/apps/api.tests/bin/debug/net8.0/appostolic.api.tests.dll" id="0f0c7731-d28a-bcbe-054f-641f024437ac">
      <Execution id="1615ab7c-1d1e-4a52-9aab-7c68059a987b" />
      <TestMethod codeBase="/Users/kevinmccreary/appostolic/apps/api.tests/bin/Debug/net8.0/Appostolic.Api.Tests.dll" adapterTypeName="executor://xunit/VsTestRunner2/netcoreapp" className="Appostolic.Api.Tests.ModelMappingTests" name="AgentTask_Status_is_converted_as_string" />
    </UnitTest>
    <UnitTest name="Appostolic.Api.Tests.Storage.ObjectStorageDeleteTests.S3_DeleteAsync_CallsDeleteObject" storage="/users/kevinmccreary/appostolic/apps/api.tests/bin/debug/net8.0/appostolic.api.tests.dll" id="c62ff6f8-900b-a165-229e-1d83d314982c">
      <Execution id="5cf2f0d0-5d2a-44bc-9c86-54d7e4d70252" />
      <TestMethod codeBase="/Users/kevinmccreary/appostolic/apps/api.tests/bin/Debug/net8.0/Appostolic.Api.Tests.dll" adapterTypeName="executor://xunit/VsTestRunner2/netcoreapp" className="Appostolic.Api.Tests.Storage.ObjectStorageDeleteTests" name="S3_DeleteAsync_CallsDeleteObject" />
    </UnitTest>
    <UnitTest name="Appostolic.Api.Tests.Api.NotificationsAdminEndpointsTests.Resend_history_lists_children_with_paging_and_scoping" storage="/users/kevinmccreary/appostolic/apps/api.tests/bin/debug/net8.0/appostolic.api.tests.dll" id="d59725be-2270-85f4-1a24-f28884383b83">
      <Execution id="87cbf344-8685-4b58-b80e-521b9091d51f" />
      <TestMethod codeBase="/Users/kevinmccreary/appostolic/apps/api.tests/bin/Debug/net8.0/Appostolic.Api.Tests.dll" adapterTypeName="executor://xunit/VsTestRunner2/netcoreapp" className="Appostolic.Api.Tests.Api.NotificationsAdminEndpointsTests" name="Resend_history_lists_children_with_paging_and_scoping" />
    </UnitTest>
    <UnitTest name="Appostolic.Api.Tests.Security.RoleAuthorizationTests.CreatorPolicy_Allows_WhenMembershipHasCreator" storage="/users/kevinmccreary/appostolic/apps/api.tests/bin/debug/net8.0/appostolic.api.tests.dll" id="90d1f61e-9ba1-ff1a-f0a6-e17acbda2dee">
      <Execution id="23c31988-5d41-4ef8-962a-fefc63a22a6d" />
      <TestMethod codeBase="/Users/kevinmccreary/appostolic/apps/api.tests/bin/Debug/net8.0/Appostolic.Api.Tests.dll" adapterTypeName="executor://xunit/VsTestRunner2/netcoreapp" className="Appostolic.Api.Tests.Security.RoleAuthorizationTests" name="CreatorPolicy_Allows_WhenMembershipHasCreator" />
    </UnitTest>
    <UnitTest name="FsWriteToolTests.Rejects_path_traversal" storage="/users/kevinmccreary/appostolic/apps/api.tests/bin/debug/net8.0/appostolic.api.tests.dll" id="94ec43a1-8d1a-e493-b213-b33a5a6877b2">
      <Execution id="0972ff35-7d16-4e9f-a446-32c87833e6dd" />
      <TestMethod codeBase="/Users/kevinmccreary/appostolic/apps/api.tests/bin/Debug/net8.0/Appostolic.Api.Tests.dll" adapterTypeName="executor://xunit/VsTestRunner2/netcoreapp" className="FsWriteToolTests" name="Rejects_path_traversal" />
    </UnitTest>
    <UnitTest name="Appostolic.Api.Tests.Api.UserPasswordEndpointsTests.Change_password_rejects_weak_password" storage="/users/kevinmccreary/appostolic/apps/api.tests/bin/debug/net8.0/appostolic.api.tests.dll" id="0210a45e-88de-5f73-c8f5-588d89c200fa">
      <Execution id="d952fc47-09a2-4a79-9f51-2cfc4fd8e086" />
      <TestMethod codeBase="/Users/kevinmccreary/appostolic/apps/api.tests/bin/Debug/net8.0/Appostolic.Api.Tests.dll" adapterTypeName="executor://xunit/VsTestRunner2/netcoreapp" className="Appostolic.Api.Tests.Api.UserPasswordEndpointsTests" name="Change_password_rejects_weak_password" />
    </UnitTest>
    <UnitTest name="Appostolic.Api.Tests.Model.TokenEstimatorTests.EstimateTokens_Heuristic_CeilPer4Chars(text: &quot;abcdefgh&quot;, expected: 2)" storage="/users/kevinmccreary/appostolic/apps/api.tests/bin/debug/net8.0/appostolic.api.tests.dll" id="2c0e3ce9-5829-44ef-fbae-e96e2c0f5de9">
      <Execution id="617a5e65-c85d-4033-a2f5-389d77b607e0" />
      <TestMethod codeBase="/Users/kevinmccreary/appostolic/apps/api.tests/bin/Debug/net8.0/Appostolic.Api.Tests.dll" adapterTypeName="executor://xunit/VsTestRunner2/netcoreapp" className="Appostolic.Api.Tests.Model.TokenEstimatorTests" name="EstimateTokens_Heuristic_CeilPer4Chars" />
    </UnitTest>
    <UnitTest name="Appostolic.Api.AuthTests.MagicConsumeJwtTests.MagicConsume_IssuesNeutralAndTenantTokens" storage="/users/kevinmccreary/appostolic/apps/api.tests/bin/debug/net8.0/appostolic.api.tests.dll" id="50bfa641-c9bd-abef-802c-d66f9615bab2">
      <Execution id="70926ea5-9f66-4821-8c89-3a3e9e093447" />
      <TestMethod codeBase="/Users/kevinmccreary/appostolic/apps/api.tests/bin/Debug/net8.0/Appostolic.Api.Tests.dll" adapterTypeName="executor://xunit/VsTestRunner2/netcoreapp" className="Appostolic.Api.AuthTests.MagicConsumeJwtTests" name="MagicConsume_IssuesNeutralAndTenantTokens" />
    </UnitTest>
    <UnitTest name="Appostolic.Api.Tests.Api.MembersListTests.Unauthenticated_request_returns_401_or_403" storage="/users/kevinmccreary/appostolic/apps/api.tests/bin/debug/net8.0/appostolic.api.tests.dll" id="214b8407-591b-5f7a-aa16-7961a8df13e5">
      <Execution id="3bc3f599-cb13-488b-87d3-3b9c76d0f552" />
      <TestMethod codeBase="/Users/kevinmccreary/appostolic/apps/api.tests/bin/Debug/net8.0/Appostolic.Api.Tests.dll" adapterTypeName="executor://xunit/VsTestRunner2/netcoreapp" className="Appostolic.Api.Tests.Api.MembersListTests" name="Unauthenticated_request_returns_401_or_403" />
    </UnitTest>
    <UnitTest name="FsWriteToolTests.Writes_file_under_root_and_returns_sha" storage="/users/kevinmccreary/appostolic/apps/api.tests/bin/debug/net8.0/appostolic.api.tests.dll" id="3494b3d5-98dd-209c-c4b4-d8d0bff712f0">
      <Execution id="047efd90-5199-4712-a851-71a04a30c8a4" />
      <TestMethod codeBase="/Users/kevinmccreary/appostolic/apps/api.tests/bin/Debug/net8.0/Appostolic.Api.Tests.dll" adapterTypeName="executor://xunit/VsTestRunner2/netcoreapp" className="FsWriteToolTests" name="Writes_file_under_root_and_returns_sha" />
    </UnitTest>
    <UnitTest name="Appostolic.Api.Tests.Api.NotificationsAdminEndpointsTests.Resend_dev_endpoint_creates_and_throttles" storage="/users/kevinmccreary/appostolic/apps/api.tests/bin/debug/net8.0/appostolic.api.tests.dll" id="e0724a8e-d699-09ac-c090-59791deb23d9">
      <Execution id="fcfd776c-a02a-4609-95b2-e597327891f7" />
      <TestMethod codeBase="/Users/kevinmccreary/appostolic/apps/api.tests/bin/Debug/net8.0/Appostolic.Api.Tests.dll" adapterTypeName="executor://xunit/VsTestRunner2/netcoreapp" className="Appostolic.Api.Tests.Api.NotificationsAdminEndpointsTests" name="Resend_dev_endpoint_creates_and_throttles" />
    </UnitTest>
    <UnitTest name="Appostolic.Api.Tests.Api.DevGrantRolesEndpointTests.Returns_400_for_invalid_role_name" storage="/users/kevinmccreary/appostolic/apps/api.tests/bin/debug/net8.0/appostolic.api.tests.dll" id="c14df636-a969-3c53-ec76-0aeb4c5b250c">
      <Execution id="b2f95c94-e8fa-48c6-be34-47c6517e77c4" />
      <TestMethod codeBase="/Users/kevinmccreary/appostolic/apps/api.tests/bin/Debug/net8.0/Appostolic.Api.Tests.dll" adapterTypeName="executor://xunit/VsTestRunner2/netcoreapp" className="Appostolic.Api.Tests.Api.DevGrantRolesEndpointTests" name="Returns_400_for_invalid_role_name" />
    </UnitTest>
    <UnitTest name="Appostolic.Api.Tests.EmailDispatcherTests.Enqueue_sends_via_sender" storage="/users/kevinmccreary/appostolic/apps/api.tests/bin/debug/net8.0/appostolic.api.tests.dll" id="c17747a3-eb4e-63bf-0bc9-279a4928ed40">
      <Execution id="aff0b2a4-240e-493d-9fd0-efcdfce3d670" />
      <TestMethod codeBase="/Users/kevinmccreary/appostolic/apps/api.tests/bin/Debug/net8.0/Appostolic.Api.Tests.dll" adapterTypeName="executor://xunit/VsTestRunner2/netcoreapp" className="Appostolic.Api.Tests.EmailDispatcherTests" name="Enqueue_sends_via_sender" />
    </UnitTest>
  </TestDefinitions>
  <TestEntries>
    <TestEntry testId="c608eb38-09c4-17b8-a16b-ae9b91798432" executionId="0349a7af-004e-40aa-b132-4235d1757bb4" testListId="8c84fa94-04c1-424b-9868-57a2d4851a1d" />
    <TestEntry testId="f6f9c7c7-2034-4809-9600-0c0282164e3f" executionId="31aff43b-cdb6-45f8-a065-c9d436d1c71d" testListId="8c84fa94-04c1-424b-9868-57a2d4851a1d" />
    <TestEntry testId="e74b4a4d-4fe0-004f-1c01-e9508924afd9" executionId="be415c8c-bb36-4be8-916a-1e2c8fcf78a4" testListId="8c84fa94-04c1-424b-9868-57a2d4851a1d" />
    <TestEntry testId="0f0c7731-d28a-bcbe-054f-641f024437ac" executionId="1615ab7c-1d1e-4a52-9aab-7c68059a987b" testListId="8c84fa94-04c1-424b-9868-57a2d4851a1d" />
    <TestEntry testId="1cde006b-fa5b-9bb3-7b8a-0a89c0448d58" executionId="9f2ca194-0958-4944-9204-8edb4fe284e9" testListId="8c84fa94-04c1-424b-9868-57a2d4851a1d" />
    <TestEntry testId="7bfc22d7-9c12-bb6d-b1ad-6ad8a8f51b4d" executionId="c3c64a3c-92e7-42a7-b3b9-a5274f66dae5" testListId="8c84fa94-04c1-424b-9868-57a2d4851a1d" />
    <TestEntry testId="5404549b-a3b0-871f-9a8d-c5b5f387dff4" executionId="cadd0321-269e-4829-9d3a-eaa0c586857c" testListId="8c84fa94-04c1-424b-9868-57a2d4851a1d" />
    <TestEntry testId="c8cdac31-ad32-9a02-508c-02a988e5e017" executionId="4710d243-6264-42f8-8ccd-715c76a32423" testListId="8c84fa94-04c1-424b-9868-57a2d4851a1d" />
    <TestEntry testId="f0e4d307-078d-a4e0-f168-b961578cd197" executionId="679762bb-e0e1-4991-b5d7-13cd0c162fce" testListId="8c84fa94-04c1-424b-9868-57a2d4851a1d" />
    <TestEntry testId="40e767b4-314a-d8ef-34b1-5c49d7ef55c4" executionId="36c857ad-a2bc-4ad2-9a74-16860d7e4512" testListId="8c84fa94-04c1-424b-9868-57a2d4851a1d" />
    <TestEntry testId="6af85923-8d05-0c62-0cc5-a5120df2d8e5" executionId="86f567ef-faa7-4003-9a50-b52603718192" testListId="8c84fa94-04c1-424b-9868-57a2d4851a1d" />
    <TestEntry testId="4f93dd2b-351a-bca6-2b8b-95fc20f20ddd" executionId="3ba1ca87-3a6c-42c9-83e2-0fb1e6ffaea9" testListId="8c84fa94-04c1-424b-9868-57a2d4851a1d" />
    <TestEntry testId="019214c2-5ff4-3fed-608d-44f050052b40" executionId="31633cee-27a3-4ab1-8366-e8feba4bae6c" testListId="8c84fa94-04c1-424b-9868-57a2d4851a1d" />
    <TestEntry testId="de1a3f8c-fdc8-053c-df76-ab275a18af97" executionId="5c9d7c81-bc75-4f3e-8dfd-984ee7a3a290" testListId="8c84fa94-04c1-424b-9868-57a2d4851a1d" />
    <TestEntry testId="b973efc5-dbc0-83fe-9a29-a83b6705f73f" executionId="c20b22d6-106b-43d5-ab79-7ee29e755237" testListId="8c84fa94-04c1-424b-9868-57a2d4851a1d" />
    <TestEntry testId="c64a9991-8173-cdf8-9198-d5935257f1a8" executionId="40683495-d738-4381-8d8f-422356688a2e" testListId="8c84fa94-04c1-424b-9868-57a2d4851a1d" />
    <TestEntry testId="21ae461c-c70e-da1d-6ae3-1fc6937d571a" executionId="337b8dda-c7cd-4f3c-ba30-edf6aadde448" testListId="8c84fa94-04c1-424b-9868-57a2d4851a1d" />
    <TestEntry testId="8f2edffb-b43d-5750-46cc-f6c9051abba5" executionId="a32ecf77-f4fd-43d7-b62b-18f9de608382" testListId="8c84fa94-04c1-424b-9868-57a2d4851a1d" />
    <TestEntry testId="4f12e680-b238-5f1e-d786-32a29acea93b" executionId="06c47d69-e637-42ee-82ee-b7cb4b885dee" testListId="8c84fa94-04c1-424b-9868-57a2d4851a1d" />
    <TestEntry testId="be1de379-3abe-1f02-3816-c02bcfed7529" executionId="34bcbd2f-4e05-44e4-89c9-9319466faa24" testListId="8c84fa94-04c1-424b-9868-57a2d4851a1d" />
    <TestEntry testId="811026c2-41ce-4e18-121d-862774cd6272" executionId="760aec8b-7319-4208-b76e-a3d1e150fec3" testListId="8c84fa94-04c1-424b-9868-57a2d4851a1d" />
    <TestEntry testId="9e2bc8ee-63e7-247f-c2c7-e16759561a39" executionId="7cce8a83-3093-44de-bacc-9ed14d0775c0" testListId="8c84fa94-04c1-424b-9868-57a2d4851a1d" />
    <TestEntry testId="e4ef9dda-68e5-63b6-ccb6-0b8c602aab58" executionId="909e9a6e-c71e-4155-bd28-0f41eb8cf244" testListId="8c84fa94-04c1-424b-9868-57a2d4851a1d" />
    <TestEntry testId="c5bff5b6-ebf0-af02-169d-7b3aa82f66ca" executionId="3871757a-98b2-4e33-b4e9-d3720948590e" testListId="8c84fa94-04c1-424b-9868-57a2d4851a1d" />
    <TestEntry testId="0210a45e-88de-5f73-c8f5-588d89c200fa" executionId="d952fc47-09a2-4a79-9f51-2cfc4fd8e086" testListId="8c84fa94-04c1-424b-9868-57a2d4851a1d" />
    <TestEntry testId="61b122ca-f3a1-21e8-0492-e3c660390b05" executionId="3691946f-2c7c-442e-b74f-c526635fded8" testListId="8c84fa94-04c1-424b-9868-57a2d4851a1d" />
    <TestEntry testId="2c0e3ce9-5829-44ef-fbae-e96e2c0f5de9" executionId="617a5e65-c85d-4033-a2f5-389d77b607e0" testListId="8c84fa94-04c1-424b-9868-57a2d4851a1d" />
    <TestEntry testId="1f65e069-4a6f-ccd5-bb6b-41fba0e75604" executionId="7dd0c50c-13a3-4cfb-bc40-43510ff6b92c" testListId="8c84fa94-04c1-424b-9868-57a2d4851a1d" />
    <TestEntry testId="57eb4321-b137-5017-063e-e3e669ff6aa8" executionId="a648f677-9b80-4324-961a-e16dce94672c" testListId="8c84fa94-04c1-424b-9868-57a2d4851a1d" />
    <TestEntry testId="897896ab-cee9-9ca5-ec01-253d0f0d6b3c" executionId="0cde9155-8d70-4f2e-abc5-816c95b41c1f" testListId="8c84fa94-04c1-424b-9868-57a2d4851a1d" />
    <TestEntry testId="40ebd0cf-bbbb-fdf7-f5ea-fbe8917da8c5" executionId="e27d5c49-f827-4ed7-8861-7427d6d73536" testListId="8c84fa94-04c1-424b-9868-57a2d4851a1d" />
    <TestEntry testId="12982ac4-b6b0-e458-3676-ece493490c27" executionId="3ca9fec8-c20a-4428-b1ba-2e8f109596a3" testListId="8c84fa94-04c1-424b-9868-57a2d4851a1d" />
    <TestEntry testId="aba3fbd3-bcbc-9249-c5c5-7eefeb58f8d5" executionId="e58db8f2-2c18-4cb1-8ff9-c9f7ab9f49bb" testListId="8c84fa94-04c1-424b-9868-57a2d4851a1d" />
    <TestEntry testId="ec039bf7-f831-a8e3-834c-89707ff2f6d2" executionId="62b2661b-65ed-44b1-9141-42718533e582" testListId="8c84fa94-04c1-424b-9868-57a2d4851a1d" />
    <TestEntry testId="c643053b-60cb-940b-5d09-78107183b82f" executionId="7d8af36d-4495-40a5-8ccc-c77e39d7014c" testListId="8c84fa94-04c1-424b-9868-57a2d4851a1d" />
    <TestEntry testId="5ad39d2c-d77f-b72d-621d-dc03058b3c06" executionId="5914838b-3fd2-4a81-94a7-40d2a41b45b8" testListId="8c84fa94-04c1-424b-9868-57a2d4851a1d" />
    <TestEntry testId="66792d28-b742-2184-22b7-0db1029dfc14" executionId="1f73d22c-f2d2-4e06-891d-f91626bda606" testListId="8c84fa94-04c1-424b-9868-57a2d4851a1d" />
    <TestEntry testId="8c322062-c901-cc6c-6cc7-399543893d6b" executionId="0b330f28-5888-407e-adab-55708201ac5f" testListId="8c84fa94-04c1-424b-9868-57a2d4851a1d" />
    <TestEntry testId="8a436d67-15f2-8a6f-b3c8-3df7d72a7066" executionId="cc276aff-c8f9-435f-8c1c-442ef812f007" testListId="8c84fa94-04c1-424b-9868-57a2d4851a1d" />
    <TestEntry testId="d8682838-1d38-dd8e-6c89-ae1bda81fecb" executionId="a3166aec-43ae-4e1c-8fc8-2488952d9179" testListId="8c84fa94-04c1-424b-9868-57a2d4851a1d" />
    <TestEntry testId="f29c304c-de8d-5b22-7419-b529648ccc86" executionId="8559aa35-1095-46cb-b7af-e467a92d8030" testListId="8c84fa94-04c1-424b-9868-57a2d4851a1d" />
    <TestEntry testId="3946d5e6-354d-0b10-e6eb-595cda5f42bd" executionId="93435847-a906-4f05-9e4b-9dec868afa97" testListId="8c84fa94-04c1-424b-9868-57a2d4851a1d" />
    <TestEntry testId="f53587d7-cc90-0182-8a77-44034bb01e5e" executionId="cd5016b0-70a9-4a0a-9edb-f7271434740a" testListId="8c84fa94-04c1-424b-9868-57a2d4851a1d" />
    <TestEntry testId="2e294ae5-fc9b-2692-1d65-f4ebb89ab5ef" executionId="8e8da09c-e30d-4ca5-a193-2aa09a5c21e6" testListId="8c84fa94-04c1-424b-9868-57a2d4851a1d" />
    <TestEntry testId="e7a0570b-32c5-3b4e-7767-9ca541c22b6e" executionId="28751bcf-ac7e-4962-84ce-55f37d378cc9" testListId="8c84fa94-04c1-424b-9868-57a2d4851a1d" />
    <TestEntry testId="7e0d251c-aca1-3165-2651-f2996ab661b8" executionId="6bb4710b-8211-4cc4-85bf-9fefca9783b5" testListId="8c84fa94-04c1-424b-9868-57a2d4851a1d" />
    <TestEntry testId="b3de0f6b-2ac2-0bee-ef58-144a8741a412" executionId="0d211434-22d9-4f7d-825c-0bb7f17baee2" testListId="8c84fa94-04c1-424b-9868-57a2d4851a1d" />
    <TestEntry testId="7c574249-6de4-087c-ac92-00dedf541e78" executionId="85359dbb-8f8e-4383-9ad4-bc1d36ec1edc" testListId="8c84fa94-04c1-424b-9868-57a2d4851a1d" />
    <TestEntry testId="46709c0e-39a7-32eb-a6b2-6f7ada21050d" executionId="7cfbeefe-a9d9-411d-982b-659c1874ae9a" testListId="8c84fa94-04c1-424b-9868-57a2d4851a1d" />
    <TestEntry testId="214b8407-591b-5f7a-aa16-7961a8df13e5" executionId="3bc3f599-cb13-488b-87d3-3b9c76d0f552" testListId="8c84fa94-04c1-424b-9868-57a2d4851a1d" />
    <TestEntry testId="15c612de-362f-873c-6b3e-94b2c6bfd929" executionId="5c12e740-3518-4a95-a778-2ebf931e9bac" testListId="8c84fa94-04c1-424b-9868-57a2d4851a1d" />
    <TestEntry testId="689d43e4-6cb5-4009-1ac6-7e50bf4ccc94" executionId="d1350d05-bab3-49d1-9b64-f9978833a3b6" testListId="8c84fa94-04c1-424b-9868-57a2d4851a1d" />
    <TestEntry testId="d9d051a9-d261-1011-dbde-e42b30d539a9" executionId="90ff804f-acec-4a6b-8bba-12dd6686dba1" testListId="8c84fa94-04c1-424b-9868-57a2d4851a1d" />
    <TestEntry testId="9b729b7e-a306-20a1-7040-eda547fe8bec" executionId="1b067584-78d2-43a1-9604-57130fbabe9b" testListId="8c84fa94-04c1-424b-9868-57a2d4851a1d" />
    <TestEntry testId="67c9746f-1f57-937b-6598-3968df73012b" executionId="40c469cb-9465-4ff1-814e-c371e257a5f6" testListId="8c84fa94-04c1-424b-9868-57a2d4851a1d" />
    <TestEntry testId="ad4c69db-d5c6-f4c3-9052-619bff8dd14e" executionId="c2ca1413-d43f-48f0-b589-1ee7f753f61c" testListId="8c84fa94-04c1-424b-9868-57a2d4851a1d" />
    <TestEntry testId="21127838-ea89-b283-653a-0b46d8acc590" executionId="70b81884-b254-458a-8b51-62bb2b2cc0be" testListId="8c84fa94-04c1-424b-9868-57a2d4851a1d" />
    <TestEntry testId="4e1ca1b4-b9b1-5960-9cb6-b80a113ec54d" executionId="8935bb84-78a8-4336-97bf-ac6b0abe2de5" testListId="8c84fa94-04c1-424b-9868-57a2d4851a1d" />
    <TestEntry testId="e7581818-0663-f767-821c-25fbea112d88" executionId="efc65d38-f211-41f1-a9ee-4035d821cc38" testListId="8c84fa94-04c1-424b-9868-57a2d4851a1d" />
    <TestEntry testId="ed8d7d20-a6f1-0500-d78a-14c17a721b87" executionId="fdb1ea89-9956-4306-94d5-27c832ed4460" testListId="8c84fa94-04c1-424b-9868-57a2d4851a1d" />
    <TestEntry testId="f3139bd5-165e-b0d0-2da0-a0210810049e" executionId="e9bc1f30-3bdb-4688-9a00-3a78eb09b7a2" testListId="8c84fa94-04c1-424b-9868-57a2d4851a1d" />
    <TestEntry testId="515d6282-fd19-872e-c191-d3eda2049a23" executionId="44ea17ab-20e9-47eb-815c-8c3342e60d5e" testListId="8c84fa94-04c1-424b-9868-57a2d4851a1d" />
    <TestEntry testId="15cbfaf6-f281-76a3-247c-7837115e23b9" executionId="9504b29f-3a3f-4748-be80-47a9510db675" testListId="8c84fa94-04c1-424b-9868-57a2d4851a1d" />
    <TestEntry testId="cc013720-f8b7-b972-40e8-34c7328bfdae" executionId="8409684b-442b-41ac-a24d-3ba2bac836e9" testListId="8c84fa94-04c1-424b-9868-57a2d4851a1d" />
    <TestEntry testId="f7ebc4d6-d0ec-6ad3-fd73-f4c53b67f8a0" executionId="c9377e33-f74c-43d2-a802-1a31cf54ed04" testListId="8c84fa94-04c1-424b-9868-57a2d4851a1d" />
    <TestEntry testId="d4f44d27-452c-a77e-5891-0807797b42c9" executionId="86d140c4-c6c8-4660-9fe9-f8fb26b3e247" testListId="8c84fa94-04c1-424b-9868-57a2d4851a1d" />
    <TestEntry testId="08f6a7e9-7601-1519-2953-5bafd6576a90" executionId="2d716545-3f04-4e2f-b8fb-365210dc8780" testListId="8c84fa94-04c1-424b-9868-57a2d4851a1d" />
    <TestEntry testId="d3e47fb0-198c-5eff-c3a7-e584b9e9130b" executionId="05ca4291-b8b0-4e0e-ba2f-096f42209de3" testListId="8c84fa94-04c1-424b-9868-57a2d4851a1d" />
    <TestEntry testId="ba2eb800-eb24-7df5-1df2-54952a0268c0" executionId="4e66aead-7fb7-4be3-a40c-6377f8d7cef7" testListId="8c84fa94-04c1-424b-9868-57a2d4851a1d" />
    <TestEntry testId="471ada29-d1b9-b714-f87d-61c9b416c255" executionId="104a90c0-ca49-4237-85fa-a69a17185ba1" testListId="8c84fa94-04c1-424b-9868-57a2d4851a1d" />
    <TestEntry testId="c17747a3-eb4e-63bf-0bc9-279a4928ed40" executionId="aff0b2a4-240e-493d-9fd0-efcdfce3d670" testListId="8c84fa94-04c1-424b-9868-57a2d4851a1d" />
    <TestEntry testId="f0724dde-c441-a83f-2f8e-78db9d6adb66" executionId="89f4017c-b407-4a75-b28e-2fcd6f11c521" testListId="8c84fa94-04c1-424b-9868-57a2d4851a1d" />
    <TestEntry testId="cae1921b-1ff8-8185-1634-73062e14bb95" executionId="8939137a-fcbb-4db5-8b7e-db8ea11e01b9" testListId="8c84fa94-04c1-424b-9868-57a2d4851a1d" />
    <TestEntry testId="3494b3d5-98dd-209c-c4b4-d8d0bff712f0" executionId="047efd90-5199-4712-a851-71a04a30c8a4" testListId="8c84fa94-04c1-424b-9868-57a2d4851a1d" />
    <TestEntry testId="c14df636-a969-3c53-ec76-0aeb4c5b250c" executionId="b2f95c94-e8fa-48c6-be34-47c6517e77c4" testListId="8c84fa94-04c1-424b-9868-57a2d4851a1d" />
    <TestEntry testId="2f6106d4-2d27-0ec0-388a-a0a0d64b80ea" executionId="66ad9c24-4106-43ae-bf03-909fce39ac67" testListId="8c84fa94-04c1-424b-9868-57a2d4851a1d" />
    <TestEntry testId="2a9f6824-8a17-a193-b18b-3e78fa1bbbd5" executionId="04bed12c-32cc-4ca4-b74c-41539d93019d" testListId="8c84fa94-04c1-424b-9868-57a2d4851a1d" />
    <TestEntry testId="8e86fe7c-6239-7009-e550-a3b2b1493955" executionId="d0d8660c-e516-497a-8675-e7709be45446" testListId="8c84fa94-04c1-424b-9868-57a2d4851a1d" />
    <TestEntry testId="ac2e27d5-261b-d9bd-fc37-ae04ffd02243" executionId="1c88e4d1-a145-4bc0-9e5b-b5adf10a64eb" testListId="8c84fa94-04c1-424b-9868-57a2d4851a1d" />
    <TestEntry testId="b10f1150-1593-6330-afd8-9e2dab16d270" executionId="8efb7b05-9ef1-4e2e-99fc-46b5ac54f6e6" testListId="8c84fa94-04c1-424b-9868-57a2d4851a1d" />
    <TestEntry testId="02f4c01b-4d57-cea6-940b-91f660d6b3a5" executionId="9186757f-453d-404d-aa09-9474fc142df2" testListId="8c84fa94-04c1-424b-9868-57a2d4851a1d" />
    <TestEntry testId="d23daa8f-5725-d1c6-7d7a-83c05e893d1b" executionId="2d8eab55-de65-440d-ab6a-283dc0d99e38" testListId="8c84fa94-04c1-424b-9868-57a2d4851a1d" />
    <TestEntry testId="cce5835b-2056-6d46-0527-d09fc0f9f6fc" executionId="40214349-d788-4356-be5a-c147d44c0142" testListId="8c84fa94-04c1-424b-9868-57a2d4851a1d" />
    <TestEntry testId="30aa5bc1-9211-739f-532d-176c6c3c3a30" executionId="d95bb444-e31e-419f-9807-cd2df0ea3e06" testListId="8c84fa94-04c1-424b-9868-57a2d4851a1d" />
    <TestEntry testId="9a27b4fd-a56b-4b8b-8cae-d2972183237d" executionId="4e483e01-c85d-40d3-a4c6-50a60792f026" testListId="8c84fa94-04c1-424b-9868-57a2d4851a1d" />
    <TestEntry testId="9c1c1d38-5e04-c1b2-1a0f-96d8d4d8348a" executionId="d34d67d2-0747-4b2a-9266-84ba89ed7a3d" testListId="8c84fa94-04c1-424b-9868-57a2d4851a1d" />
    <TestEntry testId="86173073-5618-a9d2-83eb-7647e3c4115b" executionId="4fcc23d5-f1be-4a9a-9ffb-efce36c2f5f4" testListId="8c84fa94-04c1-424b-9868-57a2d4851a1d" />
    <TestEntry testId="e9aa22ea-bb1f-2db1-1f5f-4cc83d5fa1bd" executionId="8e94dd55-66a2-4825-a85b-98d0cdee38f8" testListId="8c84fa94-04c1-424b-9868-57a2d4851a1d" />
    <TestEntry testId="eeaccddf-52e1-1db7-6606-fc19c2721862" executionId="75e20051-1892-4ea8-87cf-45bf5d9db96c" testListId="8c84fa94-04c1-424b-9868-57a2d4851a1d" />
    <TestEntry testId="044b435e-ad6a-4304-9059-6c418c0c4c86" executionId="d515b675-d612-4400-9a35-1019feda728f" testListId="8c84fa94-04c1-424b-9868-57a2d4851a1d" />
    <TestEntry testId="f03cc5c5-1609-8527-f708-7a0678904e86" executionId="61f45bfe-5ebb-477c-98fa-e00868c4a36f" testListId="8c84fa94-04c1-424b-9868-57a2d4851a1d" />
    <TestEntry testId="03348e85-c745-1baa-1fc9-a6f767c68de7" executionId="29997d44-6414-40ed-b6ce-06012bb41cd0" testListId="8c84fa94-04c1-424b-9868-57a2d4851a1d" />
    <TestEntry testId="3b3a68c1-1138-770e-4b05-0d7fb6b68738" executionId="6030a82c-a168-46db-a38c-2525536b5c84" testListId="8c84fa94-04c1-424b-9868-57a2d4851a1d" />
    <TestEntry testId="7b4d03a5-c5c2-9d47-3b72-108b3108a4ac" executionId="1b968890-6013-47bc-867e-fb67286e6fe2" testListId="8c84fa94-04c1-424b-9868-57a2d4851a1d" />
    <TestEntry testId="caeaccb8-00ea-302b-441d-17caf5fd9b5d" executionId="627601f4-b79e-4e48-b329-27927ad59deb" testListId="8c84fa94-04c1-424b-9868-57a2d4851a1d" />
    <TestEntry testId="c35bbf40-7110-f612-4b6b-649678070e6a" executionId="f7f23bc4-4a1c-4898-8d28-90347cb9c4bd" testListId="8c84fa94-04c1-424b-9868-57a2d4851a1d" />
    <TestEntry testId="5385030b-1302-b289-00d9-288b4f75839d" executionId="34de4c6a-624d-4662-8708-7f34cf1dd7cf" testListId="8c84fa94-04c1-424b-9868-57a2d4851a1d" />
    <TestEntry testId="5d199f9b-a8b6-4b52-e7c0-a2aebf4c6a58" executionId="13f00c12-c3ba-4513-8feb-17fa93db5cb0" testListId="8c84fa94-04c1-424b-9868-57a2d4851a1d" />
    <TestEntry testId="adb4d425-e330-40e4-2ea6-b182e56ebe7d" executionId="40d329dc-87e7-40a2-92a3-55d4f9455461" testListId="8c84fa94-04c1-424b-9868-57a2d4851a1d" />
    <TestEntry testId="303a8ec4-1283-c55c-ceff-908085b877fe" executionId="19513fe0-f88d-41f9-b0a2-fe9146429989" testListId="8c84fa94-04c1-424b-9868-57a2d4851a1d" />
    <TestEntry testId="87a5b8a9-e5bd-8c6e-5a6c-5815a0bd8c39" executionId="6a238b51-67ef-4e43-9ff2-50539dc0411e" testListId="8c84fa94-04c1-424b-9868-57a2d4851a1d" />
    <TestEntry testId="c62ff6f8-900b-a165-229e-1d83d314982c" executionId="5cf2f0d0-5d2a-44bc-9c86-54d7e4d70252" testListId="8c84fa94-04c1-424b-9868-57a2d4851a1d" />
    <TestEntry testId="7831f103-663f-8d24-4a8b-6bbe466d0837" executionId="6b69f0f4-84a0-4ebf-a973-57a4fa51c0a3" testListId="8c84fa94-04c1-424b-9868-57a2d4851a1d" />
    <TestEntry testId="d651406b-2d52-45a1-6b81-e5bff5b77f68" executionId="7d87ac82-502f-4913-9a0c-33edad4f8649" testListId="8c84fa94-04c1-424b-9868-57a2d4851a1d" />
    <TestEntry testId="94ec43a1-8d1a-e493-b213-b33a5a6877b2" executionId="0972ff35-7d16-4e9f-a446-32c87833e6dd" testListId="8c84fa94-04c1-424b-9868-57a2d4851a1d" />
    <TestEntry testId="e1e10047-9c95-2461-ef88-42d3da0fbb82" executionId="1298b34d-23d8-45f1-aaba-128f30420b7e" testListId="8c84fa94-04c1-424b-9868-57a2d4851a1d" />
    <TestEntry testId="6a6d73d7-7d30-455c-71a4-79ea460d8c8c" executionId="68514cb9-e0a4-44f4-b270-e040216b1204" testListId="8c84fa94-04c1-424b-9868-57a2d4851a1d" />
    <TestEntry testId="545ffb6d-3098-01fc-1bfd-d18b0f6ea861" executionId="41d6b072-5cdc-45c2-8f93-514f905ade56" testListId="8c84fa94-04c1-424b-9868-57a2d4851a1d" />
    <TestEntry testId="39114ef2-4a94-0d20-df91-881c10164c3c" executionId="f2647606-2680-4883-b3af-46ec7ff20ac7" testListId="8c84fa94-04c1-424b-9868-57a2d4851a1d" />
    <TestEntry testId="d5afdedc-771c-29a3-fa0a-9ebd023dd2c6" executionId="0b3d7c40-f0b0-40dc-b52d-7c0932e7d52e" testListId="8c84fa94-04c1-424b-9868-57a2d4851a1d" />
    <TestEntry testId="b0d19a9b-4021-9eed-3094-0cb81617cae0" executionId="12fe0874-979d-4d50-82e6-36a3ff1d5c68" testListId="8c84fa94-04c1-424b-9868-57a2d4851a1d" />
    <TestEntry testId="7c0f601f-632e-a9b2-aeb3-eee73bd7742c" executionId="53b0fc1c-ab22-458e-bbd7-35795e6af328" testListId="8c84fa94-04c1-424b-9868-57a2d4851a1d" />
    <TestEntry testId="5f9c27d4-50bb-efe1-e416-35702c9fd2c6" executionId="4e619a57-8de1-4c2e-9f6f-3ffc8d38b05c" testListId="8c84fa94-04c1-424b-9868-57a2d4851a1d" />
    <TestEntry testId="784ad7dc-5a89-a731-4a54-d985f0ba330c" executionId="35f285b8-592a-4827-9b15-1f2c38f55e05" testListId="8c84fa94-04c1-424b-9868-57a2d4851a1d" />
    <TestEntry testId="04a8bdbc-fefc-28fe-9d41-eb27166daebb" executionId="4cbcd0a2-c481-49c8-975c-8cd680fe2eeb" testListId="8c84fa94-04c1-424b-9868-57a2d4851a1d" />
    <TestEntry testId="cb3a79b8-8a20-d72b-fe66-3be39a479486" executionId="14af4405-b6f7-403f-8936-b75672ae1399" testListId="8c84fa94-04c1-424b-9868-57a2d4851a1d" />
    <TestEntry testId="860122fa-e148-3b20-fdb5-225e5e6bb171" executionId="911a4622-64f6-4337-85dc-ce9cebd6a487" testListId="8c84fa94-04c1-424b-9868-57a2d4851a1d" />
    <TestEntry testId="fc170f06-7a65-44e3-9780-d428f13f33ad" executionId="704b6f97-7678-49da-8130-3c664d8cdc93" testListId="8c84fa94-04c1-424b-9868-57a2d4851a1d" />
    <TestEntry testId="29cdf802-09fa-4c20-1649-a919d0e03e4d" executionId="bf149d00-309c-4cf2-a3a4-8a332a70b0c5" testListId="8c84fa94-04c1-424b-9868-57a2d4851a1d" />
    <TestEntry testId="d079b60f-9bd9-c7a1-855f-178e519346dc" executionId="eba2457a-dde4-41de-b02f-512d0659246a" testListId="8c84fa94-04c1-424b-9868-57a2d4851a1d" />
    <TestEntry testId="fc6317ac-4f9e-d443-bb9c-db2ea41d1b6d" executionId="e9a47c01-a041-434f-979b-40f44748c49a" testListId="8c84fa94-04c1-424b-9868-57a2d4851a1d" />
    <TestEntry testId="8f26075f-925c-4688-bf33-abe324c4e160" executionId="4f7d764b-9e34-4cc0-b064-c3841254fd25" testListId="8c84fa94-04c1-424b-9868-57a2d4851a1d" />
    <TestEntry testId="f36e146c-5e84-0e67-2982-f20e16e0dd68" executionId="14542478-0329-49e5-a7aa-b8fabb3b3842" testListId="8c84fa94-04c1-424b-9868-57a2d4851a1d" />
    <TestEntry testId="94524c04-7158-8472-e876-43b26f76e4f4" executionId="84c9147c-85d9-4608-8774-1c45503199aa" testListId="8c84fa94-04c1-424b-9868-57a2d4851a1d" />
    <TestEntry testId="12c3c514-0e1a-a711-90d4-344685873f0e" executionId="2bae33d4-13d6-4f2d-b92e-964815ce4fec" testListId="8c84fa94-04c1-424b-9868-57a2d4851a1d" />
    <TestEntry testId="cb90a4b6-5413-6334-a88c-d9e37624202c" executionId="119a1a92-9edb-470c-8202-6fb7c83628e4" testListId="8c84fa94-04c1-424b-9868-57a2d4851a1d" />
    <TestEntry testId="5aebb0bd-a461-dea6-b51f-abbdbf65c34a" executionId="002769e2-69bf-4887-a9da-403a3c5d2823" testListId="8c84fa94-04c1-424b-9868-57a2d4851a1d" />
    <TestEntry testId="b1a86b7e-f06f-d34f-562a-cebd2aadc4a9" executionId="5d1cd02d-22ba-4d78-a0b8-caeac07c0c62" testListId="8c84fa94-04c1-424b-9868-57a2d4851a1d" />
    <TestEntry testId="79403e37-7823-d8d7-7290-f467456876fa" executionId="2fb0aef9-47d3-40a2-ada4-815192f6e880" testListId="8c84fa94-04c1-424b-9868-57a2d4851a1d" />
    <TestEntry testId="3ff15350-3cc9-12ef-e4db-8ff403fcec20" executionId="11716ef5-2f7b-4851-84ce-5f26b1d04c1a" testListId="8c84fa94-04c1-424b-9868-57a2d4851a1d" />
    <TestEntry testId="1aa96e1c-162f-87b8-360d-29c19b3b2c73" executionId="9c6145c6-3a9b-4b0e-a13d-8021668ae282" testListId="8c84fa94-04c1-424b-9868-57a2d4851a1d" />
    <TestEntry testId="db7d0680-48d1-c1f1-4778-34baf73efb75" executionId="bbacb47c-82ec-4626-bf3e-dd41228aeae5" testListId="8c84fa94-04c1-424b-9868-57a2d4851a1d" />
    <TestEntry testId="50c609b5-3f14-814d-a1e7-5260305a9b12" executionId="46d9a9d6-b1be-4dcd-96d1-3d1ba34d77ca" testListId="8c84fa94-04c1-424b-9868-57a2d4851a1d" />
    <TestEntry testId="1cfc69b2-92d0-7e18-c868-129765966147" executionId="1b14d3b6-c5da-4efd-a48e-0cd08cbd68b4" testListId="8c84fa94-04c1-424b-9868-57a2d4851a1d" />
    <TestEntry testId="f397170a-390b-6658-7a65-2034c30cf829" executionId="39f50227-eb42-4e38-a62c-abf9f4086297" testListId="8c84fa94-04c1-424b-9868-57a2d4851a1d" />
    <TestEntry testId="ae52c100-f2a8-a5be-ad09-0052606abe6b" executionId="aa614ec6-56fe-42c5-b9d6-e52709feba9a" testListId="8c84fa94-04c1-424b-9868-57a2d4851a1d" />
    <TestEntry testId="5ec8c6f8-601d-9718-1802-a15c88bb4987" executionId="ab968bb8-4446-412d-8f57-f55d4dbdf50b" testListId="8c84fa94-04c1-424b-9868-57a2d4851a1d" />
    <TestEntry testId="e507a4d5-4aa9-7d32-05a9-ecfa3f03323d" executionId="cfc8bdad-2f8b-47fc-aa79-cb7d95fb20f3" testListId="8c84fa94-04c1-424b-9868-57a2d4851a1d" />
    <TestEntry testId="e0724a8e-d699-09ac-c090-59791deb23d9" executionId="fcfd776c-a02a-4609-95b2-e597327891f7" testListId="8c84fa94-04c1-424b-9868-57a2d4851a1d" />
    <TestEntry testId="4f2f4974-af75-8563-a5df-aa0a73b303b0" executionId="ad436b8c-6118-46cf-a81c-bdbeed509f30" testListId="8c84fa94-04c1-424b-9868-57a2d4851a1d" />
    <TestEntry testId="e0490bb8-aa59-1f9f-bf54-68d5345c1ea9" executionId="e898274c-4d53-4add-8f07-2b986cc11d23" testListId="8c84fa94-04c1-424b-9868-57a2d4851a1d" />
    <TestEntry testId="a4d15e3f-72fa-7dbe-1271-22c29f57d731" executionId="44296f7e-a788-441b-a99e-30e6c634b979" testListId="8c84fa94-04c1-424b-9868-57a2d4851a1d" />
    <TestEntry testId="fc8062f2-c6b8-9311-dc63-8d39d262fd14" executionId="6e290d32-5ffc-4a8b-86a1-f88149e9940e" testListId="8c84fa94-04c1-424b-9868-57a2d4851a1d" />
    <TestEntry testId="eb812c29-73b3-e923-42de-8821a188e94a" executionId="61f14e28-3997-4208-937c-59f24c7fc26d" testListId="8c84fa94-04c1-424b-9868-57a2d4851a1d" />
    <TestEntry testId="6447b752-ca58-5092-2c5d-d1f5fe58b5dc" executionId="4121ba54-5067-4a90-bcad-e10401f42ea3" testListId="8c84fa94-04c1-424b-9868-57a2d4851a1d" />
    <TestEntry testId="c3e1478d-2cae-8f80-3a89-04eb9dac0acb" executionId="d6b1b90f-1c72-45a3-a7b1-6a13c0a633c5" testListId="8c84fa94-04c1-424b-9868-57a2d4851a1d" />
    <TestEntry testId="a8bb0fab-56c6-938a-460b-3d46baedbbb6" executionId="07921bf2-885b-4343-84cb-4ec0512dad15" testListId="8c84fa94-04c1-424b-9868-57a2d4851a1d" />
    <TestEntry testId="e6dca875-c7cc-8760-96b7-d841ef24dda8" executionId="90a4f32c-6dec-4d95-8281-c5cdc4987603" testListId="8c84fa94-04c1-424b-9868-57a2d4851a1d" />
    <TestEntry testId="43ab37ac-8f01-34cd-35d3-1bda726822d7" executionId="ea95c800-1e29-4ea5-9f41-09104d0beddc" testListId="8c84fa94-04c1-424b-9868-57a2d4851a1d" />
    <TestEntry testId="c0347afe-0c6b-b0a7-12e1-3aa76a4722fc" executionId="bcc0f402-fb15-4817-8408-cc0347d45305" testListId="8c84fa94-04c1-424b-9868-57a2d4851a1d" />
    <TestEntry testId="4ee5f350-b89d-edd8-c84d-cd5d40909f15" executionId="5550f26d-eba9-4703-96e8-2e8a997ac564" testListId="8c84fa94-04c1-424b-9868-57a2d4851a1d" />
    <TestEntry testId="5818c4b0-5040-ff57-2a21-3715c31b378e" executionId="b6615cc0-2287-4553-9638-772d4ecaabb3" testListId="8c84fa94-04c1-424b-9868-57a2d4851a1d" />
    <TestEntry testId="4f65136b-b885-5c0a-1650-385c2d5ff86d" executionId="5197194b-7d3d-4323-b0ec-5b34aa008217" testListId="8c84fa94-04c1-424b-9868-57a2d4851a1d" />
    <TestEntry testId="68b95691-6ef6-716d-545d-ee6cf04d94e7" executionId="ec91f195-8259-480d-92dc-422e256066f0" testListId="8c84fa94-04c1-424b-9868-57a2d4851a1d" />
    <TestEntry testId="37b7f024-73bb-98ae-d17f-d1c0ce9f17e8" executionId="7109e2b1-2700-4e84-a5a1-b26734787f41" testListId="8c84fa94-04c1-424b-9868-57a2d4851a1d" />
    <TestEntry testId="a00d92b0-35aa-1e7c-b5ff-79738a042c12" executionId="987a0f07-24f3-4349-a1b2-cb18ad95329a" testListId="8c84fa94-04c1-424b-9868-57a2d4851a1d" />
    <TestEntry testId="80249d75-0754-365e-161d-4f69eb53fd73" executionId="ceb27b01-4eed-4299-a735-d943f4d078cf" testListId="8c84fa94-04c1-424b-9868-57a2d4851a1d" />
    <TestEntry testId="33c114dd-901b-348b-cb07-4ff32816218d" executionId="86c411b0-2f6c-4266-b74e-f6badcc1ff6c" testListId="8c84fa94-04c1-424b-9868-57a2d4851a1d" />
    <TestEntry testId="6ac2577f-abec-ce9e-a92b-34035bd744e0" executionId="b1459f39-1bee-4fdf-9df0-56b4ea909956" testListId="8c84fa94-04c1-424b-9868-57a2d4851a1d" />
    <TestEntry testId="d59725be-2270-85f4-1a24-f28884383b83" executionId="87cbf344-8685-4b58-b80e-521b9091d51f" testListId="8c84fa94-04c1-424b-9868-57a2d4851a1d" />
    <TestEntry testId="3c6aaba6-8a28-5651-a334-5a8347c8e9db" executionId="2e2c55f9-fd31-445e-b11c-7b5fc0629f0f" testListId="8c84fa94-04c1-424b-9868-57a2d4851a1d" />
    <TestEntry testId="a2b0d89c-f17d-2c60-2870-72017089ab94" executionId="74d539fb-8f73-4b36-9d59-2cc4d66ed3f7" testListId="8c84fa94-04c1-424b-9868-57a2d4851a1d" />
    <TestEntry testId="ee7b51d2-d8a7-715d-70ab-159c7293568a" executionId="066569d1-19be-4071-a7e3-0586f1907823" testListId="8c84fa94-04c1-424b-9868-57a2d4851a1d" />
    <TestEntry testId="b672c70e-eca2-f979-b482-5169b705a205" executionId="172dc9ea-d4dd-4818-afee-21d7caf031d9" testListId="8c84fa94-04c1-424b-9868-57a2d4851a1d" />
    <TestEntry testId="1cdc3975-db1c-58f2-7286-fa267b0aafb8" executionId="293338b6-5823-4a83-9648-7d223b344033" testListId="8c84fa94-04c1-424b-9868-57a2d4851a1d" />
    <TestEntry testId="6b0df781-2303-2b77-2cc6-dbbd4c3e9e73" executionId="c1357a44-2d96-4c0f-be61-b3adb8969dbd" testListId="8c84fa94-04c1-424b-9868-57a2d4851a1d" />
    <TestEntry testId="c2441ddc-565a-93d7-0c28-f73ca97b9486" executionId="3f539eed-732c-4d66-b22f-c308ae1e8429" testListId="8c84fa94-04c1-424b-9868-57a2d4851a1d" />
    <TestEntry testId="50bfa641-c9bd-abef-802c-d66f9615bab2" executionId="70926ea5-9f66-4821-8c89-3a3e9e093447" testListId="8c84fa94-04c1-424b-9868-57a2d4851a1d" />
    <TestEntry testId="efe354b5-5489-bbb2-88ee-c8f998cb6176" executionId="7bd5e086-180d-4fcb-b2ef-8c3b1c9b4719" testListId="8c84fa94-04c1-424b-9868-57a2d4851a1d" />
    <TestEntry testId="f7e247f1-8de7-594b-e638-b4ec989d69be" executionId="9cfcbe68-d395-4438-867a-58366feeca63" testListId="8c84fa94-04c1-424b-9868-57a2d4851a1d" />
    <TestEntry testId="1c8df7f1-aa05-88d6-f922-5ecb50d1b5d9" executionId="d982aa9c-e897-4192-8aa9-999c408804d2" testListId="8c84fa94-04c1-424b-9868-57a2d4851a1d" />
    <TestEntry testId="14d738f3-d455-8460-7967-9bdaa9faefb8" executionId="71f4fbdd-7259-4f4c-b1f1-6ac043038720" testListId="8c84fa94-04c1-424b-9868-57a2d4851a1d" />
    <TestEntry testId="3ffc4814-431f-dd81-00b0-abbedd27b7ad" executionId="db66bd90-467a-4c88-8fa7-8b47a3675784" testListId="8c84fa94-04c1-424b-9868-57a2d4851a1d" />
    <TestEntry testId="11acc57e-e7b4-9c88-543d-dd88434937c6" executionId="7ebbf55e-c86f-4364-98bf-9529da7f5e7a" testListId="8c84fa94-04c1-424b-9868-57a2d4851a1d" />
    <TestEntry testId="65bd3a03-5d21-067f-5d94-19d0f92f350a" executionId="be5dab6d-3c4d-48cd-9bf2-723093138794" testListId="8c84fa94-04c1-424b-9868-57a2d4851a1d" />
    <TestEntry testId="593e7065-7319-4b4c-29e4-d65d9f7c6c8e" executionId="ff6a9a2e-b4a3-4c5d-8534-b007e64986bb" testListId="8c84fa94-04c1-424b-9868-57a2d4851a1d" />
    <TestEntry testId="0f9fb5dc-590e-2722-6210-f13d9619e38f" executionId="b96c3c25-ee54-4006-b975-97846d107a36" testListId="8c84fa94-04c1-424b-9868-57a2d4851a1d" />
    <TestEntry testId="42302051-1625-6136-82c7-cb8536b0fb08" executionId="5645b6e9-c0ae-40a3-8993-a80188d9081f" testListId="8c84fa94-04c1-424b-9868-57a2d4851a1d" />
    <TestEntry testId="90c7a127-2be9-b6e7-ec52-19cb51de49c0" executionId="fdf9e448-ef81-4f3b-af0e-e7dab0a003b0" testListId="8c84fa94-04c1-424b-9868-57a2d4851a1d" />
    <TestEntry testId="598c0784-1cd9-c9b4-915a-4a09f637e246" executionId="d25bdb88-9055-4c63-8ad8-e1793e73ddcb" testListId="8c84fa94-04c1-424b-9868-57a2d4851a1d" />
    <TestEntry testId="eac43a08-1201-428f-7efa-904ba4876682" executionId="44c1e6f7-1222-44de-8778-c1b49705eab0" testListId="8c84fa94-04c1-424b-9868-57a2d4851a1d" />
    <TestEntry testId="99e95904-b1cc-e8af-b41d-62aea87d238b" executionId="cc096d2b-97fd-4a85-9d06-8e0347034df0" testListId="8c84fa94-04c1-424b-9868-57a2d4851a1d" />
    <TestEntry testId="4019b427-1ede-c217-da18-40ffe6d2092f" executionId="2f292e9f-7569-47f4-a8a0-740dc9daf076" testListId="8c84fa94-04c1-424b-9868-57a2d4851a1d" />
    <TestEntry testId="a11d6311-0314-291e-6c87-0745cc1eace8" executionId="9efa49f0-cd07-4198-a110-7f331c395803" testListId="8c84fa94-04c1-424b-9868-57a2d4851a1d" />
    <TestEntry testId="95c167d1-a09f-1a4f-5f8b-bfed1919a8c0" executionId="5b47bf38-114d-4c3a-83a9-0170b965b229" testListId="8c84fa94-04c1-424b-9868-57a2d4851a1d" />
    <TestEntry testId="03cb9965-4934-50d0-65d4-2c790e264e80" executionId="58d19b63-f8ba-4011-91f5-c69543dae772" testListId="8c84fa94-04c1-424b-9868-57a2d4851a1d" />
    <TestEntry testId="4557fdb8-1797-8b2f-35d3-3d9ce64f7b6b" executionId="5d5520c3-fe78-4fe4-b412-55982d24dc7c" testListId="8c84fa94-04c1-424b-9868-57a2d4851a1d" />
    <TestEntry testId="5fb7223b-5714-aaac-abea-c5cb06e52929" executionId="2e1d981b-1d15-4804-9f5b-bedcdbad8bcf" testListId="8c84fa94-04c1-424b-9868-57a2d4851a1d" />
    <TestEntry testId="5e1526f9-c3e0-51f3-abc4-2ebcbe37e4d8" executionId="8c0b5994-c487-4694-9a2a-257cc9500ec9" testListId="8c84fa94-04c1-424b-9868-57a2d4851a1d" />
    <TestEntry testId="71d5d180-2d36-ecb9-e4eb-71ca09e46ec4" executionId="2bbb5c7a-f786-4159-8378-66e6d678df4f" testListId="8c84fa94-04c1-424b-9868-57a2d4851a1d" />
    <TestEntry testId="9c020064-9cbb-7975-d5c0-9dc48d581775" executionId="134793af-bdb9-493d-9428-203931f72269" testListId="8c84fa94-04c1-424b-9868-57a2d4851a1d" />
    <TestEntry testId="6e2b7510-d3ae-c174-2b57-710f63c82ad0" executionId="2c71aa3a-a8b5-4d18-9da2-a7fee1c3cf46" testListId="8c84fa94-04c1-424b-9868-57a2d4851a1d" />
    <TestEntry testId="1a80fecc-6ef5-c4ed-4650-dbe09ce92e46" executionId="c695fb87-09e5-41d3-9372-eb1bd5b019b8" testListId="8c84fa94-04c1-424b-9868-57a2d4851a1d" />
    <TestEntry testId="691bf80d-9ec7-7de8-ad81-702e4cdb8bfd" executionId="4daa70ef-ba8c-4697-9a02-ba368a0a1353" testListId="8c84fa94-04c1-424b-9868-57a2d4851a1d" />
    <TestEntry testId="da0da417-eb80-7ca8-c2a7-2b93c4d78528" executionId="bf769d0e-138f-475b-a064-05b473cb0a07" testListId="8c84fa94-04c1-424b-9868-57a2d4851a1d" />
    <TestEntry testId="c561c2f6-8efd-4095-cbad-20238816bd9c" executionId="d97de89f-094d-4015-b41f-46ba12ddd9d0" testListId="8c84fa94-04c1-424b-9868-57a2d4851a1d" />
    <TestEntry testId="df92ad96-32d4-9c44-0398-97a52600538f" executionId="9e250278-3898-4ee9-8801-5392b452f947" testListId="8c84fa94-04c1-424b-9868-57a2d4851a1d" />
    <TestEntry testId="8499e5e2-c09d-d64e-ab91-715c51a15d3b" executionId="2c681361-9900-444b-90f3-b914dadcc9a8" testListId="8c84fa94-04c1-424b-9868-57a2d4851a1d" />
    <TestEntry testId="8e56ee2d-296c-f180-2ad1-a3abd5b19292" executionId="853ad7b8-08e2-438a-9f2c-05897f635728" testListId="8c84fa94-04c1-424b-9868-57a2d4851a1d" />
    <TestEntry testId="137392e3-997c-8532-6b57-65c75651b55b" executionId="be6f82e4-3ff5-4fa5-9e3a-18aab823d515" testListId="8c84fa94-04c1-424b-9868-57a2d4851a1d" />
    <TestEntry testId="92516c71-7710-d814-eb04-be7d523d5356" executionId="4d57d621-323c-4c7a-827a-31ff409fd538" testListId="8c84fa94-04c1-424b-9868-57a2d4851a1d" />
    <TestEntry testId="66fffdff-2dff-cbe5-8750-30f31bf1db7c" executionId="29a65957-ae7e-43ee-86c4-8d8de79412e5" testListId="8c84fa94-04c1-424b-9868-57a2d4851a1d" />
    <TestEntry testId="ad304976-430a-8b69-e0d9-931ece855b31" executionId="7d4a88cb-0508-435a-a696-df3ace06cf8e" testListId="8c84fa94-04c1-424b-9868-57a2d4851a1d" />
    <TestEntry testId="dfdd94d6-4157-31a9-a81a-18fee28467d5" executionId="4fb2e202-c585-4371-a565-c6ef967f16ff" testListId="8c84fa94-04c1-424b-9868-57a2d4851a1d" />
    <TestEntry testId="10869424-9c0a-3745-5234-aab9897a3cf9" executionId="0c9c751c-caea-4eac-991d-b32af7edd5f0" testListId="8c84fa94-04c1-424b-9868-57a2d4851a1d" />
    <TestEntry testId="1cbf8040-fb9a-a69f-ea84-9d0fb171e9ce" executionId="0d87f5bb-4887-498c-abf4-06ddadb356b9" testListId="8c84fa94-04c1-424b-9868-57a2d4851a1d" />
    <TestEntry testId="031a88f1-01c2-dd0e-3bdd-f14ee053d9ba" executionId="bc5862a4-1c7d-4c28-a7d2-db2481f23359" testListId="8c84fa94-04c1-424b-9868-57a2d4851a1d" />
    <TestEntry testId="051a87a0-4947-acab-5222-3cc970dba0ba" executionId="b44894d8-3ddf-46c2-b3cd-90f018dea8d2" testListId="8c84fa94-04c1-424b-9868-57a2d4851a1d" />
    <TestEntry testId="bde04400-fb2a-d1b4-e9d5-727f1b9bbed1" executionId="b37647e3-847f-497e-86ef-9cd62a94240e" testListId="8c84fa94-04c1-424b-9868-57a2d4851a1d" />
    <TestEntry testId="b946127e-e0db-c283-d88c-1557545efae6" executionId="845cabcf-7442-4f2c-8c18-a4c889dec87d" testListId="8c84fa94-04c1-424b-9868-57a2d4851a1d" />
    <TestEntry testId="4a92a767-460d-55d3-4f0a-171bb9bfa6db" executionId="2bdb6868-2aa6-46ea-92e5-3defc5f59a38" testListId="8c84fa94-04c1-424b-9868-57a2d4851a1d" />
    <TestEntry testId="f3e5a7ef-e593-cb9e-e437-d0f4fab69d89" executionId="c89157e6-e19b-4940-afad-ed230ae478d8" testListId="8c84fa94-04c1-424b-9868-57a2d4851a1d" />
    <TestEntry testId="eba2e046-3c6c-f48b-f85f-b23828d8319b" executionId="86a7e590-dbc8-47d6-b41b-ae72a2b16fb3" testListId="8c84fa94-04c1-424b-9868-57a2d4851a1d" />
    <TestEntry testId="b9af0f84-0079-b683-0d77-346a6542b5b4" executionId="dd21a320-0f4b-4f51-bc02-0c20e0359afc" testListId="8c84fa94-04c1-424b-9868-57a2d4851a1d" />
    <TestEntry testId="bc29c184-0770-c9df-63be-2a52d76ad503" executionId="17729a11-1be5-4dcb-acd0-a6c4fc264ae8" testListId="8c84fa94-04c1-424b-9868-57a2d4851a1d" />
    <TestEntry testId="e8b4dc71-a5d7-b1f7-a555-6150128fc2af" executionId="76b76fa2-f89e-4406-8884-1a30c5be1675" testListId="8c84fa94-04c1-424b-9868-57a2d4851a1d" />
    <TestEntry testId="c12613af-99b7-439d-c6df-131aa1e08ae7" executionId="3fa2256d-f369-4bc2-9317-8e538da60535" testListId="8c84fa94-04c1-424b-9868-57a2d4851a1d" />
    <TestEntry testId="6305e689-cee9-6a31-93d8-755b6c5fc935" executionId="d9981715-83ed-468e-a976-8eed60addc66" testListId="8c84fa94-04c1-424b-9868-57a2d4851a1d" />
    <TestEntry testId="46ad1244-cbdb-dca6-f007-7e8a232754cc" executionId="1d36435e-7153-408f-b0fd-f59b42a9605c" testListId="8c84fa94-04c1-424b-9868-57a2d4851a1d" />
    <TestEntry testId="0d699ea2-79e9-9f01-d2d5-fca82a358bb0" executionId="f086f2a4-f24f-4583-bd20-fccc19a51b59" testListId="8c84fa94-04c1-424b-9868-57a2d4851a1d" />
    <TestEntry testId="90d1f61e-9ba1-ff1a-f0a6-e17acbda2dee" executionId="23c31988-5d41-4ef8-962a-fefc63a22a6d" testListId="8c84fa94-04c1-424b-9868-57a2d4851a1d" />
    <TestEntry testId="22ad276e-c73f-4ebf-8729-b5903439e2d9" executionId="87e17158-8d99-4f01-8ae8-e7e5f4330e22" testListId="8c84fa94-04c1-424b-9868-57a2d4851a1d" />
    <TestEntry testId="82433354-13b4-cc2d-0a49-7402e6830aee" executionId="b6672917-5a45-4e13-b854-f18e7e4c41ae" testListId="8c84fa94-04c1-424b-9868-57a2d4851a1d" />
    <TestEntry testId="54bfc83b-71cd-70be-2e17-0d354a18b25a" executionId="8dbeac61-93b8-4811-b5db-d4ee3c3e3483" testListId="8c84fa94-04c1-424b-9868-57a2d4851a1d" />
    <TestEntry testId="d3eea64b-9431-a4f4-6e46-77927988bd60" executionId="1df9fa32-3693-4887-a124-259f29bb77de" testListId="8c84fa94-04c1-424b-9868-57a2d4851a1d" />
    <TestEntry testId="9a71281b-30b0-67b5-7395-398aae4c1d76" executionId="bae90d0d-74d1-4801-8473-775ef17c4c46" testListId="8c84fa94-04c1-424b-9868-57a2d4851a1d" />
    <TestEntry testId="f40065b9-7c11-5cb0-fc3c-72a39c2af769" executionId="29df06b6-7c8b-48d4-a25b-9a6449da2bc1" testListId="8c84fa94-04c1-424b-9868-57a2d4851a1d" />
    <TestEntry testId="fdf88970-87c6-f740-810f-e878127ff782" executionId="32d0e6a6-84ea-4ae1-aa9f-2fd4272194d2" testListId="8c84fa94-04c1-424b-9868-57a2d4851a1d" />
    <TestEntry testId="e654c6ff-e79b-0f0d-7ecf-a4648dc0cf91" executionId="5278dbab-8e8b-4a25-955c-a5cb83b1c87b" testListId="8c84fa94-04c1-424b-9868-57a2d4851a1d" />
    <TestEntry testId="1beb15ab-fe09-2511-98ef-cddbeaaa10ed" executionId="ce45afaf-ff25-4d8d-873d-99272ddc5dd6" testListId="8c84fa94-04c1-424b-9868-57a2d4851a1d" />
    <TestEntry testId="8de6077c-5e1e-7144-f76f-09a36a8fcab6" executionId="d022e440-595f-45c0-a1c4-da14c7f53673" testListId="8c84fa94-04c1-424b-9868-57a2d4851a1d" />
    <TestEntry testId="0d8e7961-edc8-5f2f-d398-1131ab5c1262" executionId="6c7d1fc3-2de9-4a42-ac59-3577b1d820e4" testListId="8c84fa94-04c1-424b-9868-57a2d4851a1d" />
    <TestEntry testId="f4bc2eaf-f4d3-c189-d9cc-2eeedd1fbf5a" executionId="46d2a259-2a34-42a9-9761-e0bf6d58c813" testListId="8c84fa94-04c1-424b-9868-57a2d4851a1d" />
    <TestEntry testId="81f70a90-5f17-3107-1751-37f6a5b41791" executionId="bb243b12-351e-48fc-aa8b-edb6eb6d151e" testListId="8c84fa94-04c1-424b-9868-57a2d4851a1d" />
    <TestEntry testId="7c805908-7267-f4aa-63a0-03f3e0715abc" executionId="bb1c74a8-72ed-4af6-9273-3d8161e64f19" testListId="8c84fa94-04c1-424b-9868-57a2d4851a1d" />
  </TestEntries>
  <TestLists>
    <TestList name="Results Not in a List" id="8c84fa94-04c1-424b-9868-57a2d4851a1d" />
    <TestList name="All Loaded Results" id="19431567-8539-422a-85d7-44ee4e166bda" />
  </TestLists>
  <ResultSummary outcome="Failed">
    <Counters total="235" executed="234" passed="155" failed="79" error="0" timeout="0" aborted="0" inconclusive="0" passedButRunAborted="0" notRunnable="0" notExecuted="0" disconnected="0" warning="0" completed="0" inProgress="0" pending="0" />
    <Output>
      <StdOut>[xUnit.net 00:00:00.00] xUnit.net VSTest Adapter v2.8.1+ce9211e970 (64-bit .NET 8.0.1)
[xUnit.net 00:00:00.06]   Discovering: Appostolic.Api.Tests
[xUnit.net 00:00:00.10]   Discovered:  Appostolic.Api.Tests
[xUnit.net 00:00:00.10]   Starting:    Appostolic.Api.Tests
[xUnit.net 00:00:02.29]       Expected ok.StatusCode to be HttpStatusCode.OK {value: 200}, but found HttpStatusCode.Unauthorized {value: 401}.
[xUnit.net 00:00:02.29]       Stack Trace:
[xUnit.net 00:00:02.29]            at FluentAssertions.Execution.XUnit2TestFramework.Throw(String message)
[xUnit.net 00:00:02.29]            at FluentAssertions.Execution.TestFrameworkProvider.Throw(String message)
[xUnit.net 00:00:02.29]            at FluentAssertions.Execution.DefaultAssertionStrategy.HandleFailure(String message)
[xUnit.net 00:00:02.29]            at FluentAssertions.Execution.AssertionScope.FailWith(Func`1 failReasonFunc)
[xUnit.net 00:00:02.29]            at FluentAssertions.Execution.AssertionScope.FailWith(Func`1 failReasonFunc)
[xUnit.net 00:00:02.29]            at FluentAssertions.Execution.AssertionScope.FailWith(String message, Object[] args)
[xUnit.net 00:00:02.29]            at FluentAssertions.Primitives.EnumAssertions`2.Be(TEnum expected, String because, Object[] becauseArgs)
[xUnit.net 00:00:02.29]         /Users/kevinmccreary/appostolic/apps/api.tests/Security/AgentTasksAuthContractTests.cs(39,0): at Appostolic.Api.Tests.Security.AgentTasksAuthContractTests.ListEndpoint_RequiresDevHeaders()
[xUnit.net 00:00:02.29]         --- End of stack trace from previous location ---
[xUnit.net 00:00:03.01]       System.Net.Http.HttpRequestException : Response status code does not indicate success: 401 (Unauthorized).
[xUnit.net 00:00:03.01]       Stack Trace:
[xUnit.net 00:00:03.01]            at System.Net.Http.HttpResponseMessage.EnsureSuccessStatusCode()
[xUnit.net 00:00:03.01]         /Users/kevinmccreary/appostolic/apps/api.tests/AgentTasks/AgentTasksTestBase.cs(89,0): at Appostolic.Api.Tests.AgentTasks.AgentTasksTestBase.CreateTaskAsync(Guid agentId, Object input, Nullable`1 enqueueDelayMs, Boolean suppressEnqueue)
[xUnit.net 00:00:03.01]         /Users/kevinmccreary/appostolic/apps/api.tests/AgentTasks/AgentTasksListFilterPaginationTests.cs(83,0): at Appostolic.Api.Tests.AgentTasks.AgentTasksListFilterPaginationTests.Date_Range_Filter_On_CreatedAt()
[xUnit.net 00:00:03.01]         --- End of stack trace from previous location ---
[xUnit.net 00:00:03.01]       System.Net.Http.HttpRequestException : Response status code does not indicate success: 401 (Unauthorized).
[xUnit.net 00:00:03.01]       Stack Trace:
[xUnit.net 00:00:03.01]            at System.Net.Http.HttpResponseMessage.EnsureSuccessStatusCode()
[xUnit.net 00:00:03.01]         /Users/kevinmccreary/appostolic/apps/api.tests/AgentTasks/AgentTasksTestBase.cs(89,0): at Appostolic.Api.Tests.AgentTasks.AgentTasksTestBase.CreateTaskAsync(Guid agentId, Object input, Nullable`1 enqueueDelayMs, Boolean suppressEnqueue)
[xUnit.net 00:00:03.01]         /Users/kevinmccreary/appostolic/apps/api.tests/AgentTasks/AgentTasksListFilterPaginationTests.cs(48,0): at Appostolic.Api.Tests.AgentTasks.AgentTasksListFilterPaginationTests.Status_Filter_Is_CaseInsensitive()
[xUnit.net 00:00:03.01]         --- End of stack trace from previous location ---
[xUnit.net 00:00:03.01]       System.Net.Http.HttpRequestException : Response status code does not indicate success: 401 (Unauthorized).
[xUnit.net 00:00:03.01]       Stack Trace:
[xUnit.net 00:00:03.01]            at System.Net.Http.HttpResponseMessage.EnsureSuccessStatusCode()
[xUnit.net 00:00:03.01]         /Users/kevinmccreary/appostolic/apps/api.tests/AgentTasks/AgentTasksTestBase.cs(89,0): at Appostolic.Api.Tests.AgentTasks.AgentTasksTestBase.CreateTaskAsync(Guid agentId, Object input, Nullable`1 enqueueDelayMs, Boolean suppressEnqueue)
[xUnit.net 00:00:03.01]         /Users/kevinmccreary/appostolic/apps/api.tests/AgentTasks/AgentTasksListFilterPaginationTests.cs(66,0): at Appostolic.Api.Tests.AgentTasks.AgentTasksListFilterPaginationTests.Agent_Filter_Returns_Only_Matching()
[xUnit.net 00:00:03.01]         --- End of stack trace from previous location ---
[xUnit.net 00:00:03.02]       System.Net.Http.HttpRequestException : Response status code does not indicate success: 401 (Unauthorized).
[xUnit.net 00:00:03.02]       Stack Trace:
[xUnit.net 00:00:03.02]            at System.Net.Http.HttpResponseMessage.EnsureSuccessStatusCode()
[xUnit.net 00:00:03.02]         /Users/kevinmccreary/appostolic/apps/api.tests/AgentTasks/AgentTasksTestBase.cs(89,0): at Appostolic.Api.Tests.AgentTasks.AgentTasksTestBase.CreateTaskAsync(Guid agentId, Object input, Nullable`1 enqueueDelayMs, Boolean suppressEnqueue)
[xUnit.net 00:00:03.02]         /Users/kevinmccreary/appostolic/apps/api.tests/AgentTasks/AgentTasksListFilterPaginationTests.cs(16,0): at Appostolic.Api.Tests.AgentTasks.AgentTasksListFilterPaginationTests.Paging_Returns_XTotalCount_And_DescOrdering()
[xUnit.net 00:00:03.02]         --- End of stack trace from previous location ---
[xUnit.net 00:00:03.02]       System.Net.Http.HttpRequestException : Response status code does not indicate success: 401 (Unauthorized).
[xUnit.net 00:00:03.02]       Stack Trace:
[xUnit.net 00:00:03.02]            at System.Net.Http.HttpResponseMessage.EnsureSuccessStatusCode()
[xUnit.net 00:00:03.02]         /Users/kevinmccreary/appostolic/apps/api.tests/AgentTasks/AgentTasksTestBase.cs(89,0): at Appostolic.Api.Tests.AgentTasks.AgentTasksTestBase.CreateTaskAsync(Guid agentId, Object input, Nullable`1 enqueueDelayMs, Boolean suppressEnqueue)
[xUnit.net 00:00:03.02]         /Users/kevinmccreary/appostolic/apps/api.tests/AgentTasks/AgentTasksListFilterPaginationTests.cs(105,0): at Appostolic.Api.Tests.AgentTasks.AgentTasksListFilterPaginationTests.FreeText_Q_Search_On_Input_And_User()
[xUnit.net 00:00:03.02]         --- End of stack trace from previous location ---
[xUnit.net 00:00:03.42]       System.InvalidOperationException : Expected tenant token for slug 'kevin-personal' but helper returned null.
[xUnit.net 00:00:03.42]       Stack Trace:
[xUnit.net 00:00:03.42]         /Users/kevinmccreary/appostolic/apps/api.tests/Auth/AuthTestClient.cs(34,0): at Appostolic.Api.AuthTests.AuthTestClient.UseTenantAsync(HttpClient client, String email, String tenantSlug)
[xUnit.net 00:00:03.42]         /Users/kevinmccreary/appostolic/apps/api.tests/Auth/AuthTestClientTests.cs(30,0): at Appostolic.Api.AuthTests.AuthTestClientTests.UseTenantAsync_AttachesTenantToken()
[xUnit.net 00:00:03.42]         --- End of stack trace from previous location ---
[xUnit.net 00:00:03.68]       Expected resp.StatusCode to be HttpStatusCode.Created {value: 201}, but found HttpStatusCode.Unauthorized {value: 401}.
[xUnit.net 00:00:03.68]       Stack Trace:
[xUnit.net 00:00:03.68]            at FluentAssertions.Execution.XUnit2TestFramework.Throw(String message)
[xUnit.net 00:00:03.68]            at FluentAssertions.Execution.TestFrameworkProvider.Throw(String message)
[xUnit.net 00:00:03.68]            at FluentAssertions.Execution.DefaultAssertionStrategy.HandleFailure(String message)
[xUnit.net 00:00:03.68]            at FluentAssertions.Execution.AssertionScope.FailWith(Func`1 failReasonFunc)
[xUnit.net 00:00:03.68]            at FluentAssertions.Execution.AssertionScope.FailWith(Func`1 failReasonFunc)
[xUnit.net 00:00:03.68]            at FluentAssertions.Execution.AssertionScope.FailWith(String message, Object[] args)
[xUnit.net 00:00:03.68]            at FluentAssertions.Primitives.EnumAssertions`2.Be(TEnum expected, String because, Object[] becauseArgs)
[xUnit.net 00:00:03.68]         /Users/kevinmccreary/appostolic/apps/api.tests/Api/AgentTasksEndpointsTests.cs(29,0): at Appostolic.Api.Tests.Api.AgentTasksEndpointsTests.CreateTask_Returns201AndSummary()
[xUnit.net 00:00:03.68]         --- End of stack trace from previous location ---
[xUnit.net 00:00:03.68]       Expected resp.StatusCode to be HttpStatusCode.Created {value: 201}, but found HttpStatusCode.Unauthorized {value: 401}.
[xUnit.net 00:00:03.68]       Stack Trace:
[xUnit.net 00:00:03.68]            at FluentAssertions.Execution.XUnit2TestFramework.Throw(String message)
[xUnit.net 00:00:03.68]            at FluentAssertions.Execution.TestFrameworkProvider.Throw(String message)
[xUnit.net 00:00:03.68]            at FluentAssertions.Execution.DefaultAssertionStrategy.HandleFailure(String message)
[xUnit.net 00:00:03.68]            at FluentAssertions.Execution.AssertionScope.FailWith(Func`1 failReasonFunc)
[xUnit.net 00:00:03.68]            at FluentAssertions.Execution.AssertionScope.FailWith(Func`1 failReasonFunc)
[xUnit.net 00:00:03.68]            at FluentAssertions.Execution.AssertionScope.FailWith(String message, Object[] args)
[xUnit.net 00:00:03.68]            at FluentAssertions.Primitives.EnumAssertions`2.Be(TEnum expected, String because, Object[] becauseArgs)
[xUnit.net 00:00:03.68]         /Users/kevinmccreary/appostolic/apps/api.tests/Api/AgentTasksEndpointsTests.cs(29,0): at Appostolic.Api.Tests.Api.AgentTasksEndpointsTests.CreateTask_Returns201AndSummary()
[xUnit.net 00:00:03.68]         /Users/kevinmccreary/appostolic/apps/api.tests/Api/AgentTasksEndpointsTests.cs(43,0): at Appostolic.Api.Tests.Api.AgentTasksEndpointsTests.GetDetails_WithTracesInitiallyEmpty()
[xUnit.net 00:00:03.68]         --- End of stack trace from previous location ---
[xUnit.net 00:00:03.69]       Expected resp.StatusCode to be HttpStatusCode.Created {value: 201}, but found HttpStatusCode.Unauthorized {value: 401}.
[xUnit.net 00:00:03.69]       Stack Trace:
[xUnit.net 00:00:03.69]            at FluentAssertions.Execution.XUnit2TestFramework.Throw(String message)
[xUnit.net 00:00:03.69]            at FluentAssertions.Execution.TestFrameworkProvider.Throw(String message)
[xUnit.net 00:00:03.69]            at FluentAssertions.Execution.DefaultAssertionStrategy.HandleFailure(String message)
[xUnit.net 00:00:03.69]            at FluentAssertions.Execution.AssertionScope.FailWith(Func`1 failReasonFunc)
[xUnit.net 00:00:03.69]            at FluentAssertions.Execution.AssertionScope.FailWith(Func`1 failReasonFunc)
[xUnit.net 00:00:03.69]            at FluentAssertions.Execution.AssertionScope.FailWith(String message, Object[] args)
[xUnit.net 00:00:03.69]            at FluentAssertions.Primitives.EnumAssertions`2.Be(TEnum expected, String because, Object[] becauseArgs)
[xUnit.net 00:00:03.69]         /Users/kevinmccreary/appostolic/apps/api.tests/Api/AgentTasksEndpointsTests.cs(29,0): at Appostolic.Api.Tests.Api.AgentTasksEndpointsTests.CreateTask_Returns201AndSummary()
[xUnit.net 00:00:03.69]         /Users/kevinmccreary/appostolic/apps/api.tests/Api/AgentTasksEndpointsTests.cs(57,0): at Appostolic.Api.Tests.Api.AgentTasksEndpointsTests.List_Pending_ReturnsCreatedFirst()
[xUnit.net 00:00:03.69]         --- End of stack trace from previous location ---
[xUnit.net 00:00:03.90]       Expected resp.StatusCode to be HttpStatusCode.BadRequest {value: 400}, but found HttpStatusCode.Unauthorized {value: 401}.
[xUnit.net 00:00:03.90]       Stack Trace:
[xUnit.net 00:00:03.90]            at FluentAssertions.Execution.XUnit2TestFramework.Throw(String message)
[xUnit.net 00:00:03.90]            at FluentAssertions.Execution.TestFrameworkProvider.Throw(String message)
[xUnit.net 00:00:03.90]            at FluentAssertions.Execution.DefaultAssertionStrategy.HandleFailure(String message)
[xUnit.net 00:00:03.90]            at FluentAssertions.Execution.AssertionScope.FailWith(Func`1 failReasonFunc)
[xUnit.net 00:00:03.90]            at FluentAssertions.Execution.AssertionScope.FailWith(Func`1 failReasonFunc)
[xUnit.net 00:00:03.90]            at FluentAssertions.Execution.AssertionScope.FailWith(String message, Object[] args)
[xUnit.net 00:00:03.90]            at FluentAssertions.Primitives.EnumAssertions`2.Be(TEnum expected, String because, Object[] becauseArgs)
[xUnit.net 00:00:03.90]         /Users/kevinmccreary/appostolic/apps/api.tests/Api/LegacyRoleWritePathDeprecationTests.cs(49,0): at Appostolic.Api.Tests.Api.LegacyRoleWritePathDeprecationTests.Invite_with_legacy_role_only_is_rejected_with_NO_FLAGS()
[xUnit.net 00:00:03.90]         --- End of stack trace from previous location ---
[xUnit.net 00:00:03.90]       Expected resp.StatusCode to be HttpStatusCode.BadRequest {value: 400}, but found HttpStatusCode.Unauthorized {value: 401}.
[xUnit.net 00:00:03.90]       Stack Trace:
[xUnit.net 00:00:03.90]            at FluentAssertions.Execution.XUnit2TestFramework.Throw(String message)
[xUnit.net 00:00:03.90]            at FluentAssertions.Execution.TestFrameworkProvider.Throw(String message)
[xUnit.net 00:00:03.90]            at FluentAssertions.Execution.DefaultAssertionStrategy.HandleFailure(String message)
[xUnit.net 00:00:03.90]            at FluentAssertions.Execution.AssertionScope.FailWith(Func`1 failReasonFunc)
[xUnit.net 00:00:03.90]            at FluentAssertions.Execution.AssertionScope.FailWith(Func`1 failReasonFunc)
[xUnit.net 00:00:03.90]            at FluentAssertions.Execution.AssertionScope.FailWith(String message, Object[] args)
[xUnit.net 00:00:03.90]            at FluentAssertions.Primitives.EnumAssertions`2.Be(TEnum expected, String because, Object[] becauseArgs)
[xUnit.net 00:00:03.90]         /Users/kevinmccreary/appostolic/apps/api.tests/Api/LegacyRoleWritePathDeprecationTests.cs(73,0): at Appostolic.Api.Tests.Api.LegacyRoleWritePathDeprecationTests.Member_role_change_with_legacy_role_is_rejected()
[xUnit.net 00:00:03.90]         --- End of stack trace from previous location ---
[xUnit.net 00:00:04.10]       System.Net.Http.HttpRequestException : Response status code does not indicate success: 500 (Internal Server Error).
[xUnit.net 00:00:04.10]       Stack Trace:
[xUnit.net 00:00:04.10]            at System.Net.Http.HttpResponseMessage.EnsureSuccessStatusCode()
[xUnit.net 00:00:04.10]         /Users/kevinmccreary/appostolic/apps/api.tests/E2E/NotificationsE2E_Mailhog.cs(105,0): at Appostolic.Api.Tests.E2E.NotificationsE2E_Mailhog.VerificationEmail_reaches_Mailhog_and_outbox_marks_Sent()
[xUnit.net 00:00:04.10]         --- End of stack trace from previous location ---
[xUnit.net 00:00:04.26]       Expected resp.StatusCode to be HttpStatusCode.OK {value: 200}, but found HttpStatusCode.Unauthorized {value: 401}.
[xUnit.net 00:00:04.26]       Stack Trace:
[xUnit.net 00:00:04.26]            at FluentAssertions.Execution.XUnit2TestFramework.Throw(String message)
[xUnit.net 00:00:04.26]            at FluentAssertions.Execution.TestFrameworkProvider.Throw(String message)
[xUnit.net 00:00:04.26]            at FluentAssertions.Execution.DefaultAssertionStrategy.HandleFailure(String message)
[xUnit.net 00:00:04.26]            at FluentAssertions.Execution.AssertionScope.FailWith(Func`1 failReasonFunc)
[xUnit.net 00:00:04.26]            at FluentAssertions.Execution.AssertionScope.FailWith(Func`1 failReasonFunc)
[xUnit.net 00:00:04.26]            at FluentAssertions.Execution.AssertionScope.FailWith(String message, Object[] args)
[xUnit.net 00:00:04.26]            at FluentAssertions.Primitives.EnumAssertions`2.Be(TEnum expected, String because, Object[] becauseArgs)
[xUnit.net 00:00:04.26]         /Users/kevinmccreary/appostolic/apps/api.tests/Api/TenantSettingsEndpointsTests.cs(65,0): at Appostolic.Api.Tests.Api.TenantSettingsEndpointsTests.Upload_Logo_Succeeds_And_Stores_Metadata()
[xUnit.net 00:00:04.26]         --- End of stack trace from previous location ---
[xUnit.net 00:00:04.27]       Expected ((int)resp.StatusCode) to be 413, but found 401 (difference of -12).
[xUnit.net 00:00:04.27]       Stack Trace:
[xUnit.net 00:00:04.27]            at FluentAssertions.Execution.XUnit2TestFramework.Throw(String message)
[xUnit.net 00:00:04.27]            at FluentAssertions.Execution.TestFrameworkProvider.Throw(String message)
[xUnit.net 00:00:04.27]            at FluentAssertions.Execution.DefaultAssertionStrategy.HandleFailure(String message)
[xUnit.net 00:00:04.27]            at FluentAssertions.Execution.AssertionScope.FailWith(Func`1 failReasonFunc)
[xUnit.net 00:00:04.27]            at FluentAssertions.Execution.AssertionScope.FailWith(Func`1 failReasonFunc)
[xUnit.net 00:00:04.27]            at FluentAssertions.Execution.AssertionScope.FailWith(String message, Object[] args)
[xUnit.net 00:00:04.27]            at FluentAssertions.Numeric.NumericAssertions`2.Be(T expected, String because, Object[] becauseArgs)
[xUnit.net 00:00:04.27]         /Users/kevinmccreary/appostolic/apps/api.tests/Api/TenantSettingsEndpointsTests.cs(97,0): at Appostolic.Api.Tests.Api.TenantSettingsEndpointsTests.Upload_Logo_Rejects_Payload_Too_Large()
[xUnit.net 00:00:04.27]         --- End of stack trace from previous location ---
[xUnit.net 00:00:04.27]       Expected uploadResp.StatusCode to be HttpStatusCode.OK {value: 200}, but found HttpStatusCode.Unauthorized {value: 401}.
[xUnit.net 00:00:04.27]       Stack Trace:
[xUnit.net 00:00:04.27]            at FluentAssertions.Execution.XUnit2TestFramework.Throw(String message)
[xUnit.net 00:00:04.27]            at FluentAssertions.Execution.TestFrameworkProvider.Throw(String message)
[xUnit.net 00:00:04.27]            at FluentAssertions.Execution.DefaultAssertionStrategy.HandleFailure(String message)
[xUnit.net 00:00:04.27]            at FluentAssertions.Execution.AssertionScope.FailWith(Func`1 failReasonFunc)
[xUnit.net 00:00:04.27]            at FluentAssertions.Execution.AssertionScope.FailWith(Func`1 failReasonFunc)
[xUnit.net 00:00:04.27]            at FluentAssertions.Execution.AssertionScope.FailWith(String message, Object[] args)
[xUnit.net 00:00:04.27]            at FluentAssertions.Primitives.EnumAssertions`2.Be(TEnum expected, String because, Object[] becauseArgs)
[xUnit.net 00:00:04.27]         /Users/kevinmccreary/appostolic/apps/api.tests/Api/TenantSettingsEndpointsTests.cs(112,0): at Appostolic.Api.Tests.Api.TenantSettingsEndpointsTests.Delete_Logo_Removes_Metadata()
[xUnit.net 00:00:04.27]         --- End of stack trace from previous location ---
[xUnit.net 00:00:04.27]       Expected resp.StatusCode to be HttpStatusCode.UnsupportedMediaType {value: 415}, but found HttpStatusCode.Unauthorized {value: 401}.
[xUnit.net 00:00:04.27]       Stack Trace:
[xUnit.net 00:00:04.27]            at FluentAssertions.Execution.XUnit2TestFramework.Throw(String message)
[xUnit.net 00:00:04.27]            at FluentAssertions.Execution.TestFrameworkProvider.Throw(String message)
[xUnit.net 00:00:04.27]            at FluentAssertions.Execution.DefaultAssertionStrategy.HandleFailure(String message)
[xUnit.net 00:00:04.27]            at FluentAssertions.Execution.AssertionScope.FailWith(Func`1 failReasonFunc)
[xUnit.net 00:00:04.27]            at FluentAssertions.Execution.AssertionScope.FailWith(Func`1 failReasonFunc)
[xUnit.net 00:00:04.27]            at FluentAssertions.Execution.AssertionScope.FailWith(String message, Object[] args)
[xUnit.net 00:00:04.27]            at FluentAssertions.Primitives.EnumAssertions`2.Be(TEnum expected, String because, Object[] becauseArgs)
[xUnit.net 00:00:04.27]         /Users/kevinmccreary/appostolic/apps/api.tests/Api/TenantSettingsEndpointsTests.cs(84,0): at Appostolic.Api.Tests.Api.TenantSettingsEndpointsTests.Upload_Logo_Rejects_Unsupported_Media_Type()
[xUnit.net 00:00:04.27]         --- End of stack trace from previous location ---
[xUnit.net 00:00:04.27]       Expected resp.StatusCode to be HttpStatusCode.OK {value: 200}, but found HttpStatusCode.Unauthorized {value: 401}.
[xUnit.net 00:00:04.27]       Stack Trace:
[xUnit.net 00:00:04.27]            at FluentAssertions.Execution.XUnit2TestFramework.Throw(String message)
[xUnit.net 00:00:04.27]            at FluentAssertions.Execution.TestFrameworkProvider.Throw(String message)
[xUnit.net 00:00:04.27]            at FluentAssertions.Execution.DefaultAssertionStrategy.HandleFailure(String message)
[xUnit.net 00:00:04.27]            at FluentAssertions.Execution.AssertionScope.FailWith(Func`1 failReasonFunc)
[xUnit.net 00:00:04.27]            at FluentAssertions.Execution.AssertionScope.FailWith(Func`1 failReasonFunc)
[xUnit.net 00:00:04.27]            at FluentAssertions.Execution.AssertionScope.FailWith(String message, Object[] args)
[xUnit.net 00:00:04.27]            at FluentAssertions.Primitives.EnumAssertions`2.Be(TEnum expected, String because, Object[] becauseArgs)
[xUnit.net 00:00:04.27]         /Users/kevinmccreary/appostolic/apps/api.tests/Api/TenantSettingsEndpointsTests.cs(30,0): at Appostolic.Api.Tests.Api.TenantSettingsEndpointsTests.Get_Settings_Returns_Empty_Object_When_Null()
[xUnit.net 00:00:04.27]         --- End of stack trace from previous location ---
[xUnit.net 00:00:04.28]       Expected seedResp.StatusCode to be HttpStatusCode.OK {value: 200}, but found HttpStatusCode.Unauthorized {value: 401}.
[xUnit.net 00:00:04.28]       Stack Trace:
[xUnit.net 00:00:04.28]            at FluentAssertions.Execution.XUnit2TestFramework.Throw(String message)
[xUnit.net 00:00:04.28]            at FluentAssertions.Execution.TestFrameworkProvider.Throw(String message)
[xUnit.net 00:00:04.28]            at FluentAssertions.Execution.DefaultAssertionStrategy.HandleFailure(String message)
[xUnit.net 00:00:04.28]            at FluentAssertions.Execution.AssertionScope.FailWith(Func`1 failReasonFunc)
[xUnit.net 00:00:04.28]            at FluentAssertions.Execution.AssertionScope.FailWith(Func`1 failReasonFunc)
[xUnit.net 00:00:04.28]            at FluentAssertions.Execution.AssertionScope.FailWith(String message, Object[] args)
[xUnit.net 00:00:04.28]            at FluentAssertions.Primitives.EnumAssertions`2.Be(TEnum expected, String because, Object[] becauseArgs)
[xUnit.net 00:00:04.28]         /Users/kevinmccreary/appostolic/apps/api.tests/Api/TenantSettingsEndpointsTests.cs(42,0): at Appostolic.Api.Tests.Api.TenantSettingsEndpointsTests.Put_Settings_Deep_Merges()
[xUnit.net 00:00:04.28]         --- End of stack trace from previous location ---
[xUnit.net 00:00:04.48]       Expected createResp.StatusCode to be HttpStatusCode.Created {value: 201}, but found HttpStatusCode.Unauthorized {value: 401}.
[xUnit.net 00:00:04.48]       Stack Trace:
[xUnit.net 00:00:04.48]            at FluentAssertions.Execution.XUnit2TestFramework.Throw(String message)
[xUnit.net 00:00:04.48]            at FluentAssertions.Execution.TestFrameworkProvider.Throw(String message)
[xUnit.net 00:00:04.48]            at FluentAssertions.Execution.DefaultAssertionStrategy.HandleFailure(String message)
[xUnit.net 00:00:04.48]            at FluentAssertions.Execution.AssertionScope.FailWith(Func`1 failReasonFunc)
[xUnit.net 00:00:04.48]            at FluentAssertions.Execution.AssertionScope.FailWith(Func`1 failReasonFunc)
[xUnit.net 00:00:04.48]            at FluentAssertions.Execution.AssertionScope.FailWith(String message, Object[] args)
[xUnit.net 00:00:04.48]            at FluentAssertions.Primitives.EnumAssertions`2.Be(TEnum expected, String because, Object[] becauseArgs)
[xUnit.net 00:00:04.48]         /Users/kevinmccreary/appostolic/apps/api.tests/Api/InvitesAcceptTests.cs(42,0): at Appostolic.Api.Tests.Api.InvitesAcceptTests.Accept_SignedIn_User_Matches_Invite_Creates_Membership()
[xUnit.net 00:00:04.48]         --- End of stack trace from previous location ---
[xUnit.net 00:00:04.48]       Expected resp.StatusCode to be HttpStatusCode.BadRequest {value: 400}, but found HttpStatusCode.Unauthorized {value: 401}.
[xUnit.net 00:00:04.48]       Stack Trace:
[xUnit.net 00:00:04.48]            at FluentAssertions.Execution.XUnit2TestFramework.Throw(String message)
[xUnit.net 00:00:04.48]            at FluentAssertions.Execution.TestFrameworkProvider.Throw(String message)
[xUnit.net 00:00:04.48]            at FluentAssertions.Execution.DefaultAssertionStrategy.HandleFailure(String message)
[xUnit.net 00:00:04.48]            at FluentAssertions.Execution.AssertionScope.FailWith(Func`1 failReasonFunc)
[xUnit.net 00:00:04.48]            at FluentAssertions.Execution.AssertionScope.FailWith(Func`1 failReasonFunc)
[xUnit.net 00:00:04.48]            at FluentAssertions.Execution.AssertionScope.FailWith(String message, Object[] args)
[xUnit.net 00:00:04.48]            at FluentAssertions.Primitives.EnumAssertions`2.Be(TEnum expected, String because, Object[] becauseArgs)
[xUnit.net 00:00:04.48]         /Users/kevinmccreary/appostolic/apps/api.tests/Api/InvitesAcceptTests.cs(92,0): at Appostolic.Api.Tests.Api.InvitesAcceptTests.Accept_With_Invalid_Token_Fails()
[xUnit.net 00:00:04.48]         --- End of stack trace from previous location ---
[xUnit.net 00:00:05.18]       Expected demote.StatusCode to be HttpStatusCode.Conflict {value: 409}, but found HttpStatusCode.Unauthorized {value: 401}.
[xUnit.net 00:00:05.18]       Stack Trace:
[xUnit.net 00:00:05.18]            at FluentAssertions.Execution.XUnit2TestFramework.Throw(String message)
[xUnit.net 00:00:05.18]            at FluentAssertions.Execution.TestFrameworkProvider.Throw(String message)
[xUnit.net 00:00:05.18]            at FluentAssertions.Execution.DefaultAssertionStrategy.HandleFailure(String message)
[xUnit.net 00:00:05.18]            at FluentAssertions.Execution.AssertionScope.FailWith(Func`1 failReasonFunc)
[xUnit.net 00:00:05.18]            at FluentAssertions.Execution.AssertionScope.FailWith(Func`1 failReasonFunc)
[xUnit.net 00:00:05.18]            at FluentAssertions.Execution.AssertionScope.FailWith(String message, Object[] args)
[xUnit.net 00:00:05.18]            at FluentAssertions.Primitives.EnumAssertions`2.Be(TEnum expected, String because, Object[] becauseArgs)
[xUnit.net 00:00:05.18]         /Users/kevinmccreary/appostolic/apps/api.tests/Api/MembersManagementTests.cs(118,0): at Appostolic.Api.Tests.Api.MembersManagementTests.Cannot_remove_last_TenantAdmin()
[xUnit.net 00:00:05.18]         --- End of stack trace from previous location ---
[xUnit.net 00:00:05.19]       Expected resp.StatusCode to be HttpStatusCode.NoContent {value: 204}, but found HttpStatusCode.Unauthorized {value: 401}.
[xUnit.net 00:00:05.19]       Stack Trace:
[xUnit.net 00:00:05.19]            at FluentAssertions.Execution.XUnit2TestFramework.Throw(String message)
[xUnit.net 00:00:05.19]            at FluentAssertions.Execution.TestFrameworkProvider.Throw(String message)
[xUnit.net 00:00:05.19]            at FluentAssertions.Execution.DefaultAssertionStrategy.HandleFailure(String message)
[xUnit.net 00:00:05.19]            at FluentAssertions.Execution.AssertionScope.FailWith(Func`1 failReasonFunc)
[xUnit.net 00:00:05.19]            at FluentAssertions.Execution.AssertionScope.FailWith(Func`1 failReasonFunc)
[xUnit.net 00:00:05.19]            at FluentAssertions.Execution.AssertionScope.FailWith(String message, Object[] args)
[xUnit.net 00:00:05.19]            at FluentAssertions.Primitives.EnumAssertions`2.Be(TEnum expected, String because, Object[] becauseArgs)
[xUnit.net 00:00:05.19]         /Users/kevinmccreary/appostolic/apps/api.tests/Api/MembersManagementTests.cs(143,0): at Appostolic.Api.Tests.Api.MembersManagementTests.Remove_non_admin_member()
[xUnit.net 00:00:05.19]         --- End of stack trace from previous location ---
[xUnit.net 00:00:05.19]       Expected promote.StatusCode to be HttpStatusCode.OK {value: 200}, but found HttpStatusCode.Unauthorized {value: 401}.
[xUnit.net 00:00:05.19]       Stack Trace:
[xUnit.net 00:00:05.19]            at FluentAssertions.Execution.XUnit2TestFramework.Throw(String message)
[xUnit.net 00:00:05.19]            at FluentAssertions.Execution.TestFrameworkProvider.Throw(String message)
[xUnit.net 00:00:05.19]            at FluentAssertions.Execution.DefaultAssertionStrategy.HandleFailure(String message)
[xUnit.net 00:00:05.19]            at FluentAssertions.Execution.AssertionScope.FailWith(Func`1 failReasonFunc)
[xUnit.net 00:00:05.19]            at FluentAssertions.Execution.AssertionScope.FailWith(Func`1 failReasonFunc)
[xUnit.net 00:00:05.19]            at FluentAssertions.Execution.AssertionScope.FailWith(String message, Object[] args)
[xUnit.net 00:00:05.19]            at FluentAssertions.Primitives.EnumAssertions`2.Be(TEnum expected, String because, Object[] becauseArgs)
[xUnit.net 00:00:05.19]         /Users/kevinmccreary/appostolic/apps/api.tests/Api/MembersManagementTests.cs(61,0): at Appostolic.Api.Tests.Api.MembersManagementTests.TenantAdmin_can_add_TenantAdmin_flag_to_member()
[xUnit.net 00:00:05.19]         --- End of stack trace from previous location ---
[xUnit.net 00:00:05.20]       Expected demote.StatusCode to be HttpStatusCode.OK {value: 200}, but found HttpStatusCode.Unauthorized {value: 401}.
[xUnit.net 00:00:05.20]       Stack Trace:
[xUnit.net 00:00:05.20]            at FluentAssertions.Execution.XUnit2TestFramework.Throw(String message)
[xUnit.net 00:00:05.20]            at FluentAssertions.Execution.TestFrameworkProvider.Throw(String message)
[xUnit.net 00:00:05.20]            at FluentAssertions.Execution.DefaultAssertionStrategy.HandleFailure(String message)
[xUnit.net 00:00:05.20]            at FluentAssertions.Execution.AssertionScope.FailWith(Func`1 failReasonFunc)
[xUnit.net 00:00:05.20]            at FluentAssertions.Execution.AssertionScope.FailWith(Func`1 failReasonFunc)
[xUnit.net 00:00:05.20]            at FluentAssertions.Execution.AssertionScope.FailWith(String message, Object[] args)
[xUnit.net 00:00:05.20]            at FluentAssertions.Primitives.EnumAssertions`2.Be(TEnum expected, String because, Object[] becauseArgs)
[xUnit.net 00:00:05.20]         /Users/kevinmccreary/appostolic/apps/api.tests/Api/MembersManagementTests.cs(184,0): at Appostolic.Api.Tests.Api.MembersManagementTests.Remove_TenantAdmin_flag_when_another_admin_exists()
[xUnit.net 00:00:05.20]         --- End of stack trace from previous location ---
[xUnit.net 00:00:05.20]       Expected attempt.StatusCode to be HttpStatusCode.Forbidden {value: 403}, but found HttpStatusCode.Unauthorized {value: 401}.
[xUnit.net 00:00:05.20]       Stack Trace:
[xUnit.net 00:00:05.20]            at FluentAssertions.Execution.XUnit2TestFramework.Throw(String message)
[xUnit.net 00:00:05.20]            at FluentAssertions.Execution.TestFrameworkProvider.Throw(String message)
[xUnit.net 00:00:05.20]            at FluentAssertions.Execution.DefaultAssertionStrategy.HandleFailure(String message)
[xUnit.net 00:00:05.20]            at FluentAssertions.Execution.AssertionScope.FailWith(Func`1 failReasonFunc)
[xUnit.net 00:00:05.20]            at FluentAssertions.Execution.AssertionScope.FailWith(Func`1 failReasonFunc)
[xUnit.net 00:00:05.20]            at FluentAssertions.Execution.AssertionScope.FailWith(String message, Object[] args)
[xUnit.net 00:00:05.20]            at FluentAssertions.Primitives.EnumAssertions`2.Be(TEnum expected, String because, Object[] becauseArgs)
[xUnit.net 00:00:05.20]         /Users/kevinmccreary/appostolic/apps/api.tests/Api/MembersManagementTests.cs(92,0): at Appostolic.Api.Tests.Api.MembersManagementTests.Non_admin_cannot_change_roles()
[xUnit.net 00:00:05.20]         --- End of stack trace from previous location ---
[xUnit.net 00:00:05.38]       System.Net.Http.HttpRequestException : Response status code does not indicate success: 401 (Unauthorized).
[xUnit.net 00:00:05.38]       Stack Trace:
[xUnit.net 00:00:05.38]            at System.Net.Http.HttpResponseMessage.EnsureSuccessStatusCode()
[xUnit.net 00:00:05.38]         /Users/kevinmccreary/appostolic/apps/api.tests/Privacy/UserProfileLoggingTests.cs(78,0): at Appostolic.Api.Tests.Privacy.UserProfileLoggingTests.GetMe_HashingDisabled_OmitsHash()
[xUnit.net 00:00:05.38]         --- End of stack trace from previous location ---
[xUnit.net 00:00:05.55]       System.Net.Http.HttpRequestException : Response status code does not indicate success: 401 (Unauthorized).
[xUnit.net 00:00:05.55]       Stack Trace:
[xUnit.net 00:00:05.55]            at System.Net.Http.HttpResponseMessage.EnsureSuccessStatusCode()
[xUnit.net 00:00:05.55]         /Users/kevinmccreary/appostolic/apps/api.tests/Privacy/UserProfileLoggingTests.cs(44,0): at Appostolic.Api.Tests.Privacy.UserProfileLoggingTests.GetMe_EmitsRedactedAndHash_NoRawEmail()
[xUnit.net 00:00:05.55]         --- End of stack trace from previous location ---
[xUnit.net 00:00:05.92]       Expected r1.StatusCode to be HttpStatusCode.BadRequest {value: 400}, but found HttpStatusCode.Unauthorized {value: 401}.
[xUnit.net 00:00:05.92]       Stack Trace:
[xUnit.net 00:00:05.92]            at FluentAssertions.Execution.XUnit2TestFramework.Throw(String message)
[xUnit.net 00:00:05.92]            at FluentAssertions.Execution.TestFrameworkProvider.Throw(String message)
[xUnit.net 00:00:05.92]            at FluentAssertions.Execution.DefaultAssertionStrategy.HandleFailure(String message)
[xUnit.net 00:00:05.92]            at FluentAssertions.Execution.AssertionScope.FailWith(Func`1 failReasonFunc)
[xUnit.net 00:00:05.92]            at FluentAssertions.Execution.AssertionScope.FailWith(Func`1 failReasonFunc)
[xUnit.net 00:00:05.92]            at FluentAssertions.Execution.AssertionScope.FailWith(String message, Object[] args)
[xUnit.net 00:00:05.92]            at FluentAssertions.Primitives.EnumAssertions`2.Be(TEnum expected, String because, Object[] becauseArgs)
[xUnit.net 00:00:05.92]         /Users/kevinmccreary/appostolic/apps/api.tests/Api/AgentsEndpointsTests.cs(101,0): at Appostolic.Api.Tests.Api.AgentsEndpointsTests.Agents_Validation_Errors()
[xUnit.net 00:00:05.92]         --- End of stack trace from previous location ---
[xUnit.net 00:00:05.93]       Expected createResp.StatusCode to be HttpStatusCode.Created {value: 201}, but found HttpStatusCode.Unauthorized {value: 401}.
[xUnit.net 00:00:05.93]       Stack Trace:
[xUnit.net 00:00:05.93]            at FluentAssertions.Execution.XUnit2TestFramework.Throw(String message)
[xUnit.net 00:00:05.93]            at FluentAssertions.Execution.TestFrameworkProvider.Throw(String message)
[xUnit.net 00:00:05.93]            at FluentAssertions.Execution.DefaultAssertionStrategy.HandleFailure(String message)
[xUnit.net 00:00:05.93]            at FluentAssertions.Execution.AssertionScope.FailWith(Func`1 failReasonFunc)
[xUnit.net 00:00:05.93]            at FluentAssertions.Execution.AssertionScope.FailWith(Func`1 failReasonFunc)
[xUnit.net 00:00:05.93]            at FluentAssertions.Execution.AssertionScope.FailWith(String message, Object[] args)
[xUnit.net 00:00:05.93]            at FluentAssertions.Primitives.EnumAssertions`2.Be(TEnum expected, String because, Object[] becauseArgs)
[xUnit.net 00:00:05.93]         /Users/kevinmccreary/appostolic/apps/api.tests/Api/AgentsEndpointsTests.cs(38,0): at Appostolic.Api.Tests.Api.AgentsEndpointsTests.Agents_CRUD_HappyPath()
[xUnit.net 00:00:05.93]         --- End of stack trace from previous location ---
[xUnit.net 00:00:06.11]       Expected r.StatusCode to be HttpStatusCode.NotFound {value: 404}, but found HttpStatusCode.InternalServerError {value: 500}.
[xUnit.net 00:00:06.11]       Stack Trace:
[xUnit.net 00:00:06.11]            at FluentAssertions.Execution.XUnit2TestFramework.Throw(String message)
[xUnit.net 00:00:06.11]            at FluentAssertions.Execution.TestFrameworkProvider.Throw(String message)
[xUnit.net 00:00:06.11]            at FluentAssertions.Execution.DefaultAssertionStrategy.HandleFailure(String message)
[xUnit.net 00:00:06.11]            at FluentAssertions.Execution.AssertionScope.FailWith(Func`1 failReasonFunc)
[xUnit.net 00:00:06.11]            at FluentAssertions.Execution.AssertionScope.FailWith(Func`1 failReasonFunc)
[xUnit.net 00:00:06.11]            at FluentAssertions.Execution.AssertionScope.FailWith(String message, Object[] args)
[xUnit.net 00:00:06.11]            at FluentAssertions.Primitives.EnumAssertions`2.Be(TEnum expected, String because, Object[] becauseArgs)
[xUnit.net 00:00:06.11]         /Users/kevinmccreary/appostolic/apps/api.tests/Api/NotificationsProdEndpointsTests.cs(122,0): at Appostolic.Api.Tests.Api.NotificationsProdEndpointsTests.Resend_returns_404_when_missing()
[xUnit.net 00:00:06.11]         --- End of stack trace from previous location ---
[xUnit.net 00:00:06.30]       Expected r1.StatusCode to be HttpStatusCode.Created {value: 201}, but found HttpStatusCode.InternalServerError {value: 500}.
[xUnit.net 00:00:06.30]       Stack Trace:
[xUnit.net 00:00:06.30]            at FluentAssertions.Execution.XUnit2TestFramework.Throw(String message)
[xUnit.net 00:00:06.30]            at FluentAssertions.Execution.TestFrameworkProvider.Throw(String message)
[xUnit.net 00:00:06.30]            at FluentAssertions.Execution.DefaultAssertionStrategy.HandleFailure(String message)
[xUnit.net 00:00:06.30]            at FluentAssertions.Execution.AssertionScope.FailWith(Func`1 failReasonFunc)
[xUnit.net 00:00:06.30]            at FluentAssertions.Execution.AssertionScope.FailWith(Func`1 failReasonFunc)
[xUnit.net 00:00:06.30]            at FluentAssertions.Execution.AssertionScope.FailWith(String message, Object[] args)
[xUnit.net 00:00:06.30]            at FluentAssertions.Primitives.EnumAssertions`2.Be(TEnum expected, String because, Object[] becauseArgs)
[xUnit.net 00:00:06.30]         /Users/kevinmccreary/appostolic/apps/api.tests/Api/NotificationsProdEndpointsTests.cs(107,0): at Appostolic.Api.Tests.Api.NotificationsProdEndpointsTests.Tenant_owner_can_resend_within_tenant_and_is_forbidden_cross_tenant()
[xUnit.net 00:00:06.30]         --- End of stack trace from previous location ---
[xUnit.net 00:00:06.46]       Expected listResp.StatusCode to be HttpStatusCode.OK {value: 200}, but found HttpStatusCode.InternalServerError {value: 500}.
[xUnit.net 00:00:06.46]       Stack Trace:
[xUnit.net 00:00:06.46]            at FluentAssertions.Execution.XUnit2TestFramework.Throw(String message)
[xUnit.net 00:00:06.46]            at FluentAssertions.Execution.TestFrameworkProvider.Throw(String message)
[xUnit.net 00:00:06.46]            at FluentAssertions.Execution.DefaultAssertionStrategy.HandleFailure(String message)
[xUnit.net 00:00:06.46]            at FluentAssertions.Execution.AssertionScope.FailWith(Func`1 failReasonFunc)
[xUnit.net 00:00:06.46]            at FluentAssertions.Execution.AssertionScope.FailWith(Func`1 failReasonFunc)
[xUnit.net 00:00:06.46]            at FluentAssertions.Execution.AssertionScope.FailWith(String message, Object[] args)
[xUnit.net 00:00:06.46]            at FluentAssertions.Primitives.EnumAssertions`2.Be(TEnum expected, String because, Object[] becauseArgs)
[xUnit.net 00:00:06.46]         /Users/kevinmccreary/appostolic/apps/api.tests/Api/NotificationsProdEndpointsTests.cs(41,0): at Appostolic.Api.Tests.Api.NotificationsProdEndpointsTests.Tenant_owner_can_list_and_retry_within_tenant()
[xUnit.net 00:00:06.46]         --- End of stack trace from previous location ---
[xUnit.net 00:00:06.63]       Expected listResp.StatusCode to be HttpStatusCode.OK {value: 200}, but found HttpStatusCode.InternalServerError {value: 500}.
[xUnit.net 00:00:06.63]       Stack Trace:
[xUnit.net 00:00:06.63]            at FluentAssertions.Execution.XUnit2TestFramework.Throw(String message)
[xUnit.net 00:00:06.63]            at FluentAssertions.Execution.TestFrameworkProvider.Throw(String message)
[xUnit.net 00:00:06.63]            at FluentAssertions.Execution.DefaultAssertionStrategy.HandleFailure(String message)
[xUnit.net 00:00:06.63]            at FluentAssertions.Execution.AssertionScope.FailWith(Func`1 failReasonFunc)
[xUnit.net 00:00:06.63]            at FluentAssertions.Execution.AssertionScope.FailWith(Func`1 failReasonFunc)
[xUnit.net 00:00:06.63]            at FluentAssertions.Execution.AssertionScope.FailWith(String message, Object[] args)
[xUnit.net 00:00:06.63]            at FluentAssertions.Primitives.EnumAssertions`2.Be(TEnum expected, String because, Object[] becauseArgs)
[xUnit.net 00:00:06.63]         /Users/kevinmccreary/appostolic/apps/api.tests/Api/NotificationsProdEndpointsTests.cs(75,0): at Appostolic.Api.Tests.Api.NotificationsProdEndpointsTests.Superadmin_can_list_cross_tenant()
[xUnit.net 00:00:06.63]         --- End of stack trace from previous location ---
[xUnit.net 00:00:06.81]       Expected seedResp.StatusCode to be HttpStatusCode.OK {value: 200}, but found HttpStatusCode.Unauthorized {value: 401}.
[xUnit.net 00:00:06.81]       Stack Trace:
[xUnit.net 00:00:06.81]            at FluentAssertions.Execution.XUnit2TestFramework.Throw(String message)
[xUnit.net 00:00:06.81]            at FluentAssertions.Execution.TestFrameworkProvider.Throw(String message)
[xUnit.net 00:00:06.81]            at FluentAssertions.Execution.DefaultAssertionStrategy.HandleFailure(String message)
[xUnit.net 00:00:06.81]            at FluentAssertions.Execution.AssertionScope.FailWith(Func`1 failReasonFunc)
[xUnit.net 00:00:06.81]            at FluentAssertions.Execution.AssertionScope.FailWith(Func`1 failReasonFunc)
[xUnit.net 00:00:06.81]            at FluentAssertions.Execution.AssertionScope.FailWith(String message, Object[] args)
[xUnit.net 00:00:06.81]            at FluentAssertions.Primitives.EnumAssertions`2.Be(TEnum expected, String because, Object[] becauseArgs)
[xUnit.net 00:00:06.81]         /Users/kevinmccreary/appostolic/apps/api.tests/Api/UserProfileEndpointsTests.cs(47,0): at Appostolic.Api.Tests.Api.UserProfileEndpointsTests.Put_me_merges_profile_and_trims_and_validates_social_urls()
[xUnit.net 00:00:06.81]         --- End of stack trace from previous location ---
[xUnit.net 00:00:06.81]       Expected resp.StatusCode to be HttpStatusCode.OK {value: 200}, but found HttpStatusCode.Unauthorized {value: 401}.
[xUnit.net 00:00:06.81]       Stack Trace:
[xUnit.net 00:00:06.81]            at FluentAssertions.Execution.XUnit2TestFramework.Throw(String message)
[xUnit.net 00:00:06.81]            at FluentAssertions.Execution.TestFrameworkProvider.Throw(String message)
[xUnit.net 00:00:06.81]            at FluentAssertions.Execution.DefaultAssertionStrategy.HandleFailure(String message)
[xUnit.net 00:00:06.81]            at FluentAssertions.Execution.AssertionScope.FailWith(Func`1 failReasonFunc)
[xUnit.net 00:00:06.81]            at FluentAssertions.Execution.AssertionScope.FailWith(Func`1 failReasonFunc)
[xUnit.net 00:00:06.81]            at FluentAssertions.Execution.AssertionScope.FailWith(String message, Object[] args)
[xUnit.net 00:00:06.81]            at FluentAssertions.Primitives.EnumAssertions`2.Be(TEnum expected, String because, Object[] becauseArgs)
[xUnit.net 00:00:06.81]         /Users/kevinmccreary/appostolic/apps/api.tests/Api/UserProfileEndpointsTests.cs(26,0): at Appostolic.Api.Tests.Api.UserProfileEndpointsTests.Get_me_returns_user_with_profile()
[xUnit.net 00:00:06.81]         --- End of stack trace from previous location ---
[xUnit.net 00:00:06.82]       Expected resp.StatusCode to be HttpStatusCode.BadRequest {value: 400}, but found HttpStatusCode.Unauthorized {value: 401}.
[xUnit.net 00:00:06.82]       Stack Trace:
[xUnit.net 00:00:06.82]            at FluentAssertions.Execution.XUnit2TestFramework.Throw(String message)
[xUnit.net 00:00:06.82]            at FluentAssertions.Execution.TestFrameworkProvider.Throw(String message)
[xUnit.net 00:00:06.82]            at FluentAssertions.Execution.DefaultAssertionStrategy.HandleFailure(String message)
[xUnit.net 00:00:06.82]            at FluentAssertions.Execution.AssertionScope.FailWith(Func`1 failReasonFunc)
[xUnit.net 00:00:06.82]            at FluentAssertions.Execution.AssertionScope.FailWith(Func`1 failReasonFunc)
[xUnit.net 00:00:06.82]            at FluentAssertions.Execution.AssertionScope.FailWith(String message, Object[] args)
[xUnit.net 00:00:06.82]            at FluentAssertions.Primitives.EnumAssertions`2.Be(TEnum expected, String because, Object[] becauseArgs)
[xUnit.net 00:00:06.82]         /Users/kevinmccreary/appostolic/apps/api.tests/Api/UserProfileEndpointsTests.cs(94,0): at Appostolic.Api.Tests.Api.UserProfileEndpointsTests.Put_me_rejects_non_object_body()
[xUnit.net 00:00:06.82]         --- End of stack trace from previous location ---
[xUnit.net 00:00:07.71]       Expected r1.StatusCode to be HttpStatusCode.OK {value: 200}, but found HttpStatusCode.Unauthorized {value: 401}.
[xUnit.net 00:00:07.71]       Stack Trace:
[xUnit.net 00:00:07.71]            at FluentAssertions.Execution.XUnit2TestFramework.Throw(String message)
[xUnit.net 00:00:07.71]            at FluentAssertions.Execution.TestFrameworkProvider.Throw(String message)
[xUnit.net 00:00:07.71]            at FluentAssertions.Execution.DefaultAssertionStrategy.HandleFailure(String message)
[xUnit.net 00:00:07.71]            at FluentAssertions.Execution.AssertionScope.FailWith(Func`1 failReasonFunc)
[xUnit.net 00:00:07.71]            at FluentAssertions.Execution.AssertionScope.FailWith(Func`1 failReasonFunc)
[xUnit.net 00:00:07.71]            at FluentAssertions.Execution.AssertionScope.FailWith(String message, Object[] args)
[xUnit.net 00:00:07.71]            at FluentAssertions.Primitives.EnumAssertions`2.Be(TEnum expected, String because, Object[] becauseArgs)
[xUnit.net 00:00:07.71]         /Users/kevinmccreary/appostolic/apps/api.tests/Api/AuditsListingEndpointTests.cs(43,0): at Appostolic.Api.Tests.Api.AuditsListingEndpointTests.Lists_audits_with_paging_and_total_count()
[xUnit.net 00:00:07.71]         --- End of stack trace from previous location ---
[xUnit.net 00:00:07.73]       Expected rUser.StatusCode to be HttpStatusCode.OK {value: 200}, but found HttpStatusCode.Unauthorized {value: 401}.
[xUnit.net 00:00:07.73]       Stack Trace:
[xUnit.net 00:00:07.73]            at FluentAssertions.Execution.XUnit2TestFramework.Throw(String message)
[xUnit.net 00:00:07.73]            at FluentAssertions.Execution.TestFrameworkProvider.Throw(String message)
[xUnit.net 00:00:07.73]            at FluentAssertions.Execution.DefaultAssertionStrategy.HandleFailure(String message)
[xUnit.net 00:00:07.73]            at FluentAssertions.Execution.AssertionScope.FailWith(Func`1 failReasonFunc)
[xUnit.net 00:00:07.73]            at FluentAssertions.Execution.AssertionScope.FailWith(Func`1 failReasonFunc)
[xUnit.net 00:00:07.73]            at FluentAssertions.Execution.AssertionScope.FailWith(String message, Object[] args)
[xUnit.net 00:00:07.73]            at FluentAssertions.Primitives.EnumAssertions`2.Be(TEnum expected, String because, Object[] becauseArgs)
[xUnit.net 00:00:07.73]         /Users/kevinmccreary/appostolic/apps/api.tests/Api/AuditsListingEndpointTests.cs(83,0): at Appostolic.Api.Tests.Api.AuditsListingEndpointTests.Supports_optional_filters_user_actor_and_date_range()
[xUnit.net 00:00:07.73]         --- End of stack trace from previous location ---
[xUnit.net 00:00:07.73]       Expected rBadUser.StatusCode to be HttpStatusCode.BadRequest {value: 400}, but found HttpStatusCode.Unauthorized {value: 401}.
[xUnit.net 00:00:07.73]       Stack Trace:
[xUnit.net 00:00:07.73]            at FluentAssertions.Execution.XUnit2TestFramework.Throw(String message)
[xUnit.net 00:00:07.73]            at FluentAssertions.Execution.TestFrameworkProvider.Throw(String message)
[xUnit.net 00:00:07.73]            at FluentAssertions.Execution.DefaultAssertionStrategy.HandleFailure(String message)
[xUnit.net 00:00:07.73]            at FluentAssertions.Execution.AssertionScope.FailWith(Func`1 failReasonFunc)
[xUnit.net 00:00:07.73]            at FluentAssertions.Execution.AssertionScope.FailWith(Func`1 failReasonFunc)
[xUnit.net 00:00:07.73]            at FluentAssertions.Execution.AssertionScope.FailWith(String message, Object[] args)
[xUnit.net 00:00:07.73]            at FluentAssertions.Primitives.EnumAssertions`2.Be(TEnum expected, String because, Object[] becauseArgs)
[xUnit.net 00:00:07.73]         /Users/kevinmccreary/appostolic/apps/api.tests/Api/AuditsListingEndpointTests.cs(124,0): at Appostolic.Api.Tests.Api.AuditsListingEndpointTests.Returns_400_on_invalid_guid_filters()
[xUnit.net 00:00:07.73]         --- End of stack trace from previous location ---
[xUnit.net 00:00:09.33]       TestServer (in-memory) does not preserve Secure attribute even when Request.IsHttps=true via middleware. Will be validated in future Kestrel HTTPS integration/E2E layer.
[xUnit.net 00:00:10.07]       Expected create.StatusCode to be HttpStatusCode.Created {value: 201}, but found HttpStatusCode.Unauthorized {value: 401}.
[xUnit.net 00:00:10.07]       Stack Trace:
[xUnit.net 00:00:10.07]            at FluentAssertions.Execution.XUnit2TestFramework.Throw(String message)
[xUnit.net 00:00:10.07]            at FluentAssertions.Execution.TestFrameworkProvider.Throw(String message)
[xUnit.net 00:00:10.07]            at FluentAssertions.Execution.DefaultAssertionStrategy.HandleFailure(String message)
[xUnit.net 00:00:10.07]            at FluentAssertions.Execution.AssertionScope.FailWith(Func`1 failReasonFunc)
[xUnit.net 00:00:10.07]            at FluentAssertions.Execution.AssertionScope.FailWith(Func`1 failReasonFunc)
[xUnit.net 00:00:10.07]            at FluentAssertions.Execution.AssertionScope.FailWith(String message, Object[] args)
[xUnit.net 00:00:10.07]            at FluentAssertions.Primitives.EnumAssertions`2.Be(TEnum expected, String because, Object[] becauseArgs)
[xUnit.net 00:00:10.07]         /Users/kevinmccreary/appostolic/apps/api.tests/Api/InvitesRolesFlagsTests.cs(41,0): at Appostolic.Api.Tests.Api.InvitesRolesFlagsTests.Create_Invite_With_Roles_Flags_Persists_And_Lists()
[xUnit.net 00:00:10.07]         --- End of stack trace from previous location ---
[xUnit.net 00:00:10.08]       System.Net.Http.HttpRequestException : Response status code does not indicate success: 401 (Unauthorized).
[xUnit.net 00:00:10.08]       Stack Trace:
[xUnit.net 00:00:10.08]            at System.Net.Http.HttpResponseMessage.EnsureSuccessStatusCode()
[xUnit.net 00:00:10.08]         /Users/kevinmccreary/appostolic/apps/api.tests/Api/InvitesRolesFlagsTests.cs(62,0): at Appostolic.Api.Tests.Api.InvitesRolesFlagsTests.Accept_Invite_Sets_Membership_Roles_Flags()
[xUnit.net 00:00:10.08]         --- End of stack trace from previous location ---
[xUnit.net 00:00:10.08]       Expected resp.StatusCode to be HttpStatusCode.BadRequest {value: 400}, but found HttpStatusCode.Unauthorized {value: 401}.
[xUnit.net 00:00:10.08]       Stack Trace:
[xUnit.net 00:00:10.08]            at FluentAssertions.Execution.XUnit2TestFramework.Throw(String message)
[xUnit.net 00:00:10.08]            at FluentAssertions.Execution.TestFrameworkProvider.Throw(String message)
[xUnit.net 00:00:10.08]            at FluentAssertions.Execution.DefaultAssertionStrategy.HandleFailure(String message)
[xUnit.net 00:00:10.08]            at FluentAssertions.Execution.AssertionScope.FailWith(Func`1 failReasonFunc)
[xUnit.net 00:00:10.08]            at FluentAssertions.Execution.AssertionScope.FailWith(Func`1 failReasonFunc)
[xUnit.net 00:00:10.08]            at FluentAssertions.Execution.AssertionScope.FailWith(String message, Object[] args)
[xUnit.net 00:00:10.08]            at FluentAssertions.Primitives.EnumAssertions`2.Be(TEnum expected, String because, Object[] becauseArgs)
[xUnit.net 00:00:10.08]         /Users/kevinmccreary/appostolic/apps/api.tests/Api/InvitesRolesFlagsTests.cs(101,0): at Appostolic.Api.Tests.Api.InvitesRolesFlagsTests.Create_Invite_With_Invalid_Role_Flag_Is_400()
[xUnit.net 00:00:10.08]         --- End of stack trace from previous location ---
Test 'Appostolic.Api.Tests.Auth.RefreshCookieHttpsTests.RefreshCookie_Secure_OverHttps' was skipped in the test run.
[xUnit.net 00:00:10.27]       Expected list0.StatusCode to be HttpStatusCode.OK {value: 200}, but found HttpStatusCode.Unauthorized {value: 401}.
[xUnit.net 00:00:10.27]       Stack Trace:
[xUnit.net 00:00:10.27]            at FluentAssertions.Execution.XUnit2TestFramework.Throw(String message)
[xUnit.net 00:00:10.27]            at FluentAssertions.Execution.TestFrameworkProvider.Throw(String message)
[xUnit.net 00:00:10.27]            at FluentAssertions.Execution.DefaultAssertionStrategy.HandleFailure(String message)
[xUnit.net 00:00:10.27]            at FluentAssertions.Execution.AssertionScope.FailWith(Func`1 failReasonFunc)
[xUnit.net 00:00:10.27]            at FluentAssertions.Execution.AssertionScope.FailWith(Func`1 failReasonFunc)
[xUnit.net 00:00:10.27]            at FluentAssertions.Execution.AssertionScope.FailWith(String message, Object[] args)
[xUnit.net 00:00:10.27]            at FluentAssertions.Primitives.EnumAssertions`2.Be(TEnum expected, String because, Object[] becauseArgs)
[xUnit.net 00:00:10.27]         /Users/kevinmccreary/appostolic/apps/api.tests/Api/InvitesEndpointsTests.cs(42,0): at Appostolic.Api.Tests.Api.InvitesEndpointsTests.Invites_Full_Lifecycle_Create_Resend_Accept_Revoke()
[xUnit.net 00:00:10.27]         --- End of stack trace from previous location ---
[xUnit.net 00:00:14.44]       Expected res.StatusCode to be HttpStatusCode.RequestEntityTooLarge {value: 413}, but found HttpStatusCode.Unauthorized {value: 401}.
[xUnit.net 00:00:14.44]       Stack Trace:
[xUnit.net 00:00:14.44]            at FluentAssertions.Execution.XUnit2TestFramework.Throw(String message)
[xUnit.net 00:00:14.44]            at FluentAssertions.Execution.TestFrameworkProvider.Throw(String message)
[xUnit.net 00:00:14.44]            at FluentAssertions.Execution.AssertionScope.FailWith(Func`1 failReasonFunc)
[xUnit.net 00:00:14.44]            at FluentAssertions.Execution.AssertionScope.FailWith(String message, Object[] args)
[xUnit.net 00:00:14.44]            at FluentAssertions.Primitives.EnumAssertions`2.Be(TEnum expected, String because, Object[] becauseArgs)
[xUnit.net 00:00:14.44]         /Users/kevinmccreary/appostolic/apps/api.tests/Api/UserAvatarEndpointsTests.cs(85,0): at Appostolic.Api.Tests.Api.UserAvatarEndpointsTests.UploadAvatar_Rejects_TooLarge()
[xUnit.net 00:00:14.44]         --- End of stack trace from previous location ---
[xUnit.net 00:00:14.52]       Expected res.StatusCode to be HttpStatusCode.UnprocessableEntity {value: 422}, but found HttpStatusCode.Unauthorized {value: 401}.
[xUnit.net 00:00:14.52]       Stack Trace:
[xUnit.net 00:00:14.52]            at FluentAssertions.Execution.XUnit2TestFramework.Throw(String message)
[xUnit.net 00:00:14.52]            at FluentAssertions.Execution.TestFrameworkProvider.Throw(String message)
[xUnit.net 00:00:14.52]            at FluentAssertions.Execution.AssertionScope.FailWith(Func`1 failReasonFunc)
[xUnit.net 00:00:14.52]            at FluentAssertions.Execution.AssertionScope.FailWith(String message, Object[] args)
[xUnit.net 00:00:14.52]            at FluentAssertions.Primitives.EnumAssertions`2.Be(TEnum expected, String because, Object[] becauseArgs)
[xUnit.net 00:00:14.52]         /Users/kevinmccreary/appostolic/apps/api.tests/Api/UserAvatarEndpointsTests.cs(106,0): at Appostolic.Api.Tests.Api.UserAvatarEndpointsTests.UploadAvatar_Rejects_TooRectangular()
[xUnit.net 00:00:14.52]         --- End of stack trace from previous location ---
[xUnit.net 00:00:14.52]       Expected res.StatusCode to be HttpStatusCode.OK {value: 200}, but found HttpStatusCode.Unauthorized {value: 401}.
[xUnit.net 00:00:14.52]       Stack Trace:
[xUnit.net 00:00:14.52]            at FluentAssertions.Execution.XUnit2TestFramework.Throw(String message)
[xUnit.net 00:00:14.52]            at FluentAssertions.Execution.TestFrameworkProvider.Throw(String message)
[xUnit.net 00:00:14.52]            at FluentAssertions.Execution.AssertionScope.FailWith(Func`1 failReasonFunc)
[xUnit.net 00:00:14.52]            at FluentAssertions.Execution.AssertionScope.FailWith(String message, Object[] args)
[xUnit.net 00:00:14.52]            at FluentAssertions.Primitives.EnumAssertions`2.Be(TEnum expected, String because, Object[] becauseArgs)
[xUnit.net 00:00:14.52]         /Users/kevinmccreary/appostolic/apps/api.tests/Api/UserAvatarEndpointsTests.cs(41,0): at Appostolic.Api.Tests.Api.UserAvatarEndpointsTests.UploadAvatar_Succeeds_WithPngUnder2MB()
[xUnit.net 00:00:14.52]         --- End of stack trace from previous location ---
[xUnit.net 00:00:14.52]       Expected res.StatusCode to be HttpStatusCode.UnsupportedMediaType {value: 415}, but found HttpStatusCode.Unauthorized {value: 401}.
[xUnit.net 00:00:14.52]       Stack Trace:
[xUnit.net 00:00:14.52]            at FluentAssertions.Execution.XUnit2TestFramework.Throw(String message)
[xUnit.net 00:00:14.52]            at FluentAssertions.Execution.TestFrameworkProvider.Throw(String message)
[xUnit.net 00:00:14.52]            at FluentAssertions.Execution.AssertionScope.FailWith(Func`1 failReasonFunc)
[xUnit.net 00:00:14.52]            at FluentAssertions.Execution.AssertionScope.FailWith(String message, Object[] args)
[xUnit.net 00:00:14.52]            at FluentAssertions.Primitives.EnumAssertions`2.Be(TEnum expected, String because, Object[] becauseArgs)
[xUnit.net 00:00:14.52]         /Users/kevinmccreary/appostolic/apps/api.tests/Api/UserAvatarEndpointsTests.cs(67,0): at Appostolic.Api.Tests.Api.UserAvatarEndpointsTests.UploadAvatar_Rejects_UnsupportedMediaType()
[xUnit.net 00:00:14.52]         --- End of stack trace from previous location ---
[xUnit.net 00:00:14.56]       Expected res.StatusCode to be HttpStatusCode.OK {value: 200}, but found HttpStatusCode.Unauthorized {value: 401}.
[xUnit.net 00:00:14.56]       Stack Trace:
[xUnit.net 00:00:14.56]            at FluentAssertions.Execution.XUnit2TestFramework.Throw(String message)
[xUnit.net 00:00:14.56]            at FluentAssertions.Execution.TestFrameworkProvider.Throw(String message)
[xUnit.net 00:00:14.56]            at FluentAssertions.Execution.AssertionScope.FailWith(Func`1 failReasonFunc)
[xUnit.net 00:00:14.56]            at FluentAssertions.Execution.AssertionScope.FailWith(String message, Object[] args)
[xUnit.net 00:00:14.56]            at FluentAssertions.Primitives.EnumAssertions`2.Be(TEnum expected, String because, Object[] becauseArgs)
[xUnit.net 00:00:14.56]         /Users/kevinmccreary/appostolic/apps/api.tests/Api/UserAvatarEndpointsTests.cs(127,0): at Appostolic.Api.Tests.Api.UserAvatarEndpointsTests.UploadAvatar_Downscales_LargeImage_To512Webp()
[xUnit.net 00:00:14.56]         --- End of stack trace from previous location ---
[xUnit.net 00:00:14.56]       Expected res.StatusCode to be HttpStatusCode.OK {value: 200}, but found HttpStatusCode.Unauthorized {value: 401}.
[xUnit.net 00:00:14.56]       Stack Trace:
[xUnit.net 00:00:14.56]            at FluentAssertions.Execution.XUnit2TestFramework.Throw(String message)
[xUnit.net 00:00:14.56]            at FluentAssertions.Execution.TestFrameworkProvider.Throw(String message)
[xUnit.net 00:00:14.56]            at FluentAssertions.Execution.AssertionScope.FailWith(Func`1 failReasonFunc)
[xUnit.net 00:00:14.56]            at FluentAssertions.Execution.AssertionScope.FailWith(String message, Object[] args)
[xUnit.net 00:00:14.56]            at FluentAssertions.Primitives.EnumAssertions`2.Be(TEnum expected, String because, Object[] becauseArgs)
[xUnit.net 00:00:14.56]         /Users/kevinmccreary/appostolic/apps/api.tests/Api/UserAvatarEndpointsTests.cs(157,0): at Appostolic.Api.Tests.Api.UserAvatarEndpointsTests.UploadAvatar_TransparentLogo_PreservesDimensions_Webp()
[xUnit.net 00:00:14.56]         --- End of stack trace from previous location ---
[xUnit.net 00:00:15.42]       System.Net.Http.HttpRequestException : Response status code does not indicate success: 404 (Not Found).
[xUnit.net 00:00:15.42]       Stack Trace:
[xUnit.net 00:00:15.42]            at System.Net.Http.HttpResponseMessage.EnsureSuccessStatusCode()
[xUnit.net 00:00:15.42]         /Users/kevinmccreary/appostolic/apps/api.tests/Auth/DevHeadersDisabledTests.cs(65,0): at Appostolic.Api.Tests.Auth.DevHeadersDisabledTests.JwtLogin_Flow_Works_When_DevHeaders_Disabled()
[xUnit.net 00:00:15.42]         --- End of stack trace from previous location ---
[xUnit.net 00:00:15.97]       System.Net.Http.HttpRequestException : Response status code does not indicate success: 401 (Unauthorized).
[xUnit.net 00:00:15.97]       Stack Trace:
[xUnit.net 00:00:15.97]            at System.Net.Http.HttpResponseMessage.EnsureSuccessStatusCode()
[xUnit.net 00:00:15.97]         /Users/kevinmccreary/appostolic/apps/api.tests/AgentTasks/AgentTasksTestBase.cs(89,0): at Appostolic.Api.Tests.AgentTasks.AgentTasksTestBase.CreateTaskAsync(Guid agentId, Object input, Nullable`1 enqueueDelayMs, Boolean suppressEnqueue)
[xUnit.net 00:00:15.97]         /Users/kevinmccreary/appostolic/apps/api.tests/AgentTasks/AgentTasksCancelRetryTests.cs(16,0): at Appostolic.Api.Tests.AgentTasks.AgentTasksCancelRetryTests.Cancel_Pending_Task_IsCanceledImmediately()
[xUnit.net 00:00:15.97]         --- End of stack trace from previous location ---
[xUnit.net 00:00:15.97]       System.Net.Http.HttpRequestException : Response status code does not indicate success: 401 (Unauthorized).
[xUnit.net 00:00:15.97]       Stack Trace:
[xUnit.net 00:00:15.97]            at System.Net.Http.HttpResponseMessage.EnsureSuccessStatusCode()
[xUnit.net 00:00:15.97]         /Users/kevinmccreary/appostolic/apps/api.tests/AgentTasks/AgentTasksTestBase.cs(89,0): at Appostolic.Api.Tests.AgentTasks.AgentTasksTestBase.CreateTaskAsync(Guid agentId, Object input, Nullable`1 enqueueDelayMs, Boolean suppressEnqueue)
[xUnit.net 00:00:15.97]         /Users/kevinmccreary/appostolic/apps/api.tests/AgentTasks/AgentTasksCancelRetryTests.cs(41,0): at Appostolic.Api.Tests.AgentTasks.AgentTasksCancelRetryTests.Cancel_Terminal_Task_Returns409()
[xUnit.net 00:00:15.97]         --- End of stack trace from previous location ---
[xUnit.net 00:00:15.98]       System.Net.Http.HttpRequestException : Response status code does not indicate success: 401 (Unauthorized).
[xUnit.net 00:00:15.98]       Stack Trace:
[xUnit.net 00:00:15.98]            at System.Net.Http.HttpResponseMessage.EnsureSuccessStatusCode()
[xUnit.net 00:00:15.98]         /Users/kevinmccreary/appostolic/apps/api.tests/AgentTasks/AgentTasksTestBase.cs(89,0): at Appostolic.Api.Tests.AgentTasks.AgentTasksTestBase.CreateTaskAsync(Guid agentId, Object input, Nullable`1 enqueueDelayMs, Boolean suppressEnqueue)
[xUnit.net 00:00:15.98]         /Users/kevinmccreary/appostolic/apps/api.tests/AgentTasks/AgentTasksCancelRetryTests.cs(54,0): at Appostolic.Api.Tests.AgentTasks.AgentTasksCancelRetryTests.Retry_From_Succeeded_Creates_New_Task_And_Runs()
[xUnit.net 00:00:15.98]         --- End of stack trace from previous location ---
[xUnit.net 00:00:17.54]       Expected resp.StatusCode to be HttpStatusCode.OK {value: 200}, but found HttpStatusCode.Unauthorized {value: 401}.
[xUnit.net 00:00:17.54]       Stack Trace:
[xUnit.net 00:00:17.54]            at FluentAssertions.Execution.XUnit2TestFramework.Throw(String message)
[xUnit.net 00:00:17.54]            at FluentAssertions.Execution.TestFrameworkProvider.Throw(String message)
[xUnit.net 00:00:17.54]            at FluentAssertions.Execution.AssertionScope.FailWith(Func`1 failReasonFunc)
[xUnit.net 00:00:17.54]            at FluentAssertions.Primitives.EnumAssertions`2.Be(TEnum expected, String because, Object[] becauseArgs)
[xUnit.net 00:00:17.54]         /Users/kevinmccreary/appostolic/apps/api.tests/Api/ToolCatalogTests.cs(27,0): at Appostolic.Api.Tests.Api.ToolCatalogTests.Tools_Catalog_Lists_Registered_Tools_With_Categories()
[xUnit.net 00:00:17.54]         --- End of stack trace from previous location ---
[xUnit.net 00:00:17.70]       Expected resp.StatusCode to be HttpStatusCode.OK {value: 200}, but found HttpStatusCode.Unauthorized {value: 401}.
[xUnit.net 00:00:17.70]       Stack Trace:
[xUnit.net 00:00:17.70]            at FluentAssertions.Execution.XUnit2TestFramework.Throw(String message)
[xUnit.net 00:00:17.70]            at FluentAssertions.Execution.TestFrameworkProvider.Throw(String message)
[xUnit.net 00:00:17.70]            at FluentAssertions.Execution.AssertionScope.FailWith(Func`1 failReasonFunc)
[xUnit.net 00:00:17.70]            at FluentAssertions.Primitives.EnumAssertions`2.Be(TEnum expected, String because, Object[] becauseArgs)
[xUnit.net 00:00:17.70]         /Users/kevinmccreary/appostolic/apps/api.tests/Api/DevGrantRolesEndpointTests.cs(37,0): at Appostolic.Api.Tests.Api.DevGrantRolesEndpointTests.Grants_roles_to_new_user_and_membership()
[xUnit.net 00:00:17.70]         --- End of stack trace from previous location ---
[xUnit.net 00:00:17.71]       Expected resp.StatusCode to be HttpStatusCode.BadRequest {value: 400}, but found HttpStatusCode.Unauthorized {value: 401}.
[xUnit.net 00:00:17.71]       Stack Trace:
[xUnit.net 00:00:17.71]            at FluentAssertions.Execution.XUnit2TestFramework.Throw(String message)
[xUnit.net 00:00:17.71]            at FluentAssertions.Execution.TestFrameworkProvider.Throw(String message)
[xUnit.net 00:00:17.71]            at FluentAssertions.Execution.AssertionScope.FailWith(Func`1 failReasonFunc)
[xUnit.net 00:00:17.71]            at FluentAssertions.Primitives.EnumAssertions`2.Be(TEnum expected, String because, Object[] becauseArgs)
[xUnit.net 00:00:17.71]         /Users/kevinmccreary/appostolic/apps/api.tests/Api/DevGrantRolesEndpointTests.cs(139,0): at Appostolic.Api.Tests.Api.DevGrantRolesEndpointTests.Returns_400_for_invalid_role_name()
[xUnit.net 00:00:17.71]         --- End of stack trace from previous location ---
[xUnit.net 00:00:17.71]       Expected resp.StatusCode to be HttpStatusCode.OK {value: 200}, but found HttpStatusCode.Unauthorized {value: 401}.
[xUnit.net 00:00:17.71]       Stack Trace:
[xUnit.net 00:00:17.71]            at FluentAssertions.Execution.XUnit2TestFramework.Throw(String message)
[xUnit.net 00:00:17.71]            at FluentAssertions.Execution.TestFrameworkProvider.Throw(String message)
[xUnit.net 00:00:17.71]            at FluentAssertions.Execution.AssertionScope.FailWith(Func`1 failReasonFunc)
[xUnit.net 00:00:17.71]            at FluentAssertions.Primitives.EnumAssertions`2.Be(TEnum expected, String because, Object[] becauseArgs)
[xUnit.net 00:00:17.71]         /Users/kevinmccreary/appostolic/apps/api.tests/Api/DevGrantRolesEndpointTests.cs(82,0): at Appostolic.Api.Tests.Api.DevGrantRolesEndpointTests.Updates_existing_membership_roles()
[xUnit.net 00:00:17.71]         --- End of stack trace from previous location ---
[xUnit.net 00:00:17.71]       System.Net.Http.HttpRequestException : Response status code does not indicate success: 401 (Unauthorized).
[xUnit.net 00:00:17.71]       Stack Trace:
[xUnit.net 00:00:17.71]            at System.Net.Http.HttpResponseMessage.EnsureSuccessStatusCode()
[xUnit.net 00:00:17.71]         /Users/kevinmccreary/appostolic/apps/api.tests/Api/DevGrantRolesEndpointTests.cs(116,0): at Appostolic.Api.Tests.Api.DevGrantRolesEndpointTests.Updates_existing_membership_roles_writes_audit()
[xUnit.net 00:00:17.71]         --- End of stack trace from previous location ---
[xUnit.net 00:00:19.85]       Expected resp.StatusCode to be HttpStatusCode.BadRequest {value: 400}, but found HttpStatusCode.Unauthorized {value: 401}.
[xUnit.net 00:00:19.85]       Stack Trace:
[xUnit.net 00:00:19.85]            at FluentAssertions.Execution.XUnit2TestFramework.Throw(String message)
[xUnit.net 00:00:19.85]            at FluentAssertions.Execution.TestFrameworkProvider.Throw(String message)
[xUnit.net 00:00:19.85]            at FluentAssertions.Execution.AssertionScope.FailWith(Func`1 failReasonFunc)
[xUnit.net 00:00:19.85]            at FluentAssertions.Primitives.EnumAssertions`2.Be(TEnum expected, String because, Object[] becauseArgs)
[xUnit.net 00:00:19.85]         /Users/kevinmccreary/appostolic/apps/api.tests/Api/UserPasswordEndpointsTests.cs(54,0): at Appostolic.Api.Tests.Api.UserPasswordEndpointsTests.Change_password_rejects_invalid_current()
[xUnit.net 00:00:19.85]         --- End of stack trace from previous location ---
[xUnit.net 00:00:19.97]       Expected resp.StatusCode to be HttpStatusCode.UnprocessableEntity {value: 422}, but found HttpStatusCode.Unauthorized {value: 401}.
[xUnit.net 00:00:19.97]       Stack Trace:
[xUnit.net 00:00:19.97]            at FluentAssertions.Execution.XUnit2TestFramework.Throw(String message)
[xUnit.net 00:00:19.97]            at FluentAssertions.Execution.TestFrameworkProvider.Throw(String message)
[xUnit.net 00:00:19.97]            at FluentAssertions.Execution.AssertionScope.FailWith(Func`1 failReasonFunc)
[xUnit.net 00:00:19.97]            at FluentAssertions.Primitives.EnumAssertions`2.Be(TEnum expected, String because, Object[] becauseArgs)
[xUnit.net 00:00:19.97]         /Users/kevinmccreary/appostolic/apps/api.tests/Api/UserPasswordEndpointsTests.cs(63,0): at Appostolic.Api.Tests.Api.UserPasswordEndpointsTests.Change_password_rejects_weak_password()
[xUnit.net 00:00:19.97]         --- End of stack trace from previous location ---
[xUnit.net 00:00:20.09]       Expected resp.StatusCode to be HttpStatusCode.NoContent {value: 204}, but found HttpStatusCode.Unauthorized {value: 401}.
[xUnit.net 00:00:20.09]       Stack Trace:
[xUnit.net 00:00:20.09]            at FluentAssertions.Execution.XUnit2TestFramework.Throw(String message)
[xUnit.net 00:00:20.09]            at FluentAssertions.Execution.TestFrameworkProvider.Throw(String message)
[xUnit.net 00:00:20.09]            at FluentAssertions.Execution.AssertionScope.FailWith(Func`1 failReasonFunc)
[xUnit.net 00:00:20.09]            at FluentAssertions.Primitives.EnumAssertions`2.Be(TEnum expected, String because, Object[] becauseArgs)
[xUnit.net 00:00:20.09]         /Users/kevinmccreary/appostolic/apps/api.tests/Api/UserPasswordEndpointsTests.cs(45,0): at Appostolic.Api.Tests.Api.UserPasswordEndpointsTests.Change_password_succeeds_with_valid_current()
[xUnit.net 00:00:20.09]         --- End of stack trace from previous location ---
[xUnit.net 00:00:20.25]       Expected resp.StatusCode to be HttpStatusCode.OK {value: 200}, but found HttpStatusCode.InternalServerError {value: 500}.
[xUnit.net 00:00:20.25]       Stack Trace:
[xUnit.net 00:00:20.25]            at FluentAssertions.Execution.XUnit2TestFramework.Throw(String message)
[xUnit.net 00:00:20.25]            at FluentAssertions.Execution.TestFrameworkProvider.Throw(String message)
[xUnit.net 00:00:20.25]            at FluentAssertions.Execution.AssertionScope.FailWith(Func`1 failReasonFunc)
[xUnit.net 00:00:20.25]            at FluentAssertions.Primitives.EnumAssertions`2.Be(TEnum expected, String because, Object[] becauseArgs)
[xUnit.net 00:00:20.25]         /Users/kevinmccreary/appostolic/apps/api.tests/Api/NotificationsAdminEndpointsTests.cs(308,0): at Appostolic.Api.Tests.Api.NotificationsAdminEndpointsTests.Dlq_replay_requeues_and_publishes_ids()
[xUnit.net 00:00:20.25]         --- End of stack trace from previous location ---
[xUnit.net 00:00:20.39]       Expected r1.StatusCode to be HttpStatusCode.Created {value: 201}, but found HttpStatusCode.InternalServerError {value: 500}.
[xUnit.net 00:00:20.39]       Stack Trace:
[xUnit.net 00:00:20.39]            at FluentAssertions.Execution.XUnit2TestFramework.Throw(String message)
[xUnit.net 00:00:20.39]            at FluentAssertions.Execution.TestFrameworkProvider.Throw(String message)
[xUnit.net 00:00:20.39]            at FluentAssertions.Execution.AssertionScope.FailWith(Func`1 failReasonFunc)
[xUnit.net 00:00:20.39]            at FluentAssertions.Primitives.EnumAssertions`2.Be(TEnum expected, String because, Object[] becauseArgs)
[xUnit.net 00:00:20.39]         /Users/kevinmccreary/appostolic/apps/api.tests/Api/NotificationsAdminEndpointsTests.cs(89,0): at Appostolic.Api.Tests.Api.NotificationsAdminEndpointsTests.Resend_dev_endpoint_creates_and_throttles()
[xUnit.net 00:00:20.39]         --- End of stack trace from previous location ---
[xUnit.net 00:00:20.55]       Expected listResp.StatusCode to be HttpStatusCode.OK {value: 200}, but found HttpStatusCode.InternalServerError {value: 500}.
[xUnit.net 00:00:20.55]       Stack Trace:
[xUnit.net 00:00:20.55]            at FluentAssertions.Execution.XUnit2TestFramework.Throw(String message)
[xUnit.net 00:00:20.55]            at FluentAssertions.Execution.TestFrameworkProvider.Throw(String message)
[xUnit.net 00:00:20.55]            at FluentAssertions.Execution.AssertionScope.FailWith(Func`1 failReasonFunc)
[xUnit.net 00:00:20.55]            at FluentAssertions.Primitives.EnumAssertions`2.Be(TEnum expected, String because, Object[] becauseArgs)
[xUnit.net 00:00:20.55]         /Users/kevinmccreary/appostolic/apps/api.tests/Api/NotificationsAdminEndpointsTests.cs(42,0): at Appostolic.Api.Tests.Api.NotificationsAdminEndpointsTests.List_and_retry_notifications_work()
[xUnit.net 00:00:20.55]         --- End of stack trace from previous location ---
[xUnit.net 00:00:20.69]       Expected r1.StatusCode to be HttpStatusCode.OK {value: 200}, but found HttpStatusCode.InternalServerError {value: 500}.
[xUnit.net 00:00:20.69]       Stack Trace:
[xUnit.net 00:00:20.69]            at FluentAssertions.Execution.XUnit2TestFramework.Throw(String message)
[xUnit.net 00:00:20.69]            at FluentAssertions.Execution.TestFrameworkProvider.Throw(String message)
[xUnit.net 00:00:20.69]            at FluentAssertions.Execution.AssertionScope.FailWith(Func`1 failReasonFunc)
[xUnit.net 00:00:20.69]            at FluentAssertions.Primitives.EnumAssertions`2.Be(TEnum expected, String because, Object[] becauseArgs)
[xUnit.net 00:00:20.69]         /Users/kevinmccreary/appostolic/apps/api.tests/Api/NotificationsAdminEndpointsTests.cs(192,0): at Appostolic.Api.Tests.Api.NotificationsAdminEndpointsTests.Resend_history_lists_children_with_paging_and_scoping()
[xUnit.net 00:00:20.69]         --- End of stack trace from previous location ---
[xUnit.net 00:00:20.84]       Expected r1.StatusCode to be HttpStatusCode.Created {value: 201}, but found HttpStatusCode.InternalServerError {value: 500}.
[xUnit.net 00:00:20.84]       Stack Trace:
[xUnit.net 00:00:20.84]            at FluentAssertions.Execution.XUnit2TestFramework.Throw(String message)
[xUnit.net 00:00:20.84]            at FluentAssertions.Execution.TestFrameworkProvider.Throw(String message)
[xUnit.net 00:00:20.84]            at FluentAssertions.Execution.AssertionScope.FailWith(Func`1 failReasonFunc)
[xUnit.net 00:00:20.84]            at FluentAssertions.Primitives.EnumAssertions`2.Be(TEnum expected, String because, Object[] becauseArgs)
[xUnit.net 00:00:20.84]         /Users/kevinmccreary/appostolic/apps/api.tests/Api/NotificationsAdminEndpointsTests.cs(238,0): at Appostolic.Api.Tests.Api.NotificationsAdminEndpointsTests.Resend_metrics_emitted_for_manual_and_bulk()
[xUnit.net 00:00:20.84]         --- End of stack trace from previous location ---
[xUnit.net 00:00:20.99]       Expected resp.StatusCode to be HttpStatusCode.OK {value: 200}, but found HttpStatusCode.InternalServerError {value: 500}.
[xUnit.net 00:00:20.99]       Stack Trace:
[xUnit.net 00:00:20.99]            at FluentAssertions.Execution.XUnit2TestFramework.Throw(String message)
[xUnit.net 00:00:20.99]            at FluentAssertions.Execution.TestFrameworkProvider.Throw(String message)
[xUnit.net 00:00:20.99]            at FluentAssertions.Execution.AssertionScope.FailWith(Func`1 failReasonFunc)
[xUnit.net 00:00:20.99]            at FluentAssertions.Primitives.EnumAssertions`2.Be(TEnum expected, String because, Object[] becauseArgs)
[xUnit.net 00:00:20.99]         /Users/kevinmccreary/appostolic/apps/api.tests/Api/NotificationsAdminEndpointsTests.cs(276,0): at Appostolic.Api.Tests.Api.NotificationsAdminEndpointsTests.Dlq_list_returns_failed_and_deadletter_with_paging()
[xUnit.net 00:00:20.99]         --- End of stack trace from previous location ---
[xUnit.net 00:00:21.54]       Expected r1.StatusCode to be HttpStatusCode.OK {value: 200}, but found HttpStatusCode.InternalServerError {value: 500}.
[xUnit.net 00:00:21.54]       Stack Trace:
[xUnit.net 00:00:21.54]            at FluentAssertions.Execution.XUnit2TestFramework.Throw(String message)
[xUnit.net 00:00:21.54]            at FluentAssertions.Execution.TestFrameworkProvider.Throw(String message)
[xUnit.net 00:00:21.54]            at FluentAssertions.Execution.AssertionScope.FailWith(Func`1 failReasonFunc)
[xUnit.net 00:00:21.54]            at FluentAssertions.Primitives.EnumAssertions`2.Be(TEnum expected, String because, Object[] becauseArgs)
[xUnit.net 00:00:21.54]         /Users/kevinmccreary/appostolic/apps/api.tests/Api/NotificationsAdminEndpointsTests.cs(141,0): at Appostolic.Api.Tests.Api.NotificationsAdminEndpointsTests.Bulk_resend_creates_with_limit_and_counts_throttled()
[xUnit.net 00:00:21.54]         --- End of stack trace from previous location ---
[xUnit.net 00:00:24.52]       Expected resp.StatusCode to be HttpStatusCode.Forbidden {value: 403}, but found HttpStatusCode.Unauthorized {value: 401}.
[xUnit.net 00:00:24.52]       Stack Trace:
[xUnit.net 00:00:24.52]            at FluentAssertions.Execution.XUnit2TestFramework.Throw(String message)
[xUnit.net 00:00:24.52]            at FluentAssertions.Execution.TestFrameworkProvider.Throw(String message)
[xUnit.net 00:00:24.52]            at FluentAssertions.Execution.AssertionScope.FailWith(Func`1 failReasonFunc)
[xUnit.net 00:00:24.52]            at FluentAssertions.Primitives.EnumAssertions`2.Be(TEnum expected, String because, Object[] becauseArgs)
[xUnit.net 00:00:24.52]         /Users/kevinmccreary/appostolic/apps/api.tests/Api/MembersListTests.cs(60,0): at Appostolic.Api.Tests.Api.MembersListTests.Viewer_gets_403_for_members_list()
[xUnit.net 00:00:24.52]         --- End of stack trace from previous location ---
[xUnit.net 00:00:24.53]       Expected resp.StatusCode to be HttpStatusCode.OK {value: 200}, but found HttpStatusCode.Unauthorized {value: 401}.
[xUnit.net 00:00:24.53]       Stack Trace:
[xUnit.net 00:00:24.53]            at FluentAssertions.Execution.XUnit2TestFramework.Throw(String message)
[xUnit.net 00:00:24.53]            at FluentAssertions.Execution.TestFrameworkProvider.Throw(String message)
[xUnit.net 00:00:24.53]            at FluentAssertions.Execution.AssertionScope.FailWith(Func`1 failReasonFunc)
[xUnit.net 00:00:24.53]            at FluentAssertions.Primitives.EnumAssertions`2.Be(TEnum expected, String because, Object[] becauseArgs)
[xUnit.net 00:00:24.53]         /Users/kevinmccreary/appostolic/apps/api.tests/Api/MembersListTests.cs(36,0): at Appostolic.Api.Tests.Api.MembersListTests.Owner_can_list_members()
[xUnit.net 00:00:24.53]         --- End of stack trace from previous location ---
[xUnit.net 00:00:26.73]       Expected first.StatusCode to be HttpStatusCode.OK {value: 200}, but found HttpStatusCode.Unauthorized {value: 401}.
[xUnit.net 00:00:26.73]       Stack Trace:
[xUnit.net 00:00:26.73]            at FluentAssertions.Execution.XUnit2TestFramework.Throw(String message)
[xUnit.net 00:00:26.73]            at FluentAssertions.Execution.TestFrameworkProvider.Throw(String message)
[xUnit.net 00:00:26.73]            at FluentAssertions.Execution.AssertionScope.FailWith(Func`1 failReasonFunc)
[xUnit.net 00:00:26.73]            at FluentAssertions.Primitives.EnumAssertions`2.Be(TEnum expected, String because, Object[] becauseArgs)
[xUnit.net 00:00:26.73]         /Users/kevinmccreary/appostolic/apps/api.tests/Api/AuditTrailTests.cs(96,0): at Appostolic.Api.Tests.Api.AuditTrailTests.Set_roles_noop_second_call_does_not_duplicate_audit()
[xUnit.net 00:00:26.73]         --- End of stack trace from previous location ---
[xUnit.net 00:00:26.73]       Expected resp.StatusCode to be HttpStatusCode.OK {value: 200}, but found HttpStatusCode.Unauthorized {value: 401}.
[xUnit.net 00:00:26.73]       Stack Trace:
[xUnit.net 00:00:26.73]            at FluentAssertions.Execution.XUnit2TestFramework.Throw(String message)
[xUnit.net 00:00:26.73]            at FluentAssertions.Execution.TestFrameworkProvider.Throw(String message)
[xUnit.net 00:00:26.73]            at FluentAssertions.Execution.AssertionScope.FailWith(Func`1 failReasonFunc)
[xUnit.net 00:00:26.73]            at FluentAssertions.Primitives.EnumAssertions`2.Be(TEnum expected, String because, Object[] becauseArgs)
[xUnit.net 00:00:26.73]         /Users/kevinmccreary/appostolic/apps/api.tests/Api/AuditTrailTests.cs(51,0): at Appostolic.Api.Tests.Api.AuditTrailTests.Set_roles_writes_audit_row_with_old_and_new_roles()
[xUnit.net 00:00:26.73]         --- End of stack trace from previous location ---
[xUnit.net 00:00:27.01]       Assert.Equal() Failure: Values differ
[xUnit.net 00:00:27.01]       Expected: NoContent
[xUnit.net 00:00:27.01]       Actual:   Unauthorized
[xUnit.net 00:00:27.01]       Stack Trace:
[xUnit.net 00:00:27.01]         /Users/kevinmccreary/appostolic/apps/api.tests/Api/AuthPasswordFlowsTests.cs(91,0): at Appostolic.Api.Tests.Api.AuthPasswordFlowsTests.ChangePassword_WithAuth_UpdatesPassword()
[xUnit.net 00:00:27.01]         --- End of stack trace from previous location ---
[xUnit.net 00:00:27.98]       Expected conflict.StatusCode to be HttpStatusCode.Conflict {value: 409}, but found HttpStatusCode.Unauthorized {value: 401}.
[xUnit.net 00:00:27.98]       Stack Trace:
[xUnit.net 00:00:27.98]            at FluentAssertions.Execution.XUnit2TestFramework.Throw(String message)
[xUnit.net 00:00:27.98]            at FluentAssertions.Execution.TestFrameworkProvider.Throw(String message)
[xUnit.net 00:00:27.98]            at FluentAssertions.Execution.AssertionScope.FailWith(Func`1 failReasonFunc)
[xUnit.net 00:00:27.98]            at FluentAssertions.Primitives.EnumAssertions`2.Be(TEnum expected, String because, Object[] becauseArgs)
[xUnit.net 00:00:27.98]         /Users/kevinmccreary/appostolic/apps/api.tests/Api/AssignmentsApiTests.cs(135,0): at Appostolic.Api.Tests.Api.AssignmentsApiTests.Cannot_remove_last_admin_via_flags_returns_409()
[xUnit.net 00:00:27.98]         --- End of stack trace from previous location ---
[xUnit.net 00:00:27.98]       Expected missing.StatusCode to be HttpStatusCode.NotFound {value: 404}, but found HttpStatusCode.Unauthorized {value: 401}.
[xUnit.net 00:00:27.98]       Stack Trace:
[xUnit.net 00:00:27.98]            at FluentAssertions.Execution.XUnit2TestFramework.Throw(String message)
[xUnit.net 00:00:27.98]            at FluentAssertions.Execution.TestFrameworkProvider.Throw(String message)
[xUnit.net 00:00:27.98]            at FluentAssertions.Execution.AssertionScope.FailWith(Func`1 failReasonFunc)
[xUnit.net 00:00:27.98]            at FluentAssertions.Primitives.EnumAssertions`2.Be(TEnum expected, String because, Object[] becauseArgs)
[xUnit.net 00:00:27.98]         /Users/kevinmccreary/appostolic/apps/api.tests/Api/AssignmentsApiTests.cs(150,0): at Appostolic.Api.Tests.Api.AssignmentsApiTests.Set_roles_returns_404_when_membership_missing_and_400_for_invalid_flag()
[xUnit.net 00:00:27.98]         --- End of stack trace from previous location ---
[xUnit.net 00:00:27.99]       Expected resp.StatusCode to be HttpStatusCode.OK {value: 200}, but found HttpStatusCode.Unauthorized {value: 401}.
[xUnit.net 00:00:27.99]       Stack Trace:
[xUnit.net 00:00:27.99]            at FluentAssertions.Execution.XUnit2TestFramework.Throw(String message)
[xUnit.net 00:00:27.99]            at FluentAssertions.Execution.TestFrameworkProvider.Throw(String message)
[xUnit.net 00:00:27.99]            at FluentAssertions.Execution.AssertionScope.FailWith(Func`1 failReasonFunc)
[xUnit.net 00:00:27.99]            at FluentAssertions.Primitives.EnumAssertions`2.Be(TEnum expected, String because, Object[] becauseArgs)
[xUnit.net 00:00:27.99]         /Users/kevinmccreary/appostolic/apps/api.tests/Api/AssignmentsApiTests.cs(95,0): at Appostolic.Api.Tests.Api.AssignmentsApiTests.Set_roles_replaces_flags_and_allows_noop()
[xUnit.net 00:00:27.99]         --- End of stack trace from previous location ---
[xUnit.net 00:00:27.99]       Expected ok.StatusCode to be HttpStatusCode.OK {value: 200}, but found HttpStatusCode.Unauthorized {value: 401}.
[xUnit.net 00:00:27.99]       Stack Trace:
[xUnit.net 00:00:27.99]            at FluentAssertions.Execution.XUnit2TestFramework.Throw(String message)
[xUnit.net 00:00:27.99]            at FluentAssertions.Execution.TestFrameworkProvider.Throw(String message)
[xUnit.net 00:00:27.99]            at FluentAssertions.Execution.AssertionScope.FailWith(Func`1 failReasonFunc)
[xUnit.net 00:00:27.99]            at FluentAssertions.Primitives.EnumAssertions`2.Be(TEnum expected, String because, Object[] becauseArgs)
[xUnit.net 00:00:27.99]         /Users/kevinmccreary/appostolic/apps/api.tests/Api/AssignmentsApiTests.cs(36,0): at Appostolic.Api.Tests.Api.AssignmentsApiTests.List_memberships_requires_admin_and_returns_roles()
[xUnit.net 00:00:27.99]         --- End of stack trace from previous location ---
[xUnit.net 00:00:27.99]       Expected resp.StatusCode to be HttpStatusCode.Forbidden {value: 403}, but found HttpStatusCode.Unauthorized {value: 401}.
[xUnit.net 00:00:27.99]       Stack Trace:
[xUnit.net 00:00:27.99]            at FluentAssertions.Execution.XUnit2TestFramework.Throw(String message)
[xUnit.net 00:00:27.99]            at FluentAssertions.Execution.TestFrameworkProvider.Throw(String message)
[xUnit.net 00:00:27.99]            at FluentAssertions.Execution.AssertionScope.FailWith(Func`1 failReasonFunc)
[xUnit.net 00:00:27.99]            at FluentAssertions.Primitives.EnumAssertions`2.Be(TEnum expected, String because, Object[] becauseArgs)
[xUnit.net 00:00:27.99]         /Users/kevinmccreary/appostolic/apps/api.tests/Api/AssignmentsApiTests.cs(205,0): at Appostolic.Api.Tests.Api.AssignmentsApiTests.Non_admin_cannot_set_roles()
[xUnit.net 00:00:27.99]         --- End of stack trace from previous location ---
[xUnit.net 00:00:28.47]   Finished:    Appostolic.Api.Tests
</StdOut>
    </Output>
    <RunInfos>
      <RunInfo computerName="mac" outcome="Error" timestamp="2025-09-21T22:36:21.5876890-05:00">
        <Text>[xUnit.net 00:00:02.29]     Appostolic.Api.Tests.Security.AgentTasksAuthContractTests.ListEndpoint_RequiresDevHeaders [FAIL]</Text>
      </RunInfo>
      <RunInfo computerName="mac" outcome="Error" timestamp="2025-09-21T22:36:22.3023410-05:00">
        <Text>[xUnit.net 00:00:03.01]     Appostolic.Api.Tests.AgentTasks.AgentTasksListFilterPaginationTests.Date_Range_Filter_On_CreatedAt [FAIL]</Text>
      </RunInfo>
      <RunInfo computerName="mac" outcome="Error" timestamp="2025-09-21T22:36:22.3061540-05:00">
        <Text>[xUnit.net 00:00:03.01]     Appostolic.Api.Tests.AgentTasks.AgentTasksListFilterPaginationTests.Status_Filter_Is_CaseInsensitive [FAIL]</Text>
      </RunInfo>
      <RunInfo computerName="mac" outcome="Error" timestamp="2025-09-21T22:36:22.3090100-05:00">
        <Text>[xUnit.net 00:00:03.01]     Appostolic.Api.Tests.AgentTasks.AgentTasksListFilterPaginationTests.Agent_Filter_Returns_Only_Matching [FAIL]</Text>
      </RunInfo>
      <RunInfo computerName="mac" outcome="Error" timestamp="2025-09-21T22:36:22.3178080-05:00">
        <Text>[xUnit.net 00:00:03.02]     Appostolic.Api.Tests.AgentTasks.AgentTasksListFilterPaginationTests.Paging_Returns_XTotalCount_And_DescOrdering [FAIL]</Text>
      </RunInfo>
      <RunInfo computerName="mac" outcome="Error" timestamp="2025-09-21T22:36:22.3197990-05:00">
        <Text>[xUnit.net 00:00:03.02]     Appostolic.Api.Tests.AgentTasks.AgentTasksListFilterPaginationTests.FreeText_Q_Search_On_Input_And_User [FAIL]</Text>
      </RunInfo>
      <RunInfo computerName="mac" outcome="Error" timestamp="2025-09-21T22:36:22.7137020-05:00">
        <Text>[xUnit.net 00:00:03.42]     Appostolic.Api.AuthTests.AuthTestClientTests.UseTenantAsync_AttachesTenantToken [FAIL]</Text>
      </RunInfo>
      <RunInfo computerName="mac" outcome="Error" timestamp="2025-09-21T22:36:22.9744240-05:00">
        <Text>[xUnit.net 00:00:03.68]     Appostolic.Api.Tests.Api.AgentTasksEndpointsTests.CreateTask_Returns201AndSummary [FAIL]</Text>
      </RunInfo>
      <RunInfo computerName="mac" outcome="Error" timestamp="2025-09-21T22:36:22.9785640-05:00">
        <Text>[xUnit.net 00:00:03.68]     Appostolic.Api.Tests.Api.AgentTasksEndpointsTests.GetDetails_WithTracesInitiallyEmpty [FAIL]</Text>
      </RunInfo>
      <RunInfo computerName="mac" outcome="Error" timestamp="2025-09-21T22:36:22.9825830-05:00">
        <Text>[xUnit.net 00:00:03.69]     Appostolic.Api.Tests.Api.AgentTasksEndpointsTests.List_Pending_ReturnsCreatedFirst [FAIL]</Text>
      </RunInfo>
      <RunInfo computerName="mac" outcome="Error" timestamp="2025-09-21T22:36:23.1948150-05:00">
        <Text>[xUnit.net 00:00:03.90]     Appostolic.Api.Tests.Api.LegacyRoleWritePathDeprecationTests.Invite_with_legacy_role_only_is_rejected_with_NO_FLAGS [FAIL]</Text>
      </RunInfo>
      <RunInfo computerName="mac" outcome="Error" timestamp="2025-09-21T22:36:23.2004510-05:00">
        <Text>[xUnit.net 00:00:03.90]     Appostolic.Api.Tests.Api.LegacyRoleWritePathDeprecationTests.Member_role_change_with_legacy_role_is_rejected [FAIL]</Text>
      </RunInfo>
      <RunInfo computerName="mac" outcome="Error" timestamp="2025-09-21T22:36:23.3919390-05:00">
        <Text>[xUnit.net 00:00:04.10]     Appostolic.Api.Tests.E2E.NotificationsE2E_Mailhog.VerificationEmail_reaches_Mailhog_and_outbox_marks_Sent [FAIL]</Text>
      </RunInfo>
      <RunInfo computerName="mac" outcome="Error" timestamp="2025-09-21T22:36:23.5573290-05:00">
        <Text>[xUnit.net 00:00:04.26]     Appostolic.Api.Tests.Api.TenantSettingsEndpointsTests.Upload_Logo_Succeeds_And_Stores_Metadata [FAIL]</Text>
      </RunInfo>
      <RunInfo computerName="mac" outcome="Error" timestamp="2025-09-21T22:36:23.5625970-05:00">
        <Text>[xUnit.net 00:00:04.27]     Appostolic.Api.Tests.Api.TenantSettingsEndpointsTests.Upload_Logo_Rejects_Payload_Too_Large [FAIL]</Text>
      </RunInfo>
      <RunInfo computerName="mac" outcome="Error" timestamp="2025-09-21T22:36:23.5659130-05:00">
        <Text>[xUnit.net 00:00:04.27]     Appostolic.Api.Tests.Api.TenantSettingsEndpointsTests.Delete_Logo_Removes_Metadata [FAIL]</Text>
      </RunInfo>
      <RunInfo computerName="mac" outcome="Error" timestamp="2025-09-21T22:36:23.5676770-05:00">
        <Text>[xUnit.net 00:00:04.27]     Appostolic.Api.Tests.Api.TenantSettingsEndpointsTests.Upload_Logo_Rejects_Unsupported_Media_Type [FAIL]</Text>
      </RunInfo>
      <RunInfo computerName="mac" outcome="Error" timestamp="2025-09-21T22:36:23.5692130-05:00">
        <Text>[xUnit.net 00:00:04.27]     Appostolic.Api.Tests.Api.TenantSettingsEndpointsTests.Get_Settings_Returns_Empty_Object_When_Null [FAIL]</Text>
      </RunInfo>
      <RunInfo computerName="mac" outcome="Error" timestamp="2025-09-21T22:36:23.5718190-05:00">
        <Text>[xUnit.net 00:00:04.28]     Appostolic.Api.Tests.Api.TenantSettingsEndpointsTests.Put_Settings_Deep_Merges [FAIL]</Text>
      </RunInfo>
      <RunInfo computerName="mac" outcome="Error" timestamp="2025-09-21T22:36:23.7731310-05:00">
        <Text>[xUnit.net 00:00:04.48]     Appostolic.Api.Tests.Api.InvitesAcceptTests.Accept_SignedIn_User_Matches_Invite_Creates_Membership [FAIL]</Text>
      </RunInfo>
      <RunInfo computerName="mac" outcome="Error" timestamp="2025-09-21T22:36:23.7775610-05:00">
        <Text>[xUnit.net 00:00:04.48]     Appostolic.Api.Tests.Api.InvitesAcceptTests.Accept_With_Invalid_Token_Fails [FAIL]</Text>
      </RunInfo>
      <RunInfo computerName="mac" outcome="Error" timestamp="2025-09-21T22:36:24.4807470-05:00">
        <Text>[xUnit.net 00:00:05.18]     Appostolic.Api.Tests.Api.MembersManagementTests.Cannot_remove_last_TenantAdmin [FAIL]</Text>
      </RunInfo>
      <RunInfo computerName="mac" outcome="Error" timestamp="2025-09-21T22:36:24.4858550-05:00">
        <Text>[xUnit.net 00:00:05.19]     Appostolic.Api.Tests.Api.MembersManagementTests.Remove_non_admin_member [FAIL]</Text>
      </RunInfo>
      <RunInfo computerName="mac" outcome="Error" timestamp="2025-09-21T22:36:24.4895240-05:00">
        <Text>[xUnit.net 00:00:05.19]     Appostolic.Api.Tests.Api.MembersManagementTests.TenantAdmin_can_add_TenantAdmin_flag_to_member [FAIL]</Text>
      </RunInfo>
      <RunInfo computerName="mac" outcome="Error" timestamp="2025-09-21T22:36:24.4923100-05:00">
        <Text>[xUnit.net 00:00:05.20]     Appostolic.Api.Tests.Api.MembersManagementTests.Remove_TenantAdmin_flag_when_another_admin_exists [FAIL]</Text>
      </RunInfo>
      <RunInfo computerName="mac" outcome="Error" timestamp="2025-09-21T22:36:24.4947550-05:00">
        <Text>[xUnit.net 00:00:05.20]     Appostolic.Api.Tests.Api.MembersManagementTests.Non_admin_cannot_change_roles [FAIL]</Text>
      </RunInfo>
      <RunInfo computerName="mac" outcome="Error" timestamp="2025-09-21T22:36:24.6716770-05:00">
        <Text>[xUnit.net 00:00:05.37]     Appostolic.Api.Tests.Privacy.UserProfileLoggingTests.GetMe_HashingDisabled_OmitsHash [FAIL]</Text>
      </RunInfo>
      <RunInfo computerName="mac" outcome="Error" timestamp="2025-09-21T22:36:24.8434420-05:00">
        <Text>[xUnit.net 00:00:05.55]     Appostolic.Api.Tests.Privacy.UserProfileLoggingTests.GetMe_EmitsRedactedAndHash_NoRawEmail [FAIL]</Text>
      </RunInfo>
      <RunInfo computerName="mac" outcome="Error" timestamp="2025-09-21T22:36:25.2173200-05:00">
        <Text>[xUnit.net 00:00:05.92]     Appostolic.Api.Tests.Api.AgentsEndpointsTests.Agents_Validation_Errors [FAIL]</Text>
      </RunInfo>
      <RunInfo computerName="mac" outcome="Error" timestamp="2025-09-21T22:36:25.2223200-05:00">
        <Text>[xUnit.net 00:00:05.93]     Appostolic.Api.Tests.Api.AgentsEndpointsTests.Agents_CRUD_HappyPath [FAIL]</Text>
      </RunInfo>
      <RunInfo computerName="mac" outcome="Error" timestamp="2025-09-21T22:36:25.4030200-05:00">
        <Text>[xUnit.net 00:00:06.11]     Appostolic.Api.Tests.Api.NotificationsProdEndpointsTests.Resend_returns_404_when_missing [FAIL]</Text>
      </RunInfo>
      <RunInfo computerName="mac" outcome="Error" timestamp="2025-09-21T22:36:25.5923440-05:00">
        <Text>[xUnit.net 00:00:06.30]     Appostolic.Api.Tests.Api.NotificationsProdEndpointsTests.Tenant_owner_can_resend_within_tenant_and_is_forbidden_cross_tenant [FAIL]</Text>
      </RunInfo>
      <RunInfo computerName="mac" outcome="Error" timestamp="2025-09-21T22:36:25.7557670-05:00">
        <Text>[xUnit.net 00:00:06.46]     Appostolic.Api.Tests.Api.NotificationsProdEndpointsTests.Tenant_owner_can_list_and_retry_within_tenant [FAIL]</Text>
      </RunInfo>
      <RunInfo computerName="mac" outcome="Error" timestamp="2025-09-21T22:36:25.9268120-05:00">
        <Text>[xUnit.net 00:00:06.63]     Appostolic.Api.Tests.Api.NotificationsProdEndpointsTests.Superadmin_can_list_cross_tenant [FAIL]</Text>
      </RunInfo>
      <RunInfo computerName="mac" outcome="Error" timestamp="2025-09-21T22:36:26.1065600-05:00">
        <Text>[xUnit.net 00:00:06.81]     Appostolic.Api.Tests.Api.UserProfileEndpointsTests.Put_me_merges_profile_and_trims_and_validates_social_urls [FAIL]</Text>
      </RunInfo>
      <RunInfo computerName="mac" outcome="Error" timestamp="2025-09-21T22:36:26.1102130-05:00">
        <Text>[xUnit.net 00:00:06.81]     Appostolic.Api.Tests.Api.UserProfileEndpointsTests.Get_me_returns_user_with_profile [FAIL]</Text>
      </RunInfo>
      <RunInfo computerName="mac" outcome="Error" timestamp="2025-09-21T22:36:26.1128350-05:00">
        <Text>[xUnit.net 00:00:06.82]     Appostolic.Api.Tests.Api.UserProfileEndpointsTests.Put_me_rejects_non_object_body [FAIL]</Text>
      </RunInfo>
      <RunInfo computerName="mac" outcome="Error" timestamp="2025-09-21T22:36:27.0085570-05:00">
        <Text>[xUnit.net 00:00:07.71]     Appostolic.Api.Tests.Api.AuditsListingEndpointTests.Lists_audits_with_paging_and_total_count [FAIL]</Text>
      </RunInfo>
      <RunInfo computerName="mac" outcome="Error" timestamp="2025-09-21T22:36:27.0268410-05:00">
        <Text>[xUnit.net 00:00:07.73]     Appostolic.Api.Tests.Api.AuditsListingEndpointTests.Supports_optional_filters_user_actor_and_date_range [FAIL]</Text>
      </RunInfo>
      <RunInfo computerName="mac" outcome="Error" timestamp="2025-09-21T22:36:27.0301530-05:00">
        <Text>[xUnit.net 00:00:07.73]     Appostolic.Api.Tests.Api.AuditsListingEndpointTests.Returns_400_on_invalid_guid_filters [FAIL]</Text>
      </RunInfo>
      <RunInfo computerName="mac" outcome="Warning" timestamp="2025-09-21T22:36:28.6295500-05:00">
        <Text>[xUnit.net 00:00:09.33]     Appostolic.Api.Tests.Auth.RefreshCookieHttpsTests.RefreshCookie_Secure_OverHttps [SKIP]</Text>
      </RunInfo>
      <RunInfo computerName="mac" outcome="Error" timestamp="2025-09-21T22:36:29.3690940-05:00">
        <Text>[xUnit.net 00:00:10.07]     Appostolic.Api.Tests.Api.InvitesRolesFlagsTests.Create_Invite_With_Roles_Flags_Persists_And_Lists [FAIL]</Text>
      </RunInfo>
      <RunInfo computerName="mac" outcome="Error" timestamp="2025-09-21T22:36:29.3743310-05:00">
        <Text>[xUnit.net 00:00:10.08]     Appostolic.Api.Tests.Api.InvitesRolesFlagsTests.Accept_Invite_Sets_Membership_Roles_Flags [FAIL]</Text>
      </RunInfo>
      <RunInfo computerName="mac" outcome="Error" timestamp="2025-09-21T22:36:29.3772530-05:00">
        <Text>[xUnit.net 00:00:10.08]     Appostolic.Api.Tests.Api.InvitesRolesFlagsTests.Create_Invite_With_Invalid_Role_Flag_Is_400 [FAIL]</Text>
      </RunInfo>
      <RunInfo computerName="mac" outcome="Error" timestamp="2025-09-21T22:36:29.5712560-05:00">
        <Text>[xUnit.net 00:00:10.27]     Appostolic.Api.Tests.Api.InvitesEndpointsTests.Invites_Full_Lifecycle_Create_Resend_Accept_Revoke [FAIL]</Text>
      </RunInfo>
      <RunInfo computerName="mac" outcome="Error" timestamp="2025-09-21T22:36:33.7382560-05:00">
        <Text>[xUnit.net 00:00:14.44]     Appostolic.Api.Tests.Api.UserAvatarEndpointsTests.UploadAvatar_Rejects_TooLarge [FAIL]</Text>
      </RunInfo>
      <RunInfo computerName="mac" outcome="Error" timestamp="2025-09-21T22:36:33.8132480-05:00">
        <Text>[xUnit.net 00:00:14.52]     Appostolic.Api.Tests.Api.UserAvatarEndpointsTests.UploadAvatar_Rejects_TooRectangular [FAIL]</Text>
      </RunInfo>
      <RunInfo computerName="mac" outcome="Error" timestamp="2025-09-21T22:36:33.8161770-05:00">
        <Text>[xUnit.net 00:00:14.52]     Appostolic.Api.Tests.Api.UserAvatarEndpointsTests.UploadAvatar_Succeeds_WithPngUnder2MB [FAIL]</Text>
      </RunInfo>
      <RunInfo computerName="mac" outcome="Error" timestamp="2025-09-21T22:36:33.8178010-05:00">
        <Text>[xUnit.net 00:00:14.52]     Appostolic.Api.Tests.Api.UserAvatarEndpointsTests.UploadAvatar_Rejects_UnsupportedMediaType [FAIL]</Text>
      </RunInfo>
      <RunInfo computerName="mac" outcome="Error" timestamp="2025-09-21T22:36:33.8572430-05:00">
        <Text>[xUnit.net 00:00:14.56]     Appostolic.Api.Tests.Api.UserAvatarEndpointsTests.UploadAvatar_Downscales_LargeImage_To512Webp [FAIL]</Text>
      </RunInfo>
      <RunInfo computerName="mac" outcome="Error" timestamp="2025-09-21T22:36:33.8602440-05:00">
        <Text>[xUnit.net 00:00:14.56]     Appostolic.Api.Tests.Api.UserAvatarEndpointsTests.UploadAvatar_TransparentLogo_PreservesDimensions_Webp [FAIL]</Text>
      </RunInfo>
      <RunInfo computerName="mac" outcome="Error" timestamp="2025-09-21T22:36:34.7215290-05:00">
        <Text>[xUnit.net 00:00:15.42]     Appostolic.Api.Tests.Auth.DevHeadersDisabledTests.JwtLogin_Flow_Works_When_DevHeaders_Disabled [FAIL]</Text>
      </RunInfo>
      <RunInfo computerName="mac" outcome="Error" timestamp="2025-09-21T22:36:35.2668270-05:00">
        <Text>[xUnit.net 00:00:15.97]     Appostolic.Api.Tests.AgentTasks.AgentTasksCancelRetryTests.Cancel_Pending_Task_IsCanceledImmediately [FAIL]</Text>
      </RunInfo>
      <RunInfo computerName="mac" outcome="Error" timestamp="2025-09-21T22:36:35.2701610-05:00">
        <Text>[xUnit.net 00:00:15.97]     Appostolic.Api.Tests.AgentTasks.AgentTasksCancelRetryTests.Cancel_Terminal_Task_Returns409 [FAIL]</Text>
      </RunInfo>
      <RunInfo computerName="mac" outcome="Error" timestamp="2025-09-21T22:36:35.2727940-05:00">
        <Text>[xUnit.net 00:00:15.98]     Appostolic.Api.Tests.AgentTasks.AgentTasksCancelRetryTests.Retry_From_Succeeded_Creates_New_Task_And_Runs [FAIL]</Text>
      </RunInfo>
      <RunInfo computerName="mac" outcome="Error" timestamp="2025-09-21T22:36:36.8365100-05:00">
        <Text>[xUnit.net 00:00:17.54]     Appostolic.Api.Tests.Api.ToolCatalogTests.Tools_Catalog_Lists_Registered_Tools_With_Categories [FAIL]</Text>
      </RunInfo>
      <RunInfo computerName="mac" outcome="Error" timestamp="2025-09-21T22:36:36.9972160-05:00">
        <Text>[xUnit.net 00:00:17.70]     Appostolic.Api.Tests.Api.DevGrantRolesEndpointTests.Grants_roles_to_new_user_and_membership [FAIL]</Text>
      </RunInfo>
      <RunInfo computerName="mac" outcome="Error" timestamp="2025-09-21T22:36:37.0021360-05:00">
        <Text>[xUnit.net 00:00:17.71]     Appostolic.Api.Tests.Api.DevGrantRolesEndpointTests.Returns_400_for_invalid_role_name [FAIL]</Text>
      </RunInfo>
      <RunInfo computerName="mac" outcome="Error" timestamp="2025-09-21T22:36:37.0087550-05:00">
        <Text>[xUnit.net 00:00:17.71]     Appostolic.Api.Tests.Api.DevGrantRolesEndpointTests.Updates_existing_membership_roles [FAIL]</Text>
      </RunInfo>
      <RunInfo computerName="mac" outcome="Error" timestamp="2025-09-21T22:36:37.0111300-05:00">
        <Text>[xUnit.net 00:00:17.71]     Appostolic.Api.Tests.Api.DevGrantRolesEndpointTests.Updates_existing_membership_roles_writes_audit [FAIL]</Text>
      </RunInfo>
      <RunInfo computerName="mac" outcome="Error" timestamp="2025-09-21T22:36:39.1487170-05:00">
        <Text>[xUnit.net 00:00:19.85]     Appostolic.Api.Tests.Api.UserPasswordEndpointsTests.Change_password_rejects_invalid_current [FAIL]</Text>
      </RunInfo>
      <RunInfo computerName="mac" outcome="Error" timestamp="2025-09-21T22:36:39.2668180-05:00">
        <Text>[xUnit.net 00:00:19.97]     Appostolic.Api.Tests.Api.UserPasswordEndpointsTests.Change_password_rejects_weak_password [FAIL]</Text>
      </RunInfo>
      <RunInfo computerName="mac" outcome="Error" timestamp="2025-09-21T22:36:39.3850080-05:00">
        <Text>[xUnit.net 00:00:20.09]     Appostolic.Api.Tests.Api.UserPasswordEndpointsTests.Change_password_succeeds_with_valid_current [FAIL]</Text>
      </RunInfo>
      <RunInfo computerName="mac" outcome="Error" timestamp="2025-09-21T22:36:39.5438330-05:00">
        <Text>[xUnit.net 00:00:20.25]     Appostolic.Api.Tests.Api.NotificationsAdminEndpointsTests.Dlq_replay_requeues_and_publishes_ids [FAIL]</Text>
      </RunInfo>
      <RunInfo computerName="mac" outcome="Error" timestamp="2025-09-21T22:36:39.6914920-05:00">
        <Text>[xUnit.net 00:00:20.39]     Appostolic.Api.Tests.Api.NotificationsAdminEndpointsTests.Resend_dev_endpoint_creates_and_throttles [FAIL]</Text>
      </RunInfo>
      <RunInfo computerName="mac" outcome="Error" timestamp="2025-09-21T22:36:39.8438460-05:00">
        <Text>[xUnit.net 00:00:20.55]     Appostolic.Api.Tests.Api.NotificationsAdminEndpointsTests.List_and_retry_notifications_work [FAIL]</Text>
      </RunInfo>
      <RunInfo computerName="mac" outcome="Error" timestamp="2025-09-21T22:36:39.9895520-05:00">
        <Text>[xUnit.net 00:00:20.69]     Appostolic.Api.Tests.Api.NotificationsAdminEndpointsTests.Resend_history_lists_children_with_paging_and_scoping [FAIL]</Text>
      </RunInfo>
      <RunInfo computerName="mac" outcome="Error" timestamp="2025-09-21T22:36:40.1373580-05:00">
        <Text>[xUnit.net 00:00:20.84]     Appostolic.Api.Tests.Api.NotificationsAdminEndpointsTests.Resend_metrics_emitted_for_manual_and_bulk [FAIL]</Text>
      </RunInfo>
      <RunInfo computerName="mac" outcome="Error" timestamp="2025-09-21T22:36:40.2822460-05:00">
        <Text>[xUnit.net 00:00:20.99]     Appostolic.Api.Tests.Api.NotificationsAdminEndpointsTests.Dlq_list_returns_failed_and_deadletter_with_paging [FAIL]</Text>
      </RunInfo>
      <RunInfo computerName="mac" outcome="Error" timestamp="2025-09-21T22:36:40.8332640-05:00">
        <Text>[xUnit.net 00:00:21.54]     Appostolic.Api.Tests.Api.NotificationsAdminEndpointsTests.Bulk_resend_creates_with_limit_and_counts_throttled [FAIL]</Text>
      </RunInfo>
      <RunInfo computerName="mac" outcome="Error" timestamp="2025-09-21T22:36:43.8187530-05:00">
        <Text>[xUnit.net 00:00:24.52]     Appostolic.Api.Tests.Api.MembersListTests.Viewer_gets_403_for_members_list [FAIL]</Text>
      </RunInfo>
      <RunInfo computerName="mac" outcome="Error" timestamp="2025-09-21T22:36:43.8229530-05:00">
        <Text>[xUnit.net 00:00:24.53]     Appostolic.Api.Tests.Api.MembersListTests.Owner_can_list_members [FAIL]</Text>
      </RunInfo>
      <RunInfo computerName="mac" outcome="Error" timestamp="2025-09-21T22:36:46.0266470-05:00">
        <Text>[xUnit.net 00:00:26.73]     Appostolic.Api.Tests.Api.AuditTrailTests.Set_roles_noop_second_call_does_not_duplicate_audit [FAIL]</Text>
      </RunInfo>
      <RunInfo computerName="mac" outcome="Error" timestamp="2025-09-21T22:36:46.0312440-05:00">
        <Text>[xUnit.net 00:00:26.73]     Appostolic.Api.Tests.Api.AuditTrailTests.Set_roles_writes_audit_row_with_old_and_new_roles [FAIL]</Text>
      </RunInfo>
      <RunInfo computerName="mac" outcome="Error" timestamp="2025-09-21T22:36:46.3022970-05:00">
        <Text>[xUnit.net 00:00:27.01]     Appostolic.Api.Tests.Api.AuthPasswordFlowsTests.ChangePassword_WithAuth_UpdatesPassword [FAIL]</Text>
      </RunInfo>
      <RunInfo computerName="mac" outcome="Error" timestamp="2025-09-21T22:36:47.2745060-05:00">
        <Text>[xUnit.net 00:00:27.98]     Appostolic.Api.Tests.Api.AssignmentsApiTests.Cannot_remove_last_admin_via_flags_returns_409 [FAIL]</Text>
      </RunInfo>
      <RunInfo computerName="mac" outcome="Error" timestamp="2025-09-21T22:36:47.2799970-05:00">
        <Text>[xUnit.net 00:00:27.98]     Appostolic.Api.Tests.Api.AssignmentsApiTests.Set_roles_returns_404_when_membership_missing_and_400_for_invalid_flag [FAIL]</Text>
      </RunInfo>
      <RunInfo computerName="mac" outcome="Error" timestamp="2025-09-21T22:36:47.2835820-05:00">
        <Text>[xUnit.net 00:00:27.99]     Appostolic.Api.Tests.Api.AssignmentsApiTests.Set_roles_replaces_flags_and_allows_noop [FAIL]</Text>
      </RunInfo>
      <RunInfo computerName="mac" outcome="Error" timestamp="2025-09-21T22:36:47.2860820-05:00">
        <Text>[xUnit.net 00:00:27.99]     Appostolic.Api.Tests.Api.AssignmentsApiTests.List_memberships_requires_admin_and_returns_roles [FAIL]</Text>
      </RunInfo>
      <RunInfo computerName="mac" outcome="Error" timestamp="2025-09-21T22:36:47.2885170-05:00">
        <Text>[xUnit.net 00:00:27.99]     Appostolic.Api.Tests.Api.AssignmentsApiTests.Non_admin_cannot_set_roles [FAIL]</Text>
      </RunInfo>
    </RunInfos>
  </ResultSummary>
</TestRun>