<?xml version="1.0" encoding="utf-8"?>
<TestRun id="4d91c8c1-d6ff-4550-8074-1a3649f24a55" name="@mac 2025-09-19 16:26:24" xmlns="http://microsoft.com/schemas/VisualStudio/TeamTest/2010">
  <Times creation="2025-09-19T16:26:24.2619960-05:00" queuing="2025-09-19T16:26:24.2619960-05:00" start="2025-09-19T16:26:22.5344590-05:00" finish="2025-09-19T16:26:40.4862530-05:00" />
  <TestSettings name="default" id="4eff6706-6d63-4452-97b9-ba23b1e16289">
    <Deployment runDeploymentRoot="_mac_2025-09-19_16_26_24" />
  </TestSettings>
  <Results>
    <UnitTestResult executionId="f3b4d7ef-c992-4a8e-8437-efe0f391f8a6" testId="a2b0d89c-f17d-2c60-2870-72017089ab94" testName="Appostolic.Api.Tests.Api.NotificationsAdminEndpointsTests.Bulk_resend_creates_with_limit_and_counts_throttled" computerName="mac" duration="00:00:00.2543743" startTime="2025-09-19T16:26:29.5940960-05:00" endTime="2025-09-19T16:26:29.5940960-05:00" testType="13cdc9d9-ddb5-4fa4-a97d-d965ccfc6d4b" outcome="Passed" testListId="8c84fa94-04c1-424b-9868-57a2d4851a1d" relativeResultsDirectory="f3b4d7ef-c992-4a8e-8437-efe0f391f8a6" />
    <UnitTestResult executionId="7b2d6e52-8e47-406c-9275-9d03efacf7b6" testId="f36e146c-5e84-0e67-2982-f20e16e0dd68" testName="Appostolic.Api.Tests.ModelMappingTests.Agent_check_constraints_are_configured_in_model" computerName="mac" duration="00:00:00.0231805" startTime="2025-09-19T16:26:38.8905960-05:00" endTime="2025-09-19T16:26:38.8905960-05:00" testType="13cdc9d9-ddb5-4fa4-a97d-d965ccfc6d4b" outcome="Passed" testListId="8c84fa94-04c1-424b-9868-57a2d4851a1d" relativeResultsDirectory="7b2d6e52-8e47-406c-9275-9d03efacf7b6" />
    <UnitTestResult executionId="1c2f44a9-f0df-4169-829c-233ac2f85b7d" testId="9b729b7e-a306-20a1-7040-eda547fe8bec" testName="Appostolic.Api.Tests.E2E.AgentTasksE2E_HappyPath.EndToEnd_CreatesTask_RunsToSuccess_TracesAndTokensPresent" computerName="mac" duration="00:00:00.2916495" startTime="2025-09-19T16:26:34.6305340-05:00" endTime="2025-09-19T16:26:34.6305340-05:00" testType="13cdc9d9-ddb5-4fa4-a97d-d965ccfc6d4b" outcome="Passed" testListId="8c84fa94-04c1-424b-9868-57a2d4851a1d" relativeResultsDirectory="1c2f44a9-f0df-4169-829c-233ac2f85b7d" />
    <UnitTestResult executionId="5b3e12b8-6f9a-4617-bb21-90000ffb6838" testId="f242966d-9728-e09e-ef23-e439d6a28402" testName="Appostolic.Api.Tests.Api.MembersManagementTests.Cannot_demote_or_remove_last_owner" computerName="mac" duration="00:00:00.3080478" startTime="2025-09-19T16:26:37.1155370-05:00" endTime="2025-09-19T16:26:37.1155370-05:00" testType="13cdc9d9-ddb5-4fa4-a97d-d965ccfc6d4b" outcome="Passed" testListId="8c84fa94-04c1-424b-9868-57a2d4851a1d" relativeResultsDirectory="5b3e12b8-6f9a-4617-bb21-90000ffb6838" />
    <UnitTestResult executionId="3df0f41f-ceda-4383-8b35-5e10391cb632" testId="8a436d67-15f2-8a6f-b3c8-3df7d72a7066" testName="Appostolic.Api.Tests.E2E.AgentTasksE2E_Allowlist.Allowlist_Denied_Tool_Produces_Failed_Task_With_Error_Trace" computerName="mac" duration="00:00:00.2915575" startTime="2025-09-19T16:26:25.4010390-05:00" endTime="2025-09-19T16:26:25.4010390-05:00" testType="13cdc9d9-ddb5-4fa4-a97d-d965ccfc6d4b" outcome="Passed" testListId="8c84fa94-04c1-424b-9868-57a2d4851a1d" relativeResultsDirectory="3df0f41f-ceda-4383-8b35-5e10391cb632" />
    <UnitTestResult executionId="4fffb543-742a-4ac0-b0d8-c4eea7e22b72" testId="a11d6311-0314-291e-6c87-0745cc1eace8" testName="Appostolic.Api.Tests.Observability.TelemetrySmokeTests.HappyPath_Emits_Spans_And_Metrics" computerName="mac" duration="00:00:00.0039759" startTime="2025-09-19T16:26:36.4449840-05:00" endTime="2025-09-19T16:26:36.4449840-05:00" testType="13cdc9d9-ddb5-4fa4-a97d-d965ccfc6d4b" outcome="Passed" testListId="8c84fa94-04c1-424b-9868-57a2d4851a1d" relativeResultsDirectory="4fffb543-742a-4ac0-b0d8-c4eea7e22b72" />
    <UnitTestResult executionId="b5c0fcad-c35e-4d61-b481-57ae98408d31" testId="c643053b-60cb-940b-5d09-78107183b82f" testName="Appostolic.Api.Tests.Api.UserAvatarEndpointsTests.UploadAvatar_TransparentLogo_PreservesDimensions_Webp" computerName="mac" duration="00:00:00.0038432" startTime="2025-09-19T16:26:35.7728530-05:00" endTime="2025-09-19T16:26:35.7728530-05:00" testType="13cdc9d9-ddb5-4fa4-a97d-d965ccfc6d4b" outcome="Passed" testListId="8c84fa94-04c1-424b-9868-57a2d4851a1d" relativeResultsDirectory="b5c0fcad-c35e-4d61-b481-57ae98408d31" />
    <UnitTestResult executionId="0fcd97ed-4ad9-4946-bac2-f25d9aa0509d" testId="3b3a68c1-1138-770e-4b05-0d7fb6b68738" testName="Appostolic.Api.Tests.Orchestrator.TokenAggregationTests.CostIsNull_WhenPricingDisabled" computerName="mac" duration="00:00:00.0020058" startTime="2025-09-19T16:26:39.4590820-05:00" endTime="2025-09-19T16:26:39.4590820-05:00" testType="13cdc9d9-ddb5-4fa4-a97d-d965ccfc6d4b" outcome="Passed" testListId="8c84fa94-04c1-424b-9868-57a2d4851a1d" relativeResultsDirectory="0fcd97ed-4ad9-4946-bac2-f25d9aa0509d" />
    <UnitTestResult executionId="b3bfbb13-9dd2-4476-8ede-a6ed0994d9ff" testId="29cdf802-09fa-4c20-1649-a919d0e03e4d" testName="Appostolic.Api.Tests.Api.AssignmentsApiTests.Set_roles_replaces_flags_and_allows_noop" computerName="mac" duration="00:00:00.0027611" startTime="2025-09-19T16:26:39.9459270-05:00" endTime="2025-09-19T16:26:39.9459270-05:00" testType="13cdc9d9-ddb5-4fa4-a97d-d965ccfc6d4b" outcome="Passed" testListId="8c84fa94-04c1-424b-9868-57a2d4851a1d" relativeResultsDirectory="b3bfbb13-9dd2-4476-8ede-a6ed0994d9ff" />
    <UnitTestResult executionId="74411fdb-cc54-4473-af57-a55ad432c680" testId="12d55566-a633-1346-b69a-1c8b4115db86" testName="Appostolic.Api.Tests.Api.LegacyRoleWritePathDeprecationTests.Invite_with_legacy_role_only_is_rejected" computerName="mac" duration="00:00:00.2152611" startTime="2025-09-19T16:26:25.6257300-05:00" endTime="2025-09-19T16:26:25.6257300-05:00" testType="13cdc9d9-ddb5-4fa4-a97d-d965ccfc6d4b" outcome="Failed" testListId="8c84fa94-04c1-424b-9868-57a2d4851a1d" relativeResultsDirectory="74411fdb-cc54-4473-af57-a55ad432c680">
      <Output>
        <ErrorInfo>
          <Message>Expected payload!["code"] to be "LEGACY_ROLE_DEPRECATED", but found LEGACY_ROLE_DEPRECATED.</Message>
          <StackTrace>   at FluentAssertions.Execution.XUnit2TestFramework.Throw(String message)
   at FluentAssertions.Execution.TestFrameworkProvider.Throw(String message)
   at FluentAssertions.Execution.DefaultAssertionStrategy.HandleFailure(String message)
   at FluentAssertions.Execution.AssertionScope.FailWith(Func`1 failReasonFunc)
   at FluentAssertions.Execution.AssertionScope.FailWith(Func`1 failReasonFunc)
   at FluentAssertions.Execution.AssertionScope.FailWith(String message, Object[] args)
   at FluentAssertions.Primitives.ObjectAssertions`2.Be(TSubject expected, String because, Object[] becauseArgs)
   at Appostolic.Api.Tests.Api.LegacyRoleWritePathDeprecationTests.Invite_with_legacy_role_only_is_rejected() in /Users/kevinmccreary/appostolic/apps/api.tests/Api/LegacyRoleWritePathDeprecationTests.cs:line 42
--- End of stack trace from previous location ---</StackTrace>
        </ErrorInfo>
      </Output>
    </UnitTestResult>
    <UnitTestResult executionId="5f0847cb-4e76-4e1d-9f2b-0e9fb98b2c63" testId="c561c2f6-8efd-4095-cbad-20238816bd9c" testName="Appostolic.Api.Tests.NotificationEnqueuerTests.QueueVerification_enqueues_correct_message" computerName="mac" duration="00:00:00.0008002" startTime="2025-09-19T16:26:29.8493340-05:00" endTime="2025-09-19T16:26:29.8493340-05:00" testType="13cdc9d9-ddb5-4fa4-a97d-d965ccfc6d4b" outcome="Passed" testListId="8c84fa94-04c1-424b-9868-57a2d4851a1d" relativeResultsDirectory="5f0847cb-4e76-4e1d-9f2b-0e9fb98b2c63" />
    <UnitTestResult executionId="6112fa8a-1c63-4b88-ac02-5e35614e7b99" testId="5aebb0bd-a461-dea6-b51f-abbdbf65c34a" testName="Appostolic.Api.Tests.Api.AuditsListingEndpointTests.Supports_optional_filters_user_actor_and_date_range" computerName="mac" duration="00:00:00.0247915" startTime="2025-09-19T16:26:30.0640350-05:00" endTime="2025-09-19T16:26:30.0640350-05:00" testType="13cdc9d9-ddb5-4fa4-a97d-d965ccfc6d4b" outcome="Passed" testListId="8c84fa94-04c1-424b-9868-57a2d4851a1d" relativeResultsDirectory="6112fa8a-1c63-4b88-ac02-5e35614e7b99" />
    <UnitTestResult executionId="86dba510-9ce9-4e94-9749-db84ccaef2e5" testId="c35bbf40-7110-f612-4b6b-649678070e6a" testName="Appostolic.Api.Tests.Storage.S3ObjectStorageServiceTests.UploadAsync_FallbacksToBucketRegionUrl_WhenNoPublicBaseUrl" computerName="mac" duration="00:00:00.0027872" startTime="2025-09-19T16:26:29.8393640-05:00" endTime="2025-09-19T16:26:29.8393640-05:00" testType="13cdc9d9-ddb5-4fa4-a97d-d965ccfc6d4b" outcome="Passed" testListId="8c84fa94-04c1-424b-9868-57a2d4851a1d" relativeResultsDirectory="86dba510-9ce9-4e94-9749-db84ccaef2e5" />
    <UnitTestResult executionId="e34f45f2-ce7f-4424-bdfb-7e480cd9f462" testId="aba3fbd3-bcbc-9249-c5c5-7eefeb58f8d5" testName="Appostolic.Api.Tests.Api.TenantSettingsEndpointsTests.Delete_Logo_Removes_Metadata" computerName="mac" duration="00:00:00.0128158" startTime="2025-09-19T16:26:37.7151090-05:00" endTime="2025-09-19T16:26:37.7151090-05:00" testType="13cdc9d9-ddb5-4fa4-a97d-d965ccfc6d4b" outcome="Passed" testListId="8c84fa94-04c1-424b-9868-57a2d4851a1d" relativeResultsDirectory="e34f45f2-ce7f-4424-bdfb-7e480cd9f462" />
    <UnitTestResult executionId="0cbd6d05-2ec7-46dc-95cd-a38ef9684fef" testId="86313928-0630-412d-b92d-2c5039f70d0a" testName="Appostolic.Api.Tests.Api.LegacyRolesConvergedTests.All_memberships_have_consistent_nonzero_roles_bitmask" computerName="mac" duration="00:00:00.1237845" startTime="2025-09-19T16:26:37.4621000-05:00" endTime="2025-09-19T16:26:37.4621000-05:00" testType="13cdc9d9-ddb5-4fa4-a97d-d965ccfc6d4b" outcome="Passed" testListId="8c84fa94-04c1-424b-9868-57a2d4851a1d" relativeResultsDirectory="0cbd6d05-2ec7-46dc-95cd-a38ef9684fef" />
    <UnitTestResult executionId="715f7b98-5079-4a4a-9883-b8fe9d6be1dd" testId="87a5b8a9-e5bd-8c6e-5a6c-5815a0bd8c39" testName="Appostolic.Api.Tests.Worker.AgentTaskWorkerTests.Pending_To_Running_To_Succeeded_With_Traces" computerName="mac" duration="00:00:00.1170788" startTime="2025-09-19T16:26:39.7831740-05:00" endTime="2025-09-19T16:26:39.7831740-05:00" testType="13cdc9d9-ddb5-4fa4-a97d-d965ccfc6d4b" outcome="Passed" testListId="8c84fa94-04c1-424b-9868-57a2d4851a1d" relativeResultsDirectory="715f7b98-5079-4a4a-9883-b8fe9d6be1dd" />
    <UnitTestResult executionId="4b4ae3ef-8011-434c-af68-757e26ae3f54" testId="051a87a0-4947-acab-5222-3cc970dba0ba" testName="Appostolic.Api.Tests.Notifications.NotificationsResendTests.Can_insert_child_with_resend_of_fk" computerName="mac" duration="00:00:00.0107075" startTime="2025-09-19T16:26:24.2779430-05:00" endTime="2025-09-19T16:26:24.2779430-05:00" testType="13cdc9d9-ddb5-4fa4-a97d-d965ccfc6d4b" outcome="Passed" testListId="8c84fa94-04c1-424b-9868-57a2d4851a1d" relativeResultsDirectory="4b4ae3ef-8011-434c-af68-757e26ae3f54" />
    <UnitTestResult executionId="5ad845fe-3ad7-4f59-8ced-e49b42f972de" testId="c64a9991-8173-cdf8-9198-d5935257f1a8" testName="Appostolic.Api.Tests.E2E.AgentTasksE2E_Concurrency.Worker_Processes_Many_Tasks_Reliably" computerName="mac" duration="00:00:00.3365996" startTime="2025-09-19T16:26:25.0352160-05:00" endTime="2025-09-19T16:26:25.0352160-05:00" testType="13cdc9d9-ddb5-4fa4-a97d-d965ccfc6d4b" outcome="Passed" testListId="8c84fa94-04c1-424b-9868-57a2d4851a1d" relativeResultsDirectory="5ad845fe-3ad7-4f59-8ced-e49b42f972de" />
    <UnitTestResult executionId="aa71be34-83fc-4fb9-bd79-f21ff6ca6c15" testId="d079b60f-9bd9-c7a1-855f-178e519346dc" testName="Appostolic.Api.Tests.EmailDispatcherTests.Dispatcher_logs_correlation_fields_when_present" computerName="mac" duration="00:00:00.0027036" startTime="2025-09-19T16:26:39.7861370-05:00" endTime="2025-09-19T16:26:39.7861370-05:00" testType="13cdc9d9-ddb5-4fa4-a97d-d965ccfc6d4b" outcome="Passed" testListId="8c84fa94-04c1-424b-9868-57a2d4851a1d" relativeResultsDirectory="aa71be34-83fc-4fb9-bd79-f21ff6ca6c15" />
    <UnitTestResult executionId="ee5548ff-134a-4a50-b187-acfbce2f0ec6" testId="e654c6ff-e79b-0f0d-7ecf-a4648dc0cf91" testName="Appostolic.Api.Tests.Orchestrator.AgentOrchestratorTests.HappyPath_ModelPlansToolThenFinal_SucceedsWithTwoTraces" computerName="mac" duration="00:00:00.0013839" startTime="2025-09-19T16:26:34.1133190-05:00" endTime="2025-09-19T16:26:34.1133190-05:00" testType="13cdc9d9-ddb5-4fa4-a97d-d965ccfc6d4b" outcome="Passed" testListId="8c84fa94-04c1-424b-9868-57a2d4851a1d" relativeResultsDirectory="ee5548ff-134a-4a50-b187-acfbce2f0ec6" />
    <UnitTestResult executionId="6e2840c6-05c8-4c20-b419-6f0f7efe539b" testId="515d6282-fd19-872e-c191-d3eda2049a23" testName="Appostolic.Api.Tests.Api.AuthPasswordFlowsTests.ForgotPassword_AcceptsAndStoresToken_SendsEmail" computerName="mac" duration="00:00:00.0106794" startTime="2025-09-19T16:26:30.6704830-05:00" endTime="2025-09-19T16:26:30.6704830-05:00" testType="13cdc9d9-ddb5-4fa4-a97d-d965ccfc6d4b" outcome="Passed" testListId="8c84fa94-04c1-424b-9868-57a2d4851a1d" relativeResultsDirectory="6e2840c6-05c8-4c20-b419-6f0f7efe539b" />
    <UnitTestResult executionId="8bcd8e6a-f08f-41e6-960a-a06d41b730ca" testId="f5342a6b-27a3-125c-432b-bd0ce4c9f03d" testName="Appostolic.Api.Tests.Api.InvitesRolesFlagsTests.Create_Invite_Without_Roles_Derives_From_Legacy_Role" computerName="mac" duration="00:00:00.0059605" startTime="2025-09-19T16:26:40.1219200-05:00" endTime="2025-09-19T16:26:40.1219200-05:00" testType="13cdc9d9-ddb5-4fa4-a97d-d965ccfc6d4b" outcome="Failed" testListId="8c84fa94-04c1-424b-9868-57a2d4851a1d" relativeResultsDirectory="8bcd8e6a-f08f-41e6-960a-a06d41b730ca">
      <Output>
        <ErrorInfo>
          <Message>Expected create.StatusCode to be HttpStatusCode.Created {value: 201}, but found HttpStatusCode.BadRequest {value: 400}.</Message>
          <StackTrace>   at FluentAssertions.Execution.XUnit2TestFramework.Throw(String message)
   at FluentAssertions.Execution.TestFrameworkProvider.Throw(String message)
   at FluentAssertions.Execution.DefaultAssertionStrategy.HandleFailure(String message)
   at FluentAssertions.Execution.AssertionScope.FailWith(Func`1 failReasonFunc)
   at FluentAssertions.Execution.AssertionScope.FailWith(Func`1 failReasonFunc)
   at FluentAssertions.Execution.AssertionScope.FailWith(String message, Object[] args)
   at FluentAssertions.Primitives.EnumAssertions`2.Be(TEnum expected, String because, Object[] becauseArgs)
   at Appostolic.Api.Tests.Api.InvitesRolesFlagsTests.Create_Invite_Without_Roles_Derives_From_Legacy_Role() in /Users/kevinmccreary/appostolic/apps/api.tests/Api/InvitesRolesFlagsTests.cs:line 60
--- End of stack trace from previous location ---</StackTrace>
        </ErrorInfo>
      </Output>
    </UnitTestResult>
    <UnitTestResult executionId="f01c9c73-e34c-470d-81cc-b414a4219b9a" testId="6447b752-ca58-5092-2c5d-d1f5fe58b5dc" testName="WebSearchToolTests.Empty_query_returns_empty" computerName="mac" duration="00:00:00.0003786" startTime="2025-09-19T16:26:29.8089640-05:00" endTime="2025-09-19T16:26:29.8089640-05:00" testType="13cdc9d9-ddb5-4fa4-a97d-d965ccfc6d4b" outcome="Passed" testListId="8c84fa94-04c1-424b-9868-57a2d4851a1d" relativeResultsDirectory="f01c9c73-e34c-470d-81cc-b414a4219b9a" />
    <UnitTestResult executionId="2566eb86-ca81-48f6-9bc0-8868e89c4e31" testId="94ec43a1-8d1a-e493-b213-b33a5a6877b2" testName="FsWriteToolTests.Rejects_path_traversal" computerName="mac" duration="00:00:00.0008716" startTime="2025-09-19T16:26:25.0428500-05:00" endTime="2025-09-19T16:26:25.0428510-05:00" testType="13cdc9d9-ddb5-4fa4-a97d-d965ccfc6d4b" outcome="Passed" testListId="8c84fa94-04c1-424b-9868-57a2d4851a1d" relativeResultsDirectory="2566eb86-ca81-48f6-9bc0-8868e89c4e31" />
    <UnitTestResult executionId="8be2f2c4-42c0-44f0-a471-0fa7351e1ebd" testId="d4f44d27-452c-a77e-5891-0807797b42c9" testName="Appostolic.Api.Tests.SwaggerEndpointTests.SwaggerUI_ReturnsHtml" computerName="mac" duration="00:00:00.1740462" startTime="2025-09-19T16:26:34.2876340-05:00" endTime="2025-09-19T16:26:34.2876340-05:00" testType="13cdc9d9-ddb5-4fa4-a97d-d965ccfc6d4b" outcome="Passed" testListId="8c84fa94-04c1-424b-9868-57a2d4851a1d" relativeResultsDirectory="8be2f2c4-42c0-44f0-a471-0fa7351e1ebd" />
    <UnitTestResult executionId="637a553d-504f-477d-b177-121ac86c5420" testId="026b2dbe-3807-3b71-c8bf-ce6df5f75ed6" testName="Appostolic.Api.AuthTests.LoginRolesConvergenceDisabledFlagTests.Login_DoesNotCorrect_MismatchedRolesBitmask_WhenFlagEnabled" computerName="mac" duration="00:00:00.4885310" startTime="2025-09-19T16:26:27.5630730-05:00" endTime="2025-09-19T16:26:27.5630730-05:00" testType="13cdc9d9-ddb5-4fa4-a97d-d965ccfc6d4b" outcome="Passed" testListId="8c84fa94-04c1-424b-9868-57a2d4851a1d" relativeResultsDirectory="637a553d-504f-477d-b177-121ac86c5420" />
    <UnitTestResult executionId="10da6f22-4b03-4f68-a7fb-cd1b1ceb05b6" testId="ad304976-430a-8b69-e0d9-931ece855b31" testName="Appostolic.Api.Tests.AgentTasks.AgentTasksListFilterPaginationTests.Date_Range_Filter_On_CreatedAt" computerName="mac" duration="00:00:00.1898434" startTime="2025-09-19T16:26:32.4617640-05:00" endTime="2025-09-19T16:26:32.4617640-05:00" testType="13cdc9d9-ddb5-4fa4-a97d-d965ccfc6d4b" outcome="Passed" testListId="8c84fa94-04c1-424b-9868-57a2d4851a1d" relativeResultsDirectory="10da6f22-4b03-4f68-a7fb-cd1b1ceb05b6" />
    <UnitTestResult executionId="0b96a7a7-6395-4bcb-8ef3-f2408c8c38d6" testId="4f93dd2b-351a-bca6-2b8b-95fc20f20ddd" testName="Appostolic.Api.Tests.AgentTasks.AgentTasksListFilterPaginationTests.Paging_Returns_XTotalCount_And_DescOrdering" computerName="mac" duration="00:00:00.1270930" startTime="2025-09-19T16:26:32.6230330-05:00" endTime="2025-09-19T16:26:32.6230330-05:00" testType="13cdc9d9-ddb5-4fa4-a97d-d965ccfc6d4b" outcome="Passed" testListId="8c84fa94-04c1-424b-9868-57a2d4851a1d" relativeResultsDirectory="0b96a7a7-6395-4bcb-8ef3-f2408c8c38d6" />
    <UnitTestResult executionId="165061f0-8d3d-4959-8803-75891b89f5b5" testId="c2441ddc-565a-93d7-0c28-f73ca97b9486" testName="Appostolic.Api.Tests.Orchestrator.TokenAggregationTests.AggregatesTokens_And_ComputesCost_WhenPricingEnabled" computerName="mac" duration="00:00:00.0013982" startTime="2025-09-19T16:26:39.4605050-05:00" endTime="2025-09-19T16:26:39.4605050-05:00" testType="13cdc9d9-ddb5-4fa4-a97d-d965ccfc6d4b" outcome="Passed" testListId="8c84fa94-04c1-424b-9868-57a2d4851a1d" relativeResultsDirectory="165061f0-8d3d-4959-8803-75891b89f5b5" />
    <UnitTestResult executionId="689e614f-99fb-44cb-a686-2232c92ae8e2" testId="7831f103-663f-8d24-4a8b-6bbe466d0837" testName="Appostolic.Api.Tests.Api.AuthPasswordFlowsTests.ChangePassword_WithAuth_UpdatesPassword" computerName="mac" duration="00:00:00.3893201" startTime="2025-09-19T16:26:30.6596540-05:00" endTime="2025-09-19T16:26:30.6596540-05:00" testType="13cdc9d9-ddb5-4fa4-a97d-d965ccfc6d4b" outcome="Passed" testListId="8c84fa94-04c1-424b-9868-57a2d4851a1d" relativeResultsDirectory="689e614f-99fb-44cb-a686-2232c92ae8e2" />
    <UnitTestResult executionId="604eb87e-0c0d-4eef-ba0d-4a73f97a8bb7" testId="adb4d425-e330-40e4-2ea6-b182e56ebe7d" testName="Appostolic.Api.Tests.Api.UserProfileEndpointsTests.Put_me_merges_profile_and_trims_and_validates_social_urls" computerName="mac" duration="00:00:00.1700012" startTime="2025-09-19T16:26:35.2071890-05:00" endTime="2025-09-19T16:26:35.2071890-05:00" testType="13cdc9d9-ddb5-4fa4-a97d-d965ccfc6d4b" outcome="Passed" testListId="8c84fa94-04c1-424b-9868-57a2d4851a1d" relativeResultsDirectory="604eb87e-0c0d-4eef-ba0d-4a73f97a8bb7" />
    <UnitTestResult executionId="0fd07112-be14-4fdc-8664-00af3eefacc9" testId="9c020064-9cbb-7975-d5c0-9dc48d581775" testName="Appostolic.Api.Tests.Api.AgentTasksEndpointsTests.CreateTask_Returns201AndSummary" computerName="mac" duration="00:00:00.1580582" startTime="2025-09-19T16:26:32.2506250-05:00" endTime="2025-09-19T16:26:32.2506250-05:00" testType="13cdc9d9-ddb5-4fa4-a97d-d965ccfc6d4b" outcome="Passed" testListId="8c84fa94-04c1-424b-9868-57a2d4851a1d" relativeResultsDirectory="0fd07112-be14-4fdc-8664-00af3eefacc9" />
    <UnitTestResult executionId="d8cb801e-91f3-48f2-bc94-ee3db63a6c0a" testId="fc170f06-7a65-44e3-9780-d428f13f33ad" testName="Appostolic.Api.Tests.SmokeTests.Health_ReturnsOk" computerName="mac" duration="00:00:00.1725385" startTime="2025-09-19T16:26:32.8136390-05:00" endTime="2025-09-19T16:26:32.8136390-05:00" testType="13cdc9d9-ddb5-4fa4-a97d-d965ccfc6d4b" outcome="Passed" testListId="8c84fa94-04c1-424b-9868-57a2d4851a1d" relativeResultsDirectory="d8cb801e-91f3-48f2-bc94-ee3db63a6c0a" />
    <UnitTestResult executionId="305c7107-daff-47b5-abf3-676eacc2ae23" testId="5404549b-a3b0-871f-9a8d-c5b5f387dff4" testName="Appostolic.Api.Tests.Api.UserProfileEndpointsTests.Get_me_returns_user_with_profile" computerName="mac" duration="00:00:00.0055957" startTime="2025-09-19T16:26:35.2129510-05:00" endTime="2025-09-19T16:26:35.2129510-05:00" testType="13cdc9d9-ddb5-4fa4-a97d-d965ccfc6d4b" outcome="Passed" testListId="8c84fa94-04c1-424b-9868-57a2d4851a1d" relativeResultsDirectory="305c7107-daff-47b5-abf3-676eacc2ae23" />
    <UnitTestResult executionId="18bf5e2c-14ba-45fe-8e42-36156fc732d5" testId="6a6d73d7-7d30-455c-71a4-79ea460d8c8c" testName="Appostolic.Api.Tests.Notifications.RedisTransportPrivacyTests.EnqueueFailure_LogsErrorWithoutPayloadContents" computerName="mac" duration="00:00:00.0293424" startTime="2025-09-19T16:26:31.3757000-05:00" endTime="2025-09-19T16:26:31.3757000-05:00" testType="13cdc9d9-ddb5-4fa4-a97d-d965ccfc6d4b" outcome="Passed" testListId="8c84fa94-04c1-424b-9868-57a2d4851a1d" relativeResultsDirectory="18bf5e2c-14ba-45fe-8e42-36156fc732d5" />
    <UnitTestResult executionId="3d325077-0bbe-4c92-8323-580c10013945" testId="4ee5f350-b89d-edd8-c84d-cd5d40909f15" testName="Appostolic.Api.Tests.SmtpEmailSenderTests.Sends_with_both_text_and_html" computerName="mac" duration="00:00:00.0023022" startTime="2025-09-19T16:26:37.4651150-05:00" endTime="2025-09-19T16:26:37.4651150-05:00" testType="13cdc9d9-ddb5-4fa4-a97d-d965ccfc6d4b" outcome="Passed" testListId="8c84fa94-04c1-424b-9868-57a2d4851a1d" relativeResultsDirectory="3d325077-0bbe-4c92-8323-580c10013945" />
    <UnitTestResult executionId="2fe12af8-27b2-45b2-8d2d-5ed9ac13a9e7" testId="6e2b7510-d3ae-c174-2b57-710f63c82ad0" testName="TemplateRendererTests.Verification_template_renders_link_and_subject" computerName="mac" duration="00:00:00.0008162" startTime="2025-09-19T16:26:36.8071120-05:00" endTime="2025-09-19T16:26:36.8071120-05:00" testType="13cdc9d9-ddb5-4fa4-a97d-d965ccfc6d4b" outcome="Passed" testListId="8c84fa94-04c1-424b-9868-57a2d4851a1d" relativeResultsDirectory="2fe12af8-27b2-45b2-8d2d-5ed9ac13a9e7" />
    <UnitTestResult executionId="ff206a58-fa67-400b-af2e-c1c1b46f6824" testId="214b8407-591b-5f7a-aa16-7961a8df13e5" testName="Appostolic.Api.Tests.Api.MembersListTests.Unauthenticated_request_returns_401_or_403" computerName="mac" duration="00:00:00.0037063" startTime="2025-09-19T16:26:26.3644570-05:00" endTime="2025-09-19T16:26:26.3644570-05:00" testType="13cdc9d9-ddb5-4fa4-a97d-d965ccfc6d4b" outcome="Passed" testListId="8c84fa94-04c1-424b-9868-57a2d4851a1d" relativeResultsDirectory="ff206a58-fa67-400b-af2e-c1c1b46f6824" />
    <UnitTestResult executionId="a442da3a-6471-468b-9c16-8d10d2a91cb7" testId="1cde006b-fa5b-9bb3-7b8a-0a89c0448d58" testName="Appostolic.Api.Tests.Api.DevGrantRolesEndpointTests.Updates_existing_membership_roles_writes_audit" computerName="mac" duration="00:00:00.0107146" startTime="2025-09-19T16:26:35.9668910-05:00" endTime="2025-09-19T16:26:35.9668910-05:00" testType="13cdc9d9-ddb5-4fa4-a97d-d965ccfc6d4b" outcome="Passed" testListId="8c84fa94-04c1-424b-9868-57a2d4851a1d" relativeResultsDirectory="a442da3a-6471-468b-9c16-8d10d2a91cb7" />
    <UnitTestResult executionId="14e7030b-6cd1-48f6-8755-0c180a9f53da" testId="1aa96e1c-162f-87b8-360d-29c19b3b2c73" testName="DbQueryToolTests.Unknown_table_fails" computerName="mac" duration="00:00:00.0085506" startTime="2025-09-19T16:26:38.1814470-05:00" endTime="2025-09-19T16:26:38.1814480-05:00" testType="13cdc9d9-ddb5-4fa4-a97d-d965ccfc6d4b" outcome="Passed" testListId="8c84fa94-04c1-424b-9868-57a2d4851a1d" relativeResultsDirectory="14e7030b-6cd1-48f6-8755-0c180a9f53da" />
    <UnitTestResult executionId="566457f2-b11e-4f9e-954a-0c41d004251f" testId="f0e4d307-078d-a4e0-f168-b961578cd197" testName="Appostolic.Api.Tests.Security.RoleAuthorizationTests.CreatorPolicy_Denies_WhenNoMembership" computerName="mac" duration="00:00:00.0011896" startTime="2025-09-19T16:26:39.4562440-05:00" endTime="2025-09-19T16:26:39.4562440-05:00" testType="13cdc9d9-ddb5-4fa4-a97d-d965ccfc6d4b" outcome="Passed" testListId="8c84fa94-04c1-424b-9868-57a2d4851a1d" relativeResultsDirectory="566457f2-b11e-4f9e-954a-0c41d004251f" />
    <UnitTestResult executionId="946d4efd-4b01-42ef-9a7e-c18bf7b482e3" testId="71d5d180-2d36-ecb9-e4eb-71ca09e46ec4" testName="Appostolic.Api.Tests.AgentConstraintTests.Agent_Temperature_out_of_range_throws_in_domain_constructor" computerName="mac" duration="00:00:00.0027903" startTime="2025-09-19T16:26:36.6249800-05:00" endTime="2025-09-19T16:26:36.6249800-05:00" testType="13cdc9d9-ddb5-4fa4-a97d-d965ccfc6d4b" outcome="Passed" testListId="8c84fa94-04c1-424b-9868-57a2d4851a1d" relativeResultsDirectory="946d4efd-4b01-42ef-9a7e-c18bf7b482e3" />
    <UnitTestResult executionId="bb44f8cc-fc6d-4797-86c9-95d5a4545b70" testId="d3e47fb0-198c-5eff-c3a7-e584b9e9130b" testName="Appostolic.Api.Tests.Api.AuditsListingEndpointTests.Returns_400_on_invalid_guid_filters" computerName="mac" duration="00:00:00.0234683" startTime="2025-09-19T16:26:30.0878170-05:00" endTime="2025-09-19T16:26:30.0878170-05:00" testType="13cdc9d9-ddb5-4fa4-a97d-d965ccfc6d4b" outcome="Passed" testListId="8c84fa94-04c1-424b-9868-57a2d4851a1d" relativeResultsDirectory="bb44f8cc-fc6d-4797-86c9-95d5a4545b70" />
    <UnitTestResult executionId="4aeebb12-e250-4c10-8444-f420cef9461d" testId="0d699ea2-79e9-9f01-d2d5-fca82a358bb0" testName="Appostolic.Api.Tests.Api.NotificationsAdminEndpointsTests.List_and_retry_notifications_work" computerName="mac" duration="00:00:00.1983914" startTime="2025-09-19T16:26:28.8144370-05:00" endTime="2025-09-19T16:26:28.8144370-05:00" testType="13cdc9d9-ddb5-4fa4-a97d-d965ccfc6d4b" outcome="Passed" testListId="8c84fa94-04c1-424b-9868-57a2d4851a1d" relativeResultsDirectory="4aeebb12-e250-4c10-8444-f420cef9461d" />
    <UnitTestResult executionId="f4618c74-da99-4778-8639-46ba2fd9b2b1" testId="90c7a127-2be9-b6e7-ec52-19cb51de49c0" testName="Appostolic.Api.Tests.Notifications.AutoResendScannerTests.Creates_resend_for_old_sent_without_children" computerName="mac" duration="00:00:00.0269814" startTime="2025-09-19T16:26:25.0703470-05:00" endTime="2025-09-19T16:26:25.0703470-05:00" testType="13cdc9d9-ddb5-4fa4-a97d-d965ccfc6d4b" outcome="Passed" testListId="8c84fa94-04c1-424b-9868-57a2d4851a1d" relativeResultsDirectory="f4618c74-da99-4778-8639-46ba2fd9b2b1" />
    <UnitTestResult executionId="dd0bb0f4-c2bd-4622-b041-aafd7c168303" testId="897896ab-cee9-9ca5-ec01-253d0f0d6b3c" testName="Appostolic.Api.Tests.Api.DevGrantRolesEndpointTests.Grants_roles_to_new_user_and_membership" computerName="mac" duration="00:00:00.1745568" startTime="2025-09-19T16:26:35.9479690-05:00" endTime="2025-09-19T16:26:35.9479690-05:00" testType="13cdc9d9-ddb5-4fa4-a97d-d965ccfc6d4b" outcome="Passed" testListId="8c84fa94-04c1-424b-9868-57a2d4851a1d" relativeResultsDirectory="dd0bb0f4-c2bd-4622-b041-aafd7c168303" />
    <UnitTestResult executionId="2cc576da-ffdc-46f1-9bfe-1ef0061cab5b" testId="ad4c69db-d5c6-f4c3-9052-619bff8dd14e" testName="Appostolic.Api.Tests.Privacy.PIIRedactorTests.RedactPhone_Works(input: &quot;1234&quot;, expected: &quot;***1234&quot;)" computerName="mac" duration="00:00:00.0001176" startTime="2025-09-19T16:26:22.8808260-05:00" endTime="2025-09-19T16:26:22.8808260-05:00" testType="13cdc9d9-ddb5-4fa4-a97d-d965ccfc6d4b" outcome="Passed" testListId="8c84fa94-04c1-424b-9868-57a2d4851a1d" relativeResultsDirectory="2cc576da-ffdc-46f1-9bfe-1ef0061cab5b" />
    <UnitTestResult executionId="6a6c2f5d-ebd9-43a7-938a-341122a1fdec" testId="bde04400-fb2a-d1b4-e9d5-727f1b9bbed1" testName="Appostolic.Api.Tests.EmailDispatcherTests.Dispatcher_redacts_email_in_log_scope" computerName="mac" duration="00:00:00.0014254" startTime="2025-09-19T16:26:39.7876930-05:00" endTime="2025-09-19T16:26:39.7876930-05:00" testType="13cdc9d9-ddb5-4fa4-a97d-d965ccfc6d4b" outcome="Passed" testListId="8c84fa94-04c1-424b-9868-57a2d4851a1d" relativeResultsDirectory="6a6c2f5d-ebd9-43a7-938a-341122a1fdec" />
    <UnitTestResult executionId="7230cd7f-d696-47ad-8bb5-09c708c6284a" testId="8854a7b9-94ef-f7db-fb3b-47e96aa6663a" testName="Appostolic.Api.Tests.Security.RoleAuthorizationTests.RoleChange_Updates_RolesBitmask_FromLegacyRole" computerName="mac" duration="00:00:00.1647917" startTime="2025-09-19T16:26:39.4550230-05:00" endTime="2025-09-19T16:26:39.4550230-05:00" testType="13cdc9d9-ddb5-4fa4-a97d-d965ccfc6d4b" outcome="Passed" testListId="8c84fa94-04c1-424b-9868-57a2d4851a1d" relativeResultsDirectory="7230cd7f-d696-47ad-8bb5-09c708c6284a" />
    <UnitTestResult executionId="64f56408-44f0-45e3-a0a2-73e0833f2541" testId="1cfc69b2-92d0-7e18-c868-129765966147" testName="Appostolic.Api.Tests.Auth.SignupTests.Signup_SelfServe_CreatesUserAndPersonalTenant" computerName="mac" duration="00:00:00.2581573" startTime="2025-09-19T16:26:39.1682790-05:00" endTime="2025-09-19T16:26:39.1682790-05:00" testType="13cdc9d9-ddb5-4fa4-a97d-d965ccfc6d4b" outcome="Passed" testListId="8c84fa94-04c1-424b-9868-57a2d4851a1d" relativeResultsDirectory="64f56408-44f0-45e3-a0a2-73e0833f2541" />
    <UnitTestResult executionId="48a7e5b3-87c5-4677-a8d8-2af38f62d121" testId="e0490bb8-aa59-1f9f-bf54-68d5345c1ea9" testName="Appostolic.Api.Tests.Api._GenerateValid1x1PngBase64Tests.Print_Base64_For_Valid_1x1_Png" computerName="mac" duration="00:00:00.0006617" startTime="2025-09-19T16:26:38.1727940-05:00" endTime="2025-09-19T16:26:38.1727940-05:00" testType="13cdc9d9-ddb5-4fa4-a97d-d965ccfc6d4b" outcome="Passed" testListId="8c84fa94-04c1-424b-9868-57a2d4851a1d" relativeResultsDirectory="48a7e5b3-87c5-4677-a8d8-2af38f62d121" />
    <UnitTestResult executionId="555a26d2-69e3-4f7f-8333-5711c6844193" testId="f6f9c7c7-2034-4809-9600-0c0282164e3f" testName="Appostolic.Api.Tests.Api.UserPasswordEndpointsTests.Change_password_rejects_invalid_current" computerName="mac" duration="00:00:00.4369940" startTime="2025-09-19T16:26:33.2512400-05:00" endTime="2025-09-19T16:26:33.2512400-05:00" testType="13cdc9d9-ddb5-4fa4-a97d-d965ccfc6d4b" outcome="Passed" testListId="8c84fa94-04c1-424b-9868-57a2d4851a1d" relativeResultsDirectory="555a26d2-69e3-4f7f-8333-5711c6844193" />
    <UnitTestResult executionId="d48d4a53-a1d3-4f8b-902a-ff1488f671d4" testId="6ac2577f-abec-ce9e-a92b-34035bd744e0" testName="FsWriteToolTests.Rejects_when_content_exceeds_max" computerName="mac" duration="00:00:00.0003734" startTime="2025-09-19T16:26:25.0432420-05:00" endTime="2025-09-19T16:26:25.0432420-05:00" testType="13cdc9d9-ddb5-4fa4-a97d-d965ccfc6d4b" outcome="Passed" testListId="8c84fa94-04c1-424b-9868-57a2d4851a1d" relativeResultsDirectory="d48d4a53-a1d3-4f8b-902a-ff1488f671d4" />
    <UnitTestResult executionId="d142e430-4ec2-42f2-b683-6618092f30f1" testId="90d1f61e-9ba1-ff1a-f0a6-e17acbda2dee" testName="Appostolic.Api.Tests.Security.RoleAuthorizationTests.CreatorPolicy_Allows_WhenMembershipHasCreator" computerName="mac" duration="00:00:00.0007004" startTime="2025-09-19T16:26:39.4569640-05:00" endTime="2025-09-19T16:26:39.4569640-05:00" testType="13cdc9d9-ddb5-4fa4-a97d-d965ccfc6d4b" outcome="Passed" testListId="8c84fa94-04c1-424b-9868-57a2d4851a1d" relativeResultsDirectory="d142e430-4ec2-42f2-b683-6618092f30f1" />
    <UnitTestResult executionId="df6d6377-b677-43f2-a24f-1f306d0883b3" testId="c0347afe-0c6b-b0a7-12e1-3aa76a4722fc" testName="Appostolic.Api.Tests.Api.AgentTasksEndpointsTests.GetDetails_WithTracesInitiallyEmpty" computerName="mac" duration="00:00:00.0065018" startTime="2025-09-19T16:26:32.2572640-05:00" endTime="2025-09-19T16:26:32.2572640-05:00" testType="13cdc9d9-ddb5-4fa4-a97d-d965ccfc6d4b" outcome="Passed" testListId="8c84fa94-04c1-424b-9868-57a2d4851a1d" relativeResultsDirectory="df6d6377-b677-43f2-a24f-1f306d0883b3" />
    <UnitTestResult executionId="bd951c19-24eb-4afb-9820-a41d0515f4fb" testId="7c805908-7267-f4aa-63a0-03f3e0715abc" testName="Appostolic.Api.Tests.Api.AssignmentsApiTests.Cannot_remove_last_admin_via_flags_returns_409" computerName="mac" duration="00:00:00.1475966" startTime="2025-09-19T16:26:39.9368030-05:00" endTime="2025-09-19T16:26:39.9368030-05:00" testType="13cdc9d9-ddb5-4fa4-a97d-d965ccfc6d4b" outcome="Passed" testListId="8c84fa94-04c1-424b-9868-57a2d4851a1d" relativeResultsDirectory="bd951c19-24eb-4afb-9820-a41d0515f4fb" />
    <UnitTestResult executionId="373c9fa0-06a9-45f5-b8e8-332f1e9b3efd" testId="eeaccddf-52e1-1db7-6606-fc19c2721862" testName="Appostolic.Api.Tests.Api.AuthPasswordFlowsTests.ResetPassword_WithValidToken_UpdatesHashAndConsumesToken" computerName="mac" duration="00:00:00.1387421" startTime="2025-09-19T16:26:30.8094360-05:00" endTime="2025-09-19T16:26:30.8094360-05:00" testType="13cdc9d9-ddb5-4fa4-a97d-d965ccfc6d4b" outcome="Passed" testListId="8c84fa94-04c1-424b-9868-57a2d4851a1d" relativeResultsDirectory="373c9fa0-06a9-45f5-b8e8-332f1e9b3efd" />
    <UnitTestResult executionId="4e6202c6-442b-47ea-b407-acfe575c24aa" testId="471ada29-d1b9-b714-f87d-61c9b416c255" testName="Appostolic.Api.Tests.Privacy.PIIRedactorTests.RedactPhone_Works(input: &quot;+1 (555) 123-4567&quot;, expected: &quot;***4567&quot;)" computerName="mac" duration="00:00:00.0000035" startTime="2025-09-19T16:26:22.8808420-05:00" endTime="2025-09-19T16:26:22.8808420-05:00" testType="13cdc9d9-ddb5-4fa4-a97d-d965ccfc6d4b" outcome="Passed" testListId="8c84fa94-04c1-424b-9868-57a2d4851a1d" relativeResultsDirectory="4e6202c6-442b-47ea-b407-acfe575c24aa" />
    <UnitTestResult executionId="3e56ab80-3fd4-4dea-a65a-19d5e5f4585e" testId="80cb1a83-dede-f3ba-117a-352364082463" testName="Appostolic.Api.Tests.Api.MembersManagementTests.Owner_can_promote_editor_to_admin" computerName="mac" duration="00:00:00.0110923" startTime="2025-09-19T16:26:37.1272990-05:00" endTime="2025-09-19T16:26:37.1272990-05:00" testType="13cdc9d9-ddb5-4fa4-a97d-d965ccfc6d4b" outcome="Passed" testListId="8c84fa94-04c1-424b-9868-57a2d4851a1d" relativeResultsDirectory="3e56ab80-3fd4-4dea-a65a-19d5e5f4585e" />
    <UnitTestResult executionId="8a099c9f-8371-4d03-a9cd-5fd873220546" testId="eba2e046-3c6c-f48b-f85f-b23828d8319b" testName="Appostolic.Api.Tests.AgentOrchestratorTests.ToolNotAllowed_FailsAndTracesFailure" computerName="mac" duration="00:00:00.0288947" startTime="2025-09-19T16:26:27.0508340-05:00" endTime="2025-09-19T16:26:27.0508340-05:00" testType="13cdc9d9-ddb5-4fa4-a97d-d965ccfc6d4b" outcome="Passed" testListId="8c84fa94-04c1-424b-9868-57a2d4851a1d" relativeResultsDirectory="8a099c9f-8371-4d03-a9cd-5fd873220546" />
    <UnitTestResult executionId="69c754f2-51a3-46c9-8795-12a0e1929978" testId="22ad276e-c73f-4ebf-8729-b5903439e2d9" testName="WebSearchToolTests.Query_intro_returns_expected" computerName="mac" duration="00:00:00.0017294" startTime="2025-09-19T16:26:29.8107160-05:00" endTime="2025-09-19T16:26:29.8107160-05:00" testType="13cdc9d9-ddb5-4fa4-a97d-d965ccfc6d4b" outcome="Passed" testListId="8c84fa94-04c1-424b-9868-57a2d4851a1d" relativeResultsDirectory="69c754f2-51a3-46c9-8795-12a0e1929978" />
    <UnitTestResult executionId="33bcdcdf-c0d8-4864-918d-f9ef31814750" testId="545ffb6d-3098-01fc-1bfd-d18b0f6ea861" testName="Appostolic.Api.AuthTests.LoginRolesSerializationTests.Login_IncludesRolesBitmaskOnMembership" computerName="mac" duration="00:00:00.3988589" startTime="2025-09-19T16:26:28.1552450-05:00" endTime="2025-09-19T16:26:28.1552450-05:00" testType="13cdc9d9-ddb5-4fa4-a97d-d965ccfc6d4b" outcome="Passed" testListId="8c84fa94-04c1-424b-9868-57a2d4851a1d" relativeResultsDirectory="33bcdcdf-c0d8-4864-918d-f9ef31814750" />
    <UnitTestResult executionId="0d644e31-2e08-4da8-b179-f6ce7f225667" testId="6af85923-8d05-0c62-0cc5-a5120df2d8e5" testName="Appostolic.Api.Tests.Api.AgentTasksEndpointsTests.List_Pending_ReturnsCreatedFirst" computerName="mac" duration="00:00:00.0139823" startTime="2025-09-19T16:26:32.2713760-05:00" endTime="2025-09-19T16:26:32.2713760-05:00" testType="13cdc9d9-ddb5-4fa4-a97d-d965ccfc6d4b" outcome="Passed" testListId="8c84fa94-04c1-424b-9868-57a2d4851a1d" relativeResultsDirectory="0d644e31-2e08-4da8-b179-f6ce7f225667" />
    <UnitTestResult executionId="9ea46d78-1a91-46dd-9ec7-ffddb2492ead" testId="c3e1478d-2cae-8f80-3a89-04eb9dac0acb" testName="Appostolic.Api.Tests.Api.NotificationsWebhookTests.SendGridWebhook_forbidden_when_token_mismatch" computerName="mac" duration="00:00:00.1600677" startTime="2025-09-19T16:26:26.5250680-05:00" endTime="2025-09-19T16:26:26.5250680-05:00" testType="13cdc9d9-ddb5-4fa4-a97d-d965ccfc6d4b" outcome="Passed" testListId="8c84fa94-04c1-424b-9868-57a2d4851a1d" relativeResultsDirectory="9ea46d78-1a91-46dd-9ec7-ffddb2492ead" />
    <UnitTestResult executionId="611ebde3-eb58-457a-9999-0fe67a2b8815" testId="94524c04-7158-8472-e876-43b26f76e4f4" testName="Appostolic.Api.Tests.AgentTasks.AgentTasksListFilterPaginationTests.FreeText_Q_Search_On_Input_And_User" computerName="mac" duration="00:00:00.0159597" startTime="2025-09-19T16:26:32.6391860-05:00" endTime="2025-09-19T16:26:32.6391860-05:00" testType="13cdc9d9-ddb5-4fa4-a97d-d965ccfc6d4b" outcome="Passed" testListId="8c84fa94-04c1-424b-9868-57a2d4851a1d" relativeResultsDirectory="611ebde3-eb58-457a-9999-0fe67a2b8815" />
    <UnitTestResult executionId="e64f96db-ade2-4666-834d-5f467469d922" testId="efe354b5-5489-bbb2-88ee-c8f998cb6176" testName="Appostolic.Api.Tests.AgentTasks.AgentTasksListFilterPaginationTests.Agent_Filter_Returns_Only_Matching" computerName="mac" duration="00:00:00.0275528" startTime="2025-09-19T16:26:32.4957470-05:00" endTime="2025-09-19T16:26:32.4957470-05:00" testType="13cdc9d9-ddb5-4fa4-a97d-d965ccfc6d4b" outcome="Passed" testListId="8c84fa94-04c1-424b-9868-57a2d4851a1d" relativeResultsDirectory="e64f96db-ade2-4666-834d-5f467469d922" />
    <UnitTestResult executionId="3e1c8928-c969-4000-a872-b026a592e488" testId="80249d75-0754-365e-161d-4f69eb53fd73" testName="Appostolic.Api.Tests.Privacy.LoggingPIIScopeTests.EmailScope_OnlyRedacted_WhenHashingDisabled" computerName="mac" duration="00:00:00.0001290" startTime="2025-09-19T16:26:29.8365040-05:00" endTime="2025-09-19T16:26:29.8365040-05:00" testType="13cdc9d9-ddb5-4fa4-a97d-d965ccfc6d4b" outcome="Passed" testListId="8c84fa94-04c1-424b-9868-57a2d4851a1d" relativeResultsDirectory="3e1c8928-c969-4000-a872-b026a592e488" />
    <UnitTestResult executionId="3e9186de-8c93-4f8f-a4d5-316d83cfe21a" testId="eb812c29-73b3-e923-42de-8821a188e94a" testName="Appostolic.Api.Tests.Notifications.NotificationsPiiScrubTests.Scrubs_before_delete_windows_and_deletes_at_cutoff" computerName="mac" duration="00:00:00.0343507" startTime="2025-09-19T16:26:25.1091570-05:00" endTime="2025-09-19T16:26:25.1091570-05:00" testType="13cdc9d9-ddb5-4fa4-a97d-d965ccfc6d4b" outcome="Passed" testListId="8c84fa94-04c1-424b-9868-57a2d4851a1d" relativeResultsDirectory="3e9186de-8c93-4f8f-a4d5-316d83cfe21a" />
    <UnitTestResult executionId="7ba9c23c-9322-400e-b058-39540410f9af" testId="5385030b-1302-b289-00d9-288b4f75839d" testName="Appostolic.Api.Tests.Privacy.PIIRedactorTests.RedactEmail_Works(input: &quot;user@example.com&quot;, expected: &quot;u***@example.com&quot;)" computerName="mac" duration="00:00:00.0031619" startTime="2025-09-19T16:26:22.8791010-05:00" endTime="2025-09-19T16:26:22.8791110-05:00" testType="13cdc9d9-ddb5-4fa4-a97d-d965ccfc6d4b" outcome="Passed" testListId="8c84fa94-04c1-424b-9868-57a2d4851a1d" relativeResultsDirectory="7ba9c23c-9322-400e-b058-39540410f9af" />
    <UnitTestResult executionId="7f7ba670-ee9a-4d5f-8cbd-1bc17979a15d" testId="e0724a8e-d699-09ac-c090-59791deb23d9" testName="Appostolic.Api.Tests.Api.NotificationsAdminEndpointsTests.Resend_dev_endpoint_creates_and_throttles" computerName="mac" duration="00:00:00.2739683" startTime="2025-09-19T16:26:28.6158430-05:00" endTime="2025-09-19T16:26:28.6158430-05:00" testType="13cdc9d9-ddb5-4fa4-a97d-d965ccfc6d4b" outcome="Passed" testListId="8c84fa94-04c1-424b-9868-57a2d4851a1d" relativeResultsDirectory="7f7ba670-ee9a-4d5f-8cbd-1bc17979a15d" />
    <UnitTestResult executionId="fdb10a93-6651-4840-a812-82c5a755074c" testId="dfdd94d6-4157-31a9-a81a-18fee28467d5" testName="Appostolic.Api.Tests.AgentOrchestratorTests.HappyPath_ModelPlansToolThenFinal_SucceedsWithTwoTraces" computerName="mac" duration="00:00:00.0047437" startTime="2025-09-19T16:26:27.0574760-05:00" endTime="2025-09-19T16:26:27.0574760-05:00" testType="13cdc9d9-ddb5-4fa4-a97d-d965ccfc6d4b" outcome="Passed" testListId="8c84fa94-04c1-424b-9868-57a2d4851a1d" relativeResultsDirectory="fdb10a93-6651-4840-a812-82c5a755074c" />
    <UnitTestResult executionId="b00d26ca-d5f6-4336-9a11-5b876449f41a" testId="40e767b4-314a-d8ef-34b1-5c49d7ef55c4" testName="Appostolic.Api.Tests.Model.TokenEstimatorTests.EstimateTokens_Heuristic_CeilPer4Chars(text: &quot;&quot;, expected: 0)" computerName="mac" duration="00:00:00.0001576" startTime="2025-09-19T16:26:40.4395720-05:00" endTime="2025-09-19T16:26:40.4395720-05:00" testType="13cdc9d9-ddb5-4fa4-a97d-d965ccfc6d4b" outcome="Passed" testListId="8c84fa94-04c1-424b-9868-57a2d4851a1d" relativeResultsDirectory="b00d26ca-d5f6-4336-9a11-5b876449f41a" />
    <UnitTestResult executionId="a5c51eb6-d423-487b-b02e-c02141eeac50" testId="b9af0f84-0079-b683-0d77-346a6542b5b4" testName="Appostolic.Api.Tests.NotificationEnqueuerTests.QueueInvite_enqueues_correct_message" computerName="mac" duration="00:00:00.0029822" startTime="2025-09-19T16:26:29.8477740-05:00" endTime="2025-09-19T16:26:29.8477740-05:00" testType="13cdc9d9-ddb5-4fa4-a97d-d965ccfc6d4b" outcome="Passed" testListId="8c84fa94-04c1-424b-9868-57a2d4851a1d" relativeResultsDirectory="a5c51eb6-d423-487b-b02e-c02141eeac50" />
    <UnitTestResult executionId="5cb29021-e589-415a-b207-a026fe01e135" testId="ed8d7d20-a6f1-0500-d78a-14c17a721b87" testName="Appostolic.Api.Tests.AgentOrchestratorTests.MaxStepsExceeded_FailsAfterCap" computerName="mac" duration="00:00:00.0018239" startTime="2025-09-19T16:26:27.0526890-05:00" endTime="2025-09-19T16:26:27.0526890-05:00" testType="13cdc9d9-ddb5-4fa4-a97d-d965ccfc6d4b" outcome="Passed" testListId="8c84fa94-04c1-424b-9868-57a2d4851a1d" relativeResultsDirectory="5cb29021-e589-415a-b207-a026fe01e135" />
    <UnitTestResult executionId="470c60d7-ca95-45d2-8e2e-5329d7a035e8" testId="f53587d7-cc90-0182-8a77-44034bb01e5e" testName="Appostolic.Api.Tests.ModelMappingTests.Agent_indexes_are_configured_in_model" computerName="mac" duration="00:00:00.0002718" startTime="2025-09-19T16:26:38.9098450-05:00" endTime="2025-09-19T16:26:38.9098450-05:00" testType="13cdc9d9-ddb5-4fa4-a97d-d965ccfc6d4b" outcome="Passed" testListId="8c84fa94-04c1-424b-9868-57a2d4851a1d" relativeResultsDirectory="470c60d7-ca95-45d2-8e2e-5329d7a035e8" />
    <UnitTestResult executionId="c8474a05-7741-419b-b33e-80ffdd24de15" testId="6b0df781-2303-2b77-2cc6-dbbd4c3e9e73" testName="Appostolic.Api.Tests.Api.AuditTrailTests.Set_roles_writes_audit_row_with_old_and_new_roles" computerName="mac" duration="00:00:00.1778388" startTime="2025-09-19T16:26:36.8057850-05:00" endTime="2025-09-19T16:26:36.8057850-05:00" testType="13cdc9d9-ddb5-4fa4-a97d-d965ccfc6d4b" outcome="Passed" testListId="8c84fa94-04c1-424b-9868-57a2d4851a1d" relativeResultsDirectory="c8474a05-7741-419b-b33e-80ffdd24de15" />
    <UnitTestResult executionId="e007ba06-1b89-4957-a480-56a947dafac7" testId="c608eb38-09c4-17b8-a16b-ae9b91798432" testName="Appostolic.Api.Tests.Api.NotificationsWebhookTests.SendGridWebhook_updates_provider_status_when_token_matches" computerName="mac" duration="00:00:00.0198656" startTime="2025-09-19T16:26:26.5451000-05:00" endTime="2025-09-19T16:26:26.5451000-05:00" testType="13cdc9d9-ddb5-4fa4-a97d-d965ccfc6d4b" outcome="Passed" testListId="8c84fa94-04c1-424b-9868-57a2d4851a1d" relativeResultsDirectory="e007ba06-1b89-4957-a480-56a947dafac7" />
    <UnitTestResult executionId="89619bb9-4cb7-4753-9eea-a0d6ff1621ea" testId="a00d92b0-35aa-1e7c-b5ff-79738a042c12" testName="Appostolic.Api.Tests.SendGridEmailSenderTests.Throws_on_400" computerName="mac" duration="00:00:00.0034754" startTime="2025-09-19T16:26:38.0650370-05:00" endTime="2025-09-19T16:26:38.0650370-05:00" testType="13cdc9d9-ddb5-4fa4-a97d-d965ccfc6d4b" outcome="Passed" testListId="8c84fa94-04c1-424b-9868-57a2d4851a1d" relativeResultsDirectory="89619bb9-4cb7-4753-9eea-a0d6ff1621ea" />
    <UnitTestResult executionId="3939d021-203f-475a-b482-02ad392726bf" testId="544ee02e-a795-79f3-8c38-56202dce3170" testName="Appostolic.Api.Tests.Api.MembersManagementTests.Remove_non_owner_member" computerName="mac" duration="00:00:00.0047237" startTime="2025-09-19T16:26:37.1327550-05:00" endTime="2025-09-19T16:26:37.1327550-05:00" testType="13cdc9d9-ddb5-4fa4-a97d-d965ccfc6d4b" outcome="Passed" testListId="8c84fa94-04c1-424b-9868-57a2d4851a1d" relativeResultsDirectory="3939d021-203f-475a-b482-02ad392726bf" />
    <UnitTestResult executionId="9087d845-c08a-43f9-8073-471ba7156505" testId="e507a4d5-4aa9-7d32-05a9-ecfa3f03323d" testName="Appostolic.Api.Tests.Security.AgentTasksAuthContractTests.ListEndpoint_RequiresDevHeaders" computerName="mac" duration="00:00:00.3927186" startTime="2025-09-19T16:26:38.7279980-05:00" endTime="2025-09-19T16:26:38.7279980-05:00" testType="13cdc9d9-ddb5-4fa4-a97d-d965ccfc6d4b" outcome="Passed" testListId="8c84fa94-04c1-424b-9868-57a2d4851a1d" relativeResultsDirectory="9087d845-c08a-43f9-8073-471ba7156505" />
    <UnitTestResult executionId="63f67d25-dbea-40f7-a818-58e60f3702bc" testId="9e2bc8ee-63e7-247f-c2c7-e16759561a39" testName="Appostolic.Api.Tests.Api.TenantSettingsEndpointsTests.Upload_Logo_Rejects_Unsupported_Media_Type" computerName="mac" duration="00:00:00.0013167" startTime="2025-09-19T16:26:37.7165430-05:00" endTime="2025-09-19T16:26:37.7165430-05:00" testType="13cdc9d9-ddb5-4fa4-a97d-d965ccfc6d4b" outcome="Passed" testListId="8c84fa94-04c1-424b-9868-57a2d4851a1d" relativeResultsDirectory="63f67d25-dbea-40f7-a818-58e60f3702bc" />
    <UnitTestResult executionId="83d5247a-2ea7-417c-bd68-142caba8edfb" testId="02f4c01b-4d57-cea6-940b-91f660d6b3a5" testName="Appostolic.Api.Tests.SendGridEmailSenderTests.Sends_on_202_Accepted" computerName="mac" duration="00:00:00.0002859" startTime="2025-09-19T16:26:38.0653470-05:00" endTime="2025-09-19T16:26:38.0653470-05:00" testType="13cdc9d9-ddb5-4fa4-a97d-d965ccfc6d4b" outcome="Passed" testListId="8c84fa94-04c1-424b-9868-57a2d4851a1d" relativeResultsDirectory="83d5247a-2ea7-417c-bd68-142caba8edfb" />
    <UnitTestResult executionId="044a86e1-937c-43c6-a445-baa6d1c98a7c" testId="e7a0570b-32c5-3b4e-7767-9ca541c22b6e" testName="Appostolic.Api.Tests.Privacy.LoggingPIIScopeTests.PhoneScope_OnlyRedacted_WhenDisabled" computerName="mac" duration="00:00:00.0014659" startTime="2025-09-19T16:26:29.8358100-05:00" endTime="2025-09-19T16:26:29.8358100-05:00" testType="13cdc9d9-ddb5-4fa4-a97d-d965ccfc6d4b" outcome="Passed" testListId="8c84fa94-04c1-424b-9868-57a2d4851a1d" relativeResultsDirectory="044a86e1-937c-43c6-a445-baa6d1c98a7c" />
    <UnitTestResult executionId="2efe3861-1fcb-498a-b2d7-86f39682e4d5" testId="0210a45e-88de-5f73-c8f5-588d89c200fa" testName="Appostolic.Api.Tests.Api.UserPasswordEndpointsTests.Change_password_rejects_weak_password" computerName="mac" duration="00:00:00.1200045" startTime="2025-09-19T16:26:33.3713820-05:00" endTime="2025-09-19T16:26:33.3713820-05:00" testType="13cdc9d9-ddb5-4fa4-a97d-d965ccfc6d4b" outcome="Passed" testListId="8c84fa94-04c1-424b-9868-57a2d4851a1d" relativeResultsDirectory="2efe3861-1fcb-498a-b2d7-86f39682e4d5" />
    <UnitTestResult executionId="5011e390-8392-4a66-8919-b914f9e5e1b3" testId="2e294ae5-fc9b-2692-1d65-f4ebb89ab5ef" testName="Appostolic.Api.Tests.Api.NotificationsAdminEndpointsTests.Dlq_replay_requeues_and_publishes_ids" computerName="mac" duration="00:00:00.1857061" startTime="2025-09-19T16:26:28.3416670-05:00" endTime="2025-09-19T16:26:28.3416670-05:00" testType="13cdc9d9-ddb5-4fa4-a97d-d965ccfc6d4b" outcome="Passed" testListId="8c84fa94-04c1-424b-9868-57a2d4851a1d" relativeResultsDirectory="5011e390-8392-4a66-8919-b914f9e5e1b3" />
    <UnitTestResult executionId="ea4af4ca-9fef-4936-a788-f4be1720a40d" testId="39114ef2-4a94-0d20-df91-881c10164c3c" testName="Appostolic.Api.Tests.Model.TokenEstimatorTests.EstimateTokens_Heuristic_CeilPer4Chars(text: &quot;abcd&quot;, expected: 1)" computerName="mac" duration="00:00:00.0000010" startTime="2025-09-19T16:26:40.4396980-05:00" endTime="2025-09-19T16:26:40.4396980-05:00" testType="13cdc9d9-ddb5-4fa4-a97d-d965ccfc6d4b" outcome="Passed" testListId="8c84fa94-04c1-424b-9868-57a2d4851a1d" relativeResultsDirectory="ea4af4ca-9fef-4936-a788-f4be1720a40d" />
    <UnitTestResult executionId="35dcd267-2918-4400-887d-5eb20be55b92" testId="0f0c7731-d28a-bcbe-054f-641f024437ac" testName="Appostolic.Api.Tests.ModelMappingTests.AgentTask_Status_is_converted_as_string" computerName="mac" duration="00:00:00.0020020" startTime="2025-09-19T16:26:38.8673670-05:00" endTime="2025-09-19T16:26:38.8673680-05:00" testType="13cdc9d9-ddb5-4fa4-a97d-d965ccfc6d4b" outcome="Passed" testListId="8c84fa94-04c1-424b-9868-57a2d4851a1d" relativeResultsDirectory="35dcd267-2918-4400-887d-5eb20be55b92" />
    <UnitTestResult executionId="ab96f8a5-4840-488e-b3b4-a4e7c09dbd5e" testId="f3139bd5-165e-b0d0-2da0-a0210810049e" testName="Appostolic.Api.Tests.Api.AuthPasswordFlowsTests.ResetPassword_WithInvalidToken_ReturnsBadRequest" computerName="mac" duration="00:00:00.1816348" startTime="2025-09-19T16:26:30.2701280-05:00" endTime="2025-09-19T16:26:30.2701280-05:00" testType="13cdc9d9-ddb5-4fa4-a97d-d965ccfc6d4b" outcome="Passed" testListId="8c84fa94-04c1-424b-9868-57a2d4851a1d" relativeResultsDirectory="ab96f8a5-4840-488e-b3b4-a4e7c09dbd5e" />
    <UnitTestResult executionId="eaad7415-a085-41b3-92a8-16d70423b85b" testId="d5afdedc-771c-29a3-fa0a-9ebd023dd2c6" testName="Appostolic.Api.Tests.Api.InvitesEndpointsTests.Invites_Full_Lifecycle_Create_Resend_Accept_Revoke" computerName="mac" duration="00:00:00.1894087" startTime="2025-09-19T16:26:27.7562930-05:00" endTime="2025-09-19T16:26:27.7562930-05:00" testType="13cdc9d9-ddb5-4fa4-a97d-d965ccfc6d4b" outcome="Failed" testListId="8c84fa94-04c1-424b-9868-57a2d4851a1d" relativeResultsDirectory="eaad7415-a085-41b3-92a8-16d70423b85b">
      <Output>
        <ErrorInfo>
          <Message>Expected createResp.StatusCode to be HttpStatusCode.Created {value: 201}, but found HttpStatusCode.BadRequest {value: 400}.</Message>
          <StackTrace>   at FluentAssertions.Execution.XUnit2TestFramework.Throw(String message)
   at FluentAssertions.Execution.TestFrameworkProvider.Throw(String message)
   at FluentAssertions.Execution.DefaultAssertionStrategy.HandleFailure(String message)
   at FluentAssertions.Execution.AssertionScope.FailWith(Func`1 failReasonFunc)
   at FluentAssertions.Execution.AssertionScope.FailWith(Func`1 failReasonFunc)
   at FluentAssertions.Execution.AssertionScope.FailWith(String message, Object[] args)
   at FluentAssertions.Primitives.EnumAssertions`2.Be(TEnum expected, String because, Object[] becauseArgs)
   at Appostolic.Api.Tests.Api.InvitesEndpointsTests.Invites_Full_Lifecycle_Create_Resend_Accept_Revoke() in /Users/kevinmccreary/appostolic/apps/api.tests/Api/InvitesEndpointsTests.cs:line 50
--- End of stack trace from previous location ---</StackTrace>
        </ErrorInfo>
      </Output>
    </UnitTestResult>
    <UnitTestResult executionId="a7107ff3-6a5b-4529-a227-9c3e41640ffd" testId="019214c2-5ff4-3fed-608d-44f050052b40" testName="Appostolic.Api.Tests.Api.AssignmentsApiTests.List_memberships_requires_admin_and_returns_roles" computerName="mac" duration="00:00:00.0093240" startTime="2025-09-19T16:26:39.9554210-05:00" endTime="2025-09-19T16:26:39.9554210-05:00" testType="13cdc9d9-ddb5-4fa4-a97d-d965ccfc6d4b" outcome="Passed" testListId="8c84fa94-04c1-424b-9868-57a2d4851a1d" relativeResultsDirectory="a7107ff3-6a5b-4529-a227-9c3e41640ffd" />
    <UnitTestResult executionId="3767068a-bce5-4404-9d46-f3d95f897697" testId="c17747a3-eb4e-63bf-0bc9-279a4928ed40" testName="Appostolic.Api.Tests.EmailDispatcherTests.Enqueue_sends_via_sender" computerName="mac" duration="00:00:00.0010838" startTime="2025-09-19T16:26:39.7889270-05:00" endTime="2025-09-19T16:26:39.7889270-05:00" testType="13cdc9d9-ddb5-4fa4-a97d-d965ccfc6d4b" outcome="Passed" testListId="8c84fa94-04c1-424b-9868-57a2d4851a1d" relativeResultsDirectory="3767068a-bce5-4404-9d46-f3d95f897697" />
    <UnitTestResult executionId="fcccc9d4-138f-4ffa-bc0a-c10f2ea1a052" testId="f0724dde-c441-a83f-2f8e-78db9d6adb66" testName="Appostolic.Api.Tests.AgentTasks.AgentTasksListFilterPaginationTests.Status_Filter_Is_CaseInsensitive" computerName="mac" duration="00:00:00.0061139" startTime="2025-09-19T16:26:32.4680340-05:00" endTime="2025-09-19T16:26:32.4680340-05:00" testType="13cdc9d9-ddb5-4fa4-a97d-d965ccfc6d4b" outcome="Passed" testListId="8c84fa94-04c1-424b-9868-57a2d4851a1d" relativeResultsDirectory="fcccc9d4-138f-4ffa-bc0a-c10f2ea1a052" />
    <UnitTestResult executionId="787219de-f8bb-450e-b742-8f95d22da611" testId="7b4d03a5-c5c2-9d47-3b72-108b3108a4ac" testName="Appostolic.Api.Tests.Api.UserAvatarEndpointsTests.UploadAvatar_Downscales_LargeImage_To512Webp" computerName="mac" duration="00:00:00.1326778" startTime="2025-09-19T16:26:35.7688600-05:00" endTime="2025-09-19T16:26:35.7688600-05:00" testType="13cdc9d9-ddb5-4fa4-a97d-d965ccfc6d4b" outcome="Passed" testListId="8c84fa94-04c1-424b-9868-57a2d4851a1d" relativeResultsDirectory="787219de-f8bb-450e-b742-8f95d22da611" />
    <UnitTestResult executionId="fd8306a6-bd34-41f4-9e07-909b727ef301" testId="8c322062-c901-cc6c-6cc7-399543893d6b" testName="Appostolic.Api.Tests.Privacy.PIIHasherTests.HashEmail_Differs_WithDifferentPepper" computerName="mac" duration="00:00:00.0000821" startTime="2025-09-19T16:26:27.5658030-05:00" endTime="2025-09-19T16:26:27.5658030-05:00" testType="13cdc9d9-ddb5-4fa4-a97d-d965ccfc6d4b" outcome="Passed" testListId="8c84fa94-04c1-424b-9868-57a2d4851a1d" relativeResultsDirectory="fd8306a6-bd34-41f4-9e07-909b727ef301" />
    <UnitTestResult executionId="755d16a6-4028-4586-81c9-5abb15ba4dce" testId="e74b4a4d-4fe0-004f-1c01-e9508924afd9" testName="Appostolic.Api.Tests.Api.AgentsEndpointsTests.Agents_Validation_Errors" computerName="mac" duration="00:00:00.1715903" startTime="2025-09-19T16:26:25.8090420-05:00" endTime="2025-09-19T16:26:25.8090420-05:00" testType="13cdc9d9-ddb5-4fa4-a97d-d965ccfc6d4b" outcome="Passed" testListId="8c84fa94-04c1-424b-9868-57a2d4851a1d" relativeResultsDirectory="755d16a6-4028-4586-81c9-5abb15ba4dce" />
    <UnitTestResult executionId="60739173-b824-4a94-90e9-fafe895e99e3" testId="33c114dd-901b-348b-cb07-4ff32816218d" testName="Appostolic.Api.Tests.AgentConstraintTests.Agent_MaxSteps_out_of_range_throws_in_domain_constructor" computerName="mac" duration="00:00:00.0006604" startTime="2025-09-19T16:26:36.6256760-05:00" endTime="2025-09-19T16:26:36.6256760-05:00" testType="13cdc9d9-ddb5-4fa4-a97d-d965ccfc6d4b" outcome="Passed" testListId="8c84fa94-04c1-424b-9868-57a2d4851a1d" relativeResultsDirectory="60739173-b824-4a94-90e9-fafe895e99e3" />
    <UnitTestResult executionId="fdb8c936-4306-4202-be54-1b77762c59fb" testId="b0d19a9b-4021-9eed-3094-0cb81617cae0" testName="Appostolic.Api.Tests.Api.TenantSettingsEndpointsTests.Get_Settings_Returns_Empty_Object_When_Null" computerName="mac" duration="00:00:00.0014950" startTime="2025-09-19T16:26:37.7181440-05:00" endTime="2025-09-19T16:26:37.7181450-05:00" testType="13cdc9d9-ddb5-4fa4-a97d-d965ccfc6d4b" outcome="Passed" testListId="8c84fa94-04c1-424b-9868-57a2d4851a1d" relativeResultsDirectory="fdb8c936-4306-4202-be54-1b77762c59fb" />
    <UnitTestResult executionId="3b2b55dc-5fd2-4cbf-a659-771081e6c759" testId="43ab37ac-8f01-34cd-35d3-1bda726822d7" testName="Appostolic.Api.Tests.Notifications.NotificationDedupeTests.CreateQueuedAsync_blocks_duplicate_within_ttl" computerName="mac" duration="00:00:00.0030595" startTime="2025-09-19T16:26:40.1359850-05:00" endTime="2025-09-19T16:26:40.1359850-05:00" testType="13cdc9d9-ddb5-4fa4-a97d-d965ccfc6d4b" outcome="Passed" testListId="8c84fa94-04c1-424b-9868-57a2d4851a1d" relativeResultsDirectory="3b2b55dc-5fd2-4cbf-a659-771081e6c759" />
    <UnitTestResult executionId="4ac8ae7e-0327-4366-b97c-a6d0a1b1d4cd" testId="1a80fecc-6ef5-c4ed-4650-dbe09ce92e46" testName="Appostolic.Api.Tests.Api.UserProfileEndpointsTests.Put_me_rejects_non_object_body" computerName="mac" duration="00:00:00.0012833" startTime="2025-09-19T16:26:35.2143700-05:00" endTime="2025-09-19T16:26:35.2143700-05:00" testType="13cdc9d9-ddb5-4fa4-a97d-d965ccfc6d4b" outcome="Passed" testListId="8c84fa94-04c1-424b-9868-57a2d4851a1d" relativeResultsDirectory="4ac8ae7e-0327-4366-b97c-a6d0a1b1d4cd" />
    <UnitTestResult executionId="c7f818fb-a9cd-4b2e-af1b-207cb493790b" testId="7c574249-6de4-087c-ac92-00dedf541e78" testName="Appostolic.Api.Tests.Api.NotificationsProdEndpointsTests.Tenant_owner_can_list_and_retry_within_tenant" computerName="mac" duration="00:00:00.1723545" startTime="2025-09-19T16:26:31.9131140-05:00" endTime="2025-09-19T16:26:31.9131140-05:00" testType="13cdc9d9-ddb5-4fa4-a97d-d965ccfc6d4b" outcome="Passed" testListId="8c84fa94-04c1-424b-9868-57a2d4851a1d" relativeResultsDirectory="c7f818fb-a9cd-4b2e-af1b-207cb493790b" />
    <UnitTestResult executionId="2029e09c-53c5-48f6-acf8-8cd2a965cc92" testId="598c0784-1cd9-c9b4-915a-4a09f637e246" testName="Appostolic.Api.Tests.Api.MinimalPngDecodeTests.MinimalPng_1x1_Decodes_With_ImageSharp" computerName="mac" duration="00:00:00.0004398" startTime="2025-09-19T16:26:38.3350460-05:00" endTime="2025-09-19T16:26:38.3350470-05:00" testType="13cdc9d9-ddb5-4fa4-a97d-d965ccfc6d4b" outcome="Passed" testListId="8c84fa94-04c1-424b-9868-57a2d4851a1d" relativeResultsDirectory="2029e09c-53c5-48f6-acf8-8cd2a965cc92" />
    <UnitTestResult executionId="051833c4-76e2-42ce-ba7a-3f755546e50f" testId="3494b3d5-98dd-209c-c4b4-d8d0bff712f0" testName="FsWriteToolTests.Writes_file_under_root_and_returns_sha" computerName="mac" duration="00:00:00.0064951" startTime="2025-09-19T16:26:25.0419270-05:00" endTime="2025-09-19T16:26:25.0419270-05:00" testType="13cdc9d9-ddb5-4fa4-a97d-d965ccfc6d4b" outcome="Passed" testListId="8c84fa94-04c1-424b-9868-57a2d4851a1d" relativeResultsDirectory="051833c4-76e2-42ce-ba7a-3f755546e50f" />
    <UnitTestResult executionId="123cf599-0a7d-4e9b-8c36-cf7290d493ea" testId="f7ebc4d6-d0ec-6ad3-fd73-f4c53b67f8a0" testName="Appostolic.Api.AuthTests.MagicConsumeRolesSerializationTests.MagicConsume_IncludesRolesBitmaskOnMembership" computerName="mac" duration="00:00:01.3156431" startTime="2025-09-19T16:26:24.2640760-05:00" endTime="2025-09-19T16:26:24.2640760-05:00" testType="13cdc9d9-ddb5-4fa4-a97d-d965ccfc6d4b" outcome="Passed" testListId="8c84fa94-04c1-424b-9868-57a2d4851a1d" relativeResultsDirectory="123cf599-0a7d-4e9b-8c36-cf7290d493ea" />
    <UnitTestResult executionId="0762743b-42c5-45f8-8d06-0767db7cd15b" testId="8499e5e2-c09d-d64e-ab91-715c51a15d3b" testName="Appostolic.Api.Tests.ModelMappingTests.Agent_ToolAllowlist_has_column_type_jsonb" computerName="mac" duration="00:00:00.0002864" startTime="2025-09-19T16:26:38.9095540-05:00" endTime="2025-09-19T16:26:38.9095540-05:00" testType="13cdc9d9-ddb5-4fa4-a97d-d965ccfc6d4b" outcome="Passed" testListId="8c84fa94-04c1-424b-9868-57a2d4851a1d" relativeResultsDirectory="0762743b-42c5-45f8-8d06-0767db7cd15b" />
    <UnitTestResult executionId="5b8ea5b6-9c3e-4180-a09d-699d4c88d9ad" testId="04a8bdbc-fefc-28fe-9d41-eb27166daebb" testName="Appostolic.Api.Tests.Api.InvitesRolesFlagsTests.Create_Invite_With_Roles_Flags_Persists_And_Lists" computerName="mac" duration="00:00:00.1526122" startTime="2025-09-19T16:26:40.1107990-05:00" endTime="2025-09-19T16:26:40.1108000-05:00" testType="13cdc9d9-ddb5-4fa4-a97d-d965ccfc6d4b" outcome="Failed" testListId="8c84fa94-04c1-424b-9868-57a2d4851a1d" relativeResultsDirectory="5b8ea5b6-9c3e-4180-a09d-699d4c88d9ad">
      <Output>
        <ErrorInfo>
          <Message>Expected create.StatusCode to be HttpStatusCode.Created {value: 201}, but found HttpStatusCode.BadRequest {value: 400}.</Message>
          <StackTrace>   at FluentAssertions.Execution.XUnit2TestFramework.Throw(String message)
   at FluentAssertions.Execution.TestFrameworkProvider.Throw(String message)
   at FluentAssertions.Execution.DefaultAssertionStrategy.HandleFailure(String message)
   at FluentAssertions.Execution.AssertionScope.FailWith(Func`1 failReasonFunc)
   at FluentAssertions.Execution.AssertionScope.FailWith(Func`1 failReasonFunc)
   at FluentAssertions.Execution.AssertionScope.FailWith(String message, Object[] args)
   at FluentAssertions.Primitives.EnumAssertions`2.Be(TEnum expected, String because, Object[] becauseArgs)
   at Appostolic.Api.Tests.Api.InvitesRolesFlagsTests.Create_Invite_With_Roles_Flags_Persists_And_Lists() in /Users/kevinmccreary/appostolic/apps/api.tests/Api/InvitesRolesFlagsTests.cs:line 40
--- End of stack trace from previous location ---</StackTrace>
        </ErrorInfo>
      </Output>
    </UnitTestResult>
    <UnitTestResult executionId="1608de83-d017-41fb-acb4-f3b60dd726a9" testId="65bd3a03-5d21-067f-5d94-19d0f92f350a" testName="Appostolic.Api.Tests.Api.UserAvatarEndpointsTests.UploadAvatar_Rejects_UnsupportedMediaType" computerName="mac" duration="00:00:00.0012578" startTime="2025-09-19T16:26:35.6360260-05:00" endTime="2025-09-19T16:26:35.6360260-05:00" testType="13cdc9d9-ddb5-4fa4-a97d-d965ccfc6d4b" outcome="Passed" testListId="8c84fa94-04c1-424b-9868-57a2d4851a1d" relativeResultsDirectory="1608de83-d017-41fb-acb4-f3b60dd726a9" />
    <UnitTestResult executionId="92deb8b4-41e8-4751-8892-4d24bb450a21" testId="8de6077c-5e1e-7144-f76f-09a36a8fcab6" testName="Appostolic.Api.Tests.Privacy.UserProfileLoggingTests.GetMe_EmitsRedactedAndHash_NoRawEmail" computerName="mac" duration="00:00:00.1525966" startTime="2025-09-19T16:26:26.1754840-05:00" endTime="2025-09-19T16:26:26.1754840-05:00" testType="13cdc9d9-ddb5-4fa4-a97d-d965ccfc6d4b" outcome="Passed" testListId="8c84fa94-04c1-424b-9868-57a2d4851a1d" relativeResultsDirectory="92deb8b4-41e8-4751-8892-4d24bb450a21" />
    <UnitTestResult executionId="7419c869-c391-4084-9915-3b66d6c64c83" testId="5db463f9-ccc7-6f1c-39df-99b8fb7acbbb" testName="Appostolic.Api.Tests.Api.LegacyRoleWritePathDeprecationTests.Member_role_change_with_legacy_role_is_still_currently_accepted_pending_refactor" computerName="mac" duration="00:00:00.0133566" startTime="2025-09-19T16:26:25.6368970-05:00" endTime="2025-09-19T16:26:25.6368970-05:00" testType="13cdc9d9-ddb5-4fa4-a97d-d965ccfc6d4b" outcome="Passed" testListId="8c84fa94-04c1-424b-9868-57a2d4851a1d" relativeResultsDirectory="7419c869-c391-4084-9915-3b66d6c64c83" />
    <UnitTestResult executionId="b698a3f9-c4c8-4b75-b051-7f616fdf6cee" testId="8f26075f-925c-4688-bf33-abe324c4e160" testName="Appostolic.Api.Tests.Api.ToolCatalogTests.Tools_Catalog_Lists_Registered_Tools_With_Categories" computerName="mac" duration="00:00:00.1471098" startTime="2025-09-19T16:26:38.3342970-05:00" endTime="2025-09-19T16:26:38.3342970-05:00" testType="13cdc9d9-ddb5-4fa4-a97d-d965ccfc6d4b" outcome="Passed" testListId="8c84fa94-04c1-424b-9868-57a2d4851a1d" relativeResultsDirectory="b698a3f9-c4c8-4b75-b051-7f616fdf6cee" />
    <UnitTestResult executionId="c4bff6cf-3439-4fbc-b503-12da493f3be2" testId="691bf80d-9ec7-7de8-ad81-702e4cdb8bfd" testName="WebSearchToolTests.Take_limits_results" computerName="mac" duration="00:00:00.0010744" startTime="2025-09-19T16:26:29.8085580-05:00" endTime="2025-09-19T16:26:29.8085580-05:00" testType="13cdc9d9-ddb5-4fa4-a97d-d965ccfc6d4b" outcome="Passed" testListId="8c84fa94-04c1-424b-9868-57a2d4851a1d" relativeResultsDirectory="c4bff6cf-3439-4fbc-b503-12da493f3be2" />
    <UnitTestResult executionId="24edac3e-446c-46d8-9a3b-225daff01beb" testId="03cb9965-4934-50d0-65d4-2c790e264e80" testName="Appostolic.Api.Tests.E2E.AgentTasksE2E_List.Inbox_List_Orders_By_CreatedAt_Desc_And_Pages" computerName="mac" duration="00:00:00.3371502" startTime="2025-09-19T16:26:38.0614320-05:00" endTime="2025-09-19T16:26:38.0614320-05:00" testType="13cdc9d9-ddb5-4fa4-a97d-d965ccfc6d4b" outcome="Passed" testListId="8c84fa94-04c1-424b-9868-57a2d4851a1d" relativeResultsDirectory="24edac3e-446c-46d8-9a3b-225daff01beb" />
    <UnitTestResult executionId="63dee7f2-a2b5-4f4d-b5d7-89a443be47fa" testId="d9d051a9-d261-1011-dbde-e42b30d539a9" testName="Appostolic.Api.Tests.Orchestrator.AgentOrchestratorTests.ToolMissing_FailsWithToolNotFound" computerName="mac" duration="00:00:00.0005996" startTime="2025-09-19T16:26:34.1119020-05:00" endTime="2025-09-19T16:26:34.1119020-05:00" testType="13cdc9d9-ddb5-4fa4-a97d-d965ccfc6d4b" outcome="Passed" testListId="8c84fa94-04c1-424b-9868-57a2d4851a1d" relativeResultsDirectory="63dee7f2-a2b5-4f4d-b5d7-89a443be47fa" />
    <UnitTestResult executionId="56a89c47-177f-4604-9ae2-f43f9bd4910a" testId="be1de379-3abe-1f02-3816-c02bcfed7529" testName="Appostolic.Api.Tests.Api.UserPasswordEndpointsTests.Change_password_succeeds_with_valid_current" computerName="mac" duration="00:00:00.7337469" startTime="2025-09-19T16:26:34.1053400-05:00" endTime="2025-09-19T16:26:34.1053400-05:00" testType="13cdc9d9-ddb5-4fa4-a97d-d965ccfc6d4b" outcome="Passed" testListId="8c84fa94-04c1-424b-9868-57a2d4851a1d" relativeResultsDirectory="56a89c47-177f-4604-9ae2-f43f9bd4910a" />
    <UnitTestResult executionId="739ce50e-6642-4b1f-bdeb-37dbf6962cee" testId="d23daa8f-5725-d1c6-7d7a-83c05e893d1b" testName="Appostolic.Api.Tests.Api.NotificationsProdEndpointsTests.Superadmin_can_list_cross_tenant" computerName="mac" duration="00:00:00.1788518" startTime="2025-09-19T16:26:32.0921750-05:00" endTime="2025-09-19T16:26:32.0921750-05:00" testType="13cdc9d9-ddb5-4fa4-a97d-d965ccfc6d4b" outcome="Passed" testListId="8c84fa94-04c1-424b-9868-57a2d4851a1d" relativeResultsDirectory="739ce50e-6642-4b1f-bdeb-37dbf6962cee" />
    <UnitTestResult executionId="97b49f3d-02bc-4d9c-92a9-35096b2e733a" testId="e8b4dc71-a5d7-b1f7-a555-6150128fc2af" testName="Appostolic.Api.Tests.Privacy.PIIHasherTests.HashEmail_IsDeterministic_ForSamePepper" computerName="mac" duration="00:00:00.0000382" startTime="2025-09-19T16:26:27.5658580-05:00" endTime="2025-09-19T16:26:27.5658580-05:00" testType="13cdc9d9-ddb5-4fa4-a97d-d965ccfc6d4b" outcome="Passed" testListId="8c84fa94-04c1-424b-9868-57a2d4851a1d" relativeResultsDirectory="97b49f3d-02bc-4d9c-92a9-35096b2e733a" />
    <UnitTestResult executionId="add042bf-8fad-4a6c-a3c3-77a02b749bd6" testId="66fffdff-2dff-cbe5-8750-30f31bf1db7c" testName="Appostolic.Api.Tests.Api.AuditsListingEndpointTests.Lists_audits_with_paging_and_total_count" computerName="mac" duration="00:00:00.1894260" startTime="2025-09-19T16:26:30.0390440-05:00" endTime="2025-09-19T16:26:30.0390440-05:00" testType="13cdc9d9-ddb5-4fa4-a97d-d965ccfc6d4b" outcome="Passed" testListId="8c84fa94-04c1-424b-9868-57a2d4851a1d" relativeResultsDirectory="add042bf-8fad-4a6c-a3c3-77a02b749bd6" />
    <UnitTestResult executionId="f96e2723-8a6e-426b-b9cf-4dd6a2f86ccb" testId="cce5835b-2056-6d46-0527-d09fc0f9f6fc" testName="Appostolic.Api.Tests.Api.TenantSettingsEndpointsTests.Upload_Logo_Rejects_Payload_Too_Large" computerName="mac" duration="00:00:00.0073791" startTime="2025-09-19T16:26:37.7021510-05:00" endTime="2025-09-19T16:26:37.7021510-05:00" testType="13cdc9d9-ddb5-4fa4-a97d-d965ccfc6d4b" outcome="Passed" testListId="8c84fa94-04c1-424b-9868-57a2d4851a1d" relativeResultsDirectory="f96e2723-8a6e-426b-b9cf-4dd6a2f86ccb" />
    <UnitTestResult executionId="6e4601af-77c3-4746-b5eb-94805950b0e2" testId="30aa5bc1-9211-739f-532d-176c6c3c3a30" testName="Appostolic.Api.Tests.Orchestrator.AgentOrchestratorTests.MaxStepsExceeded_FailsAfterCap" computerName="mac" duration="00:00:00.0008033" startTime="2025-09-19T16:26:34.1102280-05:00" endTime="2025-09-19T16:26:34.1102280-05:00" testType="13cdc9d9-ddb5-4fa4-a97d-d965ccfc6d4b" outcome="Passed" testListId="8c84fa94-04c1-424b-9868-57a2d4851a1d" relativeResultsDirectory="6e4601af-77c3-4746-b5eb-94805950b0e2" />
    <UnitTestResult executionId="dff983ab-b3cc-4dc2-a1e3-82337ffec963" testId="37b7f024-73bb-98ae-d17f-d1c0ce9f17e8" testName="Appostolic.Api.Tests.ModelMappingTests.AgentTrace_Kind_is_mapped_as_int" computerName="mac" duration="00:00:00.1327313" startTime="2025-09-19T16:26:38.8621460-05:00" endTime="2025-09-19T16:26:38.8621460-05:00" testType="13cdc9d9-ddb5-4fa4-a97d-d965ccfc6d4b" outcome="Passed" testListId="8c84fa94-04c1-424b-9868-57a2d4851a1d" relativeResultsDirectory="dff983ab-b3cc-4dc2-a1e3-82337ffec963" />
    <UnitTestResult executionId="d09e3fb3-0ece-4904-a89b-590c5af3cc12" testId="46ad1244-cbdb-dca6-f007-7e8a232754cc" testName="Appostolic.Api.Tests.Notifications.RedisTransportPrivacyTests.NonGuidPayload_DoesNotLogPayloadContents" computerName="mac" duration="00:00:00.0126624" startTime="2025-09-19T16:26:31.3885490-05:00" endTime="2025-09-19T16:26:31.3885490-05:00" testType="13cdc9d9-ddb5-4fa4-a97d-d965ccfc6d4b" outcome="Passed" testListId="8c84fa94-04c1-424b-9868-57a2d4851a1d" relativeResultsDirectory="d09e3fb3-0ece-4904-a89b-590c5af3cc12" />
    <UnitTestResult executionId="87d5e337-a5bd-42d9-9068-33d06045daa8" testId="21127838-ea89-b283-653a-0b46d8acc590" testName="Appostolic.Api.Tests.EmailDedupeTests.Dedupe_suppresses_duplicate_messages" computerName="mac" duration="00:00:00.3030530" startTime="2025-09-19T16:26:40.4392500-05:00" endTime="2025-09-19T16:26:40.4392500-05:00" testType="13cdc9d9-ddb5-4fa4-a97d-d965ccfc6d4b" outcome="Passed" testListId="8c84fa94-04c1-424b-9868-57a2d4851a1d" relativeResultsDirectory="87d5e337-a5bd-42d9-9068-33d06045daa8" />
    <UnitTestResult executionId="c873566f-6156-4212-bd22-954845b34779" testId="df92ad96-32d4-9c44-0398-97a52600538f" testName="Appostolic.Api.Tests.Model.TokenEstimatorTests.EstimateTokens_Heuristic_CeilPer4Chars(text: &quot;abcdefghi&quot;, expected: 3)" computerName="mac" duration="00:00:00.0000020" startTime="2025-09-19T16:26:40.4396860-05:00" endTime="2025-09-19T16:26:40.4396870-05:00" testType="13cdc9d9-ddb5-4fa4-a97d-d965ccfc6d4b" outcome="Passed" testListId="8c84fa94-04c1-424b-9868-57a2d4851a1d" relativeResultsDirectory="c873566f-6156-4212-bd22-954845b34779" />
    <UnitTestResult executionId="0afa992d-6416-4317-aebc-df8c9f29cb4c" testId="e4ef9dda-68e5-63b6-ccb6-0b8c602aab58" testName="Appostolic.Api.Tests.Notifications.AutoResendScannerTests.Skips_when_disabled" computerName="mac" duration="00:00:00.0018252" startTime="2025-09-19T16:26:25.0722050-05:00" endTime="2025-09-19T16:26:25.0722050-05:00" testType="13cdc9d9-ddb5-4fa4-a97d-d965ccfc6d4b" outcome="Passed" testListId="8c84fa94-04c1-424b-9868-57a2d4851a1d" relativeResultsDirectory="0afa992d-6416-4317-aebc-df8c9f29cb4c" />
    <UnitTestResult executionId="260a5cb0-a392-47c8-a851-466f7c79d6d8" testId="d8682838-1d38-dd8e-6c89-ae1bda81fecb" testName="Appostolic.Api.Tests.Api.MembersListTests.Owner_can_list_members" computerName="mac" duration="00:00:00.0161509" startTime="2025-09-19T16:26:26.3605240-05:00" endTime="2025-09-19T16:26:26.3605240-05:00" testType="13cdc9d9-ddb5-4fa4-a97d-d965ccfc6d4b" outcome="Passed" testListId="8c84fa94-04c1-424b-9868-57a2d4851a1d" relativeResultsDirectory="260a5cb0-a392-47c8-a851-466f7c79d6d8" />
    <UnitTestResult executionId="0cdb0a39-ff99-40ff-9d52-3aca18a2960a" testId="46709c0e-39a7-32eb-a6b2-6f7ada21050d" testName="Appostolic.Api.Tests.Api.TenantSettingsEndpointsTests.Upload_Logo_Succeeds_And_Stores_Metadata" computerName="mac" duration="00:00:00.2292922" startTime="2025-09-19T16:26:37.6946480-05:00" endTime="2025-09-19T16:26:37.6946480-05:00" testType="13cdc9d9-ddb5-4fa4-a97d-d965ccfc6d4b" outcome="Passed" testListId="8c84fa94-04c1-424b-9868-57a2d4851a1d" relativeResultsDirectory="0cdb0a39-ff99-40ff-9d52-3aca18a2960a" />
    <UnitTestResult executionId="e0bd88a2-9b72-4ccc-a128-c73a4e6177ca" testId="cb90a4b6-5413-6334-a88c-d9e37624202c" testName="Appostolic.Api.Tests.Api.InvitesRolesFlagsTests.Create_Invite_With_Invalid_Role_Flag_Is_400" computerName="mac" duration="00:00:00.0018497" startTime="2025-09-19T16:26:40.1236090-05:00" endTime="2025-09-19T16:26:40.1236090-05:00" testType="13cdc9d9-ddb5-4fa4-a97d-d965ccfc6d4b" outcome="Passed" testListId="8c84fa94-04c1-424b-9868-57a2d4851a1d" relativeResultsDirectory="e0bd88a2-9b72-4ccc-a128-c73a4e6177ca" />
    <UnitTestResult executionId="7e702c40-d5f0-4d83-b98d-44fad6c210a0" testId="b672c70e-eca2-f979-b482-5169b705a205" testName="Appostolic.Api.Tests.Api.AgentsEndpointsTests.Agents_CRUD_HappyPath" computerName="mac" duration="00:00:00.0411744" startTime="2025-09-19T16:26:25.8504220-05:00" endTime="2025-09-19T16:26:25.8504220-05:00" testType="13cdc9d9-ddb5-4fa4-a97d-d965ccfc6d4b" outcome="Passed" testListId="8c84fa94-04c1-424b-9868-57a2d4851a1d" relativeResultsDirectory="7e702c40-d5f0-4d83-b98d-44fad6c210a0" />
    <UnitTestResult executionId="dc627cbe-61db-4df7-bb28-05ae9d9ebd90" testId="2a9f6824-8a17-a193-b18b-3e78fa1bbbd5" testName="Appostolic.Api.Tests.Orchestrator.AgentOrchestratorTests.Cancellation_StopsMidRun" computerName="mac" duration="00:00:00.0035147" startTime="2025-09-19T16:26:34.1093760-05:00" endTime="2025-09-19T16:26:34.1093760-05:00" testType="13cdc9d9-ddb5-4fa4-a97d-d965ccfc6d4b" outcome="Passed" testListId="8c84fa94-04c1-424b-9868-57a2d4851a1d" relativeResultsDirectory="dc627cbe-61db-4df7-bb28-05ae9d9ebd90" />
    <UnitTestResult executionId="c433759e-1eda-45ec-b466-f5629782212d" testId="67c9746f-1f57-937b-6598-3968df73012b" testName="Appostolic.Api.Tests.Api.DevGrantRolesEndpointTests.Updates_existing_membership_roles" computerName="mac" duration="00:00:00.0045679" startTime="2025-09-19T16:26:35.9559990-05:00" endTime="2025-09-19T16:26:35.9559990-05:00" testType="13cdc9d9-ddb5-4fa4-a97d-d965ccfc6d4b" outcome="Passed" testListId="8c84fa94-04c1-424b-9868-57a2d4851a1d" relativeResultsDirectory="c433759e-1eda-45ec-b466-f5629782212d" />
    <UnitTestResult executionId="4c9a1203-5bae-4fc6-bb45-1f54773baaf3" testId="b2e4b89c-c96f-83af-e281-01d9319a9bb8" testName="Appostolic.Api.Tests.Api.MembersManagementTests.Admin_cannot_assign_owner_but_owner_can" computerName="mac" duration="00:00:00.0128988" startTime="2025-09-19T16:26:37.1468510-05:00" endTime="2025-09-19T16:26:37.1468520-05:00" testType="13cdc9d9-ddb5-4fa4-a97d-d965ccfc6d4b" outcome="Failed" testListId="8c84fa94-04c1-424b-9868-57a2d4851a1d" relativeResultsDirectory="4c9a1203-5bae-4fc6-bb45-1f54773baaf3">
      <Output>
        <ErrorInfo>
          <Message>Expected ownerResp.StatusCode to be HttpStatusCode.NoContent {value: 204}, but found HttpStatusCode.Forbidden {value: 403}.</Message>
          <StackTrace>   at FluentAssertions.Execution.XUnit2TestFramework.Throw(String message)
   at FluentAssertions.Execution.TestFrameworkProvider.Throw(String message)
   at FluentAssertions.Execution.DefaultAssertionStrategy.HandleFailure(String message)
   at FluentAssertions.Execution.AssertionScope.FailWith(Func`1 failReasonFunc)
   at FluentAssertions.Execution.AssertionScope.FailWith(Func`1 failReasonFunc)
   at FluentAssertions.Execution.AssertionScope.FailWith(String message, Object[] args)
   at FluentAssertions.Primitives.EnumAssertions`2.Be(TEnum expected, String because, Object[] becauseArgs)
   at Appostolic.Api.Tests.Api.MembersManagementTests.Admin_cannot_assign_owner_but_owner_can() in /Users/kevinmccreary/appostolic/apps/api.tests/Api/MembersManagementTests.cs:line 126
--- End of stack trace from previous location ---</StackTrace>
        </ErrorInfo>
      </Output>
    </UnitTestResult>
    <UnitTestResult executionId="8df0d100-7df6-49cb-b5bb-afa45883441e" testId="bc29c184-0770-c9df-63be-2a52d76ad503" testName="Appostolic.Api.Tests.Notifications.NotificationEnqueuerMagicLinkTests.QueueMagicLink_HashesToken_And_Publishes" computerName="mac" duration="00:00:00.0655925" startTime="2025-09-19T16:26:22.9460870-05:00" endTime="2025-09-19T16:26:22.9460870-05:00" testType="13cdc9d9-ddb5-4fa4-a97d-d965ccfc6d4b" outcome="Passed" testListId="8c84fa94-04c1-424b-9868-57a2d4851a1d" relativeResultsDirectory="8df0d100-7df6-49cb-b5bb-afa45883441e" />
    <UnitTestResult executionId="211fa12b-aab2-41bd-8e38-d6eb6451a97e" testId="c14df636-a969-3c53-ec76-0aeb4c5b250c" testName="Appostolic.Api.Tests.Api.DevGrantRolesEndpointTests.Returns_400_for_invalid_role_name" computerName="mac" duration="00:00:00.0031789" startTime="2025-09-19T16:26:35.9512940-05:00" endTime="2025-09-19T16:26:35.9512940-05:00" testType="13cdc9d9-ddb5-4fa4-a97d-d965ccfc6d4b" outcome="Passed" testListId="8c84fa94-04c1-424b-9868-57a2d4851a1d" relativeResultsDirectory="211fa12b-aab2-41bd-8e38-d6eb6451a97e" />
    <UnitTestResult executionId="98860d9e-b99c-474d-8260-675a0184adad" testId="12982ac4-b6b0-e458-3676-ece493490c27" testName="Appostolic.Api.Tests.Storage.S3ObjectStorageServiceTests.UploadAsync_UploadsWithPublicReadAndCacheControl_ReturnsPublicBaseUrl" computerName="mac" duration="00:00:00.0023141" startTime="2025-09-19T16:26:29.8417020-05:00" endTime="2025-09-19T16:26:29.8417020-05:00" testType="13cdc9d9-ddb5-4fa4-a97d-d965ccfc6d4b" outcome="Passed" testListId="8c84fa94-04c1-424b-9868-57a2d4851a1d" relativeResultsDirectory="98860d9e-b99c-474d-8260-675a0184adad" />
    <UnitTestResult executionId="2b67f410-16b6-43ac-8dbf-a04cd02324e3" testId="ec039bf7-f831-a8e3-834c-89707ff2f6d2" testName="Appostolic.Api.Tests.NotificationEnqueuerTests.QueueVerification_uses_relative_when_base_missing" computerName="mac" duration="00:00:00.0027746" startTime="2025-09-19T16:26:29.8446430-05:00" endTime="2025-09-19T16:26:29.8446430-05:00" testType="13cdc9d9-ddb5-4fa4-a97d-d965ccfc6d4b" outcome="Passed" testListId="8c84fa94-04c1-424b-9868-57a2d4851a1d" relativeResultsDirectory="2b67f410-16b6-43ac-8dbf-a04cd02324e3" />
    <UnitTestResult executionId="f8a9b511-56de-4fbd-aa1d-024e8245fb94" testId="79403e37-7823-d8d7-7290-f467456876fa" testName="Appostolic.Api.Tests.Model.TokenEstimatorTests.EstimateTokens_Heuristic_CeilPer4Chars(text: &quot;a&quot;, expected: 1)" computerName="mac" duration="00:00:00.0000008" startTime="2025-09-19T16:26:40.4397090-05:00" endTime="2025-09-19T16:26:40.4397090-05:00" testType="13cdc9d9-ddb5-4fa4-a97d-d965ccfc6d4b" outcome="Passed" testListId="8c84fa94-04c1-424b-9868-57a2d4851a1d" relativeResultsDirectory="f8a9b511-56de-4fbd-aa1d-024e8245fb94" />
    <UnitTestResult executionId="a41c82d1-0a13-42a1-a067-3ad0b63d953b" testId="5ec8c6f8-601d-9718-1802-a15c88bb4987" testName="Appostolic.Api.Tests.AgentTasks.AgentTasksCancelRetryTests.Retry_From_Succeeded_Creates_New_Task_And_Runs" computerName="mac" duration="00:00:00.0098678" startTime="2025-09-19T16:26:29.8056720-05:00" endTime="2025-09-19T16:26:29.8056720-05:00" testType="13cdc9d9-ddb5-4fa4-a97d-d965ccfc6d4b" outcome="Passed" testListId="8c84fa94-04c1-424b-9868-57a2d4851a1d" relativeResultsDirectory="a41c82d1-0a13-42a1-a067-3ad0b63d953b" />
    <UnitTestResult executionId="cab2bcd1-cee4-42c3-96e5-e78323b35445" testId="e7581818-0663-f767-821c-25fbea112d88" testName="Appostolic.Api.Tests.Privacy.PIIHasherTests.HashPhone_Differs_WithDifferentPepper" computerName="mac" duration="00:00:00.0018331" startTime="2025-09-19T16:26:27.5656690-05:00" endTime="2025-09-19T16:26:27.5656690-05:00" testType="13cdc9d9-ddb5-4fa4-a97d-d965ccfc6d4b" outcome="Passed" testListId="8c84fa94-04c1-424b-9868-57a2d4851a1d" relativeResultsDirectory="cab2bcd1-cee4-42c3-96e5-e78323b35445" />
    <UnitTestResult executionId="752b8a4e-d8fe-4dcd-96b3-2bcfffbd84ce" testId="137392e3-997c-8532-6b57-65c75651b55b" testName="Appostolic.Api.Tests.Api.DenominationsMetadataTests.ReturnsPresetList" computerName="mac" duration="00:00:00.1738147" startTime="2025-09-19T16:26:36.6190700-05:00" endTime="2025-09-19T16:26:36.6190700-05:00" testType="13cdc9d9-ddb5-4fa4-a97d-d965ccfc6d4b" outcome="Passed" testListId="8c84fa94-04c1-424b-9868-57a2d4851a1d" relativeResultsDirectory="752b8a4e-d8fe-4dcd-96b3-2bcfffbd84ce" />
    <UnitTestResult executionId="c55949a2-9f37-47a1-ace0-9dd1b1e96eaa" testId="9a71281b-30b0-67b5-7395-398aae4c1d76" testName="Appostolic.Api.Tests.Privacy.PIIRedactorTests.RedactEmail_Works(input: &quot;U@ex.com&quot;, expected: &quot;***U@ex.com&quot;)" computerName="mac" duration="00:00:00.0000816" startTime="2025-09-19T16:26:22.8806320-05:00" endTime="2025-09-19T16:26:22.8806320-05:00" testType="13cdc9d9-ddb5-4fa4-a97d-d965ccfc6d4b" outcome="Passed" testListId="8c84fa94-04c1-424b-9868-57a2d4851a1d" relativeResultsDirectory="c55949a2-9f37-47a1-ace0-9dd1b1e96eaa" />
    <UnitTestResult executionId="70b1e27c-e557-4951-95e9-fbe939c3cf13" testId="5ad39d2c-d77f-b72d-621d-dc03058b3c06" testName="Appostolic.Api.Tests.Notifications.MagicLinkEmailTests.Renders_MagicLink_Snapshots_With_Link" computerName="mac" duration="00:00:00.0056733" startTime="2025-09-19T16:26:39.6659590-05:00" endTime="2025-09-19T16:26:39.6659590-05:00" testType="13cdc9d9-ddb5-4fa4-a97d-d965ccfc6d4b" outcome="Passed" testListId="8c84fa94-04c1-424b-9868-57a2d4851a1d" relativeResultsDirectory="70b1e27c-e557-4951-95e9-fbe939c3cf13" />
    <UnitTestResult executionId="7bca74fb-3747-4424-a731-4ed1fd89d9c5" testId="e7737fc1-939c-fffa-131c-bcc3a7c2a060" testName="Appostolic.Api.Tests.Schema.LegacyRoleColumnPresenceTests.Membership_entity_still_has_Legacy_Role_property_mapped" computerName="mac" duration="00:00:00.1062576" startTime="2025-09-19T16:26:38.1723020-05:00" endTime="2025-09-19T16:26:38.1723020-05:00" testType="13cdc9d9-ddb5-4fa4-a97d-d965ccfc6d4b" outcome="Failed" testListId="8c84fa94-04c1-424b-9868-57a2d4851a1d" relativeResultsDirectory="7bca74fb-3747-4424-a731-4ed1fd89d9c5">
      <Output>
        <ErrorInfo>
          <Message>Expected prop!.GetColumnName(storeObject) to be "role", but found &lt;null&gt;.</Message>
          <StackTrace>   at FluentAssertions.Execution.XUnit2TestFramework.Throw(String message)
   at FluentAssertions.Execution.TestFrameworkProvider.Throw(String message)
   at FluentAssertions.Execution.DefaultAssertionStrategy.HandleFailure(String message)
   at FluentAssertions.Execution.AssertionScope.FailWith(Func`1 failReasonFunc)
   at FluentAssertions.Execution.AssertionScope.FailWith(Func`1 failReasonFunc)
   at FluentAssertions.Execution.AssertionScope.FailWith(String message, Object[] args)
   at FluentAssertions.Primitives.StringValidator.ValidateAgainstNulls()
   at FluentAssertions.Primitives.StringValidator.Validate()
   at FluentAssertions.Primitives.StringAssertions`1.Be(String expected, String because, Object[] becauseArgs)
   at Appostolic.Api.Tests.Schema.LegacyRoleColumnPresenceTests.Membership_entity_still_has_Legacy_Role_property_mapped() in /Users/kevinmccreary/appostolic/apps/api.tests/Schema/LegacyRoleColumnPresenceTests.cs:line 31
   at System.RuntimeMethodHandle.InvokeMethod(Object target, Void** arguments, Signature sig, Boolean isConstructor)
   at System.Reflection.MethodBaseInvoker.InvokeWithNoArgs(Object obj, BindingFlags invokeAttr)</StackTrace>
        </ErrorInfo>
      </Output>
    </UnitTestResult>
    <UnitTestResult executionId="1ad6854e-2d18-4093-82b8-c26446867f33" testId="3ff15350-3cc9-12ef-e4db-8ff403fcec20" testName="Appostolic.Api.Tests.Privacy.PIIRedactorTests.RedactPhone_Works(input: &quot;5551234567&quot;, expected: &quot;***4567&quot;)" computerName="mac" duration="00:00:00.0004374" startTime="2025-09-19T16:26:22.8808050-05:00" endTime="2025-09-19T16:26:22.8808050-05:00" testType="13cdc9d9-ddb5-4fa4-a97d-d965ccfc6d4b" outcome="Passed" testListId="8c84fa94-04c1-424b-9868-57a2d4851a1d" relativeResultsDirectory="1ad6854e-2d18-4093-82b8-c26446867f33" />
    <UnitTestResult executionId="a1db6027-2616-4c5b-ac05-ec5febaee445" testId="12c3c514-0e1a-a711-90d4-344685873f0e" testName="Appostolic.Api.AuthTests.LoginTests.Login_InvalidCredentials_Returns401" computerName="mac" duration="00:00:00.1549879" startTime="2025-09-19T16:26:26.7006670-05:00" endTime="2025-09-19T16:26:26.7006670-05:00" testType="13cdc9d9-ddb5-4fa4-a97d-d965ccfc6d4b" outcome="Passed" testListId="8c84fa94-04c1-424b-9868-57a2d4851a1d" relativeResultsDirectory="a1db6027-2616-4c5b-ac05-ec5febaee445" />
    <UnitTestResult executionId="d768a7f4-d8f6-4688-91e9-15a070415d15" testId="d651406b-2d52-45a1-6b81-e5bff5b77f68" testName="Appostolic.Api.Tests.Api.UserAvatarEndpointsTests.UploadAvatar_Rejects_TooRectangular" computerName="mac" duration="00:00:00.1499924" startTime="2025-09-19T16:26:35.6266150-05:00" endTime="2025-09-19T16:26:35.6266150-05:00" testType="13cdc9d9-ddb5-4fa4-a97d-d965ccfc6d4b" outcome="Passed" testListId="8c84fa94-04c1-424b-9868-57a2d4851a1d" relativeResultsDirectory="d768a7f4-d8f6-4688-91e9-15a070415d15" />
    <UnitTestResult executionId="3be6ddf3-39a0-4a15-950c-c2a951303b4c" testId="57eb4321-b137-5017-063e-e3e669ff6aa8" testName="Appostolic.Api.Tests.E2E.NotificationsE2E_Mailhog.VerificationEmail_reaches_Mailhog_and_outbox_marks_Sent" computerName="mac" duration="00:00:00.4060530" startTime="2025-09-19T16:26:35.0368730-05:00" endTime="2025-09-19T16:26:35.0368730-05:00" testType="13cdc9d9-ddb5-4fa4-a97d-d965ccfc6d4b" outcome="Passed" testListId="8c84fa94-04c1-424b-9868-57a2d4851a1d" relativeResultsDirectory="3be6ddf3-39a0-4a15-950c-c2a951303b4c" />
    <UnitTestResult executionId="5725d884-bd38-427d-93b9-f57ab4736a3c" testId="1f65e069-4a6f-ccd5-bb6b-41fba0e75604" testName="Appostolic.Api.Tests.Api.NotificationsAdminEndpointsTests.Resend_metrics_emitted_for_manual_and_bulk" computerName="mac" duration="00:00:00.1781351" startTime="2025-09-19T16:26:29.1689210-05:00" endTime="2025-09-19T16:26:29.1689210-05:00" testType="13cdc9d9-ddb5-4fa4-a97d-d965ccfc6d4b" outcome="Passed" testListId="8c84fa94-04c1-424b-9868-57a2d4851a1d" relativeResultsDirectory="5725d884-bd38-427d-93b9-f57ab4736a3c" />
    <UnitTestResult executionId="f12df099-a4ba-4a55-b29d-f3748bc3b507" testId="f40065b9-7c11-5cb0-fc3c-72a39c2af769" testName="Appostolic.Api.Tests.SwaggerEndpointTests.SwaggerJson_ReturnsOpenApiDocument" computerName="mac" duration="00:00:00.0505505" startTime="2025-09-19T16:26:34.3383560-05:00" endTime="2025-09-19T16:26:34.3383560-05:00" testType="13cdc9d9-ddb5-4fa4-a97d-d965ccfc6d4b" outcome="Passed" testListId="8c84fa94-04c1-424b-9868-57a2d4851a1d" relativeResultsDirectory="f12df099-a4ba-4a55-b29d-f3748bc3b507" />
    <UnitTestResult executionId="1bc288d3-fa22-44a4-a20f-27b6d418a1aa" testId="caeaccb8-00ea-302b-441d-17caf5fd9b5d" testName="Appostolic.Api.Tests.ModelMappingTests.Notification_resend_fields_are_mapped_with_indexes" computerName="mac" duration="00:00:00.0145245" startTime="2025-09-19T16:26:38.9051610-05:00" endTime="2025-09-19T16:26:38.9051610-05:00" testType="13cdc9d9-ddb5-4fa4-a97d-d965ccfc6d4b" outcome="Passed" testListId="8c84fa94-04c1-424b-9868-57a2d4851a1d" relativeResultsDirectory="1bc288d3-fa22-44a4-a20f-27b6d418a1aa" />
    <UnitTestResult executionId="5982a1a7-cd9f-4d03-b48d-7454d115071e" testId="8f2edffb-b43d-5750-46cc-f6c9051abba5" testName="Appostolic.Api.AuthTests.LoginTests.Login_ValidCredentials_Returns200" computerName="mac" duration="00:00:00.3205712" startTime="2025-09-19T16:26:27.0214390-05:00" endTime="2025-09-19T16:26:27.0214390-05:00" testType="13cdc9d9-ddb5-4fa4-a97d-d965ccfc6d4b" outcome="Passed" testListId="8c84fa94-04c1-424b-9868-57a2d4851a1d" relativeResultsDirectory="5982a1a7-cd9f-4d03-b48d-7454d115071e" />
    <UnitTestResult executionId="1b36f74f-bd37-45d7-8a69-f755eff71baa" testId="da0da417-eb80-7ca8-c2a7-2b93c4d78528" testName="Appostolic.Api.Tests.Api.InvitesRolesFlagsTests.Accept_Invite_Sets_Membership_Roles_Flags" computerName="mac" duration="00:00:00.0047807" startTime="2025-09-19T16:26:40.1155850-05:00" endTime="2025-09-19T16:26:40.1155850-05:00" testType="13cdc9d9-ddb5-4fa4-a97d-d965ccfc6d4b" outcome="Failed" testListId="8c84fa94-04c1-424b-9868-57a2d4851a1d" relativeResultsDirectory="1b36f74f-bd37-45d7-8a69-f755eff71baa">
      <Output>
        <ErrorInfo>
          <Message>System.Net.Http.HttpRequestException : Response status code does not indicate success: 400 (Bad Request).</Message>
          <StackTrace>   at System.Net.Http.HttpResponseMessage.EnsureSuccessStatusCode()
   at Appostolic.Api.Tests.Api.InvitesRolesFlagsTests.Accept_Invite_Sets_Membership_Roles_Flags() in /Users/kevinmccreary/appostolic/apps/api.tests/Api/InvitesRolesFlagsTests.cs:line 74
--- End of stack trace from previous location ---</StackTrace>
        </ErrorInfo>
      </Output>
    </UnitTestResult>
    <UnitTestResult executionId="d2ec0d15-9240-4b0a-8371-58442de61d64" testId="ee7b51d2-d8a7-715d-70ab-159c7293568a" testName="Appostolic.Api.Tests.Api.NotificationsProdEndpointsTests.Tenant_owner_can_resend_within_tenant_and_is_forbidden_cross_tenant" computerName="mac" duration="00:00:00.1776181" startTime="2025-09-19T16:26:31.7405190-05:00" endTime="2025-09-19T16:26:31.7405190-05:00" testType="13cdc9d9-ddb5-4fa4-a97d-d965ccfc6d4b" outcome="Passed" testListId="8c84fa94-04c1-424b-9868-57a2d4851a1d" relativeResultsDirectory="d2ec0d15-9240-4b0a-8371-58442de61d64" />
    <UnitTestResult executionId="a56d48d9-ca92-4e72-aa8b-e940c308cb0e" testId="1cbf8040-fb9a-a69f-ea84-9d0fb171e9ce" testName="Appostolic.Api.Tests.Api.DenominationsMetadataTests.RequiresAuth" computerName="mac" duration="00:00:00.0025597" startTime="2025-09-19T16:26:36.6217530-05:00" endTime="2025-09-19T16:26:36.6217530-05:00" testType="13cdc9d9-ddb5-4fa4-a97d-d965ccfc6d4b" outcome="Passed" testListId="8c84fa94-04c1-424b-9868-57a2d4851a1d" relativeResultsDirectory="a56d48d9-ca92-4e72-aa8b-e940c308cb0e" />
    <UnitTestResult executionId="6b545c7f-d09c-46b1-9c61-d26f70ecbe24" testId="fdf88970-87c6-f740-810f-e878127ff782" testName="Appostolic.Api.Tests.Api.NotificationsProdEndpointsTests.Resend_returns_404_when_missing" computerName="mac" duration="00:00:00.1735696" startTime="2025-09-19T16:26:31.5626800-05:00" endTime="2025-09-19T16:26:31.5626800-05:00" testType="13cdc9d9-ddb5-4fa4-a97d-d965ccfc6d4b" outcome="Passed" testListId="8c84fa94-04c1-424b-9868-57a2d4851a1d" relativeResultsDirectory="6b545c7f-d09c-46b1-9c61-d26f70ecbe24" />
    <UnitTestResult executionId="c4138642-b439-416e-ba69-e1184af755d3" testId="2c0e3ce9-5829-44ef-fbae-e96e2c0f5de9" testName="Appostolic.Api.Tests.Model.TokenEstimatorTests.EstimateTokens_Heuristic_CeilPer4Chars(text: &quot;abcdefgh&quot;, expected: 2)" computerName="mac" duration="00:00:00.0000838" startTime="2025-09-19T16:26:40.4396720-05:00" endTime="2025-09-19T16:26:40.4396720-05:00" testType="13cdc9d9-ddb5-4fa4-a97d-d965ccfc6d4b" outcome="Passed" testListId="8c84fa94-04c1-424b-9868-57a2d4851a1d" relativeResultsDirectory="c4138642-b439-416e-ba69-e1184af755d3" />
    <UnitTestResult executionId="a65949f3-ef09-459a-8687-a27cf05da4b0" testId="f7e247f1-8de7-594b-e638-b4ec989d69be" testName="Appostolic.Api.Tests.AgentTasks.AgentTasksCancelRetryTests.Cancel_Pending_Task_IsCanceledImmediately" computerName="mac" duration="00:00:00.1828010" startTime="2025-09-19T16:26:29.7774740-05:00" endTime="2025-09-19T16:26:29.7774740-05:00" testType="13cdc9d9-ddb5-4fa4-a97d-d965ccfc6d4b" outcome="Passed" testListId="8c84fa94-04c1-424b-9868-57a2d4851a1d" relativeResultsDirectory="a65949f3-ef09-459a-8687-a27cf05da4b0" />
    <UnitTestResult executionId="77170b27-d05f-43ee-a027-5e25d4c7bb6a" testId="50c609b5-3f14-814d-a1e7-5260305a9b12" testName="Appostolic.Api.Tests.AgentTasks.AgentTasksCancelRetryTests.Cancel_Terminal_Task_Returns409" computerName="mac" duration="00:00:00.0179970" startTime="2025-09-19T16:26:29.7956300-05:00" endTime="2025-09-19T16:26:29.7956300-05:00" testType="13cdc9d9-ddb5-4fa4-a97d-d965ccfc6d4b" outcome="Passed" testListId="8c84fa94-04c1-424b-9868-57a2d4851a1d" relativeResultsDirectory="77170b27-d05f-43ee-a027-5e25d4c7bb6a" />
    <UnitTestResult executionId="d9ed9769-e6f5-4700-a9b8-4351ccf62ab7" testId="d59725be-2270-85f4-1a24-f28884383b83" testName="Appostolic.Api.Tests.Api.NotificationsAdminEndpointsTests.Resend_history_lists_children_with_paging_and_scoping" computerName="mac" duration="00:00:00.1758095" startTime="2025-09-19T16:26:28.9905400-05:00" endTime="2025-09-19T16:26:28.9905400-05:00" testType="13cdc9d9-ddb5-4fa4-a97d-d965ccfc6d4b" outcome="Passed" testListId="8c84fa94-04c1-424b-9868-57a2d4851a1d" relativeResultsDirectory="d9ed9769-e6f5-4700-a9b8-4351ccf62ab7" />
    <UnitTestResult executionId="ef8146c8-e4ce-4fdd-af8f-c13d723d3eab" testId="2f6106d4-2d27-0ec0-388a-a0a0d64b80ea" testName="Appostolic.Api.Tests.Model.TokenEstimatorTests.EstimateTokens_Heuristic_CeilPer4Chars(text: &quot;abcde&quot;, expected: 2)" computerName="mac" duration="00:00:00.0000008" startTime="2025-09-19T16:26:40.4397210-05:00" endTime="2025-09-19T16:26:40.4397210-05:00" testType="13cdc9d9-ddb5-4fa4-a97d-d965ccfc6d4b" outcome="Passed" testListId="8c84fa94-04c1-424b-9868-57a2d4851a1d" relativeResultsDirectory="ef8146c8-e4ce-4fdd-af8f-c13d723d3eab" />
    <UnitTestResult executionId="9a29e41c-1f69-4ab6-965d-e4cf32c6d562" testId="eac43a08-1201-428f-7efa-904ba4876682" testName="Appostolic.Api.Tests.Api.UserAvatarEndpointsTests.UploadAvatar_Rejects_TooLarge" computerName="mac" duration="00:00:00.2615309" startTime="2025-09-19T16:26:35.4764280-05:00" endTime="2025-09-19T16:26:35.4764280-05:00" testType="13cdc9d9-ddb5-4fa4-a97d-d965ccfc6d4b" outcome="Passed" testListId="8c84fa94-04c1-424b-9868-57a2d4851a1d" relativeResultsDirectory="9a29e41c-1f69-4ab6-965d-e4cf32c6d562" />
    <UnitTestResult executionId="31b51c7c-3f7d-4b6a-984a-dab7e00b6c23" testId="8e56ee2d-296c-f180-2ad1-a3abd5b19292" testName="Appostolic.Api.Tests.AgentOrchestratorTests.ToolMissing_FailsWithToolNotFound" computerName="mac" duration="00:00:00.0010598" startTime="2025-09-19T16:26:27.0585970-05:00" endTime="2025-09-19T16:26:27.0585970-05:00" testType="13cdc9d9-ddb5-4fa4-a97d-d965ccfc6d4b" outcome="Passed" testListId="8c84fa94-04c1-424b-9868-57a2d4851a1d" relativeResultsDirectory="31b51c7c-3f7d-4b6a-984a-dab7e00b6c23" />
    <UnitTestResult executionId="27b202a5-2835-4edd-ae82-0416324cfa7f" testId="811026c2-41ce-4e18-121d-862774cd6272" testName="DbQueryToolTests.Select_lessons_where_id_param_object" computerName="mac" duration="00:00:00.0030209" startTime="2025-09-19T16:26:38.1866160-05:00" endTime="2025-09-19T16:26:38.1866160-05:00" testType="13cdc9d9-ddb5-4fa4-a97d-d965ccfc6d4b" outcome="Passed" testListId="8c84fa94-04c1-424b-9868-57a2d4851a1d" relativeResultsDirectory="27b202a5-2835-4edd-ae82-0416324cfa7f" />
    <UnitTestResult executionId="66baa8c8-7428-4be2-a3cc-6b1c70ceefb3" testId="431e4b70-7576-ccc6-3cf3-9bbf13c26e5b" testName="Appostolic.Api.Tests.Api.MembersManagementTests.Demote_owner_allowed_when_another_admin_exists" computerName="mac" duration="00:00:00.0092884" startTime="2025-09-19T16:26:37.1567660-05:00" endTime="2025-09-19T16:26:37.1567660-05:00" testType="13cdc9d9-ddb5-4fa4-a97d-d965ccfc6d4b" outcome="Failed" testListId="8c84fa94-04c1-424b-9868-57a2d4851a1d" relativeResultsDirectory="66baa8c8-7428-4be2-a3cc-6b1c70ceefb3">
      <Output>
        <ErrorInfo>
          <Message>Expected demoteResp.StatusCode to be HttpStatusCode.NoContent {value: 204}, but found HttpStatusCode.Forbidden {value: 403}.</Message>
          <StackTrace>   at FluentAssertions.Execution.XUnit2TestFramework.Throw(String message)
   at FluentAssertions.Execution.TestFrameworkProvider.Throw(String message)
   at FluentAssertions.Execution.DefaultAssertionStrategy.HandleFailure(String message)
   at FluentAssertions.Execution.AssertionScope.FailWith(Func`1 failReasonFunc)
   at FluentAssertions.Execution.AssertionScope.FailWith(Func`1 failReasonFunc)
   at FluentAssertions.Execution.AssertionScope.FailWith(String message, Object[] args)
   at FluentAssertions.Primitives.EnumAssertions`2.Be(TEnum expected, String because, Object[] becauseArgs)
   at Appostolic.Api.Tests.Api.MembersManagementTests.Demote_owner_allowed_when_another_admin_exists() in /Users/kevinmccreary/appostolic/apps/api.tests/Api/MembersManagementTests.cs:line 238
--- End of stack trace from previous location ---</StackTrace>
        </ErrorInfo>
      </Output>
    </UnitTestResult>
    <UnitTestResult executionId="46ed7d46-57a0-422a-b7f6-6c59e548407b" testId="4f2f4974-af75-8563-a5df-aa0a73b303b0" testName="Appostolic.Api.Tests.Privacy.UserProfileLoggingTests.GetMe_HashingDisabled_OmitsHash" computerName="mac" duration="00:00:00.1716937" startTime="2025-09-19T16:26:26.0227200-05:00" endTime="2025-09-19T16:26:26.0227200-05:00" testType="13cdc9d9-ddb5-4fa4-a97d-d965ccfc6d4b" outcome="Passed" testListId="8c84fa94-04c1-424b-9868-57a2d4851a1d" relativeResultsDirectory="46ed7d46-57a0-422a-b7f6-6c59e548407b" />
    <UnitTestResult executionId="cad1685e-a5b9-4423-8b18-d4e09d59cbb5" testId="cc013720-f8b7-b972-40e8-34c7328bfdae" testName="Appostolic.Api.Tests.Orchestrator.AgentOrchestratorTests.ToolNotAllowed_FailsAndTracesFailure" computerName="mac" duration="00:00:00.0010096" startTime="2025-09-19T16:26:34.1112740-05:00" endTime="2025-09-19T16:26:34.1112740-05:00" testType="13cdc9d9-ddb5-4fa4-a97d-d965ccfc6d4b" outcome="Passed" testListId="8c84fa94-04c1-424b-9868-57a2d4851a1d" relativeResultsDirectory="cad1685e-a5b9-4423-8b18-d4e09d59cbb5" />
    <UnitTestResult executionId="b2028728-7d70-4449-91da-606db1fabdd1" testId="95c167d1-a09f-1a4f-5f8b-bfed1919a8c0" testName="Appostolic.Api.Tests.Api.TenantSettingsEndpointsTests.Put_Settings_Deep_Merges" computerName="mac" duration="00:00:00.0052610" startTime="2025-09-19T16:26:37.7235910-05:00" endTime="2025-09-19T16:26:37.7235910-05:00" testType="13cdc9d9-ddb5-4fa4-a97d-d965ccfc6d4b" outcome="Passed" testListId="8c84fa94-04c1-424b-9868-57a2d4851a1d" relativeResultsDirectory="b2028728-7d70-4449-91da-606db1fabdd1" />
    <UnitTestResult executionId="32220493-c05e-42d6-8418-1d51181e4939" testId="cb3a79b8-8a20-d72b-fe66-3be39a479486" testName="Appostolic.Api.Tests.AgentOrchestratorTests.Cancellation_StopsMidRun" computerName="mac" duration="00:00:00.0153827" startTime="2025-09-19T16:26:27.0741680-05:00" endTime="2025-09-19T16:26:27.0741680-05:00" testType="13cdc9d9-ddb5-4fa4-a97d-d965ccfc6d4b" outcome="Passed" testListId="8c84fa94-04c1-424b-9868-57a2d4851a1d" relativeResultsDirectory="32220493-c05e-42d6-8418-1d51181e4939" />
    <UnitTestResult executionId="7fc872c4-a7aa-478b-970a-2124de0475c6" testId="9c1c1d38-5e04-c1b2-1a0f-96d8d4d8348a" testName="Appostolic.Api.Tests.Api.AssignmentsApiTests.Set_roles_returns_404_when_membership_missing_and_400_for_invalid_flag" computerName="mac" duration="00:00:00.0060529" startTime="2025-09-19T16:26:39.9430010-05:00" endTime="2025-09-19T16:26:39.9430020-05:00" testType="13cdc9d9-ddb5-4fa4-a97d-d965ccfc6d4b" outcome="Passed" testListId="8c84fa94-04c1-424b-9868-57a2d4851a1d" relativeResultsDirectory="7fc872c4-a7aa-478b-970a-2124de0475c6" />
    <UnitTestResult executionId="4f35375d-2c8d-473b-bc12-652330fa92d8" testId="54bfc83b-71cd-70be-2e17-0d354a18b25a" testName="Appostolic.Api.Tests.Notifications.NotificationsRetentionTests.Purger_removes_expired_dedupes_and_old_notifications" computerName="mac" duration="00:00:00.0055782" startTime="2025-09-19T16:26:25.4067730-05:00" endTime="2025-09-19T16:26:25.4067730-05:00" testType="13cdc9d9-ddb5-4fa4-a97d-d965ccfc6d4b" outcome="Passed" testListId="8c84fa94-04c1-424b-9868-57a2d4851a1d" relativeResultsDirectory="4f35375d-2c8d-473b-bc12-652330fa92d8" />
    <UnitTestResult executionId="667e00c4-a713-4d82-bcce-84d3eecae26d" testId="5818c4b0-5040-ff57-2a21-3715c31b378e" testName="Appostolic.Api.Tests.NotificationEnqueuerTests.QueueInvite_uses_relative_when_base_missing" computerName="mac" duration="00:00:00.0007047" startTime="2025-09-19T16:26:29.8485090-05:00" endTime="2025-09-19T16:26:29.8485090-05:00" testType="13cdc9d9-ddb5-4fa4-a97d-d965ccfc6d4b" outcome="Passed" testListId="8c84fa94-04c1-424b-9868-57a2d4851a1d" relativeResultsDirectory="667e00c4-a713-4d82-bcce-84d3eecae26d" />
    <UnitTestResult executionId="eee6ffed-1004-4602-b7ba-4d6162868288" testId="7bfc22d7-9c12-bb6d-b1ad-6ad8a8f51b4d" testName="Appostolic.Api.Tests.Api.InvitesAcceptTests.Accept_SignedIn_User_Matches_Invite_Creates_Membership" computerName="mac" duration="00:00:00.1693656" startTime="2025-09-19T16:26:37.3278030-05:00" endTime="2025-09-19T16:26:37.3278030-05:00" testType="13cdc9d9-ddb5-4fa4-a97d-d965ccfc6d4b" outcome="Failed" testListId="8c84fa94-04c1-424b-9868-57a2d4851a1d" relativeResultsDirectory="eee6ffed-1004-4602-b7ba-4d6162868288">
      <Output>
        <ErrorInfo>
          <Message>Expected createResp.StatusCode to be HttpStatusCode.Created {value: 201}, but found HttpStatusCode.BadRequest {value: 400}.</Message>
          <StackTrace>   at FluentAssertions.Execution.XUnit2TestFramework.Throw(String message)
   at FluentAssertions.Execution.TestFrameworkProvider.Throw(String message)
   at FluentAssertions.Execution.DefaultAssertionStrategy.HandleFailure(String message)
   at FluentAssertions.Execution.AssertionScope.FailWith(Func`1 failReasonFunc)
   at FluentAssertions.Execution.AssertionScope.FailWith(Func`1 failReasonFunc)
   at FluentAssertions.Execution.AssertionScope.FailWith(String message, Object[] args)
   at FluentAssertions.Primitives.EnumAssertions`2.Be(TEnum expected, String because, Object[] becauseArgs)
   at Appostolic.Api.Tests.Api.InvitesAcceptTests.Accept_SignedIn_User_Matches_Invite_Creates_Membership() in /Users/kevinmccreary/appostolic/apps/api.tests/Api/InvitesAcceptTests.cs:line 41
--- End of stack trace from previous location ---</StackTrace>
        </ErrorInfo>
      </Output>
    </UnitTestResult>
    <UnitTestResult executionId="d0c0e3cd-9b07-4cad-888b-033264daec6d" testId="21ae461c-c70e-da1d-6ae3-1fc6937d571a" testName="Appostolic.Api.Tests.Privacy.LoggingPIIScopeTests.PhoneScope_IncludesRedactedAndHash_WhenEnabled" computerName="mac" duration="00:00:00.0002039" startTime="2025-09-19T16:26:29.8360360-05:00" endTime="2025-09-19T16:26:29.8360360-05:00" testType="13cdc9d9-ddb5-4fa4-a97d-d965ccfc6d4b" outcome="Passed" testListId="8c84fa94-04c1-424b-9868-57a2d4851a1d" relativeResultsDirectory="d0c0e3cd-9b07-4cad-888b-033264daec6d" />
    <UnitTestResult executionId="b46dc0c9-6141-480c-b9f4-779f09017f19" testId="61b122ca-f3a1-21e8-0492-e3c660390b05" testName="Appostolic.Api.Tests.EmailProviderSelectionTests.Resolves_Smtp_sender_when_provider_smtp" computerName="mac" duration="00:00:00.0971784" startTime="2025-09-19T16:26:39.5577690-05:00" endTime="2025-09-19T16:26:39.5577690-05:00" testType="13cdc9d9-ddb5-4fa4-a97d-d965ccfc6d4b" outcome="Passed" testListId="8c84fa94-04c1-424b-9868-57a2d4851a1d" relativeResultsDirectory="b46dc0c9-6141-480c-b9f4-779f09017f19" />
    <UnitTestResult executionId="2b903536-5d8b-4278-a13b-3eae5eb5acea" testId="8e86fe7c-6239-7009-e550-a3b2b1493955" testName="Appostolic.Api.Tests.Api.MembersListTests.Viewer_gets_403_for_members_list" computerName="mac" duration="00:00:00.1680306" startTime="2025-09-19T16:26:26.3442050-05:00" endTime="2025-09-19T16:26:26.3442050-05:00" testType="13cdc9d9-ddb5-4fa4-a97d-d965ccfc6d4b" outcome="Passed" testListId="8c84fa94-04c1-424b-9868-57a2d4851a1d" relativeResultsDirectory="2b903536-5d8b-4278-a13b-3eae5eb5acea" />
    <UnitTestResult executionId="bff32075-bd20-4937-be5a-d228c288ab8e" testId="6305e689-cee9-6a31-93d8-755b6c5fc935" testName="Appostolic.Api.Tests.Notifications.FieldEncryptionTests.Encrypts_And_Decrypts_On_Lease" computerName="mac" duration="00:00:00.0087887" startTime="2025-09-19T16:26:40.1328170-05:00" endTime="2025-09-19T16:26:40.1328170-05:00" testType="13cdc9d9-ddb5-4fa4-a97d-d965ccfc6d4b" outcome="Passed" testListId="8c84fa94-04c1-424b-9868-57a2d4851a1d" relativeResultsDirectory="bff32075-bd20-4937-be5a-d228c288ab8e" />
    <UnitTestResult executionId="eff20cc5-1691-48df-b4f0-7e3365ff5e1d" testId="c8cdac31-ad32-9a02-508c-02a988e5e017" testName="DbQueryToolTests.Reject_non_select" computerName="mac" duration="00:00:00.0003026" startTime="2025-09-19T16:26:38.1869400-05:00" endTime="2025-09-19T16:26:38.1869400-05:00" testType="13cdc9d9-ddb5-4fa4-a97d-d965ccfc6d4b" outcome="Passed" testListId="8c84fa94-04c1-424b-9868-57a2d4851a1d" relativeResultsDirectory="eff20cc5-1691-48df-b4f0-7e3365ff5e1d" />
    <UnitTestResult executionId="829fa6c4-15d1-4735-a998-b76895e1c6f1" testId="7c0f601f-632e-a9b2-aeb3-eee73bd7742c" testName="Appostolic.Api.Tests.Auth.SignupTests.Signup_WithInvalidInviteToken_ReturnsBadRequest" computerName="mac" duration="00:00:00.1211567" startTime="2025-09-19T16:26:39.2895980-05:00" endTime="2025-09-19T16:26:39.2895980-05:00" testType="13cdc9d9-ddb5-4fa4-a97d-d965ccfc6d4b" outcome="Passed" testListId="8c84fa94-04c1-424b-9868-57a2d4851a1d" relativeResultsDirectory="829fa6c4-15d1-4735-a998-b76895e1c6f1" />
    <UnitTestResult executionId="9b10ed65-0155-49aa-a887-75edd3280ab2" testId="784ad7dc-5a89-a731-4a54-d985f0ba330c" testName="Appostolic.Api.Tests.Notifications.AutoResendScannerTests.Respects_throttle_window" computerName="mac" duration="00:00:00.0024070" startTime="2025-09-19T16:26:25.0746800-05:00" endTime="2025-09-19T16:26:25.0746800-05:00" testType="13cdc9d9-ddb5-4fa4-a97d-d965ccfc6d4b" outcome="Passed" testListId="8c84fa94-04c1-424b-9868-57a2d4851a1d" relativeResultsDirectory="9b10ed65-0155-49aa-a887-75edd3280ab2" />
    <UnitTestResult executionId="4ce76a66-64a7-4734-b668-560ffb33c674" testId="4f12e680-b238-5f1e-d786-32a29acea93b" testName="Appostolic.Api.Tests.EmailProviderSelectionTests.Resolves_SendGrid_sender_when_provider_sendgrid" computerName="mac" duration="00:00:00.1023116" startTime="2025-09-19T16:26:39.6601500-05:00" endTime="2025-09-19T16:26:39.6601500-05:00" testType="13cdc9d9-ddb5-4fa4-a97d-d965ccfc6d4b" outcome="Passed" testListId="8c84fa94-04c1-424b-9868-57a2d4851a1d" relativeResultsDirectory="4ce76a66-64a7-4734-b668-560ffb33c674" />
    <UnitTestResult executionId="380b6b5b-1cef-4216-80dc-6c3dbb99de64" testId="c62ff6f8-900b-a165-229e-1d83d314982c" testName="Appostolic.Api.Tests.Storage.ObjectStorageDeleteTests.S3_DeleteAsync_CallsDeleteObject" computerName="mac" duration="00:00:00.0213761" startTime="2025-09-19T16:26:29.8342610-05:00" endTime="2025-09-19T16:26:29.8342610-05:00" testType="13cdc9d9-ddb5-4fa4-a97d-d965ccfc6d4b" outcome="Passed" testListId="8c84fa94-04c1-424b-9868-57a2d4851a1d" relativeResultsDirectory="380b6b5b-1cef-4216-80dc-6c3dbb99de64" />
    <UnitTestResult executionId="b40a6f25-7097-4145-a046-162b2c580283" testId="68b95691-6ef6-716d-545d-ee6cf04d94e7" testName="Appostolic.Api.Tests.Api.NotificationsAdminEndpointsTests.Dlq_list_returns_failed_and_deadletter_with_paging" computerName="mac" duration="00:00:00.1703957" startTime="2025-09-19T16:26:29.3395130-05:00" endTime="2025-09-19T16:26:29.3395130-05:00" testType="13cdc9d9-ddb5-4fa4-a97d-d965ccfc6d4b" outcome="Passed" testListId="8c84fa94-04c1-424b-9868-57a2d4851a1d" relativeResultsDirectory="b40a6f25-7097-4145-a046-162b2c580283" />
    <UnitTestResult executionId="25ac45d0-2fb1-4401-a87c-1b62d9776c07" testId="04bcbc12-4d94-6002-177c-d4c323bf07a7" testName="Appostolic.Api.AuthTests.LoginRolesConvergenceTests.Login_Corrects_MismatchedRolesBitmask" computerName="mac" duration="00:00:00.4719388" startTime="2025-09-19T16:26:36.4405800-05:00" endTime="2025-09-19T16:26:36.4405810-05:00" testType="13cdc9d9-ddb5-4fa4-a97d-d965ccfc6d4b" outcome="Failed" testListId="8c84fa94-04c1-424b-9868-57a2d4851a1d" relativeResultsDirectory="25ac45d0-2fb1-4401-a87c-1b62d9776c07">
      <Output>
        <ErrorInfo>
          <Message>Expected m.roles to be 15, but found 6 (difference of -9).</Message>
          <StackTrace>   at FluentAssertions.Execution.XUnit2TestFramework.Throw(String message)
   at FluentAssertions.Execution.TestFrameworkProvider.Throw(String message)
   at FluentAssertions.Execution.DefaultAssertionStrategy.HandleFailure(String message)
   at FluentAssertions.Execution.AssertionScope.FailWith(Func`1 failReasonFunc)
   at FluentAssertions.Execution.AssertionScope.FailWith(Func`1 failReasonFunc)
   at FluentAssertions.Execution.AssertionScope.FailWith(String message, Object[] args)
   at FluentAssertions.Numeric.NumericAssertions`2.Be(T expected, String because, Object[] becauseArgs)
   at Appostolic.Api.AuthTests.LoginRolesConvergenceTests.Login_Corrects_MismatchedRolesBitmask() in /Users/kevinmccreary/appostolic/apps/api.tests/Auth/LoginRolesConvergenceTests.cs:line 43
--- End of stack trace from previous location ---</StackTrace>
        </ErrorInfo>
      </Output>
    </UnitTestResult>
    <UnitTestResult executionId="85a8f99c-83b6-47f5-8f5a-65d223a489c8" testId="7e0d251c-aca1-3165-2651-f2996ab661b8" testName="DbQueryToolTests.Select_users_all_rows" computerName="mac" duration="00:00:00.0020994" startTime="2025-09-19T16:26:38.1835740-05:00" endTime="2025-09-19T16:26:38.1835740-05:00" testType="13cdc9d9-ddb5-4fa4-a97d-d965ccfc6d4b" outcome="Passed" testListId="8c84fa94-04c1-424b-9868-57a2d4851a1d" relativeResultsDirectory="85a8f99c-83b6-47f5-8f5a-65d223a489c8" />
    <UnitTestResult executionId="cd47f06b-90a2-4cc6-8f3d-abb5d22f47ae" testId="11acc57e-e7b4-9c88-543d-dd88434937c6" testName="Appostolic.Api.Tests.Api.AuthPasswordFlowsTests.ChangePassword_WithWrongCurrent_ReturnsUnauthorized" computerName="mac" duration="00:00:00.5360383" startTime="2025-09-19T16:26:31.3457080-05:00" endTime="2025-09-19T16:26:31.3457080-05:00" testType="13cdc9d9-ddb5-4fa4-a97d-d965ccfc6d4b" outcome="Passed" testListId="8c84fa94-04c1-424b-9868-57a2d4851a1d" relativeResultsDirectory="cd47f06b-90a2-4cc6-8f3d-abb5d22f47ae" />
    <UnitTestResult executionId="9f933d9b-bbb0-4909-84f2-0a3f6a706b86" testId="e1e10047-9c95-2461-ef88-42d3da0fbb82" testName="Appostolic.Api.Tests.E2E.AgentTasksE2E_Golden.HappyPath_projection_matches_golden_fixture" computerName="mac" duration="00:00:00.4192254" startTime="2025-09-19T16:26:24.6980240-05:00" endTime="2025-09-19T16:26:24.6980240-05:00" testType="13cdc9d9-ddb5-4fa4-a97d-d965ccfc6d4b" outcome="Passed" testListId="8c84fa94-04c1-424b-9868-57a2d4851a1d" relativeResultsDirectory="9f933d9b-bbb0-4909-84f2-0a3f6a706b86" />
    <UnitTestResult executionId="836e0bd3-1ff4-498a-b7af-e4c9c92304f7" testId="689d43e4-6cb5-4009-1ac6-7e50bf4ccc94" testName="Appostolic.Api.Tests.Api.UserAvatarEndpointsTests.UploadAvatar_Succeeds_WithPngUnder2MB" computerName="mac" duration="00:00:00.0078590" startTime="2025-09-19T16:26:35.6346340-05:00" endTime="2025-09-19T16:26:35.6346340-05:00" testType="13cdc9d9-ddb5-4fa4-a97d-d965ccfc6d4b" outcome="Passed" testListId="8c84fa94-04c1-424b-9868-57a2d4851a1d" relativeResultsDirectory="836e0bd3-1ff4-498a-b7af-e4c9c92304f7" />
    <UnitTestResult executionId="69a11654-1ba7-4a28-9337-2605a9f52833" testId="1c8df7f1-aa05-88d6-f922-5ecb50d1b5d9" testName="Appostolic.Api.Tests.ModelMappingTests.Agent_ToolAllowlist_is_jsonb_and_roundtrips_like_array" computerName="mac" duration="00:00:00.0031787" startTime="2025-09-19T16:26:38.8653510-05:00" endTime="2025-09-19T16:26:38.8653510-05:00" testType="13cdc9d9-ddb5-4fa4-a97d-d965ccfc6d4b" outcome="Passed" testListId="8c84fa94-04c1-424b-9868-57a2d4851a1d" relativeResultsDirectory="69a11654-1ba7-4a28-9337-2605a9f52833" />
    <UnitTestResult executionId="da7ac621-f6c3-4207-a7e0-85b4e88a02f6" testId="a8bb0fab-56c6-938a-460b-3d46baedbbb6" testName="Appostolic.Api.Tests.Storage.ObjectStorageDeleteTests.Local_DeleteAsync_RemovesFile_WhenPresent" computerName="mac" duration="00:00:00.0020534" startTime="2025-09-19T16:26:29.8128460-05:00" endTime="2025-09-19T16:26:29.8128460-05:00" testType="13cdc9d9-ddb5-4fa4-a97d-d965ccfc6d4b" outcome="Passed" testListId="8c84fa94-04c1-424b-9868-57a2d4851a1d" relativeResultsDirectory="da7ac621-f6c3-4207-a7e0-85b4e88a02f6" />
    <UnitTestResult executionId="5c5ec069-8b34-4fc6-975e-98fe2da26d12" testId="81f70a90-5f17-3107-1751-37f6a5b41791" testName="Appostolic.Api.Tests.Api.InvitesAcceptTests.Accept_With_Invalid_Token_Fails" computerName="mac" duration="00:00:00.0096377" startTime="2025-09-19T16:26:37.3376720-05:00" endTime="2025-09-19T16:26:37.3376720-05:00" testType="13cdc9d9-ddb5-4fa4-a97d-d965ccfc6d4b" outcome="Passed" testListId="8c84fa94-04c1-424b-9868-57a2d4851a1d" relativeResultsDirectory="5c5ec069-8b34-4fc6-975e-98fe2da26d12" />
    <UnitTestResult executionId="cf4ad02f-e236-4a1a-bd4d-04ca4aa7edfe" testId="b3de0f6b-2ac2-0bee-ef58-144a8741a412" testName="Appostolic.Api.Tests.Privacy.PIIHasherTests.HashPhone_NormalizesDigits" computerName="mac" duration="00:00:00.0002836" startTime="2025-09-19T16:26:27.5637980-05:00" endTime="2025-09-19T16:26:27.5637990-05:00" testType="13cdc9d9-ddb5-4fa4-a97d-d965ccfc6d4b" outcome="Passed" testListId="8c84fa94-04c1-424b-9868-57a2d4851a1d" relativeResultsDirectory="cf4ad02f-e236-4a1a-bd4d-04ca4aa7edfe" />
    <UnitTestResult executionId="0b84f549-d26f-44fa-83b4-20dfdb05c992" testId="fc6317ac-4f9e-d443-bb9c-db2ea41d1b6d" testName="Appostolic.Api.Tests.Api.AssignmentsApiTests.Non_admin_cannot_set_roles" computerName="mac" duration="00:00:00.0015538" startTime="2025-09-19T16:26:39.9570960-05:00" endTime="2025-09-19T16:26:39.9570960-05:00" testType="13cdc9d9-ddb5-4fa4-a97d-d965ccfc6d4b" outcome="Passed" testListId="8c84fa94-04c1-424b-9868-57a2d4851a1d" relativeResultsDirectory="0b84f549-d26f-44fa-83b4-20dfdb05c992" />
    <UnitTestResult executionId="1220e2d8-af19-4dcb-aa12-31b5a539b861" testId="4f65136b-b885-5c0a-1650-385c2d5ff86d" testName="Appostolic.Api.Tests.Privacy.LoggingPIIScopeTests.EmailScope_IncludesRedactedAndHash_WhenEnabled" computerName="mac" duration="00:00:00.0002969" startTime="2025-09-19T16:26:29.8363570-05:00" endTime="2025-09-19T16:26:29.8363570-05:00" testType="13cdc9d9-ddb5-4fa4-a97d-d965ccfc6d4b" outcome="Passed" testListId="8c84fa94-04c1-424b-9868-57a2d4851a1d" relativeResultsDirectory="1220e2d8-af19-4dcb-aa12-31b5a539b861" />
  </Results>
  <TestDefinitions>
    <UnitTest name="Appostolic.Api.Tests.Api.UserProfileEndpointsTests.Put_me_merges_profile_and_trims_and_validates_social_urls" storage="/users/kevinmccreary/appostolic/apps/api.tests/bin/debug/net8.0/appostolic.api.tests.dll" id="adb4d425-e330-40e4-2ea6-b182e56ebe7d">
      <Execution id="604eb87e-0c0d-4eef-ba0d-4a73f97a8bb7" />
      <TestMethod codeBase="/Users/kevinmccreary/appostolic/apps/api.tests/bin/Debug/net8.0/Appostolic.Api.Tests.dll" adapterTypeName="executor://xunit/VsTestRunner2/netcoreapp" className="Appostolic.Api.Tests.Api.UserProfileEndpointsTests" name="Put_me_merges_profile_and_trims_and_validates_social_urls" />
    </UnitTest>
    <UnitTest name="Appostolic.Api.Tests.Api.TenantSettingsEndpointsTests.Put_Settings_Deep_Merges" storage="/users/kevinmccreary/appostolic/apps/api.tests/bin/debug/net8.0/appostolic.api.tests.dll" id="95c167d1-a09f-1a4f-5f8b-bfed1919a8c0">
      <Execution id="b2028728-7d70-4449-91da-606db1fabdd1" />
      <TestMethod codeBase="/Users/kevinmccreary/appostolic/apps/api.tests/bin/Debug/net8.0/Appostolic.Api.Tests.dll" adapterTypeName="executor://xunit/VsTestRunner2/netcoreapp" className="Appostolic.Api.Tests.Api.TenantSettingsEndpointsTests" name="Put_Settings_Deep_Merges" />
    </UnitTest>
    <UnitTest name="Appostolic.Api.Tests.Api.InvitesEndpointsTests.Invites_Full_Lifecycle_Create_Resend_Accept_Revoke" storage="/users/kevinmccreary/appostolic/apps/api.tests/bin/debug/net8.0/appostolic.api.tests.dll" id="d5afdedc-771c-29a3-fa0a-9ebd023dd2c6">
      <Execution id="eaad7415-a085-41b3-92a8-16d70423b85b" />
      <TestMethod codeBase="/Users/kevinmccreary/appostolic/apps/api.tests/bin/Debug/net8.0/Appostolic.Api.Tests.dll" adapterTypeName="executor://xunit/VsTestRunner2/netcoreapp" className="Appostolic.Api.Tests.Api.InvitesEndpointsTests" name="Invites_Full_Lifecycle_Create_Resend_Accept_Revoke" />
    </UnitTest>
    <UnitTest name="Appostolic.Api.Tests.Notifications.FieldEncryptionTests.Encrypts_And_Decrypts_On_Lease" storage="/users/kevinmccreary/appostolic/apps/api.tests/bin/debug/net8.0/appostolic.api.tests.dll" id="6305e689-cee9-6a31-93d8-755b6c5fc935">
      <Execution id="bff32075-bd20-4937-be5a-d228c288ab8e" />
      <TestMethod codeBase="/Users/kevinmccreary/appostolic/apps/api.tests/bin/Debug/net8.0/Appostolic.Api.Tests.dll" adapterTypeName="executor://xunit/VsTestRunner2/netcoreapp" className="Appostolic.Api.Tests.Notifications.FieldEncryptionTests" name="Encrypts_And_Decrypts_On_Lease" />
    </UnitTest>
    <UnitTest name="Appostolic.Api.Tests.Notifications.NotificationEnqueuerMagicLinkTests.QueueMagicLink_HashesToken_And_Publishes" storage="/users/kevinmccreary/appostolic/apps/api.tests/bin/debug/net8.0/appostolic.api.tests.dll" id="bc29c184-0770-c9df-63be-2a52d76ad503">
      <Execution id="8df0d100-7df6-49cb-b5bb-afa45883441e" />
      <TestMethod codeBase="/Users/kevinmccreary/appostolic/apps/api.tests/bin/Debug/net8.0/Appostolic.Api.Tests.dll" adapterTypeName="executor://xunit/VsTestRunner2/netcoreapp" className="Appostolic.Api.Tests.Notifications.NotificationEnqueuerMagicLinkTests" name="QueueMagicLink_HashesToken_And_Publishes" />
    </UnitTest>
    <UnitTest name="Appostolic.Api.Tests.Api.NotificationsAdminEndpointsTests.Dlq_replay_requeues_and_publishes_ids" storage="/users/kevinmccreary/appostolic/apps/api.tests/bin/debug/net8.0/appostolic.api.tests.dll" id="2e294ae5-fc9b-2692-1d65-f4ebb89ab5ef">
      <Execution id="5011e390-8392-4a66-8919-b914f9e5e1b3" />
      <TestMethod codeBase="/Users/kevinmccreary/appostolic/apps/api.tests/bin/Debug/net8.0/Appostolic.Api.Tests.dll" adapterTypeName="executor://xunit/VsTestRunner2/netcoreapp" className="Appostolic.Api.Tests.Api.NotificationsAdminEndpointsTests" name="Dlq_replay_requeues_and_publishes_ids" />
    </UnitTest>
    <UnitTest name="Appostolic.Api.Tests.SmokeTests.Health_ReturnsOk" storage="/users/kevinmccreary/appostolic/apps/api.tests/bin/debug/net8.0/appostolic.api.tests.dll" id="fc170f06-7a65-44e3-9780-d428f13f33ad">
      <Execution id="d8cb801e-91f3-48f2-bc94-ee3db63a6c0a" />
      <TestMethod codeBase="/Users/kevinmccreary/appostolic/apps/api.tests/bin/Debug/net8.0/Appostolic.Api.Tests.dll" adapterTypeName="executor://xunit/VsTestRunner2/netcoreapp" className="Appostolic.Api.Tests.SmokeTests" name="Health_ReturnsOk" />
    </UnitTest>
    <UnitTest name="Appostolic.Api.Tests.AgentConstraintTests.Agent_Temperature_out_of_range_throws_in_domain_constructor" storage="/users/kevinmccreary/appostolic/apps/api.tests/bin/debug/net8.0/appostolic.api.tests.dll" id="71d5d180-2d36-ecb9-e4eb-71ca09e46ec4">
      <Execution id="946d4efd-4b01-42ef-9a7e-c18bf7b482e3" />
      <TestMethod codeBase="/Users/kevinmccreary/appostolic/apps/api.tests/bin/Debug/net8.0/Appostolic.Api.Tests.dll" adapterTypeName="executor://xunit/VsTestRunner2/netcoreapp" className="Appostolic.Api.Tests.AgentConstraintTests" name="Agent_Temperature_out_of_range_throws_in_domain_constructor" />
    </UnitTest>
    <UnitTest name="Appostolic.Api.Tests.NotificationEnqueuerTests.QueueInvite_uses_relative_when_base_missing" storage="/users/kevinmccreary/appostolic/apps/api.tests/bin/debug/net8.0/appostolic.api.tests.dll" id="5818c4b0-5040-ff57-2a21-3715c31b378e">
      <Execution id="667e00c4-a713-4d82-bcce-84d3eecae26d" />
      <TestMethod codeBase="/Users/kevinmccreary/appostolic/apps/api.tests/bin/Debug/net8.0/Appostolic.Api.Tests.dll" adapterTypeName="executor://xunit/VsTestRunner2/netcoreapp" className="Appostolic.Api.Tests.NotificationEnqueuerTests" name="QueueInvite_uses_relative_when_base_missing" />
    </UnitTest>
    <UnitTest name="Appostolic.Api.Tests.Orchestrator.TokenAggregationTests.CostIsNull_WhenPricingDisabled" storage="/users/kevinmccreary/appostolic/apps/api.tests/bin/debug/net8.0/appostolic.api.tests.dll" id="3b3a68c1-1138-770e-4b05-0d7fb6b68738">
      <Execution id="0fcd97ed-4ad9-4946-bac2-f25d9aa0509d" />
      <TestMethod codeBase="/Users/kevinmccreary/appostolic/apps/api.tests/bin/Debug/net8.0/Appostolic.Api.Tests.dll" adapterTypeName="executor://xunit/VsTestRunner2/netcoreapp" className="Appostolic.Api.Tests.Orchestrator.TokenAggregationTests" name="CostIsNull_WhenPricingDisabled" />
    </UnitTest>
    <UnitTest name="Appostolic.Api.Tests.Security.RoleAuthorizationTests.RoleChange_Updates_RolesBitmask_FromLegacyRole" storage="/users/kevinmccreary/appostolic/apps/api.tests/bin/debug/net8.0/appostolic.api.tests.dll" id="8854a7b9-94ef-f7db-fb3b-47e96aa6663a">
      <Execution id="7230cd7f-d696-47ad-8bb5-09c708c6284a" />
      <TestMethod codeBase="/Users/kevinmccreary/appostolic/apps/api.tests/bin/Debug/net8.0/Appostolic.Api.Tests.dll" adapterTypeName="executor://xunit/VsTestRunner2/netcoreapp" className="Appostolic.Api.Tests.Security.RoleAuthorizationTests" name="RoleChange_Updates_RolesBitmask_FromLegacyRole" />
    </UnitTest>
    <UnitTest name="Appostolic.Api.Tests.Notifications.NotificationsPiiScrubTests.Scrubs_before_delete_windows_and_deletes_at_cutoff" storage="/users/kevinmccreary/appostolic/apps/api.tests/bin/debug/net8.0/appostolic.api.tests.dll" id="eb812c29-73b3-e923-42de-8821a188e94a">
      <Execution id="3e9186de-8c93-4f8f-a4d5-316d83cfe21a" />
      <TestMethod codeBase="/Users/kevinmccreary/appostolic/apps/api.tests/bin/Debug/net8.0/Appostolic.Api.Tests.dll" adapterTypeName="executor://xunit/VsTestRunner2/netcoreapp" className="Appostolic.Api.Tests.Notifications.NotificationsPiiScrubTests" name="Scrubs_before_delete_windows_and_deletes_at_cutoff" />
    </UnitTest>
    <UnitTest name="Appostolic.Api.Tests.Api.TenantSettingsEndpointsTests.Upload_Logo_Rejects_Unsupported_Media_Type" storage="/users/kevinmccreary/appostolic/apps/api.tests/bin/debug/net8.0/appostolic.api.tests.dll" id="9e2bc8ee-63e7-247f-c2c7-e16759561a39">
      <Execution id="63f67d25-dbea-40f7-a818-58e60f3702bc" />
      <TestMethod codeBase="/Users/kevinmccreary/appostolic/apps/api.tests/bin/Debug/net8.0/Appostolic.Api.Tests.dll" adapterTypeName="executor://xunit/VsTestRunner2/netcoreapp" className="Appostolic.Api.Tests.Api.TenantSettingsEndpointsTests" name="Upload_Logo_Rejects_Unsupported_Media_Type" />
    </UnitTest>
    <UnitTest name="Appostolic.Api.Tests.Api.MembersManagementTests.Owner_can_promote_editor_to_admin" storage="/users/kevinmccreary/appostolic/apps/api.tests/bin/debug/net8.0/appostolic.api.tests.dll" id="80cb1a83-dede-f3ba-117a-352364082463">
      <Execution id="3e56ab80-3fd4-4dea-a65a-19d5e5f4585e" />
      <TestMethod codeBase="/Users/kevinmccreary/appostolic/apps/api.tests/bin/Debug/net8.0/Appostolic.Api.Tests.dll" adapterTypeName="executor://xunit/VsTestRunner2/netcoreapp" className="Appostolic.Api.Tests.Api.MembersManagementTests" name="Owner_can_promote_editor_to_admin" />
    </UnitTest>
    <UnitTest name="Appostolic.Api.Tests.E2E.NotificationsE2E_Mailhog.VerificationEmail_reaches_Mailhog_and_outbox_marks_Sent" storage="/users/kevinmccreary/appostolic/apps/api.tests/bin/debug/net8.0/appostolic.api.tests.dll" id="57eb4321-b137-5017-063e-e3e669ff6aa8">
      <Execution id="3be6ddf3-39a0-4a15-950c-c2a951303b4c" />
      <TestMethod codeBase="/Users/kevinmccreary/appostolic/apps/api.tests/bin/Debug/net8.0/Appostolic.Api.Tests.dll" adapterTypeName="executor://xunit/VsTestRunner2/netcoreapp" className="Appostolic.Api.Tests.E2E.NotificationsE2E_Mailhog" name="VerificationEmail_reaches_Mailhog_and_outbox_marks_Sent" />
    </UnitTest>
    <UnitTest name="Appostolic.Api.Tests.Privacy.PIIRedactorTests.RedactPhone_Works(input: &quot;1234&quot;, expected: &quot;***1234&quot;)" storage="/users/kevinmccreary/appostolic/apps/api.tests/bin/debug/net8.0/appostolic.api.tests.dll" id="ad4c69db-d5c6-f4c3-9052-619bff8dd14e">
      <Execution id="2cc576da-ffdc-46f1-9bfe-1ef0061cab5b" />
      <TestMethod codeBase="/Users/kevinmccreary/appostolic/apps/api.tests/bin/Debug/net8.0/Appostolic.Api.Tests.dll" adapterTypeName="executor://xunit/VsTestRunner2/netcoreapp" className="Appostolic.Api.Tests.Privacy.PIIRedactorTests" name="RedactPhone_Works" />
    </UnitTest>
    <UnitTest name="Appostolic.Api.Tests.EmailProviderSelectionTests.Resolves_SendGrid_sender_when_provider_sendgrid" storage="/users/kevinmccreary/appostolic/apps/api.tests/bin/debug/net8.0/appostolic.api.tests.dll" id="4f12e680-b238-5f1e-d786-32a29acea93b">
      <Execution id="4ce76a66-64a7-4734-b668-560ffb33c674" />
      <TestMethod codeBase="/Users/kevinmccreary/appostolic/apps/api.tests/bin/Debug/net8.0/Appostolic.Api.Tests.dll" adapterTypeName="executor://xunit/VsTestRunner2/netcoreapp" className="Appostolic.Api.Tests.EmailProviderSelectionTests" name="Resolves_SendGrid_sender_when_provider_sendgrid" />
    </UnitTest>
    <UnitTest name="Appostolic.Api.Tests.Api.NotificationsAdminEndpointsTests.Dlq_list_returns_failed_and_deadletter_with_paging" storage="/users/kevinmccreary/appostolic/apps/api.tests/bin/debug/net8.0/appostolic.api.tests.dll" id="68b95691-6ef6-716d-545d-ee6cf04d94e7">
      <Execution id="b40a6f25-7097-4145-a046-162b2c580283" />
      <TestMethod codeBase="/Users/kevinmccreary/appostolic/apps/api.tests/bin/Debug/net8.0/Appostolic.Api.Tests.dll" adapterTypeName="executor://xunit/VsTestRunner2/netcoreapp" className="Appostolic.Api.Tests.Api.NotificationsAdminEndpointsTests" name="Dlq_list_returns_failed_and_deadletter_with_paging" />
    </UnitTest>
    <UnitTest name="Appostolic.Api.Tests.Api.InvitesRolesFlagsTests.Create_Invite_Without_Roles_Derives_From_Legacy_Role" storage="/users/kevinmccreary/appostolic/apps/api.tests/bin/debug/net8.0/appostolic.api.tests.dll" id="f5342a6b-27a3-125c-432b-bd0ce4c9f03d">
      <Execution id="8bcd8e6a-f08f-41e6-960a-a06d41b730ca" />
      <TestMethod codeBase="/Users/kevinmccreary/appostolic/apps/api.tests/bin/Debug/net8.0/Appostolic.Api.Tests.dll" adapterTypeName="executor://xunit/VsTestRunner2/netcoreapp" className="Appostolic.Api.Tests.Api.InvitesRolesFlagsTests" name="Create_Invite_Without_Roles_Derives_From_Legacy_Role" />
    </UnitTest>
    <UnitTest name="Appostolic.Api.Tests.Observability.TelemetrySmokeTests.HappyPath_Emits_Spans_And_Metrics" storage="/users/kevinmccreary/appostolic/apps/api.tests/bin/debug/net8.0/appostolic.api.tests.dll" id="a11d6311-0314-291e-6c87-0745cc1eace8">
      <Execution id="4fffb543-742a-4ac0-b0d8-c4eea7e22b72" />
      <TestMethod codeBase="/Users/kevinmccreary/appostolic/apps/api.tests/bin/Debug/net8.0/Appostolic.Api.Tests.dll" adapterTypeName="executor://xunit/VsTestRunner2/netcoreapp" className="Appostolic.Api.Tests.Observability.TelemetrySmokeTests" name="HappyPath_Emits_Spans_And_Metrics" />
    </UnitTest>
    <UnitTest name="Appostolic.Api.Tests.Api.UserAvatarEndpointsTests.UploadAvatar_Rejects_TooRectangular" storage="/users/kevinmccreary/appostolic/apps/api.tests/bin/debug/net8.0/appostolic.api.tests.dll" id="d651406b-2d52-45a1-6b81-e5bff5b77f68">
      <Execution id="d768a7f4-d8f6-4688-91e9-15a070415d15" />
      <TestMethod codeBase="/Users/kevinmccreary/appostolic/apps/api.tests/bin/Debug/net8.0/Appostolic.Api.Tests.dll" adapterTypeName="executor://xunit/VsTestRunner2/netcoreapp" className="Appostolic.Api.Tests.Api.UserAvatarEndpointsTests" name="UploadAvatar_Rejects_TooRectangular" />
    </UnitTest>
    <UnitTest name="Appostolic.Api.Tests.SwaggerEndpointTests.SwaggerUI_ReturnsHtml" storage="/users/kevinmccreary/appostolic/apps/api.tests/bin/debug/net8.0/appostolic.api.tests.dll" id="d4f44d27-452c-a77e-5891-0807797b42c9">
      <Execution id="8be2f2c4-42c0-44f0-a471-0fa7351e1ebd" />
      <TestMethod codeBase="/Users/kevinmccreary/appostolic/apps/api.tests/bin/Debug/net8.0/Appostolic.Api.Tests.dll" adapterTypeName="executor://xunit/VsTestRunner2/netcoreapp" className="Appostolic.Api.Tests.SwaggerEndpointTests" name="SwaggerUI_ReturnsHtml" />
    </UnitTest>
    <UnitTest name="Appostolic.Api.Tests.Api.UserAvatarEndpointsTests.UploadAvatar_Rejects_UnsupportedMediaType" storage="/users/kevinmccreary/appostolic/apps/api.tests/bin/debug/net8.0/appostolic.api.tests.dll" id="65bd3a03-5d21-067f-5d94-19d0f92f350a">
      <Execution id="1608de83-d017-41fb-acb4-f3b60dd726a9" />
      <TestMethod codeBase="/Users/kevinmccreary/appostolic/apps/api.tests/bin/Debug/net8.0/Appostolic.Api.Tests.dll" adapterTypeName="executor://xunit/VsTestRunner2/netcoreapp" className="Appostolic.Api.Tests.Api.UserAvatarEndpointsTests" name="UploadAvatar_Rejects_UnsupportedMediaType" />
    </UnitTest>
    <UnitTest name="Appostolic.Api.Tests.AgentTasks.AgentTasksCancelRetryTests.Cancel_Pending_Task_IsCanceledImmediately" storage="/users/kevinmccreary/appostolic/apps/api.tests/bin/debug/net8.0/appostolic.api.tests.dll" id="f7e247f1-8de7-594b-e638-b4ec989d69be">
      <Execution id="a65949f3-ef09-459a-8687-a27cf05da4b0" />
      <TestMethod codeBase="/Users/kevinmccreary/appostolic/apps/api.tests/bin/Debug/net8.0/Appostolic.Api.Tests.dll" adapterTypeName="executor://xunit/VsTestRunner2/netcoreapp" className="Appostolic.Api.Tests.AgentTasks.AgentTasksCancelRetryTests" name="Cancel_Pending_Task_IsCanceledImmediately" />
    </UnitTest>
    <UnitTest name="Appostolic.Api.Tests.Api.UserPasswordEndpointsTests.Change_password_succeeds_with_valid_current" storage="/users/kevinmccreary/appostolic/apps/api.tests/bin/debug/net8.0/appostolic.api.tests.dll" id="be1de379-3abe-1f02-3816-c02bcfed7529">
      <Execution id="56a89c47-177f-4604-9ae2-f43f9bd4910a" />
      <TestMethod codeBase="/Users/kevinmccreary/appostolic/apps/api.tests/bin/Debug/net8.0/Appostolic.Api.Tests.dll" adapterTypeName="executor://xunit/VsTestRunner2/netcoreapp" className="Appostolic.Api.Tests.Api.UserPasswordEndpointsTests" name="Change_password_succeeds_with_valid_current" />
    </UnitTest>
    <UnitTest name="Appostolic.Api.Tests.Api.AssignmentsApiTests.Set_roles_replaces_flags_and_allows_noop" storage="/users/kevinmccreary/appostolic/apps/api.tests/bin/debug/net8.0/appostolic.api.tests.dll" id="29cdf802-09fa-4c20-1649-a919d0e03e4d">
      <Execution id="b3bfbb13-9dd2-4476-8ede-a6ed0994d9ff" />
      <TestMethod codeBase="/Users/kevinmccreary/appostolic/apps/api.tests/bin/Debug/net8.0/Appostolic.Api.Tests.dll" adapterTypeName="executor://xunit/VsTestRunner2/netcoreapp" className="Appostolic.Api.Tests.Api.AssignmentsApiTests" name="Set_roles_replaces_flags_and_allows_noop" />
    </UnitTest>
    <UnitTest name="Appostolic.Api.Tests.Api.AuditsListingEndpointTests.Returns_400_on_invalid_guid_filters" storage="/users/kevinmccreary/appostolic/apps/api.tests/bin/debug/net8.0/appostolic.api.tests.dll" id="d3e47fb0-198c-5eff-c3a7-e584b9e9130b">
      <Execution id="bb44f8cc-fc6d-4797-86c9-95d5a4545b70" />
      <TestMethod codeBase="/Users/kevinmccreary/appostolic/apps/api.tests/bin/Debug/net8.0/Appostolic.Api.Tests.dll" adapterTypeName="executor://xunit/VsTestRunner2/netcoreapp" className="Appostolic.Api.Tests.Api.AuditsListingEndpointTests" name="Returns_400_on_invalid_guid_filters" />
    </UnitTest>
    <UnitTest name="Appostolic.Api.Tests.Orchestrator.AgentOrchestratorTests.HappyPath_ModelPlansToolThenFinal_SucceedsWithTwoTraces" storage="/users/kevinmccreary/appostolic/apps/api.tests/bin/debug/net8.0/appostolic.api.tests.dll" id="e654c6ff-e79b-0f0d-7ecf-a4648dc0cf91">
      <Execution id="ee5548ff-134a-4a50-b187-acfbce2f0ec6" />
      <TestMethod codeBase="/Users/kevinmccreary/appostolic/apps/api.tests/bin/Debug/net8.0/Appostolic.Api.Tests.dll" adapterTypeName="executor://xunit/VsTestRunner2/netcoreapp" className="Appostolic.Api.Tests.Orchestrator.AgentOrchestratorTests" name="HappyPath_ModelPlansToolThenFinal_SucceedsWithTwoTraces" />
    </UnitTest>
    <UnitTest name="Appostolic.Api.Tests.Api.UserPasswordEndpointsTests.Change_password_rejects_invalid_current" storage="/users/kevinmccreary/appostolic/apps/api.tests/bin/debug/net8.0/appostolic.api.tests.dll" id="f6f9c7c7-2034-4809-9600-0c0282164e3f">
      <Execution id="555a26d2-69e3-4f7f-8333-5711c6844193" />
      <TestMethod codeBase="/Users/kevinmccreary/appostolic/apps/api.tests/bin/Debug/net8.0/Appostolic.Api.Tests.dll" adapterTypeName="executor://xunit/VsTestRunner2/netcoreapp" className="Appostolic.Api.Tests.Api.UserPasswordEndpointsTests" name="Change_password_rejects_invalid_current" />
    </UnitTest>
    <UnitTest name="Appostolic.Api.Tests.Api.AuditsListingEndpointTests.Lists_audits_with_paging_and_total_count" storage="/users/kevinmccreary/appostolic/apps/api.tests/bin/debug/net8.0/appostolic.api.tests.dll" id="66fffdff-2dff-cbe5-8750-30f31bf1db7c">
      <Execution id="add042bf-8fad-4a6c-a3c3-77a02b749bd6" />
      <TestMethod codeBase="/Users/kevinmccreary/appostolic/apps/api.tests/bin/Debug/net8.0/Appostolic.Api.Tests.dll" adapterTypeName="executor://xunit/VsTestRunner2/netcoreapp" className="Appostolic.Api.Tests.Api.AuditsListingEndpointTests" name="Lists_audits_with_paging_and_total_count" />
    </UnitTest>
    <UnitTest name="FsWriteToolTests.Rejects_when_content_exceeds_max" storage="/users/kevinmccreary/appostolic/apps/api.tests/bin/debug/net8.0/appostolic.api.tests.dll" id="6ac2577f-abec-ce9e-a92b-34035bd744e0">
      <Execution id="d48d4a53-a1d3-4f8b-902a-ff1488f671d4" />
      <TestMethod codeBase="/Users/kevinmccreary/appostolic/apps/api.tests/bin/Debug/net8.0/Appostolic.Api.Tests.dll" adapterTypeName="executor://xunit/VsTestRunner2/netcoreapp" className="FsWriteToolTests" name="Rejects_when_content_exceeds_max" />
    </UnitTest>
    <UnitTest name="Appostolic.Api.Tests.Model.TokenEstimatorTests.EstimateTokens_Heuristic_CeilPer4Chars(text: &quot;abcd&quot;, expected: 1)" storage="/users/kevinmccreary/appostolic/apps/api.tests/bin/debug/net8.0/appostolic.api.tests.dll" id="39114ef2-4a94-0d20-df91-881c10164c3c">
      <Execution id="ea4af4ca-9fef-4936-a788-f4be1720a40d" />
      <TestMethod codeBase="/Users/kevinmccreary/appostolic/apps/api.tests/bin/Debug/net8.0/Appostolic.Api.Tests.dll" adapterTypeName="executor://xunit/VsTestRunner2/netcoreapp" className="Appostolic.Api.Tests.Model.TokenEstimatorTests" name="EstimateTokens_Heuristic_CeilPer4Chars" />
    </UnitTest>
    <UnitTest name="Appostolic.Api.Tests.Notifications.RedisTransportPrivacyTests.EnqueueFailure_LogsErrorWithoutPayloadContents" storage="/users/kevinmccreary/appostolic/apps/api.tests/bin/debug/net8.0/appostolic.api.tests.dll" id="6a6d73d7-7d30-455c-71a4-79ea460d8c8c">
      <Execution id="18bf5e2c-14ba-45fe-8e42-36156fc732d5" />
      <TestMethod codeBase="/Users/kevinmccreary/appostolic/apps/api.tests/bin/Debug/net8.0/Appostolic.Api.Tests.dll" adapterTypeName="executor://xunit/VsTestRunner2/netcoreapp" className="Appostolic.Api.Tests.Notifications.RedisTransportPrivacyTests" name="EnqueueFailure_LogsErrorWithoutPayloadContents" />
    </UnitTest>
    <UnitTest name="Appostolic.Api.Tests.ModelMappingTests.Agent_check_constraints_are_configured_in_model" storage="/users/kevinmccreary/appostolic/apps/api.tests/bin/debug/net8.0/appostolic.api.tests.dll" id="f36e146c-5e84-0e67-2982-f20e16e0dd68">
      <Execution id="7b2d6e52-8e47-406c-9275-9d03efacf7b6" />
      <TestMethod codeBase="/Users/kevinmccreary/appostolic/apps/api.tests/bin/Debug/net8.0/Appostolic.Api.Tests.dll" adapterTypeName="executor://xunit/VsTestRunner2/netcoreapp" className="Appostolic.Api.Tests.ModelMappingTests" name="Agent_check_constraints_are_configured_in_model" />
    </UnitTest>
    <UnitTest name="Appostolic.Api.Tests.SendGridEmailSenderTests.Sends_on_202_Accepted" storage="/users/kevinmccreary/appostolic/apps/api.tests/bin/debug/net8.0/appostolic.api.tests.dll" id="02f4c01b-4d57-cea6-940b-91f660d6b3a5">
      <Execution id="83d5247a-2ea7-417c-bd68-142caba8edfb" />
      <TestMethod codeBase="/Users/kevinmccreary/appostolic/apps/api.tests/bin/Debug/net8.0/Appostolic.Api.Tests.dll" adapterTypeName="executor://xunit/VsTestRunner2/netcoreapp" className="Appostolic.Api.Tests.SendGridEmailSenderTests" name="Sends_on_202_Accepted" />
    </UnitTest>
    <UnitTest name="Appostolic.Api.Tests.Api.AuthPasswordFlowsTests.ResetPassword_WithValidToken_UpdatesHashAndConsumesToken" storage="/users/kevinmccreary/appostolic/apps/api.tests/bin/debug/net8.0/appostolic.api.tests.dll" id="eeaccddf-52e1-1db7-6606-fc19c2721862">
      <Execution id="373c9fa0-06a9-45f5-b8e8-332f1e9b3efd" />
      <TestMethod codeBase="/Users/kevinmccreary/appostolic/apps/api.tests/bin/Debug/net8.0/Appostolic.Api.Tests.dll" adapterTypeName="executor://xunit/VsTestRunner2/netcoreapp" className="Appostolic.Api.Tests.Api.AuthPasswordFlowsTests" name="ResetPassword_WithValidToken_UpdatesHashAndConsumesToken" />
    </UnitTest>
    <UnitTest name="Appostolic.Api.AuthTests.LoginRolesConvergenceTests.Login_Corrects_MismatchedRolesBitmask" storage="/users/kevinmccreary/appostolic/apps/api.tests/bin/debug/net8.0/appostolic.api.tests.dll" id="04bcbc12-4d94-6002-177c-d4c323bf07a7">
      <Execution id="25ac45d0-2fb1-4401-a87c-1b62d9776c07" />
      <TestMethod codeBase="/Users/kevinmccreary/appostolic/apps/api.tests/bin/Debug/net8.0/Appostolic.Api.Tests.dll" adapterTypeName="executor://xunit/VsTestRunner2/netcoreapp" className="Appostolic.Api.AuthTests.LoginRolesConvergenceTests" name="Login_Corrects_MismatchedRolesBitmask" />
    </UnitTest>
    <UnitTest name="Appostolic.Api.Tests.Api.AuthPasswordFlowsTests.ResetPassword_WithInvalidToken_ReturnsBadRequest" storage="/users/kevinmccreary/appostolic/apps/api.tests/bin/debug/net8.0/appostolic.api.tests.dll" id="f3139bd5-165e-b0d0-2da0-a0210810049e">
      <Execution id="ab96f8a5-4840-488e-b3b4-a4e7c09dbd5e" />
      <TestMethod codeBase="/Users/kevinmccreary/appostolic/apps/api.tests/bin/Debug/net8.0/Appostolic.Api.Tests.dll" adapterTypeName="executor://xunit/VsTestRunner2/netcoreapp" className="Appostolic.Api.Tests.Api.AuthPasswordFlowsTests" name="ResetPassword_WithInvalidToken_ReturnsBadRequest" />
    </UnitTest>
    <UnitTest name="Appostolic.Api.Tests.EmailDedupeTests.Dedupe_suppresses_duplicate_messages" storage="/users/kevinmccreary/appostolic/apps/api.tests/bin/debug/net8.0/appostolic.api.tests.dll" id="21127838-ea89-b283-653a-0b46d8acc590">
      <Execution id="87d5e337-a5bd-42d9-9068-33d06045daa8" />
      <TestMethod codeBase="/Users/kevinmccreary/appostolic/apps/api.tests/bin/Debug/net8.0/Appostolic.Api.Tests.dll" adapterTypeName="executor://xunit/VsTestRunner2/netcoreapp" className="Appostolic.Api.Tests.EmailDedupeTests" name="Dedupe_suppresses_duplicate_messages" />
    </UnitTest>
    <UnitTest name="Appostolic.Api.Tests.Privacy.PIIHasherTests.HashPhone_NormalizesDigits" storage="/users/kevinmccreary/appostolic/apps/api.tests/bin/debug/net8.0/appostolic.api.tests.dll" id="b3de0f6b-2ac2-0bee-ef58-144a8741a412">
      <Execution id="cf4ad02f-e236-4a1a-bd4d-04ca4aa7edfe" />
      <TestMethod codeBase="/Users/kevinmccreary/appostolic/apps/api.tests/bin/Debug/net8.0/Appostolic.Api.Tests.dll" adapterTypeName="executor://xunit/VsTestRunner2/netcoreapp" className="Appostolic.Api.Tests.Privacy.PIIHasherTests" name="HashPhone_NormalizesDigits" />
    </UnitTest>
    <UnitTest name="Appostolic.Api.Tests.Model.TokenEstimatorTests.EstimateTokens_Heuristic_CeilPer4Chars(text: &quot;abcdefghi&quot;, expected: 3)" storage="/users/kevinmccreary/appostolic/apps/api.tests/bin/debug/net8.0/appostolic.api.tests.dll" id="df92ad96-32d4-9c44-0398-97a52600538f">
      <Execution id="c873566f-6156-4212-bd22-954845b34779" />
      <TestMethod codeBase="/Users/kevinmccreary/appostolic/apps/api.tests/bin/Debug/net8.0/Appostolic.Api.Tests.dll" adapterTypeName="executor://xunit/VsTestRunner2/netcoreapp" className="Appostolic.Api.Tests.Model.TokenEstimatorTests" name="EstimateTokens_Heuristic_CeilPer4Chars" />
    </UnitTest>
    <UnitTest name="Appostolic.Api.Tests.Notifications.NotificationsResendTests.Can_insert_child_with_resend_of_fk" storage="/users/kevinmccreary/appostolic/apps/api.tests/bin/debug/net8.0/appostolic.api.tests.dll" id="051a87a0-4947-acab-5222-3cc970dba0ba">
      <Execution id="4b4ae3ef-8011-434c-af68-757e26ae3f54" />
      <TestMethod codeBase="/Users/kevinmccreary/appostolic/apps/api.tests/bin/Debug/net8.0/Appostolic.Api.Tests.dll" adapterTypeName="executor://xunit/VsTestRunner2/netcoreapp" className="Appostolic.Api.Tests.Notifications.NotificationsResendTests" name="Can_insert_child_with_resend_of_fk" />
    </UnitTest>
    <UnitTest name="Appostolic.Api.Tests.AgentOrchestratorTests.ToolMissing_FailsWithToolNotFound" storage="/users/kevinmccreary/appostolic/apps/api.tests/bin/debug/net8.0/appostolic.api.tests.dll" id="8e56ee2d-296c-f180-2ad1-a3abd5b19292">
      <Execution id="31b51c7c-3f7d-4b6a-984a-dab7e00b6c23" />
      <TestMethod codeBase="/Users/kevinmccreary/appostolic/apps/api.tests/bin/Debug/net8.0/Appostolic.Api.Tests.dll" adapterTypeName="executor://xunit/VsTestRunner2/netcoreapp" className="Appostolic.Api.Tests.AgentOrchestratorTests" name="ToolMissing_FailsWithToolNotFound" />
    </UnitTest>
    <UnitTest name="Appostolic.Api.Tests.Api.DevGrantRolesEndpointTests.Updates_existing_membership_roles_writes_audit" storage="/users/kevinmccreary/appostolic/apps/api.tests/bin/debug/net8.0/appostolic.api.tests.dll" id="1cde006b-fa5b-9bb3-7b8a-0a89c0448d58">
      <Execution id="a442da3a-6471-468b-9c16-8d10d2a91cb7" />
      <TestMethod codeBase="/Users/kevinmccreary/appostolic/apps/api.tests/bin/Debug/net8.0/Appostolic.Api.Tests.dll" adapterTypeName="executor://xunit/VsTestRunner2/netcoreapp" className="Appostolic.Api.Tests.Api.DevGrantRolesEndpointTests" name="Updates_existing_membership_roles_writes_audit" />
    </UnitTest>
    <UnitTest name="Appostolic.Api.Tests.Privacy.PIIRedactorTests.RedactPhone_Works(input: &quot;5551234567&quot;, expected: &quot;***4567&quot;)" storage="/users/kevinmccreary/appostolic/apps/api.tests/bin/debug/net8.0/appostolic.api.tests.dll" id="3ff15350-3cc9-12ef-e4db-8ff403fcec20">
      <Execution id="1ad6854e-2d18-4093-82b8-c26446867f33" />
      <TestMethod codeBase="/Users/kevinmccreary/appostolic/apps/api.tests/bin/Debug/net8.0/Appostolic.Api.Tests.dll" adapterTypeName="executor://xunit/VsTestRunner2/netcoreapp" className="Appostolic.Api.Tests.Privacy.PIIRedactorTests" name="RedactPhone_Works" />
    </UnitTest>
    <UnitTest name="Appostolic.Api.Tests.Api.UserProfileEndpointsTests.Get_me_returns_user_with_profile" storage="/users/kevinmccreary/appostolic/apps/api.tests/bin/debug/net8.0/appostolic.api.tests.dll" id="5404549b-a3b0-871f-9a8d-c5b5f387dff4">
      <Execution id="305c7107-daff-47b5-abf3-676eacc2ae23" />
      <TestMethod codeBase="/Users/kevinmccreary/appostolic/apps/api.tests/bin/Debug/net8.0/Appostolic.Api.Tests.dll" adapterTypeName="executor://xunit/VsTestRunner2/netcoreapp" className="Appostolic.Api.Tests.Api.UserProfileEndpointsTests" name="Get_me_returns_user_with_profile" />
    </UnitTest>
    <UnitTest name="Appostolic.Api.Tests.Privacy.LoggingPIIScopeTests.PhoneScope_IncludesRedactedAndHash_WhenEnabled" storage="/users/kevinmccreary/appostolic/apps/api.tests/bin/debug/net8.0/appostolic.api.tests.dll" id="21ae461c-c70e-da1d-6ae3-1fc6937d571a">
      <Execution id="d0c0e3cd-9b07-4cad-888b-033264daec6d" />
      <TestMethod codeBase="/Users/kevinmccreary/appostolic/apps/api.tests/bin/Debug/net8.0/Appostolic.Api.Tests.dll" adapterTypeName="executor://xunit/VsTestRunner2/netcoreapp" className="Appostolic.Api.Tests.Privacy.LoggingPIIScopeTests" name="PhoneScope_IncludesRedactedAndHash_WhenEnabled" />
    </UnitTest>
    <UnitTest name="Appostolic.Api.Tests.SmtpEmailSenderTests.Sends_with_both_text_and_html" storage="/users/kevinmccreary/appostolic/apps/api.tests/bin/debug/net8.0/appostolic.api.tests.dll" id="4ee5f350-b89d-edd8-c84d-cd5d40909f15">
      <Execution id="3d325077-0bbe-4c92-8323-580c10013945" />
      <TestMethod codeBase="/Users/kevinmccreary/appostolic/apps/api.tests/bin/Debug/net8.0/Appostolic.Api.Tests.dll" adapterTypeName="executor://xunit/VsTestRunner2/netcoreapp" className="Appostolic.Api.Tests.SmtpEmailSenderTests" name="Sends_with_both_text_and_html" />
    </UnitTest>
    <UnitTest name="Appostolic.Api.Tests.Api.MinimalPngDecodeTests.MinimalPng_1x1_Decodes_With_ImageSharp" storage="/users/kevinmccreary/appostolic/apps/api.tests/bin/debug/net8.0/appostolic.api.tests.dll" id="598c0784-1cd9-c9b4-915a-4a09f637e246">
      <Execution id="2029e09c-53c5-48f6-acf8-8cd2a965cc92" />
      <TestMethod codeBase="/Users/kevinmccreary/appostolic/apps/api.tests/bin/Debug/net8.0/Appostolic.Api.Tests.dll" adapterTypeName="executor://xunit/VsTestRunner2/netcoreapp" className="Appostolic.Api.Tests.Api.MinimalPngDecodeTests" name="MinimalPng_1x1_Decodes_With_ImageSharp" />
    </UnitTest>
    <UnitTest name="Appostolic.Api.Tests.AgentOrchestratorTests.HappyPath_ModelPlansToolThenFinal_SucceedsWithTwoTraces" storage="/users/kevinmccreary/appostolic/apps/api.tests/bin/debug/net8.0/appostolic.api.tests.dll" id="dfdd94d6-4157-31a9-a81a-18fee28467d5">
      <Execution id="fdb10a93-6651-4840-a812-82c5a755074c" />
      <TestMethod codeBase="/Users/kevinmccreary/appostolic/apps/api.tests/bin/Debug/net8.0/Appostolic.Api.Tests.dll" adapterTypeName="executor://xunit/VsTestRunner2/netcoreapp" className="Appostolic.Api.Tests.AgentOrchestratorTests" name="HappyPath_ModelPlansToolThenFinal_SucceedsWithTwoTraces" />
    </UnitTest>
    <UnitTest name="Appostolic.Api.Tests.Notifications.RedisTransportPrivacyTests.NonGuidPayload_DoesNotLogPayloadContents" storage="/users/kevinmccreary/appostolic/apps/api.tests/bin/debug/net8.0/appostolic.api.tests.dll" id="46ad1244-cbdb-dca6-f007-7e8a232754cc">
      <Execution id="d09e3fb3-0ece-4904-a89b-590c5af3cc12" />
      <TestMethod codeBase="/Users/kevinmccreary/appostolic/apps/api.tests/bin/Debug/net8.0/Appostolic.Api.Tests.dll" adapterTypeName="executor://xunit/VsTestRunner2/netcoreapp" className="Appostolic.Api.Tests.Notifications.RedisTransportPrivacyTests" name="NonGuidPayload_DoesNotLogPayloadContents" />
    </UnitTest>
    <UnitTest name="Appostolic.Api.Tests.SendGridEmailSenderTests.Throws_on_400" storage="/users/kevinmccreary/appostolic/apps/api.tests/bin/debug/net8.0/appostolic.api.tests.dll" id="a00d92b0-35aa-1e7c-b5ff-79738a042c12">
      <Execution id="89619bb9-4cb7-4753-9eea-a0d6ff1621ea" />
      <TestMethod codeBase="/Users/kevinmccreary/appostolic/apps/api.tests/bin/Debug/net8.0/Appostolic.Api.Tests.dll" adapterTypeName="executor://xunit/VsTestRunner2/netcoreapp" className="Appostolic.Api.Tests.SendGridEmailSenderTests" name="Throws_on_400" />
    </UnitTest>
    <UnitTest name="Appostolic.Api.Tests.E2E.AgentTasksE2E_Concurrency.Worker_Processes_Many_Tasks_Reliably" storage="/users/kevinmccreary/appostolic/apps/api.tests/bin/debug/net8.0/appostolic.api.tests.dll" id="c64a9991-8173-cdf8-9198-d5935257f1a8">
      <Execution id="5ad845fe-3ad7-4f59-8ced-e49b42f972de" />
      <TestMethod codeBase="/Users/kevinmccreary/appostolic/apps/api.tests/bin/Debug/net8.0/Appostolic.Api.Tests.dll" adapterTypeName="executor://xunit/VsTestRunner2/netcoreapp" className="Appostolic.Api.Tests.E2E.AgentTasksE2E_Concurrency" name="Worker_Processes_Many_Tasks_Reliably" />
    </UnitTest>
    <UnitTest name="Appostolic.Api.Tests.NotificationEnqueuerTests.QueueVerification_uses_relative_when_base_missing" storage="/users/kevinmccreary/appostolic/apps/api.tests/bin/debug/net8.0/appostolic.api.tests.dll" id="ec039bf7-f831-a8e3-834c-89707ff2f6d2">
      <Execution id="2b67f410-16b6-43ac-8dbf-a04cd02324e3" />
      <TestMethod codeBase="/Users/kevinmccreary/appostolic/apps/api.tests/bin/Debug/net8.0/Appostolic.Api.Tests.dll" adapterTypeName="executor://xunit/VsTestRunner2/netcoreapp" className="Appostolic.Api.Tests.NotificationEnqueuerTests" name="QueueVerification_uses_relative_when_base_missing" />
    </UnitTest>
    <UnitTest name="Appostolic.Api.Tests.Notifications.NotificationsRetentionTests.Purger_removes_expired_dedupes_and_old_notifications" storage="/users/kevinmccreary/appostolic/apps/api.tests/bin/debug/net8.0/appostolic.api.tests.dll" id="54bfc83b-71cd-70be-2e17-0d354a18b25a">
      <Execution id="4f35375d-2c8d-473b-bc12-652330fa92d8" />
      <TestMethod codeBase="/Users/kevinmccreary/appostolic/apps/api.tests/bin/Debug/net8.0/Appostolic.Api.Tests.dll" adapterTypeName="executor://xunit/VsTestRunner2/netcoreapp" className="Appostolic.Api.Tests.Notifications.NotificationsRetentionTests" name="Purger_removes_expired_dedupes_and_old_notifications" />
    </UnitTest>
    <UnitTest name="Appostolic.Api.Tests.E2E.AgentTasksE2E_HappyPath.EndToEnd_CreatesTask_RunsToSuccess_TracesAndTokensPresent" storage="/users/kevinmccreary/appostolic/apps/api.tests/bin/debug/net8.0/appostolic.api.tests.dll" id="9b729b7e-a306-20a1-7040-eda547fe8bec">
      <Execution id="1c2f44a9-f0df-4169-829c-233ac2f85b7d" />
      <TestMethod codeBase="/Users/kevinmccreary/appostolic/apps/api.tests/bin/Debug/net8.0/Appostolic.Api.Tests.dll" adapterTypeName="executor://xunit/VsTestRunner2/netcoreapp" className="Appostolic.Api.Tests.E2E.AgentTasksE2E_HappyPath" name="EndToEnd_CreatesTask_RunsToSuccess_TracesAndTokensPresent" />
    </UnitTest>
    <UnitTest name="Appostolic.Api.Tests.Orchestrator.AgentOrchestratorTests.MaxStepsExceeded_FailsAfterCap" storage="/users/kevinmccreary/appostolic/apps/api.tests/bin/debug/net8.0/appostolic.api.tests.dll" id="30aa5bc1-9211-739f-532d-176c6c3c3a30">
      <Execution id="6e4601af-77c3-4746-b5eb-94805950b0e2" />
      <TestMethod codeBase="/Users/kevinmccreary/appostolic/apps/api.tests/bin/Debug/net8.0/Appostolic.Api.Tests.dll" adapterTypeName="executor://xunit/VsTestRunner2/netcoreapp" className="Appostolic.Api.Tests.Orchestrator.AgentOrchestratorTests" name="MaxStepsExceeded_FailsAfterCap" />
    </UnitTest>
    <UnitTest name="Appostolic.Api.Tests.ModelMappingTests.AgentTrace_Kind_is_mapped_as_int" storage="/users/kevinmccreary/appostolic/apps/api.tests/bin/debug/net8.0/appostolic.api.tests.dll" id="37b7f024-73bb-98ae-d17f-d1c0ce9f17e8">
      <Execution id="dff983ab-b3cc-4dc2-a1e3-82337ffec963" />
      <TestMethod codeBase="/Users/kevinmccreary/appostolic/apps/api.tests/bin/Debug/net8.0/Appostolic.Api.Tests.dll" adapterTypeName="executor://xunit/VsTestRunner2/netcoreapp" className="Appostolic.Api.Tests.ModelMappingTests" name="AgentTrace_Kind_is_mapped_as_int" />
    </UnitTest>
    <UnitTest name="Appostolic.Api.Tests.Api.InvitesRolesFlagsTests.Create_Invite_With_Invalid_Role_Flag_Is_400" storage="/users/kevinmccreary/appostolic/apps/api.tests/bin/debug/net8.0/appostolic.api.tests.dll" id="cb90a4b6-5413-6334-a88c-d9e37624202c">
      <Execution id="e0bd88a2-9b72-4ccc-a128-c73a4e6177ca" />
      <TestMethod codeBase="/Users/kevinmccreary/appostolic/apps/api.tests/bin/Debug/net8.0/Appostolic.Api.Tests.dll" adapterTypeName="executor://xunit/VsTestRunner2/netcoreapp" className="Appostolic.Api.Tests.Api.InvitesRolesFlagsTests" name="Create_Invite_With_Invalid_Role_Flag_Is_400" />
    </UnitTest>
    <UnitTest name="Appostolic.Api.Tests.AgentTasks.AgentTasksCancelRetryTests.Retry_From_Succeeded_Creates_New_Task_And_Runs" storage="/users/kevinmccreary/appostolic/apps/api.tests/bin/debug/net8.0/appostolic.api.tests.dll" id="5ec8c6f8-601d-9718-1802-a15c88bb4987">
      <Execution id="a41c82d1-0a13-42a1-a067-3ad0b63d953b" />
      <TestMethod codeBase="/Users/kevinmccreary/appostolic/apps/api.tests/bin/Debug/net8.0/Appostolic.Api.Tests.dll" adapterTypeName="executor://xunit/VsTestRunner2/netcoreapp" className="Appostolic.Api.Tests.AgentTasks.AgentTasksCancelRetryTests" name="Retry_From_Succeeded_Creates_New_Task_And_Runs" />
    </UnitTest>
    <UnitTest name="Appostolic.Api.Tests.Api.NotificationsProdEndpointsTests.Superadmin_can_list_cross_tenant" storage="/users/kevinmccreary/appostolic/apps/api.tests/bin/debug/net8.0/appostolic.api.tests.dll" id="d23daa8f-5725-d1c6-7d7a-83c05e893d1b">
      <Execution id="739ce50e-6642-4b1f-bdeb-37dbf6962cee" />
      <TestMethod codeBase="/Users/kevinmccreary/appostolic/apps/api.tests/bin/Debug/net8.0/Appostolic.Api.Tests.dll" adapterTypeName="executor://xunit/VsTestRunner2/netcoreapp" className="Appostolic.Api.Tests.Api.NotificationsProdEndpointsTests" name="Superadmin_can_list_cross_tenant" />
    </UnitTest>
    <UnitTest name="Appostolic.Api.Tests.Api._GenerateValid1x1PngBase64Tests.Print_Base64_For_Valid_1x1_Png" storage="/users/kevinmccreary/appostolic/apps/api.tests/bin/debug/net8.0/appostolic.api.tests.dll" id="e0490bb8-aa59-1f9f-bf54-68d5345c1ea9">
      <Execution id="48a7e5b3-87c5-4677-a8d8-2af38f62d121" />
      <TestMethod codeBase="/Users/kevinmccreary/appostolic/apps/api.tests/bin/Debug/net8.0/Appostolic.Api.Tests.dll" adapterTypeName="executor://xunit/VsTestRunner2/netcoreapp" className="Appostolic.Api.Tests.Api._GenerateValid1x1PngBase64Tests" name="Print_Base64_For_Valid_1x1_Png" />
    </UnitTest>
    <UnitTest name="Appostolic.Api.Tests.Privacy.PIIHasherTests.HashPhone_Differs_WithDifferentPepper" storage="/users/kevinmccreary/appostolic/apps/api.tests/bin/debug/net8.0/appostolic.api.tests.dll" id="e7581818-0663-f767-821c-25fbea112d88">
      <Execution id="cab2bcd1-cee4-42c3-96e5-e78323b35445" />
      <TestMethod codeBase="/Users/kevinmccreary/appostolic/apps/api.tests/bin/Debug/net8.0/Appostolic.Api.Tests.dll" adapterTypeName="executor://xunit/VsTestRunner2/netcoreapp" className="Appostolic.Api.Tests.Privacy.PIIHasherTests" name="HashPhone_Differs_WithDifferentPepper" />
    </UnitTest>
    <UnitTest name="Appostolic.Api.AuthTests.LoginTests.Login_ValidCredentials_Returns200" storage="/users/kevinmccreary/appostolic/apps/api.tests/bin/debug/net8.0/appostolic.api.tests.dll" id="8f2edffb-b43d-5750-46cc-f6c9051abba5">
      <Execution id="5982a1a7-cd9f-4d03-b48d-7454d115071e" />
      <TestMethod codeBase="/Users/kevinmccreary/appostolic/apps/api.tests/bin/Debug/net8.0/Appostolic.Api.Tests.dll" adapterTypeName="executor://xunit/VsTestRunner2/netcoreapp" className="Appostolic.Api.AuthTests.LoginTests" name="Login_ValidCredentials_Returns200" />
    </UnitTest>
    <UnitTest name="Appostolic.Api.Tests.Api.MembersListTests.Viewer_gets_403_for_members_list" storage="/users/kevinmccreary/appostolic/apps/api.tests/bin/debug/net8.0/appostolic.api.tests.dll" id="8e86fe7c-6239-7009-e550-a3b2b1493955">
      <Execution id="2b903536-5d8b-4278-a13b-3eae5eb5acea" />
      <TestMethod codeBase="/Users/kevinmccreary/appostolic/apps/api.tests/bin/Debug/net8.0/Appostolic.Api.Tests.dll" adapterTypeName="executor://xunit/VsTestRunner2/netcoreapp" className="Appostolic.Api.Tests.Api.MembersListTests" name="Viewer_gets_403_for_members_list" />
    </UnitTest>
    <UnitTest name="Appostolic.Api.Tests.Api.LegacyRoleWritePathDeprecationTests.Invite_with_legacy_role_only_is_rejected" storage="/users/kevinmccreary/appostolic/apps/api.tests/bin/debug/net8.0/appostolic.api.tests.dll" id="12d55566-a633-1346-b69a-1c8b4115db86">
      <Execution id="74411fdb-cc54-4473-af57-a55ad432c680" />
      <TestMethod codeBase="/Users/kevinmccreary/appostolic/apps/api.tests/bin/Debug/net8.0/Appostolic.Api.Tests.dll" adapterTypeName="executor://xunit/VsTestRunner2/netcoreapp" className="Appostolic.Api.Tests.Api.LegacyRoleWritePathDeprecationTests" name="Invite_with_legacy_role_only_is_rejected" />
    </UnitTest>
    <UnitTest name="Appostolic.Api.Tests.ModelMappingTests.Agent_indexes_are_configured_in_model" storage="/users/kevinmccreary/appostolic/apps/api.tests/bin/debug/net8.0/appostolic.api.tests.dll" id="f53587d7-cc90-0182-8a77-44034bb01e5e">
      <Execution id="470c60d7-ca95-45d2-8e2e-5329d7a035e8" />
      <TestMethod codeBase="/Users/kevinmccreary/appostolic/apps/api.tests/bin/Debug/net8.0/Appostolic.Api.Tests.dll" adapterTypeName="executor://xunit/VsTestRunner2/netcoreapp" className="Appostolic.Api.Tests.ModelMappingTests" name="Agent_indexes_are_configured_in_model" />
    </UnitTest>
    <UnitTest name="Appostolic.Api.Tests.Api.DevGrantRolesEndpointTests.Updates_existing_membership_roles" storage="/users/kevinmccreary/appostolic/apps/api.tests/bin/debug/net8.0/appostolic.api.tests.dll" id="67c9746f-1f57-937b-6598-3968df73012b">
      <Execution id="c433759e-1eda-45ec-b466-f5629782212d" />
      <TestMethod codeBase="/Users/kevinmccreary/appostolic/apps/api.tests/bin/Debug/net8.0/Appostolic.Api.Tests.dll" adapterTypeName="executor://xunit/VsTestRunner2/netcoreapp" className="Appostolic.Api.Tests.Api.DevGrantRolesEndpointTests" name="Updates_existing_membership_roles" />
    </UnitTest>
    <UnitTest name="Appostolic.Api.Tests.Privacy.UserProfileLoggingTests.GetMe_HashingDisabled_OmitsHash" storage="/users/kevinmccreary/appostolic/apps/api.tests/bin/debug/net8.0/appostolic.api.tests.dll" id="4f2f4974-af75-8563-a5df-aa0a73b303b0">
      <Execution id="46ed7d46-57a0-422a-b7f6-6c59e548407b" />
      <TestMethod codeBase="/Users/kevinmccreary/appostolic/apps/api.tests/bin/Debug/net8.0/Appostolic.Api.Tests.dll" adapterTypeName="executor://xunit/VsTestRunner2/netcoreapp" className="Appostolic.Api.Tests.Privacy.UserProfileLoggingTests" name="GetMe_HashingDisabled_OmitsHash" />
    </UnitTest>
    <UnitTest name="Appostolic.Api.Tests.Api.AuthPasswordFlowsTests.ChangePassword_WithWrongCurrent_ReturnsUnauthorized" storage="/users/kevinmccreary/appostolic/apps/api.tests/bin/debug/net8.0/appostolic.api.tests.dll" id="11acc57e-e7b4-9c88-543d-dd88434937c6">
      <Execution id="cd47f06b-90a2-4cc6-8f3d-abb5d22f47ae" />
      <TestMethod codeBase="/Users/kevinmccreary/appostolic/apps/api.tests/bin/Debug/net8.0/Appostolic.Api.Tests.dll" adapterTypeName="executor://xunit/VsTestRunner2/netcoreapp" className="Appostolic.Api.Tests.Api.AuthPasswordFlowsTests" name="ChangePassword_WithWrongCurrent_ReturnsUnauthorized" />
    </UnitTest>
    <UnitTest name="Appostolic.Api.Tests.Privacy.LoggingPIIScopeTests.PhoneScope_OnlyRedacted_WhenDisabled" storage="/users/kevinmccreary/appostolic/apps/api.tests/bin/debug/net8.0/appostolic.api.tests.dll" id="e7a0570b-32c5-3b4e-7767-9ca541c22b6e">
      <Execution id="044a86e1-937c-43c6-a445-baa6d1c98a7c" />
      <TestMethod codeBase="/Users/kevinmccreary/appostolic/apps/api.tests/bin/Debug/net8.0/Appostolic.Api.Tests.dll" adapterTypeName="executor://xunit/VsTestRunner2/netcoreapp" className="Appostolic.Api.Tests.Privacy.LoggingPIIScopeTests" name="PhoneScope_OnlyRedacted_WhenDisabled" />
    </UnitTest>
    <UnitTest name="Appostolic.Api.AuthTests.LoginRolesConvergenceDisabledFlagTests.Login_DoesNotCorrect_MismatchedRolesBitmask_WhenFlagEnabled" storage="/users/kevinmccreary/appostolic/apps/api.tests/bin/debug/net8.0/appostolic.api.tests.dll" id="026b2dbe-3807-3b71-c8bf-ce6df5f75ed6">
      <Execution id="637a553d-504f-477d-b177-121ac86c5420" />
      <TestMethod codeBase="/Users/kevinmccreary/appostolic/apps/api.tests/bin/Debug/net8.0/Appostolic.Api.Tests.dll" adapterTypeName="executor://xunit/VsTestRunner2/netcoreapp" className="Appostolic.Api.AuthTests.LoginRolesConvergenceDisabledFlagTests" name="Login_DoesNotCorrect_MismatchedRolesBitmask_WhenFlagEnabled" />
    </UnitTest>
    <UnitTest name="Appostolic.Api.Tests.Api.MembersManagementTests.Cannot_demote_or_remove_last_owner" storage="/users/kevinmccreary/appostolic/apps/api.tests/bin/debug/net8.0/appostolic.api.tests.dll" id="f242966d-9728-e09e-ef23-e439d6a28402">
      <Execution id="5b3e12b8-6f9a-4617-bb21-90000ffb6838" />
      <TestMethod codeBase="/Users/kevinmccreary/appostolic/apps/api.tests/bin/Debug/net8.0/Appostolic.Api.Tests.dll" adapterTypeName="executor://xunit/VsTestRunner2/netcoreapp" className="Appostolic.Api.Tests.Api.MembersManagementTests" name="Cannot_demote_or_remove_last_owner" />
    </UnitTest>
    <UnitTest name="Appostolic.Api.Tests.Api.AgentTasksEndpointsTests.GetDetails_WithTracesInitiallyEmpty" storage="/users/kevinmccreary/appostolic/apps/api.tests/bin/debug/net8.0/appostolic.api.tests.dll" id="c0347afe-0c6b-b0a7-12e1-3aa76a4722fc">
      <Execution id="df6d6377-b677-43f2-a24f-1f306d0883b3" />
      <TestMethod codeBase="/Users/kevinmccreary/appostolic/apps/api.tests/bin/Debug/net8.0/Appostolic.Api.Tests.dll" adapterTypeName="executor://xunit/VsTestRunner2/netcoreapp" className="Appostolic.Api.Tests.Api.AgentTasksEndpointsTests" name="GetDetails_WithTracesInitiallyEmpty" />
    </UnitTest>
    <UnitTest name="Appostolic.Api.Tests.AgentTasks.AgentTasksListFilterPaginationTests.Agent_Filter_Returns_Only_Matching" storage="/users/kevinmccreary/appostolic/apps/api.tests/bin/debug/net8.0/appostolic.api.tests.dll" id="efe354b5-5489-bbb2-88ee-c8f998cb6176">
      <Execution id="e64f96db-ade2-4666-834d-5f467469d922" />
      <TestMethod codeBase="/Users/kevinmccreary/appostolic/apps/api.tests/bin/Debug/net8.0/Appostolic.Api.Tests.dll" adapterTypeName="executor://xunit/VsTestRunner2/netcoreapp" className="Appostolic.Api.Tests.AgentTasks.AgentTasksListFilterPaginationTests" name="Agent_Filter_Returns_Only_Matching" />
    </UnitTest>
    <UnitTest name="Appostolic.Api.Tests.Privacy.PIIRedactorTests.RedactPhone_Works(input: &quot;+1 (555) 123-4567&quot;, expected: &quot;***4567&quot;)" storage="/users/kevinmccreary/appostolic/apps/api.tests/bin/debug/net8.0/appostolic.api.tests.dll" id="471ada29-d1b9-b714-f87d-61c9b416c255">
      <Execution id="4e6202c6-442b-47ea-b407-acfe575c24aa" />
      <TestMethod codeBase="/Users/kevinmccreary/appostolic/apps/api.tests/bin/Debug/net8.0/Appostolic.Api.Tests.dll" adapterTypeName="executor://xunit/VsTestRunner2/netcoreapp" className="Appostolic.Api.Tests.Privacy.PIIRedactorTests" name="RedactPhone_Works" />
    </UnitTest>
    <UnitTest name="Appostolic.Api.Tests.Api.TenantSettingsEndpointsTests.Delete_Logo_Removes_Metadata" storage="/users/kevinmccreary/appostolic/apps/api.tests/bin/debug/net8.0/appostolic.api.tests.dll" id="aba3fbd3-bcbc-9249-c5c5-7eefeb58f8d5">
      <Execution id="e34f45f2-ce7f-4424-bdfb-7e480cd9f462" />
      <TestMethod codeBase="/Users/kevinmccreary/appostolic/apps/api.tests/bin/Debug/net8.0/Appostolic.Api.Tests.dll" adapterTypeName="executor://xunit/VsTestRunner2/netcoreapp" className="Appostolic.Api.Tests.Api.TenantSettingsEndpointsTests" name="Delete_Logo_Removes_Metadata" />
    </UnitTest>
    <UnitTest name="Appostolic.Api.Tests.Api.TenantSettingsEndpointsTests.Upload_Logo_Succeeds_And_Stores_Metadata" storage="/users/kevinmccreary/appostolic/apps/api.tests/bin/debug/net8.0/appostolic.api.tests.dll" id="46709c0e-39a7-32eb-a6b2-6f7ada21050d">
      <Execution id="0cdb0a39-ff99-40ff-9d52-3aca18a2960a" />
      <TestMethod codeBase="/Users/kevinmccreary/appostolic/apps/api.tests/bin/Debug/net8.0/Appostolic.Api.Tests.dll" adapterTypeName="executor://xunit/VsTestRunner2/netcoreapp" className="Appostolic.Api.Tests.Api.TenantSettingsEndpointsTests" name="Upload_Logo_Succeeds_And_Stores_Metadata" />
    </UnitTest>
    <UnitTest name="Appostolic.Api.Tests.Notifications.NotificationDedupeTests.CreateQueuedAsync_blocks_duplicate_within_ttl" storage="/users/kevinmccreary/appostolic/apps/api.tests/bin/debug/net8.0/appostolic.api.tests.dll" id="43ab37ac-8f01-34cd-35d3-1bda726822d7">
      <Execution id="3b2b55dc-5fd2-4cbf-a659-771081e6c759" />
      <TestMethod codeBase="/Users/kevinmccreary/appostolic/apps/api.tests/bin/Debug/net8.0/Appostolic.Api.Tests.dll" adapterTypeName="executor://xunit/VsTestRunner2/netcoreapp" className="Appostolic.Api.Tests.Notifications.NotificationDedupeTests" name="CreateQueuedAsync_blocks_duplicate_within_ttl" />
    </UnitTest>
    <UnitTest name="Appostolic.Api.Tests.Model.TokenEstimatorTests.EstimateTokens_Heuristic_CeilPer4Chars(text: &quot;a&quot;, expected: 1)" storage="/users/kevinmccreary/appostolic/apps/api.tests/bin/debug/net8.0/appostolic.api.tests.dll" id="79403e37-7823-d8d7-7290-f467456876fa">
      <Execution id="f8a9b511-56de-4fbd-aa1d-024e8245fb94" />
      <TestMethod codeBase="/Users/kevinmccreary/appostolic/apps/api.tests/bin/Debug/net8.0/Appostolic.Api.Tests.dll" adapterTypeName="executor://xunit/VsTestRunner2/netcoreapp" className="Appostolic.Api.Tests.Model.TokenEstimatorTests" name="EstimateTokens_Heuristic_CeilPer4Chars" />
    </UnitTest>
    <UnitTest name="Appostolic.Api.Tests.AgentOrchestratorTests.MaxStepsExceeded_FailsAfterCap" storage="/users/kevinmccreary/appostolic/apps/api.tests/bin/debug/net8.0/appostolic.api.tests.dll" id="ed8d7d20-a6f1-0500-d78a-14c17a721b87">
      <Execution id="5cb29021-e589-415a-b207-a026fe01e135" />
      <TestMethod codeBase="/Users/kevinmccreary/appostolic/apps/api.tests/bin/Debug/net8.0/Appostolic.Api.Tests.dll" adapterTypeName="executor://xunit/VsTestRunner2/netcoreapp" className="Appostolic.Api.Tests.AgentOrchestratorTests" name="MaxStepsExceeded_FailsAfterCap" />
    </UnitTest>
    <UnitTest name="Appostolic.Api.Tests.Orchestrator.TokenAggregationTests.AggregatesTokens_And_ComputesCost_WhenPricingEnabled" storage="/users/kevinmccreary/appostolic/apps/api.tests/bin/debug/net8.0/appostolic.api.tests.dll" id="c2441ddc-565a-93d7-0c28-f73ca97b9486">
      <Execution id="165061f0-8d3d-4959-8803-75891b89f5b5" />
      <TestMethod codeBase="/Users/kevinmccreary/appostolic/apps/api.tests/bin/Debug/net8.0/Appostolic.Api.Tests.dll" adapterTypeName="executor://xunit/VsTestRunner2/netcoreapp" className="Appostolic.Api.Tests.Orchestrator.TokenAggregationTests" name="AggregatesTokens_And_ComputesCost_WhenPricingEnabled" />
    </UnitTest>
    <UnitTest name="Appostolic.Api.Tests.Api.AssignmentsApiTests.Cannot_remove_last_admin_via_flags_returns_409" storage="/users/kevinmccreary/appostolic/apps/api.tests/bin/debug/net8.0/appostolic.api.tests.dll" id="7c805908-7267-f4aa-63a0-03f3e0715abc">
      <Execution id="bd951c19-24eb-4afb-9820-a41d0515f4fb" />
      <TestMethod codeBase="/Users/kevinmccreary/appostolic/apps/api.tests/bin/Debug/net8.0/Appostolic.Api.Tests.dll" adapterTypeName="executor://xunit/VsTestRunner2/netcoreapp" className="Appostolic.Api.Tests.Api.AssignmentsApiTests" name="Cannot_remove_last_admin_via_flags_returns_409" />
    </UnitTest>
    <UnitTest name="Appostolic.Api.Tests.Notifications.AutoResendScannerTests.Creates_resend_for_old_sent_without_children" storage="/users/kevinmccreary/appostolic/apps/api.tests/bin/debug/net8.0/appostolic.api.tests.dll" id="90c7a127-2be9-b6e7-ec52-19cb51de49c0">
      <Execution id="f4618c74-da99-4778-8639-46ba2fd9b2b1" />
      <TestMethod codeBase="/Users/kevinmccreary/appostolic/apps/api.tests/bin/Debug/net8.0/Appostolic.Api.Tests.dll" adapterTypeName="executor://xunit/VsTestRunner2/netcoreapp" className="Appostolic.Api.Tests.Notifications.AutoResendScannerTests" name="Creates_resend_for_old_sent_without_children" />
    </UnitTest>
    <UnitTest name="Appostolic.Api.Tests.Api.AuditsListingEndpointTests.Supports_optional_filters_user_actor_and_date_range" storage="/users/kevinmccreary/appostolic/apps/api.tests/bin/debug/net8.0/appostolic.api.tests.dll" id="5aebb0bd-a461-dea6-b51f-abbdbf65c34a">
      <Execution id="6112fa8a-1c63-4b88-ac02-5e35614e7b99" />
      <TestMethod codeBase="/Users/kevinmccreary/appostolic/apps/api.tests/bin/Debug/net8.0/Appostolic.Api.Tests.dll" adapterTypeName="executor://xunit/VsTestRunner2/netcoreapp" className="Appostolic.Api.Tests.Api.AuditsListingEndpointTests" name="Supports_optional_filters_user_actor_and_date_range" />
    </UnitTest>
    <UnitTest name="WebSearchToolTests.Empty_query_returns_empty" storage="/users/kevinmccreary/appostolic/apps/api.tests/bin/debug/net8.0/appostolic.api.tests.dll" id="6447b752-ca58-5092-2c5d-d1f5fe58b5dc">
      <Execution id="f01c9c73-e34c-470d-81cc-b414a4219b9a" />
      <TestMethod codeBase="/Users/kevinmccreary/appostolic/apps/api.tests/bin/Debug/net8.0/Appostolic.Api.Tests.dll" adapterTypeName="executor://xunit/VsTestRunner2/netcoreapp" className="WebSearchToolTests" name="Empty_query_returns_empty" />
    </UnitTest>
    <UnitTest name="Appostolic.Api.Tests.NotificationEnqueuerTests.QueueInvite_enqueues_correct_message" storage="/users/kevinmccreary/appostolic/apps/api.tests/bin/debug/net8.0/appostolic.api.tests.dll" id="b9af0f84-0079-b683-0d77-346a6542b5b4">
      <Execution id="a5c51eb6-d423-487b-b02e-c02141eeac50" />
      <TestMethod codeBase="/Users/kevinmccreary/appostolic/apps/api.tests/bin/Debug/net8.0/Appostolic.Api.Tests.dll" adapterTypeName="executor://xunit/VsTestRunner2/netcoreapp" className="Appostolic.Api.Tests.NotificationEnqueuerTests" name="QueueInvite_enqueues_correct_message" />
    </UnitTest>
    <UnitTest name="Appostolic.Api.Tests.EmailProviderSelectionTests.Resolves_Smtp_sender_when_provider_smtp" storage="/users/kevinmccreary/appostolic/apps/api.tests/bin/debug/net8.0/appostolic.api.tests.dll" id="61b122ca-f3a1-21e8-0492-e3c660390b05">
      <Execution id="b46dc0c9-6141-480c-b9f4-779f09017f19" />
      <TestMethod codeBase="/Users/kevinmccreary/appostolic/apps/api.tests/bin/Debug/net8.0/Appostolic.Api.Tests.dll" adapterTypeName="executor://xunit/VsTestRunner2/netcoreapp" className="Appostolic.Api.Tests.EmailProviderSelectionTests" name="Resolves_Smtp_sender_when_provider_smtp" />
    </UnitTest>
    <UnitTest name="Appostolic.Api.Tests.Api.DevGrantRolesEndpointTests.Grants_roles_to_new_user_and_membership" storage="/users/kevinmccreary/appostolic/apps/api.tests/bin/debug/net8.0/appostolic.api.tests.dll" id="897896ab-cee9-9ca5-ec01-253d0f0d6b3c">
      <Execution id="dd0bb0f4-c2bd-4622-b041-aafd7c168303" />
      <TestMethod codeBase="/Users/kevinmccreary/appostolic/apps/api.tests/bin/Debug/net8.0/Appostolic.Api.Tests.dll" adapterTypeName="executor://xunit/VsTestRunner2/netcoreapp" className="Appostolic.Api.Tests.Api.DevGrantRolesEndpointTests" name="Grants_roles_to_new_user_and_membership" />
    </UnitTest>
    <UnitTest name="Appostolic.Api.Tests.Api.TenantSettingsEndpointsTests.Upload_Logo_Rejects_Payload_Too_Large" storage="/users/kevinmccreary/appostolic/apps/api.tests/bin/debug/net8.0/appostolic.api.tests.dll" id="cce5835b-2056-6d46-0527-d09fc0f9f6fc">
      <Execution id="f96e2723-8a6e-426b-b9cf-4dd6a2f86ccb" />
      <TestMethod codeBase="/Users/kevinmccreary/appostolic/apps/api.tests/bin/Debug/net8.0/Appostolic.Api.Tests.dll" adapterTypeName="executor://xunit/VsTestRunner2/netcoreapp" className="Appostolic.Api.Tests.Api.TenantSettingsEndpointsTests" name="Upload_Logo_Rejects_Payload_Too_Large" />
    </UnitTest>
    <UnitTest name="Appostolic.Api.Tests.E2E.AgentTasksE2E_List.Inbox_List_Orders_By_CreatedAt_Desc_And_Pages" storage="/users/kevinmccreary/appostolic/apps/api.tests/bin/debug/net8.0/appostolic.api.tests.dll" id="03cb9965-4934-50d0-65d4-2c790e264e80">
      <Execution id="24edac3e-446c-46d8-9a3b-225daff01beb" />
      <TestMethod codeBase="/Users/kevinmccreary/appostolic/apps/api.tests/bin/Debug/net8.0/Appostolic.Api.Tests.dll" adapterTypeName="executor://xunit/VsTestRunner2/netcoreapp" className="Appostolic.Api.Tests.E2E.AgentTasksE2E_List" name="Inbox_List_Orders_By_CreatedAt_Desc_And_Pages" />
    </UnitTest>
    <UnitTest name="Appostolic.Api.Tests.Security.AgentTasksAuthContractTests.ListEndpoint_RequiresDevHeaders" storage="/users/kevinmccreary/appostolic/apps/api.tests/bin/debug/net8.0/appostolic.api.tests.dll" id="e507a4d5-4aa9-7d32-05a9-ecfa3f03323d">
      <Execution id="9087d845-c08a-43f9-8073-471ba7156505" />
      <TestMethod codeBase="/Users/kevinmccreary/appostolic/apps/api.tests/bin/Debug/net8.0/Appostolic.Api.Tests.dll" adapterTypeName="executor://xunit/VsTestRunner2/netcoreapp" className="Appostolic.Api.Tests.Security.AgentTasksAuthContractTests" name="ListEndpoint_RequiresDevHeaders" />
    </UnitTest>
    <UnitTest name="Appostolic.Api.Tests.Api.AssignmentsApiTests.Set_roles_returns_404_when_membership_missing_and_400_for_invalid_flag" storage="/users/kevinmccreary/appostolic/apps/api.tests/bin/debug/net8.0/appostolic.api.tests.dll" id="9c1c1d38-5e04-c1b2-1a0f-96d8d4d8348a">
      <Execution id="7fc872c4-a7aa-478b-970a-2124de0475c6" />
      <TestMethod codeBase="/Users/kevinmccreary/appostolic/apps/api.tests/bin/Debug/net8.0/Appostolic.Api.Tests.dll" adapterTypeName="executor://xunit/VsTestRunner2/netcoreapp" className="Appostolic.Api.Tests.Api.AssignmentsApiTests" name="Set_roles_returns_404_when_membership_missing_and_400_for_invalid_flag" />
    </UnitTest>
    <UnitTest name="Appostolic.Api.Tests.AgentConstraintTests.Agent_MaxSteps_out_of_range_throws_in_domain_constructor" storage="/users/kevinmccreary/appostolic/apps/api.tests/bin/debug/net8.0/appostolic.api.tests.dll" id="33c114dd-901b-348b-cb07-4ff32816218d">
      <Execution id="60739173-b824-4a94-90e9-fafe895e99e3" />
      <TestMethod codeBase="/Users/kevinmccreary/appostolic/apps/api.tests/bin/Debug/net8.0/Appostolic.Api.Tests.dll" adapterTypeName="executor://xunit/VsTestRunner2/netcoreapp" className="Appostolic.Api.Tests.AgentConstraintTests" name="Agent_MaxSteps_out_of_range_throws_in_domain_constructor" />
    </UnitTest>
    <UnitTest name="Appostolic.Api.Tests.Api.NotificationsAdminEndpointsTests.Resend_metrics_emitted_for_manual_and_bulk" storage="/users/kevinmccreary/appostolic/apps/api.tests/bin/debug/net8.0/appostolic.api.tests.dll" id="1f65e069-4a6f-ccd5-bb6b-41fba0e75604">
      <Execution id="5725d884-bd38-427d-93b9-f57ab4736a3c" />
      <TestMethod codeBase="/Users/kevinmccreary/appostolic/apps/api.tests/bin/Debug/net8.0/Appostolic.Api.Tests.dll" adapterTypeName="executor://xunit/VsTestRunner2/netcoreapp" className="Appostolic.Api.Tests.Api.NotificationsAdminEndpointsTests" name="Resend_metrics_emitted_for_manual_and_bulk" />
    </UnitTest>
    <UnitTest name="Appostolic.Api.Tests.Model.TokenEstimatorTests.EstimateTokens_Heuristic_CeilPer4Chars(text: &quot;&quot;, expected: 0)" storage="/users/kevinmccreary/appostolic/apps/api.tests/bin/debug/net8.0/appostolic.api.tests.dll" id="40e767b4-314a-d8ef-34b1-5c49d7ef55c4">
      <Execution id="b00d26ca-d5f6-4336-9a11-5b876449f41a" />
      <TestMethod codeBase="/Users/kevinmccreary/appostolic/apps/api.tests/bin/Debug/net8.0/Appostolic.Api.Tests.dll" adapterTypeName="executor://xunit/VsTestRunner2/netcoreapp" className="Appostolic.Api.Tests.Model.TokenEstimatorTests" name="EstimateTokens_Heuristic_CeilPer4Chars" />
    </UnitTest>
    <UnitTest name="Appostolic.Api.Tests.Auth.SignupTests.Signup_SelfServe_CreatesUserAndPersonalTenant" storage="/users/kevinmccreary/appostolic/apps/api.tests/bin/debug/net8.0/appostolic.api.tests.dll" id="1cfc69b2-92d0-7e18-c868-129765966147">
      <Execution id="64f56408-44f0-45e3-a0a2-73e0833f2541" />
      <TestMethod codeBase="/Users/kevinmccreary/appostolic/apps/api.tests/bin/Debug/net8.0/Appostolic.Api.Tests.dll" adapterTypeName="executor://xunit/VsTestRunner2/netcoreapp" className="Appostolic.Api.Tests.Auth.SignupTests" name="Signup_SelfServe_CreatesUserAndPersonalTenant" />
    </UnitTest>
    <UnitTest name="Appostolic.Api.Tests.Auth.SignupTests.Signup_WithInvalidInviteToken_ReturnsBadRequest" storage="/users/kevinmccreary/appostolic/apps/api.tests/bin/debug/net8.0/appostolic.api.tests.dll" id="7c0f601f-632e-a9b2-aeb3-eee73bd7742c">
      <Execution id="829fa6c4-15d1-4735-a998-b76895e1c6f1" />
      <TestMethod codeBase="/Users/kevinmccreary/appostolic/apps/api.tests/bin/Debug/net8.0/Appostolic.Api.Tests.dll" adapterTypeName="executor://xunit/VsTestRunner2/netcoreapp" className="Appostolic.Api.Tests.Auth.SignupTests" name="Signup_WithInvalidInviteToken_ReturnsBadRequest" />
    </UnitTest>
    <UnitTest name="Appostolic.Api.Tests.Api.DenominationsMetadataTests.RequiresAuth" storage="/users/kevinmccreary/appostolic/apps/api.tests/bin/debug/net8.0/appostolic.api.tests.dll" id="1cbf8040-fb9a-a69f-ea84-9d0fb171e9ce">
      <Execution id="a56d48d9-ca92-4e72-aa8b-e940c308cb0e" />
      <TestMethod codeBase="/Users/kevinmccreary/appostolic/apps/api.tests/bin/Debug/net8.0/Appostolic.Api.Tests.dll" adapterTypeName="executor://xunit/VsTestRunner2/netcoreapp" className="Appostolic.Api.Tests.Api.DenominationsMetadataTests" name="RequiresAuth" />
    </UnitTest>
    <UnitTest name="Appostolic.Api.Tests.AgentTasks.AgentTasksListFilterPaginationTests.Paging_Returns_XTotalCount_And_DescOrdering" storage="/users/kevinmccreary/appostolic/apps/api.tests/bin/debug/net8.0/appostolic.api.tests.dll" id="4f93dd2b-351a-bca6-2b8b-95fc20f20ddd">
      <Execution id="0b96a7a7-6395-4bcb-8ef3-f2408c8c38d6" />
      <TestMethod codeBase="/Users/kevinmccreary/appostolic/apps/api.tests/bin/Debug/net8.0/Appostolic.Api.Tests.dll" adapterTypeName="executor://xunit/VsTestRunner2/netcoreapp" className="Appostolic.Api.Tests.AgentTasks.AgentTasksListFilterPaginationTests" name="Paging_Returns_XTotalCount_And_DescOrdering" />
    </UnitTest>
    <UnitTest name="Appostolic.Api.Tests.ModelMappingTests.Agent_ToolAllowlist_is_jsonb_and_roundtrips_like_array" storage="/users/kevinmccreary/appostolic/apps/api.tests/bin/debug/net8.0/appostolic.api.tests.dll" id="1c8df7f1-aa05-88d6-f922-5ecb50d1b5d9">
      <Execution id="69a11654-1ba7-4a28-9337-2605a9f52833" />
      <TestMethod codeBase="/Users/kevinmccreary/appostolic/apps/api.tests/bin/Debug/net8.0/Appostolic.Api.Tests.dll" adapterTypeName="executor://xunit/VsTestRunner2/netcoreapp" className="Appostolic.Api.Tests.ModelMappingTests" name="Agent_ToolAllowlist_is_jsonb_and_roundtrips_like_array" />
    </UnitTest>
    <UnitTest name="Appostolic.Api.Tests.Api.NotificationsAdminEndpointsTests.Bulk_resend_creates_with_limit_and_counts_throttled" storage="/users/kevinmccreary/appostolic/apps/api.tests/bin/debug/net8.0/appostolic.api.tests.dll" id="a2b0d89c-f17d-2c60-2870-72017089ab94">
      <Execution id="f3b4d7ef-c992-4a8e-8437-efe0f391f8a6" />
      <TestMethod codeBase="/Users/kevinmccreary/appostolic/apps/api.tests/bin/Debug/net8.0/Appostolic.Api.Tests.dll" adapterTypeName="executor://xunit/VsTestRunner2/netcoreapp" className="Appostolic.Api.Tests.Api.NotificationsAdminEndpointsTests" name="Bulk_resend_creates_with_limit_and_counts_throttled" />
    </UnitTest>
    <UnitTest name="DbQueryToolTests.Select_users_all_rows" storage="/users/kevinmccreary/appostolic/apps/api.tests/bin/debug/net8.0/appostolic.api.tests.dll" id="7e0d251c-aca1-3165-2651-f2996ab661b8">
      <Execution id="85a8f99c-83b6-47f5-8f5a-65d223a489c8" />
      <TestMethod codeBase="/Users/kevinmccreary/appostolic/apps/api.tests/bin/Debug/net8.0/Appostolic.Api.Tests.dll" adapterTypeName="executor://xunit/VsTestRunner2/netcoreapp" className="DbQueryToolTests" name="Select_users_all_rows" />
    </UnitTest>
    <UnitTest name="TemplateRendererTests.Verification_template_renders_link_and_subject" storage="/users/kevinmccreary/appostolic/apps/api.tests/bin/debug/net8.0/appostolic.api.tests.dll" id="6e2b7510-d3ae-c174-2b57-710f63c82ad0">
      <Execution id="2fe12af8-27b2-45b2-8d2d-5ed9ac13a9e7" />
      <TestMethod codeBase="/Users/kevinmccreary/appostolic/apps/api.tests/bin/Debug/net8.0/Appostolic.Api.Tests.dll" adapterTypeName="executor://xunit/VsTestRunner2/netcoreapp" className="TemplateRendererTests" name="Verification_template_renders_link_and_subject" />
    </UnitTest>
    <UnitTest name="Appostolic.Api.Tests.Api.DenominationsMetadataTests.ReturnsPresetList" storage="/users/kevinmccreary/appostolic/apps/api.tests/bin/debug/net8.0/appostolic.api.tests.dll" id="137392e3-997c-8532-6b57-65c75651b55b">
      <Execution id="752b8a4e-d8fe-4dcd-96b3-2bcfffbd84ce" />
      <TestMethod codeBase="/Users/kevinmccreary/appostolic/apps/api.tests/bin/Debug/net8.0/Appostolic.Api.Tests.dll" adapterTypeName="executor://xunit/VsTestRunner2/netcoreapp" className="Appostolic.Api.Tests.Api.DenominationsMetadataTests" name="ReturnsPresetList" />
    </UnitTest>
    <UnitTest name="Appostolic.Api.AuthTests.MagicConsumeRolesSerializationTests.MagicConsume_IncludesRolesBitmaskOnMembership" storage="/users/kevinmccreary/appostolic/apps/api.tests/bin/debug/net8.0/appostolic.api.tests.dll" id="f7ebc4d6-d0ec-6ad3-fd73-f4c53b67f8a0">
      <Execution id="123cf599-0a7d-4e9b-8c36-cf7290d493ea" />
      <TestMethod codeBase="/Users/kevinmccreary/appostolic/apps/api.tests/bin/Debug/net8.0/Appostolic.Api.Tests.dll" adapterTypeName="executor://xunit/VsTestRunner2/netcoreapp" className="Appostolic.Api.AuthTests.MagicConsumeRolesSerializationTests" name="MagicConsume_IncludesRolesBitmaskOnMembership" />
    </UnitTest>
    <UnitTest name="Appostolic.Api.Tests.Api.LegacyRoleWritePathDeprecationTests.Member_role_change_with_legacy_role_is_still_currently_accepted_pending_refactor" storage="/users/kevinmccreary/appostolic/apps/api.tests/bin/debug/net8.0/appostolic.api.tests.dll" id="5db463f9-ccc7-6f1c-39df-99b8fb7acbbb">
      <Execution id="7419c869-c391-4084-9915-3b66d6c64c83" />
      <TestMethod codeBase="/Users/kevinmccreary/appostolic/apps/api.tests/bin/Debug/net8.0/Appostolic.Api.Tests.dll" adapterTypeName="executor://xunit/VsTestRunner2/netcoreapp" className="Appostolic.Api.Tests.Api.LegacyRoleWritePathDeprecationTests" name="Member_role_change_with_legacy_role_is_still_currently_accepted_pending_refactor" />
    </UnitTest>
    <UnitTest name="Appostolic.Api.Tests.Notifications.MagicLinkEmailTests.Renders_MagicLink_Snapshots_With_Link" storage="/users/kevinmccreary/appostolic/apps/api.tests/bin/debug/net8.0/appostolic.api.tests.dll" id="5ad39d2c-d77f-b72d-621d-dc03058b3c06">
      <Execution id="70b1e27c-e557-4951-95e9-fbe939c3cf13" />
      <TestMethod codeBase="/Users/kevinmccreary/appostolic/apps/api.tests/bin/Debug/net8.0/Appostolic.Api.Tests.dll" adapterTypeName="executor://xunit/VsTestRunner2/netcoreapp" className="Appostolic.Api.Tests.Notifications.MagicLinkEmailTests" name="Renders_MagicLink_Snapshots_With_Link" />
    </UnitTest>
    <UnitTest name="Appostolic.Api.Tests.Api.UserAvatarEndpointsTests.UploadAvatar_TransparentLogo_PreservesDimensions_Webp" storage="/users/kevinmccreary/appostolic/apps/api.tests/bin/debug/net8.0/appostolic.api.tests.dll" id="c643053b-60cb-940b-5d09-78107183b82f">
      <Execution id="b5c0fcad-c35e-4d61-b481-57ae98408d31" />
      <TestMethod codeBase="/Users/kevinmccreary/appostolic/apps/api.tests/bin/Debug/net8.0/Appostolic.Api.Tests.dll" adapterTypeName="executor://xunit/VsTestRunner2/netcoreapp" className="Appostolic.Api.Tests.Api.UserAvatarEndpointsTests" name="UploadAvatar_TransparentLogo_PreservesDimensions_Webp" />
    </UnitTest>
    <UnitTest name="Appostolic.Api.Tests.ModelMappingTests.Agent_ToolAllowlist_has_column_type_jsonb" storage="/users/kevinmccreary/appostolic/apps/api.tests/bin/debug/net8.0/appostolic.api.tests.dll" id="8499e5e2-c09d-d64e-ab91-715c51a15d3b">
      <Execution id="0762743b-42c5-45f8-8d06-0767db7cd15b" />
      <TestMethod codeBase="/Users/kevinmccreary/appostolic/apps/api.tests/bin/Debug/net8.0/Appostolic.Api.Tests.dll" adapterTypeName="executor://xunit/VsTestRunner2/netcoreapp" className="Appostolic.Api.Tests.ModelMappingTests" name="Agent_ToolAllowlist_has_column_type_jsonb" />
    </UnitTest>
    <UnitTest name="Appostolic.Api.Tests.Api.NotificationsAdminEndpointsTests.List_and_retry_notifications_work" storage="/users/kevinmccreary/appostolic/apps/api.tests/bin/debug/net8.0/appostolic.api.tests.dll" id="0d699ea2-79e9-9f01-d2d5-fca82a358bb0">
      <Execution id="4aeebb12-e250-4c10-8444-f420cef9461d" />
      <TestMethod codeBase="/Users/kevinmccreary/appostolic/apps/api.tests/bin/Debug/net8.0/Appostolic.Api.Tests.dll" adapterTypeName="executor://xunit/VsTestRunner2/netcoreapp" className="Appostolic.Api.Tests.Api.NotificationsAdminEndpointsTests" name="List_and_retry_notifications_work" />
    </UnitTest>
    <UnitTest name="Appostolic.Api.Tests.Api.InvitesRolesFlagsTests.Accept_Invite_Sets_Membership_Roles_Flags" storage="/users/kevinmccreary/appostolic/apps/api.tests/bin/debug/net8.0/appostolic.api.tests.dll" id="da0da417-eb80-7ca8-c2a7-2b93c4d78528">
      <Execution id="1b36f74f-bd37-45d7-8a69-f755eff71baa" />
      <TestMethod codeBase="/Users/kevinmccreary/appostolic/apps/api.tests/bin/Debug/net8.0/Appostolic.Api.Tests.dll" adapterTypeName="executor://xunit/VsTestRunner2/netcoreapp" className="Appostolic.Api.Tests.Api.InvitesRolesFlagsTests" name="Accept_Invite_Sets_Membership_Roles_Flags" />
    </UnitTest>
    <UnitTest name="Appostolic.Api.Tests.Notifications.AutoResendScannerTests.Respects_throttle_window" storage="/users/kevinmccreary/appostolic/apps/api.tests/bin/debug/net8.0/appostolic.api.tests.dll" id="784ad7dc-5a89-a731-4a54-d985f0ba330c">
      <Execution id="9b10ed65-0155-49aa-a887-75edd3280ab2" />
      <TestMethod codeBase="/Users/kevinmccreary/appostolic/apps/api.tests/bin/Debug/net8.0/Appostolic.Api.Tests.dll" adapterTypeName="executor://xunit/VsTestRunner2/netcoreapp" className="Appostolic.Api.Tests.Notifications.AutoResendScannerTests" name="Respects_throttle_window" />
    </UnitTest>
    <UnitTest name="Appostolic.Api.Tests.NotificationEnqueuerTests.QueueVerification_enqueues_correct_message" storage="/users/kevinmccreary/appostolic/apps/api.tests/bin/debug/net8.0/appostolic.api.tests.dll" id="c561c2f6-8efd-4095-cbad-20238816bd9c">
      <Execution id="5f0847cb-4e76-4e1d-9f2b-0e9fb98b2c63" />
      <TestMethod codeBase="/Users/kevinmccreary/appostolic/apps/api.tests/bin/Debug/net8.0/Appostolic.Api.Tests.dll" adapterTypeName="executor://xunit/VsTestRunner2/netcoreapp" className="Appostolic.Api.Tests.NotificationEnqueuerTests" name="QueueVerification_enqueues_correct_message" />
    </UnitTest>
    <UnitTest name="Appostolic.Api.Tests.Api.MembersManagementTests.Admin_cannot_assign_owner_but_owner_can" storage="/users/kevinmccreary/appostolic/apps/api.tests/bin/debug/net8.0/appostolic.api.tests.dll" id="b2e4b89c-c96f-83af-e281-01d9319a9bb8">
      <Execution id="4c9a1203-5bae-4fc6-bb45-1f54773baaf3" />
      <TestMethod codeBase="/Users/kevinmccreary/appostolic/apps/api.tests/bin/Debug/net8.0/Appostolic.Api.Tests.dll" adapterTypeName="executor://xunit/VsTestRunner2/netcoreapp" className="Appostolic.Api.Tests.Api.MembersManagementTests" name="Admin_cannot_assign_owner_but_owner_can" />
    </UnitTest>
    <UnitTest name="Appostolic.Api.Tests.Storage.S3ObjectStorageServiceTests.UploadAsync_FallbacksToBucketRegionUrl_WhenNoPublicBaseUrl" storage="/users/kevinmccreary/appostolic/apps/api.tests/bin/debug/net8.0/appostolic.api.tests.dll" id="c35bbf40-7110-f612-4b6b-649678070e6a">
      <Execution id="86dba510-9ce9-4e94-9749-db84ccaef2e5" />
      <TestMethod codeBase="/Users/kevinmccreary/appostolic/apps/api.tests/bin/Debug/net8.0/Appostolic.Api.Tests.dll" adapterTypeName="executor://xunit/VsTestRunner2/netcoreapp" className="Appostolic.Api.Tests.Storage.S3ObjectStorageServiceTests" name="UploadAsync_FallbacksToBucketRegionUrl_WhenNoPublicBaseUrl" />
    </UnitTest>
    <UnitTest name="Appostolic.Api.Tests.Security.RoleAuthorizationTests.CreatorPolicy_Denies_WhenNoMembership" storage="/users/kevinmccreary/appostolic/apps/api.tests/bin/debug/net8.0/appostolic.api.tests.dll" id="f0e4d307-078d-a4e0-f168-b961578cd197">
      <Execution id="566457f2-b11e-4f9e-954a-0c41d004251f" />
      <TestMethod codeBase="/Users/kevinmccreary/appostolic/apps/api.tests/bin/Debug/net8.0/Appostolic.Api.Tests.dll" adapterTypeName="executor://xunit/VsTestRunner2/netcoreapp" className="Appostolic.Api.Tests.Security.RoleAuthorizationTests" name="CreatorPolicy_Denies_WhenNoMembership" />
    </UnitTest>
    <UnitTest name="Appostolic.Api.Tests.Orchestrator.AgentOrchestratorTests.Cancellation_StopsMidRun" storage="/users/kevinmccreary/appostolic/apps/api.tests/bin/debug/net8.0/appostolic.api.tests.dll" id="2a9f6824-8a17-a193-b18b-3e78fa1bbbd5">
      <Execution id="dc627cbe-61db-4df7-bb28-05ae9d9ebd90" />
      <TestMethod codeBase="/Users/kevinmccreary/appostolic/apps/api.tests/bin/Debug/net8.0/Appostolic.Api.Tests.dll" adapterTypeName="executor://xunit/VsTestRunner2/netcoreapp" className="Appostolic.Api.Tests.Orchestrator.AgentOrchestratorTests" name="Cancellation_StopsMidRun" />
    </UnitTest>
    <UnitTest name="Appostolic.Api.Tests.Api.MembersManagementTests.Demote_owner_allowed_when_another_admin_exists" storage="/users/kevinmccreary/appostolic/apps/api.tests/bin/debug/net8.0/appostolic.api.tests.dll" id="431e4b70-7576-ccc6-3cf3-9bbf13c26e5b">
      <Execution id="66baa8c8-7428-4be2-a3cc-6b1c70ceefb3" />
      <TestMethod codeBase="/Users/kevinmccreary/appostolic/apps/api.tests/bin/Debug/net8.0/Appostolic.Api.Tests.dll" adapterTypeName="executor://xunit/VsTestRunner2/netcoreapp" className="Appostolic.Api.Tests.Api.MembersManagementTests" name="Demote_owner_allowed_when_another_admin_exists" />
    </UnitTest>
    <UnitTest name="DbQueryToolTests.Unknown_table_fails" storage="/users/kevinmccreary/appostolic/apps/api.tests/bin/debug/net8.0/appostolic.api.tests.dll" id="1aa96e1c-162f-87b8-360d-29c19b3b2c73">
      <Execution id="14e7030b-6cd1-48f6-8755-0c180a9f53da" />
      <TestMethod codeBase="/Users/kevinmccreary/appostolic/apps/api.tests/bin/Debug/net8.0/Appostolic.Api.Tests.dll" adapterTypeName="executor://xunit/VsTestRunner2/netcoreapp" className="DbQueryToolTests" name="Unknown_table_fails" />
    </UnitTest>
    <UnitTest name="Appostolic.Api.Tests.Privacy.PIIRedactorTests.RedactEmail_Works(input: &quot;user@example.com&quot;, expected: &quot;u***@example.com&quot;)" storage="/users/kevinmccreary/appostolic/apps/api.tests/bin/debug/net8.0/appostolic.api.tests.dll" id="5385030b-1302-b289-00d9-288b4f75839d">
      <Execution id="7ba9c23c-9322-400e-b058-39540410f9af" />
      <TestMethod codeBase="/Users/kevinmccreary/appostolic/apps/api.tests/bin/Debug/net8.0/Appostolic.Api.Tests.dll" adapterTypeName="executor://xunit/VsTestRunner2/netcoreapp" className="Appostolic.Api.Tests.Privacy.PIIRedactorTests" name="RedactEmail_Works" />
    </UnitTest>
    <UnitTest name="Appostolic.Api.Tests.EmailDispatcherTests.Dispatcher_redacts_email_in_log_scope" storage="/users/kevinmccreary/appostolic/apps/api.tests/bin/debug/net8.0/appostolic.api.tests.dll" id="bde04400-fb2a-d1b4-e9d5-727f1b9bbed1">
      <Execution id="6a6c2f5d-ebd9-43a7-938a-341122a1fdec" />
      <TestMethod codeBase="/Users/kevinmccreary/appostolic/apps/api.tests/bin/Debug/net8.0/Appostolic.Api.Tests.dll" adapterTypeName="executor://xunit/VsTestRunner2/netcoreapp" className="Appostolic.Api.Tests.EmailDispatcherTests" name="Dispatcher_redacts_email_in_log_scope" />
    </UnitTest>
    <UnitTest name="Appostolic.Api.Tests.Privacy.PIIHasherTests.HashEmail_IsDeterministic_ForSamePepper" storage="/users/kevinmccreary/appostolic/apps/api.tests/bin/debug/net8.0/appostolic.api.tests.dll" id="e8b4dc71-a5d7-b1f7-a555-6150128fc2af">
      <Execution id="97b49f3d-02bc-4d9c-92a9-35096b2e733a" />
      <TestMethod codeBase="/Users/kevinmccreary/appostolic/apps/api.tests/bin/Debug/net8.0/Appostolic.Api.Tests.dll" adapterTypeName="executor://xunit/VsTestRunner2/netcoreapp" className="Appostolic.Api.Tests.Privacy.PIIHasherTests" name="HashEmail_IsDeterministic_ForSamePepper" />
    </UnitTest>
    <UnitTest name="WebSearchToolTests.Query_intro_returns_expected" storage="/users/kevinmccreary/appostolic/apps/api.tests/bin/debug/net8.0/appostolic.api.tests.dll" id="22ad276e-c73f-4ebf-8729-b5903439e2d9">
      <Execution id="69c754f2-51a3-46c9-8795-12a0e1929978" />
      <TestMethod codeBase="/Users/kevinmccreary/appostolic/apps/api.tests/bin/Debug/net8.0/Appostolic.Api.Tests.dll" adapterTypeName="executor://xunit/VsTestRunner2/netcoreapp" className="WebSearchToolTests" name="Query_intro_returns_expected" />
    </UnitTest>
    <UnitTest name="Appostolic.Api.Tests.Api.AgentsEndpointsTests.Agents_CRUD_HappyPath" storage="/users/kevinmccreary/appostolic/apps/api.tests/bin/debug/net8.0/appostolic.api.tests.dll" id="b672c70e-eca2-f979-b482-5169b705a205">
      <Execution id="7e702c40-d5f0-4d83-b98d-44fad6c210a0" />
      <TestMethod codeBase="/Users/kevinmccreary/appostolic/apps/api.tests/bin/Debug/net8.0/Appostolic.Api.Tests.dll" adapterTypeName="executor://xunit/VsTestRunner2/netcoreapp" className="Appostolic.Api.Tests.Api.AgentsEndpointsTests" name="Agents_CRUD_HappyPath" />
    </UnitTest>
    <UnitTest name="Appostolic.Api.Tests.Api.NotificationsProdEndpointsTests.Tenant_owner_can_list_and_retry_within_tenant" storage="/users/kevinmccreary/appostolic/apps/api.tests/bin/debug/net8.0/appostolic.api.tests.dll" id="7c574249-6de4-087c-ac92-00dedf541e78">
      <Execution id="c7f818fb-a9cd-4b2e-af1b-207cb493790b" />
      <TestMethod codeBase="/Users/kevinmccreary/appostolic/apps/api.tests/bin/Debug/net8.0/Appostolic.Api.Tests.dll" adapterTypeName="executor://xunit/VsTestRunner2/netcoreapp" className="Appostolic.Api.Tests.Api.NotificationsProdEndpointsTests" name="Tenant_owner_can_list_and_retry_within_tenant" />
    </UnitTest>
    <UnitTest name="Appostolic.Api.Tests.Api.UserAvatarEndpointsTests.UploadAvatar_Downscales_LargeImage_To512Webp" storage="/users/kevinmccreary/appostolic/apps/api.tests/bin/debug/net8.0/appostolic.api.tests.dll" id="7b4d03a5-c5c2-9d47-3b72-108b3108a4ac">
      <Execution id="787219de-f8bb-450e-b742-8f95d22da611" />
      <TestMethod codeBase="/Users/kevinmccreary/appostolic/apps/api.tests/bin/Debug/net8.0/Appostolic.Api.Tests.dll" adapterTypeName="executor://xunit/VsTestRunner2/netcoreapp" className="Appostolic.Api.Tests.Api.UserAvatarEndpointsTests" name="UploadAvatar_Downscales_LargeImage_To512Webp" />
    </UnitTest>
    <UnitTest name="Appostolic.Api.Tests.Orchestrator.AgentOrchestratorTests.ToolMissing_FailsWithToolNotFound" storage="/users/kevinmccreary/appostolic/apps/api.tests/bin/debug/net8.0/appostolic.api.tests.dll" id="d9d051a9-d261-1011-dbde-e42b30d539a9">
      <Execution id="63dee7f2-a2b5-4f4d-b5d7-89a443be47fa" />
      <TestMethod codeBase="/Users/kevinmccreary/appostolic/apps/api.tests/bin/Debug/net8.0/Appostolic.Api.Tests.dll" adapterTypeName="executor://xunit/VsTestRunner2/netcoreapp" className="Appostolic.Api.Tests.Orchestrator.AgentOrchestratorTests" name="ToolMissing_FailsWithToolNotFound" />
    </UnitTest>
    <UnitTest name="DbQueryToolTests.Select_lessons_where_id_param_object" storage="/users/kevinmccreary/appostolic/apps/api.tests/bin/debug/net8.0/appostolic.api.tests.dll" id="811026c2-41ce-4e18-121d-862774cd6272">
      <Execution id="27b202a5-2835-4edd-ae82-0416324cfa7f" />
      <TestMethod codeBase="/Users/kevinmccreary/appostolic/apps/api.tests/bin/Debug/net8.0/Appostolic.Api.Tests.dll" adapterTypeName="executor://xunit/VsTestRunner2/netcoreapp" className="DbQueryToolTests" name="Select_lessons_where_id_param_object" />
    </UnitTest>
    <UnitTest name="Appostolic.Api.Tests.Api.NotificationsProdEndpointsTests.Resend_returns_404_when_missing" storage="/users/kevinmccreary/appostolic/apps/api.tests/bin/debug/net8.0/appostolic.api.tests.dll" id="fdf88970-87c6-f740-810f-e878127ff782">
      <Execution id="6b545c7f-d09c-46b1-9c61-d26f70ecbe24" />
      <TestMethod codeBase="/Users/kevinmccreary/appostolic/apps/api.tests/bin/Debug/net8.0/Appostolic.Api.Tests.dll" adapterTypeName="executor://xunit/VsTestRunner2/netcoreapp" className="Appostolic.Api.Tests.Api.NotificationsProdEndpointsTests" name="Resend_returns_404_when_missing" />
    </UnitTest>
    <UnitTest name="Appostolic.Api.Tests.Api.AuditTrailTests.Set_roles_writes_audit_row_with_old_and_new_roles" storage="/users/kevinmccreary/appostolic/apps/api.tests/bin/debug/net8.0/appostolic.api.tests.dll" id="6b0df781-2303-2b77-2cc6-dbbd4c3e9e73">
      <Execution id="c8474a05-7741-419b-b33e-80ffdd24de15" />
      <TestMethod codeBase="/Users/kevinmccreary/appostolic/apps/api.tests/bin/Debug/net8.0/Appostolic.Api.Tests.dll" adapterTypeName="executor://xunit/VsTestRunner2/netcoreapp" className="Appostolic.Api.Tests.Api.AuditTrailTests" name="Set_roles_writes_audit_row_with_old_and_new_roles" />
    </UnitTest>
    <UnitTest name="Appostolic.Api.Tests.Api.UserAvatarEndpointsTests.UploadAvatar_Succeeds_WithPngUnder2MB" storage="/users/kevinmccreary/appostolic/apps/api.tests/bin/debug/net8.0/appostolic.api.tests.dll" id="689d43e4-6cb5-4009-1ac6-7e50bf4ccc94">
      <Execution id="836e0bd3-1ff4-498a-b7af-e4c9c92304f7" />
      <TestMethod codeBase="/Users/kevinmccreary/appostolic/apps/api.tests/bin/Debug/net8.0/Appostolic.Api.Tests.dll" adapterTypeName="executor://xunit/VsTestRunner2/netcoreapp" className="Appostolic.Api.Tests.Api.UserAvatarEndpointsTests" name="UploadAvatar_Succeeds_WithPngUnder2MB" />
    </UnitTest>
    <UnitTest name="Appostolic.Api.Tests.Privacy.LoggingPIIScopeTests.EmailScope_OnlyRedacted_WhenHashingDisabled" storage="/users/kevinmccreary/appostolic/apps/api.tests/bin/debug/net8.0/appostolic.api.tests.dll" id="80249d75-0754-365e-161d-4f69eb53fd73">
      <Execution id="3e1c8928-c969-4000-a872-b026a592e488" />
      <TestMethod codeBase="/Users/kevinmccreary/appostolic/apps/api.tests/bin/Debug/net8.0/Appostolic.Api.Tests.dll" adapterTypeName="executor://xunit/VsTestRunner2/netcoreapp" className="Appostolic.Api.Tests.Privacy.LoggingPIIScopeTests" name="EmailScope_OnlyRedacted_WhenHashingDisabled" />
    </UnitTest>
    <UnitTest name="Appostolic.Api.Tests.AgentTasks.AgentTasksListFilterPaginationTests.Status_Filter_Is_CaseInsensitive" storage="/users/kevinmccreary/appostolic/apps/api.tests/bin/debug/net8.0/appostolic.api.tests.dll" id="f0724dde-c441-a83f-2f8e-78db9d6adb66">
      <Execution id="fcccc9d4-138f-4ffa-bc0a-c10f2ea1a052" />
      <TestMethod codeBase="/Users/kevinmccreary/appostolic/apps/api.tests/bin/Debug/net8.0/Appostolic.Api.Tests.dll" adapterTypeName="executor://xunit/VsTestRunner2/netcoreapp" className="Appostolic.Api.Tests.AgentTasks.AgentTasksListFilterPaginationTests" name="Status_Filter_Is_CaseInsensitive" />
    </UnitTest>
    <UnitTest name="Appostolic.Api.Tests.Privacy.PIIHasherTests.HashEmail_Differs_WithDifferentPepper" storage="/users/kevinmccreary/appostolic/apps/api.tests/bin/debug/net8.0/appostolic.api.tests.dll" id="8c322062-c901-cc6c-6cc7-399543893d6b">
      <Execution id="fd8306a6-bd34-41f4-9e07-909b727ef301" />
      <TestMethod codeBase="/Users/kevinmccreary/appostolic/apps/api.tests/bin/Debug/net8.0/Appostolic.Api.Tests.dll" adapterTypeName="executor://xunit/VsTestRunner2/netcoreapp" className="Appostolic.Api.Tests.Privacy.PIIHasherTests" name="HashEmail_Differs_WithDifferentPepper" />
    </UnitTest>
    <UnitTest name="Appostolic.Api.Tests.Orchestrator.AgentOrchestratorTests.ToolNotAllowed_FailsAndTracesFailure" storage="/users/kevinmccreary/appostolic/apps/api.tests/bin/debug/net8.0/appostolic.api.tests.dll" id="cc013720-f8b7-b972-40e8-34c7328bfdae">
      <Execution id="cad1685e-a5b9-4423-8b18-d4e09d59cbb5" />
      <TestMethod codeBase="/Users/kevinmccreary/appostolic/apps/api.tests/bin/Debug/net8.0/Appostolic.Api.Tests.dll" adapterTypeName="executor://xunit/VsTestRunner2/netcoreapp" className="Appostolic.Api.Tests.Orchestrator.AgentOrchestratorTests" name="ToolNotAllowed_FailsAndTracesFailure" />
    </UnitTest>
    <UnitTest name="Appostolic.Api.Tests.AgentOrchestratorTests.Cancellation_StopsMidRun" storage="/users/kevinmccreary/appostolic/apps/api.tests/bin/debug/net8.0/appostolic.api.tests.dll" id="cb3a79b8-8a20-d72b-fe66-3be39a479486">
      <Execution id="32220493-c05e-42d6-8418-1d51181e4939" />
      <TestMethod codeBase="/Users/kevinmccreary/appostolic/apps/api.tests/bin/Debug/net8.0/Appostolic.Api.Tests.dll" adapterTypeName="executor://xunit/VsTestRunner2/netcoreapp" className="Appostolic.Api.Tests.AgentOrchestratorTests" name="Cancellation_StopsMidRun" />
    </UnitTest>
    <UnitTest name="Appostolic.Api.Tests.Privacy.LoggingPIIScopeTests.EmailScope_IncludesRedactedAndHash_WhenEnabled" storage="/users/kevinmccreary/appostolic/apps/api.tests/bin/debug/net8.0/appostolic.api.tests.dll" id="4f65136b-b885-5c0a-1650-385c2d5ff86d">
      <Execution id="1220e2d8-af19-4dcb-aa12-31b5a539b861" />
      <TestMethod codeBase="/Users/kevinmccreary/appostolic/apps/api.tests/bin/Debug/net8.0/Appostolic.Api.Tests.dll" adapterTypeName="executor://xunit/VsTestRunner2/netcoreapp" className="Appostolic.Api.Tests.Privacy.LoggingPIIScopeTests" name="EmailScope_IncludesRedactedAndHash_WhenEnabled" />
    </UnitTest>
    <UnitTest name="Appostolic.Api.Tests.Privacy.PIIRedactorTests.RedactEmail_Works(input: &quot;U@ex.com&quot;, expected: &quot;***U@ex.com&quot;)" storage="/users/kevinmccreary/appostolic/apps/api.tests/bin/debug/net8.0/appostolic.api.tests.dll" id="9a71281b-30b0-67b5-7395-398aae4c1d76">
      <Execution id="c55949a2-9f37-47a1-ace0-9dd1b1e96eaa" />
      <TestMethod codeBase="/Users/kevinmccreary/appostolic/apps/api.tests/bin/Debug/net8.0/Appostolic.Api.Tests.dll" adapterTypeName="executor://xunit/VsTestRunner2/netcoreapp" className="Appostolic.Api.Tests.Privacy.PIIRedactorTests" name="RedactEmail_Works" />
    </UnitTest>
    <UnitTest name="Appostolic.Api.Tests.Api.ToolCatalogTests.Tools_Catalog_Lists_Registered_Tools_With_Categories" storage="/users/kevinmccreary/appostolic/apps/api.tests/bin/debug/net8.0/appostolic.api.tests.dll" id="8f26075f-925c-4688-bf33-abe324c4e160">
      <Execution id="b698a3f9-c4c8-4b75-b051-7f616fdf6cee" />
      <TestMethod codeBase="/Users/kevinmccreary/appostolic/apps/api.tests/bin/Debug/net8.0/Appostolic.Api.Tests.dll" adapterTypeName="executor://xunit/VsTestRunner2/netcoreapp" className="Appostolic.Api.Tests.Api.ToolCatalogTests" name="Tools_Catalog_Lists_Registered_Tools_With_Categories" />
    </UnitTest>
    <UnitTest name="Appostolic.Api.Tests.Api.LegacyRolesConvergedTests.All_memberships_have_consistent_nonzero_roles_bitmask" storage="/users/kevinmccreary/appostolic/apps/api.tests/bin/debug/net8.0/appostolic.api.tests.dll" id="86313928-0630-412d-b92d-2c5039f70d0a">
      <Execution id="0cbd6d05-2ec7-46dc-95cd-a38ef9684fef" />
      <TestMethod codeBase="/Users/kevinmccreary/appostolic/apps/api.tests/bin/Debug/net8.0/Appostolic.Api.Tests.dll" adapterTypeName="executor://xunit/VsTestRunner2/netcoreapp" className="Appostolic.Api.Tests.Api.LegacyRolesConvergedTests" name="All_memberships_have_consistent_nonzero_roles_bitmask" />
    </UnitTest>
    <UnitTest name="Appostolic.Api.Tests.Api.InvitesAcceptTests.Accept_With_Invalid_Token_Fails" storage="/users/kevinmccreary/appostolic/apps/api.tests/bin/debug/net8.0/appostolic.api.tests.dll" id="81f70a90-5f17-3107-1751-37f6a5b41791">
      <Execution id="5c5ec069-8b34-4fc6-975e-98fe2da26d12" />
      <TestMethod codeBase="/Users/kevinmccreary/appostolic/apps/api.tests/bin/Debug/net8.0/Appostolic.Api.Tests.dll" adapterTypeName="executor://xunit/VsTestRunner2/netcoreapp" className="Appostolic.Api.Tests.Api.InvitesAcceptTests" name="Accept_With_Invalid_Token_Fails" />
    </UnitTest>
    <UnitTest name="Appostolic.Api.Tests.Api.NotificationsProdEndpointsTests.Tenant_owner_can_resend_within_tenant_and_is_forbidden_cross_tenant" storage="/users/kevinmccreary/appostolic/apps/api.tests/bin/debug/net8.0/appostolic.api.tests.dll" id="ee7b51d2-d8a7-715d-70ab-159c7293568a">
      <Execution id="d2ec0d15-9240-4b0a-8371-58442de61d64" />
      <TestMethod codeBase="/Users/kevinmccreary/appostolic/apps/api.tests/bin/Debug/net8.0/Appostolic.Api.Tests.dll" adapterTypeName="executor://xunit/VsTestRunner2/netcoreapp" className="Appostolic.Api.Tests.Api.NotificationsProdEndpointsTests" name="Tenant_owner_can_resend_within_tenant_and_is_forbidden_cross_tenant" />
    </UnitTest>
    <UnitTest name="Appostolic.Api.Tests.Api.InvitesAcceptTests.Accept_SignedIn_User_Matches_Invite_Creates_Membership" storage="/users/kevinmccreary/appostolic/apps/api.tests/bin/debug/net8.0/appostolic.api.tests.dll" id="7bfc22d7-9c12-bb6d-b1ad-6ad8a8f51b4d">
      <Execution id="eee6ffed-1004-4602-b7ba-4d6162868288" />
      <TestMethod codeBase="/Users/kevinmccreary/appostolic/apps/api.tests/bin/Debug/net8.0/Appostolic.Api.Tests.dll" adapterTypeName="executor://xunit/VsTestRunner2/netcoreapp" className="Appostolic.Api.Tests.Api.InvitesAcceptTests" name="Accept_SignedIn_User_Matches_Invite_Creates_Membership" />
    </UnitTest>
    <UnitTest name="Appostolic.Api.Tests.SwaggerEndpointTests.SwaggerJson_ReturnsOpenApiDocument" storage="/users/kevinmccreary/appostolic/apps/api.tests/bin/debug/net8.0/appostolic.api.tests.dll" id="f40065b9-7c11-5cb0-fc3c-72a39c2af769">
      <Execution id="f12df099-a4ba-4a55-b29d-f3748bc3b507" />
      <TestMethod codeBase="/Users/kevinmccreary/appostolic/apps/api.tests/bin/Debug/net8.0/Appostolic.Api.Tests.dll" adapterTypeName="executor://xunit/VsTestRunner2/netcoreapp" className="Appostolic.Api.Tests.SwaggerEndpointTests" name="SwaggerJson_ReturnsOpenApiDocument" />
    </UnitTest>
    <UnitTest name="Appostolic.Api.Tests.E2E.AgentTasksE2E_Golden.HappyPath_projection_matches_golden_fixture" storage="/users/kevinmccreary/appostolic/apps/api.tests/bin/debug/net8.0/appostolic.api.tests.dll" id="e1e10047-9c95-2461-ef88-42d3da0fbb82">
      <Execution id="9f933d9b-bbb0-4909-84f2-0a3f6a706b86" />
      <TestMethod codeBase="/Users/kevinmccreary/appostolic/apps/api.tests/bin/Debug/net8.0/Appostolic.Api.Tests.dll" adapterTypeName="executor://xunit/VsTestRunner2/netcoreapp" className="Appostolic.Api.Tests.E2E.AgentTasksE2E_Golden" name="HappyPath_projection_matches_golden_fixture" />
    </UnitTest>
    <UnitTest name="Appostolic.Api.Tests.Notifications.AutoResendScannerTests.Skips_when_disabled" storage="/users/kevinmccreary/appostolic/apps/api.tests/bin/debug/net8.0/appostolic.api.tests.dll" id="e4ef9dda-68e5-63b6-ccb6-0b8c602aab58">
      <Execution id="0afa992d-6416-4317-aebc-df8c9f29cb4c" />
      <TestMethod codeBase="/Users/kevinmccreary/appostolic/apps/api.tests/bin/Debug/net8.0/Appostolic.Api.Tests.dll" adapterTypeName="executor://xunit/VsTestRunner2/netcoreapp" className="Appostolic.Api.Tests.Notifications.AutoResendScannerTests" name="Skips_when_disabled" />
    </UnitTest>
    <UnitTest name="Appostolic.Api.Tests.Api.AgentsEndpointsTests.Agents_Validation_Errors" storage="/users/kevinmccreary/appostolic/apps/api.tests/bin/debug/net8.0/appostolic.api.tests.dll" id="e74b4a4d-4fe0-004f-1c01-e9508924afd9">
      <Execution id="755d16a6-4028-4586-81c9-5abb15ba4dce" />
      <TestMethod codeBase="/Users/kevinmccreary/appostolic/apps/api.tests/bin/Debug/net8.0/Appostolic.Api.Tests.dll" adapterTypeName="executor://xunit/VsTestRunner2/netcoreapp" className="Appostolic.Api.Tests.Api.AgentsEndpointsTests" name="Agents_Validation_Errors" />
    </UnitTest>
    <UnitTest name="Appostolic.Api.Tests.Api.AgentTasksEndpointsTests.List_Pending_ReturnsCreatedFirst" storage="/users/kevinmccreary/appostolic/apps/api.tests/bin/debug/net8.0/appostolic.api.tests.dll" id="6af85923-8d05-0c62-0cc5-a5120df2d8e5">
      <Execution id="0d644e31-2e08-4da8-b179-f6ce7f225667" />
      <TestMethod codeBase="/Users/kevinmccreary/appostolic/apps/api.tests/bin/Debug/net8.0/Appostolic.Api.Tests.dll" adapterTypeName="executor://xunit/VsTestRunner2/netcoreapp" className="Appostolic.Api.Tests.Api.AgentTasksEndpointsTests" name="List_Pending_ReturnsCreatedFirst" />
    </UnitTest>
    <UnitTest name="Appostolic.Api.Tests.ModelMappingTests.Notification_resend_fields_are_mapped_with_indexes" storage="/users/kevinmccreary/appostolic/apps/api.tests/bin/debug/net8.0/appostolic.api.tests.dll" id="caeaccb8-00ea-302b-441d-17caf5fd9b5d">
      <Execution id="1bc288d3-fa22-44a4-a20f-27b6d418a1aa" />
      <TestMethod codeBase="/Users/kevinmccreary/appostolic/apps/api.tests/bin/Debug/net8.0/Appostolic.Api.Tests.dll" adapterTypeName="executor://xunit/VsTestRunner2/netcoreapp" className="Appostolic.Api.Tests.ModelMappingTests" name="Notification_resend_fields_are_mapped_with_indexes" />
    </UnitTest>
    <UnitTest name="Appostolic.Api.Tests.AgentTasks.AgentTasksListFilterPaginationTests.Date_Range_Filter_On_CreatedAt" storage="/users/kevinmccreary/appostolic/apps/api.tests/bin/debug/net8.0/appostolic.api.tests.dll" id="ad304976-430a-8b69-e0d9-931ece855b31">
      <Execution id="10da6f22-4b03-4f68-a7fb-cd1b1ceb05b6" />
      <TestMethod codeBase="/Users/kevinmccreary/appostolic/apps/api.tests/bin/Debug/net8.0/Appostolic.Api.Tests.dll" adapterTypeName="executor://xunit/VsTestRunner2/netcoreapp" className="Appostolic.Api.Tests.AgentTasks.AgentTasksListFilterPaginationTests" name="Date_Range_Filter_On_CreatedAt" />
    </UnitTest>
    <UnitTest name="Appostolic.Api.Tests.Storage.S3ObjectStorageServiceTests.UploadAsync_UploadsWithPublicReadAndCacheControl_ReturnsPublicBaseUrl" storage="/users/kevinmccreary/appostolic/apps/api.tests/bin/debug/net8.0/appostolic.api.tests.dll" id="12982ac4-b6b0-e458-3676-ece493490c27">
      <Execution id="98860d9e-b99c-474d-8260-675a0184adad" />
      <TestMethod codeBase="/Users/kevinmccreary/appostolic/apps/api.tests/bin/Debug/net8.0/Appostolic.Api.Tests.dll" adapterTypeName="executor://xunit/VsTestRunner2/netcoreapp" className="Appostolic.Api.Tests.Storage.S3ObjectStorageServiceTests" name="UploadAsync_UploadsWithPublicReadAndCacheControl_ReturnsPublicBaseUrl" />
    </UnitTest>
    <UnitTest name="Appostolic.Api.Tests.EmailDispatcherTests.Dispatcher_logs_correlation_fields_when_present" storage="/users/kevinmccreary/appostolic/apps/api.tests/bin/debug/net8.0/appostolic.api.tests.dll" id="d079b60f-9bd9-c7a1-855f-178e519346dc">
      <Execution id="aa71be34-83fc-4fb9-bd79-f21ff6ca6c15" />
      <TestMethod codeBase="/Users/kevinmccreary/appostolic/apps/api.tests/bin/Debug/net8.0/Appostolic.Api.Tests.dll" adapterTypeName="executor://xunit/VsTestRunner2/netcoreapp" className="Appostolic.Api.Tests.EmailDispatcherTests" name="Dispatcher_logs_correlation_fields_when_present" />
    </UnitTest>
    <UnitTest name="Appostolic.Api.Tests.Api.AssignmentsApiTests.Non_admin_cannot_set_roles" storage="/users/kevinmccreary/appostolic/apps/api.tests/bin/debug/net8.0/appostolic.api.tests.dll" id="fc6317ac-4f9e-d443-bb9c-db2ea41d1b6d">
      <Execution id="0b84f549-d26f-44fa-83b4-20dfdb05c992" />
      <TestMethod codeBase="/Users/kevinmccreary/appostolic/apps/api.tests/bin/Debug/net8.0/Appostolic.Api.Tests.dll" adapterTypeName="executor://xunit/VsTestRunner2/netcoreapp" className="Appostolic.Api.Tests.Api.AssignmentsApiTests" name="Non_admin_cannot_set_roles" />
    </UnitTest>
    <UnitTest name="Appostolic.Api.AuthTests.LoginRolesSerializationTests.Login_IncludesRolesBitmaskOnMembership" storage="/users/kevinmccreary/appostolic/apps/api.tests/bin/debug/net8.0/appostolic.api.tests.dll" id="545ffb6d-3098-01fc-1bfd-d18b0f6ea861">
      <Execution id="33bcdcdf-c0d8-4864-918d-f9ef31814750" />
      <TestMethod codeBase="/Users/kevinmccreary/appostolic/apps/api.tests/bin/Debug/net8.0/Appostolic.Api.Tests.dll" adapterTypeName="executor://xunit/VsTestRunner2/netcoreapp" className="Appostolic.Api.AuthTests.LoginRolesSerializationTests" name="Login_IncludesRolesBitmaskOnMembership" />
    </UnitTest>
    <UnitTest name="WebSearchToolTests.Take_limits_results" storage="/users/kevinmccreary/appostolic/apps/api.tests/bin/debug/net8.0/appostolic.api.tests.dll" id="691bf80d-9ec7-7de8-ad81-702e4cdb8bfd">
      <Execution id="c4bff6cf-3439-4fbc-b503-12da493f3be2" />
      <TestMethod codeBase="/Users/kevinmccreary/appostolic/apps/api.tests/bin/Debug/net8.0/Appostolic.Api.Tests.dll" adapterTypeName="executor://xunit/VsTestRunner2/netcoreapp" className="WebSearchToolTests" name="Take_limits_results" />
    </UnitTest>
    <UnitTest name="Appostolic.Api.Tests.Api.UserAvatarEndpointsTests.UploadAvatar_Rejects_TooLarge" storage="/users/kevinmccreary/appostolic/apps/api.tests/bin/debug/net8.0/appostolic.api.tests.dll" id="eac43a08-1201-428f-7efa-904ba4876682">
      <Execution id="9a29e41c-1f69-4ab6-965d-e4cf32c6d562" />
      <TestMethod codeBase="/Users/kevinmccreary/appostolic/apps/api.tests/bin/Debug/net8.0/Appostolic.Api.Tests.dll" adapterTypeName="executor://xunit/VsTestRunner2/netcoreapp" className="Appostolic.Api.Tests.Api.UserAvatarEndpointsTests" name="UploadAvatar_Rejects_TooLarge" />
    </UnitTest>
    <UnitTest name="Appostolic.Api.Tests.Api.UserProfileEndpointsTests.Put_me_rejects_non_object_body" storage="/users/kevinmccreary/appostolic/apps/api.tests/bin/debug/net8.0/appostolic.api.tests.dll" id="1a80fecc-6ef5-c4ed-4650-dbe09ce92e46">
      <Execution id="4ac8ae7e-0327-4366-b97c-a6d0a1b1d4cd" />
      <TestMethod codeBase="/Users/kevinmccreary/appostolic/apps/api.tests/bin/Debug/net8.0/Appostolic.Api.Tests.dll" adapterTypeName="executor://xunit/VsTestRunner2/netcoreapp" className="Appostolic.Api.Tests.Api.UserProfileEndpointsTests" name="Put_me_rejects_non_object_body" />
    </UnitTest>
    <UnitTest name="Appostolic.Api.Tests.AgentTasks.AgentTasksCancelRetryTests.Cancel_Terminal_Task_Returns409" storage="/users/kevinmccreary/appostolic/apps/api.tests/bin/debug/net8.0/appostolic.api.tests.dll" id="50c609b5-3f14-814d-a1e7-5260305a9b12">
      <Execution id="77170b27-d05f-43ee-a027-5e25d4c7bb6a" />
      <TestMethod codeBase="/Users/kevinmccreary/appostolic/apps/api.tests/bin/Debug/net8.0/Appostolic.Api.Tests.dll" adapterTypeName="executor://xunit/VsTestRunner2/netcoreapp" className="Appostolic.Api.Tests.AgentTasks.AgentTasksCancelRetryTests" name="Cancel_Terminal_Task_Returns409" />
    </UnitTest>
    <UnitTest name="Appostolic.Api.Tests.Api.TenantSettingsEndpointsTests.Get_Settings_Returns_Empty_Object_When_Null" storage="/users/kevinmccreary/appostolic/apps/api.tests/bin/debug/net8.0/appostolic.api.tests.dll" id="b0d19a9b-4021-9eed-3094-0cb81617cae0">
      <Execution id="fdb8c936-4306-4202-be54-1b77762c59fb" />
      <TestMethod codeBase="/Users/kevinmccreary/appostolic/apps/api.tests/bin/Debug/net8.0/Appostolic.Api.Tests.dll" adapterTypeName="executor://xunit/VsTestRunner2/netcoreapp" className="Appostolic.Api.Tests.Api.TenantSettingsEndpointsTests" name="Get_Settings_Returns_Empty_Object_When_Null" />
    </UnitTest>
    <UnitTest name="Appostolic.Api.Tests.E2E.AgentTasksE2E_Allowlist.Allowlist_Denied_Tool_Produces_Failed_Task_With_Error_Trace" storage="/users/kevinmccreary/appostolic/apps/api.tests/bin/debug/net8.0/appostolic.api.tests.dll" id="8a436d67-15f2-8a6f-b3c8-3df7d72a7066">
      <Execution id="3df0f41f-ceda-4383-8b35-5e10391cb632" />
      <TestMethod codeBase="/Users/kevinmccreary/appostolic/apps/api.tests/bin/Debug/net8.0/Appostolic.Api.Tests.dll" adapterTypeName="executor://xunit/VsTestRunner2/netcoreapp" className="Appostolic.Api.Tests.E2E.AgentTasksE2E_Allowlist" name="Allowlist_Denied_Tool_Produces_Failed_Task_With_Error_Trace" />
    </UnitTest>
    <UnitTest name="Appostolic.Api.Tests.Api.InvitesRolesFlagsTests.Create_Invite_With_Roles_Flags_Persists_And_Lists" storage="/users/kevinmccreary/appostolic/apps/api.tests/bin/debug/net8.0/appostolic.api.tests.dll" id="04a8bdbc-fefc-28fe-9d41-eb27166daebb">
      <Execution id="5b8ea5b6-9c3e-4180-a09d-699d4c88d9ad" />
      <TestMethod codeBase="/Users/kevinmccreary/appostolic/apps/api.tests/bin/Debug/net8.0/Appostolic.Api.Tests.dll" adapterTypeName="executor://xunit/VsTestRunner2/netcoreapp" className="Appostolic.Api.Tests.Api.InvitesRolesFlagsTests" name="Create_Invite_With_Roles_Flags_Persists_And_Lists" />
    </UnitTest>
    <UnitTest name="Appostolic.Api.Tests.Api.AgentTasksEndpointsTests.CreateTask_Returns201AndSummary" storage="/users/kevinmccreary/appostolic/apps/api.tests/bin/debug/net8.0/appostolic.api.tests.dll" id="9c020064-9cbb-7975-d5c0-9dc48d581775">
      <Execution id="0fd07112-be14-4fdc-8664-00af3eefacc9" />
      <TestMethod codeBase="/Users/kevinmccreary/appostolic/apps/api.tests/bin/Debug/net8.0/Appostolic.Api.Tests.dll" adapterTypeName="executor://xunit/VsTestRunner2/netcoreapp" className="Appostolic.Api.Tests.Api.AgentTasksEndpointsTests" name="CreateTask_Returns201AndSummary" />
    </UnitTest>
    <UnitTest name="Appostolic.Api.Tests.Api.MembersManagementTests.Remove_non_owner_member" storage="/users/kevinmccreary/appostolic/apps/api.tests/bin/debug/net8.0/appostolic.api.tests.dll" id="544ee02e-a795-79f3-8c38-56202dce3170">
      <Execution id="3939d021-203f-475a-b482-02ad392726bf" />
      <TestMethod codeBase="/Users/kevinmccreary/appostolic/apps/api.tests/bin/Debug/net8.0/Appostolic.Api.Tests.dll" adapterTypeName="executor://xunit/VsTestRunner2/netcoreapp" className="Appostolic.Api.Tests.Api.MembersManagementTests" name="Remove_non_owner_member" />
    </UnitTest>
    <UnitTest name="Appostolic.Api.Tests.AgentOrchestratorTests.ToolNotAllowed_FailsAndTracesFailure" storage="/users/kevinmccreary/appostolic/apps/api.tests/bin/debug/net8.0/appostolic.api.tests.dll" id="eba2e046-3c6c-f48b-f85f-b23828d8319b">
      <Execution id="8a099c9f-8371-4d03-a9cd-5fd873220546" />
      <TestMethod codeBase="/Users/kevinmccreary/appostolic/apps/api.tests/bin/Debug/net8.0/Appostolic.Api.Tests.dll" adapterTypeName="executor://xunit/VsTestRunner2/netcoreapp" className="Appostolic.Api.Tests.AgentOrchestratorTests" name="ToolNotAllowed_FailsAndTracesFailure" />
    </UnitTest>
    <UnitTest name="Appostolic.Api.Tests.Api.NotificationsWebhookTests.SendGridWebhook_forbidden_when_token_mismatch" storage="/users/kevinmccreary/appostolic/apps/api.tests/bin/debug/net8.0/appostolic.api.tests.dll" id="c3e1478d-2cae-8f80-3a89-04eb9dac0acb">
      <Execution id="9ea46d78-1a91-46dd-9ec7-ffddb2492ead" />
      <TestMethod codeBase="/Users/kevinmccreary/appostolic/apps/api.tests/bin/Debug/net8.0/Appostolic.Api.Tests.dll" adapterTypeName="executor://xunit/VsTestRunner2/netcoreapp" className="Appostolic.Api.Tests.Api.NotificationsWebhookTests" name="SendGridWebhook_forbidden_when_token_mismatch" />
    </UnitTest>
    <UnitTest name="Appostolic.Api.Tests.AgentTasks.AgentTasksListFilterPaginationTests.FreeText_Q_Search_On_Input_And_User" storage="/users/kevinmccreary/appostolic/apps/api.tests/bin/debug/net8.0/appostolic.api.tests.dll" id="94524c04-7158-8472-e876-43b26f76e4f4">
      <Execution id="611ebde3-eb58-457a-9999-0fe67a2b8815" />
      <TestMethod codeBase="/Users/kevinmccreary/appostolic/apps/api.tests/bin/Debug/net8.0/Appostolic.Api.Tests.dll" adapterTypeName="executor://xunit/VsTestRunner2/netcoreapp" className="Appostolic.Api.Tests.AgentTasks.AgentTasksListFilterPaginationTests" name="FreeText_Q_Search_On_Input_And_User" />
    </UnitTest>
    <UnitTest name="Appostolic.Api.Tests.Worker.AgentTaskWorkerTests.Pending_To_Running_To_Succeeded_With_Traces" storage="/users/kevinmccreary/appostolic/apps/api.tests/bin/debug/net8.0/appostolic.api.tests.dll" id="87a5b8a9-e5bd-8c6e-5a6c-5815a0bd8c39">
      <Execution id="715f7b98-5079-4a4a-9883-b8fe9d6be1dd" />
      <TestMethod codeBase="/Users/kevinmccreary/appostolic/apps/api.tests/bin/Debug/net8.0/Appostolic.Api.Tests.dll" adapterTypeName="executor://xunit/VsTestRunner2/netcoreapp" className="Appostolic.Api.Tests.Worker.AgentTaskWorkerTests" name="Pending_To_Running_To_Succeeded_With_Traces" />
    </UnitTest>
    <UnitTest name="Appostolic.Api.Tests.Api.NotificationsWebhookTests.SendGridWebhook_updates_provider_status_when_token_matches" storage="/users/kevinmccreary/appostolic/apps/api.tests/bin/debug/net8.0/appostolic.api.tests.dll" id="c608eb38-09c4-17b8-a16b-ae9b91798432">
      <Execution id="e007ba06-1b89-4957-a480-56a947dafac7" />
      <TestMethod codeBase="/Users/kevinmccreary/appostolic/apps/api.tests/bin/Debug/net8.0/Appostolic.Api.Tests.dll" adapterTypeName="executor://xunit/VsTestRunner2/netcoreapp" className="Appostolic.Api.Tests.Api.NotificationsWebhookTests" name="SendGridWebhook_updates_provider_status_when_token_matches" />
    </UnitTest>
    <UnitTest name="Appostolic.Api.Tests.Api.MembersListTests.Owner_can_list_members" storage="/users/kevinmccreary/appostolic/apps/api.tests/bin/debug/net8.0/appostolic.api.tests.dll" id="d8682838-1d38-dd8e-6c89-ae1bda81fecb">
      <Execution id="260a5cb0-a392-47c8-a851-466f7c79d6d8" />
      <TestMethod codeBase="/Users/kevinmccreary/appostolic/apps/api.tests/bin/Debug/net8.0/Appostolic.Api.Tests.dll" adapterTypeName="executor://xunit/VsTestRunner2/netcoreapp" className="Appostolic.Api.Tests.Api.MembersListTests" name="Owner_can_list_members" />
    </UnitTest>
    <UnitTest name="Appostolic.Api.Tests.Api.AuthPasswordFlowsTests.ChangePassword_WithAuth_UpdatesPassword" storage="/users/kevinmccreary/appostolic/apps/api.tests/bin/debug/net8.0/appostolic.api.tests.dll" id="7831f103-663f-8d24-4a8b-6bbe466d0837">
      <Execution id="689e614f-99fb-44cb-a686-2232c92ae8e2" />
      <TestMethod codeBase="/Users/kevinmccreary/appostolic/apps/api.tests/bin/Debug/net8.0/Appostolic.Api.Tests.dll" adapterTypeName="executor://xunit/VsTestRunner2/netcoreapp" className="Appostolic.Api.Tests.Api.AuthPasswordFlowsTests" name="ChangePassword_WithAuth_UpdatesPassword" />
    </UnitTest>
    <UnitTest name="Appostolic.Api.Tests.Api.AssignmentsApiTests.List_memberships_requires_admin_and_returns_roles" storage="/users/kevinmccreary/appostolic/apps/api.tests/bin/debug/net8.0/appostolic.api.tests.dll" id="019214c2-5ff4-3fed-608d-44f050052b40">
      <Execution id="a7107ff3-6a5b-4529-a227-9c3e41640ffd" />
      <TestMethod codeBase="/Users/kevinmccreary/appostolic/apps/api.tests/bin/Debug/net8.0/Appostolic.Api.Tests.dll" adapterTypeName="executor://xunit/VsTestRunner2/netcoreapp" className="Appostolic.Api.Tests.Api.AssignmentsApiTests" name="List_memberships_requires_admin_and_returns_roles" />
    </UnitTest>
    <UnitTest name="Appostolic.Api.Tests.Storage.ObjectStorageDeleteTests.Local_DeleteAsync_RemovesFile_WhenPresent" storage="/users/kevinmccreary/appostolic/apps/api.tests/bin/debug/net8.0/appostolic.api.tests.dll" id="a8bb0fab-56c6-938a-460b-3d46baedbbb6">
      <Execution id="da7ac621-f6c3-4207-a7e0-85b4e88a02f6" />
      <TestMethod codeBase="/Users/kevinmccreary/appostolic/apps/api.tests/bin/Debug/net8.0/Appostolic.Api.Tests.dll" adapterTypeName="executor://xunit/VsTestRunner2/netcoreapp" className="Appostolic.Api.Tests.Storage.ObjectStorageDeleteTests" name="Local_DeleteAsync_RemovesFile_WhenPresent" />
    </UnitTest>
    <UnitTest name="Appostolic.Api.Tests.Model.TokenEstimatorTests.EstimateTokens_Heuristic_CeilPer4Chars(text: &quot;abcde&quot;, expected: 2)" storage="/users/kevinmccreary/appostolic/apps/api.tests/bin/debug/net8.0/appostolic.api.tests.dll" id="2f6106d4-2d27-0ec0-388a-a0a0d64b80ea">
      <Execution id="ef8146c8-e4ce-4fdd-af8f-c13d723d3eab" />
      <TestMethod codeBase="/Users/kevinmccreary/appostolic/apps/api.tests/bin/Debug/net8.0/Appostolic.Api.Tests.dll" adapterTypeName="executor://xunit/VsTestRunner2/netcoreapp" className="Appostolic.Api.Tests.Model.TokenEstimatorTests" name="EstimateTokens_Heuristic_CeilPer4Chars" />
    </UnitTest>
    <UnitTest name="Appostolic.Api.Tests.Api.AuthPasswordFlowsTests.ForgotPassword_AcceptsAndStoresToken_SendsEmail" storage="/users/kevinmccreary/appostolic/apps/api.tests/bin/debug/net8.0/appostolic.api.tests.dll" id="515d6282-fd19-872e-c191-d3eda2049a23">
      <Execution id="6e2840c6-05c8-4c20-b419-6f0f7efe539b" />
      <TestMethod codeBase="/Users/kevinmccreary/appostolic/apps/api.tests/bin/Debug/net8.0/Appostolic.Api.Tests.dll" adapterTypeName="executor://xunit/VsTestRunner2/netcoreapp" className="Appostolic.Api.Tests.Api.AuthPasswordFlowsTests" name="ForgotPassword_AcceptsAndStoresToken_SendsEmail" />
    </UnitTest>
    <UnitTest name="Appostolic.Api.AuthTests.LoginTests.Login_InvalidCredentials_Returns401" storage="/users/kevinmccreary/appostolic/apps/api.tests/bin/debug/net8.0/appostolic.api.tests.dll" id="12c3c514-0e1a-a711-90d4-344685873f0e">
      <Execution id="a1db6027-2616-4c5b-ac05-ec5febaee445" />
      <TestMethod codeBase="/Users/kevinmccreary/appostolic/apps/api.tests/bin/Debug/net8.0/Appostolic.Api.Tests.dll" adapterTypeName="executor://xunit/VsTestRunner2/netcoreapp" className="Appostolic.Api.AuthTests.LoginTests" name="Login_InvalidCredentials_Returns401" />
    </UnitTest>
    <UnitTest name="Appostolic.Api.Tests.Privacy.UserProfileLoggingTests.GetMe_EmitsRedactedAndHash_NoRawEmail" storage="/users/kevinmccreary/appostolic/apps/api.tests/bin/debug/net8.0/appostolic.api.tests.dll" id="8de6077c-5e1e-7144-f76f-09a36a8fcab6">
      <Execution id="92deb8b4-41e8-4751-8892-4d24bb450a21" />
      <TestMethod codeBase="/Users/kevinmccreary/appostolic/apps/api.tests/bin/Debug/net8.0/Appostolic.Api.Tests.dll" adapterTypeName="executor://xunit/VsTestRunner2/netcoreapp" className="Appostolic.Api.Tests.Privacy.UserProfileLoggingTests" name="GetMe_EmitsRedactedAndHash_NoRawEmail" />
    </UnitTest>
    <UnitTest name="DbQueryToolTests.Reject_non_select" storage="/users/kevinmccreary/appostolic/apps/api.tests/bin/debug/net8.0/appostolic.api.tests.dll" id="c8cdac31-ad32-9a02-508c-02a988e5e017">
      <Execution id="eff20cc5-1691-48df-b4f0-7e3365ff5e1d" />
      <TestMethod codeBase="/Users/kevinmccreary/appostolic/apps/api.tests/bin/Debug/net8.0/Appostolic.Api.Tests.dll" adapterTypeName="executor://xunit/VsTestRunner2/netcoreapp" className="DbQueryToolTests" name="Reject_non_select" />
    </UnitTest>
    <UnitTest name="Appostolic.Api.Tests.ModelMappingTests.AgentTask_Status_is_converted_as_string" storage="/users/kevinmccreary/appostolic/apps/api.tests/bin/debug/net8.0/appostolic.api.tests.dll" id="0f0c7731-d28a-bcbe-054f-641f024437ac">
      <Execution id="35dcd267-2918-4400-887d-5eb20be55b92" />
      <TestMethod codeBase="/Users/kevinmccreary/appostolic/apps/api.tests/bin/Debug/net8.0/Appostolic.Api.Tests.dll" adapterTypeName="executor://xunit/VsTestRunner2/netcoreapp" className="Appostolic.Api.Tests.ModelMappingTests" name="AgentTask_Status_is_converted_as_string" />
    </UnitTest>
    <UnitTest name="Appostolic.Api.Tests.Storage.ObjectStorageDeleteTests.S3_DeleteAsync_CallsDeleteObject" storage="/users/kevinmccreary/appostolic/apps/api.tests/bin/debug/net8.0/appostolic.api.tests.dll" id="c62ff6f8-900b-a165-229e-1d83d314982c">
      <Execution id="380b6b5b-1cef-4216-80dc-6c3dbb99de64" />
      <TestMethod codeBase="/Users/kevinmccreary/appostolic/apps/api.tests/bin/Debug/net8.0/Appostolic.Api.Tests.dll" adapterTypeName="executor://xunit/VsTestRunner2/netcoreapp" className="Appostolic.Api.Tests.Storage.ObjectStorageDeleteTests" name="S3_DeleteAsync_CallsDeleteObject" />
    </UnitTest>
    <UnitTest name="Appostolic.Api.Tests.Api.NotificationsAdminEndpointsTests.Resend_history_lists_children_with_paging_and_scoping" storage="/users/kevinmccreary/appostolic/apps/api.tests/bin/debug/net8.0/appostolic.api.tests.dll" id="d59725be-2270-85f4-1a24-f28884383b83">
      <Execution id="d9ed9769-e6f5-4700-a9b8-4351ccf62ab7" />
      <TestMethod codeBase="/Users/kevinmccreary/appostolic/apps/api.tests/bin/Debug/net8.0/Appostolic.Api.Tests.dll" adapterTypeName="executor://xunit/VsTestRunner2/netcoreapp" className="Appostolic.Api.Tests.Api.NotificationsAdminEndpointsTests" name="Resend_history_lists_children_with_paging_and_scoping" />
    </UnitTest>
    <UnitTest name="Appostolic.Api.Tests.Schema.LegacyRoleColumnPresenceTests.Membership_entity_still_has_Legacy_Role_property_mapped" storage="/users/kevinmccreary/appostolic/apps/api.tests/bin/debug/net8.0/appostolic.api.tests.dll" id="e7737fc1-939c-fffa-131c-bcc3a7c2a060">
      <Execution id="7bca74fb-3747-4424-a731-4ed1fd89d9c5" />
      <TestMethod codeBase="/Users/kevinmccreary/appostolic/apps/api.tests/bin/Debug/net8.0/Appostolic.Api.Tests.dll" adapterTypeName="executor://xunit/VsTestRunner2/netcoreapp" className="Appostolic.Api.Tests.Schema.LegacyRoleColumnPresenceTests" name="Membership_entity_still_has_Legacy_Role_property_mapped" />
    </UnitTest>
    <UnitTest name="Appostolic.Api.Tests.Security.RoleAuthorizationTests.CreatorPolicy_Allows_WhenMembershipHasCreator" storage="/users/kevinmccreary/appostolic/apps/api.tests/bin/debug/net8.0/appostolic.api.tests.dll" id="90d1f61e-9ba1-ff1a-f0a6-e17acbda2dee">
      <Execution id="d142e430-4ec2-42f2-b683-6618092f30f1" />
      <TestMethod codeBase="/Users/kevinmccreary/appostolic/apps/api.tests/bin/Debug/net8.0/Appostolic.Api.Tests.dll" adapterTypeName="executor://xunit/VsTestRunner2/netcoreapp" className="Appostolic.Api.Tests.Security.RoleAuthorizationTests" name="CreatorPolicy_Allows_WhenMembershipHasCreator" />
    </UnitTest>
    <UnitTest name="FsWriteToolTests.Rejects_path_traversal" storage="/users/kevinmccreary/appostolic/apps/api.tests/bin/debug/net8.0/appostolic.api.tests.dll" id="94ec43a1-8d1a-e493-b213-b33a5a6877b2">
      <Execution id="2566eb86-ca81-48f6-9bc0-8868e89c4e31" />
      <TestMethod codeBase="/Users/kevinmccreary/appostolic/apps/api.tests/bin/Debug/net8.0/Appostolic.Api.Tests.dll" adapterTypeName="executor://xunit/VsTestRunner2/netcoreapp" className="FsWriteToolTests" name="Rejects_path_traversal" />
    </UnitTest>
    <UnitTest name="Appostolic.Api.Tests.Api.UserPasswordEndpointsTests.Change_password_rejects_weak_password" storage="/users/kevinmccreary/appostolic/apps/api.tests/bin/debug/net8.0/appostolic.api.tests.dll" id="0210a45e-88de-5f73-c8f5-588d89c200fa">
      <Execution id="2efe3861-1fcb-498a-b2d7-86f39682e4d5" />
      <TestMethod codeBase="/Users/kevinmccreary/appostolic/apps/api.tests/bin/Debug/net8.0/Appostolic.Api.Tests.dll" adapterTypeName="executor://xunit/VsTestRunner2/netcoreapp" className="Appostolic.Api.Tests.Api.UserPasswordEndpointsTests" name="Change_password_rejects_weak_password" />
    </UnitTest>
    <UnitTest name="Appostolic.Api.Tests.Model.TokenEstimatorTests.EstimateTokens_Heuristic_CeilPer4Chars(text: &quot;abcdefgh&quot;, expected: 2)" storage="/users/kevinmccreary/appostolic/apps/api.tests/bin/debug/net8.0/appostolic.api.tests.dll" id="2c0e3ce9-5829-44ef-fbae-e96e2c0f5de9">
      <Execution id="c4138642-b439-416e-ba69-e1184af755d3" />
      <TestMethod codeBase="/Users/kevinmccreary/appostolic/apps/api.tests/bin/Debug/net8.0/Appostolic.Api.Tests.dll" adapterTypeName="executor://xunit/VsTestRunner2/netcoreapp" className="Appostolic.Api.Tests.Model.TokenEstimatorTests" name="EstimateTokens_Heuristic_CeilPer4Chars" />
    </UnitTest>
    <UnitTest name="Appostolic.Api.Tests.Api.MembersListTests.Unauthenticated_request_returns_401_or_403" storage="/users/kevinmccreary/appostolic/apps/api.tests/bin/debug/net8.0/appostolic.api.tests.dll" id="214b8407-591b-5f7a-aa16-7961a8df13e5">
      <Execution id="ff206a58-fa67-400b-af2e-c1c1b46f6824" />
      <TestMethod codeBase="/Users/kevinmccreary/appostolic/apps/api.tests/bin/Debug/net8.0/Appostolic.Api.Tests.dll" adapterTypeName="executor://xunit/VsTestRunner2/netcoreapp" className="Appostolic.Api.Tests.Api.MembersListTests" name="Unauthenticated_request_returns_401_or_403" />
    </UnitTest>
    <UnitTest name="FsWriteToolTests.Writes_file_under_root_and_returns_sha" storage="/users/kevinmccreary/appostolic/apps/api.tests/bin/debug/net8.0/appostolic.api.tests.dll" id="3494b3d5-98dd-209c-c4b4-d8d0bff712f0">
      <Execution id="051833c4-76e2-42ce-ba7a-3f755546e50f" />
      <TestMethod codeBase="/Users/kevinmccreary/appostolic/apps/api.tests/bin/Debug/net8.0/Appostolic.Api.Tests.dll" adapterTypeName="executor://xunit/VsTestRunner2/netcoreapp" className="FsWriteToolTests" name="Writes_file_under_root_and_returns_sha" />
    </UnitTest>
    <UnitTest name="Appostolic.Api.Tests.Api.NotificationsAdminEndpointsTests.Resend_dev_endpoint_creates_and_throttles" storage="/users/kevinmccreary/appostolic/apps/api.tests/bin/debug/net8.0/appostolic.api.tests.dll" id="e0724a8e-d699-09ac-c090-59791deb23d9">
      <Execution id="7f7ba670-ee9a-4d5f-8cbd-1bc17979a15d" />
      <TestMethod codeBase="/Users/kevinmccreary/appostolic/apps/api.tests/bin/Debug/net8.0/Appostolic.Api.Tests.dll" adapterTypeName="executor://xunit/VsTestRunner2/netcoreapp" className="Appostolic.Api.Tests.Api.NotificationsAdminEndpointsTests" name="Resend_dev_endpoint_creates_and_throttles" />
    </UnitTest>
    <UnitTest name="Appostolic.Api.Tests.Api.DevGrantRolesEndpointTests.Returns_400_for_invalid_role_name" storage="/users/kevinmccreary/appostolic/apps/api.tests/bin/debug/net8.0/appostolic.api.tests.dll" id="c14df636-a969-3c53-ec76-0aeb4c5b250c">
      <Execution id="211fa12b-aab2-41bd-8e38-d6eb6451a97e" />
      <TestMethod codeBase="/Users/kevinmccreary/appostolic/apps/api.tests/bin/Debug/net8.0/Appostolic.Api.Tests.dll" adapterTypeName="executor://xunit/VsTestRunner2/netcoreapp" className="Appostolic.Api.Tests.Api.DevGrantRolesEndpointTests" name="Returns_400_for_invalid_role_name" />
    </UnitTest>
    <UnitTest name="Appostolic.Api.Tests.EmailDispatcherTests.Enqueue_sends_via_sender" storage="/users/kevinmccreary/appostolic/apps/api.tests/bin/debug/net8.0/appostolic.api.tests.dll" id="c17747a3-eb4e-63bf-0bc9-279a4928ed40">
      <Execution id="3767068a-bce5-4404-9d46-f3d95f897697" />
      <TestMethod codeBase="/Users/kevinmccreary/appostolic/apps/api.tests/bin/Debug/net8.0/Appostolic.Api.Tests.dll" adapterTypeName="executor://xunit/VsTestRunner2/netcoreapp" className="Appostolic.Api.Tests.EmailDispatcherTests" name="Enqueue_sends_via_sender" />
    </UnitTest>
  </TestDefinitions>
  <TestEntries>
    <TestEntry testId="a2b0d89c-f17d-2c60-2870-72017089ab94" executionId="f3b4d7ef-c992-4a8e-8437-efe0f391f8a6" testListId="8c84fa94-04c1-424b-9868-57a2d4851a1d" />
    <TestEntry testId="f36e146c-5e84-0e67-2982-f20e16e0dd68" executionId="7b2d6e52-8e47-406c-9275-9d03efacf7b6" testListId="8c84fa94-04c1-424b-9868-57a2d4851a1d" />
    <TestEntry testId="9b729b7e-a306-20a1-7040-eda547fe8bec" executionId="1c2f44a9-f0df-4169-829c-233ac2f85b7d" testListId="8c84fa94-04c1-424b-9868-57a2d4851a1d" />
    <TestEntry testId="f242966d-9728-e09e-ef23-e439d6a28402" executionId="5b3e12b8-6f9a-4617-bb21-90000ffb6838" testListId="8c84fa94-04c1-424b-9868-57a2d4851a1d" />
    <TestEntry testId="8a436d67-15f2-8a6f-b3c8-3df7d72a7066" executionId="3df0f41f-ceda-4383-8b35-5e10391cb632" testListId="8c84fa94-04c1-424b-9868-57a2d4851a1d" />
    <TestEntry testId="a11d6311-0314-291e-6c87-0745cc1eace8" executionId="4fffb543-742a-4ac0-b0d8-c4eea7e22b72" testListId="8c84fa94-04c1-424b-9868-57a2d4851a1d" />
    <TestEntry testId="c643053b-60cb-940b-5d09-78107183b82f" executionId="b5c0fcad-c35e-4d61-b481-57ae98408d31" testListId="8c84fa94-04c1-424b-9868-57a2d4851a1d" />
    <TestEntry testId="3b3a68c1-1138-770e-4b05-0d7fb6b68738" executionId="0fcd97ed-4ad9-4946-bac2-f25d9aa0509d" testListId="8c84fa94-04c1-424b-9868-57a2d4851a1d" />
    <TestEntry testId="29cdf802-09fa-4c20-1649-a919d0e03e4d" executionId="b3bfbb13-9dd2-4476-8ede-a6ed0994d9ff" testListId="8c84fa94-04c1-424b-9868-57a2d4851a1d" />
    <TestEntry testId="12d55566-a633-1346-b69a-1c8b4115db86" executionId="74411fdb-cc54-4473-af57-a55ad432c680" testListId="8c84fa94-04c1-424b-9868-57a2d4851a1d" />
    <TestEntry testId="c561c2f6-8efd-4095-cbad-20238816bd9c" executionId="5f0847cb-4e76-4e1d-9f2b-0e9fb98b2c63" testListId="8c84fa94-04c1-424b-9868-57a2d4851a1d" />
    <TestEntry testId="5aebb0bd-a461-dea6-b51f-abbdbf65c34a" executionId="6112fa8a-1c63-4b88-ac02-5e35614e7b99" testListId="8c84fa94-04c1-424b-9868-57a2d4851a1d" />
    <TestEntry testId="c35bbf40-7110-f612-4b6b-649678070e6a" executionId="86dba510-9ce9-4e94-9749-db84ccaef2e5" testListId="8c84fa94-04c1-424b-9868-57a2d4851a1d" />
    <TestEntry testId="aba3fbd3-bcbc-9249-c5c5-7eefeb58f8d5" executionId="e34f45f2-ce7f-4424-bdfb-7e480cd9f462" testListId="8c84fa94-04c1-424b-9868-57a2d4851a1d" />
    <TestEntry testId="86313928-0630-412d-b92d-2c5039f70d0a" executionId="0cbd6d05-2ec7-46dc-95cd-a38ef9684fef" testListId="8c84fa94-04c1-424b-9868-57a2d4851a1d" />
    <TestEntry testId="87a5b8a9-e5bd-8c6e-5a6c-5815a0bd8c39" executionId="715f7b98-5079-4a4a-9883-b8fe9d6be1dd" testListId="8c84fa94-04c1-424b-9868-57a2d4851a1d" />
    <TestEntry testId="051a87a0-4947-acab-5222-3cc970dba0ba" executionId="4b4ae3ef-8011-434c-af68-757e26ae3f54" testListId="8c84fa94-04c1-424b-9868-57a2d4851a1d" />
    <TestEntry testId="c64a9991-8173-cdf8-9198-d5935257f1a8" executionId="5ad845fe-3ad7-4f59-8ced-e49b42f972de" testListId="8c84fa94-04c1-424b-9868-57a2d4851a1d" />
    <TestEntry testId="d079b60f-9bd9-c7a1-855f-178e519346dc" executionId="aa71be34-83fc-4fb9-bd79-f21ff6ca6c15" testListId="8c84fa94-04c1-424b-9868-57a2d4851a1d" />
    <TestEntry testId="e654c6ff-e79b-0f0d-7ecf-a4648dc0cf91" executionId="ee5548ff-134a-4a50-b187-acfbce2f0ec6" testListId="8c84fa94-04c1-424b-9868-57a2d4851a1d" />
    <TestEntry testId="515d6282-fd19-872e-c191-d3eda2049a23" executionId="6e2840c6-05c8-4c20-b419-6f0f7efe539b" testListId="8c84fa94-04c1-424b-9868-57a2d4851a1d" />
    <TestEntry testId="f5342a6b-27a3-125c-432b-bd0ce4c9f03d" executionId="8bcd8e6a-f08f-41e6-960a-a06d41b730ca" testListId="8c84fa94-04c1-424b-9868-57a2d4851a1d" />
    <TestEntry testId="6447b752-ca58-5092-2c5d-d1f5fe58b5dc" executionId="f01c9c73-e34c-470d-81cc-b414a4219b9a" testListId="8c84fa94-04c1-424b-9868-57a2d4851a1d" />
    <TestEntry testId="94ec43a1-8d1a-e493-b213-b33a5a6877b2" executionId="2566eb86-ca81-48f6-9bc0-8868e89c4e31" testListId="8c84fa94-04c1-424b-9868-57a2d4851a1d" />
    <TestEntry testId="d4f44d27-452c-a77e-5891-0807797b42c9" executionId="8be2f2c4-42c0-44f0-a471-0fa7351e1ebd" testListId="8c84fa94-04c1-424b-9868-57a2d4851a1d" />
    <TestEntry testId="026b2dbe-3807-3b71-c8bf-ce6df5f75ed6" executionId="637a553d-504f-477d-b177-121ac86c5420" testListId="8c84fa94-04c1-424b-9868-57a2d4851a1d" />
    <TestEntry testId="ad304976-430a-8b69-e0d9-931ece855b31" executionId="10da6f22-4b03-4f68-a7fb-cd1b1ceb05b6" testListId="8c84fa94-04c1-424b-9868-57a2d4851a1d" />
    <TestEntry testId="4f93dd2b-351a-bca6-2b8b-95fc20f20ddd" executionId="0b96a7a7-6395-4bcb-8ef3-f2408c8c38d6" testListId="8c84fa94-04c1-424b-9868-57a2d4851a1d" />
    <TestEntry testId="c2441ddc-565a-93d7-0c28-f73ca97b9486" executionId="165061f0-8d3d-4959-8803-75891b89f5b5" testListId="8c84fa94-04c1-424b-9868-57a2d4851a1d" />
    <TestEntry testId="7831f103-663f-8d24-4a8b-6bbe466d0837" executionId="689e614f-99fb-44cb-a686-2232c92ae8e2" testListId="8c84fa94-04c1-424b-9868-57a2d4851a1d" />
    <TestEntry testId="adb4d425-e330-40e4-2ea6-b182e56ebe7d" executionId="604eb87e-0c0d-4eef-ba0d-4a73f97a8bb7" testListId="8c84fa94-04c1-424b-9868-57a2d4851a1d" />
    <TestEntry testId="9c020064-9cbb-7975-d5c0-9dc48d581775" executionId="0fd07112-be14-4fdc-8664-00af3eefacc9" testListId="8c84fa94-04c1-424b-9868-57a2d4851a1d" />
    <TestEntry testId="fc170f06-7a65-44e3-9780-d428f13f33ad" executionId="d8cb801e-91f3-48f2-bc94-ee3db63a6c0a" testListId="8c84fa94-04c1-424b-9868-57a2d4851a1d" />
    <TestEntry testId="5404549b-a3b0-871f-9a8d-c5b5f387dff4" executionId="305c7107-daff-47b5-abf3-676eacc2ae23" testListId="8c84fa94-04c1-424b-9868-57a2d4851a1d" />
    <TestEntry testId="6a6d73d7-7d30-455c-71a4-79ea460d8c8c" executionId="18bf5e2c-14ba-45fe-8e42-36156fc732d5" testListId="8c84fa94-04c1-424b-9868-57a2d4851a1d" />
    <TestEntry testId="4ee5f350-b89d-edd8-c84d-cd5d40909f15" executionId="3d325077-0bbe-4c92-8323-580c10013945" testListId="8c84fa94-04c1-424b-9868-57a2d4851a1d" />
    <TestEntry testId="6e2b7510-d3ae-c174-2b57-710f63c82ad0" executionId="2fe12af8-27b2-45b2-8d2d-5ed9ac13a9e7" testListId="8c84fa94-04c1-424b-9868-57a2d4851a1d" />
    <TestEntry testId="214b8407-591b-5f7a-aa16-7961a8df13e5" executionId="ff206a58-fa67-400b-af2e-c1c1b46f6824" testListId="8c84fa94-04c1-424b-9868-57a2d4851a1d" />
    <TestEntry testId="1cde006b-fa5b-9bb3-7b8a-0a89c0448d58" executionId="a442da3a-6471-468b-9c16-8d10d2a91cb7" testListId="8c84fa94-04c1-424b-9868-57a2d4851a1d" />
    <TestEntry testId="1aa96e1c-162f-87b8-360d-29c19b3b2c73" executionId="14e7030b-6cd1-48f6-8755-0c180a9f53da" testListId="8c84fa94-04c1-424b-9868-57a2d4851a1d" />
    <TestEntry testId="f0e4d307-078d-a4e0-f168-b961578cd197" executionId="566457f2-b11e-4f9e-954a-0c41d004251f" testListId="8c84fa94-04c1-424b-9868-57a2d4851a1d" />
    <TestEntry testId="71d5d180-2d36-ecb9-e4eb-71ca09e46ec4" executionId="946d4efd-4b01-42ef-9a7e-c18bf7b482e3" testListId="8c84fa94-04c1-424b-9868-57a2d4851a1d" />
    <TestEntry testId="d3e47fb0-198c-5eff-c3a7-e584b9e9130b" executionId="bb44f8cc-fc6d-4797-86c9-95d5a4545b70" testListId="8c84fa94-04c1-424b-9868-57a2d4851a1d" />
    <TestEntry testId="0d699ea2-79e9-9f01-d2d5-fca82a358bb0" executionId="4aeebb12-e250-4c10-8444-f420cef9461d" testListId="8c84fa94-04c1-424b-9868-57a2d4851a1d" />
    <TestEntry testId="90c7a127-2be9-b6e7-ec52-19cb51de49c0" executionId="f4618c74-da99-4778-8639-46ba2fd9b2b1" testListId="8c84fa94-04c1-424b-9868-57a2d4851a1d" />
    <TestEntry testId="897896ab-cee9-9ca5-ec01-253d0f0d6b3c" executionId="dd0bb0f4-c2bd-4622-b041-aafd7c168303" testListId="8c84fa94-04c1-424b-9868-57a2d4851a1d" />
    <TestEntry testId="ad4c69db-d5c6-f4c3-9052-619bff8dd14e" executionId="2cc576da-ffdc-46f1-9bfe-1ef0061cab5b" testListId="8c84fa94-04c1-424b-9868-57a2d4851a1d" />
    <TestEntry testId="bde04400-fb2a-d1b4-e9d5-727f1b9bbed1" executionId="6a6c2f5d-ebd9-43a7-938a-341122a1fdec" testListId="8c84fa94-04c1-424b-9868-57a2d4851a1d" />
    <TestEntry testId="8854a7b9-94ef-f7db-fb3b-47e96aa6663a" executionId="7230cd7f-d696-47ad-8bb5-09c708c6284a" testListId="8c84fa94-04c1-424b-9868-57a2d4851a1d" />
    <TestEntry testId="1cfc69b2-92d0-7e18-c868-129765966147" executionId="64f56408-44f0-45e3-a0a2-73e0833f2541" testListId="8c84fa94-04c1-424b-9868-57a2d4851a1d" />
    <TestEntry testId="e0490bb8-aa59-1f9f-bf54-68d5345c1ea9" executionId="48a7e5b3-87c5-4677-a8d8-2af38f62d121" testListId="8c84fa94-04c1-424b-9868-57a2d4851a1d" />
    <TestEntry testId="f6f9c7c7-2034-4809-9600-0c0282164e3f" executionId="555a26d2-69e3-4f7f-8333-5711c6844193" testListId="8c84fa94-04c1-424b-9868-57a2d4851a1d" />
    <TestEntry testId="6ac2577f-abec-ce9e-a92b-34035bd744e0" executionId="d48d4a53-a1d3-4f8b-902a-ff1488f671d4" testListId="8c84fa94-04c1-424b-9868-57a2d4851a1d" />
    <TestEntry testId="90d1f61e-9ba1-ff1a-f0a6-e17acbda2dee" executionId="d142e430-4ec2-42f2-b683-6618092f30f1" testListId="8c84fa94-04c1-424b-9868-57a2d4851a1d" />
    <TestEntry testId="c0347afe-0c6b-b0a7-12e1-3aa76a4722fc" executionId="df6d6377-b677-43f2-a24f-1f306d0883b3" testListId="8c84fa94-04c1-424b-9868-57a2d4851a1d" />
    <TestEntry testId="7c805908-7267-f4aa-63a0-03f3e0715abc" executionId="bd951c19-24eb-4afb-9820-a41d0515f4fb" testListId="8c84fa94-04c1-424b-9868-57a2d4851a1d" />
    <TestEntry testId="eeaccddf-52e1-1db7-6606-fc19c2721862" executionId="373c9fa0-06a9-45f5-b8e8-332f1e9b3efd" testListId="8c84fa94-04c1-424b-9868-57a2d4851a1d" />
    <TestEntry testId="471ada29-d1b9-b714-f87d-61c9b416c255" executionId="4e6202c6-442b-47ea-b407-acfe575c24aa" testListId="8c84fa94-04c1-424b-9868-57a2d4851a1d" />
    <TestEntry testId="80cb1a83-dede-f3ba-117a-352364082463" executionId="3e56ab80-3fd4-4dea-a65a-19d5e5f4585e" testListId="8c84fa94-04c1-424b-9868-57a2d4851a1d" />
    <TestEntry testId="eba2e046-3c6c-f48b-f85f-b23828d8319b" executionId="8a099c9f-8371-4d03-a9cd-5fd873220546" testListId="8c84fa94-04c1-424b-9868-57a2d4851a1d" />
    <TestEntry testId="22ad276e-c73f-4ebf-8729-b5903439e2d9" executionId="69c754f2-51a3-46c9-8795-12a0e1929978" testListId="8c84fa94-04c1-424b-9868-57a2d4851a1d" />
    <TestEntry testId="545ffb6d-3098-01fc-1bfd-d18b0f6ea861" executionId="33bcdcdf-c0d8-4864-918d-f9ef31814750" testListId="8c84fa94-04c1-424b-9868-57a2d4851a1d" />
    <TestEntry testId="6af85923-8d05-0c62-0cc5-a5120df2d8e5" executionId="0d644e31-2e08-4da8-b179-f6ce7f225667" testListId="8c84fa94-04c1-424b-9868-57a2d4851a1d" />
    <TestEntry testId="c3e1478d-2cae-8f80-3a89-04eb9dac0acb" executionId="9ea46d78-1a91-46dd-9ec7-ffddb2492ead" testListId="8c84fa94-04c1-424b-9868-57a2d4851a1d" />
    <TestEntry testId="94524c04-7158-8472-e876-43b26f76e4f4" executionId="611ebde3-eb58-457a-9999-0fe67a2b8815" testListId="8c84fa94-04c1-424b-9868-57a2d4851a1d" />
    <TestEntry testId="efe354b5-5489-bbb2-88ee-c8f998cb6176" executionId="e64f96db-ade2-4666-834d-5f467469d922" testListId="8c84fa94-04c1-424b-9868-57a2d4851a1d" />
    <TestEntry testId="80249d75-0754-365e-161d-4f69eb53fd73" executionId="3e1c8928-c969-4000-a872-b026a592e488" testListId="8c84fa94-04c1-424b-9868-57a2d4851a1d" />
    <TestEntry testId="eb812c29-73b3-e923-42de-8821a188e94a" executionId="3e9186de-8c93-4f8f-a4d5-316d83cfe21a" testListId="8c84fa94-04c1-424b-9868-57a2d4851a1d" />
    <TestEntry testId="5385030b-1302-b289-00d9-288b4f75839d" executionId="7ba9c23c-9322-400e-b058-39540410f9af" testListId="8c84fa94-04c1-424b-9868-57a2d4851a1d" />
    <TestEntry testId="e0724a8e-d699-09ac-c090-59791deb23d9" executionId="7f7ba670-ee9a-4d5f-8cbd-1bc17979a15d" testListId="8c84fa94-04c1-424b-9868-57a2d4851a1d" />
    <TestEntry testId="dfdd94d6-4157-31a9-a81a-18fee28467d5" executionId="fdb10a93-6651-4840-a812-82c5a755074c" testListId="8c84fa94-04c1-424b-9868-57a2d4851a1d" />
    <TestEntry testId="40e767b4-314a-d8ef-34b1-5c49d7ef55c4" executionId="b00d26ca-d5f6-4336-9a11-5b876449f41a" testListId="8c84fa94-04c1-424b-9868-57a2d4851a1d" />
    <TestEntry testId="b9af0f84-0079-b683-0d77-346a6542b5b4" executionId="a5c51eb6-d423-487b-b02e-c02141eeac50" testListId="8c84fa94-04c1-424b-9868-57a2d4851a1d" />
    <TestEntry testId="ed8d7d20-a6f1-0500-d78a-14c17a721b87" executionId="5cb29021-e589-415a-b207-a026fe01e135" testListId="8c84fa94-04c1-424b-9868-57a2d4851a1d" />
    <TestEntry testId="f53587d7-cc90-0182-8a77-44034bb01e5e" executionId="470c60d7-ca95-45d2-8e2e-5329d7a035e8" testListId="8c84fa94-04c1-424b-9868-57a2d4851a1d" />
    <TestEntry testId="6b0df781-2303-2b77-2cc6-dbbd4c3e9e73" executionId="c8474a05-7741-419b-b33e-80ffdd24de15" testListId="8c84fa94-04c1-424b-9868-57a2d4851a1d" />
    <TestEntry testId="c608eb38-09c4-17b8-a16b-ae9b91798432" executionId="e007ba06-1b89-4957-a480-56a947dafac7" testListId="8c84fa94-04c1-424b-9868-57a2d4851a1d" />
    <TestEntry testId="a00d92b0-35aa-1e7c-b5ff-79738a042c12" executionId="89619bb9-4cb7-4753-9eea-a0d6ff1621ea" testListId="8c84fa94-04c1-424b-9868-57a2d4851a1d" />
    <TestEntry testId="544ee02e-a795-79f3-8c38-56202dce3170" executionId="3939d021-203f-475a-b482-02ad392726bf" testListId="8c84fa94-04c1-424b-9868-57a2d4851a1d" />
    <TestEntry testId="e507a4d5-4aa9-7d32-05a9-ecfa3f03323d" executionId="9087d845-c08a-43f9-8073-471ba7156505" testListId="8c84fa94-04c1-424b-9868-57a2d4851a1d" />
    <TestEntry testId="9e2bc8ee-63e7-247f-c2c7-e16759561a39" executionId="63f67d25-dbea-40f7-a818-58e60f3702bc" testListId="8c84fa94-04c1-424b-9868-57a2d4851a1d" />
    <TestEntry testId="02f4c01b-4d57-cea6-940b-91f660d6b3a5" executionId="83d5247a-2ea7-417c-bd68-142caba8edfb" testListId="8c84fa94-04c1-424b-9868-57a2d4851a1d" />
    <TestEntry testId="e7a0570b-32c5-3b4e-7767-9ca541c22b6e" executionId="044a86e1-937c-43c6-a445-baa6d1c98a7c" testListId="8c84fa94-04c1-424b-9868-57a2d4851a1d" />
    <TestEntry testId="0210a45e-88de-5f73-c8f5-588d89c200fa" executionId="2efe3861-1fcb-498a-b2d7-86f39682e4d5" testListId="8c84fa94-04c1-424b-9868-57a2d4851a1d" />
    <TestEntry testId="2e294ae5-fc9b-2692-1d65-f4ebb89ab5ef" executionId="5011e390-8392-4a66-8919-b914f9e5e1b3" testListId="8c84fa94-04c1-424b-9868-57a2d4851a1d" />
    <TestEntry testId="39114ef2-4a94-0d20-df91-881c10164c3c" executionId="ea4af4ca-9fef-4936-a788-f4be1720a40d" testListId="8c84fa94-04c1-424b-9868-57a2d4851a1d" />
    <TestEntry testId="0f0c7731-d28a-bcbe-054f-641f024437ac" executionId="35dcd267-2918-4400-887d-5eb20be55b92" testListId="8c84fa94-04c1-424b-9868-57a2d4851a1d" />
    <TestEntry testId="f3139bd5-165e-b0d0-2da0-a0210810049e" executionId="ab96f8a5-4840-488e-b3b4-a4e7c09dbd5e" testListId="8c84fa94-04c1-424b-9868-57a2d4851a1d" />
    <TestEntry testId="d5afdedc-771c-29a3-fa0a-9ebd023dd2c6" executionId="eaad7415-a085-41b3-92a8-16d70423b85b" testListId="8c84fa94-04c1-424b-9868-57a2d4851a1d" />
    <TestEntry testId="019214c2-5ff4-3fed-608d-44f050052b40" executionId="a7107ff3-6a5b-4529-a227-9c3e41640ffd" testListId="8c84fa94-04c1-424b-9868-57a2d4851a1d" />
    <TestEntry testId="c17747a3-eb4e-63bf-0bc9-279a4928ed40" executionId="3767068a-bce5-4404-9d46-f3d95f897697" testListId="8c84fa94-04c1-424b-9868-57a2d4851a1d" />
    <TestEntry testId="f0724dde-c441-a83f-2f8e-78db9d6adb66" executionId="fcccc9d4-138f-4ffa-bc0a-c10f2ea1a052" testListId="8c84fa94-04c1-424b-9868-57a2d4851a1d" />
    <TestEntry testId="7b4d03a5-c5c2-9d47-3b72-108b3108a4ac" executionId="787219de-f8bb-450e-b742-8f95d22da611" testListId="8c84fa94-04c1-424b-9868-57a2d4851a1d" />
    <TestEntry testId="8c322062-c901-cc6c-6cc7-399543893d6b" executionId="fd8306a6-bd34-41f4-9e07-909b727ef301" testListId="8c84fa94-04c1-424b-9868-57a2d4851a1d" />
    <TestEntry testId="e74b4a4d-4fe0-004f-1c01-e9508924afd9" executionId="755d16a6-4028-4586-81c9-5abb15ba4dce" testListId="8c84fa94-04c1-424b-9868-57a2d4851a1d" />
    <TestEntry testId="33c114dd-901b-348b-cb07-4ff32816218d" executionId="60739173-b824-4a94-90e9-fafe895e99e3" testListId="8c84fa94-04c1-424b-9868-57a2d4851a1d" />
    <TestEntry testId="b0d19a9b-4021-9eed-3094-0cb81617cae0" executionId="fdb8c936-4306-4202-be54-1b77762c59fb" testListId="8c84fa94-04c1-424b-9868-57a2d4851a1d" />
    <TestEntry testId="43ab37ac-8f01-34cd-35d3-1bda726822d7" executionId="3b2b55dc-5fd2-4cbf-a659-771081e6c759" testListId="8c84fa94-04c1-424b-9868-57a2d4851a1d" />
    <TestEntry testId="1a80fecc-6ef5-c4ed-4650-dbe09ce92e46" executionId="4ac8ae7e-0327-4366-b97c-a6d0a1b1d4cd" testListId="8c84fa94-04c1-424b-9868-57a2d4851a1d" />
    <TestEntry testId="7c574249-6de4-087c-ac92-00dedf541e78" executionId="c7f818fb-a9cd-4b2e-af1b-207cb493790b" testListId="8c84fa94-04c1-424b-9868-57a2d4851a1d" />
    <TestEntry testId="598c0784-1cd9-c9b4-915a-4a09f637e246" executionId="2029e09c-53c5-48f6-acf8-8cd2a965cc92" testListId="8c84fa94-04c1-424b-9868-57a2d4851a1d" />
    <TestEntry testId="3494b3d5-98dd-209c-c4b4-d8d0bff712f0" executionId="051833c4-76e2-42ce-ba7a-3f755546e50f" testListId="8c84fa94-04c1-424b-9868-57a2d4851a1d" />
    <TestEntry testId="f7ebc4d6-d0ec-6ad3-fd73-f4c53b67f8a0" executionId="123cf599-0a7d-4e9b-8c36-cf7290d493ea" testListId="8c84fa94-04c1-424b-9868-57a2d4851a1d" />
    <TestEntry testId="8499e5e2-c09d-d64e-ab91-715c51a15d3b" executionId="0762743b-42c5-45f8-8d06-0767db7cd15b" testListId="8c84fa94-04c1-424b-9868-57a2d4851a1d" />
    <TestEntry testId="04a8bdbc-fefc-28fe-9d41-eb27166daebb" executionId="5b8ea5b6-9c3e-4180-a09d-699d4c88d9ad" testListId="8c84fa94-04c1-424b-9868-57a2d4851a1d" />
    <TestEntry testId="65bd3a03-5d21-067f-5d94-19d0f92f350a" executionId="1608de83-d017-41fb-acb4-f3b60dd726a9" testListId="8c84fa94-04c1-424b-9868-57a2d4851a1d" />
    <TestEntry testId="8de6077c-5e1e-7144-f76f-09a36a8fcab6" executionId="92deb8b4-41e8-4751-8892-4d24bb450a21" testListId="8c84fa94-04c1-424b-9868-57a2d4851a1d" />
    <TestEntry testId="5db463f9-ccc7-6f1c-39df-99b8fb7acbbb" executionId="7419c869-c391-4084-9915-3b66d6c64c83" testListId="8c84fa94-04c1-424b-9868-57a2d4851a1d" />
    <TestEntry testId="8f26075f-925c-4688-bf33-abe324c4e160" executionId="b698a3f9-c4c8-4b75-b051-7f616fdf6cee" testListId="8c84fa94-04c1-424b-9868-57a2d4851a1d" />
    <TestEntry testId="691bf80d-9ec7-7de8-ad81-702e4cdb8bfd" executionId="c4bff6cf-3439-4fbc-b503-12da493f3be2" testListId="8c84fa94-04c1-424b-9868-57a2d4851a1d" />
    <TestEntry testId="03cb9965-4934-50d0-65d4-2c790e264e80" executionId="24edac3e-446c-46d8-9a3b-225daff01beb" testListId="8c84fa94-04c1-424b-9868-57a2d4851a1d" />
    <TestEntry testId="d9d051a9-d261-1011-dbde-e42b30d539a9" executionId="63dee7f2-a2b5-4f4d-b5d7-89a443be47fa" testListId="8c84fa94-04c1-424b-9868-57a2d4851a1d" />
    <TestEntry testId="be1de379-3abe-1f02-3816-c02bcfed7529" executionId="56a89c47-177f-4604-9ae2-f43f9bd4910a" testListId="8c84fa94-04c1-424b-9868-57a2d4851a1d" />
    <TestEntry testId="d23daa8f-5725-d1c6-7d7a-83c05e893d1b" executionId="739ce50e-6642-4b1f-bdeb-37dbf6962cee" testListId="8c84fa94-04c1-424b-9868-57a2d4851a1d" />
    <TestEntry testId="e8b4dc71-a5d7-b1f7-a555-6150128fc2af" executionId="97b49f3d-02bc-4d9c-92a9-35096b2e733a" testListId="8c84fa94-04c1-424b-9868-57a2d4851a1d" />
    <TestEntry testId="66fffdff-2dff-cbe5-8750-30f31bf1db7c" executionId="add042bf-8fad-4a6c-a3c3-77a02b749bd6" testListId="8c84fa94-04c1-424b-9868-57a2d4851a1d" />
    <TestEntry testId="cce5835b-2056-6d46-0527-d09fc0f9f6fc" executionId="f96e2723-8a6e-426b-b9cf-4dd6a2f86ccb" testListId="8c84fa94-04c1-424b-9868-57a2d4851a1d" />
    <TestEntry testId="30aa5bc1-9211-739f-532d-176c6c3c3a30" executionId="6e4601af-77c3-4746-b5eb-94805950b0e2" testListId="8c84fa94-04c1-424b-9868-57a2d4851a1d" />
    <TestEntry testId="37b7f024-73bb-98ae-d17f-d1c0ce9f17e8" executionId="dff983ab-b3cc-4dc2-a1e3-82337ffec963" testListId="8c84fa94-04c1-424b-9868-57a2d4851a1d" />
    <TestEntry testId="46ad1244-cbdb-dca6-f007-7e8a232754cc" executionId="d09e3fb3-0ece-4904-a89b-590c5af3cc12" testListId="8c84fa94-04c1-424b-9868-57a2d4851a1d" />
    <TestEntry testId="21127838-ea89-b283-653a-0b46d8acc590" executionId="87d5e337-a5bd-42d9-9068-33d06045daa8" testListId="8c84fa94-04c1-424b-9868-57a2d4851a1d" />
    <TestEntry testId="df92ad96-32d4-9c44-0398-97a52600538f" executionId="c873566f-6156-4212-bd22-954845b34779" testListId="8c84fa94-04c1-424b-9868-57a2d4851a1d" />
    <TestEntry testId="e4ef9dda-68e5-63b6-ccb6-0b8c602aab58" executionId="0afa992d-6416-4317-aebc-df8c9f29cb4c" testListId="8c84fa94-04c1-424b-9868-57a2d4851a1d" />
    <TestEntry testId="d8682838-1d38-dd8e-6c89-ae1bda81fecb" executionId="260a5cb0-a392-47c8-a851-466f7c79d6d8" testListId="8c84fa94-04c1-424b-9868-57a2d4851a1d" />
    <TestEntry testId="46709c0e-39a7-32eb-a6b2-6f7ada21050d" executionId="0cdb0a39-ff99-40ff-9d52-3aca18a2960a" testListId="8c84fa94-04c1-424b-9868-57a2d4851a1d" />
    <TestEntry testId="cb90a4b6-5413-6334-a88c-d9e37624202c" executionId="e0bd88a2-9b72-4ccc-a128-c73a4e6177ca" testListId="8c84fa94-04c1-424b-9868-57a2d4851a1d" />
    <TestEntry testId="b672c70e-eca2-f979-b482-5169b705a205" executionId="7e702c40-d5f0-4d83-b98d-44fad6c210a0" testListId="8c84fa94-04c1-424b-9868-57a2d4851a1d" />
    <TestEntry testId="2a9f6824-8a17-a193-b18b-3e78fa1bbbd5" executionId="dc627cbe-61db-4df7-bb28-05ae9d9ebd90" testListId="8c84fa94-04c1-424b-9868-57a2d4851a1d" />
    <TestEntry testId="67c9746f-1f57-937b-6598-3968df73012b" executionId="c433759e-1eda-45ec-b466-f5629782212d" testListId="8c84fa94-04c1-424b-9868-57a2d4851a1d" />
    <TestEntry testId="b2e4b89c-c96f-83af-e281-01d9319a9bb8" executionId="4c9a1203-5bae-4fc6-bb45-1f54773baaf3" testListId="8c84fa94-04c1-424b-9868-57a2d4851a1d" />
    <TestEntry testId="bc29c184-0770-c9df-63be-2a52d76ad503" executionId="8df0d100-7df6-49cb-b5bb-afa45883441e" testListId="8c84fa94-04c1-424b-9868-57a2d4851a1d" />
    <TestEntry testId="c14df636-a969-3c53-ec76-0aeb4c5b250c" executionId="211fa12b-aab2-41bd-8e38-d6eb6451a97e" testListId="8c84fa94-04c1-424b-9868-57a2d4851a1d" />
    <TestEntry testId="12982ac4-b6b0-e458-3676-ece493490c27" executionId="98860d9e-b99c-474d-8260-675a0184adad" testListId="8c84fa94-04c1-424b-9868-57a2d4851a1d" />
    <TestEntry testId="ec039bf7-f831-a8e3-834c-89707ff2f6d2" executionId="2b67f410-16b6-43ac-8dbf-a04cd02324e3" testListId="8c84fa94-04c1-424b-9868-57a2d4851a1d" />
    <TestEntry testId="79403e37-7823-d8d7-7290-f467456876fa" executionId="f8a9b511-56de-4fbd-aa1d-024e8245fb94" testListId="8c84fa94-04c1-424b-9868-57a2d4851a1d" />
    <TestEntry testId="5ec8c6f8-601d-9718-1802-a15c88bb4987" executionId="a41c82d1-0a13-42a1-a067-3ad0b63d953b" testListId="8c84fa94-04c1-424b-9868-57a2d4851a1d" />
    <TestEntry testId="e7581818-0663-f767-821c-25fbea112d88" executionId="cab2bcd1-cee4-42c3-96e5-e78323b35445" testListId="8c84fa94-04c1-424b-9868-57a2d4851a1d" />
    <TestEntry testId="137392e3-997c-8532-6b57-65c75651b55b" executionId="752b8a4e-d8fe-4dcd-96b3-2bcfffbd84ce" testListId="8c84fa94-04c1-424b-9868-57a2d4851a1d" />
    <TestEntry testId="9a71281b-30b0-67b5-7395-398aae4c1d76" executionId="c55949a2-9f37-47a1-ace0-9dd1b1e96eaa" testListId="8c84fa94-04c1-424b-9868-57a2d4851a1d" />
    <TestEntry testId="5ad39d2c-d77f-b72d-621d-dc03058b3c06" executionId="70b1e27c-e557-4951-95e9-fbe939c3cf13" testListId="8c84fa94-04c1-424b-9868-57a2d4851a1d" />
    <TestEntry testId="e7737fc1-939c-fffa-131c-bcc3a7c2a060" executionId="7bca74fb-3747-4424-a731-4ed1fd89d9c5" testListId="8c84fa94-04c1-424b-9868-57a2d4851a1d" />
    <TestEntry testId="3ff15350-3cc9-12ef-e4db-8ff403fcec20" executionId="1ad6854e-2d18-4093-82b8-c26446867f33" testListId="8c84fa94-04c1-424b-9868-57a2d4851a1d" />
    <TestEntry testId="12c3c514-0e1a-a711-90d4-344685873f0e" executionId="a1db6027-2616-4c5b-ac05-ec5febaee445" testListId="8c84fa94-04c1-424b-9868-57a2d4851a1d" />
    <TestEntry testId="d651406b-2d52-45a1-6b81-e5bff5b77f68" executionId="d768a7f4-d8f6-4688-91e9-15a070415d15" testListId="8c84fa94-04c1-424b-9868-57a2d4851a1d" />
    <TestEntry testId="57eb4321-b137-5017-063e-e3e669ff6aa8" executionId="3be6ddf3-39a0-4a15-950c-c2a951303b4c" testListId="8c84fa94-04c1-424b-9868-57a2d4851a1d" />
    <TestEntry testId="1f65e069-4a6f-ccd5-bb6b-41fba0e75604" executionId="5725d884-bd38-427d-93b9-f57ab4736a3c" testListId="8c84fa94-04c1-424b-9868-57a2d4851a1d" />
    <TestEntry testId="f40065b9-7c11-5cb0-fc3c-72a39c2af769" executionId="f12df099-a4ba-4a55-b29d-f3748bc3b507" testListId="8c84fa94-04c1-424b-9868-57a2d4851a1d" />
    <TestEntry testId="caeaccb8-00ea-302b-441d-17caf5fd9b5d" executionId="1bc288d3-fa22-44a4-a20f-27b6d418a1aa" testListId="8c84fa94-04c1-424b-9868-57a2d4851a1d" />
    <TestEntry testId="8f2edffb-b43d-5750-46cc-f6c9051abba5" executionId="5982a1a7-cd9f-4d03-b48d-7454d115071e" testListId="8c84fa94-04c1-424b-9868-57a2d4851a1d" />
    <TestEntry testId="da0da417-eb80-7ca8-c2a7-2b93c4d78528" executionId="1b36f74f-bd37-45d7-8a69-f755eff71baa" testListId="8c84fa94-04c1-424b-9868-57a2d4851a1d" />
    <TestEntry testId="ee7b51d2-d8a7-715d-70ab-159c7293568a" executionId="d2ec0d15-9240-4b0a-8371-58442de61d64" testListId="8c84fa94-04c1-424b-9868-57a2d4851a1d" />
    <TestEntry testId="1cbf8040-fb9a-a69f-ea84-9d0fb171e9ce" executionId="a56d48d9-ca92-4e72-aa8b-e940c308cb0e" testListId="8c84fa94-04c1-424b-9868-57a2d4851a1d" />
    <TestEntry testId="fdf88970-87c6-f740-810f-e878127ff782" executionId="6b545c7f-d09c-46b1-9c61-d26f70ecbe24" testListId="8c84fa94-04c1-424b-9868-57a2d4851a1d" />
    <TestEntry testId="2c0e3ce9-5829-44ef-fbae-e96e2c0f5de9" executionId="c4138642-b439-416e-ba69-e1184af755d3" testListId="8c84fa94-04c1-424b-9868-57a2d4851a1d" />
    <TestEntry testId="f7e247f1-8de7-594b-e638-b4ec989d69be" executionId="a65949f3-ef09-459a-8687-a27cf05da4b0" testListId="8c84fa94-04c1-424b-9868-57a2d4851a1d" />
    <TestEntry testId="50c609b5-3f14-814d-a1e7-5260305a9b12" executionId="77170b27-d05f-43ee-a027-5e25d4c7bb6a" testListId="8c84fa94-04c1-424b-9868-57a2d4851a1d" />
    <TestEntry testId="d59725be-2270-85f4-1a24-f28884383b83" executionId="d9ed9769-e6f5-4700-a9b8-4351ccf62ab7" testListId="8c84fa94-04c1-424b-9868-57a2d4851a1d" />
    <TestEntry testId="2f6106d4-2d27-0ec0-388a-a0a0d64b80ea" executionId="ef8146c8-e4ce-4fdd-af8f-c13d723d3eab" testListId="8c84fa94-04c1-424b-9868-57a2d4851a1d" />
    <TestEntry testId="eac43a08-1201-428f-7efa-904ba4876682" executionId="9a29e41c-1f69-4ab6-965d-e4cf32c6d562" testListId="8c84fa94-04c1-424b-9868-57a2d4851a1d" />
    <TestEntry testId="8e56ee2d-296c-f180-2ad1-a3abd5b19292" executionId="31b51c7c-3f7d-4b6a-984a-dab7e00b6c23" testListId="8c84fa94-04c1-424b-9868-57a2d4851a1d" />
    <TestEntry testId="811026c2-41ce-4e18-121d-862774cd6272" executionId="27b202a5-2835-4edd-ae82-0416324cfa7f" testListId="8c84fa94-04c1-424b-9868-57a2d4851a1d" />
    <TestEntry testId="431e4b70-7576-ccc6-3cf3-9bbf13c26e5b" executionId="66baa8c8-7428-4be2-a3cc-6b1c70ceefb3" testListId="8c84fa94-04c1-424b-9868-57a2d4851a1d" />
    <TestEntry testId="4f2f4974-af75-8563-a5df-aa0a73b303b0" executionId="46ed7d46-57a0-422a-b7f6-6c59e548407b" testListId="8c84fa94-04c1-424b-9868-57a2d4851a1d" />
    <TestEntry testId="cc013720-f8b7-b972-40e8-34c7328bfdae" executionId="cad1685e-a5b9-4423-8b18-d4e09d59cbb5" testListId="8c84fa94-04c1-424b-9868-57a2d4851a1d" />
    <TestEntry testId="95c167d1-a09f-1a4f-5f8b-bfed1919a8c0" executionId="b2028728-7d70-4449-91da-606db1fabdd1" testListId="8c84fa94-04c1-424b-9868-57a2d4851a1d" />
    <TestEntry testId="cb3a79b8-8a20-d72b-fe66-3be39a479486" executionId="32220493-c05e-42d6-8418-1d51181e4939" testListId="8c84fa94-04c1-424b-9868-57a2d4851a1d" />
    <TestEntry testId="9c1c1d38-5e04-c1b2-1a0f-96d8d4d8348a" executionId="7fc872c4-a7aa-478b-970a-2124de0475c6" testListId="8c84fa94-04c1-424b-9868-57a2d4851a1d" />
    <TestEntry testId="54bfc83b-71cd-70be-2e17-0d354a18b25a" executionId="4f35375d-2c8d-473b-bc12-652330fa92d8" testListId="8c84fa94-04c1-424b-9868-57a2d4851a1d" />
    <TestEntry testId="5818c4b0-5040-ff57-2a21-3715c31b378e" executionId="667e00c4-a713-4d82-bcce-84d3eecae26d" testListId="8c84fa94-04c1-424b-9868-57a2d4851a1d" />
    <TestEntry testId="7bfc22d7-9c12-bb6d-b1ad-6ad8a8f51b4d" executionId="eee6ffed-1004-4602-b7ba-4d6162868288" testListId="8c84fa94-04c1-424b-9868-57a2d4851a1d" />
    <TestEntry testId="21ae461c-c70e-da1d-6ae3-1fc6937d571a" executionId="d0c0e3cd-9b07-4cad-888b-033264daec6d" testListId="8c84fa94-04c1-424b-9868-57a2d4851a1d" />
    <TestEntry testId="61b122ca-f3a1-21e8-0492-e3c660390b05" executionId="b46dc0c9-6141-480c-b9f4-779f09017f19" testListId="8c84fa94-04c1-424b-9868-57a2d4851a1d" />
    <TestEntry testId="8e86fe7c-6239-7009-e550-a3b2b1493955" executionId="2b903536-5d8b-4278-a13b-3eae5eb5acea" testListId="8c84fa94-04c1-424b-9868-57a2d4851a1d" />
    <TestEntry testId="6305e689-cee9-6a31-93d8-755b6c5fc935" executionId="bff32075-bd20-4937-be5a-d228c288ab8e" testListId="8c84fa94-04c1-424b-9868-57a2d4851a1d" />
    <TestEntry testId="c8cdac31-ad32-9a02-508c-02a988e5e017" executionId="eff20cc5-1691-48df-b4f0-7e3365ff5e1d" testListId="8c84fa94-04c1-424b-9868-57a2d4851a1d" />
    <TestEntry testId="7c0f601f-632e-a9b2-aeb3-eee73bd7742c" executionId="829fa6c4-15d1-4735-a998-b76895e1c6f1" testListId="8c84fa94-04c1-424b-9868-57a2d4851a1d" />
    <TestEntry testId="784ad7dc-5a89-a731-4a54-d985f0ba330c" executionId="9b10ed65-0155-49aa-a887-75edd3280ab2" testListId="8c84fa94-04c1-424b-9868-57a2d4851a1d" />
    <TestEntry testId="4f12e680-b238-5f1e-d786-32a29acea93b" executionId="4ce76a66-64a7-4734-b668-560ffb33c674" testListId="8c84fa94-04c1-424b-9868-57a2d4851a1d" />
    <TestEntry testId="c62ff6f8-900b-a165-229e-1d83d314982c" executionId="380b6b5b-1cef-4216-80dc-6c3dbb99de64" testListId="8c84fa94-04c1-424b-9868-57a2d4851a1d" />
    <TestEntry testId="68b95691-6ef6-716d-545d-ee6cf04d94e7" executionId="b40a6f25-7097-4145-a046-162b2c580283" testListId="8c84fa94-04c1-424b-9868-57a2d4851a1d" />
    <TestEntry testId="04bcbc12-4d94-6002-177c-d4c323bf07a7" executionId="25ac45d0-2fb1-4401-a87c-1b62d9776c07" testListId="8c84fa94-04c1-424b-9868-57a2d4851a1d" />
    <TestEntry testId="7e0d251c-aca1-3165-2651-f2996ab661b8" executionId="85a8f99c-83b6-47f5-8f5a-65d223a489c8" testListId="8c84fa94-04c1-424b-9868-57a2d4851a1d" />
    <TestEntry testId="11acc57e-e7b4-9c88-543d-dd88434937c6" executionId="cd47f06b-90a2-4cc6-8f3d-abb5d22f47ae" testListId="8c84fa94-04c1-424b-9868-57a2d4851a1d" />
    <TestEntry testId="e1e10047-9c95-2461-ef88-42d3da0fbb82" executionId="9f933d9b-bbb0-4909-84f2-0a3f6a706b86" testListId="8c84fa94-04c1-424b-9868-57a2d4851a1d" />
    <TestEntry testId="689d43e4-6cb5-4009-1ac6-7e50bf4ccc94" executionId="836e0bd3-1ff4-498a-b7af-e4c9c92304f7" testListId="8c84fa94-04c1-424b-9868-57a2d4851a1d" />
    <TestEntry testId="1c8df7f1-aa05-88d6-f922-5ecb50d1b5d9" executionId="69a11654-1ba7-4a28-9337-2605a9f52833" testListId="8c84fa94-04c1-424b-9868-57a2d4851a1d" />
    <TestEntry testId="a8bb0fab-56c6-938a-460b-3d46baedbbb6" executionId="da7ac621-f6c3-4207-a7e0-85b4e88a02f6" testListId="8c84fa94-04c1-424b-9868-57a2d4851a1d" />
    <TestEntry testId="81f70a90-5f17-3107-1751-37f6a5b41791" executionId="5c5ec069-8b34-4fc6-975e-98fe2da26d12" testListId="8c84fa94-04c1-424b-9868-57a2d4851a1d" />
    <TestEntry testId="b3de0f6b-2ac2-0bee-ef58-144a8741a412" executionId="cf4ad02f-e236-4a1a-bd4d-04ca4aa7edfe" testListId="8c84fa94-04c1-424b-9868-57a2d4851a1d" />
    <TestEntry testId="fc6317ac-4f9e-d443-bb9c-db2ea41d1b6d" executionId="0b84f549-d26f-44fa-83b4-20dfdb05c992" testListId="8c84fa94-04c1-424b-9868-57a2d4851a1d" />
    <TestEntry testId="4f65136b-b885-5c0a-1650-385c2d5ff86d" executionId="1220e2d8-af19-4dcb-aa12-31b5a539b861" testListId="8c84fa94-04c1-424b-9868-57a2d4851a1d" />
  </TestEntries>
  <TestLists>
    <TestList name="Results Not in a List" id="8c84fa94-04c1-424b-9868-57a2d4851a1d" />
    <TestList name="All Loaded Results" id="19431567-8539-422a-85d7-44ee4e166bda" />
  </TestLists>
  <ResultSummary outcome="Failed">
    <Counters total="191" executed="191" passed="181" failed="10" error="0" timeout="0" aborted="0" inconclusive="0" passedButRunAborted="0" notRunnable="0" notExecuted="0" disconnected="0" warning="0" completed="0" inProgress="0" pending="0" />
    <Output>
      <StdOut>[xUnit.net 00:00:00.00] xUnit.net VSTest Adapter v2.8.1+ce9211e970 (64-bit .NET 8.0.1)
[xUnit.net 00:00:00.06]   Discovering: Appostolic.Api.Tests
[xUnit.net 00:00:00.09]   Discovered:  Appostolic.Api.Tests
[xUnit.net 00:00:00.09]   Starting:    Appostolic.Api.Tests
[xUnit.net 00:00:02.86]       Expected payload!["code"] to be "LEGACY_ROLE_DEPRECATED", but found LEGACY_ROLE_DEPRECATED.
[xUnit.net 00:00:02.86]       Stack Trace:
[xUnit.net 00:00:02.86]            at FluentAssertions.Execution.XUnit2TestFramework.Throw(String message)
[xUnit.net 00:00:02.86]            at FluentAssertions.Execution.TestFrameworkProvider.Throw(String message)
[xUnit.net 00:00:02.86]            at FluentAssertions.Execution.DefaultAssertionStrategy.HandleFailure(String message)
[xUnit.net 00:00:02.86]            at FluentAssertions.Execution.AssertionScope.FailWith(Func`1 failReasonFunc)
[xUnit.net 00:00:02.86]            at FluentAssertions.Execution.AssertionScope.FailWith(Func`1 failReasonFunc)
[xUnit.net 00:00:02.86]            at FluentAssertions.Execution.AssertionScope.FailWith(String message, Object[] args)
[xUnit.net 00:00:02.86]            at FluentAssertions.Primitives.ObjectAssertions`2.Be(TSubject expected, String because, Object[] becauseArgs)
[xUnit.net 00:00:02.86]         /Users/kevinmccreary/appostolic/apps/api.tests/Api/LegacyRoleWritePathDeprecationTests.cs(42,0): at Appostolic.Api.Tests.Api.LegacyRoleWritePathDeprecationTests.Invite_with_legacy_role_only_is_rejected()
[xUnit.net 00:00:02.86]         --- End of stack trace from previous location ---
[xUnit.net 00:00:04.99]       Expected createResp.StatusCode to be HttpStatusCode.Created {value: 201}, but found HttpStatusCode.BadRequest {value: 400}.
[xUnit.net 00:00:04.99]       Stack Trace:
[xUnit.net 00:00:04.99]            at FluentAssertions.Execution.XUnit2TestFramework.Throw(String message)
[xUnit.net 00:00:04.99]            at FluentAssertions.Execution.TestFrameworkProvider.Throw(String message)
[xUnit.net 00:00:04.99]            at FluentAssertions.Execution.DefaultAssertionStrategy.HandleFailure(String message)
[xUnit.net 00:00:04.99]            at FluentAssertions.Execution.AssertionScope.FailWith(Func`1 failReasonFunc)
[xUnit.net 00:00:04.99]            at FluentAssertions.Execution.AssertionScope.FailWith(Func`1 failReasonFunc)
[xUnit.net 00:00:04.99]            at FluentAssertions.Execution.AssertionScope.FailWith(String message, Object[] args)
[xUnit.net 00:00:04.99]            at FluentAssertions.Primitives.EnumAssertions`2.Be(TEnum expected, String because, Object[] becauseArgs)
[xUnit.net 00:00:04.99]         /Users/kevinmccreary/appostolic/apps/api.tests/Api/InvitesEndpointsTests.cs(50,0): at Appostolic.Api.Tests.Api.InvitesEndpointsTests.Invites_Full_Lifecycle_Create_Resend_Accept_Revoke()
[xUnit.net 00:00:04.99]         --- End of stack trace from previous location ---
[xUnit.net 00:00:13.68]       Expected m.roles to be 15, but found 6 (difference of -9).
[xUnit.net 00:00:13.68]       Stack Trace:
[xUnit.net 00:00:13.68]            at FluentAssertions.Execution.XUnit2TestFramework.Throw(String message)
[xUnit.net 00:00:13.68]            at FluentAssertions.Execution.TestFrameworkProvider.Throw(String message)
[xUnit.net 00:00:13.68]            at FluentAssertions.Execution.DefaultAssertionStrategy.HandleFailure(String message)
[xUnit.net 00:00:13.68]            at FluentAssertions.Execution.AssertionScope.FailWith(Func`1 failReasonFunc)
[xUnit.net 00:00:13.68]            at FluentAssertions.Execution.AssertionScope.FailWith(Func`1 failReasonFunc)
[xUnit.net 00:00:13.68]            at FluentAssertions.Execution.AssertionScope.FailWith(String message, Object[] args)
[xUnit.net 00:00:13.68]            at FluentAssertions.Numeric.NumericAssertions`2.Be(T expected, String because, Object[] becauseArgs)
[xUnit.net 00:00:13.68]         /Users/kevinmccreary/appostolic/apps/api.tests/Auth/LoginRolesConvergenceTests.cs(43,0): at Appostolic.Api.AuthTests.LoginRolesConvergenceTests.Login_Corrects_MismatchedRolesBitmask()
[xUnit.net 00:00:13.68]         --- End of stack trace from previous location ---
[xUnit.net 00:00:14.38]       Expected ownerResp.StatusCode to be HttpStatusCode.NoContent {value: 204}, but found HttpStatusCode.Forbidden {value: 403}.
[xUnit.net 00:00:14.39]       Stack Trace:
[xUnit.net 00:00:14.39]            at FluentAssertions.Execution.XUnit2TestFramework.Throw(String message)
[xUnit.net 00:00:14.39]            at FluentAssertions.Execution.TestFrameworkProvider.Throw(String message)
[xUnit.net 00:00:14.39]            at FluentAssertions.Execution.DefaultAssertionStrategy.HandleFailure(String message)
[xUnit.net 00:00:14.39]            at FluentAssertions.Execution.AssertionScope.FailWith(Func`1 failReasonFunc)
[xUnit.net 00:00:14.39]            at FluentAssertions.Execution.AssertionScope.FailWith(Func`1 failReasonFunc)
[xUnit.net 00:00:14.39]            at FluentAssertions.Execution.AssertionScope.FailWith(String message, Object[] args)
[xUnit.net 00:00:14.39]            at FluentAssertions.Primitives.EnumAssertions`2.Be(TEnum expected, String because, Object[] becauseArgs)
[xUnit.net 00:00:14.39]         /Users/kevinmccreary/appostolic/apps/api.tests/Api/MembersManagementTests.cs(126,0): at Appostolic.Api.Tests.Api.MembersManagementTests.Admin_cannot_assign_owner_but_owner_can()
[xUnit.net 00:00:14.39]         --- End of stack trace from previous location ---
[xUnit.net 00:00:14.40]       Expected demoteResp.StatusCode to be HttpStatusCode.NoContent {value: 204}, but found HttpStatusCode.Forbidden {value: 403}.
[xUnit.net 00:00:14.40]       Stack Trace:
[xUnit.net 00:00:14.40]            at FluentAssertions.Execution.XUnit2TestFramework.Throw(String message)
[xUnit.net 00:00:14.40]            at FluentAssertions.Execution.TestFrameworkProvider.Throw(String message)
[xUnit.net 00:00:14.40]            at FluentAssertions.Execution.DefaultAssertionStrategy.HandleFailure(String message)
[xUnit.net 00:00:14.40]            at FluentAssertions.Execution.AssertionScope.FailWith(Func`1 failReasonFunc)
[xUnit.net 00:00:14.40]            at FluentAssertions.Execution.AssertionScope.FailWith(Func`1 failReasonFunc)
[xUnit.net 00:00:14.40]            at FluentAssertions.Execution.AssertionScope.FailWith(String message, Object[] args)
[xUnit.net 00:00:14.40]            at FluentAssertions.Primitives.EnumAssertions`2.Be(TEnum expected, String because, Object[] becauseArgs)
[xUnit.net 00:00:14.40]         /Users/kevinmccreary/appostolic/apps/api.tests/Api/MembersManagementTests.cs(238,0): at Appostolic.Api.Tests.Api.MembersManagementTests.Demote_owner_allowed_when_another_admin_exists()
[xUnit.net 00:00:14.40]         --- End of stack trace from previous location ---
[xUnit.net 00:00:14.57]       Expected createResp.StatusCode to be HttpStatusCode.Created {value: 201}, but found HttpStatusCode.BadRequest {value: 400}.
[xUnit.net 00:00:14.57]       Stack Trace:
[xUnit.net 00:00:14.57]            at FluentAssertions.Execution.XUnit2TestFramework.Throw(String message)
[xUnit.net 00:00:14.57]            at FluentAssertions.Execution.TestFrameworkProvider.Throw(String message)
[xUnit.net 00:00:14.57]            at FluentAssertions.Execution.DefaultAssertionStrategy.HandleFailure(String message)
[xUnit.net 00:00:14.57]            at FluentAssertions.Execution.AssertionScope.FailWith(Func`1 failReasonFunc)
[xUnit.net 00:00:14.57]            at FluentAssertions.Execution.AssertionScope.FailWith(Func`1 failReasonFunc)
[xUnit.net 00:00:14.57]            at FluentAssertions.Execution.AssertionScope.FailWith(String message, Object[] args)
[xUnit.net 00:00:14.57]            at FluentAssertions.Primitives.EnumAssertions`2.Be(TEnum expected, String because, Object[] becauseArgs)
[xUnit.net 00:00:14.57]         /Users/kevinmccreary/appostolic/apps/api.tests/Api/InvitesAcceptTests.cs(41,0): at Appostolic.Api.Tests.Api.InvitesAcceptTests.Accept_SignedIn_User_Matches_Invite_Creates_Membership()
[xUnit.net 00:00:14.57]         --- End of stack trace from previous location ---
[xUnit.net 00:00:15.41]       Expected prop!.GetColumnName(storeObject) to be "role", but found &lt;null&gt;.
[xUnit.net 00:00:15.41]       Stack Trace:
[xUnit.net 00:00:15.41]            at FluentAssertions.Execution.XUnit2TestFramework.Throw(String message)
[xUnit.net 00:00:15.41]            at FluentAssertions.Execution.TestFrameworkProvider.Throw(String message)
[xUnit.net 00:00:15.41]            at FluentAssertions.Execution.DefaultAssertionStrategy.HandleFailure(String message)
[xUnit.net 00:00:15.41]            at FluentAssertions.Execution.AssertionScope.FailWith(Func`1 failReasonFunc)
[xUnit.net 00:00:15.41]            at FluentAssertions.Execution.AssertionScope.FailWith(Func`1 failReasonFunc)
[xUnit.net 00:00:15.41]            at FluentAssertions.Execution.AssertionScope.FailWith(String message, Object[] args)
[xUnit.net 00:00:15.41]            at FluentAssertions.Primitives.StringValidator.ValidateAgainstNulls()
[xUnit.net 00:00:15.41]            at FluentAssertions.Primitives.StringValidator.Validate()
[xUnit.net 00:00:15.41]            at FluentAssertions.Primitives.StringAssertions`1.Be(String expected, String because, Object[] becauseArgs)
[xUnit.net 00:00:15.41]         /Users/kevinmccreary/appostolic/apps/api.tests/Schema/LegacyRoleColumnPresenceTests.cs(31,0): at Appostolic.Api.Tests.Schema.LegacyRoleColumnPresenceTests.Membership_entity_still_has_Legacy_Role_property_mapped()
[xUnit.net 00:00:15.41]            at System.RuntimeMethodHandle.InvokeMethod(Object target, Void** arguments, Signature sig, Boolean isConstructor)
[xUnit.net 00:00:15.41]            at System.Reflection.MethodBaseInvoker.InvokeWithNoArgs(Object obj, BindingFlags invokeAttr)
[xUnit.net 00:00:17.35]       Expected create.StatusCode to be HttpStatusCode.Created {value: 201}, but found HttpStatusCode.BadRequest {value: 400}.
[xUnit.net 00:00:17.35]       Stack Trace:
[xUnit.net 00:00:17.35]            at FluentAssertions.Execution.XUnit2TestFramework.Throw(String message)
[xUnit.net 00:00:17.35]            at FluentAssertions.Execution.TestFrameworkProvider.Throw(String message)
[xUnit.net 00:00:17.35]            at FluentAssertions.Execution.DefaultAssertionStrategy.HandleFailure(String message)
[xUnit.net 00:00:17.35]            at FluentAssertions.Execution.AssertionScope.FailWith(Func`1 failReasonFunc)
[xUnit.net 00:00:17.35]            at FluentAssertions.Execution.AssertionScope.FailWith(Func`1 failReasonFunc)
[xUnit.net 00:00:17.35]            at FluentAssertions.Execution.AssertionScope.FailWith(String message, Object[] args)
[xUnit.net 00:00:17.35]            at FluentAssertions.Primitives.EnumAssertions`2.Be(TEnum expected, String because, Object[] becauseArgs)
[xUnit.net 00:00:17.35]         /Users/kevinmccreary/appostolic/apps/api.tests/Api/InvitesRolesFlagsTests.cs(40,0): at Appostolic.Api.Tests.Api.InvitesRolesFlagsTests.Create_Invite_With_Roles_Flags_Persists_And_Lists()
[xUnit.net 00:00:17.35]         --- End of stack trace from previous location ---
[xUnit.net 00:00:17.35]       System.Net.Http.HttpRequestException : Response status code does not indicate success: 400 (Bad Request).
[xUnit.net 00:00:17.35]       Stack Trace:
[xUnit.net 00:00:17.35]            at System.Net.Http.HttpResponseMessage.EnsureSuccessStatusCode()
[xUnit.net 00:00:17.35]         /Users/kevinmccreary/appostolic/apps/api.tests/Api/InvitesRolesFlagsTests.cs(74,0): at Appostolic.Api.Tests.Api.InvitesRolesFlagsTests.Accept_Invite_Sets_Membership_Roles_Flags()
[xUnit.net 00:00:17.35]         --- End of stack trace from previous location ---
[xUnit.net 00:00:17.36]       Expected create.StatusCode to be HttpStatusCode.Created {value: 201}, but found HttpStatusCode.BadRequest {value: 400}.
[xUnit.net 00:00:17.36]       Stack Trace:
[xUnit.net 00:00:17.36]            at FluentAssertions.Execution.XUnit2TestFramework.Throw(String message)
[xUnit.net 00:00:17.36]            at FluentAssertions.Execution.TestFrameworkProvider.Throw(String message)
[xUnit.net 00:00:17.36]            at FluentAssertions.Execution.DefaultAssertionStrategy.HandleFailure(String message)
[xUnit.net 00:00:17.36]            at FluentAssertions.Execution.AssertionScope.FailWith(Func`1 failReasonFunc)
[xUnit.net 00:00:17.36]            at FluentAssertions.Execution.AssertionScope.FailWith(Func`1 failReasonFunc)
[xUnit.net 00:00:17.36]            at FluentAssertions.Execution.AssertionScope.FailWith(String message, Object[] args)
[xUnit.net 00:00:17.36]            at FluentAssertions.Primitives.EnumAssertions`2.Be(TEnum expected, String because, Object[] becauseArgs)
[xUnit.net 00:00:17.36]         /Users/kevinmccreary/appostolic/apps/api.tests/Api/InvitesRolesFlagsTests.cs(60,0): at Appostolic.Api.Tests.Api.InvitesRolesFlagsTests.Create_Invite_Without_Roles_Derives_From_Legacy_Role()
[xUnit.net 00:00:17.36]         --- End of stack trace from previous location ---
[xUnit.net 00:00:17.68]   Finished:    Appostolic.Api.Tests
</StdOut>
    </Output>
    <RunInfos>
      <RunInfo computerName="mac" outcome="Error" timestamp="2025-09-19T16:26:25.6249990-05:00">
        <Text>[xUnit.net 00:00:02.86]     Appostolic.Api.Tests.Api.LegacyRoleWritePathDeprecationTests.Invite_with_legacy_role_only_is_rejected [FAIL]</Text>
      </RunInfo>
      <RunInfo computerName="mac" outcome="Error" timestamp="2025-09-19T16:26:27.7561760-05:00">
        <Text>[xUnit.net 00:00:04.99]     Appostolic.Api.Tests.Api.InvitesEndpointsTests.Invites_Full_Lifecycle_Create_Resend_Accept_Revoke [FAIL]</Text>
      </RunInfo>
      <RunInfo computerName="mac" outcome="Error" timestamp="2025-09-19T16:26:36.4404900-05:00">
        <Text>[xUnit.net 00:00:13.68]     Appostolic.Api.AuthTests.LoginRolesConvergenceTests.Login_Corrects_MismatchedRolesBitmask [FAIL]</Text>
      </RunInfo>
      <RunInfo computerName="mac" outcome="Error" timestamp="2025-09-19T16:26:37.1468470-05:00">
        <Text>[xUnit.net 00:00:14.38]     Appostolic.Api.Tests.Api.MembersManagementTests.Admin_cannot_assign_owner_but_owner_can [FAIL]</Text>
      </RunInfo>
      <RunInfo computerName="mac" outcome="Error" timestamp="2025-09-19T16:26:37.1569210-05:00">
        <Text>[xUnit.net 00:00:14.39]     Appostolic.Api.Tests.Api.MembersManagementTests.Demote_owner_allowed_when_another_admin_exists [FAIL]</Text>
      </RunInfo>
      <RunInfo computerName="mac" outcome="Error" timestamp="2025-09-19T16:26:37.3278800-05:00">
        <Text>[xUnit.net 00:00:14.57]     Appostolic.Api.Tests.Api.InvitesAcceptTests.Accept_SignedIn_User_Matches_Invite_Creates_Membership [FAIL]</Text>
      </RunInfo>
      <RunInfo computerName="mac" outcome="Error" timestamp="2025-09-19T16:26:38.1720920-05:00">
        <Text>[xUnit.net 00:00:15.41]     Appostolic.Api.Tests.Schema.LegacyRoleColumnPresenceTests.Membership_entity_still_has_Legacy_Role_property_mapped [FAIL]</Text>
      </RunInfo>
      <RunInfo computerName="mac" outcome="Error" timestamp="2025-09-19T16:26:40.1106020-05:00">
        <Text>[xUnit.net 00:00:17.35]     Appostolic.Api.Tests.Api.InvitesRolesFlagsTests.Create_Invite_With_Roles_Flags_Persists_And_Lists [FAIL]</Text>
      </RunInfo>
      <RunInfo computerName="mac" outcome="Error" timestamp="2025-09-19T16:26:40.1156030-05:00">
        <Text>[xUnit.net 00:00:17.35]     Appostolic.Api.Tests.Api.InvitesRolesFlagsTests.Accept_Invite_Sets_Membership_Roles_Flags [FAIL]</Text>
      </RunInfo>
      <RunInfo computerName="mac" outcome="Error" timestamp="2025-09-19T16:26:40.1217830-05:00">
        <Text>[xUnit.net 00:00:17.36]     Appostolic.Api.Tests.Api.InvitesRolesFlagsTests.Create_Invite_Without_Roles_Derives_From_Legacy_Role [FAIL]</Text>
      </RunInfo>
    </RunInfos>
  </ResultSummary>
</TestRun>